2024-10-12 10:53:52,385 Starting experiment outputs/adaptive/vit_l_16/l2
2024-10-12 10:53:52,385 Loading the original model
2024-10-12 10:53:53,478 Gathering metrics of the original model
2024-10-12 10:55:16,034 {'acc1': 0.8428217821782178, 'acc5': 0.968440594059406, 'loss': 72.06203799694777, 'macs': 59690947560, 'params': 304326632, 'model_size': 1160.9139709472656, 'inference_time': 0}
2024-10-12 10:55:16,065 Pruning 256 in layer 23
2024-10-12 10:55:16,085 Gathering metrics
2024-10-12 10:56:37,277 {'acc1': 0.8428217821782178, 'acc5': 0.968440594059406, 'loss': 72.06203801184893, 'macs': 59587612392, 'params': 303802088, 'model_size': 1158.9129943847656, 'inference_time': 0}
2024-10-12 10:56:37,312 Pruning 512 in layer 23
2024-10-12 10:56:37,313 Gathering metrics
2024-10-12 10:57:58,930 {'acc1': 0.8428217821782178, 'acc5': 0.968440594059406, 'loss': 72.06203801184893, 'macs': 59484277224, 'params': 303277544, 'model_size': 1156.9120178222656, 'inference_time': 0}
2024-10-12 10:57:58,960 Pruning 768 in layer 23
2024-10-12 10:57:58,962 Gathering metrics
2024-10-12 10:59:20,877 {'acc1': 0.8428217821782178, 'acc5': 0.968440594059406, 'loss': 72.06203795224428, 'macs': 59380942056, 'params': 302753000, 'model_size': 1154.9110412597656, 'inference_time': 0}
2024-10-12 10:59:20,908 Pruning 1024 in layer 23
2024-10-12 10:59:20,910 Gathering metrics
2024-10-12 11:00:41,974 {'acc1': 0.8428217821782178, 'acc5': 0.968440594059406, 'loss': 72.06203784048557, 'macs': 59277606888, 'params': 302228456, 'model_size': 1152.9100646972656, 'inference_time': 0}
2024-10-12 11:00:42,003 Pruning 1280 in layer 23
2024-10-12 11:00:42,005 Gathering metrics
2024-10-12 11:02:03,228 {'acc1': 0.8428217821782178, 'acc5': 0.968440594059406, 'loss': 72.06203716248274, 'macs': 59174271720, 'params': 301703912, 'model_size': 1150.9090881347656, 'inference_time': 0}
2024-10-12 11:02:03,256 Pruning 1536 in layer 23
2024-10-12 11:02:03,257 Gathering metrics
2024-10-12 11:03:25,024 {'acc1': 0.8428217821782178, 'acc5': 0.968440594059406, 'loss': 72.06203720718622, 'macs': 59070936552, 'params': 301179368, 'model_size': 1148.9081115722656, 'inference_time': 0}
2024-10-12 11:03:25,051 Pruning 1792 in layer 23
2024-10-12 11:03:25,053 Gathering metrics
2024-10-12 11:04:45,592 {'acc1': 0.8428217821782178, 'acc5': 0.968440594059406, 'loss': 72.06203757971525, 'macs': 58967601384, 'params': 300654824, 'model_size': 1146.9071350097656, 'inference_time': 0}
2024-10-12 11:04:45,622 Pruning 2048 in layer 23
2024-10-12 11:04:45,624 Gathering metrics
2024-10-12 11:06:06,327 {'acc1': 0.8428217821782178, 'acc5': 0.968440594059406, 'loss': 72.06203701347113, 'macs': 58864266216, 'params': 300130280, 'model_size': 1144.9061584472656, 'inference_time': 0}
2024-10-12 11:06:06,355 Pruning 2304 in layer 23
2024-10-12 11:06:06,356 Gathering metrics
2024-10-12 11:07:27,271 {'acc1': 0.8428217821782178, 'acc5': 0.968440594059406, 'loss': 72.06203646212816, 'macs': 58760931048, 'params': 299605736, 'model_size': 1142.9051818847656, 'inference_time': 0}
2024-10-12 11:07:27,301 Pruning 2560 in layer 23
2024-10-12 11:07:27,303 Gathering metrics
2024-10-12 11:08:48,054 {'acc1': 0.8428217821782178, 'acc5': 0.968440594059406, 'loss': 72.06203655898571, 'macs': 58657595880, 'params': 299081192, 'model_size': 1140.9042053222656, 'inference_time': 0}
2024-10-12 11:08:48,086 Pruning 2816 in layer 23
2024-10-12 11:08:48,087 Gathering metrics
2024-10-12 11:10:08,640 {'acc1': 0.8428217821782178, 'acc5': 0.968440594059406, 'loss': 72.0620366036892, 'macs': 58554260712, 'params': 298556648, 'model_size': 1138.9032287597656, 'inference_time': 0}
2024-10-12 11:10:08,671 Pruning 3072 in layer 23
2024-10-12 11:10:08,673 Gathering metrics
2024-10-12 11:11:29,472 {'acc1': 0.8428217821782178, 'acc5': 0.968440594059406, 'loss': 72.06203635036945, 'macs': 58450925544, 'params': 298032104, 'model_size': 1136.9022521972656, 'inference_time': 0}
2024-10-12 11:11:29,500 Pruning 3328 in layer 23
2024-10-12 11:11:29,502 Gathering metrics
2024-10-12 11:12:49,697 {'acc1': 0.8428217821782178, 'acc5': 0.968440594059406, 'loss': 72.06203626096249, 'macs': 58347590376, 'params': 297507560, 'model_size': 1134.9012756347656, 'inference_time': 0}
2024-10-12 11:12:49,825 Pruning 3584 in layer 23
2024-10-12 11:12:49,826 Gathering metrics
2024-10-12 11:14:10,002 {'acc1': 0.8428217821782178, 'acc5': 0.968440594059406, 'loss': 72.06203541904688, 'macs': 58244255208, 'params': 296983016, 'model_size': 1132.9002990722656, 'inference_time': 0}
2024-10-12 11:14:10,030 Pruning 3840 in layer 23
2024-10-12 11:14:10,032 Gathering metrics
2024-10-12 11:15:30,476 {'acc1': 0.8428217821782178, 'acc5': 0.968440594059406, 'loss': 72.06203457713127, 'macs': 58140920040, 'params': 296458472, 'model_size': 1130.8993225097656, 'inference_time': 0}
2024-10-12 11:15:30,503 Pruning 256 in layer 22
2024-10-12 11:15:30,504 Gathering metrics
2024-10-12 11:16:50,562 {'acc1': 0.8428217821782178, 'acc5': 0.968440594059406, 'loss': 72.06203283369541, 'macs': 58140920040, 'params': 296458472, 'model_size': 1130.8993225097656, 'inference_time': 0}
2024-10-12 11:16:50,591 Pruning 512 in layer 22
2024-10-12 11:16:50,592 Gathering metrics
2024-10-12 11:18:10,559 {'acc1': 0.8428217821782178, 'acc5': 0.968440594059406, 'loss': 72.06198564171791, 'macs': 58037584872, 'params': 295933928, 'model_size': 1128.8983459472656, 'inference_time': 0}
2024-10-12 11:18:10,590 Pruning 768 in layer 22
2024-10-12 11:18:10,591 Gathering metrics
2024-10-12 11:19:30,634 {'acc1': 0.8428217821782178, 'acc5': 0.968440594059406, 'loss': 72.06185979396105, 'macs': 57934249704, 'params': 295409384, 'model_size': 1126.8973693847656, 'inference_time': 0}
2024-10-12 11:19:30,663 Pruning 1024 in layer 22
2024-10-12 11:19:30,665 Gathering metrics
2024-10-12 11:20:50,255 {'acc1': 0.8428217821782178, 'acc5': 0.968440594059406, 'loss': 72.06165765970945, 'macs': 57830914536, 'params': 294884840, 'model_size': 1124.8963928222656, 'inference_time': 0}
2024-10-12 11:20:50,282 Pruning 1280 in layer 22
2024-10-12 11:20:50,284 Gathering metrics
2024-10-12 11:22:09,508 {'acc1': 0.8428217821782178, 'acc5': 0.968440594059406, 'loss': 72.06138018518686, 'macs': 57727579368, 'params': 294360296, 'model_size': 1122.8954162597656, 'inference_time': 0}
2024-10-12 11:22:09,535 Pruning 1536 in layer 22
2024-10-12 11:22:09,536 Gathering metrics
2024-10-12 11:23:29,211 {'acc1': 0.8428217821782178, 'acc5': 0.968440594059406, 'loss': 72.06102778762579, 'macs': 57624244200, 'params': 293835752, 'model_size': 1120.8944396972656, 'inference_time': 0}
2024-10-12 11:23:29,240 Pruning 1792 in layer 22
2024-10-12 11:23:29,241 Gathering metrics
2024-10-12 11:24:48,608 {'acc1': 0.8428217821782178, 'acc5': 0.968440594059406, 'loss': 72.06059857457876, 'macs': 57520909032, 'params': 293311208, 'model_size': 1118.8934631347656, 'inference_time': 0}
2024-10-12 11:24:48,635 Pruning 2048 in layer 22
2024-10-12 11:24:48,636 Gathering metrics
2024-10-12 11:26:07,740 {'acc1': 0.8428217821782178, 'acc5': 0.968440594059406, 'loss': 72.06009167432785, 'macs': 57417573864, 'params': 292786664, 'model_size': 1116.8924865722656, 'inference_time': 0}
2024-10-12 11:26:07,767 Pruning 2304 in layer 22
2024-10-12 11:26:07,769 Gathering metrics
2024-10-12 11:27:27,261 {'acc1': 0.8428217821782178, 'acc5': 0.968440594059406, 'loss': 72.05952827632427, 'macs': 57314238696, 'params': 292262120, 'model_size': 1114.8915100097656, 'inference_time': 0}
2024-10-12 11:27:27,289 Pruning 2560 in layer 22
2024-10-12 11:27:27,291 Gathering metrics
2024-10-12 11:28:46,135 {'acc1': 0.8428217821782178, 'acc5': 0.968440594059406, 'loss': 72.05889822542667, 'macs': 57210903528, 'params': 291737576, 'model_size': 1112.8905334472656, 'inference_time': 0}
2024-10-12 11:28:46,163 Pruning 2816 in layer 22
2024-10-12 11:28:46,164 Gathering metrics
2024-10-12 11:30:04,953 {'acc1': 0.8428217821782178, 'acc5': 0.968440594059406, 'loss': 72.05819921940565, 'macs': 57107568360, 'params': 291213032, 'model_size': 1110.8895568847656, 'inference_time': 0}
2024-10-12 11:30:04,982 Pruning 3072 in layer 22
2024-10-12 11:30:04,984 Gathering metrics
2024-10-12 11:31:24,490 {'acc1': 0.8428217821782178, 'acc5': 0.968440594059406, 'loss': 72.05739603936672, 'macs': 57004233192, 'params': 290688488, 'model_size': 1108.8885803222656, 'inference_time': 0}
2024-10-12 11:31:24,617 Pruning 3328 in layer 22
2024-10-12 11:31:24,619 Gathering metrics
2024-10-12 11:32:43,867 {'acc1': 0.8428217821782178, 'acc5': 0.968440594059406, 'loss': 72.05641040205956, 'macs': 56900898024, 'params': 290163944, 'model_size': 1106.8876037597656, 'inference_time': 0}
2024-10-12 11:32:43,896 Pruning 3584 in layer 22
2024-10-12 11:32:43,898 Gathering metrics
2024-10-12 11:34:03,093 {'acc1': 0.8428217821782178, 'acc5': 0.968440594059406, 'loss': 72.05447020381689, 'macs': 56797562856, 'params': 289639400, 'model_size': 1104.8866271972656, 'inference_time': 0}
2024-10-12 11:34:03,125 Pruning 3840 in layer 22
2024-10-12 11:34:03,127 Gathering metrics
2024-10-12 11:35:22,377 {'acc1': 0.8428217821782178, 'acc5': 0.968440594059406, 'loss': 71.95808118581772, 'macs': 56694227688, 'params': 289114856, 'model_size': 1102.8856506347656, 'inference_time': 0}
2024-10-12 11:35:22,404 Pruning 256 in layer 21
2024-10-12 11:35:22,405 Gathering metrics
2024-10-12 11:36:41,416 {'acc1': 0.8428217821782178, 'acc5': 0.968440594059406, 'loss': 72.09160780161619, 'macs': 56694227688, 'params': 289114856, 'model_size': 1102.8856506347656, 'inference_time': 0}
2024-10-12 11:36:41,446 Pruning 512 in layer 21
2024-10-12 11:36:41,448 Gathering metrics
2024-10-12 11:37:59,947 {'acc1': 0.8428217821782178, 'acc5': 0.968440594059406, 'loss': 72.26973684877157, 'macs': 56590892520, 'params': 288590312, 'model_size': 1100.8846740722656, 'inference_time': 0}
2024-10-12 11:37:59,978 Pruning 768 in layer 21
2024-10-12 11:37:59,979 Gathering metrics
2024-10-12 11:39:18,512 {'acc1': 0.8428217821782178, 'acc5': 0.968440594059406, 'loss': 72.57878297567368, 'macs': 56487557352, 'params': 288065768, 'model_size': 1098.8836975097656, 'inference_time': 0}
2024-10-12 11:39:18,541 Pruning 1024 in layer 21
2024-10-12 11:39:18,543 Gathering metrics
2024-10-12 11:40:37,280 {'acc1': 0.8428217821782178, 'acc5': 0.968440594059406, 'loss': 72.98957885056734, 'macs': 56384222184, 'params': 287541224, 'model_size': 1096.8827209472656, 'inference_time': 0}
2024-10-12 11:40:37,310 Pruning 1280 in layer 21
2024-10-12 11:40:37,311 Gathering metrics
2024-10-12 11:41:55,391 {'acc1': 0.8428217821782178, 'acc5': 0.968440594059406, 'loss': 73.50012135505676, 'macs': 56280887016, 'params': 287016680, 'model_size': 1094.8817443847656, 'inference_time': 0}
2024-10-12 11:41:55,421 Pruning 1536 in layer 21
2024-10-12 11:41:55,423 Gathering metrics
2024-10-12 11:43:13,370 {'acc1': 0.8428217821782178, 'acc5': 0.968440594059406, 'loss': 74.11669024825096, 'macs': 56177551848, 'params': 286492136, 'model_size': 1092.8807678222656, 'inference_time': 0}
2024-10-12 11:43:13,398 Pruning 1792 in layer 21
2024-10-12 11:43:13,399 Gathering metrics
2024-10-12 11:44:31,381 {'acc1': 0.8428217821782178, 'acc5': 0.968440594059406, 'loss': 74.85280261933804, 'macs': 56074216680, 'params': 285967592, 'model_size': 1090.8797912597656, 'inference_time': 0}
2024-10-12 11:44:31,411 Pruning 2048 in layer 21
2024-10-12 11:44:31,413 Gathering metrics
2024-10-12 11:45:49,507 {'acc1': 0.8428217821782178, 'acc5': 0.968440594059406, 'loss': 75.7212198227644, 'macs': 55970881512, 'params': 285443048, 'model_size': 1088.8788146972656, 'inference_time': 0}
2024-10-12 11:45:49,539 Pruning 2304 in layer 21
2024-10-12 11:45:49,540 Gathering metrics
2024-10-12 11:47:07,398 {'acc1': 0.8428217821782178, 'acc5': 0.968440594059406, 'loss': 76.73963090777397, 'macs': 55867546344, 'params': 284918504, 'model_size': 1086.8778381347656, 'inference_time': 0}
2024-10-12 11:47:07,428 Pruning 2560 in layer 21
2024-10-12 11:47:07,429 Gathering metrics
2024-10-12 11:48:25,131 {'acc1': 0.8428217821782178, 'acc5': 0.968440594059406, 'loss': 77.92837266623974, 'macs': 55764211176, 'params': 284393960, 'model_size': 1084.8768615722656, 'inference_time': 0}
2024-10-12 11:48:25,159 Pruning 2816 in layer 21
2024-10-12 11:48:25,161 Gathering metrics
2024-10-12 11:49:42,774 {'acc1': 0.8428217821782178, 'acc5': 0.968440594059406, 'loss': 79.31403383612633, 'macs': 55660876008, 'params': 283869416, 'model_size': 1082.8758850097656, 'inference_time': 0}
2024-10-12 11:49:42,908 Pruning 3072 in layer 21
2024-10-12 11:49:42,909 Gathering metrics
2024-10-12 11:51:00,447 {'acc1': 0.8425123762376238, 'acc5': 0.9681311881188119, 'loss': 80.92815537750721, 'macs': 55557540840, 'params': 283344872, 'model_size': 1080.8749084472656, 'inference_time': 0}
2024-10-12 11:51:00,476 Pruning 3328 in layer 21
2024-10-12 11:51:00,478 Gathering metrics
2024-10-12 11:52:17,660 {'acc1': 0.8422029702970297, 'acc5': 0.9681311881188119, 'loss': 82.8169419169426, 'macs': 55454205672, 'params': 282820328, 'model_size': 1078.8739318847656, 'inference_time': 0}
2024-10-12 11:52:17,691 Pruning 3584 in layer 21
2024-10-12 11:52:17,692 Gathering metrics
2024-10-12 11:53:34,902 {'acc1': 0.8425123762376238, 'acc5': 0.9681311881188119, 'loss': 87.23500591516495, 'macs': 55350870504, 'params': 282295784, 'model_size': 1076.8729553222656, 'inference_time': 0}
2024-10-12 11:53:34,931 Pruning 3840 in layer 21
2024-10-12 11:53:34,933 Gathering metrics
2024-10-12 11:54:52,466 {'acc1': 0.8425123762376238, 'acc5': 0.9681311881188119, 'loss': 96.77798229455948, 'macs': 55247535336, 'params': 281771240, 'model_size': 1074.8719787597656, 'inference_time': 0}
2024-10-12 11:54:52,497 Pruning 256 in layer 20
2024-10-12 11:54:52,499 Gathering metrics
2024-10-12 11:56:09,687 {'acc1': 0.8425123762376238, 'acc5': 0.9681311881188119, 'loss': 87.23503440618515, 'macs': 55247535336, 'params': 281771240, 'model_size': 1074.8719787597656, 'inference_time': 0}
2024-10-12 11:56:09,718 Pruning 512 in layer 20
2024-10-12 11:56:09,720 Gathering metrics
2024-10-12 11:57:26,650 {'acc1': 0.8425123762376238, 'acc5': 0.9681311881188119, 'loss': 87.23521742224693, 'macs': 55144200168, 'params': 281246696, 'model_size': 1072.8710021972656, 'inference_time': 0}
2024-10-12 11:57:26,677 Pruning 768 in layer 20
2024-10-12 11:57:26,679 Gathering metrics
2024-10-12 11:58:43,965 {'acc1': 0.8425123762376238, 'acc5': 0.9681311881188119, 'loss': 87.23568469285965, 'macs': 55040865000, 'params': 280722152, 'model_size': 1070.8700256347656, 'inference_time': 0}
2024-10-12 11:58:43,995 Pruning 1024 in layer 20
2024-10-12 11:58:43,996 Gathering metrics
2024-10-12 12:00:00,965 {'acc1': 0.8425123762376238, 'acc5': 0.9681311881188119, 'loss': 87.23645693063736, 'macs': 54937529832, 'params': 280197608, 'model_size': 1068.8690490722656, 'inference_time': 0}
2024-10-12 12:00:00,995 Pruning 1280 in layer 20
2024-10-12 12:00:00,997 Gathering metrics
2024-10-12 12:01:17,936 {'acc1': 0.8425123762376238, 'acc5': 0.9681311881188119, 'loss': 87.23755702376366, 'macs': 54834194664, 'params': 279673064, 'model_size': 1066.8680725097656, 'inference_time': 0}
2024-10-12 12:01:17,965 Pruning 1536 in layer 20
2024-10-12 12:01:17,967 Gathering metrics
2024-10-12 12:02:34,468 {'acc1': 0.8425123762376238, 'acc5': 0.9681311881188119, 'loss': 87.23899286985397, 'macs': 54730859496, 'params': 279148520, 'model_size': 1064.8670959472656, 'inference_time': 0}
2024-10-12 12:02:34,495 Pruning 1792 in layer 20
2024-10-12 12:02:34,497 Gathering metrics
2024-10-12 12:03:51,232 {'acc1': 0.8425123762376238, 'acc5': 0.9681311881188119, 'loss': 87.24078238010406, 'macs': 54627524328, 'params': 278623976, 'model_size': 1062.8661193847656, 'inference_time': 0}
2024-10-12 12:03:51,262 Pruning 2048 in layer 20
2024-10-12 12:03:51,264 Gathering metrics
2024-10-12 12:05:08,105 {'acc1': 0.8425123762376238, 'acc5': 0.9681311881188119, 'loss': 87.2429818212986, 'macs': 54524189160, 'params': 278099432, 'model_size': 1060.8651428222656, 'inference_time': 0}
2024-10-12 12:05:08,136 Pruning 2304 in layer 20
2024-10-12 12:05:08,137 Gathering metrics
2024-10-12 12:06:24,492 {'acc1': 0.8425123762376238, 'acc5': 0.9681311881188119, 'loss': 87.2458744943142, 'macs': 54420853992, 'params': 277574888, 'model_size': 1058.8641662597656, 'inference_time': 0}
2024-10-12 12:06:24,621 Pruning 2560 in layer 20
2024-10-12 12:06:24,622 Gathering metrics
2024-10-12 12:07:40,612 {'acc1': 0.8425123762376238, 'acc5': 0.9681311881188119, 'loss': 87.24999511241913, 'macs': 54317518824, 'params': 277050344, 'model_size': 1056.8631896972656, 'inference_time': 0}
2024-10-12 12:07:40,639 Pruning 2816 in layer 20
2024-10-12 12:07:40,641 Gathering metrics
2024-10-12 12:08:57,274 {'acc1': 0.8425123762376238, 'acc5': 0.9681311881188119, 'loss': 87.257677257061, 'macs': 54214183656, 'params': 276525800, 'model_size': 1054.8622131347656, 'inference_time': 0}
2024-10-12 12:08:57,303 Pruning 3072 in layer 20
2024-10-12 12:08:57,305 Gathering metrics
2024-10-12 12:10:13,205 {'acc1': 0.8422029702970297, 'acc5': 0.9681311881188119, 'loss': 87.2869408428669, 'macs': 54110848488, 'params': 276001256, 'model_size': 1052.8612365722656, 'inference_time': 0}
2024-10-12 12:10:13,235 Pruning 3328 in layer 20
2024-10-12 12:10:13,237 Gathering metrics
2024-10-12 12:11:28,911 {'acc1': 0.8422029702970297, 'acc5': 0.9681311881188119, 'loss': 87.61380976438522, 'macs': 54007513320, 'params': 275476712, 'model_size': 1050.8602600097656, 'inference_time': 0}
2024-10-12 12:11:28,941 Pruning 3584 in layer 20
2024-10-12 12:11:28,943 Gathering metrics
2024-10-12 12:12:44,874 {'acc1': 0.8425123762376238, 'acc5': 0.9681311881188119, 'loss': 92.66780433058739, 'macs': 53904178152, 'params': 274952168, 'model_size': 1048.8592834472656, 'inference_time': 0}
2024-10-12 12:12:44,905 Pruning 3840 in layer 20
2024-10-12 12:12:44,907 Gathering metrics
2024-10-12 12:14:00,996 {'acc1': 0.8418935643564357, 'acc5': 0.9681311881188119, 'loss': 101.67857307195663, 'macs': 53800842984, 'params': 274427624, 'model_size': 1046.8583068847656, 'inference_time': 0}
2024-10-12 12:14:01,027 Pruning 256 in layer 19
2024-10-12 12:14:01,029 Gathering metrics
2024-10-12 12:15:16,850 {'acc1': 0.8425123762376238, 'acc5': 0.9681311881188119, 'loss': 92.66834595799446, 'macs': 53800842984, 'params': 274427624, 'model_size': 1046.8583068847656, 'inference_time': 0}
2024-10-12 12:15:16,878 Pruning 512 in layer 19
2024-10-12 12:15:16,879 Gathering metrics
2024-10-12 12:16:32,624 {'acc1': 0.8425123762376238, 'acc5': 0.9681311881188119, 'loss': 92.67120945453644, 'macs': 53697507816, 'params': 273903080, 'model_size': 1044.8573303222656, 'inference_time': 0}
2024-10-12 12:16:32,655 Pruning 768 in layer 19
2024-10-12 12:16:32,656 Gathering metrics
2024-10-12 12:17:48,196 {'acc1': 0.8425123762376238, 'acc5': 0.9681311881188119, 'loss': 92.67696031928062, 'macs': 53594172648, 'params': 273378536, 'model_size': 1042.8563537597656, 'inference_time': 0}
2024-10-12 12:17:48,227 Pruning 1024 in layer 19
2024-10-12 12:17:48,229 Gathering metrics
2024-10-12 12:19:03,757 {'acc1': 0.8425123762376238, 'acc5': 0.9681311881188119, 'loss': 92.68536600470543, 'macs': 53490837480, 'params': 272853992, 'model_size': 1040.8553771972656, 'inference_time': 0}
2024-10-12 12:19:03,786 Pruning 1280 in layer 19
2024-10-12 12:19:03,787 Gathering metrics
2024-10-12 12:20:18,992 {'acc1': 0.8425123762376238, 'acc5': 0.9681311881188119, 'loss': 92.69687727093697, 'macs': 53387502312, 'params': 272329448, 'model_size': 1038.8544006347656, 'inference_time': 0}
2024-10-12 12:20:19,023 Pruning 1536 in layer 19
2024-10-12 12:20:19,024 Gathering metrics
2024-10-12 12:21:34,223 {'acc1': 0.8425123762376238, 'acc5': 0.9681311881188119, 'loss': 92.7145074903965, 'macs': 53284167144, 'params': 271804904, 'model_size': 1036.8534240722656, 'inference_time': 0}
2024-10-12 12:21:34,251 Pruning 1792 in layer 19
2024-10-12 12:21:34,253 Gathering metrics
2024-10-12 12:22:49,443 {'acc1': 0.8425123762376238, 'acc5': 0.9681311881188119, 'loss': 92.7684054672718, 'macs': 53180831976, 'params': 271280360, 'model_size': 1034.8524475097656, 'inference_time': 0}
2024-10-12 12:22:49,473 Pruning 2048 in layer 19
2024-10-12 12:22:49,475 Gathering metrics
2024-10-12 12:24:05,021 {'acc1': 0.8425123762376238, 'acc5': 0.9681311881188119, 'loss': 93.73470109701157, 'macs': 53077496808, 'params': 270755816, 'model_size': 1032.8514709472656, 'inference_time': 0}
2024-10-12 12:24:05,157 Pruning 2304 in layer 19
2024-10-12 12:24:05,158 Gathering metrics
2024-10-12 12:25:20,258 {'acc1': 0.8428217821782178, 'acc5': 0.9675123762376238, 'loss': 94.89966908097267, 'macs': 52974161640, 'params': 270231272, 'model_size': 1030.8504943847656, 'inference_time': 0}
2024-10-12 12:25:20,288 Pruning 2560 in layer 19
2024-10-12 12:25:20,290 Gathering metrics
2024-10-12 12:26:35,213 {'acc1': 0.8428217821782178, 'acc5': 0.9675123762376238, 'loss': 96.86388155817986, 'macs': 52870826472, 'params': 269706728, 'model_size': 1028.8495178222656, 'inference_time': 0}
2024-10-12 12:26:35,243 Pruning 2816 in layer 19
2024-10-12 12:26:35,244 Gathering metrics
2024-10-12 12:27:50,251 {'acc1': 0.8428217821782178, 'acc5': 0.9675123762376238, 'loss': 97.0977073609829, 'macs': 52767491304, 'params': 269182184, 'model_size': 1026.8485412597656, 'inference_time': 0}
2024-10-12 12:27:50,280 Pruning 3072 in layer 19
2024-10-12 12:27:50,282 Gathering metrics
2024-10-12 12:29:05,496 {'acc1': 0.8425123762376238, 'acc5': 0.9675123762376238, 'loss': 99.89273098111153, 'macs': 52664156136, 'params': 268657640, 'model_size': 1024.8475646972656, 'inference_time': 0}
2024-10-12 12:29:05,528 Pruning 3328 in layer 19
2024-10-12 12:29:05,529 Gathering metrics
2024-10-12 12:30:20,624 {'acc1': 0.8418935643564357, 'acc5': 0.9675123762376238, 'loss': 101.21183723211288, 'macs': 52560820968, 'params': 268133096, 'model_size': 1022.8465881347656, 'inference_time': 0}
2024-10-12 12:30:20,653 Pruning 3584 in layer 19
2024-10-12 12:30:20,655 Gathering metrics
2024-10-12 12:31:35,230 {'acc1': 0.8418935643564357, 'acc5': 0.9675123762376238, 'loss': 97.73961585760117, 'macs': 52457485800, 'params': 267608552, 'model_size': 1020.8456115722656, 'inference_time': 0}
2024-10-12 12:31:35,260 Pruning 3840 in layer 19
2024-10-12 12:31:35,262 Gathering metrics
2024-10-12 12:32:49,823 {'acc1': 0.8422029702970297, 'acc5': 0.9675123762376238, 'loss': 97.29225221276283, 'macs': 52354150632, 'params': 267084008, 'model_size': 1018.8446350097656, 'inference_time': 0}
2024-10-12 12:32:49,854 Pruning 256 in layer 18
2024-10-12 12:32:49,856 Gathering metrics
2024-10-12 12:34:04,201 {'acc1': 0.8418935643564357, 'acc5': 0.9678217821782178, 'loss': 104.1150215268135, 'macs': 52354150632, 'params': 267084008, 'model_size': 1018.8446350097656, 'inference_time': 0}
2024-10-12 12:34:04,231 Pruning 512 in layer 18
2024-10-12 12:34:04,233 Gathering metrics
2024-10-12 12:35:19,101 {'acc1': 0.8418935643564357, 'acc5': 0.9675123762376238, 'loss': 110.22955259680748, 'macs': 52250815464, 'params': 266559464, 'model_size': 1016.8436584472656, 'inference_time': 0}
2024-10-12 12:35:19,130 Pruning 768 in layer 18
2024-10-12 12:35:19,131 Gathering metrics
2024-10-12 12:36:33,103 {'acc1': 0.8422029702970297, 'acc5': 0.9672029702970297, 'loss': 115.28615707159042, 'macs': 52147480296, 'params': 266034920, 'model_size': 1014.8426818847656, 'inference_time': 0}
2024-10-12 12:36:33,133 Pruning 1024 in layer 18
2024-10-12 12:36:33,135 Gathering metrics
2024-10-12 12:37:47,340 {'acc1': 0.8418935643564357, 'acc5': 0.9668935643564357, 'loss': 122.10571920871735, 'macs': 52044145128, 'params': 265510376, 'model_size': 1012.8417053222656, 'inference_time': 0}
2024-10-12 12:37:47,371 Pruning 1280 in layer 18
2024-10-12 12:37:47,373 Gathering metrics
2024-10-12 12:39:01,645 {'acc1': 0.8415841584158416, 'acc5': 0.9662747524752475, 'loss': 126.67095333337784, 'macs': 51940809960, 'params': 264985832, 'model_size': 1010.8407287597656, 'inference_time': 0}
2024-10-12 12:39:01,672 Pruning 1536 in layer 18
2024-10-12 12:39:01,673 Gathering metrics
2024-10-12 12:40:16,022 {'acc1': 0.8412747524752475, 'acc5': 0.9662747524752475, 'loss': 127.96454006433487, 'macs': 51837474792, 'params': 264461288, 'model_size': 1008.8397521972656, 'inference_time': 0}
2024-10-12 12:40:16,053 Pruning 1792 in layer 18
2024-10-12 12:40:16,055 Gathering metrics
2024-10-12 12:41:29,966 {'acc1': 0.8422029702970297, 'acc5': 0.9659653465346535, 'loss': 128.00609707832336, 'macs': 51734139624, 'params': 263936744, 'model_size': 1006.8387756347656, 'inference_time': 0}
2024-10-12 12:41:30,100 Pruning 2048 in layer 18
2024-10-12 12:41:30,102 Gathering metrics
2024-10-12 12:42:44,107 {'acc1': 0.8415841584158416, 'acc5': 0.9659653465346535, 'loss': 126.72148180007935, 'macs': 51630804456, 'params': 263412200, 'model_size': 1004.8377990722656, 'inference_time': 0}
2024-10-12 12:42:44,138 Pruning 2304 in layer 18
2024-10-12 12:42:44,139 Gathering metrics
2024-10-12 12:43:58,249 {'acc1': 0.8418935643564357, 'acc5': 0.9656559405940595, 'loss': 120.29594641923904, 'macs': 51527469288, 'params': 262887656, 'model_size': 1002.8368225097656, 'inference_time': 0}
2024-10-12 12:43:58,281 Pruning 2560 in layer 18
2024-10-12 12:43:58,283 Gathering metrics
2024-10-12 12:45:12,476 {'acc1': 0.8428217821782178, 'acc5': 0.9662747524752475, 'loss': 113.08760207891464, 'macs': 51424134120, 'params': 262363112, 'model_size': 1000.8358459472656, 'inference_time': 0}
2024-10-12 12:45:12,506 Pruning 2816 in layer 18
2024-10-12 12:45:12,508 Gathering metrics
2024-10-12 12:46:26,069 {'acc1': 0.8431311881188119, 'acc5': 0.9662747524752475, 'loss': 106.08747470378876, 'macs': 51320798952, 'params': 261838568, 'model_size': 998.8348693847656, 'inference_time': 0}
2024-10-12 12:46:26,100 Pruning 3072 in layer 18
2024-10-12 12:46:26,102 Gathering metrics
2024-10-12 12:47:39,621 {'acc1': 0.8428217821782178, 'acc5': 0.9662747524752475, 'loss': 97.24752597510815, 'macs': 51217463784, 'params': 261314024, 'model_size': 996.8338928222656, 'inference_time': 0}
2024-10-12 12:47:39,650 Pruning 3328 in layer 18
2024-10-12 12:47:39,651 Gathering metrics
2024-10-12 12:48:52,872 {'acc1': 0.843440594059406, 'acc5': 0.9675123762376238, 'loss': 86.0165276825428, 'macs': 51114128616, 'params': 260789480, 'model_size': 994.8329162597656, 'inference_time': 0}
2024-10-12 12:48:52,904 Pruning 3584 in layer 18
2024-10-12 12:48:52,906 Gathering metrics
2024-10-12 12:50:06,221 {'acc1': 0.8431311881188119, 'acc5': 0.9681311881188119, 'loss': 77.85899234563112, 'macs': 51010793448, 'params': 260264936, 'model_size': 992.8319396972656, 'inference_time': 0}
2024-10-12 12:50:06,252 Pruning 3840 in layer 18
2024-10-12 12:50:06,254 Gathering metrics
2024-10-12 12:51:19,744 {'acc1': 0.8431311881188119, 'acc5': 0.9681311881188119, 'loss': 72.88529906049371, 'macs': 50907458280, 'params': 259740392, 'model_size': 990.8309631347656, 'inference_time': 0}
2024-10-12 12:51:19,776 Pruning 256 in layer 17
2024-10-12 12:51:19,777 Gathering metrics
2024-10-12 12:52:32,768 {'acc1': 0.843440594059406, 'acc5': 0.9678217821782178, 'loss': 80.66408458352089, 'macs': 50907458280, 'params': 259740392, 'model_size': 990.8309631347656, 'inference_time': 0}
2024-10-12 12:52:32,797 Pruning 512 in layer 17
2024-10-12 12:52:32,798 Gathering metrics
2024-10-12 12:53:45,470 {'acc1': 0.844059405940594, 'acc5': 0.9678217821782178, 'loss': 85.01618248224258, 'macs': 50804123112, 'params': 259215848, 'model_size': 988.8299865722656, 'inference_time': 0}
2024-10-12 12:53:45,499 Pruning 768 in layer 17
2024-10-12 12:53:45,501 Gathering metrics
2024-10-12 12:54:58,303 {'acc1': 0.84375, 'acc5': 0.9672029702970297, 'loss': 86.9401970654726, 'macs': 50700787944, 'params': 258691304, 'model_size': 986.8290100097656, 'inference_time': 0}
2024-10-12 12:54:58,331 Pruning 1024 in layer 17
2024-10-12 12:54:58,333 Gathering metrics
2024-10-12 12:56:11,016 {'acc1': 0.8418935643564357, 'acc5': 0.9675123762376238, 'loss': 87.47102715075016, 'macs': 50597452776, 'params': 258166760, 'model_size': 984.8280334472656, 'inference_time': 0}
2024-10-12 12:56:11,045 Pruning 1280 in layer 17
2024-10-12 12:56:11,047 Gathering metrics
2024-10-12 12:57:23,776 {'acc1': 0.8425123762376238, 'acc5': 0.9675123762376238, 'loss': 87.14164492487907, 'macs': 50494117608, 'params': 257642216, 'model_size': 982.8270568847656, 'inference_time': 0}
2024-10-12 12:57:23,807 Pruning 1536 in layer 17
2024-10-12 12:57:23,808 Gathering metrics
2024-10-12 12:58:36,109 {'acc1': 0.8425123762376238, 'acc5': 0.9668935643564357, 'loss': 86.85193698108196, 'macs': 50390782440, 'params': 257117672, 'model_size': 980.8260803222656, 'inference_time': 0}
2024-10-12 12:58:36,244 Pruning 1792 in layer 17
2024-10-12 12:58:36,245 Gathering metrics
2024-10-12 12:59:48,859 {'acc1': 0.8431311881188119, 'acc5': 0.9672029702970297, 'loss': 86.00704891979694, 'macs': 50287447272, 'params': 256593128, 'model_size': 978.8251037597656, 'inference_time': 0}
2024-10-12 12:59:48,891 Pruning 2048 in layer 17
2024-10-12 12:59:48,893 Gathering metrics
2024-10-12 13:01:01,104 {'acc1': 0.8431311881188119, 'acc5': 0.9668935643564357, 'loss': 86.18369168043137, 'macs': 50184112104, 'params': 256068584, 'model_size': 976.8241271972656, 'inference_time': 0}
2024-10-12 13:01:01,136 Pruning 2304 in layer 17
2024-10-12 13:01:01,137 Gathering metrics
2024-10-12 13:02:13,429 {'acc1': 0.8428217821782178, 'acc5': 0.9678217821782178, 'loss': 85.40469360351562, 'macs': 50080776936, 'params': 255544040, 'model_size': 974.8231506347656, 'inference_time': 0}
2024-10-12 13:02:13,460 Pruning 2560 in layer 17
2024-10-12 13:02:13,461 Gathering metrics
2024-10-12 13:03:26,005 {'acc1': 0.84375, 'acc5': 0.9672029702970297, 'loss': 86.58822007477283, 'macs': 49977441768, 'params': 255019496, 'model_size': 972.8221740722656, 'inference_time': 0}
2024-10-12 13:03:26,035 Pruning 2816 in layer 17
2024-10-12 13:03:26,037 Gathering metrics
2024-10-12 13:04:38,220 {'acc1': 0.8428217821782178, 'acc5': 0.9668935643564357, 'loss': 87.18984624743462, 'macs': 49874106600, 'params': 254494952, 'model_size': 970.8211975097656, 'inference_time': 0}
2024-10-12 13:04:38,250 Pruning 3072 in layer 17
2024-10-12 13:04:38,251 Gathering metrics
2024-10-12 13:05:50,194 {'acc1': 0.8428217821782178, 'acc5': 0.9678217821782178, 'loss': 87.87585589289665, 'macs': 49770771432, 'params': 253970408, 'model_size': 968.8202209472656, 'inference_time': 0}
2024-10-12 13:05:50,225 Pruning 3328 in layer 17
2024-10-12 13:05:50,227 Gathering metrics
2024-10-12 13:07:02,210 {'acc1': 0.8425123762376238, 'acc5': 0.9681311881188119, 'loss': 90.65388335287571, 'macs': 49667436264, 'params': 253445864, 'model_size': 966.8192443847656, 'inference_time': 0}
2024-10-12 13:07:02,239 Pruning 3584 in layer 17
2024-10-12 13:07:02,241 Gathering metrics
2024-10-12 13:08:14,299 {'acc1': 0.8418935643564357, 'acc5': 0.9681311881188119, 'loss': 91.44395713508129, 'macs': 49564101096, 'params': 252921320, 'model_size': 964.8182678222656, 'inference_time': 0}
2024-10-12 13:08:14,329 Pruning 3840 in layer 17
2024-10-12 13:08:14,330 Gathering metrics
2024-10-12 13:09:26,289 {'acc1': 0.8422029702970297, 'acc5': 0.9678217821782178, 'loss': 96.06465400755405, 'macs': 49460765928, 'params': 252396776, 'model_size': 962.8172912597656, 'inference_time': 0}
2024-10-12 13:09:26,321 Pruning 256 in layer 16
2024-10-12 13:09:26,322 Gathering metrics
2024-10-12 13:10:38,021 {'acc1': 0.8431311881188119, 'acc5': 0.968440594059406, 'loss': 91.74445888400078, 'macs': 49460765928, 'params': 252396776, 'model_size': 962.8172912597656, 'inference_time': 0}
2024-10-12 13:10:38,052 Pruning 512 in layer 16
2024-10-12 13:10:38,053 Gathering metrics
2024-10-12 13:11:49,510 {'acc1': 0.8428217821782178, 'acc5': 0.9675123762376238, 'loss': 88.48916707932949, 'macs': 49357430760, 'params': 251872232, 'model_size': 960.8163146972656, 'inference_time': 0}
2024-10-12 13:11:49,541 Pruning 768 in layer 16
2024-10-12 13:11:49,542 Gathering metrics
2024-10-12 13:13:00,754 {'acc1': 0.8418935643564357, 'acc5': 0.9681311881188119, 'loss': 86.98182363808155, 'macs': 49254095592, 'params': 251347688, 'model_size': 958.8153381347656, 'inference_time': 0}
2024-10-12 13:13:00,783 Pruning 1024 in layer 16
2024-10-12 13:13:00,785 Gathering metrics
2024-10-12 13:14:12,443 {'acc1': 0.8431311881188119, 'acc5': 0.9678217821782178, 'loss': 85.51770502328873, 'macs': 49150760424, 'params': 250823144, 'model_size': 956.8143615722656, 'inference_time': 0}
2024-10-12 13:14:12,472 Pruning 1280 in layer 16
2024-10-12 13:14:12,473 Gathering metrics
2024-10-12 13:15:24,101 {'acc1': 0.843440594059406, 'acc5': 0.968440594059406, 'loss': 84.11847810447216, 'macs': 49047425256, 'params': 250298600, 'model_size': 954.8133850097656, 'inference_time': 0}
2024-10-12 13:15:24,234 Pruning 1536 in layer 16
2024-10-12 13:15:24,236 Gathering metrics
2024-10-12 13:16:35,492 {'acc1': 0.843440594059406, 'acc5': 0.969059405940594, 'loss': 83.07869519293308, 'macs': 48944090088, 'params': 249774056, 'model_size': 952.8124084472656, 'inference_time': 0}
2024-10-12 13:16:35,522 Pruning 1792 in layer 16
2024-10-12 13:16:35,524 Gathering metrics
2024-10-12 13:17:46,414 {'acc1': 0.8428217821782178, 'acc5': 0.96875, 'loss': 81.06599079072475, 'macs': 48840754920, 'params': 249249512, 'model_size': 950.8114318847656, 'inference_time': 0}
2024-10-12 13:17:46,445 Pruning 2048 in layer 16
2024-10-12 13:17:46,447 Gathering metrics
2024-10-12 13:18:57,422 {'acc1': 0.8418935643564357, 'acc5': 0.969059405940594, 'loss': 80.02140739560127, 'macs': 48737419752, 'params': 248724968, 'model_size': 948.8104553222656, 'inference_time': 0}
2024-10-12 13:18:57,451 Pruning 2304 in layer 16
2024-10-12 13:18:57,453 Gathering metrics
2024-10-12 13:20:08,216 {'acc1': 0.8425123762376238, 'acc5': 0.968440594059406, 'loss': 79.3073478192091, 'macs': 48634084584, 'params': 248200424, 'model_size': 946.8094787597656, 'inference_time': 0}
2024-10-12 13:20:08,247 Pruning 2560 in layer 16
2024-10-12 13:20:08,249 Gathering metrics
2024-10-12 13:21:19,229 {'acc1': 0.8418935643564357, 'acc5': 0.96875, 'loss': 78.9318426400423, 'macs': 48530749416, 'params': 247675880, 'model_size': 944.8085021972656, 'inference_time': 0}
2024-10-12 13:21:19,259 Pruning 2816 in layer 16
2024-10-12 13:21:19,261 Gathering metrics
2024-10-12 13:22:29,775 {'acc1': 0.8400371287128713, 'acc5': 0.969059405940594, 'loss': 78.84697788953781, 'macs': 48427414248, 'params': 247151336, 'model_size': 942.8075256347656, 'inference_time': 0}
2024-10-12 13:22:29,806 Pruning 3072 in layer 16
2024-10-12 13:22:29,808 Gathering metrics
2024-10-12 13:23:40,341 {'acc1': 0.8397277227722773, 'acc5': 0.9693688118811881, 'loss': 78.16830436885357, 'macs': 48324079080, 'params': 246626792, 'model_size': 940.8065490722656, 'inference_time': 0}
2024-10-12 13:23:40,372 Pruning 3328 in layer 16
2024-10-12 13:23:40,374 Gathering metrics
2024-10-12 13:24:50,843 {'acc1': 0.8394183168316832, 'acc5': 0.96875, 'loss': 77.78601850569248, 'macs': 48220743912, 'params': 246102248, 'model_size': 938.8055725097656, 'inference_time': 0}
2024-10-12 13:24:50,875 Pruning 3584 in layer 16
2024-10-12 13:24:50,876 Gathering metrics
2024-10-12 13:26:01,338 {'acc1': 0.8418935643564357, 'acc5': 0.96875, 'loss': 77.14057545363903, 'macs': 48117408744, 'params': 245577704, 'model_size': 936.8045959472656, 'inference_time': 0}
2024-10-12 13:26:01,369 Pruning 3840 in layer 16
2024-10-12 13:26:01,370 Gathering metrics
2024-10-12 13:27:11,808 {'acc1': 0.8422029702970297, 'acc5': 0.969059405940594, 'loss': 76.95678889751434, 'macs': 48014073576, 'params': 245053160, 'model_size': 934.8036193847656, 'inference_time': 0}
2024-10-12 13:27:11,839 Pruning 256 in layer 15
2024-10-12 13:27:11,841 Gathering metrics
2024-10-12 13:28:22,442 {'acc1': 0.8415841584158416, 'acc5': 0.96875, 'loss': 77.75623123347759, 'macs': 48014073576, 'params': 245053160, 'model_size': 934.8036193847656, 'inference_time': 0}
2024-10-12 13:28:22,470 Pruning 512 in layer 15
2024-10-12 13:28:22,472 Gathering metrics
2024-10-12 13:29:32,883 {'acc1': 0.8409653465346535, 'acc5': 0.969059405940594, 'loss': 77.31610515713692, 'macs': 47910738408, 'params': 244528616, 'model_size': 932.8026428222656, 'inference_time': 0}
2024-10-12 13:29:32,914 Pruning 768 in layer 15
2024-10-12 13:29:32,915 Gathering metrics
2024-10-12 13:30:42,988 {'acc1': 0.8415841584158416, 'acc5': 0.968440594059406, 'loss': 77.09585644304752, 'macs': 47807403240, 'params': 244004072, 'model_size': 930.8016662597656, 'inference_time': 0}
2024-10-12 13:30:43,018 Pruning 1024 in layer 15
2024-10-12 13:30:43,020 Gathering metrics
2024-10-12 13:31:53,088 {'acc1': 0.8412747524752475, 'acc5': 0.969059405940594, 'loss': 76.26355764269829, 'macs': 47704068072, 'params': 243479528, 'model_size': 928.8006896972656, 'inference_time': 0}
2024-10-12 13:31:53,223 Pruning 1280 in layer 15
2024-10-12 13:31:53,225 Gathering metrics
2024-10-12 13:33:03,071 {'acc1': 0.8422029702970297, 'acc5': 0.968440594059406, 'loss': 75.76845873892307, 'macs': 47600732904, 'params': 242954984, 'model_size': 926.7997131347656, 'inference_time': 0}
2024-10-12 13:33:03,102 Pruning 1536 in layer 15
2024-10-12 13:33:03,103 Gathering metrics
2024-10-12 13:34:12,923 {'acc1': 0.8415841584158416, 'acc5': 0.9681311881188119, 'loss': 75.1553816050291, 'macs': 47497397736, 'params': 242430440, 'model_size': 924.7987365722656, 'inference_time': 0}
2024-10-12 13:34:12,952 Pruning 1792 in layer 15
2024-10-12 13:34:12,953 Gathering metrics
2024-10-12 13:35:23,075 {'acc1': 0.8400371287128713, 'acc5': 0.9693688118811881, 'loss': 74.75705435872078, 'macs': 47394062568, 'params': 241905896, 'model_size': 922.7977600097656, 'inference_time': 0}
2024-10-12 13:35:23,105 Pruning 2048 in layer 15
2024-10-12 13:35:23,107 Gathering metrics
2024-10-12 13:36:34,239 {'acc1': 0.8391089108910891, 'acc5': 0.9678217821782178, 'loss': 74.63574968278408, 'macs': 47290727400, 'params': 241381352, 'model_size': 920.7967834472656, 'inference_time': 0}
2024-10-12 13:36:34,268 Pruning 2304 in layer 15
2024-10-12 13:36:34,270 Gathering metrics
2024-10-12 13:37:43,417 {'acc1': 0.8372524752475248, 'acc5': 0.9681311881188119, 'loss': 73.85900811851025, 'macs': 47187392232, 'params': 240856808, 'model_size': 918.7958068847656, 'inference_time': 0}
2024-10-12 13:37:43,447 Pruning 256 in layer 14
2024-10-12 13:37:43,448 Gathering metrics
2024-10-12 13:38:52,776 {'acc1': 0.8403465346534653, 'acc5': 0.9678217821782178, 'loss': 74.26758867502213, 'macs': 47187392232, 'params': 240856808, 'model_size': 918.7958068847656, 'inference_time': 0}
2024-10-12 13:38:52,808 Pruning 512 in layer 14
2024-10-12 13:38:52,809 Gathering metrics
2024-10-12 13:40:01,945 {'acc1': 0.8406559405940595, 'acc5': 0.96875, 'loss': 74.10619972646236, 'macs': 47084057064, 'params': 240332264, 'model_size': 916.7948303222656, 'inference_time': 0}
2024-10-12 13:40:01,975 Pruning 768 in layer 14
2024-10-12 13:40:01,976 Gathering metrics
2024-10-12 13:41:10,937 {'acc1': 0.8412747524752475, 'acc5': 0.968440594059406, 'loss': 74.01437126100063, 'macs': 46980721896, 'params': 239807720, 'model_size': 914.7938537597656, 'inference_time': 0}
2024-10-12 13:41:10,967 Pruning 1024 in layer 14
2024-10-12 13:41:10,968 Gathering metrics
2024-10-12 13:42:19,852 {'acc1': 0.8391089108910891, 'acc5': 0.96875, 'loss': 73.97545517981052, 'macs': 46877386728, 'params': 239283176, 'model_size': 912.7928771972656, 'inference_time': 0}
2024-10-12 13:42:19,883 Pruning 1280 in layer 14
2024-10-12 13:42:19,885 Gathering metrics
2024-10-12 13:43:30,962 {'acc1': 0.8394183168316832, 'acc5': 0.969059405940594, 'loss': 73.93752291053534, 'macs': 46774051560, 'params': 238758632, 'model_size': 910.7919006347656, 'inference_time': 0}
2024-10-12 13:43:30,992 Pruning 1536 in layer 14
2024-10-12 13:43:30,994 Gathering metrics
2024-10-12 13:44:40,018 {'acc1': 0.8391089108910891, 'acc5': 0.96875, 'loss': 73.96067255735397, 'macs': 46670716392, 'params': 238234088, 'model_size': 908.7909240722656, 'inference_time': 0}
2024-10-12 13:44:40,049 Pruning 1792 in layer 14
2024-10-12 13:44:40,051 Gathering metrics
2024-10-12 13:45:48,778 {'acc1': 0.8394183168316832, 'acc5': 0.968440594059406, 'loss': 73.62290336191654, 'macs': 46567381224, 'params': 237709544, 'model_size': 906.7899475097656, 'inference_time': 0}
2024-10-12 13:45:48,808 Pruning 2048 in layer 14
2024-10-12 13:45:48,810 Gathering metrics
2024-10-12 13:46:57,760 {'acc1': 0.8397277227722773, 'acc5': 0.9681311881188119, 'loss': 73.5097627043724, 'macs': 46464046056, 'params': 237185000, 'model_size': 904.7889709472656, 'inference_time': 0}
2024-10-12 13:46:57,791 Pruning 2304 in layer 14
2024-10-12 13:46:57,793 Gathering metrics
2024-10-12 13:48:06,197 {'acc1': 0.8400371287128713, 'acc5': 0.968440594059406, 'loss': 73.58293168246746, 'macs': 46360710888, 'params': 236660456, 'model_size': 902.7879943847656, 'inference_time': 0}
2024-10-12 13:48:06,329 Pruning 2560 in layer 14
2024-10-12 13:48:06,330 Gathering metrics
2024-10-12 13:49:14,635 {'acc1': 0.8403465346534653, 'acc5': 0.9681311881188119, 'loss': 73.79114165902138, 'macs': 46257375720, 'params': 236135912, 'model_size': 900.7870178222656, 'inference_time': 0}
2024-10-12 13:49:14,662 Pruning 2816 in layer 14
2024-10-12 13:49:14,664 Gathering metrics
2024-10-12 13:50:23,356 {'acc1': 0.838799504950495, 'acc5': 0.9681311881188119, 'loss': 73.93230947852135, 'macs': 46154040552, 'params': 235611368, 'model_size': 898.7860412597656, 'inference_time': 0}
2024-10-12 13:50:23,386 Pruning 3072 in layer 14
2024-10-12 13:50:23,388 Gathering metrics
2024-10-12 13:51:31,775 {'acc1': 0.838490099009901, 'acc5': 0.9681311881188119, 'loss': 73.95697087049484, 'macs': 46050705384, 'params': 235086824, 'model_size': 896.7850646972656, 'inference_time': 0}
2024-10-12 13:51:31,805 Pruning 3328 in layer 14
2024-10-12 13:51:31,806 Gathering metrics
2024-10-12 13:52:40,640 {'acc1': 0.8391089108910891, 'acc5': 0.9681311881188119, 'loss': 74.044962272048, 'macs': 45947370216, 'params': 234562280, 'model_size': 894.7840881347656, 'inference_time': 0}
2024-10-12 13:52:40,672 Pruning 3584 in layer 14
2024-10-12 13:52:40,673 Gathering metrics
2024-10-12 13:53:49,914 {'acc1': 0.838799504950495, 'acc5': 0.9668935643564357, 'loss': 73.92894533276558, 'macs': 45844035048, 'params': 234037736, 'model_size': 892.7831115722656, 'inference_time': 0}
2024-10-12 13:53:49,943 Pruning 3840 in layer 14
2024-10-12 13:53:49,945 Gathering metrics
2024-10-12 13:54:59,258 {'acc1': 0.8369430693069307, 'acc5': 0.9668935643564357, 'loss': 73.67803038656712, 'macs': 45740699880, 'params': 233513192, 'model_size': 890.7821350097656, 'inference_time': 0}
2024-10-12 13:54:59,291 Pruning 256 in layer 13
2024-10-12 13:54:59,292 Gathering metrics
2024-10-12 13:56:07,548 {'acc1': 0.8375618811881188, 'acc5': 0.9672029702970297, 'loss': 73.83489073812962, 'macs': 45740699880, 'params': 233513192, 'model_size': 890.7821350097656, 'inference_time': 0}
2024-10-12 13:56:07,577 Pruning 512 in layer 13
2024-10-12 13:56:07,578 Gathering metrics
2024-10-12 13:57:15,579 {'acc1': 0.838180693069307, 'acc5': 0.9668935643564357, 'loss': 73.81424640119076, 'macs': 45637364712, 'params': 232988648, 'model_size': 888.7811584472656, 'inference_time': 0}
2024-10-12 13:57:15,611 Pruning 768 in layer 13
2024-10-12 13:57:15,613 Gathering metrics
2024-10-12 13:58:23,482 {'acc1': 0.8363242574257426, 'acc5': 0.9665841584158416, 'loss': 73.9213145673275, 'macs': 45534029544, 'params': 232464104, 'model_size': 886.7801818847656, 'inference_time': 0}
2024-10-12 13:58:23,515 Pruning 1024 in layer 13
2024-10-12 13:58:23,517 Gathering metrics
2024-10-12 13:59:31,204 {'acc1': 0.8360148514851485, 'acc5': 0.9665841584158416, 'loss': 73.76568941771984, 'macs': 45430694376, 'params': 231939560, 'model_size': 884.7792053222656, 'inference_time': 0}
2024-10-12 13:59:31,236 Pruning 1280 in layer 13
2024-10-12 13:59:31,238 Gathering metrics
2024-10-12 14:00:39,061 {'acc1': 0.8350866336633663, 'acc5': 0.9665841584158416, 'loss': 73.67722649872303, 'macs': 45327359208, 'params': 231415016, 'model_size': 882.7782287597656, 'inference_time': 0}
2024-10-12 14:00:39,094 Pruning 256 in layer 12
2024-10-12 14:00:39,096 Gathering metrics
2024-10-12 14:01:47,020 {'acc1': 0.833230198019802, 'acc5': 0.9659653465346535, 'loss': 73.70177301764488, 'macs': 45327359208, 'params': 231415016, 'model_size': 882.7782287597656, 'inference_time': 0}
2024-10-12 14:01:47,052 Pruning 512 in layer 12
2024-10-12 14:01:47,054 Gathering metrics
2024-10-12 14:02:54,559 {'acc1': 0.8350866336633663, 'acc5': 0.9662747524752475, 'loss': 73.6753840148449, 'macs': 45224024040, 'params': 230890472, 'model_size': 880.7772521972656, 'inference_time': 0}
2024-10-12 14:02:54,694 Pruning 768 in layer 12
2024-10-12 14:02:54,696 Gathering metrics
2024-10-12 14:04:02,054 {'acc1': 0.8357054455445545, 'acc5': 0.9665841584158416, 'loss': 73.7094383686781, 'macs': 45120688872, 'params': 230365928, 'model_size': 878.7762756347656, 'inference_time': 0}
2024-10-12 14:04:02,084 Pruning 1024 in layer 12
2024-10-12 14:04:02,086 Gathering metrics
2024-10-12 14:05:09,372 {'acc1': 0.8338490099009901, 'acc5': 0.9656559405940595, 'loss': 73.63647729158401, 'macs': 45017353704, 'params': 229841384, 'model_size': 876.7752990722656, 'inference_time': 0}
2024-10-12 14:05:09,402 Pruning 1280 in layer 12
2024-10-12 14:05:09,404 Gathering metrics
2024-10-12 14:06:18,620 {'acc1': 0.8353960396039604, 'acc5': 0.9665841584158416, 'loss': 73.58695021271706, 'macs': 44914018536, 'params': 229316840, 'model_size': 874.7743225097656, 'inference_time': 0}
2024-10-12 14:06:18,651 Pruning 1536 in layer 12
2024-10-12 14:06:18,653 Gathering metrics
2024-10-12 14:07:27,853 {'acc1': 0.8360148514851485, 'acc5': 0.9665841584158416, 'loss': 73.6051073372364, 'macs': 44810683368, 'params': 228792296, 'model_size': 872.7733459472656, 'inference_time': 0}
2024-10-12 14:07:27,884 Pruning 1792 in layer 12
2024-10-12 14:07:27,886 Gathering metrics
2024-10-12 14:08:36,768 {'acc1': 0.8347772277227723, 'acc5': 0.9665841584158416, 'loss': 73.5534669905901, 'macs': 44707348200, 'params': 228267752, 'model_size': 870.7723693847656, 'inference_time': 0}
2024-10-12 14:08:36,799 Pruning 2048 in layer 12
2024-10-12 14:08:36,800 Gathering metrics
2024-10-12 14:09:45,678 {'acc1': 0.8360148514851485, 'acc5': 0.9662747524752475, 'loss': 73.51372665911913, 'macs': 44604013032, 'params': 227743208, 'model_size': 868.7713928222656, 'inference_time': 0}
2024-10-12 14:09:45,711 Pruning 2304 in layer 12
2024-10-12 14:09:45,713 Gathering metrics
2024-10-12 14:10:54,421 {'acc1': 0.8369430693069307, 'acc5': 0.9668935643564357, 'loss': 73.58235125243664, 'macs': 44500677864, 'params': 227218664, 'model_size': 866.7704162597656, 'inference_time': 0}
2024-10-12 14:10:54,452 Pruning 2560 in layer 12
2024-10-12 14:10:54,453 Gathering metrics
2024-10-12 14:12:03,090 {'acc1': 0.8360148514851485, 'acc5': 0.9665841584158416, 'loss': 73.5914947539568, 'macs': 44397342696, 'params': 226694120, 'model_size': 864.7694396972656, 'inference_time': 0}
2024-10-12 14:12:03,122 Pruning 2816 in layer 12
2024-10-12 14:12:03,124 Gathering metrics
2024-10-12 14:13:09,718 {'acc1': 0.8366336633663366, 'acc5': 0.9662747524752475, 'loss': 73.61663265526295, 'macs': 44294007528, 'params': 226169576, 'model_size': 862.7684631347656, 'inference_time': 0}
2024-10-12 14:13:09,750 Pruning 3072 in layer 12
2024-10-12 14:13:09,751 Gathering metrics
2024-10-12 14:14:16,408 {'acc1': 0.8372524752475248, 'acc5': 0.9668935643564357, 'loss': 73.45675729215145, 'macs': 44190672360, 'params': 225645032, 'model_size': 860.7674865722656, 'inference_time': 0}
2024-10-12 14:14:16,439 Pruning 3328 in layer 12
2024-10-12 14:14:16,441 Gathering metrics
2024-10-12 14:15:22,804 {'acc1': 0.8344678217821783, 'acc5': 0.9656559405940595, 'loss': 73.64032396674156, 'macs': 44087337192, 'params': 225120488, 'model_size': 858.7665100097656, 'inference_time': 0}
2024-10-12 14:15:22,835 Pruning 3584 in layer 12
2024-10-12 14:15:22,837 Gathering metrics
2024-10-12 14:16:29,116 {'acc1': 0.8360148514851485, 'acc5': 0.9662747524752475, 'loss': 73.71793039143085, 'macs': 43984002024, 'params': 224595944, 'model_size': 856.7655334472656, 'inference_time': 0}
2024-10-12 14:16:29,149 Pruning 3840 in layer 12
2024-10-12 14:16:29,150 Gathering metrics
2024-10-12 14:17:35,340 {'acc1': 0.8353960396039604, 'acc5': 0.9659653465346535, 'loss': 73.80503085255623, 'macs': 43880666856, 'params': 224071400, 'model_size': 854.7645568847656, 'inference_time': 0}
2024-10-12 14:17:35,371 Pruning 256 in layer 11
2024-10-12 14:17:35,372 Gathering metrics
2024-10-12 14:18:41,709 {'acc1': 0.8360148514851485, 'acc5': 0.9659653465346535, 'loss': 73.60105796158314, 'macs': 43880666856, 'params': 224071400, 'model_size': 854.7645568847656, 'inference_time': 0}
2024-10-12 14:18:41,838 Pruning 512 in layer 11
2024-10-12 14:18:41,839 Gathering metrics
2024-10-12 14:19:49,596 {'acc1': 0.8357054455445545, 'acc5': 0.9653465346534653, 'loss': 73.6800125092268, 'macs': 43777331688, 'params': 223546856, 'model_size': 852.7635803222656, 'inference_time': 0}
2024-10-12 14:19:49,627 Pruning 768 in layer 11
2024-10-12 14:19:49,629 Gathering metrics
2024-10-12 14:20:57,573 {'acc1': 0.8350866336633663, 'acc5': 0.9650371287128713, 'loss': 73.70966452360153, 'macs': 43673996520, 'params': 223022312, 'model_size': 850.7626037597656, 'inference_time': 0}
2024-10-12 14:20:57,602 Pruning 1024 in layer 11
2024-10-12 14:20:57,604 Gathering metrics
2024-10-12 14:22:04,533 {'acc1': 0.8353960396039604, 'acc5': 0.9656559405940595, 'loss': 73.9117470830679, 'macs': 43570661352, 'params': 222497768, 'model_size': 848.7616271972656, 'inference_time': 0}
2024-10-12 14:22:04,564 Pruning 1280 in layer 11
2024-10-12 14:22:04,565 Gathering metrics
2024-10-12 14:23:10,750 {'acc1': 0.8347772277227723, 'acc5': 0.9659653465346535, 'loss': 74.0011518895626, 'macs': 43467326184, 'params': 221973224, 'model_size': 846.7606506347656, 'inference_time': 0}
2024-10-12 14:23:10,779 Pruning 1536 in layer 11
2024-10-12 14:23:10,780 Gathering metrics
2024-10-12 14:24:17,977 {'acc1': 0.8347772277227723, 'acc5': 0.9656559405940595, 'loss': 74.18494540452957, 'macs': 43363991016, 'params': 221448680, 'model_size': 844.7596740722656, 'inference_time': 0}
2024-10-12 14:24:18,009 Pruning 1792 in layer 11
2024-10-12 14:24:18,010 Gathering metrics
2024-10-12 14:25:25,824 {'acc1': 0.8344678217821783, 'acc5': 0.9656559405940595, 'loss': 74.2614610940218, 'macs': 43260655848, 'params': 220924136, 'model_size': 842.7586975097656, 'inference_time': 0}
2024-10-12 14:25:25,854 Pruning 2048 in layer 11
2024-10-12 14:25:25,855 Gathering metrics
2024-10-12 14:26:31,872 {'acc1': 0.8335396039603961, 'acc5': 0.9656559405940595, 'loss': 74.5239190608263, 'macs': 43157320680, 'params': 220399592, 'model_size': 840.7577209472656, 'inference_time': 0}
2024-10-12 14:26:31,904 Pruning 2304 in layer 11
2024-10-12 14:26:31,905 Gathering metrics
2024-10-12 14:27:37,348 {'acc1': 0.833230198019802, 'acc5': 0.9659653465346535, 'loss': 74.56521928310394, 'macs': 43053985512, 'params': 219875048, 'model_size': 838.7567443847656, 'inference_time': 0}
2024-10-12 14:27:37,379 Pruning 2560 in layer 11
2024-10-12 14:27:37,381 Gathering metrics
2024-10-12 14:28:42,634 {'acc1': 0.8335396039603961, 'acc5': 0.9656559405940595, 'loss': 74.52948858588934, 'macs': 42950650344, 'params': 219350504, 'model_size': 836.7557678222656, 'inference_time': 0}
2024-10-12 14:28:42,664 Pruning 2816 in layer 11
2024-10-12 14:28:42,666 Gathering metrics
2024-10-12 14:29:48,196 {'acc1': 0.8329207920792079, 'acc5': 0.9656559405940595, 'loss': 74.81412070989609, 'macs': 42847315176, 'params': 218825960, 'model_size': 834.7547912597656, 'inference_time': 0}
2024-10-12 14:29:48,227 Pruning 3072 in layer 11
2024-10-12 14:29:48,229 Gathering metrics
2024-10-12 14:30:53,571 {'acc1': 0.8319925742574258, 'acc5': 0.9653465346534653, 'loss': 74.90606414526701, 'macs': 42743980008, 'params': 218301416, 'model_size': 832.7538146972656, 'inference_time': 0}
2024-10-12 14:30:53,600 Pruning 256 in layer 10
2024-10-12 14:30:53,602 Gathering metrics
2024-10-12 14:31:58,780 {'acc1': 0.8329207920792079, 'acc5': 0.9659653465346535, 'loss': 74.71058615297079, 'macs': 42743980008, 'params': 218301416, 'model_size': 832.7538146972656, 'inference_time': 0}
2024-10-12 14:31:58,810 Pruning 512 in layer 10
2024-10-12 14:31:58,812 Gathering metrics
2024-10-12 14:33:04,014 {'acc1': 0.8329207920792079, 'acc5': 0.9656559405940595, 'loss': 74.74071887135506, 'macs': 42640644840, 'params': 217776872, 'model_size': 830.7528381347656, 'inference_time': 0}
2024-10-12 14:33:04,148 Pruning 768 in layer 10
2024-10-12 14:33:04,150 Gathering metrics
2024-10-12 14:34:09,225 {'acc1': 0.8326113861386139, 'acc5': 0.9659653465346535, 'loss': 74.7640092074871, 'macs': 42537309672, 'params': 217252328, 'model_size': 828.7518615722656, 'inference_time': 0}
2024-10-12 14:34:09,256 Pruning 1024 in layer 10
2024-10-12 14:34:09,258 Gathering metrics
2024-10-12 14:35:14,348 {'acc1': 0.8316831683168316, 'acc5': 0.9647277227722773, 'loss': 74.83460795134306, 'macs': 42433974504, 'params': 216727784, 'model_size': 826.7508850097656, 'inference_time': 0}
2024-10-12 14:35:14,378 Pruning 1280 in layer 10
2024-10-12 14:35:14,380 Gathering metrics
2024-10-12 14:36:19,428 {'acc1': 0.8329207920792079, 'acc5': 0.9650371287128713, 'loss': 74.84095489233732, 'macs': 42330639336, 'params': 216203240, 'model_size': 824.7499084472656, 'inference_time': 0}
2024-10-12 14:36:19,461 Pruning 1536 in layer 10
2024-10-12 14:36:19,463 Gathering metrics
2024-10-12 14:37:24,075 {'acc1': 0.8329207920792079, 'acc5': 0.9641089108910891, 'loss': 74.89741980284452, 'macs': 42227304168, 'params': 215678696, 'model_size': 822.7489318847656, 'inference_time': 0}
2024-10-12 14:37:24,105 Pruning 1792 in layer 10
2024-10-12 14:37:24,106 Gathering metrics
2024-10-12 14:38:30,261 {'acc1': 0.8335396039603961, 'acc5': 0.9644183168316832, 'loss': 74.89043033123016, 'macs': 42123969000, 'params': 215154152, 'model_size': 820.7479553222656, 'inference_time': 0}
2024-10-12 14:38:30,291 Pruning 2048 in layer 10
2024-10-12 14:38:30,292 Gathering metrics
2024-10-12 14:39:36,422 {'acc1': 0.833230198019802, 'acc5': 0.963799504950495, 'loss': 74.87614451348782, 'macs': 42020633832, 'params': 214629608, 'model_size': 818.7469787597656, 'inference_time': 0}
2024-10-12 14:39:36,452 Pruning 2304 in layer 10
2024-10-12 14:39:36,454 Gathering metrics
2024-10-12 14:40:42,780 {'acc1': 0.8335396039603961, 'acc5': 0.9644183168316832, 'loss': 74.88359346240759, 'macs': 41917298664, 'params': 214105064, 'model_size': 816.7460021972656, 'inference_time': 0}
2024-10-12 14:40:42,810 Pruning 2560 in layer 10
2024-10-12 14:40:42,812 Gathering metrics
2024-10-12 14:41:49,197 {'acc1': 0.8329207920792079, 'acc5': 0.9644183168316832, 'loss': 74.87878354638815, 'macs': 41813963496, 'params': 213580520, 'model_size': 814.7450256347656, 'inference_time': 0}
2024-10-12 14:41:49,228 Pruning 2816 in layer 10
2024-10-12 14:41:49,229 Gathering metrics
2024-10-12 14:42:55,484 {'acc1': 0.8329207920792079, 'acc5': 0.9647277227722773, 'loss': 74.95725519955158, 'macs': 41710628328, 'params': 213055976, 'model_size': 812.7440490722656, 'inference_time': 0}
2024-10-12 14:42:55,515 Pruning 3072 in layer 10
2024-10-12 14:42:55,516 Gathering metrics
2024-10-12 14:44:01,922 {'acc1': 0.8323019801980198, 'acc5': 0.9641089108910891, 'loss': 74.9216740578413, 'macs': 41607293160, 'params': 212531432, 'model_size': 810.7430725097656, 'inference_time': 0}
2024-10-12 14:44:01,953 Pruning 3328 in layer 10
2024-10-12 14:44:01,955 Gathering metrics
2024-10-12 14:45:07,093 {'acc1': 0.8319925742574258, 'acc5': 0.963799504950495, 'loss': 74.97454924881458, 'macs': 41503957992, 'params': 212006888, 'model_size': 808.7420959472656, 'inference_time': 0}
2024-10-12 14:45:07,125 Pruning 3584 in layer 10
2024-10-12 14:45:07,127 Gathering metrics
2024-10-12 14:46:10,834 {'acc1': 0.8326113861386139, 'acc5': 0.963490099009901, 'loss': 75.19586486369371, 'macs': 41400622824, 'params': 211482344, 'model_size': 806.7411193847656, 'inference_time': 0}
2024-10-12 14:46:10,867 Pruning 3840 in layer 10
2024-10-12 14:46:10,868 Gathering metrics
2024-10-12 14:47:16,652 {'acc1': 0.8316831683168316, 'acc5': 0.963799504950495, 'loss': 75.52413775771856, 'macs': 41297287656, 'params': 210957800, 'model_size': 804.7401428222656, 'inference_time': 0}
2024-10-12 14:47:16,683 Pruning 256 in layer 9
2024-10-12 14:47:16,684 Gathering metrics
2024-10-12 14:48:22,753 {'acc1': 0.8316831683168316, 'acc5': 0.9641089108910891, 'loss': 75.1880920752883, 'macs': 41297287656, 'params': 210957800, 'model_size': 804.7401428222656, 'inference_time': 0}
2024-10-12 14:48:22,893 Pruning 512 in layer 9
2024-10-12 14:48:22,894 Gathering metrics
2024-10-12 14:49:28,685 {'acc1': 0.8323019801980198, 'acc5': 0.9647277227722773, 'loss': 75.25148911774158, 'macs': 41193952488, 'params': 210433256, 'model_size': 802.7391662597656, 'inference_time': 0}
2024-10-12 14:49:28,715 Pruning 768 in layer 9
2024-10-12 14:49:28,716 Gathering metrics
2024-10-12 14:50:34,179 {'acc1': 0.8319925742574258, 'acc5': 0.963799504950495, 'loss': 75.35047178715467, 'macs': 41090617320, 'params': 209908712, 'model_size': 800.7381896972656, 'inference_time': 0}
2024-10-12 14:50:34,209 Pruning 1024 in layer 9
2024-10-12 14:50:34,211 Gathering metrics
2024-10-12 14:51:37,431 {'acc1': 0.8316831683168316, 'acc5': 0.9625618811881188, 'loss': 75.44528905302286, 'macs': 40987282152, 'params': 209384168, 'model_size': 798.7372131347656, 'inference_time': 0}
2024-10-12 14:51:37,462 Pruning 1280 in layer 9
2024-10-12 14:51:37,464 Gathering metrics
2024-10-12 14:52:41,334 {'acc1': 0.8319925742574258, 'acc5': 0.9628712871287128, 'loss': 75.5767311155796, 'macs': 40883946984, 'params': 208859624, 'model_size': 796.7362365722656, 'inference_time': 0}
2024-10-12 14:52:41,368 Pruning 1536 in layer 9
2024-10-12 14:52:41,370 Gathering metrics
2024-10-12 14:53:46,851 {'acc1': 0.8307549504950495, 'acc5': 0.9622524752475248, 'loss': 75.66594497859478, 'macs': 40780611816, 'params': 208335080, 'model_size': 794.7352600097656, 'inference_time': 0}
2024-10-12 14:53:46,882 Pruning 1792 in layer 9
2024-10-12 14:53:46,884 Gathering metrics
2024-10-12 14:54:51,922 {'acc1': 0.8304455445544554, 'acc5': 0.9622524752475248, 'loss': 75.68859576433897, 'macs': 40677276648, 'params': 207810536, 'model_size': 792.7342834472656, 'inference_time': 0}
2024-10-12 14:54:51,956 Pruning 2048 in layer 9
2024-10-12 14:54:51,957 Gathering metrics
2024-10-12 14:55:57,020 {'acc1': 0.8307549504950495, 'acc5': 0.9622524752475248, 'loss': 75.81300055235624, 'macs': 40573941480, 'params': 207285992, 'model_size': 790.7333068847656, 'inference_time': 0}
2024-10-12 14:55:57,052 Pruning 2304 in layer 9
2024-10-12 14:55:57,053 Gathering metrics
2024-10-12 14:57:02,032 {'acc1': 0.8301361386138614, 'acc5': 0.9625618811881188, 'loss': 75.95558173209429, 'macs': 40470606312, 'params': 206761448, 'model_size': 788.7323303222656, 'inference_time': 0}
2024-10-12 14:57:02,062 Pruning 2560 in layer 9
2024-10-12 14:57:02,064 Gathering metrics
2024-10-12 14:58:07,034 {'acc1': 0.8267326732673267, 'acc5': 0.9625618811881188, 'loss': 76.09062742441893, 'macs': 40367271144, 'params': 206236904, 'model_size': 786.7313537597656, 'inference_time': 0}
2024-10-12 14:58:07,064 Pruning 256 in layer 8
2024-10-12 14:58:07,065 Gathering metrics
2024-10-12 14:59:12,288 {'acc1': 0.8279702970297029, 'acc5': 0.9628712871287128, 'loss': 76.29392419010401, 'macs': 40367271144, 'params': 206236904, 'model_size': 786.7313537597656, 'inference_time': 0}
2024-10-12 14:59:12,323 Pruning 512 in layer 8
2024-10-12 14:59:12,325 Gathering metrics
2024-10-12 15:00:16,655 {'acc1': 0.8270420792079208, 'acc5': 0.9622524752475248, 'loss': 76.59754054248333, 'macs': 40263935976, 'params': 205712360, 'model_size': 784.7303771972656, 'inference_time': 0}
2024-10-12 15:00:16,687 Pruning 768 in layer 8
2024-10-12 15:00:16,688 Gathering metrics
2024-10-12 15:01:19,526 {'acc1': 0.8273514851485149, 'acc5': 0.9622524752475248, 'loss': 76.80926279723644, 'macs': 40160600808, 'params': 205187816, 'model_size': 782.7294006347656, 'inference_time': 0}
2024-10-12 15:01:19,557 Pruning 1024 in layer 8
2024-10-12 15:01:19,559 Gathering metrics
2024-10-12 15:02:22,197 {'acc1': 0.8270420792079208, 'acc5': 0.9625618811881188, 'loss': 77.02136389911175, 'macs': 40057265640, 'params': 204663272, 'model_size': 780.7284240722656, 'inference_time': 0}
2024-10-12 15:02:22,230 Pruning 1280 in layer 8
2024-10-12 15:02:22,232 Gathering metrics
2024-10-12 15:03:24,456 {'acc1': 0.8261138613861386, 'acc5': 0.9616336633663366, 'loss': 77.26354958117008, 'macs': 39953930472, 'params': 204138728, 'model_size': 778.7274475097656, 'inference_time': 0}
2024-10-12 15:03:24,589 Pruning 256 in layer 7
2024-10-12 15:03:24,591 Gathering metrics
2024-10-12 15:04:26,959 {'acc1': 0.8267326732673267, 'acc5': 0.9628712871287128, 'loss': 77.13120610266924, 'macs': 39953930472, 'params': 204138728, 'model_size': 778.7274475097656, 'inference_time': 0}
2024-10-12 15:04:26,987 Pruning 512 in layer 7
2024-10-12 15:04:26,988 Gathering metrics
2024-10-12 15:05:31,496 {'acc1': 0.8251856435643564, 'acc5': 0.9628712871287128, 'loss': 77.31116155534983, 'macs': 39850595304, 'params': 203614184, 'model_size': 776.7264709472656, 'inference_time': 0}
2024-10-12 15:05:31,526 Pruning 768 in layer 7
2024-10-12 15:05:31,527 Gathering metrics
2024-10-12 15:06:35,807 {'acc1': 0.8242574257425742, 'acc5': 0.9619430693069307, 'loss': 77.14962915331125, 'macs': 39747260136, 'params': 203089640, 'model_size': 774.7254943847656, 'inference_time': 0}
2024-10-12 15:06:35,836 Pruning 1024 in layer 7
2024-10-12 15:06:35,837 Gathering metrics
2024-10-12 15:07:40,000 {'acc1': 0.8248762376237624, 'acc5': 0.9619430693069307, 'loss': 77.38117554038763, 'macs': 39643924968, 'params': 202565096, 'model_size': 772.7245178222656, 'inference_time': 0}
2024-10-12 15:07:40,034 Pruning 1280 in layer 7
2024-10-12 15:07:40,036 Gathering metrics
2024-10-12 15:08:42,219 {'acc1': 0.8251856435643564, 'acc5': 0.9616336633663366, 'loss': 77.68415212631226, 'macs': 39540589800, 'params': 202040552, 'model_size': 770.7235412597656, 'inference_time': 0}
2024-10-12 15:08:42,247 Pruning 1536 in layer 7
2024-10-12 15:08:42,249 Gathering metrics
2024-10-12 15:09:43,955 {'acc1': 0.8239480198019802, 'acc5': 0.9619430693069307, 'loss': 77.87476646900177, 'macs': 39437254632, 'params': 201516008, 'model_size': 768.7225646972656, 'inference_time': 0}
2024-10-12 15:09:43,984 Pruning 1792 in layer 7
2024-10-12 15:09:43,986 Gathering metrics
2024-10-12 15:10:45,928 {'acc1': 0.8233292079207921, 'acc5': 0.9616336633663366, 'loss': 78.08792620897293, 'macs': 39333919464, 'params': 200991464, 'model_size': 766.7215881347656, 'inference_time': 0}
2024-10-12 15:10:45,960 Pruning 256 in layer 6
2024-10-12 15:10:45,961 Gathering metrics
2024-10-12 15:11:47,642 {'acc1': 0.8233292079207921, 'acc5': 0.9613242574257426, 'loss': 78.1323345080018, 'macs': 39333919464, 'params': 200991464, 'model_size': 766.7215881347656, 'inference_time': 0}
2024-10-12 15:11:47,672 Pruning 512 in layer 6
2024-10-12 15:11:47,674 Gathering metrics
2024-10-12 15:12:49,082 {'acc1': 0.8224009900990099, 'acc5': 0.9610148514851485, 'loss': 78.30150517821312, 'macs': 39230584296, 'params': 200466920, 'model_size': 764.7206115722656, 'inference_time': 0}
2024-10-12 15:12:49,115 Pruning 768 in layer 6
2024-10-12 15:12:49,117 Gathering metrics
2024-10-12 15:13:50,803 {'acc1': 0.8211633663366337, 'acc5': 0.9600866336633663, 'loss': 78.48863250017166, 'macs': 39127249128, 'params': 199942376, 'model_size': 762.7196350097656, 'inference_time': 0}
2024-10-12 15:13:50,833 Pruning 1024 in layer 6
2024-10-12 15:13:50,835 Gathering metrics
2024-10-12 15:14:52,127 {'acc1': 0.8211633663366337, 'acc5': 0.9607054455445545, 'loss': 78.71046739071608, 'macs': 39023913960, 'params': 199417832, 'model_size': 760.7186584472656, 'inference_time': 0}
2024-10-12 15:14:52,159 Pruning 1280 in layer 6
2024-10-12 15:14:52,160 Gathering metrics
2024-10-12 15:15:55,170 {'acc1': 0.8211633663366337, 'acc5': 0.9603960396039604, 'loss': 78.88147520273924, 'macs': 38920578792, 'params': 198893288, 'model_size': 758.7176818847656, 'inference_time': 0}
2024-10-12 15:15:55,202 Pruning 1536 in layer 6
2024-10-12 15:15:55,204 Gathering metrics
2024-10-12 15:16:58,306 {'acc1': 0.8196163366336634, 'acc5': 0.9591584158415841, 'loss': 79.1086011826992, 'macs': 38817243624, 'params': 198368744, 'model_size': 756.7167053222656, 'inference_time': 0}
2024-10-12 15:16:58,440 Pruning 256 in layer 5
2024-10-12 15:16:58,442 Gathering metrics
2024-10-12 15:18:00,556 {'acc1': 0.8202351485148515, 'acc5': 0.9588490099009901, 'loss': 79.08246572315693, 'macs': 38817243624, 'params': 198368744, 'model_size': 756.7167053222656, 'inference_time': 0}
2024-10-12 15:18:00,586 Pruning 512 in layer 5
2024-10-12 15:18:00,588 Gathering metrics
2024-10-12 15:19:01,960 {'acc1': 0.8202351485148515, 'acc5': 0.9579207920792079, 'loss': 79.33990306407213, 'macs': 38713908456, 'params': 197844200, 'model_size': 754.7157287597656, 'inference_time': 0}
2024-10-12 15:19:01,990 Pruning 768 in layer 5
2024-10-12 15:19:01,992 Gathering metrics
2024-10-12 15:20:02,867 {'acc1': 0.8196163366336634, 'acc5': 0.9576113861386139, 'loss': 79.50529217720032, 'macs': 38610573288, 'params': 197319656, 'model_size': 752.7147521972656, 'inference_time': 0}
2024-10-12 15:20:02,895 Pruning 1024 in layer 5
2024-10-12 15:20:02,897 Gathering metrics
2024-10-12 15:21:03,861 {'acc1': 0.8214727722772277, 'acc5': 0.9573019801980198, 'loss': 79.6936892196536, 'macs': 38507238120, 'params': 196795112, 'model_size': 750.7137756347656, 'inference_time': 0}
2024-10-12 15:21:03,892 Pruning 1280 in layer 5
2024-10-12 15:21:03,894 Gathering metrics
2024-10-12 15:22:07,016 {'acc1': 0.8208539603960396, 'acc5': 0.9563737623762376, 'loss': 79.97697056084871, 'macs': 38403902952, 'params': 196270568, 'model_size': 748.7127990722656, 'inference_time': 0}
2024-10-12 15:22:07,048 Pruning 1536 in layer 5
2024-10-12 15:22:07,049 Gathering metrics
2024-10-12 15:23:08,122 {'acc1': 0.8193069306930693, 'acc5': 0.9569925742574258, 'loss': 80.2206237912178, 'macs': 38300567784, 'params': 195746024, 'model_size': 746.7118225097656, 'inference_time': 0}
2024-10-12 15:23:08,153 Pruning 1792 in layer 5
2024-10-12 15:23:08,155 Gathering metrics
2024-10-12 15:24:08,748 {'acc1': 0.8183787128712872, 'acc5': 0.9566831683168316, 'loss': 80.45545266568661, 'macs': 38197232616, 'params': 195221480, 'model_size': 744.7108459472656, 'inference_time': 0}
2024-10-12 15:24:08,780 Pruning 2048 in layer 5
2024-10-12 15:24:08,782 Gathering metrics
2024-10-12 15:25:09,612 {'acc1': 0.817450495049505, 'acc5': 0.9566831683168316, 'loss': 80.66715114563704, 'macs': 38093897448, 'params': 194696936, 'model_size': 742.7098693847656, 'inference_time': 0}
2024-10-12 15:25:09,642 Pruning 256 in layer 4
2024-10-12 15:25:09,644 Gathering metrics
2024-10-12 15:26:10,171 {'acc1': 0.8171410891089109, 'acc5': 0.9563737623762376, 'loss': 80.36952491104603, 'macs': 38093897448, 'params': 194696936, 'model_size': 742.7098693847656, 'inference_time': 0}
2024-10-12 15:26:10,204 Pruning 512 in layer 4
2024-10-12 15:26:10,205 Gathering metrics
2024-10-12 15:27:10,596 {'acc1': 0.817759900990099, 'acc5': 0.9566831683168316, 'loss': 80.53692349046469, 'macs': 37990562280, 'params': 194172392, 'model_size': 740.7088928222656, 'inference_time': 0}
2024-10-12 15:27:10,625 Pruning 768 in layer 4
2024-10-12 15:27:10,627 Gathering metrics
2024-10-12 15:28:11,027 {'acc1': 0.8165222772277227, 'acc5': 0.9566831683168316, 'loss': 80.81082523614168, 'macs': 37887227112, 'params': 193647848, 'model_size': 738.7079162597656, 'inference_time': 0}
2024-10-12 15:28:11,060 Pruning 1024 in layer 4
2024-10-12 15:28:11,062 Gathering metrics
2024-10-12 15:29:11,101 {'acc1': 0.8159034653465347, 'acc5': 0.9554455445544554, 'loss': 81.09641668200493, 'macs': 37783891944, 'params': 193123304, 'model_size': 736.7069396972656, 'inference_time': 0}
2024-10-12 15:29:11,131 Pruning 1280 in layer 4
2024-10-12 15:29:11,133 Gathering metrics
2024-10-12 15:30:11,071 {'acc1': 0.8168316831683168, 'acc5': 0.9542079207920792, 'loss': 81.30842486768961, 'macs': 37680556776, 'params': 192598760, 'model_size': 734.7059631347656, 'inference_time': 0}
2024-10-12 15:30:11,212 Pruning 1536 in layer 4
2024-10-12 15:30:11,214 Gathering metrics
2024-10-12 15:31:11,096 {'acc1': 0.8162128712871287, 'acc5': 0.9529702970297029, 'loss': 81.64406050741673, 'macs': 37577221608, 'params': 192074216, 'model_size': 732.7049865722656, 'inference_time': 0}
2024-10-12 15:31:11,126 Pruning 1792 in layer 4
2024-10-12 15:31:11,128 Gathering metrics
2024-10-12 15:32:11,087 {'acc1': 0.8152846534653465, 'acc5': 0.9523514851485149, 'loss': 81.9035985916853, 'macs': 37473886440, 'params': 191549672, 'model_size': 730.7040100097656, 'inference_time': 0}
2024-10-12 15:32:11,117 Pruning 2048 in layer 4
2024-10-12 15:32:11,119 Gathering metrics
2024-10-12 15:33:10,730 {'acc1': 0.8131188118811881, 'acc5': 0.9517326732673267, 'loss': 82.19517824053764, 'macs': 37370551272, 'params': 191025128, 'model_size': 728.7030334472656, 'inference_time': 0}
2024-10-12 15:33:10,759 Pruning 256 in layer 3
2024-10-12 15:33:10,760 Gathering metrics
2024-10-12 15:34:10,625 {'acc1': 0.8155940594059405, 'acc5': 0.9523514851485149, 'loss': 81.35872603952885, 'macs': 37370551272, 'params': 191025128, 'model_size': 728.7030334472656, 'inference_time': 0}
2024-10-12 15:34:10,656 Pruning 512 in layer 3
2024-10-12 15:34:10,658 Gathering metrics
2024-10-12 15:35:10,396 {'acc1': 0.8146658415841584, 'acc5': 0.9529702970297029, 'loss': 81.37484133988619, 'macs': 37267216104, 'params': 190500584, 'model_size': 726.7020568847656, 'inference_time': 0}
2024-10-12 15:35:10,427 Pruning 768 in layer 3
2024-10-12 15:35:10,429 Gathering metrics
2024-10-12 15:36:10,037 {'acc1': 0.8134282178217822, 'acc5': 0.9529702970297029, 'loss': 81.61063715070486, 'macs': 37163880936, 'params': 189976040, 'model_size': 724.7010803222656, 'inference_time': 0}
2024-10-12 15:36:10,071 Pruning 1024 in layer 3
2024-10-12 15:36:10,073 Gathering metrics
2024-10-12 15:37:09,209 {'acc1': 0.8131188118811881, 'acc5': 0.9526608910891089, 'loss': 81.8770257011056, 'macs': 37060545768, 'params': 189451496, 'model_size': 722.7001037597656, 'inference_time': 0}
2024-10-12 15:37:09,239 Pruning 1280 in layer 3
2024-10-12 15:37:09,241 Gathering metrics
2024-10-12 15:38:08,606 {'acc1': 0.8118811881188119, 'acc5': 0.9520420792079208, 'loss': 82.15248707681894, 'macs': 36957210600, 'params': 188926952, 'model_size': 720.6991271972656, 'inference_time': 0}
2024-10-12 15:38:08,634 Pruning 1536 in layer 3
2024-10-12 15:38:08,636 Gathering metrics
2024-10-12 15:39:08,086 {'acc1': 0.8112623762376238, 'acc5': 0.9511138613861386, 'loss': 82.64010991156101, 'macs': 36853875432, 'params': 188402408, 'model_size': 718.6981506347656, 'inference_time': 0}
2024-10-12 15:39:08,117 Pruning 256 in layer 2
2024-10-12 15:39:08,118 Gathering metrics
2024-10-12 15:40:07,251 {'acc1': 0.8140470297029703, 'acc5': 0.9517326732673267, 'loss': 81.72019772231579, 'macs': 36853875432, 'params': 188402408, 'model_size': 718.6981506347656, 'inference_time': 0}
2024-10-12 15:40:07,279 Pruning 512 in layer 2
2024-10-12 15:40:07,281 Gathering metrics
2024-10-12 15:41:06,671 {'acc1': 0.8125, 'acc5': 0.9520420792079208, 'loss': 81.82658246904612, 'macs': 36750540264, 'params': 187877864, 'model_size': 716.6971740722656, 'inference_time': 0}
2024-10-12 15:41:06,703 Pruning 768 in layer 2
2024-10-12 15:41:06,705 Gathering metrics
2024-10-12 15:42:05,462 {'acc1': 0.8109529702970297, 'acc5': 0.9523514851485149, 'loss': 82.14870365709066, 'macs': 36647205096, 'params': 187353320, 'model_size': 714.6961975097656, 'inference_time': 0}
2024-10-12 15:42:05,494 Pruning 1024 in layer 2
2024-10-12 15:42:05,495 Gathering metrics
2024-10-12 15:43:04,249 {'acc1': 0.812190594059406, 'acc5': 0.9511138613861386, 'loss': 82.69575878977776, 'macs': 36543869928, 'params': 186828776, 'model_size': 712.6952209472656, 'inference_time': 0}
2024-10-12 15:43:04,393 Pruning 1280 in layer 2
2024-10-12 15:43:04,394 Gathering metrics
2024-10-12 15:44:03,220 {'acc1': 0.8100247524752475, 'acc5': 0.9504950495049505, 'loss': 83.44273828715086, 'macs': 36440534760, 'params': 186304232, 'model_size': 710.6942443847656, 'inference_time': 0}
2024-10-12 15:44:03,250 Pruning 1536 in layer 2
2024-10-12 15:44:03,252 Gathering metrics
2024-10-12 15:45:01,580 {'acc1': 0.8081683168316832, 'acc5': 0.9495668316831684, 'loss': 84.21815788000822, 'macs': 36337199592, 'params': 185779688, 'model_size': 708.6932678222656, 'inference_time': 0}
2024-10-12 15:45:01,610 Pruning 256 in layer 1
2024-10-12 15:45:01,612 Gathering metrics
2024-10-12 15:46:00,379 {'acc1': 0.8094059405940595, 'acc5': 0.9501856435643564, 'loss': 83.84973118454218, 'macs': 36337199592, 'params': 185779688, 'model_size': 708.6932678222656, 'inference_time': 0}
2024-10-12 15:46:00,409 Pruning 512 in layer 1
2024-10-12 15:46:00,410 Gathering metrics
2024-10-12 15:46:58,926 {'acc1': 0.806930693069307, 'acc5': 0.9489480198019802, 'loss': 85.05805147439241, 'macs': 36233864424, 'params': 185255144, 'model_size': 706.6922912597656, 'inference_time': 0}
2024-10-12 15:46:58,958 Pruning 768 in layer 1
2024-10-12 15:46:58,960 Gathering metrics
2024-10-12 15:47:57,330 {'acc1': 0.8032178217821783, 'acc5': 0.9467821782178217, 'loss': 86.4204393774271, 'macs': 36130529256, 'params': 184730600, 'model_size': 704.6913146972656, 'inference_time': 0}
2024-10-12 15:47:57,360 Pruning 256 in layer 0
2024-10-12 15:47:57,362 Gathering metrics
2024-10-12 15:48:55,933 {'acc1': 0.7831064356435643, 'acc5': 0.9356435643564357, 'loss': 102.0651887357235, 'macs': 36130529256, 'params': 184730600, 'model_size': 704.6913146972656, 'inference_time': 0}
2024-10-12 15:48:55,956 Experiment finished
