2024-10-13 18:19:21,121 Starting experiment outputs/adaptive/vit_l_32/proj500
2024-10-13 18:19:21,121 Loading the original model
2024-10-13 18:19:22,361 Gathering metrics of the original model
2024-10-13 18:19:48,319 {'acc1': 0.801980198019802, 'acc5': 0.9452351485148515, 'loss': 89.42361554503441, 'macs': 15265769448, 'params': 306535400, 'model_size': 1169.3397521972656, 'inference_time': 0}
2024-10-13 18:19:48,345 Pruning 256 in layer 0
2024-10-13 18:19:53,849 Gathering metrics
2024-10-13 18:20:17,981 {'acc1': 0.7979579207920792, 'acc5': 0.942759900990099, 'loss': 92.99262804538012, 'macs': 15239542248, 'params': 306010856, 'model_size': 1167.3387756347656, 'inference_time': 0}
2024-10-13 18:20:18,008 Pruning 256 in layer 1
2024-10-13 18:20:23,802 Gathering metrics
2024-10-13 18:20:47,687 {'acc1': 0.8016707920792079, 'acc5': 0.9467821782178217, 'loss': 90.04653732478619, 'macs': 15239542248, 'params': 306010856, 'model_size': 1167.3387756347656, 'inference_time': 0}
2024-10-13 18:20:47,718 Pruning 512 in layer 1
2024-10-13 18:20:52,452 Gathering metrics
2024-10-13 18:21:15,877 {'acc1': 0.7964108910891089, 'acc5': 0.9443069306930693, 'loss': 91.13476298004389, 'macs': 15213315048, 'params': 305486312, 'model_size': 1165.3377990722656, 'inference_time': 0}
2024-10-13 18:21:15,904 Pruning 256 in layer 2
2024-10-13 18:21:21,334 Gathering metrics
2024-10-13 18:21:45,082 {'acc1': 0.7750618811881188, 'acc5': 0.9306930693069307, 'loss': 99.50941294431686, 'macs': 15213315048, 'params': 305486312, 'model_size': 1165.3377990722656, 'inference_time': 0}
2024-10-13 18:21:45,106 Pruning 256 in layer 3
2024-10-13 18:21:50,586 Gathering metrics
2024-10-13 18:22:13,978 {'acc1': 0.7852722772277227, 'acc5': 0.9356435643564357, 'loss': 97.7972883284092, 'macs': 15213315048, 'params': 305486312, 'model_size': 1165.3377990722656, 'inference_time': 0}
2024-10-13 18:22:14,003 Pruning 256 in layer 4
2024-10-13 18:22:19,458 Gathering metrics
2024-10-13 18:22:42,822 {'acc1': 0.7973391089108911, 'acc5': 0.9452351485148515, 'loss': 91.22156584262848, 'macs': 15213315048, 'params': 305486312, 'model_size': 1165.3377990722656, 'inference_time': 0}
2024-10-13 18:22:42,846 Pruning 256 in layer 5
2024-10-13 18:22:48,298 Gathering metrics
2024-10-13 18:23:11,972 {'acc1': 0.0, 'acc5': 0.0, 'loss': 752.0108489990234, 'macs': 15213315048, 'params': 305486312, 'model_size': 1165.3377990722656, 'inference_time': 0}
2024-10-13 18:23:11,997 Pruning 256 in layer 6
2024-10-13 18:23:17,450 Gathering metrics
2024-10-13 18:23:41,416 {'acc1': 0.7926980198019802, 'acc5': 0.9412128712871287, 'loss': 94.58770862966776, 'macs': 15213315048, 'params': 305486312, 'model_size': 1165.3377990722656, 'inference_time': 0}
2024-10-13 18:23:41,443 Pruning 256 in layer 7
2024-10-13 18:23:47,244 Gathering metrics
2024-10-13 18:24:10,910 {'acc1': 0.7945544554455446, 'acc5': 0.9446163366336634, 'loss': 91.96264457702637, 'macs': 15213315048, 'params': 305486312, 'model_size': 1165.3377990722656, 'inference_time': 0}
2024-10-13 18:24:10,937 Pruning 256 in layer 8
2024-10-13 18:24:16,746 Gathering metrics
2024-10-13 18:24:40,531 {'acc1': 0.7964108910891089, 'acc5': 0.9436881188118812, 'loss': 92.18501651287079, 'macs': 15213315048, 'params': 305486312, 'model_size': 1165.3377990722656, 'inference_time': 0}
2024-10-13 18:24:40,558 Pruning 256 in layer 9
2024-10-13 18:24:46,369 Gathering metrics
2024-10-13 18:25:09,917 {'acc1': 0.7221534653465347, 'acc5': 0.9186262376237624, 'loss': 181.70848828554153, 'macs': 15213315048, 'params': 305486312, 'model_size': 1165.3377990722656, 'inference_time': 0}
2024-10-13 18:25:10,024 Pruning 256 in layer 10
2024-10-13 18:25:15,482 Gathering metrics
2024-10-13 18:25:38,911 {'acc1': 0.0, 'acc5': 0.0, 'loss': 734.2151699066162, 'macs': 15213315048, 'params': 305486312, 'model_size': 1165.3377990722656, 'inference_time': 0}
2024-10-13 18:25:38,936 Pruning 256 in layer 11
2024-10-13 18:25:44,390 Gathering metrics
2024-10-13 18:26:07,732 {'acc1': 0.0, 'acc5': 0.0, 'loss': 734.1101016998291, 'macs': 15213315048, 'params': 305486312, 'model_size': 1165.3377990722656, 'inference_time': 0}
2024-10-13 18:26:07,756 Pruning 256 in layer 12
2024-10-13 18:26:13,199 Gathering metrics
2024-10-13 18:26:36,833 {'acc1': 0.0, 'acc5': 0.0, 'loss': 735.8854012489319, 'macs': 15213315048, 'params': 305486312, 'model_size': 1165.3377990722656, 'inference_time': 0}
2024-10-13 18:26:36,858 Pruning 256 in layer 13
2024-10-13 18:26:42,317 Gathering metrics
2024-10-13 18:27:05,741 {'acc1': 0.0, 'acc5': 0.0, 'loss': 733.0385327339172, 'macs': 15213315048, 'params': 305486312, 'model_size': 1165.3377990722656, 'inference_time': 0}
2024-10-13 18:27:05,766 Pruning 256 in layer 14
2024-10-13 18:27:11,244 Gathering metrics
2024-10-13 18:27:34,920 {'acc1': 0.0, 'acc5': 0.0, 'loss': 741.6909689903259, 'macs': 15213315048, 'params': 305486312, 'model_size': 1165.3377990722656, 'inference_time': 0}
2024-10-13 18:27:34,945 Pruning 256 in layer 15
2024-10-13 18:27:40,404 Gathering metrics
2024-10-13 18:28:03,890 {'acc1': 0.5426980198019802, 'acc5': 0.7797029702970297, 'loss': 364.1288775205612, 'macs': 15213315048, 'params': 305486312, 'model_size': 1165.3377990722656, 'inference_time': 0}
2024-10-13 18:28:03,916 Pruning 256 in layer 16
2024-10-13 18:28:09,390 Gathering metrics
2024-10-13 18:28:33,098 {'acc1': 0.08137376237623763, 'acc5': 0.23948019801980197, 'loss': 559.7328672409058, 'macs': 15213315048, 'params': 305486312, 'model_size': 1165.3377990722656, 'inference_time': 0}
2024-10-13 18:28:33,123 Pruning 256 in layer 17
2024-10-13 18:28:38,562 Gathering metrics
2024-10-13 18:29:02,277 {'acc1': 0.7317450495049505, 'acc5': 0.9214108910891089, 'loss': 192.62596637010574, 'macs': 15213315048, 'params': 305486312, 'model_size': 1165.3377990722656, 'inference_time': 0}
2024-10-13 18:29:02,303 Pruning 256 in layer 18
2024-10-13 18:29:07,752 Gathering metrics
2024-10-13 18:29:31,469 {'acc1': 0.7923886138613861, 'acc5': 0.9439975247524752, 'loss': 89.78889101743698, 'macs': 15213315048, 'params': 305486312, 'model_size': 1165.3377990722656, 'inference_time': 0}
2024-10-13 18:29:31,500 Pruning 256 in layer 19
2024-10-13 18:29:36,975 Gathering metrics
2024-10-13 18:30:00,684 {'acc1': 0.7998143564356436, 'acc5': 0.9443069306930693, 'loss': 91.80008694529533, 'macs': 15213315048, 'params': 305486312, 'model_size': 1165.3377990722656, 'inference_time': 0}
2024-10-13 18:30:00,798 Pruning 512 in layer 19
2024-10-13 18:30:05,563 Gathering metrics
2024-10-13 18:30:28,886 {'acc1': 0.8007425742574258, 'acc5': 0.9443069306930693, 'loss': 91.65447343885899, 'macs': 15187087848, 'params': 304961768, 'model_size': 1163.3368225097656, 'inference_time': 0}
2024-10-13 18:30:28,912 Pruning 768 in layer 19
2024-10-13 18:30:33,053 Gathering metrics
2024-10-13 18:30:56,615 {'acc1': 0.8010519801980198, 'acc5': 0.9452351485148515, 'loss': 91.9140447974205, 'macs': 15160860648, 'params': 304437224, 'model_size': 1161.3358459472656, 'inference_time': 0}
2024-10-13 18:30:56,639 Pruning 1024 in layer 19
2024-10-13 18:31:00,246 Gathering metrics
2024-10-13 18:31:23,817 {'acc1': 0.8016707920792079, 'acc5': 0.9452351485148515, 'loss': 91.85381723940372, 'macs': 15134633448, 'params': 303912680, 'model_size': 1159.3348693847656, 'inference_time': 0}
2024-10-13 18:31:23,843 Pruning 1280 in layer 19
2024-10-13 18:31:26,958 Gathering metrics
2024-10-13 18:31:50,913 {'acc1': 0.8001237623762376, 'acc5': 0.9443069306930693, 'loss': 92.01545925438404, 'macs': 15108406248, 'params': 303388136, 'model_size': 1157.3338928222656, 'inference_time': 0}
2024-10-13 18:31:50,938 Pruning 1536 in layer 19
2024-10-13 18:31:53,673 Gathering metrics
2024-10-13 18:32:18,801 {'acc1': 0.7991955445544554, 'acc5': 0.9446163366336634, 'loss': 91.90978369116783, 'macs': 15082179048, 'params': 302863592, 'model_size': 1155.3329162597656, 'inference_time': 0}
2024-10-13 18:32:18,827 Pruning 1792 in layer 19
2024-10-13 18:32:21,137 Gathering metrics
2024-10-13 18:32:44,576 {'acc1': 0.8004331683168316, 'acc5': 0.9458539603960396, 'loss': 91.38934618234634, 'macs': 15055951848, 'params': 302339048, 'model_size': 1153.3319396972656, 'inference_time': 0}
2024-10-13 18:32:44,601 Pruning 2048 in layer 19
2024-10-13 18:32:46,575 Gathering metrics
2024-10-13 18:33:10,024 {'acc1': 0.7991955445544554, 'acc5': 0.9449257425742574, 'loss': 91.52872177958488, 'macs': 15029724648, 'params': 301814504, 'model_size': 1151.3309631347656, 'inference_time': 0}
2024-10-13 18:33:10,053 Pruning 2304 in layer 19
2024-10-13 18:33:11,986 Gathering metrics
2024-10-13 18:33:35,770 {'acc1': 0.7988861386138614, 'acc5': 0.9436881188118812, 'loss': 91.64037618041039, 'macs': 15003497448, 'params': 301289960, 'model_size': 1149.3299865722656, 'inference_time': 0}
2024-10-13 18:33:35,795 Pruning 2560 in layer 19
2024-10-13 18:33:37,231 Gathering metrics
2024-10-13 18:34:00,447 {'acc1': 0.7970297029702971, 'acc5': 0.9446163366336634, 'loss': 92.17822550982237, 'macs': 14977270248, 'params': 300765416, 'model_size': 1147.3290100097656, 'inference_time': 0}
2024-10-13 18:34:00,473 Pruning 256 in layer 20
2024-10-13 18:34:05,940 Gathering metrics
2024-10-13 18:34:29,464 {'acc1': 0.8001237623762376, 'acc5': 0.9433787128712872, 'loss': 92.77312208712101, 'macs': 14977270248, 'params': 300765416, 'model_size': 1147.3290100097656, 'inference_time': 0}
2024-10-13 18:34:29,489 Pruning 512 in layer 20
2024-10-13 18:34:34,196 Gathering metrics
2024-10-13 18:34:57,526 {'acc1': 0.7973391089108911, 'acc5': 0.9436881188118812, 'loss': 92.74576780945063, 'macs': 14951043048, 'params': 300240872, 'model_size': 1145.3280334472656, 'inference_time': 0}
2024-10-13 18:34:57,552 Pruning 768 in layer 20
2024-10-13 18:35:01,670 Gathering metrics
2024-10-13 18:35:25,172 {'acc1': 0.7979579207920792, 'acc5': 0.9436881188118812, 'loss': 93.28429331630468, 'macs': 14924815848, 'params': 299716328, 'model_size': 1143.3270568847656, 'inference_time': 0}
2024-10-13 18:35:25,197 Pruning 1024 in layer 20
2024-10-13 18:35:28,808 Gathering metrics
2024-10-13 18:35:51,959 {'acc1': 0.7988861386138614, 'acc5': 0.9443069306930693, 'loss': 93.82428205013275, 'macs': 14898588648, 'params': 299191784, 'model_size': 1141.3260803222656, 'inference_time': 0}
2024-10-13 18:35:51,985 Pruning 1280 in layer 20
2024-10-13 18:35:55,084 Gathering metrics
2024-10-13 18:36:18,459 {'acc1': 0.7957920792079208, 'acc5': 0.9439975247524752, 'loss': 94.01287123560905, 'macs': 14872361448, 'params': 298667240, 'model_size': 1139.3251037597656, 'inference_time': 0}
2024-10-13 18:36:18,569 Pruning 1536 in layer 20
2024-10-13 18:36:21,297 Gathering metrics
2024-10-13 18:36:44,353 {'acc1': 0.7926980198019802, 'acc5': 0.9443069306930693, 'loss': 94.15926890075207, 'macs': 14846134248, 'params': 298142696, 'model_size': 1137.3241271972656, 'inference_time': 0}
2024-10-13 18:36:44,379 Pruning 256 in layer 21
2024-10-13 18:36:49,835 Gathering metrics
2024-10-13 18:37:12,941 {'acc1': 0.7973391089108911, 'acc5': 0.943069306930693, 'loss': 94.49144700169563, 'macs': 14846134248, 'params': 298142696, 'model_size': 1137.3241271972656, 'inference_time': 0}
2024-10-13 18:37:12,966 Pruning 512 in layer 21
2024-10-13 18:37:17,702 Gathering metrics
2024-10-13 18:37:41,507 {'acc1': 0.7939356435643564, 'acc5': 0.942450495049505, 'loss': 94.89269231259823, 'macs': 14819907048, 'params': 297618152, 'model_size': 1135.3231506347656, 'inference_time': 0}
2024-10-13 18:37:41,533 Pruning 768 in layer 21
2024-10-13 18:37:45,672 Gathering metrics
2024-10-13 18:38:09,141 {'acc1': 0.7923886138613861, 'acc5': 0.942450495049505, 'loss': 96.06096048653126, 'macs': 14793679848, 'params': 297093608, 'model_size': 1133.3221740722656, 'inference_time': 0}
2024-10-13 18:38:09,166 Pruning 1024 in layer 21
2024-10-13 18:38:12,770 Gathering metrics
2024-10-13 18:38:35,870 {'acc1': 0.7933168316831684, 'acc5': 0.9412128712871287, 'loss': 96.70088750123978, 'macs': 14767452648, 'params': 296569064, 'model_size': 1131.3211975097656, 'inference_time': 0}
2024-10-13 18:38:35,895 Pruning 1280 in layer 21
2024-10-13 18:38:39,002 Gathering metrics
2024-10-13 18:39:02,194 {'acc1': 0.7874381188118812, 'acc5': 0.9402846534653465, 'loss': 97.0676739513874, 'macs': 14741225448, 'params': 296044520, 'model_size': 1129.3202209472656, 'inference_time': 0}
2024-10-13 18:39:02,220 Pruning 256 in layer 22
2024-10-13 18:39:07,666 Gathering metrics
2024-10-13 18:39:30,757 {'acc1': 0.7880569306930693, 'acc5': 0.9405940594059405, 'loss': 98.50992988049984, 'macs': 14741225448, 'params': 296044520, 'model_size': 1129.3202209472656, 'inference_time': 0}
2024-10-13 18:39:30,782 Pruning 256 in layer 23
2024-10-13 18:39:36,226 Gathering metrics
2024-10-13 18:39:59,548 {'acc1': 0.7914603960396039, 'acc5': 0.9421410891089109, 'loss': 101.38856986165047, 'macs': 14741225448, 'params': 296044520, 'model_size': 1129.3202209472656, 'inference_time': 0}
2024-10-13 18:39:59,573 Pruning 512 in layer 23
2024-10-13 18:40:04,296 Gathering metrics
2024-10-13 18:40:27,625 {'acc1': 0.7902227722772277, 'acc5': 0.943069306930693, 'loss': 99.12915129959583, 'macs': 14714998248, 'params': 295519976, 'model_size': 1127.3192443847656, 'inference_time': 0}
2024-10-13 18:40:27,653 Pruning 768 in layer 23
2024-10-13 18:40:32,116 Gathering metrics
2024-10-13 18:40:55,593 {'acc1': 0.7902227722772277, 'acc5': 0.9421410891089109, 'loss': 98.07593156397343, 'macs': 14688771048, 'params': 294995432, 'model_size': 1125.3182678222656, 'inference_time': 0}
2024-10-13 18:40:55,622 Pruning 1024 in layer 23
2024-10-13 18:40:59,531 Gathering metrics
2024-10-13 18:41:22,678 {'acc1': 0.7883663366336634, 'acc5': 0.9405940594059405, 'loss': 98.38466173410416, 'macs': 14662543848, 'params': 294470888, 'model_size': 1123.3172912597656, 'inference_time': 0}
2024-10-13 18:41:22,690 Experiment finished
