2024-10-12 13:45:53,743 Starting experiment outputs/adaptive/vit_l_16/proj550
2024-10-12 13:45:53,743 Loading the original model
2024-10-12 13:45:54,962 Gathering metrics of the original model
2024-10-12 13:46:37,388 {'acc1': 0.8428217821782178, 'acc5': 0.968440594059406, 'loss': 72.06224512308836, 'macs': 59690947560, 'params': 304326632, 'model_size': 1160.9139709472656, 'inference_time': 0}
2024-10-12 13:46:37,413 Pruning 256 in layer 23
2024-10-12 13:46:42,917 Gathering metrics
2024-10-12 13:47:25,091 {'acc1': 0.8428217821782178, 'acc5': 0.968440594059406, 'loss': 72.06224509328604, 'macs': 59587612392, 'params': 303802088, 'model_size': 1158.9129943847656, 'inference_time': 0}
2024-10-12 13:47:25,120 Pruning 512 in layer 23
2024-10-12 13:47:29,840 Gathering metrics
2024-10-12 13:48:11,905 {'acc1': 0.8428217821782178, 'acc5': 0.968440594059406, 'loss': 72.06224513798952, 'macs': 59484277224, 'params': 303277544, 'model_size': 1156.9120178222656, 'inference_time': 0}
2024-10-12 13:48:11,932 Pruning 768 in layer 23
2024-10-12 13:48:16,403 Gathering metrics
2024-10-12 13:48:58,777 {'acc1': 0.8428217821782178, 'acc5': 0.968440594059406, 'loss': 72.06224524229765, 'macs': 59380942056, 'params': 302753000, 'model_size': 1154.9110412597656, 'inference_time': 0}
2024-10-12 13:48:58,802 Pruning 1024 in layer 23
2024-10-12 13:49:02,422 Gathering metrics
2024-10-12 13:49:44,272 {'acc1': 0.8428217821782178, 'acc5': 0.968440594059406, 'loss': 72.06224506348372, 'macs': 59277606888, 'params': 302228456, 'model_size': 1152.9100646972656, 'inference_time': 0}
2024-10-12 13:49:44,296 Pruning 1280 in layer 23
2024-10-12 13:49:47,420 Gathering metrics
2024-10-12 13:50:29,403 {'acc1': 0.8428217821782178, 'acc5': 0.968440594059406, 'loss': 72.06224509328604, 'macs': 59174271720, 'params': 301703912, 'model_size': 1150.9090881347656, 'inference_time': 0}
2024-10-12 13:50:29,427 Pruning 1536 in layer 23
2024-10-12 13:50:32,162 Gathering metrics
2024-10-12 13:51:14,036 {'acc1': 0.8428217821782178, 'acc5': 0.968440594059406, 'loss': 72.06224502623081, 'macs': 59070936552, 'params': 301179368, 'model_size': 1148.9081115722656, 'inference_time': 0}
2024-10-12 13:51:14,061 Pruning 1792 in layer 23
2024-10-12 13:51:16,369 Gathering metrics
2024-10-12 13:51:58,377 {'acc1': 0.8428217821782178, 'acc5': 0.968440594059406, 'loss': 72.06224501878023, 'macs': 58967601384, 'params': 300654824, 'model_size': 1146.9071350097656, 'inference_time': 0}
2024-10-12 13:51:58,402 Pruning 2048 in layer 23
2024-10-12 13:52:00,364 Gathering metrics
2024-10-12 13:52:42,248 {'acc1': 0.8428217821782178, 'acc5': 0.968440594059406, 'loss': 72.06224470585585, 'macs': 58864266216, 'params': 300130280, 'model_size': 1144.9061584472656, 'inference_time': 0}
2024-10-12 13:52:42,272 Pruning 2304 in layer 23
2024-10-12 13:52:43,980 Gathering metrics
2024-10-12 13:53:26,567 {'acc1': 0.8428217821782178, 'acc5': 0.968440594059406, 'loss': 72.0622446462512, 'macs': 58760931048, 'params': 299605736, 'model_size': 1142.9051818847656, 'inference_time': 0}
2024-10-12 13:53:26,592 Pruning 2560 in layer 23
2024-10-12 13:53:28,016 Gathering metrics
2024-10-12 13:54:11,338 {'acc1': 0.8428217821782178, 'acc5': 0.968440594059406, 'loss': 72.06224425137043, 'macs': 58657595880, 'params': 299081192, 'model_size': 1140.9042053222656, 'inference_time': 0}
2024-10-12 13:54:11,363 Pruning 2816 in layer 23
2024-10-12 13:54:12,580 Gathering metrics
2024-10-12 13:54:54,348 {'acc1': 0.8428217821782178, 'acc5': 0.968440594059406, 'loss': 72.0622433796525, 'macs': 58554260712, 'params': 298556648, 'model_size': 1138.9032287597656, 'inference_time': 0}
2024-10-12 13:54:54,374 Pruning 3072 in layer 23
2024-10-12 13:54:55,401 Gathering metrics
2024-10-12 13:55:37,290 {'acc1': 0.8428217821782178, 'acc5': 0.968440594059406, 'loss': 72.06224327534437, 'macs': 58450925544, 'params': 298032104, 'model_size': 1136.9022521972656, 'inference_time': 0}
2024-10-12 13:55:37,315 Pruning 3328 in layer 23
2024-10-12 13:55:38,183 Gathering metrics
2024-10-12 13:56:19,780 {'acc1': 0.8428217821782178, 'acc5': 0.968440594059406, 'loss': 72.06224274635315, 'macs': 58347590376, 'params': 297507560, 'model_size': 1134.9012756347656, 'inference_time': 0}
2024-10-12 13:56:19,888 Pruning 3584 in layer 23
2024-10-12 13:56:20,614 Gathering metrics
2024-10-12 13:57:02,401 {'acc1': 0.8428217821782178, 'acc5': 0.968440594059406, 'loss': 72.0622421503067, 'macs': 58244255208, 'params': 296983016, 'model_size': 1132.9002990722656, 'inference_time': 0}
2024-10-12 13:57:02,426 Pruning 3840 in layer 23
2024-10-12 13:57:03,012 Gathering metrics
2024-10-12 13:57:44,775 {'acc1': 0.8428217821782178, 'acc5': 0.968440594059406, 'loss': 72.06224174052477, 'macs': 58140920040, 'params': 296458472, 'model_size': 1130.8993225097656, 'inference_time': 0}
2024-10-12 13:57:44,800 Pruning 256 in layer 22
2024-10-12 13:57:50,294 Gathering metrics
2024-10-12 13:58:31,903 {'acc1': 0.8428217821782178, 'acc5': 0.968440594059406, 'loss': 72.06221671402454, 'macs': 58140920040, 'params': 296458472, 'model_size': 1130.8993225097656, 'inference_time': 0}
2024-10-12 13:58:31,928 Pruning 512 in layer 22
2024-10-12 13:58:36,660 Gathering metrics
2024-10-12 13:59:18,106 {'acc1': 0.8428217821782178, 'acc5': 0.968440594059406, 'loss': 72.06201837211847, 'macs': 58037584872, 'params': 295933928, 'model_size': 1128.8983459472656, 'inference_time': 0}
2024-10-12 13:59:18,131 Pruning 768 in layer 22
2024-10-12 13:59:22,263 Gathering metrics
2024-10-12 14:00:04,036 {'acc1': 0.8428217821782178, 'acc5': 0.968440594059406, 'loss': 72.06163977831602, 'macs': 57934249704, 'params': 295409384, 'model_size': 1126.8973693847656, 'inference_time': 0}
2024-10-12 14:00:04,061 Pruning 1024 in layer 22
2024-10-12 14:00:07,664 Gathering metrics
2024-10-12 14:00:49,630 {'acc1': 0.8428217821782178, 'acc5': 0.968440594059406, 'loss': 72.06100858002901, 'macs': 57830914536, 'params': 294884840, 'model_size': 1124.8963928222656, 'inference_time': 0}
2024-10-12 14:00:49,655 Pruning 1280 in layer 22
2024-10-12 14:00:52,792 Gathering metrics
2024-10-12 14:01:34,495 {'acc1': 0.8428217821782178, 'acc5': 0.968440594059406, 'loss': 72.06035536527634, 'macs': 57727579368, 'params': 294360296, 'model_size': 1122.8954162597656, 'inference_time': 0}
2024-10-12 14:01:34,521 Pruning 1536 in layer 22
2024-10-12 14:01:37,270 Gathering metrics
2024-10-12 14:02:18,548 {'acc1': 0.8428217821782178, 'acc5': 0.968440594059406, 'loss': 72.05970779806376, 'macs': 57624244200, 'params': 293835752, 'model_size': 1120.8944396972656, 'inference_time': 0}
2024-10-12 14:02:18,574 Pruning 1792 in layer 22
2024-10-12 14:02:20,890 Gathering metrics
2024-10-12 14:03:02,437 {'acc1': 0.8428217821782178, 'acc5': 0.968440594059406, 'loss': 72.05918776243925, 'macs': 57520909032, 'params': 293311208, 'model_size': 1118.8934631347656, 'inference_time': 0}
2024-10-12 14:03:02,462 Pruning 2048 in layer 22
2024-10-12 14:03:04,435 Gathering metrics
2024-10-12 14:03:45,724 {'acc1': 0.8428217821782178, 'acc5': 0.968440594059406, 'loss': 72.05891805887222, 'macs': 57417573864, 'params': 292786664, 'model_size': 1116.8924865722656, 'inference_time': 0}
2024-10-12 14:03:45,749 Pruning 2304 in layer 22
2024-10-12 14:03:47,454 Gathering metrics
2024-10-12 14:04:28,901 {'acc1': 0.8428217821782178, 'acc5': 0.968440594059406, 'loss': 72.05896317958832, 'macs': 57314238696, 'params': 292262120, 'model_size': 1114.8915100097656, 'inference_time': 0}
2024-10-12 14:04:28,927 Pruning 2560 in layer 22
2024-10-12 14:04:30,345 Gathering metrics
2024-10-12 14:05:11,542 {'acc1': 0.8428217821782178, 'acc5': 0.968440594059406, 'loss': 72.0594739690423, 'macs': 57210903528, 'params': 291737576, 'model_size': 1112.8905334472656, 'inference_time': 0}
2024-10-12 14:05:11,568 Pruning 2816 in layer 22
2024-10-12 14:05:12,772 Gathering metrics
2024-10-12 14:05:56,091 {'acc1': 0.8428217821782178, 'acc5': 0.968440594059406, 'loss': 72.06054974347353, 'macs': 57107568360, 'params': 291213032, 'model_size': 1110.8895568847656, 'inference_time': 0}
2024-10-12 14:05:56,117 Pruning 3072 in layer 22
2024-10-12 14:05:57,138 Gathering metrics
2024-10-12 14:06:40,734 {'acc1': 0.8428217821782178, 'acc5': 0.968440594059406, 'loss': 72.06216098368168, 'macs': 57004233192, 'params': 290688488, 'model_size': 1108.8885803222656, 'inference_time': 0}
2024-10-12 14:06:40,849 Pruning 3328 in layer 22
2024-10-12 14:06:41,708 Gathering metrics
2024-10-12 14:07:25,376 {'acc1': 0.8428217821782178, 'acc5': 0.968440594059406, 'loss': 72.0640999674797, 'macs': 56900898024, 'params': 290163944, 'model_size': 1106.8876037597656, 'inference_time': 0}
2024-10-12 14:07:25,402 Pruning 3584 in layer 22
2024-10-12 14:07:26,118 Gathering metrics
2024-10-12 14:08:09,720 {'acc1': 0.8428217821782178, 'acc5': 0.968440594059406, 'loss': 72.0608254596591, 'macs': 56797562856, 'params': 289639400, 'model_size': 1104.8866271972656, 'inference_time': 0}
2024-10-12 14:08:09,746 Pruning 3840 in layer 22
2024-10-12 14:08:10,320 Gathering metrics
2024-10-12 14:08:53,648 {'acc1': 0.8428217821782178, 'acc5': 0.968440594059406, 'loss': 71.8556830137968, 'macs': 56694227688, 'params': 289114856, 'model_size': 1102.8856506347656, 'inference_time': 0}
2024-10-12 14:08:53,674 Pruning 256 in layer 21
2024-10-12 14:08:59,158 Gathering metrics
2024-10-12 14:09:42,546 {'acc1': 0.8428217821782178, 'acc5': 0.968440594059406, 'loss': 72.10368215292692, 'macs': 56694227688, 'params': 289114856, 'model_size': 1102.8856506347656, 'inference_time': 0}
2024-10-12 14:09:42,573 Pruning 512 in layer 21
2024-10-12 14:09:47,298 Gathering metrics
2024-10-12 14:10:30,631 {'acc1': 0.8428217821782178, 'acc5': 0.968440594059406, 'loss': 72.22669859975576, 'macs': 56590892520, 'params': 288590312, 'model_size': 1100.8846740722656, 'inference_time': 0}
2024-10-12 14:10:30,658 Pruning 768 in layer 21
2024-10-12 14:10:34,836 Gathering metrics
2024-10-12 14:11:18,059 {'acc1': 0.8428217821782178, 'acc5': 0.968440594059406, 'loss': 72.41566658765078, 'macs': 56487557352, 'params': 288065768, 'model_size': 1098.8836975097656, 'inference_time': 0}
2024-10-12 14:11:18,084 Pruning 1024 in layer 21
2024-10-12 14:11:21,698 Gathering metrics
2024-10-12 14:12:03,773 {'acc1': 0.8428217821782178, 'acc5': 0.968440594059406, 'loss': 72.6782243475318, 'macs': 56384222184, 'params': 287541224, 'model_size': 1096.8827209472656, 'inference_time': 0}
2024-10-12 14:12:03,799 Pruning 1280 in layer 21
2024-10-12 14:12:06,934 Gathering metrics
2024-10-12 14:12:47,733 {'acc1': 0.8428217821782178, 'acc5': 0.968440594059406, 'loss': 73.01076889783144, 'macs': 56280887016, 'params': 287016680, 'model_size': 1094.8817443847656, 'inference_time': 0}
2024-10-12 14:12:47,759 Pruning 1536 in layer 21
2024-10-12 14:12:50,491 Gathering metrics
2024-10-12 14:13:31,399 {'acc1': 0.8428217821782178, 'acc5': 0.968440594059406, 'loss': 73.42433250695467, 'macs': 56177551848, 'params': 286492136, 'model_size': 1092.8807678222656, 'inference_time': 0}
2024-10-12 14:13:31,426 Pruning 1792 in layer 21
2024-10-12 14:13:33,762 Gathering metrics
2024-10-12 14:14:14,800 {'acc1': 0.8428217821782178, 'acc5': 0.968440594059406, 'loss': 73.93471924960613, 'macs': 56074216680, 'params': 285967592, 'model_size': 1090.8797912597656, 'inference_time': 0}
2024-10-12 14:14:14,826 Pruning 2048 in layer 21
2024-10-12 14:14:16,785 Gathering metrics
2024-10-12 14:14:57,874 {'acc1': 0.8428217821782178, 'acc5': 0.968440594059406, 'loss': 74.51581093668938, 'macs': 55970881512, 'params': 285443048, 'model_size': 1088.8788146972656, 'inference_time': 0}
2024-10-12 14:14:57,901 Pruning 2304 in layer 21
2024-10-12 14:14:59,618 Gathering metrics
2024-10-12 14:15:40,817 {'acc1': 0.8428217821782178, 'acc5': 0.968440594059406, 'loss': 75.23154014348984, 'macs': 55867546344, 'params': 284918504, 'model_size': 1086.8778381347656, 'inference_time': 0}
2024-10-12 14:15:40,846 Pruning 2560 in layer 21
2024-10-12 14:15:42,512 Gathering metrics
2024-10-12 14:16:23,719 {'acc1': 0.8428217821782178, 'acc5': 0.968440594059406, 'loss': 76.13474160432816, 'macs': 55764211176, 'params': 284393960, 'model_size': 1084.8768615722656, 'inference_time': 0}
2024-10-12 14:16:23,745 Pruning 2816 in layer 21
2024-10-12 14:16:24,934 Gathering metrics
2024-10-12 14:17:05,881 {'acc1': 0.8428217821782178, 'acc5': 0.968440594059406, 'loss': 77.29058083891869, 'macs': 55660876008, 'params': 283869416, 'model_size': 1082.8758850097656, 'inference_time': 0}
2024-10-12 14:17:05,994 Pruning 3072 in layer 21
2024-10-12 14:17:07,037 Gathering metrics
2024-10-12 14:17:48,297 {'acc1': 0.8428217821782178, 'acc5': 0.968440594059406, 'loss': 78.88142774999142, 'macs': 55557540840, 'params': 283344872, 'model_size': 1080.8749084472656, 'inference_time': 0}
2024-10-12 14:17:48,323 Pruning 3328 in layer 21
2024-10-12 14:17:49,174 Gathering metrics
2024-10-12 14:18:30,336 {'acc1': 0.8428217821782178, 'acc5': 0.968440594059406, 'loss': 81.03252604603767, 'macs': 55454205672, 'params': 282820328, 'model_size': 1078.8739318847656, 'inference_time': 0}
2024-10-12 14:18:30,363 Pruning 3584 in layer 21
2024-10-12 14:18:31,069 Gathering metrics
2024-10-12 14:19:12,470 {'acc1': 0.8425123762376238, 'acc5': 0.9681311881188119, 'loss': 84.24890205264091, 'macs': 55350870504, 'params': 282295784, 'model_size': 1076.8729553222656, 'inference_time': 0}
2024-10-12 14:19:12,497 Pruning 3840 in layer 21
2024-10-12 14:19:13,079 Gathering metrics
2024-10-12 14:19:58,645 {'acc1': 0.8422029702970297, 'acc5': 0.9681311881188119, 'loss': 89.63931438326836, 'macs': 55247535336, 'params': 281771240, 'model_size': 1074.8719787597656, 'inference_time': 0}
2024-10-12 14:19:58,671 Pruning 256 in layer 20
2024-10-12 14:20:04,126 Gathering metrics
2024-10-12 14:20:46,545 {'acc1': 0.8425123762376238, 'acc5': 0.9681311881188119, 'loss': 84.24930314719677, 'macs': 55247535336, 'params': 281771240, 'model_size': 1074.8719787597656, 'inference_time': 0}
2024-10-12 14:20:46,571 Pruning 512 in layer 20
2024-10-12 14:20:51,307 Gathering metrics
2024-10-12 14:21:32,982 {'acc1': 0.8425123762376238, 'acc5': 0.9681311881188119, 'loss': 84.25322651863098, 'macs': 55144200168, 'params': 281246696, 'model_size': 1072.8710021972656, 'inference_time': 0}
2024-10-12 14:21:33,007 Pruning 768 in layer 20
2024-10-12 14:21:37,165 Gathering metrics
2024-10-12 14:22:17,795 {'acc1': 0.8425123762376238, 'acc5': 0.9681311881188119, 'loss': 84.26248700916767, 'macs': 55040865000, 'params': 280722152, 'model_size': 1070.8700256347656, 'inference_time': 0}
2024-10-12 14:22:17,820 Pruning 1024 in layer 20
2024-10-12 14:22:21,437 Gathering metrics
2024-10-12 14:23:01,737 {'acc1': 0.8425123762376238, 'acc5': 0.9681311881188119, 'loss': 84.27621093392372, 'macs': 54937529832, 'params': 280197608, 'model_size': 1068.8690490722656, 'inference_time': 0}
2024-10-12 14:23:01,763 Pruning 1280 in layer 20
2024-10-12 14:23:04,910 Gathering metrics
2024-10-12 14:23:46,228 {'acc1': 0.8425123762376238, 'acc5': 0.9681311881188119, 'loss': 84.29476183652878, 'macs': 54834194664, 'params': 279673064, 'model_size': 1066.8680725097656, 'inference_time': 0}
2024-10-12 14:23:46,255 Pruning 1536 in layer 20
2024-10-12 14:23:48,992 Gathering metrics
2024-10-12 14:24:30,816 {'acc1': 0.8425123762376238, 'acc5': 0.9681311881188119, 'loss': 84.31806801259518, 'macs': 54730859496, 'params': 279148520, 'model_size': 1064.8670959472656, 'inference_time': 0}
2024-10-12 14:24:30,842 Pruning 1792 in layer 20
2024-10-12 14:24:33,164 Gathering metrics
2024-10-12 14:25:15,296 {'acc1': 0.8425123762376238, 'acc5': 0.9681311881188119, 'loss': 84.34588833153248, 'macs': 54627524328, 'params': 278623976, 'model_size': 1062.8661193847656, 'inference_time': 0}
2024-10-12 14:25:15,322 Pruning 2048 in layer 20
2024-10-12 14:25:17,293 Gathering metrics
2024-10-12 14:25:57,977 {'acc1': 0.8425123762376238, 'acc5': 0.9681311881188119, 'loss': 84.37525780498981, 'macs': 54524189160, 'params': 278099432, 'model_size': 1060.8651428222656, 'inference_time': 0}
2024-10-12 14:25:58,003 Pruning 2304 in layer 20
2024-10-12 14:25:59,699 Gathering metrics
2024-10-12 14:26:40,182 {'acc1': 0.8425123762376238, 'acc5': 0.9681311881188119, 'loss': 84.40599048137665, 'macs': 54420853992, 'params': 277574888, 'model_size': 1058.8641662597656, 'inference_time': 0}
2024-10-12 14:26:40,297 Pruning 2560 in layer 20
2024-10-12 14:26:41,713 Gathering metrics
2024-10-12 14:27:22,083 {'acc1': 0.8425123762376238, 'acc5': 0.9681311881188119, 'loss': 84.44025348126888, 'macs': 54317518824, 'params': 277050344, 'model_size': 1056.8631896972656, 'inference_time': 0}
2024-10-12 14:27:22,109 Pruning 2816 in layer 20
2024-10-12 14:27:23,313 Gathering metrics
2024-10-12 14:28:03,281 {'acc1': 0.8425123762376238, 'acc5': 0.9681311881188119, 'loss': 84.47271813452244, 'macs': 54214183656, 'params': 276525800, 'model_size': 1054.8622131347656, 'inference_time': 0}
2024-10-12 14:28:03,306 Pruning 3072 in layer 20
2024-10-12 14:28:04,321 Gathering metrics
2024-10-12 14:28:44,669 {'acc1': 0.8425123762376238, 'acc5': 0.9681311881188119, 'loss': 84.51388917863369, 'macs': 54110848488, 'params': 276001256, 'model_size': 1052.8612365722656, 'inference_time': 0}
2024-10-12 14:28:44,695 Pruning 3328 in layer 20
2024-10-12 14:28:45,548 Gathering metrics
2024-10-12 14:29:25,829 {'acc1': 0.8425123762376238, 'acc5': 0.9681311881188119, 'loss': 84.96742090582848, 'macs': 54007513320, 'params': 275476712, 'model_size': 1050.8602600097656, 'inference_time': 0}
2024-10-12 14:29:25,855 Pruning 3584 in layer 20
2024-10-12 14:29:26,577 Gathering metrics
2024-10-12 14:30:06,839 {'acc1': 0.8425123762376238, 'acc5': 0.9681311881188119, 'loss': 88.5510847568512, 'macs': 53904178152, 'params': 274952168, 'model_size': 1048.8592834472656, 'inference_time': 0}
2024-10-12 14:30:06,866 Pruning 3840 in layer 20
2024-10-12 14:30:07,446 Gathering metrics
2024-10-12 14:30:47,522 {'acc1': 0.8418935643564357, 'acc5': 0.968440594059406, 'loss': 94.72907662391663, 'macs': 53800842984, 'params': 274427624, 'model_size': 1046.8583068847656, 'inference_time': 0}
2024-10-12 14:30:47,547 Pruning 256 in layer 19
2024-10-12 14:30:52,999 Gathering metrics
2024-10-12 14:31:32,752 {'acc1': 0.8425123762376238, 'acc5': 0.9681311881188119, 'loss': 88.55651992559433, 'macs': 53800842984, 'params': 274427624, 'model_size': 1046.8583068847656, 'inference_time': 0}
2024-10-12 14:31:32,778 Pruning 512 in layer 19
2024-10-12 14:31:37,521 Gathering metrics
2024-10-12 14:32:17,654 {'acc1': 0.8425123762376238, 'acc5': 0.9681311881188119, 'loss': 88.59439414739609, 'macs': 53697507816, 'params': 273903080, 'model_size': 1044.8573303222656, 'inference_time': 0}
2024-10-12 14:32:17,679 Pruning 768 in layer 19
2024-10-12 14:32:21,845 Gathering metrics
2024-10-12 14:33:01,926 {'acc1': 0.8425123762376238, 'acc5': 0.9681311881188119, 'loss': 88.67551538348198, 'macs': 53594172648, 'params': 273378536, 'model_size': 1042.8563537597656, 'inference_time': 0}
2024-10-12 14:33:01,952 Pruning 1024 in layer 19
2024-10-12 14:33:05,568 Gathering metrics
2024-10-12 14:33:45,509 {'acc1': 0.8422029702970297, 'acc5': 0.9681311881188119, 'loss': 88.78791978955269, 'macs': 53490837480, 'params': 272853992, 'model_size': 1040.8553771972656, 'inference_time': 0}
2024-10-12 14:33:45,535 Pruning 1280 in layer 19
2024-10-12 14:33:48,670 Gathering metrics
2024-10-12 14:34:28,542 {'acc1': 0.8422029702970297, 'acc5': 0.9681311881188119, 'loss': 88.92733961343765, 'macs': 53387502312, 'params': 272329448, 'model_size': 1038.8544006347656, 'inference_time': 0}
2024-10-12 14:34:28,571 Pruning 1536 in layer 19
2024-10-12 14:34:31,603 Gathering metrics
2024-10-12 14:35:11,791 {'acc1': 0.8422029702970297, 'acc5': 0.9681311881188119, 'loss': 89.0871502161026, 'macs': 53284167144, 'params': 271804904, 'model_size': 1036.8534240722656, 'inference_time': 0}
2024-10-12 14:35:11,817 Pruning 1792 in layer 19
2024-10-12 14:35:14,140 Gathering metrics
2024-10-12 14:35:54,083 {'acc1': 0.8422029702970297, 'acc5': 0.9681311881188119, 'loss': 89.23078465461731, 'macs': 53180831976, 'params': 271280360, 'model_size': 1034.8524475097656, 'inference_time': 0}
2024-10-12 14:35:54,109 Pruning 2048 in layer 19
2024-10-12 14:35:56,089 Gathering metrics
2024-10-12 14:36:36,012 {'acc1': 0.8422029702970297, 'acc5': 0.9681311881188119, 'loss': 89.37003818154335, 'macs': 53077496808, 'params': 270755816, 'model_size': 1032.8514709472656, 'inference_time': 0}
2024-10-12 14:36:36,127 Pruning 2304 in layer 19
2024-10-12 14:36:37,819 Gathering metrics
2024-10-12 14:37:17,452 {'acc1': 0.8425123762376238, 'acc5': 0.9675123762376238, 'loss': 90.26233994960785, 'macs': 52974161640, 'params': 270231272, 'model_size': 1030.8504943847656, 'inference_time': 0}
2024-10-12 14:37:17,478 Pruning 2560 in layer 19
2024-10-12 14:37:18,891 Gathering metrics
2024-10-12 14:37:59,559 {'acc1': 0.8425123762376238, 'acc5': 0.9672029702970297, 'loss': 91.6026160120964, 'macs': 52870826472, 'params': 269706728, 'model_size': 1028.8495178222656, 'inference_time': 0}
2024-10-12 14:37:59,585 Pruning 2816 in layer 19
2024-10-12 14:38:00,794 Gathering metrics
2024-10-12 14:38:42,022 {'acc1': 0.8425123762376238, 'acc5': 0.9678217821782178, 'loss': 92.05829620361328, 'macs': 52767491304, 'params': 269182184, 'model_size': 1026.8485412597656, 'inference_time': 0}
2024-10-12 14:38:42,049 Pruning 3072 in layer 19
2024-10-12 14:38:43,074 Gathering metrics
2024-10-12 14:39:24,274 {'acc1': 0.8431311881188119, 'acc5': 0.9675123762376238, 'loss': 93.49507549405098, 'macs': 52664156136, 'params': 268657640, 'model_size': 1024.8475646972656, 'inference_time': 0}
2024-10-12 14:39:24,306 Pruning 3328 in layer 19
2024-10-12 14:39:25,176 Gathering metrics
2024-10-12 14:40:07,433 {'acc1': 0.8418935643564357, 'acc5': 0.9675123762376238, 'loss': 92.83589142560959, 'macs': 52560820968, 'params': 268133096, 'model_size': 1022.8465881347656, 'inference_time': 0}
2024-10-12 14:40:07,460 Pruning 3584 in layer 19
2024-10-12 14:40:08,178 Gathering metrics
2024-10-12 14:40:50,054 {'acc1': 0.8422029702970297, 'acc5': 0.9675123762376238, 'loss': 92.46369677782059, 'macs': 52457485800, 'params': 267608552, 'model_size': 1020.8456115722656, 'inference_time': 0}
2024-10-12 14:40:50,080 Pruning 3840 in layer 19
2024-10-12 14:40:50,654 Gathering metrics
2024-10-12 14:41:31,221 {'acc1': 0.843440594059406, 'acc5': 0.9678217821782178, 'loss': 90.0157677680254, 'macs': 52354150632, 'params': 267084008, 'model_size': 1018.8446350097656, 'inference_time': 0}
2024-10-12 14:41:31,247 Pruning 256 in layer 18
2024-10-12 14:41:36,738 Gathering metrics
2024-10-12 14:42:18,046 {'acc1': 0.8425123762376238, 'acc5': 0.9675123762376238, 'loss': 95.4802497625351, 'macs': 52354150632, 'params': 267084008, 'model_size': 1018.8446350097656, 'inference_time': 0}
2024-10-12 14:42:18,071 Pruning 512 in layer 18
2024-10-12 14:42:22,813 Gathering metrics
2024-10-12 14:43:05,159 {'acc1': 0.8422029702970297, 'acc5': 0.9672029702970297, 'loss': 98.97769716382027, 'macs': 52250815464, 'params': 266559464, 'model_size': 1016.8436584472656, 'inference_time': 0}
2024-10-12 14:43:05,186 Pruning 768 in layer 18
2024-10-12 14:43:09,355 Gathering metrics
2024-10-12 14:43:51,144 {'acc1': 0.8425123762376238, 'acc5': 0.9665841584158416, 'loss': 102.42129194736481, 'macs': 52147480296, 'params': 266034920, 'model_size': 1014.8426818847656, 'inference_time': 0}
2024-10-12 14:43:51,171 Pruning 1024 in layer 18
2024-10-12 14:43:54,781 Gathering metrics
2024-10-12 14:44:35,492 {'acc1': 0.8425123762376238, 'acc5': 0.9665841584158416, 'loss': 106.00893840193748, 'macs': 52044145128, 'params': 265510376, 'model_size': 1012.8417053222656, 'inference_time': 0}
2024-10-12 14:44:35,518 Pruning 1280 in layer 18
2024-10-12 14:44:38,659 Gathering metrics
2024-10-12 14:45:18,044 {'acc1': 0.8428217821782178, 'acc5': 0.9665841584158416, 'loss': 107.6687106192112, 'macs': 51940809960, 'params': 264985832, 'model_size': 1010.8407287597656, 'inference_time': 0}
2024-10-12 14:45:18,069 Pruning 1536 in layer 18
2024-10-12 14:45:20,803 Gathering metrics
2024-10-12 14:46:00,482 {'acc1': 0.8431311881188119, 'acc5': 0.9665841584158416, 'loss': 109.42197155952454, 'macs': 51837474792, 'params': 264461288, 'model_size': 1008.8397521972656, 'inference_time': 0}
2024-10-12 14:46:00,508 Pruning 1792 in layer 18
2024-10-12 14:46:02,845 Gathering metrics
2024-10-12 14:46:45,368 {'acc1': 0.8428217821782178, 'acc5': 0.9665841584158416, 'loss': 110.00050538778305, 'macs': 51734139624, 'params': 263936744, 'model_size': 1006.8387756347656, 'inference_time': 0}
2024-10-12 14:46:45,733 Pruning 2048 in layer 18
2024-10-12 14:46:47,943 Gathering metrics
2024-10-12 14:47:32,162 {'acc1': 0.8425123762376238, 'acc5': 0.9665841584158416, 'loss': 110.34843653440475, 'macs': 51630804456, 'params': 263412200, 'model_size': 1004.8377990722656, 'inference_time': 0}
2024-10-12 14:47:32,191 Pruning 2304 in layer 18
2024-10-12 14:47:33,878 Gathering metrics
2024-10-12 14:48:17,627 {'acc1': 0.8428217821782178, 'acc5': 0.9665841584158416, 'loss': 109.38555777072906, 'macs': 51527469288, 'params': 262887656, 'model_size': 1002.8368225097656, 'inference_time': 0}
2024-10-12 14:48:17,665 Pruning 2560 in layer 18
2024-10-12 14:48:19,311 Gathering metrics
2024-10-12 14:49:03,997 {'acc1': 0.8425123762376238, 'acc5': 0.9665841584158416, 'loss': 108.20332056283951, 'macs': 51424134120, 'params': 262363112, 'model_size': 1000.8358459472656, 'inference_time': 0}
2024-10-12 14:49:04,038 Pruning 2816 in layer 18
2024-10-12 14:49:05,450 Gathering metrics
2024-10-12 14:49:51,333 {'acc1': 0.8428217821782178, 'acc5': 0.9665841584158416, 'loss': 105.5958277285099, 'macs': 51320798952, 'params': 261838568, 'model_size': 998.8348693847656, 'inference_time': 0}
2024-10-12 14:49:51,377 Pruning 3072 in layer 18
2024-10-12 14:49:52,589 Gathering metrics
2024-10-12 14:50:37,341 {'acc1': 0.8428217821782178, 'acc5': 0.9668935643564357, 'loss': 102.81696313619614, 'macs': 51217463784, 'params': 261314024, 'model_size': 996.8338928222656, 'inference_time': 0}
2024-10-12 14:50:37,370 Pruning 3328 in layer 18
2024-10-12 14:50:38,216 Gathering metrics
2024-10-12 14:51:17,630 {'acc1': 0.8425123762376238, 'acc5': 0.9672029702970297, 'loss': 104.96216094493866, 'macs': 51114128616, 'params': 260789480, 'model_size': 994.8329162597656, 'inference_time': 0}
2024-10-12 14:51:17,659 Pruning 3584 in layer 18
2024-10-12 14:51:18,519 Gathering metrics
2024-10-12 14:51:57,770 {'acc1': 0.8428217821782178, 'acc5': 0.9668935643564357, 'loss': 106.53233693540096, 'macs': 51010793448, 'params': 260264936, 'model_size': 992.8319396972656, 'inference_time': 0}
2024-10-12 14:51:57,795 Pruning 3840 in layer 18
2024-10-12 14:51:58,373 Gathering metrics
2024-10-12 14:52:38,431 {'acc1': 0.8428217821782178, 'acc5': 0.9681311881188119, 'loss': 105.65290162712336, 'macs': 50907458280, 'params': 259740392, 'model_size': 990.8309631347656, 'inference_time': 0}
2024-10-12 14:52:38,457 Pruning 256 in layer 17
2024-10-12 14:52:43,950 Gathering metrics
2024-10-12 14:53:25,721 {'acc1': 0.8422029702970297, 'acc5': 0.9668935643564357, 'loss': 107.60150450468063, 'macs': 50907458280, 'params': 259740392, 'model_size': 990.8309631347656, 'inference_time': 0}
2024-10-12 14:53:25,747 Pruning 512 in layer 17
2024-10-12 14:53:30,507 Gathering metrics
2024-10-12 14:54:11,919 {'acc1': 0.8422029702970297, 'acc5': 0.9668935643564357, 'loss': 109.13217535614967, 'macs': 50804123112, 'params': 259215848, 'model_size': 988.8299865722656, 'inference_time': 0}
2024-10-12 14:54:11,946 Pruning 768 in layer 17
2024-10-12 14:54:16,114 Gathering metrics
2024-10-12 14:54:56,480 {'acc1': 0.8418935643564357, 'acc5': 0.9668935643564357, 'loss': 110.02140533924103, 'macs': 50700787944, 'params': 258691304, 'model_size': 986.8290100097656, 'inference_time': 0}
2024-10-12 14:54:56,507 Pruning 1024 in layer 17
2024-10-12 14:55:00,126 Gathering metrics
2024-10-12 14:55:41,153 {'acc1': 0.8415841584158416, 'acc5': 0.9668935643564357, 'loss': 110.1417728960514, 'macs': 50597452776, 'params': 258166760, 'model_size': 984.8280334472656, 'inference_time': 0}
2024-10-12 14:55:41,194 Pruning 1280 in layer 17
2024-10-12 14:55:44,674 Gathering metrics
2024-10-12 14:56:31,288 {'acc1': 0.8428217821782178, 'acc5': 0.9665841584158416, 'loss': 109.91122764348984, 'macs': 50494117608, 'params': 257642216, 'model_size': 982.8270568847656, 'inference_time': 0}
2024-10-12 14:56:31,327 Pruning 1536 in layer 17
2024-10-12 14:56:34,393 Gathering metrics
2024-10-12 14:57:20,338 {'acc1': 0.8418935643564357, 'acc5': 0.9668935643564357, 'loss': 110.49232256412506, 'macs': 50390782440, 'params': 257117672, 'model_size': 980.8260803222656, 'inference_time': 0}
2024-10-12 14:57:20,797 Pruning 1792 in layer 17
2024-10-12 14:57:23,424 Gathering metrics
2024-10-12 14:58:08,720 {'acc1': 0.8422029702970297, 'acc5': 0.9665841584158416, 'loss': 110.27140867710114, 'macs': 50287447272, 'params': 256593128, 'model_size': 978.8251037597656, 'inference_time': 0}
2024-10-12 14:58:08,763 Pruning 2048 in layer 17
2024-10-12 14:58:11,041 Gathering metrics
2024-10-12 14:58:57,426 {'acc1': 0.8422029702970297, 'acc5': 0.9668935643564357, 'loss': 110.45555165410042, 'macs': 50184112104, 'params': 256068584, 'model_size': 976.8241271972656, 'inference_time': 0}
2024-10-12 14:58:57,468 Pruning 2304 in layer 17
2024-10-12 14:58:59,446 Gathering metrics
2024-10-12 14:59:44,654 {'acc1': 0.8422029702970297, 'acc5': 0.9668935643564357, 'loss': 110.89370423555374, 'macs': 50080776936, 'params': 255544040, 'model_size': 974.8231506347656, 'inference_time': 0}
2024-10-12 14:59:44,695 Pruning 2560 in layer 17
2024-10-12 14:59:46,398 Gathering metrics
2024-10-12 15:00:28,972 {'acc1': 0.843440594059406, 'acc5': 0.9656559405940595, 'loss': 110.83006379008293, 'macs': 49977441768, 'params': 255019496, 'model_size': 972.8221740722656, 'inference_time': 0}
2024-10-12 15:00:29,000 Pruning 2816 in layer 17
2024-10-12 15:00:30,196 Gathering metrics
2024-10-12 15:01:08,650 {'acc1': 0.8425123762376238, 'acc5': 0.9662747524752475, 'loss': 109.24846079945564, 'macs': 49874106600, 'params': 254494952, 'model_size': 970.8211975097656, 'inference_time': 0}
2024-10-12 15:01:08,676 Pruning 3072 in layer 17
2024-10-12 15:01:09,687 Gathering metrics
2024-10-12 15:01:48,224 {'acc1': 0.8422029702970297, 'acc5': 0.9662747524752475, 'loss': 107.43510642647743, 'macs': 49770771432, 'params': 253970408, 'model_size': 968.8202209472656, 'inference_time': 0}
2024-10-12 15:01:48,250 Pruning 3328 in layer 17
2024-10-12 15:01:49,097 Gathering metrics
2024-10-12 15:02:27,499 {'acc1': 0.8397277227722773, 'acc5': 0.9665841584158416, 'loss': 106.99015867710114, 'macs': 49667436264, 'params': 253445864, 'model_size': 966.8192443847656, 'inference_time': 0}
2024-10-12 15:02:27,525 Pruning 3584 in layer 17
2024-10-12 15:02:28,224 Gathering metrics
2024-10-12 15:03:06,569 {'acc1': 0.8360148514851485, 'acc5': 0.9668935643564357, 'loss': 103.17817951738834, 'macs': 49564101096, 'params': 252921320, 'model_size': 964.8182678222656, 'inference_time': 0}
2024-10-12 15:03:06,596 Pruning 256 in layer 16
2024-10-12 15:03:12,048 Gathering metrics
2024-10-12 15:03:50,838 {'acc1': 0.8412747524752475, 'acc5': 0.9668935643564357, 'loss': 106.54890331625938, 'macs': 49564101096, 'params': 252921320, 'model_size': 964.8182678222656, 'inference_time': 0}
2024-10-12 15:03:50,863 Pruning 512 in layer 16
2024-10-12 15:03:55,582 Gathering metrics
2024-10-12 15:04:34,471 {'acc1': 0.8403465346534653, 'acc5': 0.9672029702970297, 'loss': 106.10217297077179, 'macs': 49460765928, 'params': 252396776, 'model_size': 962.8172912597656, 'inference_time': 0}
2024-10-12 15:04:34,497 Pruning 768 in layer 16
2024-10-12 15:04:38,637 Gathering metrics
2024-10-12 15:05:19,255 {'acc1': 0.8397277227722773, 'acc5': 0.9678217821782178, 'loss': 105.67358985543251, 'macs': 49357430760, 'params': 251872232, 'model_size': 960.8163146972656, 'inference_time': 0}
2024-10-12 15:05:19,281 Pruning 1024 in layer 16
2024-10-12 15:05:22,892 Gathering metrics
2024-10-12 15:06:03,198 {'acc1': 0.8406559405940595, 'acc5': 0.9678217821782178, 'loss': 105.61880703270435, 'macs': 49254095592, 'params': 251347688, 'model_size': 958.8153381347656, 'inference_time': 0}
2024-10-12 15:06:03,225 Pruning 1280 in layer 16
2024-10-12 15:06:06,366 Gathering metrics
2024-10-12 15:06:47,284 {'acc1': 0.8418935643564357, 'acc5': 0.9681311881188119, 'loss': 105.21501964330673, 'macs': 49150760424, 'params': 250823144, 'model_size': 956.8143615722656, 'inference_time': 0}
2024-10-12 15:06:47,311 Pruning 1536 in layer 16
2024-10-12 15:06:50,053 Gathering metrics
2024-10-12 15:07:29,537 {'acc1': 0.8428217821782178, 'acc5': 0.96875, 'loss': 105.17644917964935, 'macs': 49047425256, 'params': 250298600, 'model_size': 954.8133850097656, 'inference_time': 0}
2024-10-12 15:07:29,729 Pruning 1792 in layer 16
2024-10-12 15:07:32,051 Gathering metrics
2024-10-12 15:08:10,002 {'acc1': 0.8415841584158416, 'acc5': 0.9681311881188119, 'loss': 105.09791910648346, 'macs': 48944090088, 'params': 249774056, 'model_size': 952.8124084472656, 'inference_time': 0}
2024-10-12 15:08:10,029 Pruning 2048 in layer 16
2024-10-12 15:08:12,021 Gathering metrics
2024-10-12 15:08:50,530 {'acc1': 0.8415841584158416, 'acc5': 0.96875, 'loss': 104.79439854621887, 'macs': 48840754920, 'params': 249249512, 'model_size': 950.8114318847656, 'inference_time': 0}
2024-10-12 15:08:50,559 Pruning 2304 in layer 16
2024-10-12 15:08:52,493 Gathering metrics
2024-10-12 15:09:30,830 {'acc1': 0.8409653465346535, 'acc5': 0.9693688118811881, 'loss': 104.00830900669098, 'macs': 48737419752, 'params': 248724968, 'model_size': 948.8104553222656, 'inference_time': 0}
2024-10-12 15:09:30,856 Pruning 2560 in layer 16
2024-10-12 15:09:32,279 Gathering metrics
2024-10-12 15:10:10,389 {'acc1': 0.8403465346534653, 'acc5': 0.969059405940594, 'loss': 104.17094230651855, 'macs': 48634084584, 'params': 248200424, 'model_size': 946.8094787597656, 'inference_time': 0}
2024-10-12 15:10:10,415 Pruning 2816 in layer 16
2024-10-12 15:10:11,615 Gathering metrics
2024-10-12 15:10:49,421 {'acc1': 0.8378712871287128, 'acc5': 0.969059405940594, 'loss': 103.95031690597534, 'macs': 48530749416, 'params': 247675880, 'model_size': 944.8085021972656, 'inference_time': 0}
2024-10-12 15:10:49,447 Pruning 3072 in layer 16
2024-10-12 15:10:50,461 Gathering metrics
2024-10-12 15:11:28,600 {'acc1': 0.8394183168316832, 'acc5': 0.96875, 'loss': 103.7008068561554, 'macs': 48427414248, 'params': 247151336, 'model_size': 942.8075256347656, 'inference_time': 0}
2024-10-12 15:11:28,627 Pruning 3328 in layer 16
2024-10-12 15:11:29,486 Gathering metrics
2024-10-12 15:12:07,318 {'acc1': 0.8363242574257426, 'acc5': 0.9668935643564357, 'loss': 104.91308508813381, 'macs': 48324079080, 'params': 246626792, 'model_size': 940.8065490722656, 'inference_time': 0}
2024-10-12 15:12:07,344 Pruning 3584 in layer 16
2024-10-12 15:12:08,051 Gathering metrics
2024-10-12 15:12:46,099 {'acc1': 0.8304455445544554, 'acc5': 0.9656559405940595, 'loss': 106.31761527061462, 'macs': 48220743912, 'params': 246102248, 'model_size': 938.8055725097656, 'inference_time': 0}
2024-10-12 15:12:46,126 Pruning 256 in layer 15
2024-10-12 15:12:51,583 Gathering metrics
2024-10-12 15:13:29,478 {'acc1': 0.8369430693069307, 'acc5': 0.9668935643564357, 'loss': 104.79440519213676, 'macs': 48220743912, 'params': 246102248, 'model_size': 938.8055725097656, 'inference_time': 0}
2024-10-12 15:13:29,504 Pruning 512 in layer 15
2024-10-12 15:13:34,249 Gathering metrics
2024-10-12 15:14:12,348 {'acc1': 0.8366336633663366, 'acc5': 0.9665841584158416, 'loss': 104.74902541935444, 'macs': 48117408744, 'params': 245577704, 'model_size': 936.8045959472656, 'inference_time': 0}
2024-10-12 15:14:12,376 Pruning 768 in layer 15
2024-10-12 15:14:16,849 Gathering metrics
2024-10-12 15:14:54,750 {'acc1': 0.8372524752475248, 'acc5': 0.9678217821782178, 'loss': 105.03113153576851, 'macs': 48014073576, 'params': 245053160, 'model_size': 934.8036193847656, 'inference_time': 0}
2024-10-12 15:14:54,777 Pruning 1024 in layer 15
2024-10-12 15:14:58,434 Gathering metrics
2024-10-12 15:15:37,582 {'acc1': 0.8369430693069307, 'acc5': 0.9678217821782178, 'loss': 105.22942723333836, 'macs': 47910738408, 'params': 244528616, 'model_size': 932.8026428222656, 'inference_time': 0}
2024-10-12 15:15:37,610 Pruning 1280 in layer 15
2024-10-12 15:15:40,738 Gathering metrics
2024-10-12 15:16:20,083 {'acc1': 0.8363242574257426, 'acc5': 0.9675123762376238, 'loss': 105.05142340064049, 'macs': 47807403240, 'params': 244004072, 'model_size': 930.8016662597656, 'inference_time': 0}
2024-10-12 15:16:20,109 Pruning 1536 in layer 15
2024-10-12 15:16:22,861 Gathering metrics
2024-10-12 15:17:02,652 {'acc1': 0.8350866336633663, 'acc5': 0.9672029702970297, 'loss': 105.15632396936417, 'macs': 47704068072, 'params': 243479528, 'model_size': 928.8006896972656, 'inference_time': 0}
2024-10-12 15:17:02,767 Pruning 1792 in layer 15
2024-10-12 15:17:05,091 Gathering metrics
2024-10-12 15:17:42,998 {'acc1': 0.8344678217821783, 'acc5': 0.9662747524752475, 'loss': 104.87234938144684, 'macs': 47600732904, 'params': 242954984, 'model_size': 926.7997131347656, 'inference_time': 0}
2024-10-12 15:17:43,028 Pruning 2048 in layer 15
2024-10-12 15:17:45,276 Gathering metrics
2024-10-12 15:18:22,909 {'acc1': 0.8347772277227723, 'acc5': 0.9665841584158416, 'loss': 105.05245643854141, 'macs': 47497397736, 'params': 242430440, 'model_size': 924.7987365722656, 'inference_time': 0}
2024-10-12 15:18:22,936 Pruning 2304 in layer 15
2024-10-12 15:18:24,626 Gathering metrics
2024-10-12 15:19:02,329 {'acc1': 0.8298267326732673, 'acc5': 0.9668935643564357, 'loss': 104.95286555588245, 'macs': 47394062568, 'params': 241905896, 'model_size': 922.7977600097656, 'inference_time': 0}
2024-10-12 15:19:02,358 Pruning 256 in layer 14
2024-10-12 15:19:07,825 Gathering metrics
2024-10-12 15:19:45,169 {'acc1': 0.8341584158415841, 'acc5': 0.9656559405940595, 'loss': 105.13485772907734, 'macs': 47394062568, 'params': 241905896, 'model_size': 922.7977600097656, 'inference_time': 0}
2024-10-12 15:19:45,195 Pruning 512 in layer 14
2024-10-12 15:19:49,938 Gathering metrics
2024-10-12 15:20:27,659 {'acc1': 0.8338490099009901, 'acc5': 0.9653465346534653, 'loss': 105.24675680696964, 'macs': 47290727400, 'params': 241381352, 'model_size': 920.7967834472656, 'inference_time': 0}
2024-10-12 15:20:27,688 Pruning 768 in layer 14
2024-10-12 15:20:32,157 Gathering metrics
2024-10-12 15:21:11,291 {'acc1': 0.833230198019802, 'acc5': 0.9653465346534653, 'loss': 105.44626984000206, 'macs': 47187392232, 'params': 240856808, 'model_size': 918.7958068847656, 'inference_time': 0}
2024-10-12 15:21:11,326 Pruning 1024 in layer 14
2024-10-12 15:21:15,274 Gathering metrics
2024-10-12 15:21:58,860 {'acc1': 0.8307549504950495, 'acc5': 0.9653465346534653, 'loss': 105.64194099605083, 'macs': 47084057064, 'params': 240332264, 'model_size': 916.7948303222656, 'inference_time': 0}
2024-10-12 15:21:58,896 Pruning 256 in layer 13
2024-10-12 15:22:04,747 Gathering metrics
2024-10-12 15:22:42,978 {'acc1': 0.8323019801980198, 'acc5': 0.9644183168316832, 'loss': 105.516999989748, 'macs': 47084057064, 'params': 240332264, 'model_size': 916.7948303222656, 'inference_time': 0}
2024-10-12 15:22:43,005 Pruning 512 in layer 13
2024-10-12 15:22:47,793 Gathering metrics
2024-10-12 15:23:25,426 {'acc1': 0.8326113861386139, 'acc5': 0.9641089108910891, 'loss': 105.48854547739029, 'macs': 46980721896, 'params': 239807720, 'model_size': 914.7938537597656, 'inference_time': 0}
2024-10-12 15:23:25,453 Pruning 768 in layer 13
2024-10-12 15:23:29,605 Gathering metrics
2024-10-12 15:24:06,952 {'acc1': 0.8313737623762376, 'acc5': 0.9641089108910891, 'loss': 105.62005712091923, 'macs': 46877386728, 'params': 239283176, 'model_size': 912.7928771972656, 'inference_time': 0}
2024-10-12 15:24:06,979 Pruning 1024 in layer 13
2024-10-12 15:24:10,612 Gathering metrics
2024-10-12 15:24:47,988 {'acc1': 0.8310643564356436, 'acc5': 0.963490099009901, 'loss': 105.62671108543873, 'macs': 46774051560, 'params': 238758632, 'model_size': 910.7919006347656, 'inference_time': 0}
2024-10-12 15:24:48,015 Pruning 1280 in layer 13
2024-10-12 15:24:51,210 Gathering metrics
2024-10-12 15:25:28,472 {'acc1': 0.8307549504950495, 'acc5': 0.963799504950495, 'loss': 105.92137084901333, 'macs': 46670716392, 'params': 238234088, 'model_size': 908.7909240722656, 'inference_time': 0}
2024-10-12 15:25:28,498 Pruning 1536 in layer 13
2024-10-12 15:25:31,238 Gathering metrics
2024-10-12 15:26:08,623 {'acc1': 0.8307549504950495, 'acc5': 0.9628712871287128, 'loss': 106.05265566706657, 'macs': 46567381224, 'params': 237709544, 'model_size': 906.7899475097656, 'inference_time': 0}
2024-10-12 15:26:08,743 Pruning 1792 in layer 13
2024-10-12 15:26:11,335 Gathering metrics
2024-10-12 15:26:48,535 {'acc1': 0.8304455445544554, 'acc5': 0.9628712871287128, 'loss': 105.98949509859085, 'macs': 46464046056, 'params': 237185000, 'model_size': 904.7889709472656, 'inference_time': 0}
2024-10-12 15:26:48,562 Pruning 2048 in layer 13
2024-10-12 15:26:50,543 Gathering metrics
2024-10-12 15:27:27,904 {'acc1': 0.8279702970297029, 'acc5': 0.9625618811881188, 'loss': 105.99679996073246, 'macs': 46360710888, 'params': 236660456, 'model_size': 902.7879943847656, 'inference_time': 0}
2024-10-12 15:27:27,930 Pruning 256 in layer 12
2024-10-12 15:27:33,424 Gathering metrics
2024-10-12 15:28:10,852 {'acc1': 0.8288985148514851, 'acc5': 0.9625618811881188, 'loss': 106.12373369932175, 'macs': 46360710888, 'params': 236660456, 'model_size': 902.7879943847656, 'inference_time': 0}
2024-10-12 15:28:10,881 Pruning 512 in layer 12
2024-10-12 15:28:15,978 Gathering metrics
2024-10-12 15:28:53,130 {'acc1': 0.8292079207920792, 'acc5': 0.963180693069307, 'loss': 106.21793374419212, 'macs': 46257375720, 'params': 236135912, 'model_size': 900.7870178222656, 'inference_time': 0}
2024-10-12 15:28:53,157 Pruning 768 in layer 12
2024-10-12 15:28:57,307 Gathering metrics
2024-10-12 15:29:34,383 {'acc1': 0.8295173267326733, 'acc5': 0.963180693069307, 'loss': 106.3528178781271, 'macs': 46154040552, 'params': 235611368, 'model_size': 898.7860412597656, 'inference_time': 0}
2024-10-12 15:29:34,414 Pruning 1024 in layer 12
2024-10-12 15:29:38,043 Gathering metrics
2024-10-12 15:30:15,334 {'acc1': 0.8295173267326733, 'acc5': 0.9628712871287128, 'loss': 106.50256332755089, 'macs': 46050705384, 'params': 235086824, 'model_size': 896.7850646972656, 'inference_time': 0}
2024-10-12 15:30:15,361 Pruning 1280 in layer 12
2024-10-12 15:30:18,512 Gathering metrics
2024-10-12 15:30:55,842 {'acc1': 0.8298267326732673, 'acc5': 0.9625618811881188, 'loss': 106.58554309606552, 'macs': 45947370216, 'params': 234562280, 'model_size': 894.7840881347656, 'inference_time': 0}
2024-10-12 15:30:55,869 Pruning 1536 in layer 12
2024-10-12 15:30:58,605 Gathering metrics
2024-10-12 15:31:35,780 {'acc1': 0.8295173267326733, 'acc5': 0.9628712871287128, 'loss': 106.79973171651363, 'macs': 45844035048, 'params': 234037736, 'model_size': 892.7831115722656, 'inference_time': 0}
2024-10-12 15:31:35,807 Pruning 1792 in layer 12
2024-10-12 15:31:38,139 Gathering metrics
2024-10-12 15:32:15,337 {'acc1': 0.8304455445544554, 'acc5': 0.9641089108910891, 'loss': 106.77438001334667, 'macs': 45740699880, 'params': 233513192, 'model_size': 890.7821350097656, 'inference_time': 0}
2024-10-12 15:32:15,368 Pruning 2048 in layer 12
2024-10-12 15:32:17,342 Gathering metrics
2024-10-12 15:32:54,398 {'acc1': 0.8292079207920792, 'acc5': 0.9641089108910891, 'loss': 106.98638638854027, 'macs': 45637364712, 'params': 232988648, 'model_size': 888.7811584472656, 'inference_time': 0}
2024-10-12 15:32:54,430 Pruning 2304 in layer 12
2024-10-12 15:32:56,141 Gathering metrics
2024-10-12 15:33:33,201 {'acc1': 0.8288985148514851, 'acc5': 0.9644183168316832, 'loss': 107.07292018830776, 'macs': 45534029544, 'params': 232464104, 'model_size': 886.7801818847656, 'inference_time': 0}
2024-10-12 15:33:33,228 Pruning 2560 in layer 12
2024-10-12 15:33:34,658 Gathering metrics
2024-10-12 15:34:11,269 {'acc1': 0.8292079207920792, 'acc5': 0.9650371287128713, 'loss': 107.1118081510067, 'macs': 45430694376, 'params': 231939560, 'model_size': 884.7792053222656, 'inference_time': 0}
2024-10-12 15:34:11,295 Pruning 2816 in layer 12
2024-10-12 15:34:12,505 Gathering metrics
2024-10-12 15:34:49,158 {'acc1': 0.8282797029702971, 'acc5': 0.9641089108910891, 'loss': 107.28352047502995, 'macs': 45327359208, 'params': 231415016, 'model_size': 882.7782287597656, 'inference_time': 0}
2024-10-12 15:34:49,184 Pruning 3072 in layer 12
2024-10-12 15:34:50,197 Gathering metrics
2024-10-12 15:35:26,633 {'acc1': 0.8282797029702971, 'acc5': 0.9628712871287128, 'loss': 107.7223042100668, 'macs': 45224024040, 'params': 230890472, 'model_size': 880.7772521972656, 'inference_time': 0}
2024-10-12 15:35:26,745 Pruning 3328 in layer 12
2024-10-12 15:35:27,591 Gathering metrics
2024-10-12 15:36:04,252 {'acc1': 0.8254950495049505, 'acc5': 0.963180693069307, 'loss': 108.13332556188107, 'macs': 45120688872, 'params': 230365928, 'model_size': 878.7762756347656, 'inference_time': 0}
2024-10-12 15:36:04,278 Pruning 256 in layer 11
2024-10-12 15:36:09,771 Gathering metrics
2024-10-12 15:36:46,471 {'acc1': 0.8261138613861386, 'acc5': 0.9625618811881188, 'loss': 107.87596699595451, 'macs': 45120688872, 'params': 230365928, 'model_size': 878.7762756347656, 'inference_time': 0}
2024-10-12 15:36:46,497 Pruning 512 in layer 11
2024-10-12 15:36:51,242 Gathering metrics
2024-10-12 15:37:27,949 {'acc1': 0.8258044554455446, 'acc5': 0.963799504950495, 'loss': 107.89397665858269, 'macs': 45017353704, 'params': 229841384, 'model_size': 876.7752990722656, 'inference_time': 0}
2024-10-12 15:37:27,975 Pruning 768 in layer 11
2024-10-12 15:37:32,113 Gathering metrics
2024-10-12 15:38:08,535 {'acc1': 0.8267326732673267, 'acc5': 0.963180693069307, 'loss': 107.97089025378227, 'macs': 44914018536, 'params': 229316840, 'model_size': 874.7743225097656, 'inference_time': 0}
2024-10-12 15:38:08,562 Pruning 1024 in layer 11
2024-10-12 15:38:12,202 Gathering metrics
2024-10-12 15:38:48,996 {'acc1': 0.8251856435643564, 'acc5': 0.9644183168316832, 'loss': 108.15118506550789, 'macs': 44810683368, 'params': 228792296, 'model_size': 872.7733459472656, 'inference_time': 0}
2024-10-12 15:38:49,023 Pruning 1280 in layer 11
2024-10-12 15:38:52,191 Gathering metrics
2024-10-12 15:39:28,917 {'acc1': 0.8258044554455446, 'acc5': 0.963799504950495, 'loss': 108.42821565270424, 'macs': 44707348200, 'params': 228267752, 'model_size': 870.7723693847656, 'inference_time': 0}
2024-10-12 15:39:28,944 Pruning 1536 in layer 11
2024-10-12 15:39:31,705 Gathering metrics
2024-10-12 15:40:08,324 {'acc1': 0.8251856435643564, 'acc5': 0.963180693069307, 'loss': 108.38496060669422, 'macs': 44604013032, 'params': 227743208, 'model_size': 868.7713928222656, 'inference_time': 0}
2024-10-12 15:40:08,351 Pruning 1792 in layer 11
2024-10-12 15:40:10,698 Gathering metrics
2024-10-12 15:40:46,981 {'acc1': 0.8258044554455446, 'acc5': 0.9625618811881188, 'loss': 108.3123102337122, 'macs': 44500677864, 'params': 227218664, 'model_size': 866.7704162597656, 'inference_time': 0}
2024-10-12 15:40:47,008 Pruning 2048 in layer 11
2024-10-12 15:40:48,959 Gathering metrics
2024-10-12 15:41:25,135 {'acc1': 0.8258044554455446, 'acc5': 0.963490099009901, 'loss': 108.80318681895733, 'macs': 44397342696, 'params': 226694120, 'model_size': 864.7694396972656, 'inference_time': 0}
2024-10-12 15:41:25,162 Pruning 2304 in layer 11
2024-10-12 15:41:26,845 Gathering metrics
2024-10-12 15:42:03,439 {'acc1': 0.8239480198019802, 'acc5': 0.963180693069307, 'loss': 108.87718783318996, 'macs': 44294007528, 'params': 226169576, 'model_size': 862.7684631347656, 'inference_time': 0}
2024-10-12 15:42:03,470 Pruning 256 in layer 10
2024-10-12 15:42:09,336 Gathering metrics
2024-10-12 15:42:45,823 {'acc1': 0.8245668316831684, 'acc5': 0.9625618811881188, 'loss': 108.78134444355965, 'macs': 44294007528, 'params': 226169576, 'model_size': 862.7684631347656, 'inference_time': 0}
2024-10-12 15:42:45,849 Pruning 512 in layer 10
2024-10-12 15:42:50,586 Gathering metrics
2024-10-12 15:43:27,003 {'acc1': 0.8264232673267327, 'acc5': 0.963180693069307, 'loss': 108.82105277478695, 'macs': 44190672360, 'params': 225645032, 'model_size': 860.7674865722656, 'inference_time': 0}
2024-10-12 15:43:27,030 Pruning 768 in layer 10
2024-10-12 15:43:31,178 Gathering metrics
2024-10-12 15:44:07,399 {'acc1': 0.8251856435643564, 'acc5': 0.9625618811881188, 'loss': 108.81147395074368, 'macs': 44087337192, 'params': 225120488, 'model_size': 858.7665100097656, 'inference_time': 0}
2024-10-12 15:44:07,516 Pruning 1024 in layer 10
2024-10-12 15:44:11,125 Gathering metrics
2024-10-12 15:44:47,462 {'acc1': 0.8248762376237624, 'acc5': 0.963180693069307, 'loss': 108.83176630735397, 'macs': 43984002024, 'params': 224595944, 'model_size': 856.7655334472656, 'inference_time': 0}
2024-10-12 15:44:47,489 Pruning 1280 in layer 10
2024-10-12 15:44:50,622 Gathering metrics
2024-10-12 15:45:26,795 {'acc1': 0.8254950495049505, 'acc5': 0.9628712871287128, 'loss': 109.02818223834038, 'macs': 43880666856, 'params': 224071400, 'model_size': 854.7645568847656, 'inference_time': 0}
2024-10-12 15:45:26,822 Pruning 1536 in layer 10
2024-10-12 15:45:29,565 Gathering metrics
2024-10-12 15:46:05,761 {'acc1': 0.8242574257425742, 'acc5': 0.9622524752475248, 'loss': 109.03162936866283, 'macs': 43777331688, 'params': 223546856, 'model_size': 852.7635803222656, 'inference_time': 0}
2024-10-12 15:46:05,787 Pruning 1792 in layer 10
2024-10-12 15:46:08,120 Gathering metrics
2024-10-12 15:46:44,343 {'acc1': 0.8242574257425742, 'acc5': 0.9616336633663366, 'loss': 109.15786136686802, 'macs': 43673996520, 'params': 223022312, 'model_size': 850.7626037597656, 'inference_time': 0}
2024-10-12 15:46:44,370 Pruning 2048 in layer 10
2024-10-12 15:46:46,332 Gathering metrics
2024-10-12 15:47:22,621 {'acc1': 0.8242574257425742, 'acc5': 0.9625618811881188, 'loss': 109.12639813125134, 'macs': 43570661352, 'params': 222497768, 'model_size': 848.7616271972656, 'inference_time': 0}
2024-10-12 15:47:22,648 Pruning 2304 in layer 10
2024-10-12 15:47:24,333 Gathering metrics
2024-10-12 15:48:00,410 {'acc1': 0.8251856435643564, 'acc5': 0.9622524752475248, 'loss': 109.31766065955162, 'macs': 43467326184, 'params': 221973224, 'model_size': 846.7606506347656, 'inference_time': 0}
2024-10-12 15:48:00,437 Pruning 2560 in layer 10
2024-10-12 15:48:01,855 Gathering metrics
2024-10-12 15:48:38,113 {'acc1': 0.8245668316831684, 'acc5': 0.9619430693069307, 'loss': 109.41412325203419, 'macs': 43363991016, 'params': 221448680, 'model_size': 844.7596740722656, 'inference_time': 0}
2024-10-12 15:48:38,142 Pruning 2816 in layer 10
2024-10-12 15:48:39,564 Gathering metrics
2024-10-12 15:49:15,546 {'acc1': 0.8245668316831684, 'acc5': 0.9616336633663366, 'loss': 109.49488835036755, 'macs': 43260655848, 'params': 220924136, 'model_size': 842.7586975097656, 'inference_time': 0}
2024-10-12 15:49:15,574 Pruning 3072 in layer 10
2024-10-12 15:49:16,588 Gathering metrics
2024-10-12 15:49:52,582 {'acc1': 0.8242574257425742, 'acc5': 0.9625618811881188, 'loss': 109.41633155941963, 'macs': 43157320680, 'params': 220399592, 'model_size': 840.7577209472656, 'inference_time': 0}
2024-10-12 15:49:52,610 Pruning 3328 in layer 10
2024-10-12 15:49:53,461 Gathering metrics
2024-10-12 15:50:29,615 {'acc1': 0.8254950495049505, 'acc5': 0.9616336633663366, 'loss': 109.82199221849442, 'macs': 43053985512, 'params': 219875048, 'model_size': 838.7567443847656, 'inference_time': 0}
2024-10-12 15:50:29,642 Pruning 3584 in layer 10
2024-10-12 15:50:30,358 Gathering metrics
2024-10-12 15:51:06,351 {'acc1': 0.8248762376237624, 'acc5': 0.9622524752475248, 'loss': 110.04845987260342, 'macs': 42950650344, 'params': 219350504, 'model_size': 836.7557678222656, 'inference_time': 0}
2024-10-12 15:51:06,377 Pruning 3840 in layer 10
2024-10-12 15:51:06,950 Gathering metrics
2024-10-12 15:51:42,585 {'acc1': 0.8227103960396039, 'acc5': 0.9594678217821783, 'loss': 111.16484704613686, 'macs': 42847315176, 'params': 218825960, 'model_size': 834.7547912597656, 'inference_time': 0}
2024-10-12 15:51:42,612 Pruning 256 in layer 9
2024-10-12 15:51:48,095 Gathering metrics
2024-10-12 15:52:23,919 {'acc1': 0.8254950495049505, 'acc5': 0.9622524752475248, 'loss': 110.15932847559452, 'macs': 42847315176, 'params': 218825960, 'model_size': 834.7547912597656, 'inference_time': 0}
2024-10-12 15:52:23,948 Pruning 512 in layer 9
2024-10-12 15:52:28,722 Gathering metrics
2024-10-12 15:53:04,861 {'acc1': 0.8248762376237624, 'acc5': 0.9619430693069307, 'loss': 110.22294889390469, 'macs': 42743980008, 'params': 218301416, 'model_size': 832.7538146972656, 'inference_time': 0}
2024-10-12 15:53:04,979 Pruning 768 in layer 9
2024-10-12 15:53:09,157 Gathering metrics
2024-10-12 15:53:45,281 {'acc1': 0.8233292079207921, 'acc5': 0.9616336633663366, 'loss': 110.24258866906166, 'macs': 42640644840, 'params': 217776872, 'model_size': 830.7528381347656, 'inference_time': 0}
2024-10-12 15:53:45,308 Pruning 1024 in layer 9
2024-10-12 15:53:48,935 Gathering metrics
2024-10-12 15:54:25,199 {'acc1': 0.8233292079207921, 'acc5': 0.9628712871287128, 'loss': 110.33473886549473, 'macs': 42537309672, 'params': 217252328, 'model_size': 828.7518615722656, 'inference_time': 0}
2024-10-12 15:54:25,226 Pruning 1280 in layer 9
2024-10-12 15:54:28,369 Gathering metrics
2024-10-12 15:55:03,988 {'acc1': 0.8233292079207921, 'acc5': 0.9622524752475248, 'loss': 110.42797474563122, 'macs': 42433974504, 'params': 216727784, 'model_size': 826.7508850097656, 'inference_time': 0}
2024-10-12 15:55:04,015 Pruning 1536 in layer 9
2024-10-12 15:55:06,758 Gathering metrics
2024-10-12 15:55:42,612 {'acc1': 0.8220915841584159, 'acc5': 0.9628712871287128, 'loss': 110.37602506577969, 'macs': 42330639336, 'params': 216203240, 'model_size': 824.7499084472656, 'inference_time': 0}
2024-10-12 15:55:42,639 Pruning 1792 in layer 9
2024-10-12 15:55:44,953 Gathering metrics
2024-10-12 15:56:20,553 {'acc1': 0.823019801980198, 'acc5': 0.9625618811881188, 'loss': 110.37644970417023, 'macs': 42227304168, 'params': 215678696, 'model_size': 822.7489318847656, 'inference_time': 0}
2024-10-12 15:56:20,579 Pruning 2048 in layer 9
2024-10-12 15:56:22,541 Gathering metrics
2024-10-12 15:56:58,146 {'acc1': 0.8236386138613861, 'acc5': 0.9619430693069307, 'loss': 110.52303716540337, 'macs': 42123969000, 'params': 215154152, 'model_size': 820.7479553222656, 'inference_time': 0}
2024-10-12 15:56:58,173 Pruning 2304 in layer 9
2024-10-12 15:56:59,862 Gathering metrics
2024-10-12 15:57:35,456 {'acc1': 0.8227103960396039, 'acc5': 0.9625618811881188, 'loss': 110.60348324477673, 'macs': 42020633832, 'params': 214629608, 'model_size': 818.7469787597656, 'inference_time': 0}
2024-10-12 15:57:35,482 Pruning 2560 in layer 9
2024-10-12 15:57:36,888 Gathering metrics
2024-10-12 15:58:12,365 {'acc1': 0.8233292079207921, 'acc5': 0.9619430693069307, 'loss': 110.60528396070004, 'macs': 41917298664, 'params': 214105064, 'model_size': 816.7460021972656, 'inference_time': 0}
2024-10-12 15:58:12,392 Pruning 2816 in layer 9
2024-10-12 15:58:13,619 Gathering metrics
2024-10-12 15:58:48,863 {'acc1': 0.823019801980198, 'acc5': 0.9619430693069307, 'loss': 110.8631184399128, 'macs': 41813963496, 'params': 213580520, 'model_size': 814.7450256347656, 'inference_time': 0}
2024-10-12 15:58:48,891 Pruning 3072 in layer 9
2024-10-12 15:58:49,922 Gathering metrics
2024-10-12 15:59:25,561 {'acc1': 0.8220915841584159, 'acc5': 0.9610148514851485, 'loss': 111.36936338245869, 'macs': 41710628328, 'params': 213055976, 'model_size': 812.7440490722656, 'inference_time': 0}
2024-10-12 15:59:25,588 Pruning 3328 in layer 9
2024-10-12 15:59:26,448 Gathering metrics
2024-10-12 16:00:01,935 {'acc1': 0.8205445544554455, 'acc5': 0.9616336633663366, 'loss': 111.96875824034214, 'macs': 41607293160, 'params': 212531432, 'model_size': 810.7430725097656, 'inference_time': 0}
2024-10-12 16:00:01,962 Pruning 256 in layer 8
2024-10-12 16:00:07,443 Gathering metrics
2024-10-12 16:00:43,104 {'acc1': 0.8214727722772277, 'acc5': 0.9607054455445545, 'loss': 111.66278937458992, 'macs': 41607293160, 'params': 212531432, 'model_size': 810.7430725097656, 'inference_time': 0}
2024-10-12 16:00:43,131 Pruning 512 in layer 8
2024-10-12 16:00:47,891 Gathering metrics
2024-10-12 16:01:23,140 {'acc1': 0.8199257425742574, 'acc5': 0.9607054455445545, 'loss': 111.85817761719227, 'macs': 41503957992, 'params': 212006888, 'model_size': 808.7420959472656, 'inference_time': 0}
2024-10-12 16:01:23,166 Pruning 768 in layer 8
2024-10-12 16:01:27,339 Gathering metrics
2024-10-12 16:02:02,481 {'acc1': 0.8202351485148515, 'acc5': 0.9607054455445545, 'loss': 112.12452566623688, 'macs': 41400622824, 'params': 211482344, 'model_size': 806.7411193847656, 'inference_time': 0}
2024-10-12 16:02:02,597 Pruning 1024 in layer 8
2024-10-12 16:02:06,216 Gathering metrics
2024-10-12 16:02:41,437 {'acc1': 0.8205445544554455, 'acc5': 0.9610148514851485, 'loss': 112.3788512647152, 'macs': 41297287656, 'params': 210957800, 'model_size': 804.7401428222656, 'inference_time': 0}
2024-10-12 16:02:41,464 Pruning 1280 in layer 8
2024-10-12 16:02:44,599 Gathering metrics
2024-10-12 16:03:19,647 {'acc1': 0.8211633663366337, 'acc5': 0.9610148514851485, 'loss': 112.61420196294785, 'macs': 41193952488, 'params': 210433256, 'model_size': 802.7391662597656, 'inference_time': 0}
2024-10-12 16:03:19,674 Pruning 1536 in layer 8
2024-10-12 16:03:22,414 Gathering metrics
2024-10-12 16:03:57,693 {'acc1': 0.8183787128712872, 'acc5': 0.9600866336633663, 'loss': 112.9403972029686, 'macs': 41090617320, 'params': 209908712, 'model_size': 800.7381896972656, 'inference_time': 0}
2024-10-12 16:03:57,720 Pruning 256 in layer 7
2024-10-12 16:04:03,225 Gathering metrics
2024-10-12 16:04:38,641 {'acc1': 0.8196163366336634, 'acc5': 0.9616336633663366, 'loss': 112.73100754618645, 'macs': 41090617320, 'params': 209908712, 'model_size': 800.7381896972656, 'inference_time': 0}
2024-10-12 16:04:38,668 Pruning 512 in layer 7
2024-10-12 16:04:43,396 Gathering metrics
2024-10-12 16:05:18,749 {'acc1': 0.8193069306930693, 'acc5': 0.9610148514851485, 'loss': 112.82578691840172, 'macs': 40987282152, 'params': 209384168, 'model_size': 798.7372131347656, 'inference_time': 0}
2024-10-12 16:05:18,776 Pruning 768 in layer 7
2024-10-12 16:05:22,941 Gathering metrics
2024-10-12 16:05:58,044 {'acc1': 0.8193069306930693, 'acc5': 0.9603960396039604, 'loss': 112.98376096785069, 'macs': 40883946984, 'params': 208859624, 'model_size': 796.7362365722656, 'inference_time': 0}
2024-10-12 16:05:58,071 Pruning 1024 in layer 7
2024-10-12 16:06:01,699 Gathering metrics
2024-10-12 16:06:36,593 {'acc1': 0.8189975247524752, 'acc5': 0.9610148514851485, 'loss': 113.06990419328213, 'macs': 40780611816, 'params': 208335080, 'model_size': 794.7352600097656, 'inference_time': 0}
2024-10-12 16:06:36,621 Pruning 1280 in layer 7
2024-10-12 16:06:39,787 Gathering metrics
2024-10-12 16:07:14,835 {'acc1': 0.817450495049505, 'acc5': 0.9607054455445545, 'loss': 113.16008558869362, 'macs': 40677276648, 'params': 207810536, 'model_size': 792.7342834472656, 'inference_time': 0}
2024-10-12 16:07:14,862 Pruning 256 in layer 6
2024-10-12 16:07:20,353 Gathering metrics
2024-10-12 16:07:55,270 {'acc1': 0.8183787128712872, 'acc5': 0.9607054455445545, 'loss': 113.28346954286098, 'macs': 40677276648, 'params': 207810536, 'model_size': 792.7342834472656, 'inference_time': 0}
2024-10-12 16:07:55,298 Pruning 512 in layer 6
2024-10-12 16:08:00,059 Gathering metrics
2024-10-12 16:08:35,093 {'acc1': 0.8171410891089109, 'acc5': 0.9607054455445545, 'loss': 113.45820900797844, 'macs': 40573941480, 'params': 207285992, 'model_size': 790.7333068847656, 'inference_time': 0}
2024-10-12 16:08:35,120 Pruning 768 in layer 6
2024-10-12 16:08:39,252 Gathering metrics
2024-10-12 16:09:14,413 {'acc1': 0.8159034653465347, 'acc5': 0.9600866336633663, 'loss': 113.79123064875603, 'macs': 40470606312, 'params': 206761448, 'model_size': 788.7323303222656, 'inference_time': 0}
2024-10-12 16:09:14,440 Pruning 1024 in layer 6
2024-10-12 16:09:18,071 Gathering metrics
2024-10-12 16:09:52,879 {'acc1': 0.8131188118811881, 'acc5': 0.9597772277227723, 'loss': 113.9836802482605, 'macs': 40367271144, 'params': 206236904, 'model_size': 786.7313537597656, 'inference_time': 0}
2024-10-12 16:09:52,999 Pruning 256 in layer 5
2024-10-12 16:09:58,876 Gathering metrics
2024-10-12 16:10:33,687 {'acc1': 0.8149752475247525, 'acc5': 0.9600866336633663, 'loss': 113.9456170797348, 'macs': 40367271144, 'params': 206236904, 'model_size': 786.7313537597656, 'inference_time': 0}
2024-10-12 16:10:33,714 Pruning 512 in layer 5
2024-10-12 16:10:38,457 Gathering metrics
2024-10-12 16:11:13,232 {'acc1': 0.8140470297029703, 'acc5': 0.9585396039603961, 'loss': 114.24133674800396, 'macs': 40263935976, 'params': 205712360, 'model_size': 784.7303771972656, 'inference_time': 0}
2024-10-12 16:11:13,258 Pruning 768 in layer 5
2024-10-12 16:11:17,391 Gathering metrics
2024-10-12 16:11:52,292 {'acc1': 0.8134282178217822, 'acc5': 0.9579207920792079, 'loss': 114.67613287270069, 'macs': 40160600808, 'params': 205187816, 'model_size': 782.7294006347656, 'inference_time': 0}
2024-10-12 16:11:52,322 Pruning 1024 in layer 5
2024-10-12 16:11:56,259 Gathering metrics
2024-10-12 16:12:30,988 {'acc1': 0.8143564356435643, 'acc5': 0.9576113861386139, 'loss': 114.98719571530819, 'macs': 40057265640, 'params': 204663272, 'model_size': 780.7284240722656, 'inference_time': 0}
2024-10-12 16:12:31,015 Pruning 1280 in layer 5
2024-10-12 16:12:34,159 Gathering metrics
2024-10-12 16:13:08,751 {'acc1': 0.8131188118811881, 'acc5': 0.9566831683168316, 'loss': 115.19768743216991, 'macs': 39953930472, 'params': 204138728, 'model_size': 778.7274475097656, 'inference_time': 0}
2024-10-12 16:13:08,778 Pruning 1536 in layer 5
2024-10-12 16:13:11,520 Gathering metrics
2024-10-12 16:13:46,344 {'acc1': 0.812190594059406, 'acc5': 0.9573019801980198, 'loss': 115.55013772845268, 'macs': 39850595304, 'params': 203614184, 'model_size': 776.7264709472656, 'inference_time': 0}
2024-10-12 16:13:46,376 Pruning 256 in layer 4
2024-10-12 16:13:51,839 Gathering metrics
2024-10-12 16:14:26,454 {'acc1': 0.8125, 'acc5': 0.958230198019802, 'loss': 115.43840178847313, 'macs': 39850595304, 'params': 203614184, 'model_size': 776.7264709472656, 'inference_time': 0}
2024-10-12 16:14:26,481 Pruning 512 in layer 4
2024-10-12 16:14:31,243 Gathering metrics
2024-10-12 16:15:06,071 {'acc1': 0.8125, 'acc5': 0.9566831683168316, 'loss': 115.64730671048164, 'macs': 39747260136, 'params': 203089640, 'model_size': 774.7254943847656, 'inference_time': 0}
2024-10-12 16:15:06,100 Pruning 768 in layer 4
2024-10-12 16:15:10,575 Gathering metrics
2024-10-12 16:15:45,252 {'acc1': 0.812809405940594, 'acc5': 0.9573019801980198, 'loss': 115.916841968894, 'macs': 39643924968, 'params': 202565096, 'model_size': 772.7245178222656, 'inference_time': 0}
2024-10-12 16:15:45,281 Pruning 1024 in layer 4
2024-10-12 16:15:49,204 Gathering metrics
2024-10-12 16:16:23,605 {'acc1': 0.8118811881188119, 'acc5': 0.9569925742574258, 'loss': 116.20043587684631, 'macs': 39540589800, 'params': 202040552, 'model_size': 770.7235412597656, 'inference_time': 0}
2024-10-12 16:16:23,632 Pruning 1280 in layer 4
2024-10-12 16:16:26,789 Gathering metrics
2024-10-12 16:17:01,303 {'acc1': 0.8106435643564357, 'acc5': 0.9563737623762376, 'loss': 116.47679464519024, 'macs': 39437254632, 'params': 201516008, 'model_size': 768.7225646972656, 'inference_time': 0}
2024-10-12 16:17:01,331 Pruning 1536 in layer 4
2024-10-12 16:17:04,076 Gathering metrics
2024-10-12 16:17:38,431 {'acc1': 0.8112623762376238, 'acc5': 0.9551361386138614, 'loss': 116.64278952777386, 'macs': 39333919464, 'params': 200991464, 'model_size': 766.7215881347656, 'inference_time': 0}
2024-10-12 16:17:38,460 Pruning 1792 in layer 4
2024-10-12 16:17:41,044 Gathering metrics
2024-10-12 16:18:15,409 {'acc1': 0.8112623762376238, 'acc5': 0.9538985148514851, 'loss': 116.87494032084942, 'macs': 39230584296, 'params': 200466920, 'model_size': 764.7206115722656, 'inference_time': 0}
2024-10-12 16:18:15,439 Pruning 2048 in layer 4
2024-10-12 16:18:17,677 Gathering metrics
2024-10-12 16:18:52,419 {'acc1': 0.8109529702970297, 'acc5': 0.9542079207920792, 'loss': 117.31801328063011, 'macs': 39127249128, 'params': 199942376, 'model_size': 762.7196350097656, 'inference_time': 0}
2024-10-12 16:18:52,536 Pruning 2304 in layer 4
2024-10-12 16:18:54,264 Gathering metrics
2024-10-12 16:19:28,892 {'acc1': 0.8112623762376238, 'acc5': 0.9532797029702971, 'loss': 117.54776774346828, 'macs': 39023913960, 'params': 199417832, 'model_size': 760.7186584472656, 'inference_time': 0}
2024-10-12 16:19:28,919 Pruning 2560 in layer 4
2024-10-12 16:19:30,334 Gathering metrics
2024-10-12 16:20:04,742 {'acc1': 0.8109529702970297, 'acc5': 0.9526608910891089, 'loss': 117.9337737262249, 'macs': 38920578792, 'params': 198893288, 'model_size': 758.7176818847656, 'inference_time': 0}
2024-10-12 16:20:04,769 Pruning 2816 in layer 4
2024-10-12 16:20:05,965 Gathering metrics
2024-10-12 16:20:40,488 {'acc1': 0.8094059405940595, 'acc5': 0.9520420792079208, 'loss': 118.33378502726555, 'macs': 38817243624, 'params': 198368744, 'model_size': 756.7167053222656, 'inference_time': 0}
2024-10-12 16:20:40,517 Pruning 256 in layer 3
2024-10-12 16:20:46,388 Gathering metrics
2024-10-12 16:21:21,006 {'acc1': 0.8103341584158416, 'acc5': 0.9523514851485149, 'loss': 118.03848749399185, 'macs': 38817243624, 'params': 198368744, 'model_size': 756.7167053222656, 'inference_time': 0}
2024-10-12 16:21:21,034 Pruning 512 in layer 3
2024-10-12 16:21:25,795 Gathering metrics
2024-10-12 16:22:00,124 {'acc1': 0.8090965346534653, 'acc5': 0.9520420792079208, 'loss': 118.2213837057352, 'macs': 38713908456, 'params': 197844200, 'model_size': 754.7157287597656, 'inference_time': 0}
2024-10-12 16:22:00,151 Pruning 768 in layer 3
2024-10-12 16:22:04,338 Gathering metrics
2024-10-12 16:22:38,298 {'acc1': 0.8084777227722773, 'acc5': 0.9517326732673267, 'loss': 118.52449581027031, 'macs': 38610573288, 'params': 197319656, 'model_size': 752.7147521972656, 'inference_time': 0}
2024-10-12 16:22:38,326 Pruning 1024 in layer 3
2024-10-12 16:22:41,967 Gathering metrics
2024-10-12 16:23:16,069 {'acc1': 0.807549504950495, 'acc5': 0.9523514851485149, 'loss': 118.57214303314686, 'macs': 38507238120, 'params': 196795112, 'model_size': 750.7137756347656, 'inference_time': 0}
2024-10-12 16:23:16,096 Pruning 1280 in layer 3
2024-10-12 16:23:19,236 Gathering metrics
2024-10-12 16:23:53,370 {'acc1': 0.806930693069307, 'acc5': 0.9523514851485149, 'loss': 118.80209532380104, 'macs': 38403902952, 'params': 196270568, 'model_size': 748.7127990722656, 'inference_time': 0}
2024-10-12 16:23:53,398 Pruning 256 in layer 2
2024-10-12 16:23:58,872 Gathering metrics
2024-10-12 16:24:32,888 {'acc1': 0.807240099009901, 'acc5': 0.9508044554455446, 'loss': 118.7887873351574, 'macs': 38403902952, 'params': 196270568, 'model_size': 748.7127990722656, 'inference_time': 0}
2024-10-12 16:24:32,915 Pruning 512 in layer 2
2024-10-12 16:24:37,669 Gathering metrics
2024-10-12 16:25:11,875 {'acc1': 0.807240099009901, 'acc5': 0.9520420792079208, 'loss': 118.95043900609016, 'macs': 38300567784, 'params': 195746024, 'model_size': 746.7118225097656, 'inference_time': 0}
2024-10-12 16:25:11,902 Pruning 768 in layer 2
2024-10-12 16:25:16,056 Gathering metrics
2024-10-12 16:25:49,856 {'acc1': 0.8053836633663366, 'acc5': 0.9517326732673267, 'loss': 119.08974896371365, 'macs': 38197232616, 'params': 195221480, 'model_size': 744.7108459472656, 'inference_time': 0}
2024-10-12 16:25:49,882 Pruning 1024 in layer 2
2024-10-12 16:25:53,475 Gathering metrics
2024-10-12 16:26:27,450 {'acc1': 0.8035272277227723, 'acc5': 0.9504950495049505, 'loss': 119.38974025845528, 'macs': 38093897448, 'params': 194696936, 'model_size': 742.7098693847656, 'inference_time': 0}
2024-10-12 16:26:27,477 Pruning 256 in layer 1
2024-10-12 16:26:32,964 Gathering metrics
2024-10-12 16:27:06,891 {'acc1': 0.8044554455445545, 'acc5': 0.9492574257425742, 'loss': 119.85204328596592, 'macs': 38093897448, 'params': 194696936, 'model_size': 742.7098693847656, 'inference_time': 0}
2024-10-12 16:27:07,011 Pruning 512 in layer 1
2024-10-12 16:27:12,128 Gathering metrics
2024-10-12 16:27:46,406 {'acc1': 0.8032178217821783, 'acc5': 0.9492574257425742, 'loss': 120.49917893111706, 'macs': 37990562280, 'params': 194172392, 'model_size': 740.7088928222656, 'inference_time': 0}
2024-10-12 16:27:46,437 Pruning 768 in layer 1
2024-10-12 16:27:50,964 Gathering metrics
2024-10-12 16:28:24,901 {'acc1': 0.8022896039603961, 'acc5': 0.9477103960396039, 'loss': 121.33666603267193, 'macs': 37887227112, 'params': 193647848, 'model_size': 738.7079162597656, 'inference_time': 0}
2024-10-12 16:28:24,929 Pruning 1024 in layer 1
2024-10-12 16:28:28,539 Gathering metrics
2024-10-12 16:29:02,449 {'acc1': 0.8004331683168316, 'acc5': 0.9477103960396039, 'loss': 122.45679879188538, 'macs': 37783891944, 'params': 193123304, 'model_size': 736.7069396972656, 'inference_time': 0}
2024-10-12 16:29:02,476 Pruning 256 in layer 0
2024-10-12 16:29:07,966 Gathering metrics
2024-10-12 16:29:42,009 {'acc1': 0.7991955445544554, 'acc5': 0.9467821782178217, 'loss': 124.50987720489502, 'macs': 37783891944, 'params': 193123304, 'model_size': 736.7069396972656, 'inference_time': 0}
2024-10-12 16:29:42,036 Pruning 512 in layer 0
2024-10-12 16:29:46,767 Gathering metrics
2024-10-12 16:30:20,510 {'acc1': 0.7936262376237624, 'acc5': 0.9443069306930693, 'loss': 128.8424606025219, 'macs': 37680556776, 'params': 192598760, 'model_size': 734.7059631347656, 'inference_time': 0}
2024-10-12 16:30:20,527 Experiment finished
