2024-10-13 19:32:47,065 Starting experiment outputs/adaptive/vit_h_14/l1
2024-10-13 19:32:47,065 Loading the original model
2024-10-13 19:32:50,923 Gathering metrics of the original model
2024-10-13 19:35:11,518 {'acc1': 0.9634615384615385, 'acc5': 0.9951923076923077, 'loss': 10.94629063270986, 'macs': 863467906280, 'params': 633470440, 'model_size': 2416.4979553222656, 'inference_time': 0}
2024-10-13 19:35:11,552 Pruning 512 in layer 0
2024-10-13 19:35:11,588 Gathering metrics
2024-10-13 19:37:31,614 {'acc1': 0.9634615384615385, 'acc5': 0.9951923076923077, 'loss': 10.95373542420566, 'macs': 861671518440, 'params': 632159208, 'model_size': 2411.4960021972656, 'inference_time': 0}
2024-10-13 19:37:31,656 Pruning 1024 in layer 0
2024-10-13 19:37:31,658 Gathering metrics
2024-10-13 19:39:51,227 {'acc1': 0.9625, 'acc5': 0.9942307692307693, 'loss': 11.051841256208718, 'macs': 859875130600, 'params': 630847976, 'model_size': 2406.4940490722656, 'inference_time': 0}
2024-10-13 19:39:51,264 Pruning 1536 in layer 0
2024-10-13 19:39:51,266 Gathering metrics
2024-10-13 19:42:10,867 {'acc1': 0.9596153846153846, 'acc5': 0.9951923076923077, 'loss': 11.471240467391908, 'macs': 858078742760, 'params': 629536744, 'model_size': 2401.4920959472656, 'inference_time': 0}
2024-10-13 19:42:10,901 Pruning 512 in layer 1
2024-10-13 19:42:10,902 Gathering metrics
2024-10-13 19:44:30,303 {'acc1': 0.9634615384615385, 'acc5': 0.9961538461538462, 'loss': 11.255256444215775, 'macs': 858078742760, 'params': 629536744, 'model_size': 2401.4920959472656, 'inference_time': 0}
2024-10-13 19:44:30,337 Pruning 1024 in layer 1
2024-10-13 19:44:30,339 Gathering metrics
2024-10-13 19:46:49,636 {'acc1': 0.9586538461538462, 'acc5': 0.9942307692307693, 'loss': 11.338601043447852, 'macs': 856282354920, 'params': 628225512, 'model_size': 2396.4901428222656, 'inference_time': 0}
2024-10-13 19:46:49,670 Pruning 512 in layer 2
2024-10-13 19:46:49,671 Gathering metrics
2024-10-13 19:49:08,897 {'acc1': 0.9615384615384616, 'acc5': 0.9951923076923077, 'loss': 11.041895871050656, 'macs': 856282354920, 'params': 628225512, 'model_size': 2396.4901428222656, 'inference_time': 0}
2024-10-13 19:49:08,931 Pruning 1024 in layer 2
2024-10-13 19:49:08,933 Gathering metrics
2024-10-13 19:51:27,874 {'acc1': 0.9634615384615385, 'acc5': 0.9951923076923077, 'loss': 11.081092353910208, 'macs': 854485967080, 'params': 626914280, 'model_size': 2391.4881896972656, 'inference_time': 0}
2024-10-13 19:51:27,908 Pruning 1536 in layer 2
2024-10-13 19:51:27,909 Gathering metrics
2024-10-13 19:53:46,638 {'acc1': 0.9596153846153846, 'acc5': 0.9961538461538462, 'loss': 11.367130659054965, 'macs': 852689579240, 'params': 625603048, 'model_size': 2386.4862365722656, 'inference_time': 0}
2024-10-13 19:53:46,826 Pruning 512 in layer 3
2024-10-13 19:53:46,828 Gathering metrics
2024-10-13 19:56:05,518 {'acc1': 0.9605769230769231, 'acc5': 0.9951923076923077, 'loss': 11.168717466294765, 'macs': 852689579240, 'params': 625603048, 'model_size': 2386.4862365722656, 'inference_time': 0}
2024-10-13 19:56:05,551 Pruning 1024 in layer 3
2024-10-13 19:56:05,553 Gathering metrics
2024-10-13 19:58:24,162 {'acc1': 0.9586538461538462, 'acc5': 0.9951923076923077, 'loss': 11.172114334069192, 'macs': 850893191400, 'params': 624291816, 'model_size': 2381.4842834472656, 'inference_time': 0}
2024-10-13 19:58:24,196 Pruning 512 in layer 4
2024-10-13 19:58:24,198 Gathering metrics
2024-10-13 20:00:43,803 {'acc1': 0.9596153846153846, 'acc5': 0.9951923076923077, 'loss': 11.02457784768194, 'macs': 850893191400, 'params': 624291816, 'model_size': 2381.4842834472656, 'inference_time': 0}
2024-10-13 20:00:43,837 Pruning 1024 in layer 4
2024-10-13 20:00:43,839 Gathering metrics
2024-10-13 20:03:02,130 {'acc1': 0.9596153846153846, 'acc5': 0.9951923076923077, 'loss': 11.063760074786842, 'macs': 849096803560, 'params': 622980584, 'model_size': 2376.4823303222656, 'inference_time': 0}
2024-10-13 20:03:02,163 Pruning 1536 in layer 4
2024-10-13 20:03:02,165 Gathering metrics
2024-10-13 20:05:20,268 {'acc1': 0.9586538461538462, 'acc5': 0.9961538461538462, 'loss': 11.166753319557756, 'macs': 847300415720, 'params': 621669352, 'model_size': 2371.4803771972656, 'inference_time': 0}
2024-10-13 20:05:20,306 Pruning 2048 in layer 4
2024-10-13 20:05:20,308 Gathering metrics
2024-10-13 20:07:38,153 {'acc1': 0.9576923076923077, 'acc5': 0.9961538461538462, 'loss': 11.38136691460386, 'macs': 845504027880, 'params': 620358120, 'model_size': 2366.4784240722656, 'inference_time': 0}
2024-10-13 20:07:38,187 Pruning 2560 in layer 4
2024-10-13 20:07:38,189 Gathering metrics
2024-10-13 20:09:55,806 {'acc1': 0.9576923076923077, 'acc5': 0.9951923076923077, 'loss': 11.473309632390738, 'macs': 843707640040, 'params': 619046888, 'model_size': 2361.4764709472656, 'inference_time': 0}
2024-10-13 20:09:55,840 Pruning 3072 in layer 4
2024-10-13 20:09:55,841 Gathering metrics
2024-10-13 20:12:13,360 {'acc1': 0.9548076923076924, 'acc5': 0.9951923076923077, 'loss': 11.788205669261515, 'macs': 841911252200, 'params': 617735656, 'model_size': 2356.4745178222656, 'inference_time': 0}
2024-10-13 20:12:13,395 Pruning 512 in layer 5
2024-10-13 20:12:13,397 Gathering metrics
2024-10-13 20:14:30,880 {'acc1': 0.9528846153846153, 'acc5': 0.9951923076923077, 'loss': 11.835307936184108, 'macs': 841911252200, 'params': 617735656, 'model_size': 2356.4745178222656, 'inference_time': 0}
2024-10-13 20:14:30,997 Pruning 512 in layer 6
2024-10-13 20:14:30,999 Gathering metrics
2024-10-13 20:16:48,595 {'acc1': 0.95, 'acc5': 0.9951923076923077, 'loss': 11.6279820734635, 'macs': 841911252200, 'params': 617735656, 'model_size': 2356.4745178222656, 'inference_time': 0}
2024-10-13 20:16:48,628 Pruning 512 in layer 7
2024-10-13 20:16:48,630 Gathering metrics
2024-10-13 20:19:06,068 {'acc1': 0.9596153846153846, 'acc5': 0.9951923076923077, 'loss': 11.376048977021128, 'macs': 841911252200, 'params': 617735656, 'model_size': 2356.4745178222656, 'inference_time': 0}
2024-10-13 20:19:06,101 Pruning 1024 in layer 7
2024-10-13 20:19:06,102 Gathering metrics
2024-10-13 20:21:23,339 {'acc1': 0.9567307692307693, 'acc5': 0.9971153846153846, 'loss': 11.264098592568189, 'macs': 840114864360, 'params': 616424424, 'model_size': 2351.4725646972656, 'inference_time': 0}
2024-10-13 20:21:23,373 Pruning 1536 in layer 7
2024-10-13 20:21:23,375 Gathering metrics
2024-10-13 20:23:40,461 {'acc1': 0.9548076923076924, 'acc5': 0.9971153846153846, 'loss': 11.463407075498253, 'macs': 838318476520, 'params': 615113192, 'model_size': 2346.4706115722656, 'inference_time': 0}
2024-10-13 20:23:40,495 Pruning 2048 in layer 7
2024-10-13 20:23:40,496 Gathering metrics
2024-10-13 20:25:57,429 {'acc1': 0.9538461538461539, 'acc5': 0.9961538461538462, 'loss': 11.80550830019638, 'macs': 836522088680, 'params': 613801960, 'model_size': 2341.4686584472656, 'inference_time': 0}
2024-10-13 20:25:57,463 Pruning 512 in layer 8
2024-10-13 20:25:57,465 Gathering metrics
2024-10-13 20:28:14,345 {'acc1': 0.9528846153846153, 'acc5': 0.9942307692307693, 'loss': 11.750444509088993, 'macs': 836522088680, 'params': 613801960, 'model_size': 2341.4686584472656, 'inference_time': 0}
2024-10-13 20:28:14,379 Pruning 1024 in layer 8
2024-10-13 20:28:14,381 Gathering metrics
2024-10-13 20:30:30,890 {'acc1': 0.9519230769230769, 'acc5': 0.9942307692307693, 'loss': 12.166036561131477, 'macs': 834725700840, 'params': 612490728, 'model_size': 2336.4667053222656, 'inference_time': 0}
2024-10-13 20:30:30,925 Pruning 1536 in layer 8
2024-10-13 20:30:30,927 Gathering metrics
2024-10-13 20:32:47,305 {'acc1': 0.95, 'acc5': 0.9923076923076923, 'loss': 12.69790031760931, 'macs': 832929313000, 'params': 611179496, 'model_size': 2331.4647521972656, 'inference_time': 0}
2024-10-13 20:32:47,423 Pruning 512 in layer 9
2024-10-13 20:32:47,425 Gathering metrics
2024-10-13 20:35:03,681 {'acc1': 0.948076923076923, 'acc5': 0.9932692307692308, 'loss': 12.783809288870543, 'macs': 832929313000, 'params': 611179496, 'model_size': 2331.4647521972656, 'inference_time': 0}
2024-10-13 20:35:03,715 Pruning 512 in layer 10
2024-10-13 20:35:03,717 Gathering metrics
2024-10-13 20:37:20,015 {'acc1': 0.95, 'acc5': 0.9932692307692308, 'loss': 12.434743586927652, 'macs': 832929313000, 'params': 611179496, 'model_size': 2331.4647521972656, 'inference_time': 0}
2024-10-13 20:37:20,048 Pruning 1024 in layer 10
2024-10-13 20:37:20,050 Gathering metrics
2024-10-13 20:39:36,184 {'acc1': 0.9432692307692307, 'acc5': 0.9903846153846154, 'loss': 13.168742537032813, 'macs': 831132925160, 'params': 609868264, 'model_size': 2326.4627990722656, 'inference_time': 0}
2024-10-13 20:39:36,218 Pruning 512 in layer 11
2024-10-13 20:39:36,220 Gathering metrics
2024-10-13 20:41:52,346 {'acc1': 0.9423076923076923, 'acc5': 0.9913461538461539, 'loss': 12.910162809770554, 'macs': 831132925160, 'params': 609868264, 'model_size': 2326.4627990722656, 'inference_time': 0}
2024-10-13 20:41:52,380 Pruning 512 in layer 12
2024-10-13 20:41:52,381 Gathering metrics
2024-10-13 20:44:08,515 {'acc1': 0.9461538461538461, 'acc5': 0.9932692307692308, 'loss': 12.52230710349977, 'macs': 831132925160, 'params': 609868264, 'model_size': 2326.4627990722656, 'inference_time': 0}
2024-10-13 20:44:08,549 Pruning 512 in layer 13
2024-10-13 20:44:08,550 Gathering metrics
2024-10-13 20:46:24,625 {'acc1': 0.9490384615384615, 'acc5': 0.9932692307692308, 'loss': 12.60021438403055, 'macs': 831132925160, 'params': 609868264, 'model_size': 2326.4627990722656, 'inference_time': 0}
2024-10-13 20:46:24,659 Pruning 1024 in layer 13
2024-10-13 20:46:24,661 Gathering metrics
2024-10-13 20:48:40,597 {'acc1': 0.948076923076923, 'acc5': 0.9923076923076923, 'loss': 12.33010671613738, 'macs': 829336537320, 'params': 608557032, 'model_size': 2321.4608459472656, 'inference_time': 0}
2024-10-13 20:48:40,631 Pruning 1536 in layer 13
2024-10-13 20:48:40,633 Gathering metrics
2024-10-13 20:50:56,400 {'acc1': 0.9461538461538461, 'acc5': 0.9932692307692308, 'loss': 12.623056166106835, 'macs': 827540149480, 'params': 607245800, 'model_size': 2316.4588928222656, 'inference_time': 0}
2024-10-13 20:50:56,519 Pruning 512 in layer 14
2024-10-13 20:50:56,521 Gathering metrics
2024-10-13 20:53:12,162 {'acc1': 0.9471153846153846, 'acc5': 0.9932692307692308, 'loss': 12.546527300961316, 'macs': 827540149480, 'params': 607245800, 'model_size': 2316.4588928222656, 'inference_time': 0}
2024-10-13 20:53:12,199 Pruning 1024 in layer 14
2024-10-13 20:53:12,201 Gathering metrics
2024-10-13 20:55:27,712 {'acc1': 0.9471153846153846, 'acc5': 0.9913461538461539, 'loss': 12.860328942304477, 'macs': 825743761640, 'params': 605934568, 'model_size': 2311.4569396972656, 'inference_time': 0}
2024-10-13 20:55:27,746 Pruning 1536 in layer 14
2024-10-13 20:55:27,747 Gathering metrics
2024-10-13 20:57:42,985 {'acc1': 0.9471153846153846, 'acc5': 0.9913461538461539, 'loss': 13.13533119787462, 'macs': 823947373800, 'params': 604623336, 'model_size': 2306.4549865722656, 'inference_time': 0}
2024-10-13 20:57:43,020 Pruning 2048 in layer 14
2024-10-13 20:57:43,021 Gathering metrics
2024-10-13 20:59:58,026 {'acc1': 0.9461538461538461, 'acc5': 0.9923076923076923, 'loss': 13.544488791842014, 'macs': 822150985960, 'params': 603312104, 'model_size': 2301.4530334472656, 'inference_time': 0}
2024-10-13 20:59:58,060 Pruning 2560 in layer 14
2024-10-13 20:59:58,062 Gathering metrics
2024-10-13 21:02:12,979 {'acc1': 0.9451923076923077, 'acc5': 0.9923076923076923, 'loss': 13.799569767899811, 'macs': 820354598120, 'params': 602000872, 'model_size': 2296.4510803222656, 'inference_time': 0}
2024-10-13 21:02:13,014 Pruning 3072 in layer 14
2024-10-13 21:02:13,015 Gathering metrics
2024-10-13 21:04:27,632 {'acc1': 0.9423076923076923, 'acc5': 0.9923076923076923, 'loss': 13.947482683695853, 'macs': 818558210280, 'params': 600689640, 'model_size': 2291.4491271972656, 'inference_time': 0}
2024-10-13 21:04:27,666 Pruning 512 in layer 15
2024-10-13 21:04:27,668 Gathering metrics
2024-10-13 21:06:42,295 {'acc1': 0.9403846153846154, 'acc5': 0.9903846153846154, 'loss': 14.122744334395975, 'macs': 818558210280, 'params': 600689640, 'model_size': 2291.4491271972656, 'inference_time': 0}
2024-10-13 21:06:42,329 Pruning 512 in layer 16
2024-10-13 21:06:42,331 Gathering metrics
2024-10-13 21:08:57,030 {'acc1': 0.9451923076923077, 'acc5': 0.9923076923076923, 'loss': 13.685078551992774, 'macs': 818558210280, 'params': 600689640, 'model_size': 2291.4491271972656, 'inference_time': 0}
2024-10-13 21:08:57,063 Pruning 1024 in layer 16
2024-10-13 21:08:57,065 Gathering metrics
2024-10-13 21:11:11,423 {'acc1': 0.9432692307692307, 'acc5': 0.9913461538461539, 'loss': 13.84694155328907, 'macs': 816761822440, 'params': 599378408, 'model_size': 2286.4471740722656, 'inference_time': 0}
2024-10-13 21:11:11,457 Pruning 1536 in layer 16
2024-10-13 21:11:11,459 Gathering metrics
2024-10-13 21:13:25,788 {'acc1': 0.9451923076923077, 'acc5': 0.9913461538461539, 'loss': 13.987611922901124, 'macs': 814965434600, 'params': 598067176, 'model_size': 2281.4452209472656, 'inference_time': 0}
2024-10-13 21:13:25,908 Pruning 2048 in layer 16
2024-10-13 21:13:25,910 Gathering metrics
2024-10-13 21:15:39,864 {'acc1': 0.9432692307692307, 'acc5': 0.9903846153846154, 'loss': 14.12668068986386, 'macs': 813169046760, 'params': 596755944, 'model_size': 2276.4432678222656, 'inference_time': 0}
2024-10-13 21:15:39,898 Pruning 2560 in layer 16
2024-10-13 21:15:39,899 Gathering metrics
2024-10-13 21:17:53,592 {'acc1': 0.9451923076923077, 'acc5': 0.9903846153846154, 'loss': 14.443946208804846, 'macs': 811372658920, 'params': 595444712, 'model_size': 2271.4413146972656, 'inference_time': 0}
2024-10-13 21:17:53,626 Pruning 3072 in layer 16
2024-10-13 21:17:53,628 Gathering metrics
2024-10-13 21:20:07,062 {'acc1': 0.9442307692307692, 'acc5': 0.9903846153846154, 'loss': 14.863309161737561, 'macs': 809576271080, 'params': 594133480, 'model_size': 2266.4393615722656, 'inference_time': 0}
2024-10-13 21:20:07,096 Pruning 3584 in layer 16
2024-10-13 21:20:07,098 Gathering metrics
2024-10-13 21:22:20,339 {'acc1': 0.9423076923076923, 'acc5': 0.989423076923077, 'loss': 15.349186933133751, 'macs': 807779883240, 'params': 592822248, 'model_size': 2261.4374084472656, 'inference_time': 0}
2024-10-13 21:22:20,373 Pruning 4096 in layer 16
2024-10-13 21:22:20,374 Gathering metrics
2024-10-13 21:24:33,626 {'acc1': 0.9413461538461538, 'acc5': 0.989423076923077, 'loss': 15.775470022112131, 'macs': 805983495400, 'params': 591511016, 'model_size': 2256.4354553222656, 'inference_time': 0}
2024-10-13 21:24:33,664 Pruning 512 in layer 17
2024-10-13 21:24:33,666 Gathering metrics
2024-10-13 21:26:46,864 {'acc1': 0.9365384615384615, 'acc5': 0.9913461538461539, 'loss': 15.588666406925768, 'macs': 805983495400, 'params': 591511016, 'model_size': 2256.4354553222656, 'inference_time': 0}
2024-10-13 21:26:46,898 Pruning 512 in layer 18
2024-10-13 21:26:46,899 Gathering metrics
2024-10-13 21:29:00,054 {'acc1': 0.9346153846153846, 'acc5': 0.9903846153846154, 'loss': 15.84973366651684, 'macs': 805983495400, 'params': 591511016, 'model_size': 2256.4354553222656, 'inference_time': 0}
2024-10-13 21:29:00,088 Pruning 512 in layer 19
2024-10-13 21:29:00,090 Gathering metrics
2024-10-13 21:31:13,127 {'acc1': 0.9413461538461538, 'acc5': 0.989423076923077, 'loss': 15.434079776052386, 'macs': 805983495400, 'params': 591511016, 'model_size': 2256.4354553222656, 'inference_time': 0}
2024-10-13 21:31:13,160 Pruning 1024 in layer 19
2024-10-13 21:31:13,162 Gathering metrics
2024-10-13 21:33:25,984 {'acc1': 0.9384615384615385, 'acc5': 0.989423076923077, 'loss': 15.937335855793208, 'macs': 804187107560, 'params': 590199784, 'model_size': 2251.4335021972656, 'inference_time': 0}
2024-10-13 21:33:26,102 Pruning 512 in layer 20
2024-10-13 21:33:26,104 Gathering metrics
2024-10-13 21:35:38,934 {'acc1': 0.9403846153846154, 'acc5': 0.989423076923077, 'loss': 15.613216704688966, 'macs': 804187107560, 'params': 590199784, 'model_size': 2251.4335021972656, 'inference_time': 0}
2024-10-13 21:35:38,968 Pruning 1024 in layer 20
2024-10-13 21:35:38,969 Gathering metrics
2024-10-13 21:37:51,712 {'acc1': 0.9375, 'acc5': 0.989423076923077, 'loss': 15.846052115317434, 'macs': 802390719720, 'params': 588888552, 'model_size': 2246.4315490722656, 'inference_time': 0}
2024-10-13 21:37:51,747 Pruning 512 in layer 21
2024-10-13 21:37:51,748 Gathering metrics
2024-10-13 21:40:04,550 {'acc1': 0.9375, 'acc5': 0.989423076923077, 'loss': 16.014442393090576, 'macs': 802390719720, 'params': 588888552, 'model_size': 2246.4315490722656, 'inference_time': 0}
2024-10-13 21:40:04,584 Pruning 1024 in layer 21
2024-10-13 21:40:04,586 Gathering metrics
2024-10-13 21:42:16,762 {'acc1': 0.9355769230769231, 'acc5': 0.9884615384615385, 'loss': 16.29433225374669, 'macs': 800594331880, 'params': 587577320, 'model_size': 2241.4295959472656, 'inference_time': 0}
2024-10-13 21:42:16,796 Pruning 512 in layer 22
2024-10-13 21:42:16,798 Gathering metrics
2024-10-13 21:44:29,232 {'acc1': 0.9336538461538462, 'acc5': 0.9875, 'loss': 16.405881963204592, 'macs': 800594331880, 'params': 587577320, 'model_size': 2241.4295959472656, 'inference_time': 0}
2024-10-13 21:44:29,266 Pruning 512 in layer 23
2024-10-13 21:44:29,268 Gathering metrics
2024-10-13 21:46:41,698 {'acc1': 0.9326923076923077, 'acc5': 0.9913461538461539, 'loss': 15.951650699134916, 'macs': 800594331880, 'params': 587577320, 'model_size': 2241.4295959472656, 'inference_time': 0}
2024-10-13 21:46:41,732 Pruning 512 in layer 24
2024-10-13 21:46:41,734 Gathering metrics
2024-10-13 21:48:54,096 {'acc1': 0.9375, 'acc5': 0.989423076923077, 'loss': 16.19618031056598, 'macs': 800594331880, 'params': 587577320, 'model_size': 2241.4295959472656, 'inference_time': 0}
2024-10-13 21:48:54,129 Pruning 1024 in layer 24
2024-10-13 21:48:54,131 Gathering metrics
2024-10-13 21:51:06,591 {'acc1': 0.9326923076923077, 'acc5': 0.9884615384615385, 'loss': 16.434959791600704, 'macs': 798797944040, 'params': 586266088, 'model_size': 2236.4276428222656, 'inference_time': 0}
2024-10-13 21:51:06,708 Pruning 512 in layer 25
2024-10-13 21:51:06,710 Gathering metrics
2024-10-13 21:53:18,890 {'acc1': 0.9336538461538462, 'acc5': 0.9884615384615385, 'loss': 16.408782525453717, 'macs': 798797944040, 'params': 586266088, 'model_size': 2236.4276428222656, 'inference_time': 0}
2024-10-13 21:53:18,923 Pruning 512 in layer 26
2024-10-13 21:53:18,925 Gathering metrics
2024-10-13 21:55:31,262 {'acc1': 0.9317307692307693, 'acc5': 0.9913461538461539, 'loss': 16.396118892356753, 'macs': 798797944040, 'params': 586266088, 'model_size': 2236.4276428222656, 'inference_time': 0}
2024-10-13 21:55:31,296 Pruning 512 in layer 27
2024-10-13 21:55:31,298 Gathering metrics
2024-10-13 21:57:43,695 {'acc1': 0.926923076923077, 'acc5': 0.9903846153846154, 'loss': 17.339285327587277, 'macs': 798797944040, 'params': 586266088, 'model_size': 2236.4276428222656, 'inference_time': 0}
2024-10-13 21:57:43,729 Pruning 512 in layer 28
2024-10-13 21:57:43,730 Gathering metrics
2024-10-13 21:59:55,995 {'acc1': 0.9317307692307693, 'acc5': 0.9875, 'loss': 16.978504481259733, 'macs': 798797944040, 'params': 586266088, 'model_size': 2236.4276428222656, 'inference_time': 0}
2024-10-13 21:59:56,029 Pruning 512 in layer 29
2024-10-13 21:59:56,031 Gathering metrics
2024-10-13 22:02:08,247 {'acc1': 0.9259615384615385, 'acc5': 0.989423076923077, 'loss': 17.853958698920906, 'macs': 798797944040, 'params': 586266088, 'model_size': 2236.4276428222656, 'inference_time': 0}
2024-10-13 22:02:08,281 Pruning 512 in layer 30
2024-10-13 22:02:08,283 Gathering metrics
2024-10-13 22:04:20,578 {'acc1': 0.9317307692307693, 'acc5': 0.9884615384615385, 'loss': 17.993518782779574, 'macs': 798797944040, 'params': 586266088, 'model_size': 2236.4276428222656, 'inference_time': 0}
2024-10-13 22:04:20,612 Pruning 512 in layer 31
2024-10-13 22:04:20,613 Gathering metrics
2024-10-13 22:06:32,691 {'acc1': 0.9375, 'acc5': 0.9884615384615385, 'loss': 16.45052277063951, 'macs': 798797944040, 'params': 586266088, 'model_size': 2236.4276428222656, 'inference_time': 0}
2024-10-13 22:06:32,725 Pruning 1024 in layer 31
2024-10-13 22:06:32,727 Gathering metrics
2024-10-13 22:08:44,707 {'acc1': 0.9375, 'acc5': 0.989423076923077, 'loss': 16.40429997863248, 'macs': 797001556200, 'params': 584954856, 'model_size': 2231.4256896972656, 'inference_time': 0}
2024-10-13 22:08:44,741 Pruning 1536 in layer 31
2024-10-13 22:08:44,742 Gathering metrics
2024-10-13 22:10:56,460 {'acc1': 0.9365384615384615, 'acc5': 0.9884615384615385, 'loss': 16.502670877613127, 'macs': 795205168360, 'params': 583643624, 'model_size': 2226.4237365722656, 'inference_time': 0}
2024-10-13 22:10:56,579 Pruning 2048 in layer 31
2024-10-13 22:10:56,581 Gathering metrics
2024-10-13 22:13:08,057 {'acc1': 0.9355769230769231, 'acc5': 0.989423076923077, 'loss': 16.67324796784669, 'macs': 793408780520, 'params': 582332392, 'model_size': 2221.4217834472656, 'inference_time': 0}
2024-10-13 22:13:08,092 Pruning 2560 in layer 31
2024-10-13 22:13:08,093 Gathering metrics
2024-10-13 22:15:19,518 {'acc1': 0.9355769230769231, 'acc5': 0.9903846153846154, 'loss': 16.620121533051133, 'macs': 791612392680, 'params': 581021160, 'model_size': 2216.4198303222656, 'inference_time': 0}
2024-10-13 22:15:19,553 Pruning 3072 in layer 31
2024-10-13 22:15:19,554 Gathering metrics
2024-10-13 22:17:30,452 {'acc1': 0.9336538461538462, 'acc5': 0.9903846153846154, 'loss': 17.598210740834475, 'macs': 789816004840, 'params': 579709928, 'model_size': 2211.4178771972656, 'inference_time': 0}
2024-10-13 22:17:30,469 Experiment finished
