2024-10-11 20:11:15,230 Starting experiment outputs/uniform/vit_h_14/proj000
2024-10-11 20:11:15,230 Pruning 0...
2024-10-11 20:14:53,690 Gathering metrics...
2024-10-11 20:22:08,079 {'acc1': 0.8997524752475248, 'acc5': 0.9904084158415841, 'loss': 36.79553114529699, 'macs': 863467906280, 'params': 633470440, 'model_size': 2416.4979553222656, 'inference_time': 0}
2024-10-11 20:22:08,080 Pruning 50...
2024-10-11 20:26:03,620 Gathering metrics...
2024-10-11 20:33:17,830 {'acc1': 0.8994430693069307, 'acc5': 0.9910272277227723, 'loss': 36.8696681316942, 'macs': 857854194280, 'params': 629372840, 'model_size': 2400.8668518066406, 'inference_time': 0}
2024-10-11 20:33:17,830 Pruning 107...
2024-10-11 20:37:30,889 Gathering metrics...
2024-10-11 20:44:44,300 {'acc1': 0.8991336633663366, 'acc5': 0.9910272277227723, 'loss': 36.604575359262526, 'macs': 851454562600, 'params': 624701576, 'model_size': 2383.047393798828, 'inference_time': 0}
2024-10-11 20:44:44,300 Pruning 167...
2024-10-11 20:49:17,568 Gathering metrics...
2024-10-11 20:56:27,324 {'acc1': 0.8978960396039604, 'acc5': 0.9910272277227723, 'loss': 36.92989070247859, 'macs': 844718108200, 'params': 619784456, 'model_size': 2364.290069580078, 'inference_time': 0}
2024-10-11 20:56:27,325 Pruning 230...
2024-10-11 21:01:20,394 Gathering metrics...
2024-10-11 21:08:28,016 {'acc1': 0.8966584158415841, 'acc5': 0.9910272277227723, 'loss': 37.13482540845871, 'macs': 837644831080, 'params': 614621480, 'model_size': 2344.5948791503906, 'inference_time': 0}
2024-10-11 21:08:28,016 Pruning 294...
2024-10-11 21:13:41,549 Gathering metrics...
2024-10-11 21:20:45,399 {'acc1': 0.8938737623762376, 'acc5': 0.9907178217821783, 'loss': 37.656401003710926, 'macs': 830459279720, 'params': 609376552, 'model_size': 2324.5870666503906, 'inference_time': 0}
2024-10-11 21:20:45,399 Pruning 359...
2024-10-11 21:26:19,108 Gathering metrics...
2024-10-11 21:33:21,727 {'acc1': 0.8960396039603961, 'acc5': 0.9919554455445545, 'loss': 38.023692559450865, 'macs': 823161454120, 'params': 604049672, 'model_size': 2304.266632080078, 'inference_time': 0}
2024-10-11 21:33:21,727 Pruning 425...
2024-10-11 21:39:15,036 Gathering metrics...
2024-10-11 21:46:14,088 {'acc1': 0.8901608910891089, 'acc5': 0.9904084158415841, 'loss': 38.80731332395226, 'macs': 815751354280, 'params': 598640840, 'model_size': 2283.633575439453, 'inference_time': 0}
2024-10-11 21:46:14,088 Pruning 492...
2024-10-11 21:52:27,640 Gathering metrics...
2024-10-11 21:59:23,787 {'acc1': 0.8867574257425742, 'acc5': 0.9900990099009901, 'loss': 39.91785889491439, 'macs': 808228980200, 'params': 593150056, 'model_size': 2262.6878967285156, 'inference_time': 0}
2024-10-11 21:59:23,787 Pruning 561...
2024-10-11 22:05:57,912 Gathering metrics...
2024-10-11 22:12:50,415 {'acc1': 0.8836633663366337, 'acc5': 0.9891707920792079, 'loss': 40.93373978603631, 'macs': 800482057640, 'params': 587495368, 'model_size': 2241.116973876953, 'inference_time': 0}
2024-10-11 22:12:50,415 Pruning 629...
2024-10-11 22:19:46,046 Gathering metrics...
2024-10-11 22:26:36,952 {'acc1': 0.880259900990099, 'acc5': 0.9866955445544554, 'loss': 43.00917337089777, 'macs': 792847409320, 'params': 581922632, 'model_size': 2219.858673095703, 'inference_time': 0}
2024-10-11 22:26:36,952 Pruning 699...
2024-10-11 22:33:52,492 Gathering metrics...
2024-10-11 22:40:41,110 {'acc1': 0.8650990099009901, 'acc5': 0.9820544554455446, 'loss': 47.3446773532778, 'macs': 784988212520, 'params': 576185992, 'model_size': 2197.975128173828, 'inference_time': 0}
2024-10-11 22:40:41,110 Pruning 769...
2024-10-11 22:48:16,412 Gathering metrics...
2024-10-11 22:55:00,994 {'acc1': 0.8530321782178217, 'acc5': 0.9752475247524752, 'loss': 53.41907373536378, 'macs': 777129015720, 'params': 570449352, 'model_size': 2176.091583251953, 'inference_time': 0}
2024-10-11 22:55:00,994 Pruning 840...
2024-10-11 23:02:56,407 Gathering metrics...
2024-10-11 23:09:38,639 {'acc1': 0.8242574257425742, 'acc5': 0.9653465346534653, 'loss': 65.70107666403055, 'macs': 769157544680, 'params': 564630760, 'model_size': 2153.8954162597656, 'inference_time': 0}
2024-10-11 23:09:38,639 Pruning 911...
2024-10-11 23:17:53,998 Gathering metrics...
2024-10-11 23:24:30,552 {'acc1': 0.7546410891089109, 'acc5': 0.9248143564356436, 'loss': 100.1456129103899, 'macs': 761186073640, 'params': 558812168, 'model_size': 2131.699249267578, 'inference_time': 0}
2024-10-11 23:24:30,552 Pruning 983...
2024-10-11 23:33:05,090 Gathering metrics...
2024-10-11 23:39:40,402 {'acc1': 0.6379950495049505, 'acc5': 0.8341584158415841, 'loss': 171.80075846612453, 'macs': 753102328360, 'params': 552911624, 'model_size': 2109.190460205078, 'inference_time': 0}
2024-10-11 23:39:40,402 Pruning 1056...
2024-10-11 23:48:35,704 Gathering metrics...
2024-10-11 23:55:05,632 {'acc1': 0.44616336633663367, 'acc5': 0.6646039603960396, 'loss': 301.2875857949257, 'macs': 744906308840, 'params': 546929128, 'model_size': 2086.3690490722656, 'inference_time': 0}
2024-10-11 23:55:05,632 Pruning 1128...
2024-10-12 00:04:19,664 Gathering metrics...
2024-10-12 00:10:47,820 {'acc1': 0.20761138613861385, 'acc5': 0.3598391089108911, 'loss': 596.89177560806274, 'macs': 736822563560, 'params': 541028584, 'model_size': 2063.8602600097656, 'inference_time': 0}
2024-10-12 00:10:47,820 Pruning 1202...
2024-10-12 00:20:21,501 Gathering metrics...
2024-10-12 00:26:48,802 {'acc1': 0.06621287128712872, 'acc5': 0.17543316831683167, 'loss': 718.6193990707397, 'macs': 728514269800, 'params': 534964136, 'model_size': 2040.7262268066406, 'inference_time': 0}
2024-10-12 00:26:48,802 Pruning 1275...
2024-10-12 00:36:40,266 Gathering metrics...
2024-10-12 00:43:03,744 {'acc1': 0.018564356435643563, 'acc5': 0.06157178217821782, 'loss': 974.2184157371521, 'macs': 720318250280, 'params': 528981640, 'model_size': 2017.9048156738281, 'inference_time': 0}
2024-10-12 00:43:03,744 Pruning 1349...
2024-10-12 00:53:14,701 Gathering metrics...
2024-10-12 00:59:36,065 {'acc1': 0.004331683168316832, 'acc5': 0.01516089108910891, 'loss': 1205.748128414154, 'macs': 712009956520, 'params': 522917192, 'model_size': 1994.7707824707031, 'inference_time': 0}
2024-10-12 00:59:36,065 Pruning 1424...
2024-10-12 01:10:03,785 Gathering metrics...
2024-10-12 01:16:18,142 {'acc1': 0.0027846534653465345, 'acc5': 0.004331683168316832, 'loss': 1315.0888524055481, 'macs': 703589388520, 'params': 516770792, 'model_size': 1971.3241271972656, 'inference_time': 0}
2024-10-12 01:16:18,143 Pruning 1498...
2024-10-12 01:27:04,677 Gathering metrics...
2024-10-12 01:33:22,123 {'acc1': 0.0003094059405940594, 'acc5': 0.003094059405940594, 'loss': 1320.7073607444763, 'macs': 695281094760, 'params': 510706344, 'model_size': 1948.1900939941406, 'inference_time': 0}
2024-10-12 01:33:22,123 Pruning 1574...
2024-10-12 01:44:25,682 Gathering metrics...
2024-10-12 01:50:34,781 {'acc1': 0.0, 'acc5': 0.0, 'loss': 1424.87229347229, 'macs': 686748252520, 'params': 504477992, 'model_size': 1924.4308166503906, 'inference_time': 0}
2024-10-12 01:50:34,795 Experiment finished
