2024-10-12 02:07:12,205 Starting experiment outputs/adaptive/vit_b_32/l2
2024-10-12 02:07:12,205 Loading the original model
2024-10-12 02:07:12,648 Gathering metrics of the original model
2024-10-12 02:07:39,277 {'acc1': 0.8004331683168316, 'acc5': 0.943069306930693, 'loss': 90.91573594510555, 'macs': 4367292136, 'params': 88224232, 'model_size': 336.5487365722656, 'inference_time': 0}
2024-10-12 02:07:39,292 Pruning 128 in layer 11
2024-10-12 02:07:39,325 Gathering metrics
2024-10-12 02:08:03,538 {'acc1': 0.8004331683168316, 'acc5': 0.942759900990099, 'loss': 92.66141979396343, 'macs': 4357455336, 'params': 88027496, 'model_size': 335.7982482910156, 'inference_time': 0}
2024-10-12 02:08:03,651 Pruning 256 in layer 11
2024-10-12 02:08:03,652 Gathering metrics
2024-10-12 02:08:28,167 {'acc1': 0.7933168316831684, 'acc5': 0.9337871287128713, 'loss': 101.90088315308094, 'macs': 4347618536, 'params': 87830760, 'model_size': 335.0477600097656, 'inference_time': 0}
2024-10-12 02:08:28,181 Pruning 128 in layer 10
2024-10-12 02:08:28,182 Gathering metrics
2024-10-12 02:08:52,606 {'acc1': 0.7942450495049505, 'acc5': 0.9344059405940595, 'loss': 104.7963415980339, 'macs': 4347618536, 'params': 87830760, 'model_size': 335.0477600097656, 'inference_time': 0}
2024-10-12 02:08:52,620 Pruning 256 in layer 10
2024-10-12 02:08:52,622 Gathering metrics
2024-10-12 02:09:17,299 {'acc1': 0.7926980198019802, 'acc5': 0.932240099009901, 'loss': 109.83529435098171, 'macs': 4337781736, 'params': 87634024, 'model_size': 334.2972717285156, 'inference_time': 0}
2024-10-12 02:09:17,313 Pruning 128 in layer 9
2024-10-12 02:09:17,314 Gathering metrics
2024-10-12 02:09:41,946 {'acc1': 0.7892945544554455, 'acc5': 0.9344059405940595, 'loss': 107.04823830723763, 'macs': 4337781736, 'params': 87634024, 'model_size': 334.2972717285156, 'inference_time': 0}
2024-10-12 02:09:41,960 Pruning 256 in layer 9
2024-10-12 02:09:41,960 Gathering metrics
2024-10-12 02:10:06,572 {'acc1': 0.7896039603960396, 'acc5': 0.9331683168316832, 'loss': 108.59161803126335, 'macs': 4327944936, 'params': 87437288, 'model_size': 333.5467834472656, 'inference_time': 0}
2024-10-12 02:10:06,587 Pruning 384 in layer 9
2024-10-12 02:10:06,588 Gathering metrics
2024-10-12 02:10:30,964 {'acc1': 0.7905321782178217, 'acc5': 0.9331683168316832, 'loss': 110.1545969247818, 'macs': 4318108136, 'params': 87240552, 'model_size': 332.7962951660156, 'inference_time': 0}
2024-10-12 02:10:30,978 Pruning 512 in layer 9
2024-10-12 02:10:30,979 Gathering metrics
2024-10-12 02:10:55,765 {'acc1': 0.7886757425742574, 'acc5': 0.9334777227722773, 'loss': 111.81135982275009, 'macs': 4308271336, 'params': 87043816, 'model_size': 332.0458068847656, 'inference_time': 0}
2024-10-12 02:10:55,781 Pruning 640 in layer 9
2024-10-12 02:10:55,782 Gathering metrics
2024-10-12 02:11:20,314 {'acc1': 0.7840346534653465, 'acc5': 0.9334777227722773, 'loss': 114.2419548034668, 'macs': 4298434536, 'params': 86847080, 'model_size': 331.2953186035156, 'inference_time': 0}
2024-10-12 02:11:20,327 Pruning 128 in layer 8
2024-10-12 02:11:20,328 Gathering metrics
2024-10-12 02:11:44,769 {'acc1': 0.7889851485148515, 'acc5': 0.9344059405940595, 'loss': 111.1689524948597, 'macs': 4298434536, 'params': 86847080, 'model_size': 331.2953186035156, 'inference_time': 0}
2024-10-12 02:11:44,785 Pruning 256 in layer 8
2024-10-12 02:11:44,786 Gathering metrics
2024-10-12 02:12:09,303 {'acc1': 0.7849628712871287, 'acc5': 0.9328589108910891, 'loss': 112.43797366321087, 'macs': 4288597736, 'params': 86650344, 'model_size': 330.5448303222656, 'inference_time': 0}
2024-10-12 02:12:09,316 Pruning 384 in layer 8
2024-10-12 02:12:09,317 Gathering metrics
2024-10-12 02:12:33,721 {'acc1': 0.7806311881188119, 'acc5': 0.9310024752475248, 'loss': 113.97598670423031, 'macs': 4278760936, 'params': 86453608, 'model_size': 329.7943420410156, 'inference_time': 0}
2024-10-12 02:12:33,736 Pruning 128 in layer 7
2024-10-12 02:12:33,737 Gathering metrics
2024-10-12 02:12:58,001 {'acc1': 0.7840346534653465, 'acc5': 0.9337871287128713, 'loss': 112.09630493819714, 'macs': 4278760936, 'params': 86453608, 'model_size': 329.7943420410156, 'inference_time': 0}
2024-10-12 02:12:58,016 Pruning 256 in layer 7
2024-10-12 02:12:58,017 Gathering metrics
2024-10-12 02:13:22,187 {'acc1': 0.7849628712871287, 'acc5': 0.9347153465346535, 'loss': 111.95136788487434, 'macs': 4268924136, 'params': 86256872, 'model_size': 329.0438537597656, 'inference_time': 0}
2024-10-12 02:13:22,202 Pruning 384 in layer 7
2024-10-12 02:13:22,203 Gathering metrics
2024-10-12 02:13:46,449 {'acc1': 0.7834158415841584, 'acc5': 0.932549504950495, 'loss': 112.26016806066036, 'macs': 4259087336, 'params': 86060136, 'model_size': 328.2933654785156, 'inference_time': 0}
2024-10-12 02:13:46,462 Pruning 512 in layer 7
2024-10-12 02:13:46,463 Gathering metrics
2024-10-12 02:14:10,665 {'acc1': 0.7840346534653465, 'acc5': 0.932549504950495, 'loss': 112.66097082197666, 'macs': 4249250536, 'params': 85863400, 'model_size': 327.5428771972656, 'inference_time': 0}
2024-10-12 02:14:10,680 Pruning 640 in layer 7
2024-10-12 02:14:10,681 Gathering metrics
2024-10-12 02:14:35,088 {'acc1': 0.781559405940594, 'acc5': 0.9300742574257426, 'loss': 113.01346004009247, 'macs': 4239413736, 'params': 85666664, 'model_size': 326.7923889160156, 'inference_time': 0}
2024-10-12 02:14:35,102 Pruning 768 in layer 7
2024-10-12 02:14:35,103 Gathering metrics
2024-10-12 02:14:59,334 {'acc1': 0.7793935643564357, 'acc5': 0.9288366336633663, 'loss': 113.2014384418726, 'macs': 4229576936, 'params': 85469928, 'model_size': 326.0419006347656, 'inference_time': 0}
2024-10-12 02:14:59,349 Pruning 896 in layer 7
2024-10-12 02:14:59,350 Gathering metrics
2024-10-12 02:15:23,502 {'acc1': 0.7797029702970297, 'acc5': 0.9285272277227723, 'loss': 113.99835030734539, 'macs': 4219740136, 'params': 85273192, 'model_size': 325.2914123535156, 'inference_time': 0}
2024-10-12 02:15:23,517 Pruning 1024 in layer 7
2024-10-12 02:15:23,518 Gathering metrics
2024-10-12 02:15:48,006 {'acc1': 0.7787747524752475, 'acc5': 0.9254331683168316, 'loss': 114.61268199980259, 'macs': 4209903336, 'params': 85076456, 'model_size': 324.5409240722656, 'inference_time': 0}
2024-10-12 02:15:48,021 Pruning 1152 in layer 7
2024-10-12 02:15:48,022 Gathering metrics
2024-10-12 02:16:12,396 {'acc1': 0.7781559405940595, 'acc5': 0.9229579207920792, 'loss': 115.59846378862858, 'macs': 4200066536, 'params': 84879720, 'model_size': 323.7904357910156, 'inference_time': 0}
2024-10-12 02:16:12,412 Pruning 1280 in layer 7
2024-10-12 02:16:12,413 Gathering metrics
2024-10-12 02:16:36,852 {'acc1': 0.7766089108910891, 'acc5': 0.9248143564356436, 'loss': 116.19041991233826, 'macs': 4190229736, 'params': 84682984, 'model_size': 323.0399475097656, 'inference_time': 0}
2024-10-12 02:16:36,868 Pruning 128 in layer 6
2024-10-12 02:16:36,869 Gathering metrics
2024-10-12 02:17:00,970 {'acc1': 0.775680693069307, 'acc5': 0.9223391089108911, 'loss': 116.44354820251465, 'macs': 4190229736, 'params': 84682984, 'model_size': 323.0399475097656, 'inference_time': 0}
2024-10-12 02:17:00,984 Pruning 256 in layer 6
2024-10-12 02:17:00,985 Gathering metrics
2024-10-12 02:17:25,023 {'acc1': 0.7719678217821783, 'acc5': 0.9217202970297029, 'loss': 117.38364896178246, 'macs': 4180392936, 'params': 84486248, 'model_size': 322.2894592285156, 'inference_time': 0}
2024-10-12 02:17:25,038 Pruning 384 in layer 6
2024-10-12 02:17:25,039 Gathering metrics
2024-10-12 02:17:49,042 {'acc1': 0.7747524752475248, 'acc5': 0.9201732673267327, 'loss': 117.92633894085884, 'macs': 4170556136, 'params': 84289512, 'model_size': 321.5389709472656, 'inference_time': 0}
2024-10-12 02:17:49,056 Pruning 512 in layer 6
2024-10-12 02:17:49,057 Gathering metrics
2024-10-12 02:18:13,366 {'acc1': 0.7698019801980198, 'acc5': 0.9195544554455446, 'loss': 118.56325353682041, 'macs': 4160719336, 'params': 84092776, 'model_size': 320.7884826660156, 'inference_time': 0}
2024-10-12 02:18:13,382 Pruning 128 in layer 5
2024-10-12 02:18:13,383 Gathering metrics
2024-10-12 02:18:37,626 {'acc1': 0.7691831683168316, 'acc5': 0.9183168316831684, 'loss': 119.74265538156033, 'macs': 4160719336, 'params': 84092776, 'model_size': 320.7884826660156, 'inference_time': 0}
2024-10-12 02:18:37,641 Pruning 256 in layer 5
2024-10-12 02:18:37,642 Gathering metrics
2024-10-12 02:19:01,728 {'acc1': 0.7657797029702971, 'acc5': 0.9146039603960396, 'loss': 121.85985511541367, 'macs': 4150882536, 'params': 83896040, 'model_size': 320.0379943847656, 'inference_time': 0}
2024-10-12 02:19:01,744 Pruning 128 in layer 4
2024-10-12 02:19:01,745 Gathering metrics
2024-10-12 02:19:25,822 {'acc1': 0.7663985148514851, 'acc5': 0.9170792079207921, 'loss': 120.68420265614986, 'macs': 4150882536, 'params': 83896040, 'model_size': 320.0379943847656, 'inference_time': 0}
2024-10-12 02:19:25,836 Pruning 256 in layer 4
2024-10-12 02:19:25,837 Gathering metrics
2024-10-12 02:19:49,830 {'acc1': 0.760519801980198, 'acc5': 0.9161509900990099, 'loss': 121.98176537454128, 'macs': 4141045736, 'params': 83699304, 'model_size': 319.2875061035156, 'inference_time': 0}
2024-10-12 02:19:49,844 Pruning 128 in layer 3
2024-10-12 02:19:49,845 Gathering metrics
2024-10-12 02:20:13,804 {'acc1': 0.7639232673267327, 'acc5': 0.9183168316831684, 'loss': 121.44762513041496, 'macs': 4141045736, 'params': 83699304, 'model_size': 319.2875061035156, 'inference_time': 0}
2024-10-12 02:20:13,819 Pruning 256 in layer 3
2024-10-12 02:20:13,820 Gathering metrics
2024-10-12 02:20:37,616 {'acc1': 0.7568069306930693, 'acc5': 0.9155321782178217, 'loss': 123.15445621311665, 'macs': 4131208936, 'params': 83502568, 'model_size': 318.5370178222656, 'inference_time': 0}
2024-10-12 02:20:37,630 Pruning 128 in layer 2
2024-10-12 02:20:37,630 Gathering metrics
2024-10-12 02:21:01,589 {'acc1': 0.7599009900990099, 'acc5': 0.9164603960396039, 'loss': 122.82909198105335, 'macs': 4131208936, 'params': 83502568, 'model_size': 318.5370178222656, 'inference_time': 0}
2024-10-12 02:21:01,701 Pruning 256 in layer 2
2024-10-12 02:21:01,702 Gathering metrics
2024-10-12 02:21:25,551 {'acc1': 0.7586633663366337, 'acc5': 0.911819306930693, 'loss': 124.13116902112961, 'macs': 4121372136, 'params': 83305832, 'model_size': 317.7865295410156, 'inference_time': 0}
2024-10-12 02:21:25,565 Pruning 384 in layer 2
2024-10-12 02:21:25,566 Gathering metrics
2024-10-12 02:21:49,495 {'acc1': 0.7490717821782178, 'acc5': 0.9096534653465347, 'loss': 126.81162126362324, 'macs': 4111535336, 'params': 83109096, 'model_size': 317.0360412597656, 'inference_time': 0}
2024-10-12 02:21:49,510 Pruning 128 in layer 1
2024-10-12 02:21:49,511 Gathering metrics
2024-10-12 02:22:13,721 {'acc1': 0.6274752475247525, 'acc5': 0.7985767326732673, 'loss': 199.42996111512184, 'macs': 4111535336, 'params': 83109096, 'model_size': 317.0360412597656, 'inference_time': 0}
2024-10-12 02:22:13,736 Pruning 128 in layer 0
2024-10-12 02:22:13,737 Gathering metrics
2024-10-12 02:22:37,517 {'acc1': 0.625309405940594, 'acc5': 0.8248762376237624, 'loss': 209.18377375602722, 'macs': 4111535336, 'params': 83109096, 'model_size': 317.0360412597656, 'inference_time': 0}
2024-10-12 02:22:37,529 Experiment finished
