2024-10-13 18:11:15,654 Starting experiment outputs/adaptive/vit_l_32/l2
2024-10-13 18:11:15,654 Loading the original model
2024-10-13 18:11:16,770 Gathering metrics of the original model
2024-10-13 18:11:51,869 {'acc1': 0.8016707920792079, 'acc5': 0.9452351485148515, 'loss': 89.4243591800332, 'macs': 15265769448, 'params': 306535400, 'model_size': 1169.3397521972656, 'inference_time': 0}
2024-10-13 18:11:51,898 Pruning 256 in layer 0
2024-10-13 18:11:51,917 Gathering metrics
2024-10-13 18:12:26,917 {'acc1': 0.7264851485148515, 'acc5': 0.8852103960396039, 'loss': 133.3516510426998, 'macs': 15239542248, 'params': 306010856, 'model_size': 1167.3387756347656, 'inference_time': 0}
2024-10-13 18:12:26,946 Pruning 256 in layer 1
2024-10-13 18:12:26,948 Gathering metrics
2024-10-13 18:13:02,142 {'acc1': 0.7982673267326733, 'acc5': 0.9446163366336634, 'loss': 90.55392050743103, 'macs': 15239542248, 'params': 306010856, 'model_size': 1167.3387756347656, 'inference_time': 0}
2024-10-13 18:13:02,185 Pruning 512 in layer 1
2024-10-13 18:13:02,187 Gathering metrics
2024-10-13 18:13:37,565 {'acc1': 0.7961014851485149, 'acc5': 0.9433787128712872, 'loss': 91.54350640624762, 'macs': 15213315048, 'params': 305486312, 'model_size': 1165.3377990722656, 'inference_time': 0}
2024-10-13 18:13:37,597 Pruning 256 in layer 2
2024-10-13 18:13:37,599 Gathering metrics
2024-10-13 18:14:13,009 {'acc1': 0.7951732673267327, 'acc5': 0.9452351485148515, 'loss': 92.05859775841236, 'macs': 15213315048, 'params': 305486312, 'model_size': 1165.3377990722656, 'inference_time': 0}
2024-10-13 18:14:13,041 Pruning 512 in layer 2
2024-10-13 18:14:13,043 Gathering metrics
2024-10-13 18:14:48,067 {'acc1': 0.7914603960396039, 'acc5': 0.9439975247524752, 'loss': 94.31484482437372, 'macs': 15187087848, 'params': 304961768, 'model_size': 1163.3368225097656, 'inference_time': 0}
2024-10-13 18:14:48,098 Pruning 256 in layer 3
2024-10-13 18:14:48,100 Gathering metrics
2024-10-13 18:15:23,342 {'acc1': 0.7905321782178217, 'acc5': 0.942759900990099, 'loss': 93.21175906807184, 'macs': 15187087848, 'params': 304961768, 'model_size': 1163.3368225097656, 'inference_time': 0}
2024-10-13 18:15:23,371 Pruning 256 in layer 4
2024-10-13 18:15:23,373 Gathering metrics
2024-10-13 18:15:58,324 {'acc1': 0.7942450495049505, 'acc5': 0.9439975247524752, 'loss': 92.73397687077522, 'macs': 15187087848, 'params': 304961768, 'model_size': 1163.3368225097656, 'inference_time': 0}
2024-10-13 18:15:58,354 Pruning 512 in layer 4
2024-10-13 18:15:58,356 Gathering metrics
2024-10-13 18:16:33,364 {'acc1': 0.7926980198019802, 'acc5': 0.9443069306930693, 'loss': 92.92821259051561, 'macs': 15160860648, 'params': 304437224, 'model_size': 1161.3358459472656, 'inference_time': 0}
2024-10-13 18:16:33,392 Pruning 768 in layer 4
2024-10-13 18:16:33,394 Gathering metrics
2024-10-13 18:17:08,467 {'acc1': 0.7920792079207921, 'acc5': 0.9412128712871287, 'loss': 93.33163633197546, 'macs': 15134633448, 'params': 303912680, 'model_size': 1159.3348693847656, 'inference_time': 0}
2024-10-13 18:17:08,495 Pruning 1024 in layer 4
2024-10-13 18:17:08,496 Gathering metrics
2024-10-13 18:17:43,617 {'acc1': 0.7954826732673267, 'acc5': 0.9396658415841584, 'loss': 93.68927478790283, 'macs': 15108406248, 'params': 303388136, 'model_size': 1157.3338928222656, 'inference_time': 0}
2024-10-13 18:17:43,647 Pruning 1280 in layer 4
2024-10-13 18:17:43,649 Gathering metrics
2024-10-13 18:18:18,276 {'acc1': 0.7930074257425742, 'acc5': 0.9399752475247525, 'loss': 94.19778931885958, 'macs': 15082179048, 'params': 302863592, 'model_size': 1155.3329162597656, 'inference_time': 0}
2024-10-13 18:18:18,405 Pruning 1536 in layer 4
2024-10-13 18:18:18,407 Gathering metrics
2024-10-13 18:18:53,150 {'acc1': 0.7923886138613861, 'acc5': 0.9390470297029703, 'loss': 94.80608955770731, 'macs': 15055951848, 'params': 302339048, 'model_size': 1153.3319396972656, 'inference_time': 0}
2024-10-13 18:18:53,179 Pruning 1792 in layer 4
2024-10-13 18:18:53,180 Gathering metrics
2024-10-13 18:19:28,709 {'acc1': 0.7923886138613861, 'acc5': 0.9375, 'loss': 95.17859528958797, 'macs': 15029724648, 'params': 301814504, 'model_size': 1151.3309631347656, 'inference_time': 0}
2024-10-13 18:19:28,741 Pruning 2048 in layer 4
2024-10-13 18:19:28,743 Gathering metrics
2024-10-13 18:20:05,298 {'acc1': 0.7914603960396039, 'acc5': 0.9359529702970297, 'loss': 95.50100995600224, 'macs': 15003497448, 'params': 301289960, 'model_size': 1149.3299865722656, 'inference_time': 0}
2024-10-13 18:20:05,330 Pruning 256 in layer 5
2024-10-13 18:20:05,331 Gathering metrics
2024-10-13 18:20:40,023 {'acc1': 0.7911509900990099, 'acc5': 0.937809405940594, 'loss': 95.09055906534195, 'macs': 15003497448, 'params': 301289960, 'model_size': 1149.3299865722656, 'inference_time': 0}
2024-10-13 18:20:40,051 Pruning 512 in layer 5
2024-10-13 18:20:40,052 Gathering metrics
2024-10-13 18:21:14,723 {'acc1': 0.7899133663366337, 'acc5': 0.9356435643564357, 'loss': 95.58478600531816, 'macs': 14977270248, 'params': 300765416, 'model_size': 1147.3290100097656, 'inference_time': 0}
2024-10-13 18:21:14,754 Pruning 768 in layer 5
2024-10-13 18:21:14,756 Gathering metrics
2024-10-13 18:21:49,794 {'acc1': 0.7877475247524752, 'acc5': 0.9368811881188119, 'loss': 96.73905757069588, 'macs': 14951043048, 'params': 300240872, 'model_size': 1145.3280334472656, 'inference_time': 0}
2024-10-13 18:21:49,820 Pruning 256 in layer 6
2024-10-13 18:21:49,822 Gathering metrics
2024-10-13 18:22:24,614 {'acc1': 0.7874381188118812, 'acc5': 0.9359529702970297, 'loss': 96.76190607994795, 'macs': 14951043048, 'params': 300240872, 'model_size': 1145.3280334472656, 'inference_time': 0}
2024-10-13 18:22:24,645 Pruning 512 in layer 6
2024-10-13 18:22:24,646 Gathering metrics
2024-10-13 18:22:59,376 {'acc1': 0.7855816831683168, 'acc5': 0.9337871287128713, 'loss': 97.58387498557568, 'macs': 14924815848, 'params': 299716328, 'model_size': 1143.3270568847656, 'inference_time': 0}
2024-10-13 18:22:59,407 Pruning 256 in layer 7
2024-10-13 18:22:59,409 Gathering metrics
2024-10-13 18:23:34,360 {'acc1': 0.786509900990099, 'acc5': 0.9353341584158416, 'loss': 97.85742875188589, 'macs': 14924815848, 'params': 299716328, 'model_size': 1143.3270568847656, 'inference_time': 0}
2024-10-13 18:23:34,390 Pruning 512 in layer 7
2024-10-13 18:23:34,392 Gathering metrics
2024-10-13 18:24:09,118 {'acc1': 0.7846534653465347, 'acc5': 0.9347153465346535, 'loss': 98.31327535957098, 'macs': 14898588648, 'params': 299191784, 'model_size': 1141.3260803222656, 'inference_time': 0}
2024-10-13 18:24:09,151 Pruning 768 in layer 7
2024-10-13 18:24:09,153 Gathering metrics
2024-10-13 18:24:43,943 {'acc1': 0.7843440594059405, 'acc5': 0.9347153465346535, 'loss': 98.92526529729366, 'macs': 14872361448, 'params': 298667240, 'model_size': 1139.3251037597656, 'inference_time': 0}
2024-10-13 18:24:43,974 Pruning 1024 in layer 7
2024-10-13 18:24:43,975 Gathering metrics
2024-10-13 18:25:18,855 {'acc1': 0.7824876237623762, 'acc5': 0.9334777227722773, 'loss': 99.2712830901146, 'macs': 14846134248, 'params': 298142696, 'model_size': 1137.3241271972656, 'inference_time': 0}
2024-10-13 18:25:18,985 Pruning 256 in layer 8
2024-10-13 18:25:18,986 Gathering metrics
2024-10-13 18:25:54,139 {'acc1': 0.7800123762376238, 'acc5': 0.9328589108910891, 'loss': 99.5000699609518, 'macs': 14846134248, 'params': 298142696, 'model_size': 1137.3241271972656, 'inference_time': 0}
2024-10-13 18:25:54,169 Pruning 256 in layer 9
2024-10-13 18:25:54,170 Gathering metrics
2024-10-13 18:26:28,828 {'acc1': 0.7834158415841584, 'acc5': 0.9350247524752475, 'loss': 98.67537993192673, 'macs': 14846134248, 'params': 298142696, 'model_size': 1137.3241271972656, 'inference_time': 0}
2024-10-13 18:26:28,859 Pruning 512 in layer 9
2024-10-13 18:26:28,861 Gathering metrics
2024-10-13 18:27:03,468 {'acc1': 0.781559405940594, 'acc5': 0.9331683168316832, 'loss': 99.0278804898262, 'macs': 14819907048, 'params': 297618152, 'model_size': 1135.3231506347656, 'inference_time': 0}
2024-10-13 18:27:03,497 Pruning 768 in layer 9
2024-10-13 18:27:03,498 Gathering metrics
2024-10-13 18:27:38,120 {'acc1': 0.7806311881188119, 'acc5': 0.9350247524752475, 'loss': 99.4206232726574, 'macs': 14793679848, 'params': 297093608, 'model_size': 1133.3221740722656, 'inference_time': 0}
2024-10-13 18:27:38,149 Pruning 256 in layer 10
2024-10-13 18:27:38,151 Gathering metrics
2024-10-13 18:28:13,122 {'acc1': 0.7787747524752475, 'acc5': 0.9334777227722773, 'loss': 99.70792952179909, 'macs': 14793679848, 'params': 297093608, 'model_size': 1133.3221740722656, 'inference_time': 0}
2024-10-13 18:28:13,151 Pruning 512 in layer 10
2024-10-13 18:28:13,153 Gathering metrics
2024-10-13 18:28:48,183 {'acc1': 0.775680693069307, 'acc5': 0.932549504950495, 'loss': 100.30910709500313, 'macs': 14767452648, 'params': 296569064, 'model_size': 1131.3211975097656, 'inference_time': 0}
2024-10-13 18:28:48,210 Pruning 256 in layer 11
2024-10-13 18:28:48,212 Gathering metrics
2024-10-13 18:29:23,148 {'acc1': 0.7784653465346535, 'acc5': 0.931930693069307, 'loss': 100.24841314554214, 'macs': 14767452648, 'params': 296569064, 'model_size': 1131.3211975097656, 'inference_time': 0}
2024-10-13 18:29:23,181 Pruning 512 in layer 11
2024-10-13 18:29:23,183 Gathering metrics
2024-10-13 18:29:58,164 {'acc1': 0.7797029702970297, 'acc5': 0.9310024752475248, 'loss': 100.41700319945812, 'macs': 14741225448, 'params': 296044520, 'model_size': 1129.3202209472656, 'inference_time': 0}
2024-10-13 18:29:58,196 Pruning 768 in layer 11
2024-10-13 18:29:58,198 Gathering metrics
2024-10-13 18:30:33,364 {'acc1': 0.7784653465346535, 'acc5': 0.9316212871287128, 'loss': 100.54835630953312, 'macs': 14714998248, 'params': 295519976, 'model_size': 1127.3192443847656, 'inference_time': 0}
2024-10-13 18:30:33,397 Pruning 1024 in layer 11
2024-10-13 18:30:33,398 Gathering metrics
2024-10-13 18:31:08,269 {'acc1': 0.7769183168316832, 'acc5': 0.932240099009901, 'loss': 100.75280576944351, 'macs': 14688771048, 'params': 294995432, 'model_size': 1125.3182678222656, 'inference_time': 0}
2024-10-13 18:31:08,301 Pruning 1280 in layer 11
2024-10-13 18:31:08,303 Gathering metrics
2024-10-13 18:31:42,995 {'acc1': 0.7775371287128713, 'acc5': 0.931930693069307, 'loss': 101.0129160284996, 'macs': 14662543848, 'params': 294470888, 'model_size': 1123.3172912597656, 'inference_time': 0}
2024-10-13 18:31:43,028 Pruning 1536 in layer 11
2024-10-13 18:31:43,029 Gathering metrics
2024-10-13 18:32:19,970 {'acc1': 0.7769183168316832, 'acc5': 0.931930693069307, 'loss': 101.09197705984116, 'macs': 14636316648, 'params': 293946344, 'model_size': 1121.3163146972656, 'inference_time': 0}
2024-10-13 18:32:20,002 Pruning 1792 in layer 11
2024-10-13 18:32:20,004 Gathering metrics
2024-10-13 18:32:55,023 {'acc1': 0.7784653465346535, 'acc5': 0.9306930693069307, 'loss': 101.22655755281448, 'macs': 14610089448, 'params': 293421800, 'model_size': 1119.3153381347656, 'inference_time': 0}
2024-10-13 18:32:55,155 Pruning 2048 in layer 11
2024-10-13 18:32:55,157 Gathering metrics
2024-10-13 18:33:30,048 {'acc1': 0.7781559405940595, 'acc5': 0.9300742574257426, 'loss': 101.37322580814362, 'macs': 14583862248, 'params': 292897256, 'model_size': 1117.3143615722656, 'inference_time': 0}
2024-10-13 18:33:30,081 Pruning 2304 in layer 11
2024-10-13 18:33:30,083 Gathering metrics
2024-10-13 18:34:04,638 {'acc1': 0.7784653465346535, 'acc5': 0.9306930693069307, 'loss': 101.42761147022247, 'macs': 14557635048, 'params': 292372712, 'model_size': 1115.3133850097656, 'inference_time': 0}
2024-10-13 18:34:04,670 Pruning 2560 in layer 11
2024-10-13 18:34:04,672 Gathering metrics
2024-10-13 18:34:39,605 {'acc1': 0.7790841584158416, 'acc5': 0.9303836633663366, 'loss': 101.52414411306381, 'macs': 14531407848, 'params': 291848168, 'model_size': 1113.3124084472656, 'inference_time': 0}
2024-10-13 18:34:39,634 Pruning 2816 in layer 11
2024-10-13 18:34:39,635 Gathering metrics
2024-10-13 18:35:14,266 {'acc1': 0.7775371287128713, 'acc5': 0.9300742574257426, 'loss': 101.56454268097878, 'macs': 14505180648, 'params': 291323624, 'model_size': 1111.3114318847656, 'inference_time': 0}
2024-10-13 18:35:14,297 Pruning 3072 in layer 11
2024-10-13 18:35:14,299 Gathering metrics
2024-10-13 18:35:49,061 {'acc1': 0.7769183168316832, 'acc5': 0.9306930693069307, 'loss': 101.65535674989223, 'macs': 14478953448, 'params': 290799080, 'model_size': 1109.3104553222656, 'inference_time': 0}
2024-10-13 18:35:49,091 Pruning 3328 in layer 11
2024-10-13 18:35:49,093 Gathering metrics
2024-10-13 18:36:23,405 {'acc1': 0.7753712871287128, 'acc5': 0.9303836633663366, 'loss': 101.8745700865984, 'macs': 14452726248, 'params': 290274536, 'model_size': 1107.3094787597656, 'inference_time': 0}
2024-10-13 18:36:23,436 Pruning 3584 in layer 11
2024-10-13 18:36:23,438 Gathering metrics
2024-10-13 18:36:57,950 {'acc1': 0.7769183168316832, 'acc5': 0.9310024752475248, 'loss': 101.67135708034039, 'macs': 14426499048, 'params': 289749992, 'model_size': 1105.3085021972656, 'inference_time': 0}
2024-10-13 18:36:57,982 Pruning 3840 in layer 11
2024-10-13 18:36:57,983 Gathering metrics
2024-10-13 18:37:32,532 {'acc1': 0.7772277227722773, 'acc5': 0.9303836633663366, 'loss': 101.76969981193542, 'macs': 14400271848, 'params': 289225448, 'model_size': 1103.3075256347656, 'inference_time': 0}
2024-10-13 18:37:32,563 Pruning 256 in layer 12
2024-10-13 18:37:32,564 Gathering metrics
2024-10-13 18:38:07,078 {'acc1': 0.7753712871287128, 'acc5': 0.9306930693069307, 'loss': 101.96957947313786, 'macs': 14400271848, 'params': 289225448, 'model_size': 1103.3075256347656, 'inference_time': 0}
2024-10-13 18:38:07,113 Pruning 512 in layer 12
2024-10-13 18:38:07,115 Gathering metrics
2024-10-13 18:38:41,278 {'acc1': 0.7735148514851485, 'acc5': 0.9291460396039604, 'loss': 102.39229701459408, 'macs': 14374044648, 'params': 288700904, 'model_size': 1101.3065490722656, 'inference_time': 0}
2024-10-13 18:38:41,308 Pruning 256 in layer 13
2024-10-13 18:38:41,309 Gathering metrics
2024-10-13 18:39:15,388 {'acc1': 0.775680693069307, 'acc5': 0.9297648514851485, 'loss': 102.52657355368137, 'macs': 14374044648, 'params': 288700904, 'model_size': 1101.3065490722656, 'inference_time': 0}
2024-10-13 18:39:15,415 Pruning 512 in layer 13
2024-10-13 18:39:15,416 Gathering metrics
2024-10-13 18:39:49,692 {'acc1': 0.7747524752475248, 'acc5': 0.9288366336633663, 'loss': 102.70602330565453, 'macs': 14347817448, 'params': 288176360, 'model_size': 1099.3055725097656, 'inference_time': 0}
2024-10-13 18:39:49,720 Pruning 768 in layer 13
2024-10-13 18:39:49,722 Gathering metrics
2024-10-13 18:40:24,067 {'acc1': 0.7741336633663366, 'acc5': 0.9282178217821783, 'loss': 103.67428775131702, 'macs': 14321590248, 'params': 287651816, 'model_size': 1097.3045959472656, 'inference_time': 0}
2024-10-13 18:40:24,197 Pruning 1024 in layer 13
2024-10-13 18:40:24,199 Gathering metrics
2024-10-13 18:40:58,441 {'acc1': 0.7744430693069307, 'acc5': 0.9266707920792079, 'loss': 103.94066207110882, 'macs': 14295363048, 'params': 287127272, 'model_size': 1095.3036193847656, 'inference_time': 0}
2024-10-13 18:40:58,472 Pruning 1280 in layer 13
2024-10-13 18:40:58,474 Gathering metrics
2024-10-13 18:41:32,883 {'acc1': 0.7710396039603961, 'acc5': 0.9260519801980198, 'loss': 105.05627743899822, 'macs': 14269135848, 'params': 286602728, 'model_size': 1093.3026428222656, 'inference_time': 0}
2024-10-13 18:41:32,913 Pruning 256 in layer 14
2024-10-13 18:41:32,914 Gathering metrics
2024-10-13 18:42:07,345 {'acc1': 0.7716584158415841, 'acc5': 0.9272896039603961, 'loss': 104.29885287582874, 'macs': 14269135848, 'params': 286602728, 'model_size': 1093.3026428222656, 'inference_time': 0}
2024-10-13 18:42:07,373 Pruning 512 in layer 14
2024-10-13 18:42:07,375 Gathering metrics
2024-10-13 18:42:41,276 {'acc1': 0.7722772277227723, 'acc5': 0.926980198019802, 'loss': 104.53668190538883, 'macs': 14242908648, 'params': 286078184, 'model_size': 1091.3016662597656, 'inference_time': 0}
2024-10-13 18:42:41,311 Pruning 768 in layer 14
2024-10-13 18:42:41,313 Gathering metrics
2024-10-13 18:43:15,403 {'acc1': 0.7710396039603961, 'acc5': 0.9282178217821783, 'loss': 104.63591894507408, 'macs': 14216681448, 'params': 285553640, 'model_size': 1089.3006896972656, 'inference_time': 0}
2024-10-13 18:43:15,431 Pruning 256 in layer 15
2024-10-13 18:43:15,433 Gathering metrics
2024-10-13 18:43:49,347 {'acc1': 0.7694925742574258, 'acc5': 0.9257425742574258, 'loss': 105.27118855714798, 'macs': 14216681448, 'params': 285553640, 'model_size': 1089.3006896972656, 'inference_time': 0}
2024-10-13 18:43:49,377 Pruning 512 in layer 15
2024-10-13 18:43:49,379 Gathering metrics
2024-10-13 18:44:23,462 {'acc1': 0.7679455445544554, 'acc5': 0.9251237623762376, 'loss': 105.56725670397282, 'macs': 14190454248, 'params': 285029096, 'model_size': 1087.2997131347656, 'inference_time': 0}
2024-10-13 18:44:23,494 Pruning 256 in layer 16
2024-10-13 18:44:23,496 Gathering metrics
2024-10-13 18:44:57,350 {'acc1': 0.7694925742574258, 'acc5': 0.9257425742574258, 'loss': 106.18280053138733, 'macs': 14190454248, 'params': 285029096, 'model_size': 1087.2997131347656, 'inference_time': 0}
2024-10-13 18:44:57,378 Pruning 512 in layer 16
2024-10-13 18:44:57,380 Gathering metrics
2024-10-13 18:45:31,587 {'acc1': 0.7691831683168316, 'acc5': 0.9245049504950495, 'loss': 106.47642712295055, 'macs': 14164227048, 'params': 284504552, 'model_size': 1085.2987365722656, 'inference_time': 0}
2024-10-13 18:45:31,622 Pruning 768 in layer 16
2024-10-13 18:45:31,624 Gathering metrics
2024-10-13 18:46:05,649 {'acc1': 0.7685643564356436, 'acc5': 0.9235767326732673, 'loss': 107.05680458247662, 'macs': 14137999848, 'params': 283980008, 'model_size': 1083.2977600097656, 'inference_time': 0}
2024-10-13 18:46:05,679 Pruning 1024 in layer 16
2024-10-13 18:46:05,681 Gathering metrics
2024-10-13 18:46:39,727 {'acc1': 0.7691831683168316, 'acc5': 0.9238861386138614, 'loss': 107.80924677848816, 'macs': 14111772648, 'params': 283455464, 'model_size': 1081.2967834472656, 'inference_time': 0}
2024-10-13 18:46:39,757 Pruning 1280 in layer 16
2024-10-13 18:46:39,759 Gathering metrics
2024-10-13 18:47:13,640 {'acc1': 0.7673267326732673, 'acc5': 0.9245049504950495, 'loss': 107.92471122741699, 'macs': 14085545448, 'params': 282930920, 'model_size': 1079.2958068847656, 'inference_time': 0}
2024-10-13 18:47:13,776 Pruning 1536 in layer 16
2024-10-13 18:47:13,778 Gathering metrics
2024-10-13 18:47:47,704 {'acc1': 0.7660891089108911, 'acc5': 0.9235767326732673, 'loss': 108.4799864590168, 'macs': 14059318248, 'params': 282406376, 'model_size': 1077.2948303222656, 'inference_time': 0}
2024-10-13 18:47:47,733 Pruning 256 in layer 17
2024-10-13 18:47:47,735 Gathering metrics
2024-10-13 18:48:21,576 {'acc1': 0.7660891089108911, 'acc5': 0.9235767326732673, 'loss': 108.0947807431221, 'macs': 14059318248, 'params': 282406376, 'model_size': 1077.2948303222656, 'inference_time': 0}
2024-10-13 18:48:21,606 Pruning 512 in layer 17
2024-10-13 18:48:21,608 Gathering metrics
2024-10-13 18:48:55,374 {'acc1': 0.7629950495049505, 'acc5': 0.9226485148514851, 'loss': 108.22409427165985, 'macs': 14033091048, 'params': 281881832, 'model_size': 1075.2938537597656, 'inference_time': 0}
2024-10-13 18:48:55,405 Pruning 256 in layer 18
2024-10-13 18:48:55,406 Gathering metrics
2024-10-13 18:49:29,034 {'acc1': 0.7657797029702971, 'acc5': 0.9226485148514851, 'loss': 108.06834711134434, 'macs': 14033091048, 'params': 281881832, 'model_size': 1075.2938537597656, 'inference_time': 0}
2024-10-13 18:49:29,066 Pruning 512 in layer 18
2024-10-13 18:49:29,068 Gathering metrics
2024-10-13 18:50:02,759 {'acc1': 0.7642326732673267, 'acc5': 0.9220297029702971, 'loss': 108.1088255494833, 'macs': 14006863848, 'params': 281357288, 'model_size': 1073.2928771972656, 'inference_time': 0}
2024-10-13 18:50:02,790 Pruning 768 in layer 18
2024-10-13 18:50:02,791 Gathering metrics
2024-10-13 18:50:36,106 {'acc1': 0.7645420792079208, 'acc5': 0.9226485148514851, 'loss': 108.15543735027313, 'macs': 13980636648, 'params': 280832744, 'model_size': 1071.2919006347656, 'inference_time': 0}
2024-10-13 18:50:36,133 Pruning 1024 in layer 18
2024-10-13 18:50:36,135 Gathering metrics
2024-10-13 18:51:09,960 {'acc1': 0.7642326732673267, 'acc5': 0.9232673267326733, 'loss': 108.10066048800945, 'macs': 13954409448, 'params': 280308200, 'model_size': 1069.2909240722656, 'inference_time': 0}
2024-10-13 18:51:09,990 Pruning 1280 in layer 18
2024-10-13 18:51:09,992 Gathering metrics
2024-10-13 18:51:43,383 {'acc1': 0.7642326732673267, 'acc5': 0.9229579207920792, 'loss': 108.20699925720692, 'macs': 13928182248, 'params': 279783656, 'model_size': 1067.2899475097656, 'inference_time': 0}
2024-10-13 18:51:43,412 Pruning 1536 in layer 18
2024-10-13 18:51:43,414 Gathering metrics
2024-10-13 18:52:16,754 {'acc1': 0.7611386138613861, 'acc5': 0.9235767326732673, 'loss': 108.2521740347147, 'macs': 13901955048, 'params': 279259112, 'model_size': 1065.2889709472656, 'inference_time': 0}
2024-10-13 18:52:16,784 Pruning 256 in layer 19
2024-10-13 18:52:16,786 Gathering metrics
2024-10-13 18:52:50,603 {'acc1': 0.7626856435643564, 'acc5': 0.9232673267326733, 'loss': 108.67542041838169, 'macs': 13901955048, 'params': 279259112, 'model_size': 1065.2889709472656, 'inference_time': 0}
2024-10-13 18:52:50,636 Pruning 512 in layer 19
2024-10-13 18:52:50,638 Gathering metrics
2024-10-13 18:53:24,266 {'acc1': 0.7626856435643564, 'acc5': 0.9229579207920792, 'loss': 108.9913227558136, 'macs': 13875727848, 'params': 278734568, 'model_size': 1063.2879943847656, 'inference_time': 0}
2024-10-13 18:53:24,297 Pruning 768 in layer 19
2024-10-13 18:53:24,299 Gathering metrics
2024-10-13 18:53:58,117 {'acc1': 0.7623762376237624, 'acc5': 0.9238861386138614, 'loss': 109.0648088902235, 'macs': 13849500648, 'params': 278210024, 'model_size': 1061.2870178222656, 'inference_time': 0}
2024-10-13 18:53:58,147 Pruning 1024 in layer 19
2024-10-13 18:53:58,149 Gathering metrics
2024-10-13 18:54:32,253 {'acc1': 0.7648514851485149, 'acc5': 0.9235767326732673, 'loss': 109.16971582174301, 'macs': 13823273448, 'params': 277685480, 'model_size': 1059.2860412597656, 'inference_time': 0}
2024-10-13 18:54:32,395 Pruning 1280 in layer 19
2024-10-13 18:54:32,397 Gathering metrics
2024-10-13 18:55:06,149 {'acc1': 0.7636138613861386, 'acc5': 0.9248143564356436, 'loss': 109.62217561900616, 'macs': 13797046248, 'params': 277160936, 'model_size': 1057.2850646972656, 'inference_time': 0}
2024-10-13 18:55:06,181 Pruning 1536 in layer 19
2024-10-13 18:55:06,183 Gathering metrics
2024-10-13 18:55:39,907 {'acc1': 0.760519801980198, 'acc5': 0.9241955445544554, 'loss': 109.93054392933846, 'macs': 13770819048, 'params': 276636392, 'model_size': 1055.2840881347656, 'inference_time': 0}
2024-10-13 18:55:39,937 Pruning 256 in layer 20
2024-10-13 18:55:39,939 Gathering metrics
2024-10-13 18:56:13,308 {'acc1': 0.7642326732673267, 'acc5': 0.9241955445544554, 'loss': 109.93499857187271, 'macs': 13770819048, 'params': 276636392, 'model_size': 1055.2840881347656, 'inference_time': 0}
2024-10-13 18:56:13,338 Pruning 512 in layer 20
2024-10-13 18:56:13,340 Gathering metrics
2024-10-13 18:56:46,828 {'acc1': 0.7623762376237624, 'acc5': 0.9226485148514851, 'loss': 110.41302920877934, 'macs': 13744591848, 'params': 276111848, 'model_size': 1053.2831115722656, 'inference_time': 0}
2024-10-13 18:56:46,859 Pruning 768 in layer 20
2024-10-13 18:56:46,860 Gathering metrics
2024-10-13 18:57:20,438 {'acc1': 0.7623762376237624, 'acc5': 0.9223391089108911, 'loss': 110.80175986886024, 'macs': 13718364648, 'params': 275587304, 'model_size': 1051.2821350097656, 'inference_time': 0}
2024-10-13 18:57:20,468 Pruning 1024 in layer 20
2024-10-13 18:57:20,470 Gathering metrics
2024-10-13 18:57:54,011 {'acc1': 0.7602103960396039, 'acc5': 0.9226485148514851, 'loss': 111.18738663196564, 'macs': 13692137448, 'params': 275062760, 'model_size': 1049.2811584472656, 'inference_time': 0}
2024-10-13 18:57:54,046 Pruning 256 in layer 21
2024-10-13 18:57:54,048 Gathering metrics
2024-10-13 18:58:28,299 {'acc1': 0.7633044554455446, 'acc5': 0.9232673267326733, 'loss': 111.10221093893051, 'macs': 13692137448, 'params': 275062760, 'model_size': 1049.2811584472656, 'inference_time': 0}
2024-10-13 18:58:28,332 Pruning 512 in layer 21
2024-10-13 18:58:28,334 Gathering metrics
2024-10-13 18:59:03,254 {'acc1': 0.7595915841584159, 'acc5': 0.9217202970297029, 'loss': 113.24691687524319, 'macs': 13665910248, 'params': 274538216, 'model_size': 1047.2801818847656, 'inference_time': 0}
2024-10-13 18:59:03,285 Pruning 768 in layer 21
2024-10-13 18:59:03,287 Gathering metrics
2024-10-13 18:59:37,370 {'acc1': 0.7586633663366337, 'acc5': 0.9207920792079208, 'loss': 114.04402627050877, 'macs': 13639683048, 'params': 274013672, 'model_size': 1045.2792053222656, 'inference_time': 0}
2024-10-13 18:59:37,397 Pruning 256 in layer 22
2024-10-13 18:59:37,398 Gathering metrics
2024-10-13 19:00:10,731 {'acc1': 0.7592821782178217, 'acc5': 0.9204826732673267, 'loss': 115.9596797823906, 'macs': 13639683048, 'params': 274013672, 'model_size': 1045.2792053222656, 'inference_time': 0}
2024-10-13 19:00:10,762 Pruning 512 in layer 22
2024-10-13 19:00:10,764 Gathering metrics
2024-10-13 19:00:44,268 {'acc1': 0.7571163366336634, 'acc5': 0.9195544554455446, 'loss': 116.31780365109444, 'macs': 13613455848, 'params': 273489128, 'model_size': 1043.2782287597656, 'inference_time': 0}
2024-10-13 19:00:44,298 Pruning 768 in layer 22
2024-10-13 19:00:44,300 Gathering metrics
2024-10-13 19:01:17,920 {'acc1': 0.7561881188118812, 'acc5': 0.9183168316831684, 'loss': 117.14153315126896, 'macs': 13587228648, 'params': 272964584, 'model_size': 1041.2772521972656, 'inference_time': 0}
2024-10-13 19:01:18,057 Pruning 256 in layer 23
2024-10-13 19:01:18,059 Gathering metrics
2024-10-13 19:01:51,478 {'acc1': 0.7574257425742574, 'acc5': 0.9195544554455446, 'loss': 117.96011786162853, 'macs': 13587228648, 'params': 272964584, 'model_size': 1041.2772521972656, 'inference_time': 0}
2024-10-13 19:01:51,505 Pruning 512 in layer 23
2024-10-13 19:01:51,507 Gathering metrics
2024-10-13 19:02:26,375 {'acc1': 0.7574257425742574, 'acc5': 0.9173886138613861, 'loss': 113.12012858688831, 'macs': 13561001448, 'params': 272440040, 'model_size': 1039.2762756347656, 'inference_time': 0}
2024-10-13 19:02:26,403 Pruning 768 in layer 23
2024-10-13 19:02:26,405 Gathering metrics
2024-10-13 19:03:01,945 {'acc1': 0.7583539603960396, 'acc5': 0.9161509900990099, 'loss': 110.87696272134781, 'macs': 13534774248, 'params': 271915496, 'model_size': 1037.2752990722656, 'inference_time': 0}
2024-10-13 19:03:01,976 Pruning 1024 in layer 23
2024-10-13 19:03:01,978 Gathering metrics
2024-10-13 19:03:34,936 {'acc1': 0.7577351485148515, 'acc5': 0.9176980198019802, 'loss': 108.3767199665308, 'macs': 13508547048, 'params': 271390952, 'model_size': 1035.2743225097656, 'inference_time': 0}
2024-10-13 19:03:34,966 Pruning 1280 in layer 23
2024-10-13 19:03:34,968 Gathering metrics
2024-10-13 19:04:08,022 {'acc1': 0.7586633663366337, 'acc5': 0.9180074257425742, 'loss': 107.92938169836998, 'macs': 13482319848, 'params': 270866408, 'model_size': 1033.2733459472656, 'inference_time': 0}
2024-10-13 19:04:08,054 Pruning 1536 in layer 23
2024-10-13 19:04:08,056 Gathering metrics
2024-10-13 19:04:41,091 {'acc1': 0.7574257425742574, 'acc5': 0.9183168316831684, 'loss': 106.30593315511942, 'macs': 13456092648, 'params': 270341864, 'model_size': 1031.2723693847656, 'inference_time': 0}
2024-10-13 19:04:41,120 Pruning 1792 in layer 23
2024-10-13 19:04:41,121 Gathering metrics
2024-10-13 19:05:14,111 {'acc1': 0.7586633663366337, 'acc5': 0.9192450495049505, 'loss': 105.77999875694513, 'macs': 13429865448, 'params': 269817320, 'model_size': 1029.2713928222656, 'inference_time': 0}
2024-10-13 19:05:14,143 Pruning 2048 in layer 23
2024-10-13 19:05:14,144 Gathering metrics
2024-10-13 19:05:47,535 {'acc1': 0.7602103960396039, 'acc5': 0.9211014851485149, 'loss': 105.38156939297915, 'macs': 13403638248, 'params': 269292776, 'model_size': 1027.2704162597656, 'inference_time': 0}
2024-10-13 19:05:47,568 Pruning 2304 in layer 23
2024-10-13 19:05:47,569 Gathering metrics
2024-10-13 19:06:20,661 {'acc1': 0.7592821782178217, 'acc5': 0.9204826732673267, 'loss': 105.13293008506298, 'macs': 13377411048, 'params': 268768232, 'model_size': 1025.2694396972656, 'inference_time': 0}
2024-10-13 19:06:20,691 Pruning 2560 in layer 23
2024-10-13 19:06:20,692 Gathering metrics
2024-10-13 19:06:53,852 {'acc1': 0.7611386138613861, 'acc5': 0.9201732673267327, 'loss': 104.5500354245305, 'macs': 13351183848, 'params': 268243688, 'model_size': 1023.2684631347656, 'inference_time': 0}
2024-10-13 19:06:53,883 Pruning 2816 in layer 23
2024-10-13 19:06:53,885 Gathering metrics
2024-10-13 19:07:27,126 {'acc1': 0.7623762376237624, 'acc5': 0.9207920792079208, 'loss': 104.45908585935831, 'macs': 13324956648, 'params': 267719144, 'model_size': 1021.2674865722656, 'inference_time': 0}
2024-10-13 19:07:27,157 Pruning 3072 in layer 23
2024-10-13 19:07:27,159 Gathering metrics
2024-10-13 19:08:00,270 {'acc1': 0.7633044554455446, 'acc5': 0.9211014851485149, 'loss': 104.22232685238123, 'macs': 13298729448, 'params': 267194600, 'model_size': 1019.2665100097656, 'inference_time': 0}
2024-10-13 19:08:00,300 Pruning 3328 in layer 23
2024-10-13 19:08:00,302 Gathering metrics
2024-10-13 19:08:33,495 {'acc1': 0.7633044554455446, 'acc5': 0.9214108910891089, 'loss': 104.30061005428433, 'macs': 13272502248, 'params': 266670056, 'model_size': 1017.2655334472656, 'inference_time': 0}
2024-10-13 19:08:33,526 Pruning 3584 in layer 23
2024-10-13 19:08:33,527 Gathering metrics
2024-10-13 19:09:06,935 {'acc1': 0.7623762376237624, 'acc5': 0.9223391089108911, 'loss': 104.30200385302305, 'macs': 13246275048, 'params': 266145512, 'model_size': 1015.2645568847656, 'inference_time': 0}
2024-10-13 19:09:07,069 Pruning 3840 in layer 23
2024-10-13 19:09:07,070 Gathering metrics
2024-10-13 19:09:40,267 {'acc1': 0.7636138613861386, 'acc5': 0.9211014851485149, 'loss': 104.67031645402312, 'macs': 13220047848, 'params': 265620968, 'model_size': 1013.2635803222656, 'inference_time': 0}
2024-10-13 19:09:40,282 Experiment finished
