2024-10-12 17:08:39,169 Starting experiment outputs/adaptive/vit_l_32/proj550
2024-10-12 17:08:39,169 Loading the original model
2024-10-12 17:08:40,277 Gathering metrics of the original model
2024-10-12 17:09:15,450 {'acc1': 0.8016707920792079, 'acc5': 0.9452351485148515, 'loss': 89.4243591800332, 'macs': 15265769448, 'params': 306535400, 'model_size': 1169.3397521972656, 'inference_time': 0}
2024-10-12 17:09:15,485 Pruning 256 in layer 23
2024-10-12 17:09:29,313 Gathering metrics
2024-10-12 17:10:03,804 {'acc1': 0.8010519801980198, 'acc5': 0.9474009900990099, 'loss': 93.94910682737827, 'macs': 15239542248, 'params': 306010856, 'model_size': 1167.3387756347656, 'inference_time': 0}
2024-10-12 17:10:03,839 Pruning 512 in layer 23
2024-10-12 17:10:15,772 Gathering metrics
2024-10-12 17:10:50,282 {'acc1': 0.8022896039603961, 'acc5': 0.948019801980198, 'loss': 93.62926779687405, 'macs': 15213315048, 'params': 305486312, 'model_size': 1165.3377990722656, 'inference_time': 0}
2024-10-12 17:10:50,310 Pruning 768 in layer 23
2024-10-12 17:10:59,973 Gathering metrics
2024-10-12 17:11:34,226 {'acc1': 0.8013613861386139, 'acc5': 0.9449257425742574, 'loss': 94.7672875970602, 'macs': 15187087848, 'params': 304961768, 'model_size': 1163.3368225097656, 'inference_time': 0}
2024-10-12 17:11:34,255 Pruning 1024 in layer 23
2024-10-12 17:11:42,515 Gathering metrics
2024-10-12 17:12:16,863 {'acc1': 0.8022896039603961, 'acc5': 0.9449257425742574, 'loss': 92.59018529951572, 'macs': 15160860648, 'params': 304437224, 'model_size': 1161.3358459472656, 'inference_time': 0}
2024-10-12 17:12:16,891 Pruning 1280 in layer 23
2024-10-12 17:12:23,807 Gathering metrics
2024-10-12 17:12:58,225 {'acc1': 0.7998143564356436, 'acc5': 0.9439975247524752, 'loss': 95.2196248844266, 'macs': 15134633448, 'params': 303912680, 'model_size': 1159.3348693847656, 'inference_time': 0}
2024-10-12 17:12:58,254 Pruning 1536 in layer 23
2024-10-12 17:13:04,158 Gathering metrics
2024-10-12 17:13:38,759 {'acc1': 0.7942450495049505, 'acc5': 0.9412128712871287, 'loss': 98.47143015265465, 'macs': 15108406248, 'params': 303388136, 'model_size': 1157.3338928222656, 'inference_time': 0}
2024-10-12 17:13:38,788 Pruning 256 in layer 22
2024-10-12 17:13:52,103 Gathering metrics
2024-10-12 17:14:26,856 {'acc1': 0.7936262376237624, 'acc5': 0.9387376237623762, 'loss': 104.88079369068146, 'macs': 15108406248, 'params': 303388136, 'model_size': 1157.3338928222656, 'inference_time': 0}
2024-10-12 17:14:26,885 Pruning 256 in layer 21
2024-10-12 17:14:40,232 Gathering metrics
2024-10-12 17:15:15,219 {'acc1': 0.7976485148514851, 'acc5': 0.9433787128712872, 'loss': 96.50471075624228, 'macs': 15108406248, 'params': 303388136, 'model_size': 1157.3338928222656, 'inference_time': 0}
2024-10-12 17:15:15,248 Pruning 512 in layer 21
2024-10-12 17:15:27,284 Gathering metrics
2024-10-12 17:16:01,858 {'acc1': 0.7936262376237624, 'acc5': 0.942450495049505, 'loss': 98.12620186805725, 'macs': 15082179048, 'params': 302863592, 'model_size': 1155.3329162597656, 'inference_time': 0}
2024-10-12 17:16:01,892 Pruning 256 in layer 20
2024-10-12 17:16:15,658 Gathering metrics
2024-10-12 17:16:50,387 {'acc1': 0.7933168316831684, 'acc5': 0.943069306930693, 'loss': 97.19046238064766, 'macs': 15082179048, 'params': 302863592, 'model_size': 1155.3329162597656, 'inference_time': 0}
2024-10-12 17:16:50,416 Pruning 256 in layer 19
2024-10-12 17:17:03,781 Gathering metrics
2024-10-12 17:17:38,531 {'acc1': 0.7976485148514851, 'acc5': 0.9421410891089109, 'loss': 97.93242044746876, 'macs': 15082179048, 'params': 302863592, 'model_size': 1155.3329162597656, 'inference_time': 0}
2024-10-12 17:17:38,661 Pruning 512 in layer 19
2024-10-12 17:17:50,695 Gathering metrics
2024-10-12 17:18:25,374 {'acc1': 0.7964108910891089, 'acc5': 0.9415222772277227, 'loss': 98.65073872357607, 'macs': 15055951848, 'params': 302339048, 'model_size': 1153.3319396972656, 'inference_time': 0}
2024-10-12 17:18:25,404 Pruning 768 in layer 19
2024-10-12 17:18:35,114 Gathering metrics
2024-10-12 17:19:09,677 {'acc1': 0.7948638613861386, 'acc5': 0.9412128712871287, 'loss': 99.2533500790596, 'macs': 15029724648, 'params': 301814504, 'model_size': 1151.3309631347656, 'inference_time': 0}
2024-10-12 17:19:09,704 Pruning 1024 in layer 19
2024-10-12 17:19:18,002 Gathering metrics
2024-10-12 17:19:52,733 {'acc1': 0.7914603960396039, 'acc5': 0.9409034653465347, 'loss': 100.3073468580842, 'macs': 15003497448, 'params': 301289960, 'model_size': 1149.3299865722656, 'inference_time': 0}
2024-10-12 17:19:52,763 Pruning 256 in layer 18
2024-10-12 17:20:06,119 Gathering metrics
2024-10-12 17:20:40,916 {'acc1': 0.7926980198019802, 'acc5': 0.9415222772277227, 'loss': 100.68420854955912, 'macs': 15003497448, 'params': 301289960, 'model_size': 1149.3299865722656, 'inference_time': 0}
2024-10-12 17:20:40,944 Pruning 512 in layer 18
2024-10-12 17:20:52,952 Gathering metrics
2024-10-12 17:21:27,588 {'acc1': 0.7926980198019802, 'acc5': 0.9405940594059405, 'loss': 100.68725324049592, 'macs': 14977270248, 'params': 300765416, 'model_size': 1147.3290100097656, 'inference_time': 0}
2024-10-12 17:21:27,619 Pruning 768 in layer 18
2024-10-12 17:21:37,407 Gathering metrics
2024-10-12 17:22:12,261 {'acc1': 0.786819306930693, 'acc5': 0.937190594059406, 'loss': 101.52790858969092, 'macs': 14951043048, 'params': 300240872, 'model_size': 1145.3280334472656, 'inference_time': 0}
2024-10-12 17:22:12,289 Pruning 256 in layer 17
2024-10-12 17:22:25,665 Gathering metrics
2024-10-12 17:23:00,252 {'acc1': 0.7348391089108911, 'acc5': 0.9158415841584159, 'loss': 158.59420454502106, 'macs': 14951043048, 'params': 300240872, 'model_size': 1145.3280334472656, 'inference_time': 0}
2024-10-12 17:23:00,284 Pruning 256 in layer 16
2024-10-12 17:23:13,614 Gathering metrics
2024-10-12 17:23:47,891 {'acc1': 0.0952970297029703, 'acc5': 0.46379950495049505, 'loss': 515.4529848098755, 'macs': 14951043048, 'params': 300240872, 'model_size': 1145.3280334472656, 'inference_time': 0}
2024-10-12 17:23:47,920 Pruning 256 in layer 15
2024-10-12 17:24:01,269 Gathering metrics
2024-10-12 17:24:35,457 {'acc1': 0.651299504950495, 'acc5': 0.8709777227722773, 'loss': 321.8140320777893, 'macs': 14951043048, 'params': 300240872, 'model_size': 1145.3280334472656, 'inference_time': 0}
2024-10-12 17:24:35,486 Pruning 256 in layer 14
2024-10-12 17:24:48,802 Gathering metrics
2024-10-12 17:25:23,265 {'acc1': 0.0, 'acc5': 0.011448019801980198, 'loss': 695.4347620010376, 'macs': 14951043048, 'params': 300240872, 'model_size': 1145.3280334472656, 'inference_time': 0}
2024-10-12 17:25:23,292 Pruning 256 in layer 13
2024-10-12 17:25:36,619 Gathering metrics
2024-10-12 17:26:11,133 {'acc1': 0.0, 'acc5': 0.0012376237623762376, 'loss': 686.2339701652527, 'macs': 14951043048, 'params': 300240872, 'model_size': 1145.3280334472656, 'inference_time': 0}
2024-10-12 17:26:11,162 Pruning 256 in layer 12
2024-10-12 17:26:24,514 Gathering metrics
2024-10-12 17:26:58,803 {'acc1': 0.4786509900990099, 'acc5': 0.713490099009901, 'loss': 451.8648855686188, 'macs': 14951043048, 'params': 300240872, 'model_size': 1145.3280334472656, 'inference_time': 0}
2024-10-12 17:26:58,932 Pruning 256 in layer 11
2024-10-12 17:27:12,296 Gathering metrics
2024-10-12 17:27:46,659 {'acc1': 0.7252475247524752, 'acc5': 0.9074876237623762, 'loss': 152.09117528796196, 'macs': 14951043048, 'params': 300240872, 'model_size': 1145.3280334472656, 'inference_time': 0}
2024-10-12 17:27:46,688 Pruning 256 in layer 10
2024-10-12 17:28:00,072 Gathering metrics
2024-10-12 17:28:34,632 {'acc1': 0.7537128712871287, 'acc5': 0.9229579207920792, 'loss': 128.4649452716112, 'macs': 14951043048, 'params': 300240872, 'model_size': 1145.3280334472656, 'inference_time': 0}
2024-10-12 17:28:34,663 Pruning 256 in layer 9
2024-10-12 17:28:48,002 Gathering metrics
2024-10-12 17:29:22,502 {'acc1': 0.7933168316831684, 'acc5': 0.942450495049505, 'loss': 99.62203248590231, 'macs': 14951043048, 'params': 300240872, 'model_size': 1145.3280334472656, 'inference_time': 0}
2024-10-12 17:29:22,532 Pruning 512 in layer 9
2024-10-12 17:29:34,528 Gathering metrics
2024-10-12 17:30:08,780 {'acc1': 0.7899133663366337, 'acc5': 0.9412128712871287, 'loss': 99.91027831286192, 'macs': 14924815848, 'params': 299716328, 'model_size': 1143.3270568847656, 'inference_time': 0}
2024-10-12 17:30:08,809 Pruning 768 in layer 9
2024-10-12 17:30:18,487 Gathering metrics
2024-10-12 17:30:52,670 {'acc1': 0.7800123762376238, 'acc5': 0.9375, 'loss': 102.06830064207315, 'macs': 14898588648, 'params': 299191784, 'model_size': 1141.3260803222656, 'inference_time': 0}
2024-10-12 17:30:52,701 Pruning 256 in layer 8
2024-10-12 17:31:06,044 Gathering metrics
2024-10-12 17:31:40,256 {'acc1': 0.7871287128712872, 'acc5': 0.9409034653465347, 'loss': 100.69096859917045, 'macs': 14898588648, 'params': 299191784, 'model_size': 1141.3260803222656, 'inference_time': 0}
2024-10-12 17:31:40,286 Pruning 512 in layer 8
2024-10-12 17:31:52,229 Gathering metrics
2024-10-12 17:32:26,340 {'acc1': 0.7896039603960396, 'acc5': 0.9381188118811881, 'loss': 101.82605294883251, 'macs': 14872361448, 'params': 298667240, 'model_size': 1139.3251037597656, 'inference_time': 0}
2024-10-12 17:32:26,368 Pruning 768 in layer 8
2024-10-12 17:32:36,011 Gathering metrics
2024-10-12 17:33:10,214 {'acc1': 0.7858910891089109, 'acc5': 0.9362623762376238, 'loss': 103.42704294994473, 'macs': 14846134248, 'params': 298142696, 'model_size': 1137.3241271972656, 'inference_time': 0}
2024-10-12 17:33:10,242 Pruning 256 in layer 7
2024-10-12 17:33:23,567 Gathering metrics
2024-10-12 17:33:58,028 {'acc1': 0.7858910891089109, 'acc5': 0.9387376237623762, 'loss': 102.63929411768913, 'macs': 14846134248, 'params': 298142696, 'model_size': 1137.3241271972656, 'inference_time': 0}
2024-10-12 17:33:58,058 Pruning 256 in layer 6
2024-10-12 17:34:11,411 Gathering metrics
2024-10-12 17:34:45,511 {'acc1': 0.7892945544554455, 'acc5': 0.937190594059406, 'loss': 102.9823287203908, 'macs': 14846134248, 'params': 298142696, 'model_size': 1137.3241271972656, 'inference_time': 0}
2024-10-12 17:34:45,541 Pruning 512 in layer 6
2024-10-12 17:34:57,502 Gathering metrics
2024-10-12 17:35:31,512 {'acc1': 0.7821782178217822, 'acc5': 0.9350247524752475, 'loss': 104.83205685019493, 'macs': 14819907048, 'params': 297618152, 'model_size': 1135.3231506347656, 'inference_time': 0}
2024-10-12 17:35:31,636 Pruning 256 in layer 5
2024-10-12 17:35:44,899 Gathering metrics
2024-10-12 17:36:18,967 {'acc1': 0.7834158415841584, 'acc5': 0.9353341584158416, 'loss': 100.64826735854149, 'macs': 14819907048, 'params': 297618152, 'model_size': 1135.3231506347656, 'inference_time': 0}
2024-10-12 17:36:18,993 Pruning 256 in layer 4
2024-10-12 17:36:32,299 Gathering metrics
2024-10-12 17:37:06,184 {'acc1': 0.786509900990099, 'acc5': 0.9365717821782178, 'loss': 103.64331073313951, 'macs': 14819907048, 'params': 297618152, 'model_size': 1135.3231506347656, 'inference_time': 0}
2024-10-12 17:37:06,212 Pruning 512 in layer 4
2024-10-12 17:37:18,137 Gathering metrics
2024-10-12 17:37:52,360 {'acc1': 0.7818688118811881, 'acc5': 0.9344059405940595, 'loss': 104.93726475536823, 'macs': 14793679848, 'params': 297093608, 'model_size': 1133.3221740722656, 'inference_time': 0}
2024-10-12 17:37:52,388 Pruning 256 in layer 3
2024-10-12 17:38:05,701 Gathering metrics
2024-10-12 17:38:39,602 {'acc1': 0.7769183168316832, 'acc5': 0.9313118811881188, 'loss': 106.41043312847614, 'macs': 14793679848, 'params': 297093608, 'model_size': 1133.3221740722656, 'inference_time': 0}
2024-10-12 17:38:39,631 Pruning 256 in layer 2
2024-10-12 17:38:52,920 Gathering metrics
2024-10-12 17:39:26,938 {'acc1': 0.676980198019802, 'acc5': 0.8722153465346535, 'loss': 156.902635961771, 'macs': 14793679848, 'params': 297093608, 'model_size': 1133.3221740722656, 'inference_time': 0}
2024-10-12 17:39:26,967 Pruning 256 in layer 1
2024-10-12 17:39:40,234 Gathering metrics
2024-10-12 17:40:14,312 {'acc1': 0.7840346534653465, 'acc5': 0.9340965346534653, 'loss': 104.44323263317347, 'macs': 14793679848, 'params': 297093608, 'model_size': 1133.3221740722656, 'inference_time': 0}
2024-10-12 17:40:14,341 Pruning 512 in layer 1
2024-10-12 17:40:26,274 Gathering metrics
2024-10-12 17:41:00,114 {'acc1': 0.7790841584158416, 'acc5': 0.9334777227722773, 'loss': 105.3146114423871, 'macs': 14767452648, 'params': 296569064, 'model_size': 1131.3211975097656, 'inference_time': 0}
2024-10-12 17:41:00,143 Pruning 256 in layer 0
2024-10-12 17:41:13,432 Gathering metrics
2024-10-12 17:41:47,411 {'acc1': 0.7800123762376238, 'acc5': 0.9282178217821783, 'loss': 107.46813873201609, 'macs': 14767452648, 'params': 296569064, 'model_size': 1131.3211975097656, 'inference_time': 0}
2024-10-12 17:41:47,424 Experiment finished
