2024-10-12 02:22:43,126 Starting experiment outputs/adaptive/vit_b_32/proj500
2024-10-12 02:22:43,126 Loading the original model
2024-10-12 02:22:43,540 Gathering metrics of the original model
2024-10-12 02:23:08,504 {'acc1': 0.8004331683168316, 'acc5': 0.943069306930693, 'loss': 90.91573594510555, 'macs': 4367292136, 'params': 88224232, 'model_size': 336.5487365722656, 'inference_time': 0}
2024-10-12 02:23:08,517 Pruning 128 in layer 11
2024-10-12 02:23:14,207 Gathering metrics
2024-10-12 02:23:38,319 {'acc1': 0.7954826732673267, 'acc5': 0.942759900990099, 'loss': 97.72709671407938, 'macs': 4357455336, 'params': 88027496, 'model_size': 335.7982482910156, 'inference_time': 0}
2024-10-12 02:23:38,431 Pruning 256 in layer 11
2024-10-12 02:23:43,641 Gathering metrics
2024-10-12 02:24:07,465 {'acc1': 0.7902227722772277, 'acc5': 0.9405940594059405, 'loss': 101.56183611601591, 'macs': 4347618536, 'params': 87830760, 'model_size': 335.0477600097656, 'inference_time': 0}
2024-10-12 02:24:07,478 Pruning 128 in layer 10
2024-10-12 02:24:13,085 Gathering metrics
2024-10-12 02:24:37,368 {'acc1': 0.7911509900990099, 'acc5': 0.9393564356435643, 'loss': 100.08145109564066, 'macs': 4347618536, 'params': 87830760, 'model_size': 335.0477600097656, 'inference_time': 0}
2024-10-12 02:24:37,382 Pruning 256 in layer 10
2024-10-12 02:24:42,656 Gathering metrics
2024-10-12 02:25:06,211 {'acc1': 0.7914603960396039, 'acc5': 0.9381188118811881, 'loss': 105.03885649889708, 'macs': 4337781736, 'params': 87634024, 'model_size': 334.2972717285156, 'inference_time': 0}
2024-10-12 02:25:06,224 Pruning 384 in layer 10
2024-10-12 02:25:10,952 Gathering metrics
2024-10-12 02:25:34,437 {'acc1': 0.7855816831683168, 'acc5': 0.9353341584158416, 'loss': 109.75088288635015, 'macs': 4327944936, 'params': 87437288, 'model_size': 333.5467834472656, 'inference_time': 0}
2024-10-12 02:25:34,451 Pruning 128 in layer 9
2024-10-12 02:25:40,069 Gathering metrics
2024-10-12 02:26:03,696 {'acc1': 0.7889851485148515, 'acc5': 0.937190594059406, 'loss': 105.75341769307852, 'macs': 4327944936, 'params': 87437288, 'model_size': 333.5467834472656, 'inference_time': 0}
2024-10-12 02:26:03,710 Pruning 256 in layer 9
2024-10-12 02:26:08,901 Gathering metrics
2024-10-12 02:26:32,437 {'acc1': 0.7877475247524752, 'acc5': 0.9381188118811881, 'loss': 106.38006246834993, 'macs': 4318108136, 'params': 87240552, 'model_size': 332.7962951660156, 'inference_time': 0}
2024-10-12 02:26:32,450 Pruning 384 in layer 9
2024-10-12 02:26:37,141 Gathering metrics
2024-10-12 02:27:01,225 {'acc1': 0.7852722772277227, 'acc5': 0.937190594059406, 'loss': 106.82394919544458, 'macs': 4308271336, 'params': 87043816, 'model_size': 332.0458068847656, 'inference_time': 0}
2024-10-12 02:27:01,240 Pruning 512 in layer 9
2024-10-12 02:27:05,398 Gathering metrics
2024-10-12 02:27:29,422 {'acc1': 0.780940594059406, 'acc5': 0.9375, 'loss': 107.95185980200768, 'macs': 4298434536, 'params': 86847080, 'model_size': 331.2953186035156, 'inference_time': 0}
2024-10-12 02:27:29,436 Pruning 128 in layer 8
2024-10-12 02:27:35,085 Gathering metrics
2024-10-12 02:27:58,398 {'acc1': 0.7834158415841584, 'acc5': 0.9368811881188119, 'loss': 108.68407453596592, 'macs': 4298434536, 'params': 86847080, 'model_size': 331.2953186035156, 'inference_time': 0}
2024-10-12 02:27:58,413 Pruning 256 in layer 8
2024-10-12 02:28:03,600 Gathering metrics
2024-10-12 02:28:27,339 {'acc1': 0.7858910891089109, 'acc5': 0.9381188118811881, 'loss': 109.53938740491867, 'macs': 4288597736, 'params': 86650344, 'model_size': 330.5448303222656, 'inference_time': 0}
2024-10-12 02:28:27,352 Pruning 384 in layer 8
2024-10-12 02:28:32,097 Gathering metrics
2024-10-12 02:28:55,682 {'acc1': 0.7818688118811881, 'acc5': 0.9353341584158416, 'loss': 110.17149592936039, 'macs': 4278760936, 'params': 86453608, 'model_size': 329.7943420410156, 'inference_time': 0}
2024-10-12 02:28:55,697 Pruning 512 in layer 8
2024-10-12 02:28:59,824 Gathering metrics
2024-10-12 02:29:23,508 {'acc1': 0.7793935643564357, 'acc5': 0.9359529702970297, 'loss': 110.6617282256484, 'macs': 4268924136, 'params': 86256872, 'model_size': 329.0438537597656, 'inference_time': 0}
2024-10-12 02:29:23,522 Pruning 640 in layer 8
2024-10-12 02:29:27,313 Gathering metrics
2024-10-12 02:29:50,904 {'acc1': 0.7790841584158416, 'acc5': 0.9347153465346535, 'loss': 112.34795942157507, 'macs': 4259087336, 'params': 86060136, 'model_size': 328.2933654785156, 'inference_time': 0}
2024-10-12 02:29:50,918 Pruning 768 in layer 8
2024-10-12 02:29:54,337 Gathering metrics
2024-10-12 02:30:17,512 {'acc1': 0.775990099009901, 'acc5': 0.9300742574257426, 'loss': 113.82205437123775, 'macs': 4249250536, 'params': 85863400, 'model_size': 327.5428771972656, 'inference_time': 0}
2024-10-12 02:30:17,525 Pruning 128 in layer 7
2024-10-12 02:30:23,112 Gathering metrics
2024-10-12 02:30:47,474 {'acc1': 0.776299504950495, 'acc5': 0.9328589108910891, 'loss': 113.0295672044158, 'macs': 4249250536, 'params': 85863400, 'model_size': 327.5428771972656, 'inference_time': 0}
2024-10-12 02:30:47,488 Pruning 256 in layer 7
2024-10-12 02:30:52,710 Gathering metrics
2024-10-12 02:31:17,360 {'acc1': 0.7766089108910891, 'acc5': 0.9316212871287128, 'loss': 113.12550907582045, 'macs': 4239413736, 'params': 85666664, 'model_size': 326.7923889160156, 'inference_time': 0}
2024-10-12 02:31:17,374 Pruning 384 in layer 7
2024-10-12 02:31:22,087 Gathering metrics
2024-10-12 02:31:45,683 {'acc1': 0.7741336633663366, 'acc5': 0.9313118811881188, 'loss': 113.15287885814905, 'macs': 4229576936, 'params': 85469928, 'model_size': 326.0419006347656, 'inference_time': 0}
2024-10-12 02:31:45,697 Pruning 512 in layer 7
2024-10-12 02:31:49,869 Gathering metrics
2024-10-12 02:32:13,019 {'acc1': 0.7713490099009901, 'acc5': 0.9291460396039604, 'loss': 114.34051951020956, 'macs': 4219740136, 'params': 85273192, 'model_size': 325.2914123535156, 'inference_time': 0}
2024-10-12 02:32:13,032 Pruning 128 in layer 6
2024-10-12 02:32:18,649 Gathering metrics
2024-10-12 02:32:42,284 {'acc1': 0.7750618811881188, 'acc5': 0.9313118811881188, 'loss': 113.30321950465441, 'macs': 4219740136, 'params': 85273192, 'model_size': 325.2914123535156, 'inference_time': 0}
2024-10-12 02:32:42,298 Pruning 256 in layer 6
2024-10-12 02:32:47,479 Gathering metrics
2024-10-12 02:33:10,978 {'acc1': 0.7738242574257426, 'acc5': 0.9316212871287128, 'loss': 113.44867017120123, 'macs': 4209903336, 'params': 85076456, 'model_size': 324.5409240722656, 'inference_time': 0}
2024-10-12 02:33:10,992 Pruning 384 in layer 6
2024-10-12 02:33:15,639 Gathering metrics
2024-10-12 02:33:39,043 {'acc1': 0.7722772277227723, 'acc5': 0.9297648514851485, 'loss': 113.65513809770346, 'macs': 4200066536, 'params': 84879720, 'model_size': 323.7904357910156, 'inference_time': 0}
2024-10-12 02:33:39,058 Pruning 512 in layer 6
2024-10-12 02:33:43,199 Gathering metrics
2024-10-12 02:34:06,802 {'acc1': 0.7657797029702971, 'acc5': 0.9275990099009901, 'loss': 114.37665130198002, 'macs': 4190229736, 'params': 84682984, 'model_size': 323.0399475097656, 'inference_time': 0}
2024-10-12 02:34:06,816 Pruning 128 in layer 5
2024-10-12 02:34:12,447 Gathering metrics
2024-10-12 02:34:35,947 {'acc1': 0.7654702970297029, 'acc5': 0.9260519801980198, 'loss': 115.56556801497936, 'macs': 4190229736, 'params': 84682984, 'model_size': 323.0399475097656, 'inference_time': 0}
2024-10-12 02:34:35,961 Pruning 128 in layer 4
2024-10-12 02:34:41,688 Gathering metrics
2024-10-12 02:35:05,092 {'acc1': 0.7685643564356436, 'acc5': 0.9291460396039604, 'loss': 113.8036051467061, 'macs': 4190229736, 'params': 84682984, 'model_size': 323.0399475097656, 'inference_time': 0}
2024-10-12 02:35:05,107 Pruning 256 in layer 4
2024-10-12 02:35:10,332 Gathering metrics
2024-10-12 02:35:34,006 {'acc1': 0.7633044554455446, 'acc5': 0.9285272277227723, 'loss': 113.88534004241228, 'macs': 4180392936, 'params': 84486248, 'model_size': 322.2894592285156, 'inference_time': 0}
2024-10-12 02:35:34,020 Pruning 128 in layer 3
2024-10-12 02:35:39,659 Gathering metrics
2024-10-12 02:36:03,010 {'acc1': 0.7651608910891089, 'acc5': 0.9288366336633663, 'loss': 114.53816882520914, 'macs': 4180392936, 'params': 84486248, 'model_size': 322.2894592285156, 'inference_time': 0}
2024-10-12 02:36:03,025 Pruning 256 in layer 3
2024-10-12 02:36:08,246 Gathering metrics
2024-10-12 02:36:31,388 {'acc1': 0.7670173267326733, 'acc5': 0.9279084158415841, 'loss': 115.50268686562777, 'macs': 4170556136, 'params': 84289512, 'model_size': 321.5389709472656, 'inference_time': 0}
2024-10-12 02:36:31,402 Pruning 384 in layer 3
2024-10-12 02:36:36,105 Gathering metrics
2024-10-12 02:36:59,649 {'acc1': 0.7645420792079208, 'acc5': 0.9275990099009901, 'loss': 116.68664918839931, 'macs': 4160719336, 'params': 84092776, 'model_size': 320.7884826660156, 'inference_time': 0}
2024-10-12 02:36:59,662 Pruning 512 in layer 3
2024-10-12 02:37:03,809 Gathering metrics
2024-10-12 02:37:26,840 {'acc1': 0.7602103960396039, 'acc5': 0.9223391089108911, 'loss': 119.5759958922863, 'macs': 4150882536, 'params': 83896040, 'model_size': 320.0379943847656, 'inference_time': 0}
2024-10-12 02:37:26,855 Pruning 128 in layer 2
2024-10-12 02:37:32,455 Gathering metrics
2024-10-12 02:37:56,397 {'acc1': 0.7648514851485149, 'acc5': 0.9272896039603961, 'loss': 117.27391691505909, 'macs': 4150882536, 'params': 83896040, 'model_size': 320.0379943847656, 'inference_time': 0}
2024-10-12 02:37:56,411 Pruning 256 in layer 2
2024-10-12 02:38:01,671 Gathering metrics
2024-10-12 02:38:25,123 {'acc1': 0.7574257425742574, 'acc5': 0.9192450495049505, 'loss': 118.9139956831932, 'macs': 4141045736, 'params': 83699304, 'model_size': 319.2875061035156, 'inference_time': 0}
2024-10-12 02:38:25,238 Pruning 128 in layer 1
2024-10-12 02:38:30,866 Gathering metrics
2024-10-12 02:38:53,883 {'acc1': 0.7162747524752475, 'acc5': 0.8833539603960396, 'loss': 144.35114163160324, 'macs': 4141045736, 'params': 83699304, 'model_size': 319.2875061035156, 'inference_time': 0}
2024-10-12 02:38:53,897 Pruning 128 in layer 0
2024-10-12 02:38:59,510 Gathering metrics
2024-10-12 02:39:22,911 {'acc1': 0.7623762376237624, 'acc5': 0.9189356435643564, 'loss': 122.06071485579014, 'macs': 4141045736, 'params': 83699304, 'model_size': 319.2875061035156, 'inference_time': 0}
2024-10-12 02:39:22,925 Pruning 256 in layer 0
2024-10-12 02:39:28,165 Gathering metrics
2024-10-12 02:39:51,400 {'acc1': 0.7608292079207921, 'acc5': 0.9176980198019802, 'loss': 122.76056681573391, 'macs': 4131208936, 'params': 83502568, 'model_size': 318.5370178222656, 'inference_time': 0}
2024-10-12 02:39:51,413 Pruning 384 in layer 0
2024-10-12 02:39:56,097 Gathering metrics
2024-10-12 02:40:19,342 {'acc1': 0.6785272277227723, 'acc5': 0.8737623762376238, 'loss': 166.47035419940948, 'macs': 4121372136, 'params': 83305832, 'model_size': 317.7865295410156, 'inference_time': 0}
2024-10-12 02:40:19,355 Experiment finished
