2024-10-12 15:49:02,255 Starting experiment outputs/adaptive/vit_l_32/l1
2024-10-12 15:49:02,255 Loading the original model
2024-10-12 15:49:03,358 Gathering metrics of the original model
2024-10-12 15:49:38,352 {'acc1': 0.8016707920792079, 'acc5': 0.9452351485148515, 'loss': 89.4243591800332, 'macs': 15265769448, 'params': 306535400, 'model_size': 1169.3397521972656, 'inference_time': 0}
2024-10-12 15:49:38,379 Pruning 256 in layer 23
2024-10-12 15:49:38,397 Gathering metrics
2024-10-12 15:50:13,014 {'acc1': 0.8013613861386139, 'acc5': 0.9464727722772277, 'loss': 93.23769268393517, 'macs': 15239542248, 'params': 306010856, 'model_size': 1167.3387756347656, 'inference_time': 0}
2024-10-12 15:50:13,054 Pruning 512 in layer 23
2024-10-12 15:50:13,055 Gathering metrics
2024-10-12 15:50:47,838 {'acc1': 0.8010519801980198, 'acc5': 0.9470915841584159, 'loss': 90.99527215212584, 'macs': 15213315048, 'params': 305486312, 'model_size': 1165.3377990722656, 'inference_time': 0}
2024-10-12 15:50:47,865 Pruning 768 in layer 23
2024-10-12 15:50:47,866 Gathering metrics
2024-10-12 15:51:22,833 {'acc1': 0.8013613861386139, 'acc5': 0.9470915841584159, 'loss': 89.74844824522734, 'macs': 15187087848, 'params': 304961768, 'model_size': 1163.3368225097656, 'inference_time': 0}
2024-10-12 15:51:22,860 Pruning 1024 in layer 23
2024-10-12 15:51:22,862 Gathering metrics
2024-10-12 15:51:57,558 {'acc1': 0.8022896039603961, 'acc5': 0.9467821782178217, 'loss': 88.34326898306608, 'macs': 15160860648, 'params': 304437224, 'model_size': 1161.3358459472656, 'inference_time': 0}
2024-10-12 15:51:57,585 Pruning 1280 in layer 23
2024-10-12 15:51:57,587 Gathering metrics
2024-10-12 15:52:32,335 {'acc1': 0.8035272277227723, 'acc5': 0.9470915841584159, 'loss': 87.6526514813304, 'macs': 15134633448, 'params': 303912680, 'model_size': 1159.3348693847656, 'inference_time': 0}
2024-10-12 15:52:32,363 Pruning 1536 in layer 23
2024-10-12 15:52:32,365 Gathering metrics
2024-10-12 15:53:07,210 {'acc1': 0.8025990099009901, 'acc5': 0.9483292079207921, 'loss': 87.1343263797462, 'macs': 15108406248, 'params': 303388136, 'model_size': 1157.3338928222656, 'inference_time': 0}
2024-10-12 15:53:07,237 Pruning 1792 in layer 23
2024-10-12 15:53:07,239 Gathering metrics
2024-10-12 15:53:42,090 {'acc1': 0.8029084158415841, 'acc5': 0.9477103960396039, 'loss': 86.56000556051731, 'macs': 15082179048, 'params': 302863592, 'model_size': 1155.3329162597656, 'inference_time': 0}
2024-10-12 15:53:42,119 Pruning 2048 in layer 23
2024-10-12 15:53:42,121 Gathering metrics
2024-10-12 15:54:17,017 {'acc1': 0.801980198019802, 'acc5': 0.948019801980198, 'loss': 86.3972684815526, 'macs': 15055951848, 'params': 302339048, 'model_size': 1153.3319396972656, 'inference_time': 0}
2024-10-12 15:54:17,045 Pruning 2304 in layer 23
2024-10-12 15:54:17,047 Gathering metrics
2024-10-12 15:54:51,784 {'acc1': 0.801980198019802, 'acc5': 0.9474009900990099, 'loss': 86.1192087456584, 'macs': 15029724648, 'params': 301814504, 'model_size': 1151.3309631347656, 'inference_time': 0}
2024-10-12 15:54:51,812 Pruning 2560 in layer 23
2024-10-12 15:54:51,813 Gathering metrics
2024-10-12 15:55:26,291 {'acc1': 0.8022896039603961, 'acc5': 0.9470915841584159, 'loss': 85.88535397872329, 'macs': 15003497448, 'params': 301289960, 'model_size': 1149.3299865722656, 'inference_time': 0}
2024-10-12 15:55:26,318 Pruning 2816 in layer 23
2024-10-12 15:55:26,320 Gathering metrics
2024-10-12 15:56:01,248 {'acc1': 0.8016707920792079, 'acc5': 0.948019801980198, 'loss': 85.79031589254737, 'macs': 14977270248, 'params': 300765416, 'model_size': 1147.3290100097656, 'inference_time': 0}
2024-10-12 15:56:01,276 Pruning 3072 in layer 23
2024-10-12 15:56:01,278 Gathering metrics
2024-10-12 15:56:36,270 {'acc1': 0.8022896039603961, 'acc5': 0.9486386138613861, 'loss': 85.69576739892364, 'macs': 14951043048, 'params': 300240872, 'model_size': 1145.3280334472656, 'inference_time': 0}
2024-10-12 15:56:36,297 Pruning 3328 in layer 23
2024-10-12 15:56:36,299 Gathering metrics
2024-10-12 15:57:11,215 {'acc1': 0.8025990099009901, 'acc5': 0.9483292079207921, 'loss': 85.63786794990301, 'macs': 14924815848, 'params': 299716328, 'model_size': 1143.3270568847656, 'inference_time': 0}
2024-10-12 15:57:11,344 Pruning 3584 in layer 23
2024-10-12 15:57:11,346 Gathering metrics
2024-10-12 15:57:46,081 {'acc1': 0.8038366336633663, 'acc5': 0.9489480198019802, 'loss': 85.72536996379495, 'macs': 14898588648, 'params': 299191784, 'model_size': 1141.3260803222656, 'inference_time': 0}
2024-10-12 15:57:46,110 Pruning 3840 in layer 23
2024-10-12 15:57:46,111 Gathering metrics
2024-10-12 15:58:20,778 {'acc1': 0.8029084158415841, 'acc5': 0.9467821782178217, 'loss': 85.60827100649476, 'macs': 14872361448, 'params': 298667240, 'model_size': 1139.3251037597656, 'inference_time': 0}
2024-10-12 15:58:20,809 Pruning 256 in layer 22
2024-10-12 15:58:20,811 Gathering metrics
2024-10-12 15:58:55,829 {'acc1': 0.8044554455445545, 'acc5': 0.948019801980198, 'loss': 85.45304060727358, 'macs': 14872361448, 'params': 298667240, 'model_size': 1139.3251037597656, 'inference_time': 0}
2024-10-12 15:58:55,856 Pruning 512 in layer 22
2024-10-12 15:58:55,858 Gathering metrics
2024-10-12 15:59:30,693 {'acc1': 0.8041460396039604, 'acc5': 0.9470915841584159, 'loss': 85.46579411625862, 'macs': 14846134248, 'params': 298142696, 'model_size': 1137.3241271972656, 'inference_time': 0}
2024-10-12 15:59:30,724 Pruning 768 in layer 22
2024-10-12 15:59:30,726 Gathering metrics
2024-10-12 16:00:05,241 {'acc1': 0.8035272277227723, 'acc5': 0.9477103960396039, 'loss': 85.47335885465145, 'macs': 14819907048, 'params': 297618152, 'model_size': 1135.3231506347656, 'inference_time': 0}
2024-10-12 16:00:05,270 Pruning 1024 in layer 22
2024-10-12 16:00:05,272 Gathering metrics
2024-10-12 16:00:40,377 {'acc1': 0.8035272277227723, 'acc5': 0.9477103960396039, 'loss': 85.5310979373753, 'macs': 14793679848, 'params': 297093608, 'model_size': 1133.3221740722656, 'inference_time': 0}
2024-10-12 16:00:40,409 Pruning 1280 in layer 22
2024-10-12 16:00:40,411 Gathering metrics
2024-10-12 16:01:15,351 {'acc1': 0.8038366336633663, 'acc5': 0.9477103960396039, 'loss': 85.58432774245739, 'macs': 14767452648, 'params': 296569064, 'model_size': 1131.3211975097656, 'inference_time': 0}
2024-10-12 16:01:15,378 Pruning 1536 in layer 22
2024-10-12 16:01:15,379 Gathering metrics
2024-10-12 16:01:50,112 {'acc1': 0.8035272277227723, 'acc5': 0.9470915841584159, 'loss': 85.91984908655286, 'macs': 14741225448, 'params': 296044520, 'model_size': 1129.3202209472656, 'inference_time': 0}
2024-10-12 16:01:50,139 Pruning 1792 in layer 22
2024-10-12 16:01:50,141 Gathering metrics
2024-10-12 16:02:24,583 {'acc1': 0.8025990099009901, 'acc5': 0.9474009900990099, 'loss': 86.09949766471982, 'macs': 14714998248, 'params': 295519976, 'model_size': 1127.3192443847656, 'inference_time': 0}
2024-10-12 16:02:24,610 Pruning 2048 in layer 22
2024-10-12 16:02:24,612 Gathering metrics
2024-10-12 16:02:59,587 {'acc1': 0.8029084158415841, 'acc5': 0.9474009900990099, 'loss': 86.24504211172462, 'macs': 14688771048, 'params': 294995432, 'model_size': 1125.3182678222656, 'inference_time': 0}
2024-10-12 16:02:59,616 Pruning 2304 in layer 22
2024-10-12 16:02:59,617 Gathering metrics
2024-10-12 16:03:34,140 {'acc1': 0.8013613861386139, 'acc5': 0.948019801980198, 'loss': 86.20138155668974, 'macs': 14662543848, 'params': 294470888, 'model_size': 1123.3172912597656, 'inference_time': 0}
2024-10-12 16:03:34,170 Pruning 2560 in layer 22
2024-10-12 16:03:34,172 Gathering metrics
2024-10-12 16:04:08,452 {'acc1': 0.8022896039603961, 'acc5': 0.9470915841584159, 'loss': 86.4914204981178, 'macs': 14636316648, 'params': 293946344, 'model_size': 1121.3163146972656, 'inference_time': 0}
2024-10-12 16:04:08,482 Pruning 2816 in layer 22
2024-10-12 16:04:08,483 Gathering metrics
2024-10-12 16:04:42,724 {'acc1': 0.8016707920792079, 'acc5': 0.9467821782178217, 'loss': 86.77414297312498, 'macs': 14610089448, 'params': 293421800, 'model_size': 1119.3153381347656, 'inference_time': 0}
2024-10-12 16:04:42,751 Pruning 3072 in layer 22
2024-10-12 16:04:42,752 Gathering metrics
2024-10-12 16:05:17,144 {'acc1': 0.8016707920792079, 'acc5': 0.9452351485148515, 'loss': 87.50841908529401, 'macs': 14583862248, 'params': 292897256, 'model_size': 1117.3143615722656, 'inference_time': 0}
2024-10-12 16:05:17,272 Pruning 3328 in layer 22
2024-10-12 16:05:17,274 Gathering metrics
2024-10-12 16:05:51,443 {'acc1': 0.8035272277227723, 'acc5': 0.9443069306930693, 'loss': 87.33557057147846, 'macs': 14557635048, 'params': 292372712, 'model_size': 1115.3133850097656, 'inference_time': 0}
2024-10-12 16:05:51,473 Pruning 3584 in layer 22
2024-10-12 16:05:51,475 Gathering metrics
2024-10-12 16:06:25,570 {'acc1': 0.8053836633663366, 'acc5': 0.9455445544554455, 'loss': 87.88014309480786, 'macs': 14531407848, 'params': 291848168, 'model_size': 1113.3124084472656, 'inference_time': 0}
2024-10-12 16:06:25,601 Pruning 3840 in layer 22
2024-10-12 16:06:25,603 Gathering metrics
2024-10-12 16:06:59,809 {'acc1': 0.8035272277227723, 'acc5': 0.9452351485148515, 'loss': 89.27612255699933, 'macs': 14505180648, 'params': 291323624, 'model_size': 1111.3114318847656, 'inference_time': 0}
2024-10-12 16:06:59,839 Pruning 256 in layer 21
2024-10-12 16:06:59,841 Gathering metrics
2024-10-12 16:07:33,827 {'acc1': 0.8044554455445545, 'acc5': 0.9461633663366337, 'loss': 88.10279488470405, 'macs': 14505180648, 'params': 291323624, 'model_size': 1111.3114318847656, 'inference_time': 0}
2024-10-12 16:07:33,855 Pruning 512 in layer 21
2024-10-12 16:07:33,856 Gathering metrics
2024-10-12 16:08:07,974 {'acc1': 0.8038366336633663, 'acc5': 0.9458539603960396, 'loss': 88.3540946599096, 'macs': 14478953448, 'params': 290799080, 'model_size': 1109.3104553222656, 'inference_time': 0}
2024-10-12 16:08:08,006 Pruning 768 in layer 21
2024-10-12 16:08:08,008 Gathering metrics
2024-10-12 16:08:42,239 {'acc1': 0.8007425742574258, 'acc5': 0.9467821782178217, 'loss': 89.10941434279084, 'macs': 14452726248, 'params': 290274536, 'model_size': 1107.3094787597656, 'inference_time': 0}
2024-10-12 16:08:42,266 Pruning 256 in layer 20
2024-10-12 16:08:42,267 Gathering metrics
2024-10-12 16:09:16,188 {'acc1': 0.8041460396039604, 'acc5': 0.9467821782178217, 'loss': 88.35164961637929, 'macs': 14452726248, 'params': 290274536, 'model_size': 1107.3094787597656, 'inference_time': 0}
2024-10-12 16:09:16,216 Pruning 512 in layer 20
2024-10-12 16:09:16,218 Gathering metrics
2024-10-12 16:09:50,151 {'acc1': 0.8044554455445545, 'acc5': 0.9461633663366337, 'loss': 88.68503305129707, 'macs': 14426499048, 'params': 289749992, 'model_size': 1105.3085021972656, 'inference_time': 0}
2024-10-12 16:09:50,179 Pruning 768 in layer 20
2024-10-12 16:09:50,181 Gathering metrics
2024-10-12 16:10:24,084 {'acc1': 0.8038366336633663, 'acc5': 0.9455445544554455, 'loss': 88.75458812527359, 'macs': 14400271848, 'params': 289225448, 'model_size': 1103.3075256347656, 'inference_time': 0}
2024-10-12 16:10:24,115 Pruning 1024 in layer 20
2024-10-12 16:10:24,117 Gathering metrics
2024-10-12 16:10:57,995 {'acc1': 0.8029084158415841, 'acc5': 0.9461633663366337, 'loss': 88.96720008458942, 'macs': 14374044648, 'params': 288700904, 'model_size': 1101.3065490722656, 'inference_time': 0}
2024-10-12 16:10:58,022 Pruning 1280 in layer 20
2024-10-12 16:10:58,024 Gathering metrics
2024-10-12 16:11:32,179 {'acc1': 0.8016707920792079, 'acc5': 0.9452351485148515, 'loss': 89.20410812553018, 'macs': 14347817448, 'params': 288176360, 'model_size': 1099.3055725097656, 'inference_time': 0}
2024-10-12 16:11:32,207 Pruning 1536 in layer 20
2024-10-12 16:11:32,209 Gathering metrics
2024-10-12 16:12:06,201 {'acc1': 0.7998143564356436, 'acc5': 0.9455445544554455, 'loss': 89.59615330118686, 'macs': 14321590248, 'params': 287651816, 'model_size': 1097.3045959472656, 'inference_time': 0}
2024-10-12 16:12:06,331 Pruning 256 in layer 19
2024-10-12 16:12:06,333 Gathering metrics
2024-10-12 16:12:40,563 {'acc1': 0.8032178217821783, 'acc5': 0.9461633663366337, 'loss': 89.48852278850973, 'macs': 14321590248, 'params': 287651816, 'model_size': 1097.3045959472656, 'inference_time': 0}
2024-10-12 16:12:40,590 Pruning 512 in layer 19
2024-10-12 16:12:40,592 Gathering metrics
2024-10-12 16:13:14,819 {'acc1': 0.8001237623762376, 'acc5': 0.9470915841584159, 'loss': 89.77296145539731, 'macs': 14295363048, 'params': 287127272, 'model_size': 1095.3036193847656, 'inference_time': 0}
2024-10-12 16:13:14,846 Pruning 768 in layer 19
2024-10-12 16:13:14,848 Gathering metrics
2024-10-12 16:13:49,275 {'acc1': 0.8007425742574258, 'acc5': 0.9455445544554455, 'loss': 89.85221560113132, 'macs': 14269135848, 'params': 286602728, 'model_size': 1093.3026428222656, 'inference_time': 0}
2024-10-12 16:13:49,303 Pruning 1024 in layer 19
2024-10-12 16:13:49,305 Gathering metrics
2024-10-12 16:14:23,288 {'acc1': 0.7995049504950495, 'acc5': 0.9477103960396039, 'loss': 89.86817427165806, 'macs': 14242908648, 'params': 286078184, 'model_size': 1091.3016662597656, 'inference_time': 0}
2024-10-12 16:14:23,317 Pruning 1280 in layer 19
2024-10-12 16:14:23,319 Gathering metrics
2024-10-12 16:14:57,706 {'acc1': 0.8001237623762376, 'acc5': 0.9449257425742574, 'loss': 89.82576990732923, 'macs': 14216681448, 'params': 285553640, 'model_size': 1089.3006896972656, 'inference_time': 0}
2024-10-12 16:14:57,735 Pruning 1536 in layer 19
2024-10-12 16:14:57,737 Gathering metrics
2024-10-12 16:15:32,016 {'acc1': 0.7995049504950495, 'acc5': 0.9449257425742574, 'loss': 90.18256476148963, 'macs': 14190454248, 'params': 285029096, 'model_size': 1087.2997131347656, 'inference_time': 0}
2024-10-12 16:15:32,047 Pruning 1792 in layer 19
2024-10-12 16:15:32,049 Gathering metrics
2024-10-12 16:16:06,594 {'acc1': 0.7982673267326733, 'acc5': 0.9449257425742574, 'loss': 90.18834238871932, 'macs': 14164227048, 'params': 284504552, 'model_size': 1085.2987365722656, 'inference_time': 0}
2024-10-12 16:16:06,625 Pruning 2048 in layer 19
2024-10-12 16:16:06,626 Gathering metrics
2024-10-12 16:16:41,195 {'acc1': 0.7991955445544554, 'acc5': 0.9458539603960396, 'loss': 90.03670588508248, 'macs': 14137999848, 'params': 283980008, 'model_size': 1083.2977600097656, 'inference_time': 0}
2024-10-12 16:16:41,228 Pruning 2304 in layer 19
2024-10-12 16:16:41,229 Gathering metrics
2024-10-12 16:17:15,514 {'acc1': 0.7976485148514851, 'acc5': 0.9470915841584159, 'loss': 89.70117107592523, 'macs': 14111772648, 'params': 283455464, 'model_size': 1081.2967834472656, 'inference_time': 0}
2024-10-12 16:17:15,545 Pruning 256 in layer 18
2024-10-12 16:17:15,547 Gathering metrics
2024-10-12 16:17:49,537 {'acc1': 0.8022896039603961, 'acc5': 0.9458539603960396, 'loss': 89.8846732955426, 'macs': 14111772648, 'params': 283455464, 'model_size': 1081.2967834472656, 'inference_time': 0}
2024-10-12 16:17:49,568 Pruning 512 in layer 18
2024-10-12 16:17:49,570 Gathering metrics
2024-10-12 16:18:23,749 {'acc1': 0.8032178217821783, 'acc5': 0.9464727722772277, 'loss': 89.91235689120367, 'macs': 14085545448, 'params': 282930920, 'model_size': 1079.2958068847656, 'inference_time': 0}
2024-10-12 16:18:23,780 Pruning 768 in layer 18
2024-10-12 16:18:23,781 Gathering metrics
2024-10-12 16:18:57,804 {'acc1': 0.8022896039603961, 'acc5': 0.9470915841584159, 'loss': 89.80998292425647, 'macs': 14059318248, 'params': 282406376, 'model_size': 1077.2948303222656, 'inference_time': 0}
2024-10-12 16:18:57,832 Pruning 1024 in layer 18
2024-10-12 16:18:57,834 Gathering metrics
2024-10-12 16:19:31,845 {'acc1': 0.8013613861386139, 'acc5': 0.9470915841584159, 'loss': 89.87682231562212, 'macs': 14033091048, 'params': 281881832, 'model_size': 1075.2938537597656, 'inference_time': 0}
2024-10-12 16:19:31,876 Pruning 1280 in layer 18
2024-10-12 16:19:31,878 Gathering metrics
2024-10-12 16:20:05,885 {'acc1': 0.8004331683168316, 'acc5': 0.9461633663366337, 'loss': 90.09872275404632, 'macs': 14006863848, 'params': 281357288, 'model_size': 1073.2928771972656, 'inference_time': 0}
2024-10-12 16:20:06,016 Pruning 1536 in layer 18
2024-10-12 16:20:06,017 Gathering metrics
2024-10-12 16:20:39,778 {'acc1': 0.7964108910891089, 'acc5': 0.9449257425742574, 'loss': 90.3275403692387, 'macs': 13980636648, 'params': 280832744, 'model_size': 1071.2919006347656, 'inference_time': 0}
2024-10-12 16:20:39,806 Pruning 1792 in layer 18
2024-10-12 16:20:39,807 Gathering metrics
2024-10-12 16:21:13,323 {'acc1': 0.7970297029702971, 'acc5': 0.9455445544554455, 'loss': 90.2632454475388, 'macs': 13954409448, 'params': 280308200, 'model_size': 1069.2909240722656, 'inference_time': 0}
2024-10-12 16:21:13,352 Pruning 2048 in layer 18
2024-10-12 16:21:13,354 Gathering metrics
2024-10-12 16:21:47,195 {'acc1': 0.7967202970297029, 'acc5': 0.9446163366336634, 'loss': 90.68960649706423, 'macs': 13928182248, 'params': 279783656, 'model_size': 1067.2899475097656, 'inference_time': 0}
2024-10-12 16:21:47,223 Pruning 2304 in layer 18
2024-10-12 16:21:47,224 Gathering metrics
2024-10-12 16:22:20,876 {'acc1': 0.7948638613861386, 'acc5': 0.9443069306930693, 'loss': 91.11432779300958, 'macs': 13901955048, 'params': 279259112, 'model_size': 1065.2889709472656, 'inference_time': 0}
2024-10-12 16:22:20,905 Pruning 256 in layer 17
2024-10-12 16:22:20,906 Gathering metrics
2024-10-12 16:22:54,537 {'acc1': 0.7957920792079208, 'acc5': 0.9449257425742574, 'loss': 90.66388084087521, 'macs': 13901955048, 'params': 279259112, 'model_size': 1065.2889709472656, 'inference_time': 0}
2024-10-12 16:22:54,568 Pruning 512 in layer 17
2024-10-12 16:22:54,569 Gathering metrics
2024-10-12 16:23:28,542 {'acc1': 0.7976485148514851, 'acc5': 0.9446163366336634, 'loss': 90.62941652489826, 'macs': 13875727848, 'params': 278734568, 'model_size': 1063.2879943847656, 'inference_time': 0}
2024-10-12 16:23:28,572 Pruning 768 in layer 17
2024-10-12 16:23:28,574 Gathering metrics
2024-10-12 16:24:02,281 {'acc1': 0.7964108910891089, 'acc5': 0.9449257425742574, 'loss': 90.8090214766562, 'macs': 13849500648, 'params': 278210024, 'model_size': 1061.2870178222656, 'inference_time': 0}
2024-10-12 16:24:02,313 Pruning 1024 in layer 17
2024-10-12 16:24:02,314 Gathering metrics
2024-10-12 16:24:36,368 {'acc1': 0.7973391089108911, 'acc5': 0.9449257425742574, 'loss': 91.29595745028928, 'macs': 13823273448, 'params': 277685480, 'model_size': 1059.2860412597656, 'inference_time': 0}
2024-10-12 16:24:36,399 Pruning 1280 in layer 17
2024-10-12 16:24:36,401 Gathering metrics
2024-10-12 16:25:10,044 {'acc1': 0.7964108910891089, 'acc5': 0.9443069306930693, 'loss': 91.55797810666263, 'macs': 13797046248, 'params': 277160936, 'model_size': 1057.2850646972656, 'inference_time': 0}
2024-10-12 16:25:10,075 Pruning 1536 in layer 17
2024-10-12 16:25:10,077 Gathering metrics
2024-10-12 16:25:43,820 {'acc1': 0.7964108910891089, 'acc5': 0.9449257425742574, 'loss': 91.50913058640435, 'macs': 13770819048, 'params': 276636392, 'model_size': 1055.2840881347656, 'inference_time': 0}
2024-10-12 16:25:43,852 Pruning 1792 in layer 17
2024-10-12 16:25:43,854 Gathering metrics
2024-10-12 16:26:17,704 {'acc1': 0.7961014851485149, 'acc5': 0.9452351485148515, 'loss': 92.00017522880808, 'macs': 13744591848, 'params': 276111848, 'model_size': 1053.2831115722656, 'inference_time': 0}
2024-10-12 16:26:17,736 Pruning 2048 in layer 17
2024-10-12 16:26:17,738 Gathering metrics
2024-10-12 16:26:51,228 {'acc1': 0.7973391089108911, 'acc5': 0.9455445544554455, 'loss': 91.81415911437944, 'macs': 13718364648, 'params': 275587304, 'model_size': 1051.2821350097656, 'inference_time': 0}
2024-10-12 16:26:51,258 Pruning 2304 in layer 17
2024-10-12 16:26:51,259 Gathering metrics
2024-10-12 16:27:24,694 {'acc1': 0.7976485148514851, 'acc5': 0.9452351485148515, 'loss': 91.98546440340579, 'macs': 13692137448, 'params': 275062760, 'model_size': 1049.2811584472656, 'inference_time': 0}
2024-10-12 16:27:24,722 Pruning 2560 in layer 17
2024-10-12 16:27:24,724 Gathering metrics
2024-10-12 16:27:58,209 {'acc1': 0.7964108910891089, 'acc5': 0.9443069306930693, 'loss': 92.23557962290943, 'macs': 13665910248, 'params': 274538216, 'model_size': 1047.2801818847656, 'inference_time': 0}
2024-10-12 16:27:58,346 Pruning 2816 in layer 17
2024-10-12 16:27:58,348 Gathering metrics
2024-10-12 16:28:32,187 {'acc1': 0.7957920792079208, 'acc5': 0.9446163366336634, 'loss': 92.22852683253586, 'macs': 13639683048, 'params': 274013672, 'model_size': 1045.2792053222656, 'inference_time': 0}
2024-10-12 16:28:32,214 Pruning 3072 in layer 17
2024-10-12 16:28:32,216 Gathering metrics
2024-10-12 16:29:05,745 {'acc1': 0.7957920792079208, 'acc5': 0.9439975247524752, 'loss': 92.2568612312898, 'macs': 13613455848, 'params': 273489128, 'model_size': 1043.2782287597656, 'inference_time': 0}
2024-10-12 16:29:05,776 Pruning 3328 in layer 17
2024-10-12 16:29:05,778 Gathering metrics
2024-10-12 16:29:39,373 {'acc1': 0.7961014851485149, 'acc5': 0.9433787128712872, 'loss': 92.32988876430318, 'macs': 13587228648, 'params': 272964584, 'model_size': 1041.2772521972656, 'inference_time': 0}
2024-10-12 16:29:39,400 Pruning 3584 in layer 17
2024-10-12 16:29:39,401 Gathering metrics
2024-10-12 16:30:12,827 {'acc1': 0.7961014851485149, 'acc5': 0.9436881188118812, 'loss': 92.44592655124143, 'macs': 13561001448, 'params': 272440040, 'model_size': 1039.2762756347656, 'inference_time': 0}
2024-10-12 16:30:12,856 Pruning 3840 in layer 17
2024-10-12 16:30:12,857 Gathering metrics
2024-10-12 16:30:46,450 {'acc1': 0.7948638613861386, 'acc5': 0.943069306930693, 'loss': 92.44770604930818, 'macs': 13534774248, 'params': 271915496, 'model_size': 1037.2752990722656, 'inference_time': 0}
2024-10-12 16:30:46,477 Pruning 256 in layer 16
2024-10-12 16:30:46,479 Gathering metrics
2024-10-12 16:31:20,233 {'acc1': 0.7954826732673267, 'acc5': 0.943069306930693, 'loss': 92.91141944471747, 'macs': 13534774248, 'params': 271915496, 'model_size': 1037.2752990722656, 'inference_time': 0}
2024-10-12 16:31:20,264 Pruning 512 in layer 16
2024-10-12 16:31:20,265 Gathering metrics
2024-10-12 16:31:53,756 {'acc1': 0.7936262376237624, 'acc5': 0.9418316831683168, 'loss': 93.29198846966028, 'macs': 13508547048, 'params': 271390952, 'model_size': 1035.2743225097656, 'inference_time': 0}
2024-10-12 16:31:53,784 Pruning 768 in layer 16
2024-10-12 16:31:53,786 Gathering metrics
2024-10-12 16:32:27,322 {'acc1': 0.7926980198019802, 'acc5': 0.9409034653465347, 'loss': 93.50670302892104, 'macs': 13482319848, 'params': 270866408, 'model_size': 1033.2733459472656, 'inference_time': 0}
2024-10-12 16:32:27,352 Pruning 1024 in layer 16
2024-10-12 16:32:27,354 Gathering metrics
2024-10-12 16:33:00,761 {'acc1': 0.791769801980198, 'acc5': 0.9405940594059405, 'loss': 93.97677352651954, 'macs': 13456092648, 'params': 270341864, 'model_size': 1031.2723693847656, 'inference_time': 0}
2024-10-12 16:33:00,793 Pruning 256 in layer 15
2024-10-12 16:33:00,795 Gathering metrics
2024-10-12 16:33:34,437 {'acc1': 0.7920792079207921, 'acc5': 0.9405940594059405, 'loss': 93.74522106489167, 'macs': 13456092648, 'params': 270341864, 'model_size': 1031.2723693847656, 'inference_time': 0}
2024-10-12 16:33:34,467 Pruning 512 in layer 15
2024-10-12 16:33:34,468 Gathering metrics
2024-10-12 16:34:08,228 {'acc1': 0.7908415841584159, 'acc5': 0.9402846534653465, 'loss': 94.54727980634198, 'macs': 13429865448, 'params': 269817320, 'model_size': 1029.2713928222656, 'inference_time': 0}
2024-10-12 16:34:08,257 Pruning 768 in layer 15
2024-10-12 16:34:08,259 Gathering metrics
2024-10-12 16:34:41,935 {'acc1': 0.7899133663366337, 'acc5': 0.9399752475247525, 'loss': 94.77674012817442, 'macs': 13403638248, 'params': 269292776, 'model_size': 1027.2704162597656, 'inference_time': 0}
2024-10-12 16:34:41,963 Pruning 1024 in layer 15
2024-10-12 16:34:41,964 Gathering metrics
2024-10-12 16:35:15,388 {'acc1': 0.7883663366336634, 'acc5': 0.9387376237623762, 'loss': 95.74145037587732, 'macs': 13377411048, 'params': 268768232, 'model_size': 1025.2694396972656, 'inference_time': 0}
2024-10-12 16:35:15,520 Pruning 256 in layer 14
2024-10-12 16:35:15,521 Gathering metrics
2024-10-12 16:35:48,868 {'acc1': 0.7911509900990099, 'acc5': 0.9384282178217822, 'loss': 94.98416365031153, 'macs': 13377411048, 'params': 268768232, 'model_size': 1025.2694396972656, 'inference_time': 0}
2024-10-12 16:35:48,898 Pruning 512 in layer 14
2024-10-12 16:35:48,900 Gathering metrics
2024-10-12 16:36:22,539 {'acc1': 0.7914603960396039, 'acc5': 0.9384282178217822, 'loss': 94.92792192753404, 'macs': 13351183848, 'params': 268243688, 'model_size': 1023.2684631347656, 'inference_time': 0}
2024-10-12 16:36:22,569 Pruning 768 in layer 14
2024-10-12 16:36:22,571 Gathering metrics
2024-10-12 16:36:55,823 {'acc1': 0.791769801980198, 'acc5': 0.9384282178217822, 'loss': 95.20790677331388, 'macs': 13324956648, 'params': 267719144, 'model_size': 1021.2674865722656, 'inference_time': 0}
2024-10-12 16:36:55,853 Pruning 1024 in layer 14
2024-10-12 16:36:55,854 Gathering metrics
2024-10-12 16:37:29,319 {'acc1': 0.7930074257425742, 'acc5': 0.9384282178217822, 'loss': 95.53826760780066, 'macs': 13298729448, 'params': 267194600, 'model_size': 1019.2665100097656, 'inference_time': 0}
2024-10-12 16:37:29,349 Pruning 1280 in layer 14
2024-10-12 16:37:29,351 Gathering metrics
2024-10-12 16:38:02,856 {'acc1': 0.7923886138613861, 'acc5': 0.937809405940594, 'loss': 95.71833051647991, 'macs': 13272502248, 'params': 266670056, 'model_size': 1017.2655334472656, 'inference_time': 0}
2024-10-12 16:38:02,886 Pruning 1536 in layer 14
2024-10-12 16:38:02,888 Gathering metrics
2024-10-12 16:38:36,326 {'acc1': 0.791769801980198, 'acc5': 0.9381188118811881, 'loss': 96.11348575633019, 'macs': 13246275048, 'params': 266145512, 'model_size': 1015.2645568847656, 'inference_time': 0}
2024-10-12 16:38:36,357 Pruning 1792 in layer 14
2024-10-12 16:38:36,359 Gathering metrics
2024-10-12 16:39:09,654 {'acc1': 0.791769801980198, 'acc5': 0.9384282178217822, 'loss': 96.17034401092678, 'macs': 13220047848, 'params': 265620968, 'model_size': 1013.2635803222656, 'inference_time': 0}
2024-10-12 16:39:09,682 Pruning 2048 in layer 14
2024-10-12 16:39:09,684 Gathering metrics
2024-10-12 16:39:42,682 {'acc1': 0.7926980198019802, 'acc5': 0.9384282178217822, 'loss': 96.76248030457646, 'macs': 13193820648, 'params': 265096424, 'model_size': 1011.2626037597656, 'inference_time': 0}
2024-10-12 16:39:42,712 Pruning 2304 in layer 14
2024-10-12 16:39:42,713 Gathering metrics
2024-10-12 16:40:15,918 {'acc1': 0.7911509900990099, 'acc5': 0.9368811881188119, 'loss': 97.30291359592229, 'macs': 13167593448, 'params': 264571880, 'model_size': 1009.2616271972656, 'inference_time': 0}
2024-10-12 16:40:15,946 Pruning 2560 in layer 14
2024-10-12 16:40:15,947 Gathering metrics
2024-10-12 16:40:49,281 {'acc1': 0.7914603960396039, 'acc5': 0.9365717821782178, 'loss': 97.58062187209725, 'macs': 13141366248, 'params': 264047336, 'model_size': 1007.2606506347656, 'inference_time': 0}
2024-10-12 16:40:49,311 Pruning 2816 in layer 14
2024-10-12 16:40:49,312 Gathering metrics
2024-10-12 16:41:22,625 {'acc1': 0.7914603960396039, 'acc5': 0.9375, 'loss': 98.12436618097126, 'macs': 13115139048, 'params': 263522792, 'model_size': 1005.2596740722656, 'inference_time': 0}
2024-10-12 16:41:22,654 Pruning 3072 in layer 14
2024-10-12 16:41:22,656 Gathering metrics
2024-10-12 16:41:55,850 {'acc1': 0.7914603960396039, 'acc5': 0.9375, 'loss': 98.3377872062847, 'macs': 13088911848, 'params': 262998248, 'model_size': 1003.2586975097656, 'inference_time': 0}
2024-10-12 16:41:55,879 Pruning 3328 in layer 14
2024-10-12 16:41:55,880 Gathering metrics
2024-10-12 16:42:29,188 {'acc1': 0.7905321782178217, 'acc5': 0.9384282178217822, 'loss': 98.3216183502227, 'macs': 13062684648, 'params': 262473704, 'model_size': 1001.2577209472656, 'inference_time': 0}
2024-10-12 16:42:29,217 Pruning 3584 in layer 14
2024-10-12 16:42:29,219 Gathering metrics
2024-10-12 16:43:02,375 {'acc1': 0.7902227722772277, 'acc5': 0.9381188118811881, 'loss': 98.44027738086879, 'macs': 13036457448, 'params': 261949160, 'model_size': 999.2567443847656, 'inference_time': 0}
2024-10-12 16:43:02,517 Pruning 3840 in layer 14
2024-10-12 16:43:02,519 Gathering metrics
2024-10-12 16:43:35,717 {'acc1': 0.7911509900990099, 'acc5': 0.937190594059406, 'loss': 98.5899820746854, 'macs': 13010230248, 'params': 261424616, 'model_size': 997.2557678222656, 'inference_time': 0}
2024-10-12 16:43:35,745 Pruning 256 in layer 13
2024-10-12 16:43:35,746 Gathering metrics
2024-10-12 16:44:08,967 {'acc1': 0.7902227722772277, 'acc5': 0.9381188118811881, 'loss': 98.45040506031364, 'macs': 13010230248, 'params': 261424616, 'model_size': 997.2557678222656, 'inference_time': 0}
2024-10-12 16:44:08,997 Pruning 512 in layer 13
2024-10-12 16:44:08,999 Gathering metrics
2024-10-12 16:44:41,864 {'acc1': 0.7905321782178217, 'acc5': 0.937809405940594, 'loss': 98.52109580859542, 'macs': 12984003048, 'params': 260900072, 'model_size': 995.2547912597656, 'inference_time': 0}
2024-10-12 16:44:41,896 Pruning 768 in layer 13
2024-10-12 16:44:41,898 Gathering metrics
2024-10-12 16:45:14,800 {'acc1': 0.7905321782178217, 'acc5': 0.937190594059406, 'loss': 98.94486115407199, 'macs': 12957775848, 'params': 260375528, 'model_size': 993.2538146972656, 'inference_time': 0}
2024-10-12 16:45:14,830 Pruning 1024 in layer 13
2024-10-12 16:45:14,831 Gathering metrics
2024-10-12 16:45:47,585 {'acc1': 0.7892945544554455, 'acc5': 0.9362623762376238, 'loss': 99.96924713533372, 'macs': 12931548648, 'params': 259850984, 'model_size': 991.2528381347656, 'inference_time': 0}
2024-10-12 16:45:47,613 Pruning 1280 in layer 13
2024-10-12 16:45:47,615 Gathering metrics
2024-10-12 16:46:20,612 {'acc1': 0.7877475247524752, 'acc5': 0.9344059405940595, 'loss': 100.6887625651434, 'macs': 12905321448, 'params': 259326440, 'model_size': 989.2518615722656, 'inference_time': 0}
2024-10-12 16:46:20,643 Pruning 1536 in layer 13
2024-10-12 16:46:20,644 Gathering metrics
2024-10-12 16:46:53,743 {'acc1': 0.786509900990099, 'acc5': 0.932549504950495, 'loss': 101.97775166947395, 'macs': 12879094248, 'params': 258801896, 'model_size': 987.2508850097656, 'inference_time': 0}
2024-10-12 16:46:53,771 Pruning 256 in layer 12
2024-10-12 16:46:53,773 Gathering metrics
2024-10-12 16:47:26,790 {'acc1': 0.7871287128712872, 'acc5': 0.9344059405940595, 'loss': 100.70334387477487, 'macs': 12879094248, 'params': 258801896, 'model_size': 987.2508850097656, 'inference_time': 0}
2024-10-12 16:47:26,819 Pruning 512 in layer 12
2024-10-12 16:47:26,821 Gathering metrics
2024-10-12 16:47:59,859 {'acc1': 0.7877475247524752, 'acc5': 0.9350247524752475, 'loss': 100.90049508679658, 'macs': 12852867048, 'params': 258277352, 'model_size': 985.2499084472656, 'inference_time': 0}
2024-10-12 16:47:59,891 Pruning 768 in layer 12
2024-10-12 16:47:59,893 Gathering metrics
2024-10-12 16:48:32,945 {'acc1': 0.7849628712871287, 'acc5': 0.9337871287128713, 'loss': 101.53362565953285, 'macs': 12826639848, 'params': 257752808, 'model_size': 983.2489318847656, 'inference_time': 0}
2024-10-12 16:48:32,973 Pruning 1024 in layer 12
2024-10-12 16:48:32,974 Gathering metrics
2024-10-12 16:49:06,154 {'acc1': 0.7837252475247525, 'acc5': 0.9316212871287128, 'loss': 102.54840000718832, 'macs': 12800412648, 'params': 257228264, 'model_size': 981.2479553222656, 'inference_time': 0}
2024-10-12 16:49:06,185 Pruning 256 in layer 11
2024-10-12 16:49:06,187 Gathering metrics
2024-10-12 16:49:38,956 {'acc1': 0.7843440594059405, 'acc5': 0.9334777227722773, 'loss': 101.6475345492363, 'macs': 12800412648, 'params': 257228264, 'model_size': 981.2479553222656, 'inference_time': 0}
2024-10-12 16:49:38,986 Pruning 512 in layer 11
2024-10-12 16:49:38,987 Gathering metrics
2024-10-12 16:50:11,965 {'acc1': 0.7846534653465347, 'acc5': 0.9331683168316832, 'loss': 101.75554948020726, 'macs': 12774185448, 'params': 256703720, 'model_size': 979.2469787597656, 'inference_time': 0}
2024-10-12 16:50:12,096 Pruning 768 in layer 11
2024-10-12 16:50:12,098 Gathering metrics
2024-10-12 16:50:44,835 {'acc1': 0.7827970297029703, 'acc5': 0.9328589108910891, 'loss': 101.92412703298032, 'macs': 12747958248, 'params': 256179176, 'model_size': 977.2460021972656, 'inference_time': 0}
2024-10-12 16:50:44,868 Pruning 1024 in layer 11
2024-10-12 16:50:44,869 Gathering metrics
2024-10-12 16:51:17,780 {'acc1': 0.7827970297029703, 'acc5': 0.9328589108910891, 'loss': 102.10018106829375, 'macs': 12721731048, 'params': 255654632, 'model_size': 975.2450256347656, 'inference_time': 0}
2024-10-12 16:51:17,811 Pruning 1280 in layer 11
2024-10-12 16:51:17,813 Gathering metrics
2024-10-12 16:51:50,434 {'acc1': 0.781559405940594, 'acc5': 0.9328589108910891, 'loss': 102.27135656680912, 'macs': 12695503848, 'params': 255130088, 'model_size': 973.2440490722656, 'inference_time': 0}
2024-10-12 16:51:50,464 Pruning 1536 in layer 11
2024-10-12 16:51:50,465 Gathering metrics
2024-10-12 16:52:23,160 {'acc1': 0.7824876237623762, 'acc5': 0.932240099009901, 'loss': 102.63314837496728, 'macs': 12669276648, 'params': 254605544, 'model_size': 971.2430725097656, 'inference_time': 0}
2024-10-12 16:52:23,190 Pruning 1792 in layer 11
2024-10-12 16:52:23,192 Gathering metrics
2024-10-12 16:52:55,668 {'acc1': 0.78125, 'acc5': 0.9303836633663366, 'loss': 103.25867802649736, 'macs': 12643049448, 'params': 254081000, 'model_size': 969.2420959472656, 'inference_time': 0}
2024-10-12 16:52:55,698 Pruning 256 in layer 10
2024-10-12 16:52:55,700 Gathering metrics
2024-10-12 16:53:28,471 {'acc1': 0.781559405940594, 'acc5': 0.9306930693069307, 'loss': 103.83627266436815, 'macs': 12643049448, 'params': 254081000, 'model_size': 969.2420959472656, 'inference_time': 0}
2024-10-12 16:53:28,501 Pruning 512 in layer 10
2024-10-12 16:53:28,502 Gathering metrics
2024-10-12 16:54:00,922 {'acc1': 0.7803217821782178, 'acc5': 0.9297648514851485, 'loss': 104.75170506164432, 'macs': 12616822248, 'params': 253556456, 'model_size': 967.2411193847656, 'inference_time': 0}
2024-10-12 16:54:00,953 Pruning 768 in layer 10
2024-10-12 16:54:00,955 Gathering metrics
2024-10-12 16:54:33,284 {'acc1': 0.78125, 'acc5': 0.9279084158415841, 'loss': 105.5729778315872, 'macs': 12590595048, 'params': 253031912, 'model_size': 965.2401428222656, 'inference_time': 0}
2024-10-12 16:54:33,314 Pruning 1024 in layer 10
2024-10-12 16:54:33,315 Gathering metrics
2024-10-12 16:55:05,544 {'acc1': 0.7821782178217822, 'acc5': 0.926980198019802, 'loss': 106.13465655222535, 'macs': 12564367848, 'params': 252507368, 'model_size': 963.2391662597656, 'inference_time': 0}
2024-10-12 16:55:05,576 Pruning 1280 in layer 10
2024-10-12 16:55:05,578 Gathering metrics
2024-10-12 16:55:37,929 {'acc1': 0.7797029702970297, 'acc5': 0.9254331683168316, 'loss': 106.64180904068053, 'macs': 12538140648, 'params': 251982824, 'model_size': 961.2381896972656, 'inference_time': 0}
2024-10-12 16:55:37,957 Pruning 1536 in layer 10
2024-10-12 16:55:37,958 Gathering metrics
2024-10-12 16:56:10,415 {'acc1': 0.7793935643564357, 'acc5': 0.9248143564356436, 'loss': 106.78272725641727, 'macs': 12511913448, 'params': 251458280, 'model_size': 959.2372131347656, 'inference_time': 0}
2024-10-12 16:56:10,444 Pruning 1792 in layer 10
2024-10-12 16:56:10,445 Gathering metrics
2024-10-12 16:56:42,464 {'acc1': 0.7790841584158416, 'acc5': 0.9248143564356436, 'loss': 107.05650195479393, 'macs': 12485686248, 'params': 250933736, 'model_size': 957.2362365722656, 'inference_time': 0}
2024-10-12 16:56:42,494 Pruning 2048 in layer 10
2024-10-12 16:56:42,495 Gathering metrics
2024-10-12 16:57:14,798 {'acc1': 0.7781559405940595, 'acc5': 0.9241955445544554, 'loss': 107.23105453327298, 'macs': 12459459048, 'params': 250409192, 'model_size': 955.2352600097656, 'inference_time': 0}
2024-10-12 16:57:14,930 Pruning 256 in layer 9
2024-10-12 16:57:14,931 Gathering metrics
2024-10-12 16:57:47,044 {'acc1': 0.7793935643564357, 'acc5': 0.9238861386138614, 'loss': 106.52595002949238, 'macs': 12459459048, 'params': 250409192, 'model_size': 955.2352600097656, 'inference_time': 0}
2024-10-12 16:57:47,071 Pruning 512 in layer 9
2024-10-12 16:57:47,072 Gathering metrics
2024-10-12 16:58:19,366 {'acc1': 0.7784653465346535, 'acc5': 0.9257425742574258, 'loss': 106.8128998503089, 'macs': 12433231848, 'params': 249884648, 'model_size': 953.2342834472656, 'inference_time': 0}
2024-10-12 16:58:19,397 Pruning 768 in layer 9
2024-10-12 16:58:19,398 Gathering metrics
2024-10-12 16:58:51,356 {'acc1': 0.7784653465346535, 'acc5': 0.9260519801980198, 'loss': 107.18586599454284, 'macs': 12407004648, 'params': 249360104, 'model_size': 951.2333068847656, 'inference_time': 0}
2024-10-12 16:58:51,385 Pruning 1024 in layer 9
2024-10-12 16:58:51,386 Gathering metrics
2024-10-12 16:59:23,396 {'acc1': 0.7772277227722773, 'acc5': 0.9241955445544554, 'loss': 107.6452731154859, 'macs': 12380777448, 'params': 248835560, 'model_size': 949.2323303222656, 'inference_time': 0}
2024-10-12 16:59:23,424 Pruning 1280 in layer 9
2024-10-12 16:59:23,426 Gathering metrics
2024-10-12 16:59:55,632 {'acc1': 0.7750618811881188, 'acc5': 0.9238861386138614, 'loss': 108.08288847655058, 'macs': 12354550248, 'params': 248311016, 'model_size': 947.2313537597656, 'inference_time': 0}
2024-10-12 16:59:55,662 Pruning 256 in layer 8
2024-10-12 16:59:55,663 Gathering metrics
2024-10-12 17:00:27,951 {'acc1': 0.7710396039603961, 'acc5': 0.9238861386138614, 'loss': 108.66900630295277, 'macs': 12354550248, 'params': 248311016, 'model_size': 947.2313537597656, 'inference_time': 0}
2024-10-12 17:00:27,980 Pruning 256 in layer 7
2024-10-12 17:00:27,982 Gathering metrics
2024-10-12 17:00:59,979 {'acc1': 0.7741336633663366, 'acc5': 0.9245049504950495, 'loss': 107.7541484683752, 'macs': 12354550248, 'params': 248311016, 'model_size': 947.2313537597656, 'inference_time': 0}
2024-10-12 17:01:00,009 Pruning 512 in layer 7
2024-10-12 17:01:00,011 Gathering metrics
2024-10-12 17:01:32,123 {'acc1': 0.7725866336633663, 'acc5': 0.9235767326732673, 'loss': 108.38041839748621, 'macs': 12328323048, 'params': 247786472, 'model_size': 945.2303771972656, 'inference_time': 0}
2024-10-12 17:01:32,154 Pruning 256 in layer 6
2024-10-12 17:01:32,155 Gathering metrics
2024-10-12 17:02:04,411 {'acc1': 0.7738242574257426, 'acc5': 0.9238861386138614, 'loss': 108.22743298858404, 'macs': 12328323048, 'params': 247786472, 'model_size': 945.2303771972656, 'inference_time': 0}
2024-10-12 17:02:04,442 Pruning 512 in layer 6
2024-10-12 17:02:04,443 Gathering metrics
2024-10-12 17:02:36,471 {'acc1': 0.7701113861386139, 'acc5': 0.9223391089108911, 'loss': 109.5376187376678, 'macs': 12302095848, 'params': 247261928, 'model_size': 943.2294006347656, 'inference_time': 0}
2024-10-12 17:02:36,499 Pruning 256 in layer 5
2024-10-12 17:02:36,500 Gathering metrics
2024-10-12 17:03:08,460 {'acc1': 0.7716584158415841, 'acc5': 0.9254331683168316, 'loss': 108.23306706175208, 'macs': 12302095848, 'params': 247261928, 'model_size': 943.2294006347656, 'inference_time': 0}
2024-10-12 17:03:08,489 Pruning 512 in layer 5
2024-10-12 17:03:08,490 Gathering metrics
2024-10-12 17:03:40,420 {'acc1': 0.7719678217821783, 'acc5': 0.9248143564356436, 'loss': 108.75382181629539, 'macs': 12275868648, 'params': 246737384, 'model_size': 941.2284240722656, 'inference_time': 0}
2024-10-12 17:03:40,554 Pruning 768 in layer 5
2024-10-12 17:03:40,556 Gathering metrics
2024-10-12 17:04:12,343 {'acc1': 0.7691831683168316, 'acc5': 0.9241955445544554, 'loss': 109.34424328431487, 'macs': 12249641448, 'params': 246212840, 'model_size': 939.2274475097656, 'inference_time': 0}
2024-10-12 17:04:12,373 Pruning 256 in layer 4
2024-10-12 17:04:12,375 Gathering metrics
2024-10-12 17:04:44,201 {'acc1': 0.7701113861386139, 'acc5': 0.9241955445544554, 'loss': 109.91038576886058, 'macs': 12249641448, 'params': 246212840, 'model_size': 939.2274475097656, 'inference_time': 0}
2024-10-12 17:04:44,230 Pruning 512 in layer 4
2024-10-12 17:04:44,231 Gathering metrics
2024-10-12 17:05:16,209 {'acc1': 0.7657797029702971, 'acc5': 0.9226485148514851, 'loss': 111.7161382958293, 'macs': 12223414248, 'params': 245688296, 'model_size': 937.2264709472656, 'inference_time': 0}
2024-10-12 17:05:16,240 Pruning 256 in layer 3
2024-10-12 17:05:16,242 Gathering metrics
2024-10-12 17:05:48,137 {'acc1': 0.7670173267326733, 'acc5': 0.9245049504950495, 'loss': 110.44352039694786, 'macs': 12223414248, 'params': 245688296, 'model_size': 937.2264709472656, 'inference_time': 0}
2024-10-12 17:05:48,166 Pruning 512 in layer 3
2024-10-12 17:05:48,167 Gathering metrics
2024-10-12 17:06:20,128 {'acc1': 0.7654702970297029, 'acc5': 0.9229579207920792, 'loss': 111.6683527380228, 'macs': 12197187048, 'params': 245163752, 'model_size': 935.2254943847656, 'inference_time': 0}
2024-10-12 17:06:20,159 Pruning 256 in layer 2
2024-10-12 17:06:20,160 Gathering metrics
2024-10-12 17:06:52,233 {'acc1': 0.7608292079207921, 'acc5': 0.9248143564356436, 'loss': 110.42511326819658, 'macs': 12197187048, 'params': 245163752, 'model_size': 935.2254943847656, 'inference_time': 0}
2024-10-12 17:06:52,263 Pruning 256 in layer 1
2024-10-12 17:06:52,265 Gathering metrics
2024-10-12 17:07:24,590 {'acc1': 0.755569306930693, 'acc5': 0.9214108910891089, 'loss': 115.45063723623753, 'macs': 12197187048, 'params': 245163752, 'model_size': 935.2254943847656, 'inference_time': 0}
2024-10-12 17:07:24,620 Pruning 256 in layer 0
2024-10-12 17:07:24,622 Gathering metrics
2024-10-12 17:07:56,875 {'acc1': 0.6525371287128713, 'acc5': 0.8251856435643564, 'loss': 186.20924693346024, 'macs': 12197187048, 'params': 245163752, 'model_size': 935.2254943847656, 'inference_time': 0}
2024-10-12 17:07:56,892 Experiment finished
