2024-10-13 22:11:50,775 Starting experiment outputs/adaptive/vit_h_14/proj000
2024-10-13 22:11:50,775 Loading the original model
2024-10-13 22:11:54,381 Gathering metrics of the original model
2024-10-13 22:14:17,450 {'acc1': 0.9634615384615385, 'acc5': 0.9951923076923077, 'loss': 10.94629063270986, 'macs': 863467906280, 'params': 633470440, 'model_size': 2416.4979553222656, 'inference_time': 0}
2024-10-13 22:14:17,484 Pruning 512 in layer 0
2024-10-13 22:14:29,379 Gathering metrics
2024-10-13 22:16:49,348 {'acc1': 0.9615384615384616, 'acc5': 0.9951923076923077, 'loss': 11.097865930758417, 'macs': 861671518440, 'params': 632159208, 'model_size': 2411.4960021972656, 'inference_time': 0}
2024-10-13 22:16:49,385 Pruning 1024 in layer 0
2024-10-13 22:16:58,903 Gathering metrics
2024-10-13 22:19:18,985 {'acc1': 0.9605769230769231, 'acc5': 0.9951923076923077, 'loss': 11.188345999456942, 'macs': 859875130600, 'params': 630847976, 'model_size': 2406.4940490722656, 'inference_time': 0}
2024-10-13 22:19:19,018 Pruning 1536 in layer 0
2024-10-13 22:19:26,417 Gathering metrics
2024-10-13 22:21:45,788 {'acc1': 0.9605769230769231, 'acc5': 0.9951923076923077, 'loss': 11.29731569159776, 'macs': 858078742760, 'params': 629536744, 'model_size': 2401.4920959472656, 'inference_time': 0}
2024-10-13 22:21:45,821 Pruning 2048 in layer 0
2024-10-13 22:21:51,489 Gathering metrics
2024-10-13 22:24:10,867 {'acc1': 0.9625, 'acc5': 0.9951923076923077, 'loss': 11.486064684577286, 'macs': 856282354920, 'params': 628225512, 'model_size': 2396.4901428222656, 'inference_time': 0}
2024-10-13 22:24:10,900 Pruning 2560 in layer 0
2024-10-13 22:24:15,252 Gathering metrics
2024-10-13 22:26:34,616 {'acc1': 0.9625, 'acc5': 0.9932692307692308, 'loss': 11.765509053133428, 'macs': 854485967080, 'params': 626914280, 'model_size': 2391.4881896972656, 'inference_time': 0}
2024-10-13 22:26:34,649 Pruning 3072 in layer 0
2024-10-13 22:26:37,994 Gathering metrics
2024-10-13 22:28:57,149 {'acc1': 0.9615384615384616, 'acc5': 0.9942307692307693, 'loss': 11.806334475055337, 'macs': 852689579240, 'params': 625603048, 'model_size': 2386.4862365722656, 'inference_time': 0}
2024-10-13 22:28:57,182 Pruning 3584 in layer 0
2024-10-13 22:28:59,608 Gathering metrics
2024-10-13 22:31:18,375 {'acc1': 0.9615384615384616, 'acc5': 0.9951923076923077, 'loss': 12.181108281947672, 'macs': 850893191400, 'params': 624291816, 'model_size': 2381.4842834472656, 'inference_time': 0}
2024-10-13 22:31:18,408 Pruning 4096 in layer 0
2024-10-13 22:31:20,217 Gathering metrics
2024-10-13 22:33:38,921 {'acc1': 0.9567307692307693, 'acc5': 0.9951923076923077, 'loss': 13.173331285826862, 'macs': 849096803560, 'params': 622980584, 'model_size': 2376.4823303222656, 'inference_time': 0}
2024-10-13 22:33:39,111 Pruning 512 in layer 1
2024-10-13 22:33:50,904 Gathering metrics
2024-10-13 22:36:09,317 {'acc1': 0.9548076923076924, 'acc5': 0.9942307692307693, 'loss': 13.311451052315533, 'macs': 849096803560, 'params': 622980584, 'model_size': 2376.4823303222656, 'inference_time': 0}
2024-10-13 22:36:09,350 Pruning 512 in layer 2
2024-10-13 22:36:21,248 Gathering metrics
2024-10-13 22:38:39,901 {'acc1': 0.9605769230769231, 'acc5': 0.9951923076923077, 'loss': 11.960426521487534, 'macs': 849096803560, 'params': 622980584, 'model_size': 2376.4823303222656, 'inference_time': 0}
2024-10-13 22:38:39,933 Pruning 1024 in layer 2
2024-10-13 22:38:49,459 Gathering metrics
2024-10-13 22:41:07,636 {'acc1': 0.9596153846153846, 'acc5': 0.9951923076923077, 'loss': 11.855160041712224, 'macs': 847300415720, 'params': 621669352, 'model_size': 2371.4803771972656, 'inference_time': 0}
2024-10-13 22:41:07,669 Pruning 1536 in layer 2
2024-10-13 22:41:15,063 Gathering metrics
2024-10-13 22:43:33,320 {'acc1': 0.9548076923076924, 'acc5': 0.9961538461538462, 'loss': 12.056305303238332, 'macs': 845504027880, 'params': 620358120, 'model_size': 2366.4784240722656, 'inference_time': 0}
2024-10-13 22:43:33,353 Pruning 512 in layer 3
2024-10-13 22:43:45,251 Gathering metrics
2024-10-13 22:46:03,244 {'acc1': 0.9615384615384616, 'acc5': 0.9961538461538462, 'loss': 12.013173305429518, 'macs': 845504027880, 'params': 620358120, 'model_size': 2366.4784240722656, 'inference_time': 0}
2024-10-13 22:46:03,277 Pruning 1024 in layer 3
2024-10-13 22:46:12,798 Gathering metrics
2024-10-13 22:48:30,776 {'acc1': 0.9596153846153846, 'acc5': 0.9951923076923077, 'loss': 11.955767922103405, 'macs': 843707640040, 'params': 619046888, 'model_size': 2361.4764709472656, 'inference_time': 0}
2024-10-13 22:48:30,810 Pruning 1536 in layer 3
2024-10-13 22:48:38,234 Gathering metrics
2024-10-13 22:50:55,928 {'acc1': 0.9605769230769231, 'acc5': 0.9951923076923077, 'loss': 11.949679816141725, 'macs': 841911252200, 'params': 617735656, 'model_size': 2356.4745178222656, 'inference_time': 0}
2024-10-13 22:50:55,962 Pruning 2048 in layer 3
2024-10-13 22:51:01,662 Gathering metrics
2024-10-13 22:53:19,283 {'acc1': 0.9576923076923077, 'acc5': 0.9951923076923077, 'loss': 12.316988290287554, 'macs': 840114864360, 'params': 616424424, 'model_size': 2351.4725646972656, 'inference_time': 0}
2024-10-13 22:53:19,317 Pruning 2560 in layer 3
2024-10-13 22:53:23,672 Gathering metrics
2024-10-13 22:55:40,842 {'acc1': 0.9538461538461539, 'acc5': 0.9923076923076923, 'loss': 13.024627081584185, 'macs': 838318476520, 'params': 615113192, 'model_size': 2346.4706115722656, 'inference_time': 0}
2024-10-13 22:55:40,963 Pruning 512 in layer 4
2024-10-13 22:55:52,794 Gathering metrics
2024-10-13 22:58:10,028 {'acc1': 0.9519230769230769, 'acc5': 0.9951923076923077, 'loss': 12.41143318451941, 'macs': 838318476520, 'params': 615113192, 'model_size': 2346.4706115722656, 'inference_time': 0}
2024-10-13 22:58:10,061 Pruning 512 in layer 5
2024-10-13 22:58:21,920 Gathering metrics
2024-10-13 23:00:39,110 {'acc1': 0.9548076923076924, 'acc5': 0.9951923076923077, 'loss': 12.428569054696709, 'macs': 838318476520, 'params': 615113192, 'model_size': 2346.4706115722656, 'inference_time': 0}
2024-10-13 23:00:39,143 Pruning 1024 in layer 5
2024-10-13 23:00:48,668 Gathering metrics
2024-10-13 23:03:05,757 {'acc1': 0.9528846153846153, 'acc5': 0.9961538461538462, 'loss': 12.397264393046498, 'macs': 836522088680, 'params': 613801960, 'model_size': 2341.4686584472656, 'inference_time': 0}
2024-10-13 23:03:05,791 Pruning 512 in layer 6
2024-10-13 23:03:17,659 Gathering metrics
2024-10-13 23:05:34,880 {'acc1': 0.9548076923076924, 'acc5': 0.9942307692307693, 'loss': 12.551996343303472, 'macs': 836522088680, 'params': 613801960, 'model_size': 2341.4686584472656, 'inference_time': 0}
2024-10-13 23:05:34,914 Pruning 1024 in layer 6
2024-10-13 23:05:44,399 Gathering metrics
2024-10-13 23:08:01,361 {'acc1': 0.9548076923076924, 'acc5': 0.9961538461538462, 'loss': 12.499696236103773, 'macs': 834725700840, 'params': 612490728, 'model_size': 2336.4667053222656, 'inference_time': 0}
2024-10-13 23:08:01,396 Pruning 1536 in layer 6
2024-10-13 23:08:08,795 Gathering metrics
2024-10-13 23:10:25,316 {'acc1': 0.9548076923076924, 'acc5': 0.9961538461538462, 'loss': 12.496677598915994, 'macs': 832929313000, 'params': 611179496, 'model_size': 2331.4647521972656, 'inference_time': 0}
2024-10-13 23:10:25,350 Pruning 2048 in layer 6
2024-10-13 23:10:31,020 Gathering metrics
2024-10-13 23:12:47,509 {'acc1': 0.9490384615384615, 'acc5': 0.9961538461538462, 'loss': 12.893830138724297, 'macs': 831132925160, 'params': 609868264, 'model_size': 2326.4627990722656, 'inference_time': 0}
2024-10-13 23:12:47,542 Pruning 512 in layer 7
2024-10-13 23:12:59,440 Gathering metrics
2024-10-13 23:15:15,932 {'acc1': 0.9490384615384615, 'acc5': 0.9961538461538462, 'loss': 12.795335279311985, 'macs': 831132925160, 'params': 609868264, 'model_size': 2326.4627990722656, 'inference_time': 0}
2024-10-13 23:15:15,966 Pruning 512 in layer 8
2024-10-13 23:15:27,856 Gathering metrics
2024-10-13 23:17:44,024 {'acc1': 0.9509615384615384, 'acc5': 0.9942307692307693, 'loss': 12.935751002281904, 'macs': 831132925160, 'params': 609868264, 'model_size': 2326.4627990722656, 'inference_time': 0}
2024-10-13 23:17:44,143 Pruning 512 in layer 9
2024-10-13 23:17:55,950 Gathering metrics
2024-10-13 23:20:12,308 {'acc1': 0.9519230769230769, 'acc5': 0.9951923076923077, 'loss': 12.824197900481522, 'macs': 831132925160, 'params': 609868264, 'model_size': 2326.4627990722656, 'inference_time': 0}
2024-10-13 23:20:12,343 Pruning 1024 in layer 9
2024-10-13 23:20:21,873 Gathering metrics
2024-10-13 23:22:37,786 {'acc1': 0.948076923076923, 'acc5': 0.9932692307692308, 'loss': 13.275576550979167, 'macs': 829336537320, 'params': 608557032, 'model_size': 2321.4608459472656, 'inference_time': 0}
2024-10-13 23:22:37,820 Pruning 512 in layer 10
2024-10-13 23:22:49,699 Gathering metrics
2024-10-13 23:25:05,829 {'acc1': 0.95, 'acc5': 0.9951923076923077, 'loss': 12.99837555596605, 'macs': 829336537320, 'params': 608557032, 'model_size': 2321.4608459472656, 'inference_time': 0}
2024-10-13 23:25:05,863 Pruning 1024 in layer 10
2024-10-13 23:25:15,383 Gathering metrics
2024-10-13 23:27:31,293 {'acc1': 0.9471153846153846, 'acc5': 0.9942307692307693, 'loss': 13.275071490556002, 'macs': 827540149480, 'params': 607245800, 'model_size': 2316.4588928222656, 'inference_time': 0}
2024-10-13 23:27:31,331 Pruning 512 in layer 11
2024-10-13 23:27:43,156 Gathering metrics
2024-10-13 23:29:58,940 {'acc1': 0.9471153846153846, 'acc5': 0.9951923076923077, 'loss': 13.734970414079726, 'macs': 827540149480, 'params': 607245800, 'model_size': 2316.4588928222656, 'inference_time': 0}
2024-10-13 23:29:58,974 Pruning 1024 in layer 11
2024-10-13 23:30:08,500 Gathering metrics
2024-10-13 23:32:24,154 {'acc1': 0.9423076923076923, 'acc5': 0.9942307692307693, 'loss': 14.26478372188285, 'macs': 825743761640, 'params': 605934568, 'model_size': 2311.4569396972656, 'inference_time': 0}
2024-10-13 23:32:24,187 Pruning 512 in layer 12
2024-10-13 23:32:36,072 Gathering metrics
2024-10-13 23:34:51,825 {'acc1': 0.9451923076923077, 'acc5': 0.9942307692307693, 'loss': 13.89958293037489, 'macs': 825743761640, 'params': 605934568, 'model_size': 2311.4569396972656, 'inference_time': 0}
2024-10-13 23:34:51,859 Pruning 1024 in layer 12
2024-10-13 23:35:01,370 Gathering metrics
2024-10-13 23:37:16,812 {'acc1': 0.9423076923076923, 'acc5': 0.9942307692307693, 'loss': 13.926190388854593, 'macs': 823947373800, 'params': 604623336, 'model_size': 2306.4549865722656, 'inference_time': 0}
2024-10-13 23:37:16,847 Pruning 512 in layer 13
2024-10-13 23:37:28,721 Gathering metrics
2024-10-13 23:39:44,068 {'acc1': 0.9413461538461538, 'acc5': 0.9942307692307693, 'loss': 14.185905422549695, 'macs': 823947373800, 'params': 604623336, 'model_size': 2306.4549865722656, 'inference_time': 0}
2024-10-13 23:39:44,186 Pruning 512 in layer 14
2024-10-13 23:39:55,979 Gathering metrics
2024-10-13 23:42:11,457 {'acc1': 0.9442307692307692, 'acc5': 0.9942307692307693, 'loss': 13.786186714656651, 'macs': 823947373800, 'params': 604623336, 'model_size': 2306.4549865722656, 'inference_time': 0}
2024-10-13 23:42:11,491 Pruning 1024 in layer 14
2024-10-13 23:42:21,017 Gathering metrics
2024-10-13 23:44:36,243 {'acc1': 0.9451923076923077, 'acc5': 0.9951923076923077, 'loss': 13.80564368609339, 'macs': 822150985960, 'params': 603312104, 'model_size': 2301.4530334472656, 'inference_time': 0}
2024-10-13 23:44:36,277 Pruning 1536 in layer 14
2024-10-13 23:44:43,658 Gathering metrics
2024-10-13 23:46:58,576 {'acc1': 0.9432692307692307, 'acc5': 0.9942307692307693, 'loss': 14.108271572273225, 'macs': 820354598120, 'params': 602000872, 'model_size': 2296.4510803222656, 'inference_time': 0}
2024-10-13 23:46:58,610 Pruning 2048 in layer 14
2024-10-13 23:47:04,283 Gathering metrics
2024-10-13 23:49:19,175 {'acc1': 0.9403846153846154, 'acc5': 0.9942307692307693, 'loss': 14.301033970434219, 'macs': 818558210280, 'params': 600689640, 'model_size': 2291.4491271972656, 'inference_time': 0}
2024-10-13 23:49:19,209 Pruning 512 in layer 15
2024-10-13 23:49:31,071 Gathering metrics
2024-10-13 23:51:45,765 {'acc1': 0.9375, 'acc5': 0.9942307692307693, 'loss': 14.660919439047575, 'macs': 818558210280, 'params': 600689640, 'model_size': 2291.4491271972656, 'inference_time': 0}
2024-10-13 23:51:45,799 Pruning 512 in layer 16
2024-10-13 23:51:57,663 Gathering metrics
2024-10-13 23:54:12,489 {'acc1': 0.9423076923076923, 'acc5': 0.9932692307692308, 'loss': 14.370032786857337, 'macs': 818558210280, 'params': 600689640, 'model_size': 2291.4491271972656, 'inference_time': 0}
2024-10-13 23:54:12,523 Pruning 1024 in layer 16
2024-10-13 23:54:22,042 Gathering metrics
2024-10-13 23:56:36,571 {'acc1': 0.9384615384615385, 'acc5': 0.9942307692307693, 'loss': 14.660381961148232, 'macs': 816761822440, 'params': 599378408, 'model_size': 2286.4471740722656, 'inference_time': 0}
2024-10-13 23:56:36,605 Pruning 512 in layer 17
2024-10-13 23:56:48,471 Gathering metrics
2024-10-13 23:59:03,194 {'acc1': 0.9413461538461538, 'acc5': 0.9942307692307693, 'loss': 14.51182060688734, 'macs': 816761822440, 'params': 599378408, 'model_size': 2286.4471740722656, 'inference_time': 0}
2024-10-13 23:59:03,317 Pruning 1024 in layer 17
2024-10-13 23:59:12,776 Gathering metrics
2024-10-14 00:01:27,273 {'acc1': 0.9403846153846154, 'acc5': 0.9932692307692308, 'loss': 14.678313864395022, 'macs': 814965434600, 'params': 598067176, 'model_size': 2281.4452209472656, 'inference_time': 0}
2024-10-14 00:01:27,307 Pruning 1536 in layer 17
2024-10-14 00:01:34,703 Gathering metrics
2024-10-14 00:03:49,007 {'acc1': 0.9423076923076923, 'acc5': 0.9923076923076923, 'loss': 14.752159957308322, 'macs': 813169046760, 'params': 596755944, 'model_size': 2276.4432678222656, 'inference_time': 0}
2024-10-14 00:03:49,041 Pruning 2048 in layer 17
2024-10-14 00:03:54,705 Gathering metrics
2024-10-14 00:06:08,673 {'acc1': 0.9403846153846154, 'acc5': 0.9913461538461539, 'loss': 14.901448858436197, 'macs': 811372658920, 'params': 595444712, 'model_size': 2271.4413146972656, 'inference_time': 0}
2024-10-14 00:06:08,707 Pruning 2560 in layer 17
2024-10-14 00:06:13,057 Gathering metrics
2024-10-14 00:08:26,766 {'acc1': 0.9413461538461538, 'acc5': 0.9932692307692308, 'loss': 14.87298013176769, 'macs': 809576271080, 'params': 594133480, 'model_size': 2266.4393615722656, 'inference_time': 0}
2024-10-14 00:08:26,800 Pruning 3072 in layer 17
2024-10-14 00:08:30,132 Gathering metrics
2024-10-14 00:10:43,621 {'acc1': 0.9413461538461538, 'acc5': 0.9932692307692308, 'loss': 14.828789194114506, 'macs': 807779883240, 'params': 592822248, 'model_size': 2261.4374084472656, 'inference_time': 0}
2024-10-14 00:10:43,655 Pruning 3584 in layer 17
2024-10-14 00:10:46,064 Gathering metrics
2024-10-14 00:12:59,419 {'acc1': 0.9384615384615385, 'acc5': 0.9923076923076923, 'loss': 15.0883374880068, 'macs': 805983495400, 'params': 591511016, 'model_size': 2256.4354553222656, 'inference_time': 0}
2024-10-14 00:12:59,453 Pruning 512 in layer 18
2024-10-14 00:13:11,328 Gathering metrics
2024-10-14 00:15:24,601 {'acc1': 0.9375, 'acc5': 0.9913461538461539, 'loss': 15.269876398611814, 'macs': 805983495400, 'params': 591511016, 'model_size': 2256.4354553222656, 'inference_time': 0}
2024-10-14 00:15:24,635 Pruning 512 in layer 19
2024-10-14 00:15:36,482 Gathering metrics
2024-10-14 00:17:49,793 {'acc1': 0.9375, 'acc5': 0.9942307692307693, 'loss': 14.897183566819876, 'macs': 805983495400, 'params': 591511016, 'model_size': 2256.4354553222656, 'inference_time': 0}
2024-10-14 00:17:49,827 Pruning 512 in layer 20
2024-10-14 00:18:01,712 Gathering metrics
2024-10-14 00:20:15,002 {'acc1': 0.9394230769230769, 'acc5': 0.9932692307692308, 'loss': 14.913203698582947, 'macs': 805983495400, 'params': 591511016, 'model_size': 2256.4354553222656, 'inference_time': 0}
2024-10-14 00:20:15,125 Pruning 1024 in layer 20
2024-10-14 00:20:24,596 Gathering metrics
2024-10-14 00:22:37,610 {'acc1': 0.9384615384615385, 'acc5': 0.9942307692307693, 'loss': 15.086148608010262, 'macs': 804187107560, 'params': 590199784, 'model_size': 2251.4335021972656, 'inference_time': 0}
2024-10-14 00:22:37,644 Pruning 1536 in layer 20
2024-10-14 00:22:45,035 Gathering metrics
2024-10-14 00:24:57,726 {'acc1': 0.9394230769230769, 'acc5': 0.9923076923076923, 'loss': 15.031192136462778, 'macs': 802390719720, 'params': 588888552, 'model_size': 2246.4315490722656, 'inference_time': 0}
2024-10-14 00:24:57,760 Pruning 2048 in layer 20
2024-10-14 00:25:03,421 Gathering metrics
2024-10-14 00:27:16,156 {'acc1': 0.9432692307692307, 'acc5': 0.9932692307692308, 'loss': 14.98708854848519, 'macs': 800594331880, 'params': 587577320, 'model_size': 2241.4295959472656, 'inference_time': 0}
2024-10-14 00:27:16,191 Pruning 2560 in layer 20
2024-10-14 00:27:20,544 Gathering metrics
2024-10-14 00:29:32,982 {'acc1': 0.9394230769230769, 'acc5': 0.9932692307692308, 'loss': 14.90972092282027, 'macs': 798797944040, 'params': 586266088, 'model_size': 2236.4276428222656, 'inference_time': 0}
2024-10-14 00:29:33,016 Pruning 3072 in layer 20
2024-10-14 00:29:36,348 Gathering metrics
2024-10-14 00:31:48,640 {'acc1': 0.9394230769230769, 'acc5': 0.9913461538461539, 'loss': 14.933887469116598, 'macs': 797001556200, 'params': 584954856, 'model_size': 2231.4256896972656, 'inference_time': 0}
2024-10-14 00:31:48,675 Pruning 3584 in layer 20
2024-10-14 00:31:51,082 Gathering metrics
2024-10-14 00:34:03,079 {'acc1': 0.9394230769230769, 'acc5': 0.9913461538461539, 'loss': 14.961286906152964, 'macs': 795205168360, 'params': 583643624, 'model_size': 2226.4237365722656, 'inference_time': 0}
2024-10-14 00:34:03,114 Pruning 4096 in layer 20
2024-10-14 00:34:04,899 Gathering metrics
2024-10-14 00:36:16,927 {'acc1': 0.9384615384615385, 'acc5': 0.9923076923076923, 'loss': 14.890246009454131, 'macs': 793408780520, 'params': 582332392, 'model_size': 2221.4217834472656, 'inference_time': 0}
2024-10-14 00:36:16,962 Pruning 4608 in layer 20
2024-10-14 00:36:18,285 Gathering metrics
2024-10-14 00:38:29,831 {'acc1': 0.9394230769230769, 'acc5': 0.9923076923076923, 'loss': 15.011530684307218, 'macs': 791612392680, 'params': 581021160, 'model_size': 2216.4198303222656, 'inference_time': 0}
2024-10-14 00:38:29,865 Pruning 512 in layer 21
2024-10-14 00:38:41,735 Gathering metrics
2024-10-14 00:40:53,189 {'acc1': 0.9365384615384615, 'acc5': 0.9923076923076923, 'loss': 14.980286124628037, 'macs': 791612392680, 'params': 581021160, 'model_size': 2216.4198303222656, 'inference_time': 0}
2024-10-14 00:40:53,223 Pruning 1024 in layer 21
2024-10-14 00:41:02,723 Gathering metrics
2024-10-14 00:43:14,206 {'acc1': 0.9346153846153846, 'acc5': 0.9932692307692308, 'loss': 15.058206357527524, 'macs': 789816004840, 'params': 579709928, 'model_size': 2211.4178771972656, 'inference_time': 0}
2024-10-14 00:43:14,327 Pruning 512 in layer 22
2024-10-14 00:43:26,129 Gathering metrics
2024-10-14 00:45:37,517 {'acc1': 0.9317307692307693, 'acc5': 0.9923076923076923, 'loss': 15.099546733312309, 'macs': 789816004840, 'params': 579709928, 'model_size': 2211.4178771972656, 'inference_time': 0}
2024-10-14 00:45:37,551 Pruning 512 in layer 23
2024-10-14 00:45:49,399 Gathering metrics
2024-10-14 00:48:00,726 {'acc1': 0.9375, 'acc5': 0.9923076923076923, 'loss': 14.915030615404248, 'macs': 789816004840, 'params': 579709928, 'model_size': 2211.4178771972656, 'inference_time': 0}
2024-10-14 00:48:00,760 Pruning 1024 in layer 23
2024-10-14 00:48:10,267 Gathering metrics
2024-10-14 00:50:21,449 {'acc1': 0.9384615384615385, 'acc5': 0.9923076923076923, 'loss': 14.74573533795774, 'macs': 788019617000, 'params': 578398696, 'model_size': 2206.4159240722656, 'inference_time': 0}
2024-10-14 00:50:21,483 Pruning 1536 in layer 23
2024-10-14 00:50:28,864 Gathering metrics
2024-10-14 00:52:39,861 {'acc1': 0.9413461538461538, 'acc5': 0.9903846153846154, 'loss': 14.700275861192495, 'macs': 786223229160, 'params': 577087464, 'model_size': 2201.4139709472656, 'inference_time': 0}
2024-10-14 00:52:39,895 Pruning 2048 in layer 23
2024-10-14 00:52:45,558 Gathering metrics
2024-10-14 00:54:56,328 {'acc1': 0.9394230769230769, 'acc5': 0.9903846153846154, 'loss': 14.994199857581407, 'macs': 784426841320, 'params': 575776232, 'model_size': 2196.4120178222656, 'inference_time': 0}
2024-10-14 00:54:56,362 Pruning 2560 in layer 23
2024-10-14 00:55:00,687 Gathering metrics
2024-10-14 00:57:11,035 {'acc1': 0.9375, 'acc5': 0.989423076923077, 'loss': 15.330148972570896, 'macs': 782630453480, 'params': 574465000, 'model_size': 2191.4100646972656, 'inference_time': 0}
2024-10-14 00:57:11,069 Pruning 3072 in layer 23
2024-10-14 00:57:14,388 Gathering metrics
2024-10-14 00:59:24,774 {'acc1': 0.9394230769230769, 'acc5': 0.989423076923077, 'loss': 15.331899715121835, 'macs': 780834065640, 'params': 573153768, 'model_size': 2186.4081115722656, 'inference_time': 0}
2024-10-14 00:59:24,809 Pruning 3584 in layer 23
2024-10-14 00:59:27,216 Gathering metrics
2024-10-14 01:01:37,370 {'acc1': 0.9355769230769231, 'acc5': 0.9913461538461539, 'loss': 15.413058848585933, 'macs': 779037677800, 'params': 571842536, 'model_size': 2181.4061584472656, 'inference_time': 0}
2024-10-14 01:01:37,404 Pruning 4096 in layer 23
2024-10-14 01:01:39,184 Gathering metrics
2024-10-14 01:03:49,310 {'acc1': 0.9355769230769231, 'acc5': 0.9913461538461539, 'loss': 15.6775913676247, 'macs': 777241289960, 'params': 570531304, 'model_size': 2176.4042053222656, 'inference_time': 0}
2024-10-14 01:03:49,344 Pruning 4608 in layer 23
2024-10-14 01:03:50,650 Gathering metrics
2024-10-14 01:06:00,285 {'acc1': 0.9394230769230769, 'acc5': 0.989423076923077, 'loss': 15.491718223784119, 'macs': 775444902120, 'params': 569220072, 'model_size': 2171.4022521972656, 'inference_time': 0}
2024-10-14 01:06:00,405 Pruning 512 in layer 24
2024-10-14 01:06:12,230 Gathering metrics
2024-10-14 01:08:21,892 {'acc1': 0.9384615384615385, 'acc5': 0.989423076923077, 'loss': 15.982508696150035, 'macs': 775444902120, 'params': 569220072, 'model_size': 2171.4022521972656, 'inference_time': 0}
2024-10-14 01:08:21,926 Pruning 1024 in layer 24
2024-10-14 01:08:31,434 Gathering metrics
2024-10-14 01:10:40,832 {'acc1': 0.9355769230769231, 'acc5': 0.989423076923077, 'loss': 16.05426163878292, 'macs': 773648514280, 'params': 567908840, 'model_size': 2166.4002990722656, 'inference_time': 0}
2024-10-14 01:10:40,867 Pruning 1536 in layer 24
2024-10-14 01:10:48,272 Gathering metrics
2024-10-14 01:12:57,472 {'acc1': 0.9355769230769231, 'acc5': 0.989423076923077, 'loss': 16.181129274191335, 'macs': 771852126440, 'params': 566597608, 'model_size': 2161.3983459472656, 'inference_time': 0}
2024-10-14 01:12:57,507 Pruning 2048 in layer 24
2024-10-14 01:13:03,172 Gathering metrics
2024-10-14 01:15:12,283 {'acc1': 0.9346153846153846, 'acc5': 0.9913461538461539, 'loss': 16.492650248575956, 'macs': 770055738600, 'params': 565286376, 'model_size': 2156.3963928222656, 'inference_time': 0}
2024-10-14 01:15:12,318 Pruning 2560 in layer 24
2024-10-14 01:15:16,668 Gathering metrics
2024-10-14 01:17:25,493 {'acc1': 0.9307692307692308, 'acc5': 0.9913461538461539, 'loss': 16.575993219856173, 'macs': 768259350760, 'params': 563975144, 'model_size': 2151.3944396972656, 'inference_time': 0}
2024-10-14 01:17:25,527 Pruning 512 in layer 25
2024-10-14 01:17:37,404 Gathering metrics
2024-10-14 01:19:46,267 {'acc1': 0.9326923076923077, 'acc5': 0.9923076923076923, 'loss': 16.571295154979452, 'macs': 768259350760, 'params': 563975144, 'model_size': 2151.3944396972656, 'inference_time': 0}
2024-10-14 01:19:46,302 Pruning 1024 in layer 25
2024-10-14 01:19:55,833 Gathering metrics
2024-10-14 01:22:04,587 {'acc1': 0.9278846153846154, 'acc5': 0.9932692307692308, 'loss': 17.016885050106794, 'macs': 766462962920, 'params': 562663912, 'model_size': 2146.3924865722656, 'inference_time': 0}
2024-10-14 01:22:04,621 Pruning 512 in layer 26
2024-10-14 01:22:16,470 Gathering metrics
2024-10-14 01:24:25,044 {'acc1': 0.926923076923077, 'acc5': 0.9903846153846154, 'loss': 17.10768165369518, 'macs': 766462962920, 'params': 562663912, 'model_size': 2146.3924865722656, 'inference_time': 0}
2024-10-14 01:24:25,169 Pruning 512 in layer 27
2024-10-14 01:24:36,981 Gathering metrics
2024-10-14 01:26:45,639 {'acc1': 0.9326923076923077, 'acc5': 0.9903846153846154, 'loss': 16.66862183669582, 'macs': 766462962920, 'params': 562663912, 'model_size': 2146.3924865722656, 'inference_time': 0}
2024-10-14 01:26:45,673 Pruning 1024 in layer 27
2024-10-14 01:26:55,185 Gathering metrics
2024-10-14 01:29:03,521 {'acc1': 0.9288461538461539, 'acc5': 0.9913461538461539, 'loss': 16.37769072991796, 'macs': 764666575080, 'params': 561352680, 'model_size': 2141.3905334472656, 'inference_time': 0}
2024-10-14 01:29:03,556 Pruning 512 in layer 28
2024-10-14 01:29:15,416 Gathering metrics
2024-10-14 01:31:23,610 {'acc1': 0.9326923076923077, 'acc5': 0.9923076923076923, 'loss': 16.296765610342845, 'macs': 764666575080, 'params': 561352680, 'model_size': 2141.3905334472656, 'inference_time': 0}
2024-10-14 01:31:23,644 Pruning 1024 in layer 28
2024-10-14 01:31:33,158 Gathering metrics
2024-10-14 01:33:41,458 {'acc1': 0.9288461538461539, 'acc5': 0.9913461538461539, 'loss': 16.45592874288559, 'macs': 762870187240, 'params': 560041448, 'model_size': 2136.3885803222656, 'inference_time': 0}
2024-10-14 01:33:41,492 Pruning 512 in layer 29
2024-10-14 01:33:53,403 Gathering metrics
2024-10-14 01:36:01,393 {'acc1': 0.9298076923076923, 'acc5': 0.9913461538461539, 'loss': 16.406753388699144, 'macs': 762870187240, 'params': 560041448, 'model_size': 2136.3885803222656, 'inference_time': 0}
2024-10-14 01:36:01,427 Pruning 1024 in layer 29
2024-10-14 01:36:10,943 Gathering metrics
2024-10-14 01:38:18,979 {'acc1': 0.9259615384615385, 'acc5': 0.9923076923076923, 'loss': 16.850469768047333, 'macs': 761073799400, 'params': 558730216, 'model_size': 2131.3866271972656, 'inference_time': 0}
2024-10-14 01:38:19,013 Pruning 512 in layer 30
2024-10-14 01:38:30,887 Gathering metrics
2024-10-14 01:40:38,846 {'acc1': 0.9317307692307693, 'acc5': 0.9923076923076923, 'loss': 16.592846405226737, 'macs': 761073799400, 'params': 558730216, 'model_size': 2131.3866271972656, 'inference_time': 0}
2024-10-14 01:40:38,880 Pruning 1024 in layer 30
2024-10-14 01:40:48,374 Gathering metrics
2024-10-14 01:42:56,217 {'acc1': 0.9317307692307693, 'acc5': 0.9913461538461539, 'loss': 16.990222522988915, 'macs': 759277411560, 'params': 557418984, 'model_size': 2126.3846740722656, 'inference_time': 0}
2024-10-14 01:42:56,251 Pruning 1536 in layer 30
2024-10-14 01:43:03,635 Gathering metrics
2024-10-14 01:45:11,138 {'acc1': 0.9307692307692308, 'acc5': 0.9903846153846154, 'loss': 17.508304410614073, 'macs': 757481023720, 'params': 556107752, 'model_size': 2121.3827209472656, 'inference_time': 0}
2024-10-14 01:45:11,275 Pruning 2048 in layer 30
2024-10-14 01:45:16,894 Gathering metrics
2024-10-14 01:47:24,351 {'acc1': 0.9288461538461539, 'acc5': 0.9903846153846154, 'loss': 17.966085132211447, 'macs': 755684635880, 'params': 554796520, 'model_size': 2116.3807678222656, 'inference_time': 0}
2024-10-14 01:47:24,385 Pruning 2560 in layer 30
2024-10-14 01:47:28,715 Gathering metrics
2024-10-14 01:49:35,985 {'acc1': 0.9326923076923077, 'acc5': 0.9903846153846154, 'loss': 18.749004220589995, 'macs': 753888248040, 'params': 553485288, 'model_size': 2111.3788146972656, 'inference_time': 0}
2024-10-14 01:49:36,019 Pruning 3072 in layer 30
2024-10-14 01:49:39,337 Gathering metrics
2024-10-14 01:51:46,265 {'acc1': 0.9317307692307693, 'acc5': 0.9903846153846154, 'loss': 19.823107320815325, 'macs': 752091860200, 'params': 552174056, 'model_size': 2106.3768615722656, 'inference_time': 0}
2024-10-14 01:51:46,301 Pruning 3584 in layer 30
2024-10-14 01:51:48,687 Gathering metrics
2024-10-14 01:53:55,307 {'acc1': 0.9259615384615385, 'acc5': 0.9884615384615385, 'loss': 24.612939722836018, 'macs': 750295472360, 'params': 550862824, 'model_size': 2101.3749084472656, 'inference_time': 0}
2024-10-14 01:53:55,342 Pruning 512 in layer 31
2024-10-14 01:54:07,182 Gathering metrics
2024-10-14 01:56:13,801 {'acc1': 0.9326923076923077, 'acc5': 0.9903846153846154, 'loss': 19.997789278626442, 'macs': 750295472360, 'params': 550862824, 'model_size': 2101.3749084472656, 'inference_time': 0}
2024-10-14 01:56:13,836 Pruning 1024 in layer 31
2024-10-14 01:56:23,354 Gathering metrics
2024-10-14 01:58:29,853 {'acc1': 0.9336538461538462, 'acc5': 0.9903846153846154, 'loss': 19.990418672561646, 'macs': 748499084520, 'params': 549551592, 'model_size': 2096.3729553222656, 'inference_time': 0}
2024-10-14 01:58:29,888 Pruning 1536 in layer 31
2024-10-14 01:58:37,274 Gathering metrics
2024-10-14 02:00:43,620 {'acc1': 0.9346153846153846, 'acc5': 0.9903846153846154, 'loss': 26.339496586471796, 'macs': 746702696680, 'params': 548240360, 'model_size': 2091.3710021972656, 'inference_time': 0}
2024-10-14 02:00:43,655 Pruning 2048 in layer 31
2024-10-14 02:00:49,334 Gathering metrics
2024-10-14 02:02:55,294 {'acc1': 0.9346153846153846, 'acc5': 0.9903846153846154, 'loss': 24.81876201927662, 'macs': 744906308840, 'params': 546929128, 'model_size': 2086.3690490722656, 'inference_time': 0}
2024-10-14 02:02:55,329 Pruning 2560 in layer 31
2024-10-14 02:02:59,664 Gathering metrics
2024-10-14 02:05:05,494 {'acc1': 0.9355769230769231, 'acc5': 0.9903846153846154, 'loss': 25.40337835997343, 'macs': 743109921000, 'params': 545617896, 'model_size': 2081.3670959472656, 'inference_time': 0}
2024-10-14 02:05:05,529 Pruning 3072 in layer 31
2024-10-14 02:05:08,861 Gathering metrics
2024-10-14 02:07:14,532 {'acc1': 0.9355769230769231, 'acc5': 0.989423076923077, 'loss': 24.974258691072464, 'macs': 741313533160, 'params': 544306664, 'model_size': 2076.3651428222656, 'inference_time': 0}
2024-10-14 02:07:14,656 Pruning 3584 in layer 31
2024-10-14 02:07:17,015 Gathering metrics
2024-10-14 02:09:22,394 {'acc1': 0.9288461538461539, 'acc5': 0.989423076923077, 'loss': 27.052029117941856, 'macs': 739517145320, 'params': 542995432, 'model_size': 2071.3631896972656, 'inference_time': 0}
2024-10-14 02:09:22,428 Pruning 4096 in layer 31
2024-10-14 02:09:24,201 Gathering metrics
2024-10-14 02:11:29,450 {'acc1': 0.9336538461538462, 'acc5': 0.989423076923077, 'loss': 26.082545898854733, 'macs': 737720757480, 'params': 541684200, 'model_size': 2066.3612365722656, 'inference_time': 0}
2024-10-14 02:11:29,485 Pruning 4608 in layer 31
2024-10-14 02:11:30,786 Gathering metrics
2024-10-14 02:13:35,923 {'acc1': 0.9326923076923077, 'acc5': 0.9932692307692308, 'loss': 27.480971802026033, 'macs': 735924369640, 'params': 540372968, 'model_size': 2061.3592834472656, 'inference_time': 0}
2024-10-14 02:13:35,937 Experiment finished
