2024-10-13 12:12:53,742 Starting experiment outputs/adaptive/vit_b_16/proj550
2024-10-13 12:12:53,742 Loading the original model
2024-10-13 12:12:54,109 Gathering metrics of the original model
2024-10-13 12:13:32,283 {'acc1': 0.8415841584158416, 'acc5': 0.968440594059406, 'loss': 71.7905719652772, 'macs': 16864992232, 'params': 86567656, 'model_size': 330.2294006347656, 'inference_time': 0}
2024-10-13 12:13:32,299 Pruning 256 in layer 0
2024-10-13 12:13:38,979 Gathering metrics
2024-10-13 12:14:17,492 {'acc1': 0.8397277227722773, 'acc5': 0.9678217821782178, 'loss': 72.73511219769716, 'macs': 16787478248, 'params': 86174184, 'model_size': 328.7284240722656, 'inference_time': 0}
2024-10-13 12:14:17,602 Pruning 512 in layer 0
2024-10-13 12:14:23,176 Gathering metrics
2024-10-13 12:15:00,603 {'acc1': 0.8310643564356436, 'acc5': 0.9616336633663366, 'loss': 77.71689368784428, 'macs': 16709964264, 'params': 85780712, 'model_size': 327.2274475097656, 'inference_time': 0}
2024-10-13 12:15:00,618 Pruning 256 in layer 1
2024-10-13 12:15:07,266 Gathering metrics
2024-10-13 12:15:44,841 {'acc1': 0.8369430693069307, 'acc5': 0.9672029702970297, 'loss': 73.77710358798504, 'macs': 16709964264, 'params': 85780712, 'model_size': 327.2274475097656, 'inference_time': 0}
2024-10-13 12:15:44,857 Pruning 512 in layer 1
2024-10-13 12:15:50,475 Gathering metrics
2024-10-13 12:16:27,562 {'acc1': 0.8282797029702971, 'acc5': 0.963799504950495, 'loss': 75.81546880304813, 'macs': 16632450280, 'params': 85387240, 'model_size': 325.7264709472656, 'inference_time': 0}
2024-10-13 12:16:27,579 Pruning 256 in layer 2
2024-10-13 12:16:34,175 Gathering metrics
2024-10-13 12:17:11,430 {'acc1': 0.833230198019802, 'acc5': 0.9641089108910891, 'loss': 74.28883332759142, 'macs': 16632450280, 'params': 85387240, 'model_size': 325.7264709472656, 'inference_time': 0}
2024-10-13 12:17:11,446 Pruning 512 in layer 2
2024-10-13 12:17:17,061 Gathering metrics
2024-10-13 12:17:53,992 {'acc1': 0.25742574257425743, 'acc5': 0.49504950495049505, 'loss': 453.43438029289246, 'macs': 16554936296, 'params': 84993768, 'model_size': 324.2254943847656, 'inference_time': 0}
2024-10-13 12:17:54,007 Pruning 256 in layer 3
2024-10-13 12:18:00,570 Gathering metrics
2024-10-13 12:18:37,473 {'acc1': 0.8301361386138614, 'acc5': 0.963490099009901, 'loss': 75.03533861786127, 'macs': 16554936296, 'params': 84993768, 'model_size': 324.2254943847656, 'inference_time': 0}
2024-10-13 12:18:37,488 Pruning 512 in layer 3
2024-10-13 12:18:43,087 Gathering metrics
2024-10-13 12:19:20,033 {'acc1': 0.8245668316831684, 'acc5': 0.9603960396039604, 'loss': 77.65206195414066, 'macs': 16477422312, 'params': 84600296, 'model_size': 322.7245178222656, 'inference_time': 0}
2024-10-13 12:19:20,048 Pruning 256 in layer 4
2024-10-13 12:19:26,635 Gathering metrics
2024-10-13 12:20:03,758 {'acc1': 0.8276608910891089, 'acc5': 0.9607054455445545, 'loss': 76.61336413025856, 'macs': 16477422312, 'params': 84600296, 'model_size': 322.7245178222656, 'inference_time': 0}
2024-10-13 12:20:03,774 Pruning 512 in layer 4
2024-10-13 12:20:09,374 Gathering metrics
2024-10-13 12:20:46,400 {'acc1': 0.8261138613861386, 'acc5': 0.9600866336633663, 'loss': 77.50372812151909, 'macs': 16399908328, 'params': 84206824, 'model_size': 321.2235412597656, 'inference_time': 0}
2024-10-13 12:20:46,416 Pruning 768 in layer 4
2024-10-13 12:20:51,041 Gathering metrics
2024-10-13 12:21:28,222 {'acc1': 0.8217821782178217, 'acc5': 0.9610148514851485, 'loss': 78.67371904850006, 'macs': 16322394344, 'params': 83813352, 'model_size': 319.7225646972656, 'inference_time': 0}
2024-10-13 12:21:28,238 Pruning 256 in layer 5
2024-10-13 12:21:34,820 Gathering metrics
2024-10-13 12:22:11,565 {'acc1': 0.8211633663366337, 'acc5': 0.9585396039603961, 'loss': 79.03490313887596, 'macs': 16322394344, 'params': 83813352, 'model_size': 319.7225646972656, 'inference_time': 0}
2024-10-13 12:22:11,581 Pruning 512 in layer 5
2024-10-13 12:22:17,175 Gathering metrics
2024-10-13 12:22:53,651 {'acc1': 0.8205445544554455, 'acc5': 0.9588490099009901, 'loss': 79.74777034670115, 'macs': 16244880360, 'params': 83419880, 'model_size': 318.2215881347656, 'inference_time': 0}
2024-10-13 12:22:53,665 Pruning 768 in layer 5
2024-10-13 12:22:58,244 Gathering metrics
2024-10-13 12:23:34,996 {'acc1': 0.8196163366336634, 'acc5': 0.9588490099009901, 'loss': 80.20522350817919, 'macs': 16167366376, 'params': 83026408, 'model_size': 316.7206115722656, 'inference_time': 0}
2024-10-13 12:23:35,011 Pruning 1024 in layer 5
2024-10-13 12:23:38,470 Gathering metrics
2024-10-13 12:24:15,014 {'acc1': 0.8171410891089109, 'acc5': 0.9576113861386139, 'loss': 80.92310997098684, 'macs': 16089852392, 'params': 82632936, 'model_size': 315.2196350097656, 'inference_time': 0}
2024-10-13 12:24:15,030 Pruning 256 in layer 6
2024-10-13 12:24:21,613 Gathering metrics
2024-10-13 12:24:58,213 {'acc1': 0.818069306930693, 'acc5': 0.9548267326732673, 'loss': 81.20796294510365, 'macs': 16089852392, 'params': 82632936, 'model_size': 315.2196350097656, 'inference_time': 0}
2024-10-13 12:24:58,228 Pruning 512 in layer 6
2024-10-13 12:25:03,843 Gathering metrics
2024-10-13 12:25:40,302 {'acc1': 0.8149752475247525, 'acc5': 0.9548267326732673, 'loss': 82.0412106513977, 'macs': 16012338408, 'params': 82239464, 'model_size': 313.7186584472656, 'inference_time': 0}
2024-10-13 12:25:40,316 Pruning 768 in layer 6
2024-10-13 12:25:44,892 Gathering metrics
2024-10-13 12:26:21,330 {'acc1': 0.8149752475247525, 'acc5': 0.9523514851485149, 'loss': 82.70764824002981, 'macs': 15934824424, 'params': 81845992, 'model_size': 312.2176818847656, 'inference_time': 0}
2024-10-13 12:26:21,344 Pruning 1024 in layer 6
2024-10-13 12:26:24,790 Gathering metrics
2024-10-13 12:27:00,798 {'acc1': 0.8100247524752475, 'acc5': 0.9508044554455446, 'loss': 84.65270016342402, 'macs': 15857310440, 'params': 81452520, 'model_size': 310.7167053222656, 'inference_time': 0}
2024-10-13 12:27:00,815 Pruning 256 in layer 7
2024-10-13 12:27:07,378 Gathering metrics
2024-10-13 12:27:43,521 {'acc1': 0.8084777227722773, 'acc5': 0.9517326732673267, 'loss': 84.20902831852436, 'macs': 15857310440, 'params': 81452520, 'model_size': 310.7167053222656, 'inference_time': 0}
2024-10-13 12:27:43,535 Pruning 512 in layer 7
2024-10-13 12:27:49,130 Gathering metrics
2024-10-13 12:28:25,416 {'acc1': 0.807240099009901, 'acc5': 0.9495668316831684, 'loss': 85.80054949969053, 'macs': 15779796456, 'params': 81059048, 'model_size': 309.2157287597656, 'inference_time': 0}
2024-10-13 12:28:25,429 Pruning 256 in layer 8
2024-10-13 12:28:31,958 Gathering metrics
2024-10-13 12:29:08,402 {'acc1': 0.8041460396039604, 'acc5': 0.9501856435643564, 'loss': 85.75601969659328, 'macs': 15779796456, 'params': 81059048, 'model_size': 309.2157287597656, 'inference_time': 0}
2024-10-13 12:29:08,417 Pruning 512 in layer 8
2024-10-13 12:29:14,000 Gathering metrics
2024-10-13 12:29:50,004 {'acc1': 0.8010519801980198, 'acc5': 0.9492574257425742, 'loss': 86.99590213596821, 'macs': 15702282472, 'params': 80665576, 'model_size': 307.7147521972656, 'inference_time': 0}
2024-10-13 12:29:50,020 Pruning 256 in layer 9
2024-10-13 12:29:56,618 Gathering metrics
2024-10-13 12:30:32,709 {'acc1': 0.7988861386138614, 'acc5': 0.9470915841584159, 'loss': 87.27580730617046, 'macs': 15702282472, 'params': 80665576, 'model_size': 307.7147521972656, 'inference_time': 0}
2024-10-13 12:30:32,724 Pruning 512 in layer 9
2024-10-13 12:30:38,278 Gathering metrics
2024-10-13 12:31:14,766 {'acc1': 0.8016707920792079, 'acc5': 0.9449257425742574, 'loss': 89.54773096740246, 'macs': 15624768488, 'params': 80272104, 'model_size': 306.2137756347656, 'inference_time': 0}
2024-10-13 12:31:14,783 Pruning 768 in layer 9
2024-10-13 12:31:19,651 Gathering metrics
2024-10-13 12:31:55,911 {'acc1': 0.7948638613861386, 'acc5': 0.942759900990099, 'loss': 92.45041842758656, 'macs': 15547254504, 'params': 79878632, 'model_size': 304.7127990722656, 'inference_time': 0}
2024-10-13 12:31:55,929 Pruning 256 in layer 10
2024-10-13 12:32:02,855 Gathering metrics
2024-10-13 12:32:38,847 {'acc1': 0.7982673267326733, 'acc5': 0.9443069306930693, 'loss': 92.6129883825779, 'macs': 15547254504, 'params': 79878632, 'model_size': 304.7127990722656, 'inference_time': 0}
2024-10-13 12:32:38,860 Pruning 512 in layer 10
2024-10-13 12:32:44,392 Gathering metrics
2024-10-13 12:33:20,131 {'acc1': 0.791769801980198, 'acc5': 0.9421410891089109, 'loss': 96.42170824110508, 'macs': 15469740520, 'params': 79485160, 'model_size': 303.2118225097656, 'inference_time': 0}
2024-10-13 12:33:20,151 Pruning 256 in layer 11
2024-10-13 12:33:27,084 Gathering metrics
2024-10-13 12:34:03,040 {'acc1': 0.7967202970297029, 'acc5': 0.9439975247524752, 'loss': 91.6425648778677, 'macs': 15469740520, 'params': 79485160, 'model_size': 303.2118225097656, 'inference_time': 0}
2024-10-13 12:34:03,149 Pruning 512 in layer 11
2024-10-13 12:34:08,696 Gathering metrics
2024-10-13 12:34:44,370 {'acc1': 0.7939356435643564, 'acc5': 0.9421410891089109, 'loss': 96.0959310606122, 'macs': 15392226536, 'params': 79091688, 'model_size': 301.7108459472656, 'inference_time': 0}
2024-10-13 12:34:44,386 Pruning 768 in layer 11
2024-10-13 12:34:48,945 Gathering metrics
2024-10-13 12:35:24,750 {'acc1': 0.7933168316831684, 'acc5': 0.942450495049505, 'loss': 96.39305889606476, 'macs': 15314712552, 'params': 78698216, 'model_size': 300.2098693847656, 'inference_time': 0}
2024-10-13 12:35:24,765 Pruning 1024 in layer 11
2024-10-13 12:35:28,220 Gathering metrics
2024-10-13 12:36:03,689 {'acc1': 0.7936262376237624, 'acc5': 0.9409034653465347, 'loss': 99.95685024559498, 'macs': 15237198568, 'params': 78304744, 'model_size': 298.7088928222656, 'inference_time': 0}
2024-10-13 12:36:03,704 Pruning 1280 in layer 11
2024-10-13 12:36:06,404 Gathering metrics
2024-10-13 12:36:41,778 {'acc1': 0.7923886138613861, 'acc5': 0.9399752475247525, 'loss': 103.62845174223185, 'macs': 15159684584, 'params': 77911272, 'model_size': 297.2079162597656, 'inference_time': 0}
2024-10-13 12:36:41,792 Pruning 1536 in layer 11
2024-10-13 12:36:43,932 Gathering metrics
2024-10-13 12:37:19,202 {'acc1': 0.7877475247524752, 'acc5': 0.9350247524752475, 'loss': 108.64371889457107, 'macs': 15082170600, 'params': 77517800, 'model_size': 295.7069396972656, 'inference_time': 0}
2024-10-13 12:37:19,214 Experiment finished
