2024-10-13 12:51:00,218 Starting experiment outputs/adaptive/vit_l_16/proj000
2024-10-13 12:51:00,218 Loading the original model
2024-10-13 12:51:01,308 Gathering metrics of the original model
2024-10-13 12:52:21,992 {'acc1': 0.8428217821782178, 'acc5': 0.968440594059406, 'loss': 72.06203799694777, 'macs': 59690947560, 'params': 304326632, 'model_size': 1160.9139709472656, 'inference_time': 0}
2024-10-13 12:52:22,021 Pruning 256 in layer 0
2024-10-13 12:52:35,366 Gathering metrics
2024-10-13 12:53:57,029 {'acc1': 0.8394183168316832, 'acc5': 0.969059405940594, 'loss': 73.3532513231039, 'macs': 59587612392, 'params': 303802088, 'model_size': 1158.9129943847656, 'inference_time': 0}
2024-10-13 12:53:57,062 Pruning 512 in layer 0
2024-10-13 12:54:08,962 Gathering metrics
2024-10-13 12:55:30,919 {'acc1': 0.8344678217821783, 'acc5': 0.9656559405940595, 'loss': 76.14747558534145, 'macs': 59484277224, 'params': 303277544, 'model_size': 1156.9120178222656, 'inference_time': 0}
2024-10-13 12:55:30,948 Pruning 256 in layer 1
2024-10-13 12:55:44,335 Gathering metrics
2024-10-13 12:57:06,160 {'acc1': 0.838180693069307, 'acc5': 0.969059405940594, 'loss': 73.70281475782394, 'macs': 59484277224, 'params': 303277544, 'model_size': 1156.9120178222656, 'inference_time': 0}
2024-10-13 12:57:06,195 Pruning 512 in layer 1
2024-10-13 12:57:18,554 Gathering metrics
2024-10-13 12:58:40,338 {'acc1': 0.8363242574257426, 'acc5': 0.9678217821782178, 'loss': 74.17435419559479, 'macs': 59380942056, 'params': 302753000, 'model_size': 1154.9110412597656, 'inference_time': 0}
2024-10-13 12:58:40,365 Pruning 768 in layer 1
2024-10-13 12:58:50,075 Gathering metrics
2024-10-13 13:00:11,532 {'acc1': 0.8347772277227723, 'acc5': 0.9662747524752475, 'loss': 74.94304425269365, 'macs': 59277606888, 'params': 302228456, 'model_size': 1152.9100646972656, 'inference_time': 0}
2024-10-13 13:00:11,560 Pruning 256 in layer 2
2024-10-13 13:00:24,884 Gathering metrics
2024-10-13 13:01:46,314 {'acc1': 0.8372524752475248, 'acc5': 0.9672029702970297, 'loss': 74.31795431673527, 'macs': 59277606888, 'params': 302228456, 'model_size': 1152.9100646972656, 'inference_time': 0}
2024-10-13 13:01:46,341 Pruning 512 in layer 2
2024-10-13 13:01:58,316 Gathering metrics
2024-10-13 13:03:20,150 {'acc1': 0.8357054455445545, 'acc5': 0.9662747524752475, 'loss': 74.59248766303062, 'macs': 59174271720, 'params': 301703912, 'model_size': 1150.9090881347656, 'inference_time': 0}
2024-10-13 13:03:20,178 Pruning 768 in layer 2
2024-10-13 13:03:29,860 Gathering metrics
2024-10-13 13:04:50,658 {'acc1': 0.8350866336633663, 'acc5': 0.9659653465346535, 'loss': 74.78791470825672, 'macs': 59070936552, 'params': 301179368, 'model_size': 1148.9081115722656, 'inference_time': 0}
2024-10-13 13:04:50,693 Pruning 1024 in layer 2
2024-10-13 13:04:59,405 Gathering metrics
2024-10-13 13:06:20,856 {'acc1': 0.8357054455445545, 'acc5': 0.9656559405940595, 'loss': 75.0031358152628, 'macs': 58967601384, 'params': 300654824, 'model_size': 1146.9071350097656, 'inference_time': 0}
2024-10-13 13:06:20,885 Pruning 1280 in layer 2
2024-10-13 13:06:27,818 Gathering metrics
2024-10-13 13:07:48,630 {'acc1': 0.8347772277227723, 'acc5': 0.9653465346534653, 'loss': 75.11381275951862, 'macs': 58864266216, 'params': 300130280, 'model_size': 1144.9061584472656, 'inference_time': 0}
2024-10-13 13:07:48,662 Pruning 1536 in layer 2
2024-10-13 13:07:54,592 Gathering metrics
2024-10-13 13:09:15,654 {'acc1': 0.833230198019802, 'acc5': 0.9650371287128713, 'loss': 75.25629668682814, 'macs': 58760931048, 'params': 299605736, 'model_size': 1142.9051818847656, 'inference_time': 0}
2024-10-13 13:09:15,784 Pruning 1792 in layer 2
2024-10-13 13:09:20,505 Gathering metrics
2024-10-13 13:10:41,122 {'acc1': 0.8338490099009901, 'acc5': 0.9644183168316832, 'loss': 75.36299104243517, 'macs': 58657595880, 'params': 299081192, 'model_size': 1140.9042053222656, 'inference_time': 0}
2024-10-13 13:10:41,152 Pruning 2048 in layer 2
2024-10-13 13:10:45,009 Gathering metrics
2024-10-13 13:12:06,045 {'acc1': 0.8329207920792079, 'acc5': 0.963490099009901, 'loss': 75.57543939352036, 'macs': 58554260712, 'params': 298556648, 'model_size': 1138.9032287597656, 'inference_time': 0}
2024-10-13 13:12:06,077 Pruning 2304 in layer 2
2024-10-13 13:12:09,166 Gathering metrics
2024-10-13 13:13:29,680 {'acc1': 0.8338490099009901, 'acc5': 0.9628712871287128, 'loss': 75.90701251477003, 'macs': 58450925544, 'params': 298032104, 'model_size': 1136.9022521972656, 'inference_time': 0}
2024-10-13 13:13:29,710 Pruning 2560 in layer 2
2024-10-13 13:13:31,969 Gathering metrics
2024-10-13 13:14:52,218 {'acc1': 0.8304455445544554, 'acc5': 0.9619430693069307, 'loss': 76.1934350952506, 'macs': 58347590376, 'params': 297507560, 'model_size': 1134.9012756347656, 'inference_time': 0}
2024-10-13 13:14:52,248 Pruning 256 in layer 3
2024-10-13 13:15:05,650 Gathering metrics
2024-10-13 13:16:26,572 {'acc1': 0.8310643564356436, 'acc5': 0.9616336633663366, 'loss': 76.16702428460121, 'macs': 58347590376, 'params': 297507560, 'model_size': 1134.9012756347656, 'inference_time': 0}
2024-10-13 13:16:26,604 Pruning 512 in layer 3
2024-10-13 13:16:38,610 Gathering metrics
2024-10-13 13:17:59,494 {'acc1': 0.8304455445544554, 'acc5': 0.9616336633663366, 'loss': 76.45074484497309, 'macs': 58244255208, 'params': 296983016, 'model_size': 1132.9002990722656, 'inference_time': 0}
2024-10-13 13:17:59,525 Pruning 768 in layer 3
2024-10-13 13:18:09,298 Gathering metrics
2024-10-13 13:19:30,067 {'acc1': 0.8304455445544554, 'acc5': 0.9613242574257426, 'loss': 76.68482021987438, 'macs': 58140920040, 'params': 296458472, 'model_size': 1130.8993225097656, 'inference_time': 0}
2024-10-13 13:19:30,099 Pruning 1024 in layer 3
2024-10-13 13:19:38,433 Gathering metrics
2024-10-13 13:20:59,190 {'acc1': 0.8292079207920792, 'acc5': 0.9607054455445545, 'loss': 76.9821116477251, 'macs': 58037584872, 'params': 295933928, 'model_size': 1128.8983459472656, 'inference_time': 0}
2024-10-13 13:20:59,218 Pruning 256 in layer 4
2024-10-13 13:21:12,617 Gathering metrics
2024-10-13 13:22:33,126 {'acc1': 0.8295173267326733, 'acc5': 0.9597772277227723, 'loss': 76.99398644268513, 'macs': 58037584872, 'params': 295933928, 'model_size': 1128.8983459472656, 'inference_time': 0}
2024-10-13 13:22:33,157 Pruning 512 in layer 4
2024-10-13 13:22:45,214 Gathering metrics
2024-10-13 13:24:06,202 {'acc1': 0.8301361386138614, 'acc5': 0.9594678217821783, 'loss': 77.23877351731062, 'macs': 57934249704, 'params': 295409384, 'model_size': 1126.8973693847656, 'inference_time': 0}
2024-10-13 13:24:06,232 Pruning 768 in layer 4
2024-10-13 13:24:16,120 Gathering metrics
2024-10-13 13:25:36,369 {'acc1': 0.8298267326732673, 'acc5': 0.9594678217821783, 'loss': 77.46496517211199, 'macs': 57830914536, 'params': 294884840, 'model_size': 1124.8963928222656, 'inference_time': 0}
2024-10-13 13:25:36,400 Pruning 1024 in layer 4
2024-10-13 13:25:44,743 Gathering metrics
2024-10-13 13:27:04,953 {'acc1': 0.8276608910891089, 'acc5': 0.9603960396039604, 'loss': 77.68043993413448, 'macs': 57727579368, 'params': 294360296, 'model_size': 1122.8954162597656, 'inference_time': 0}
2024-10-13 13:27:04,984 Pruning 1280 in layer 4
2024-10-13 13:27:11,961 Gathering metrics
2024-10-13 13:28:31,923 {'acc1': 0.8267326732673267, 'acc5': 0.9607054455445545, 'loss': 77.94365795701742, 'macs': 57624244200, 'params': 293835752, 'model_size': 1120.8944396972656, 'inference_time': 0}
2024-10-13 13:28:32,053 Pruning 256 in layer 5
2024-10-13 13:28:45,417 Gathering metrics
2024-10-13 13:30:05,523 {'acc1': 0.8276608910891089, 'acc5': 0.9597772277227723, 'loss': 77.91292577236891, 'macs': 57624244200, 'params': 293835752, 'model_size': 1120.8944396972656, 'inference_time': 0}
2024-10-13 13:30:05,554 Pruning 512 in layer 5
2024-10-13 13:30:17,565 Gathering metrics
2024-10-13 13:31:37,521 {'acc1': 0.8264232673267327, 'acc5': 0.9603960396039604, 'loss': 78.10258972644806, 'macs': 57520909032, 'params': 293311208, 'model_size': 1118.8934631347656, 'inference_time': 0}
2024-10-13 13:31:37,549 Pruning 768 in layer 5
2024-10-13 13:31:47,253 Gathering metrics
2024-10-13 13:33:07,537 {'acc1': 0.8264232673267327, 'acc5': 0.9607054455445545, 'loss': 78.44823461771011, 'macs': 57417573864, 'params': 292786664, 'model_size': 1116.8924865722656, 'inference_time': 0}
2024-10-13 13:33:07,564 Pruning 1024 in layer 5
2024-10-13 13:33:15,826 Gathering metrics
2024-10-13 13:34:36,265 {'acc1': 0.8267326732673267, 'acc5': 0.9603960396039604, 'loss': 78.61432784795761, 'macs': 57314238696, 'params': 292262120, 'model_size': 1114.8915100097656, 'inference_time': 0}
2024-10-13 13:34:36,295 Pruning 1280 in layer 5
2024-10-13 13:34:43,184 Gathering metrics
2024-10-13 13:36:02,428 {'acc1': 0.8254950495049505, 'acc5': 0.9597772277227723, 'loss': 78.90208924561739, 'macs': 57210903528, 'params': 291737576, 'model_size': 1112.8905334472656, 'inference_time': 0}
2024-10-13 13:36:02,456 Pruning 1536 in layer 5
2024-10-13 13:36:08,300 Gathering metrics
2024-10-13 13:37:28,573 {'acc1': 0.8251856435643564, 'acc5': 0.9591584158415841, 'loss': 79.3001698255539, 'macs': 57107568360, 'params': 291213032, 'model_size': 1110.8895568847656, 'inference_time': 0}
2024-10-13 13:37:28,602 Pruning 1792 in layer 5
2024-10-13 13:37:33,268 Gathering metrics
2024-10-13 13:38:52,320 {'acc1': 0.8251856435643564, 'acc5': 0.9594678217821783, 'loss': 79.51919257640839, 'macs': 57004233192, 'params': 290688488, 'model_size': 1108.8885803222656, 'inference_time': 0}
2024-10-13 13:38:52,351 Pruning 2048 in layer 5
2024-10-13 13:38:56,205 Gathering metrics
2024-10-13 13:40:14,916 {'acc1': 0.8245668316831684, 'acc5': 0.9594678217821783, 'loss': 79.71310126036406, 'macs': 56900898024, 'params': 290163944, 'model_size': 1106.8876037597656, 'inference_time': 0}
2024-10-13 13:40:14,947 Pruning 2304 in layer 5
2024-10-13 13:40:18,040 Gathering metrics
2024-10-13 13:41:37,905 {'acc1': 0.8254950495049505, 'acc5': 0.9597772277227723, 'loss': 79.67436945438385, 'macs': 56797562856, 'params': 289639400, 'model_size': 1104.8866271972656, 'inference_time': 0}
2024-10-13 13:41:37,936 Pruning 2560 in layer 5
2024-10-13 13:41:40,241 Gathering metrics
2024-10-13 13:42:58,926 {'acc1': 0.8254950495049505, 'acc5': 0.9594678217821783, 'loss': 79.89406853914261, 'macs': 56694227688, 'params': 289114856, 'model_size': 1102.8856506347656, 'inference_time': 0}
2024-10-13 13:42:58,957 Pruning 2816 in layer 5
2024-10-13 13:43:00,770 Gathering metrics
2024-10-13 13:44:19,636 {'acc1': 0.8245668316831684, 'acc5': 0.9597772277227723, 'loss': 79.94470722228289, 'macs': 56590892520, 'params': 288590312, 'model_size': 1100.8846740722656, 'inference_time': 0}
2024-10-13 13:44:19,666 Pruning 3072 in layer 5
2024-10-13 13:44:21,055 Gathering metrics
2024-10-13 13:45:39,769 {'acc1': 0.8251856435643564, 'acc5': 0.9588490099009901, 'loss': 80.27091932296753, 'macs': 56487557352, 'params': 288065768, 'model_size': 1098.8836975097656, 'inference_time': 0}
2024-10-13 13:45:39,796 Pruning 3328 in layer 5
2024-10-13 13:45:40,808 Gathering metrics
2024-10-13 13:46:59,639 {'acc1': 0.823019801980198, 'acc5': 0.958230198019802, 'loss': 80.50000482052565, 'macs': 56384222184, 'params': 287541224, 'model_size': 1096.8827209472656, 'inference_time': 0}
2024-10-13 13:46:59,669 Pruning 256 in layer 6
2024-10-13 13:47:13,059 Gathering metrics
2024-10-13 13:48:32,763 {'acc1': 0.8251856435643564, 'acc5': 0.9594678217821783, 'loss': 80.54809315502644, 'macs': 56384222184, 'params': 287541224, 'model_size': 1096.8827209472656, 'inference_time': 0}
2024-10-13 13:48:32,892 Pruning 512 in layer 6
2024-10-13 13:48:44,866 Gathering metrics
2024-10-13 13:50:03,100 {'acc1': 0.823019801980198, 'acc5': 0.958230198019802, 'loss': 80.65849439799786, 'macs': 56280887016, 'params': 287016680, 'model_size': 1094.8817443847656, 'inference_time': 0}
2024-10-13 13:50:03,130 Pruning 768 in layer 6
2024-10-13 13:50:12,788 Gathering metrics
2024-10-13 13:51:31,156 {'acc1': 0.8220915841584159, 'acc5': 0.9594678217821783, 'loss': 80.96100250631571, 'macs': 56177551848, 'params': 286492136, 'model_size': 1092.8807678222656, 'inference_time': 0}
2024-10-13 13:51:31,187 Pruning 1024 in layer 6
2024-10-13 13:51:39,404 Gathering metrics
2024-10-13 13:52:57,084 {'acc1': 0.8214727722772277, 'acc5': 0.9588490099009901, 'loss': 81.25790064781904, 'macs': 56074216680, 'params': 285967592, 'model_size': 1090.8797912597656, 'inference_time': 0}
2024-10-13 13:52:57,112 Pruning 256 in layer 7
2024-10-13 13:53:10,385 Gathering metrics
2024-10-13 13:54:29,241 {'acc1': 0.8214727722772277, 'acc5': 0.9591584158415841, 'loss': 81.10740070044994, 'macs': 56074216680, 'params': 285967592, 'model_size': 1090.8797912597656, 'inference_time': 0}
2024-10-13 13:54:29,271 Pruning 512 in layer 7
2024-10-13 13:54:41,195 Gathering metrics
2024-10-13 13:55:59,156 {'acc1': 0.8217821782178217, 'acc5': 0.9591584158415841, 'loss': 81.34470461308956, 'macs': 55970881512, 'params': 285443048, 'model_size': 1088.8788146972656, 'inference_time': 0}
2024-10-13 13:55:59,185 Pruning 768 in layer 7
2024-10-13 13:56:09,059 Gathering metrics
2024-10-13 13:57:27,423 {'acc1': 0.8211633663366337, 'acc5': 0.9588490099009901, 'loss': 81.4026267528534, 'macs': 55867546344, 'params': 284918504, 'model_size': 1086.8778381347656, 'inference_time': 0}
2024-10-13 13:57:27,450 Pruning 1024 in layer 7
2024-10-13 13:57:35,742 Gathering metrics
2024-10-13 13:58:53,696 {'acc1': 0.8193069306930693, 'acc5': 0.9591584158415841, 'loss': 81.63586056232452, 'macs': 55764211176, 'params': 284393960, 'model_size': 1084.8768615722656, 'inference_time': 0}
2024-10-13 13:58:53,728 Pruning 1280 in layer 7
2024-10-13 13:59:00,666 Gathering metrics
2024-10-13 14:00:19,291 {'acc1': 0.8193069306930693, 'acc5': 0.9591584158415841, 'loss': 81.91794261336327, 'macs': 55660876008, 'params': 283869416, 'model_size': 1082.8758850097656, 'inference_time': 0}
2024-10-13 14:00:19,326 Pruning 1536 in layer 7
2024-10-13 14:00:25,483 Gathering metrics
2024-10-13 14:01:42,634 {'acc1': 0.8183787128712872, 'acc5': 0.9591584158415841, 'loss': 82.19359420984983, 'macs': 55557540840, 'params': 283344872, 'model_size': 1080.8749084472656, 'inference_time': 0}
2024-10-13 14:01:42,661 Pruning 256 in layer 8
2024-10-13 14:01:55,941 Gathering metrics
2024-10-13 14:03:13,980 {'acc1': 0.8186881188118812, 'acc5': 0.9591584158415841, 'loss': 82.17588976025581, 'macs': 55557540840, 'params': 283344872, 'model_size': 1080.8749084472656, 'inference_time': 0}
2024-10-13 14:03:14,009 Pruning 512 in layer 8
2024-10-13 14:03:25,914 Gathering metrics
2024-10-13 14:04:42,958 {'acc1': 0.818069306930693, 'acc5': 0.958230198019802, 'loss': 82.64338205009699, 'macs': 55454205672, 'params': 282820328, 'model_size': 1078.8739318847656, 'inference_time': 0}
2024-10-13 14:04:42,986 Pruning 768 in layer 8
2024-10-13 14:04:52,680 Gathering metrics
2024-10-13 14:06:10,176 {'acc1': 0.8196163366336634, 'acc5': 0.9573019801980198, 'loss': 83.02183022350073, 'macs': 55350870504, 'params': 282295784, 'model_size': 1076.8729553222656, 'inference_time': 0}
2024-10-13 14:06:10,204 Pruning 1024 in layer 8
2024-10-13 14:06:18,420 Gathering metrics
2024-10-13 14:07:35,150 {'acc1': 0.8186881188118812, 'acc5': 0.9579207920792079, 'loss': 83.2228137999773, 'macs': 55247535336, 'params': 281771240, 'model_size': 1074.8719787597656, 'inference_time': 0}
2024-10-13 14:07:35,274 Pruning 1280 in layer 8
2024-10-13 14:07:42,170 Gathering metrics
2024-10-13 14:08:58,931 {'acc1': 0.818069306930693, 'acc5': 0.9569925742574258, 'loss': 83.75332652032375, 'macs': 55144200168, 'params': 281246696, 'model_size': 1072.8710021972656, 'inference_time': 0}
2024-10-13 14:08:58,959 Pruning 1536 in layer 8
2024-10-13 14:09:04,805 Gathering metrics
2024-10-13 14:10:21,738 {'acc1': 0.8162128712871287, 'acc5': 0.9563737623762376, 'loss': 84.04633878171444, 'macs': 55040865000, 'params': 280722152, 'model_size': 1070.8700256347656, 'inference_time': 0}
2024-10-13 14:10:21,766 Pruning 1792 in layer 8
2024-10-13 14:10:26,405 Gathering metrics
2024-10-13 14:11:42,994 {'acc1': 0.8165222772277227, 'acc5': 0.9563737623762376, 'loss': 84.16805718839169, 'macs': 54937529832, 'params': 280197608, 'model_size': 1068.8690490722656, 'inference_time': 0}
2024-10-13 14:11:43,022 Pruning 2048 in layer 8
2024-10-13 14:11:46,822 Gathering metrics
2024-10-13 14:13:07,108 {'acc1': 0.8143564356435643, 'acc5': 0.9563737623762376, 'loss': 84.63916479051113, 'macs': 54834194664, 'params': 279673064, 'model_size': 1066.8680725097656, 'inference_time': 0}
2024-10-13 14:13:07,138 Pruning 256 in layer 9
2024-10-13 14:13:20,398 Gathering metrics
2024-10-13 14:14:38,385 {'acc1': 0.8168316831683168, 'acc5': 0.9566831683168316, 'loss': 84.07832316309214, 'macs': 54834194664, 'params': 279673064, 'model_size': 1066.8680725097656, 'inference_time': 0}
2024-10-13 14:14:38,413 Pruning 512 in layer 9
2024-10-13 14:14:50,356 Gathering metrics
2024-10-13 14:16:08,398 {'acc1': 0.8171410891089109, 'acc5': 0.9566831683168316, 'loss': 83.81083326041698, 'macs': 54730859496, 'params': 279148520, 'model_size': 1064.8670959472656, 'inference_time': 0}
2024-10-13 14:16:08,428 Pruning 768 in layer 9
2024-10-13 14:16:18,142 Gathering metrics
2024-10-13 14:17:35,947 {'acc1': 0.8165222772277227, 'acc5': 0.9579207920792079, 'loss': 83.71709415316582, 'macs': 54627524328, 'params': 278623976, 'model_size': 1062.8661193847656, 'inference_time': 0}
2024-10-13 14:17:35,975 Pruning 1024 in layer 9
2024-10-13 14:17:44,244 Gathering metrics
2024-10-13 14:19:02,030 {'acc1': 0.8159034653465347, 'acc5': 0.9579207920792079, 'loss': 83.6752606779337, 'macs': 54524189160, 'params': 278099432, 'model_size': 1060.8651428222656, 'inference_time': 0}
2024-10-13 14:19:02,059 Pruning 1280 in layer 9
2024-10-13 14:19:08,950 Gathering metrics
2024-10-13 14:20:26,260 {'acc1': 0.8152846534653465, 'acc5': 0.9576113861386139, 'loss': 83.83199968189001, 'macs': 54420853992, 'params': 277574888, 'model_size': 1058.8641662597656, 'inference_time': 0}
2024-10-13 14:20:26,289 Pruning 1536 in layer 9
2024-10-13 14:20:32,121 Gathering metrics
2024-10-13 14:21:50,633 {'acc1': 0.8155940594059405, 'acc5': 0.9563737623762376, 'loss': 83.9114067107439, 'macs': 54317518824, 'params': 277050344, 'model_size': 1056.8631896972656, 'inference_time': 0}
2024-10-13 14:21:50,661 Pruning 1792 in layer 9
2024-10-13 14:21:55,330 Gathering metrics
2024-10-13 14:23:13,349 {'acc1': 0.812190594059406, 'acc5': 0.9563737623762376, 'loss': 84.09224474430084, 'macs': 54214183656, 'params': 276525800, 'model_size': 1054.8622131347656, 'inference_time': 0}
2024-10-13 14:23:13,380 Pruning 256 in layer 10
2024-10-13 14:23:26,614 Gathering metrics
2024-10-13 14:24:44,755 {'acc1': 0.8162128712871287, 'acc5': 0.9557549504950495, 'loss': 83.86959940195084, 'macs': 54214183656, 'params': 276525800, 'model_size': 1054.8622131347656, 'inference_time': 0}
2024-10-13 14:24:44,783 Pruning 512 in layer 10
2024-10-13 14:24:56,692 Gathering metrics
2024-10-13 14:26:13,567 {'acc1': 0.8168316831683168, 'acc5': 0.9563737623762376, 'loss': 83.86395030468702, 'macs': 54110848488, 'params': 276001256, 'model_size': 1052.8612365722656, 'inference_time': 0}
2024-10-13 14:26:13,696 Pruning 768 in layer 10
2024-10-13 14:26:23,315 Gathering metrics
2024-10-13 14:27:40,339 {'acc1': 0.8165222772277227, 'acc5': 0.9579207920792079, 'loss': 83.89016658067703, 'macs': 54007513320, 'params': 275476712, 'model_size': 1050.8602600097656, 'inference_time': 0}
2024-10-13 14:27:40,370 Pruning 1024 in layer 10
2024-10-13 14:27:48,597 Gathering metrics
2024-10-13 14:29:05,312 {'acc1': 0.8171410891089109, 'acc5': 0.9579207920792079, 'loss': 83.98417761176825, 'macs': 53904178152, 'params': 274952168, 'model_size': 1048.8592834472656, 'inference_time': 0}
2024-10-13 14:29:05,339 Pruning 1280 in layer 10
2024-10-13 14:29:12,224 Gathering metrics
2024-10-13 14:30:29,053 {'acc1': 0.8165222772277227, 'acc5': 0.9566831683168316, 'loss': 84.11640903353691, 'macs': 53800842984, 'params': 274427624, 'model_size': 1046.8583068847656, 'inference_time': 0}
2024-10-13 14:30:29,084 Pruning 1536 in layer 10
2024-10-13 14:30:34,951 Gathering metrics
2024-10-13 14:31:50,990 {'acc1': 0.8171410891089109, 'acc5': 0.9557549504950495, 'loss': 84.21407858282328, 'macs': 53697507816, 'params': 273903080, 'model_size': 1044.8573303222656, 'inference_time': 0}
2024-10-13 14:31:51,019 Pruning 1792 in layer 10
2024-10-13 14:31:55,660 Gathering metrics
2024-10-13 14:33:12,344 {'acc1': 0.8162128712871287, 'acc5': 0.9557549504950495, 'loss': 84.40116383135319, 'macs': 53594172648, 'params': 273378536, 'model_size': 1042.8563537597656, 'inference_time': 0}
2024-10-13 14:33:12,372 Pruning 2048 in layer 10
2024-10-13 14:33:16,165 Gathering metrics
2024-10-13 14:34:31,941 {'acc1': 0.8143564356435643, 'acc5': 0.9554455445544554, 'loss': 84.42975186556578, 'macs': 53490837480, 'params': 272853992, 'model_size': 1040.8553771972656, 'inference_time': 0}
2024-10-13 14:34:31,972 Pruning 2304 in layer 10
2024-10-13 14:34:35,026 Gathering metrics
2024-10-13 14:35:51,466 {'acc1': 0.8146658415841584, 'acc5': 0.9554455445544554, 'loss': 84.41473165899515, 'macs': 53387502312, 'params': 272329448, 'model_size': 1038.8544006347656, 'inference_time': 0}
2024-10-13 14:35:51,494 Pruning 2560 in layer 10
2024-10-13 14:35:53,739 Gathering metrics
2024-10-13 14:37:10,099 {'acc1': 0.8152846534653465, 'acc5': 0.9560643564356436, 'loss': 84.44324054569006, 'macs': 53284167144, 'params': 271804904, 'model_size': 1036.8534240722656, 'inference_time': 0}
2024-10-13 14:37:10,129 Pruning 2816 in layer 10
2024-10-13 14:37:11,924 Gathering metrics
2024-10-13 14:38:28,629 {'acc1': 0.8152846534653465, 'acc5': 0.9563737623762376, 'loss': 84.3167636692524, 'macs': 53180831976, 'params': 271280360, 'model_size': 1034.8524475097656, 'inference_time': 0}
2024-10-13 14:38:28,657 Pruning 3072 in layer 10
2024-10-13 14:38:29,987 Gathering metrics
2024-10-13 14:39:46,458 {'acc1': 0.8155940594059405, 'acc5': 0.9566831683168316, 'loss': 84.54006453603506, 'macs': 53077496808, 'params': 270755816, 'model_size': 1032.8514709472656, 'inference_time': 0}
2024-10-13 14:39:46,484 Pruning 3328 in layer 10
2024-10-13 14:39:47,510 Gathering metrics
2024-10-13 14:41:02,777 {'acc1': 0.8152846534653465, 'acc5': 0.9557549504950495, 'loss': 84.56629749387503, 'macs': 52974161640, 'params': 270231272, 'model_size': 1030.8504943847656, 'inference_time': 0}
2024-10-13 14:41:02,807 Pruning 3584 in layer 10
2024-10-13 14:41:03,581 Gathering metrics
2024-10-13 14:42:19,678 {'acc1': 0.8165222772277227, 'acc5': 0.9542079207920792, 'loss': 84.6308729276061, 'macs': 52870826472, 'params': 269706728, 'model_size': 1028.8495178222656, 'inference_time': 0}
2024-10-13 14:42:19,708 Pruning 3840 in layer 10
2024-10-13 14:42:20,284 Gathering metrics
2024-10-13 14:43:35,363 {'acc1': 0.8165222772277227, 'acc5': 0.9532797029702971, 'loss': 84.73236939311028, 'macs': 52767491304, 'params': 269182184, 'model_size': 1026.8485412597656, 'inference_time': 0}
2024-10-13 14:43:35,391 Pruning 256 in layer 11
2024-10-13 14:43:48,747 Gathering metrics
2024-10-13 14:45:05,189 {'acc1': 0.8171410891089109, 'acc5': 0.9551361386138614, 'loss': 84.85824127495289, 'macs': 52767491304, 'params': 269182184, 'model_size': 1026.8485412597656, 'inference_time': 0}
2024-10-13 14:45:05,318 Pruning 512 in layer 11
2024-10-13 14:45:17,296 Gathering metrics
2024-10-13 14:46:31,835 {'acc1': 0.8162128712871287, 'acc5': 0.9542079207920792, 'loss': 84.99850197136402, 'macs': 52664156136, 'params': 268657640, 'model_size': 1024.8475646972656, 'inference_time': 0}
2024-10-13 14:46:31,870 Pruning 768 in layer 11
2024-10-13 14:46:41,813 Gathering metrics
2024-10-13 14:47:56,746 {'acc1': 0.8155940594059405, 'acc5': 0.9535891089108911, 'loss': 85.23586017638445, 'macs': 52560820968, 'params': 268133096, 'model_size': 1022.8465881347656, 'inference_time': 0}
2024-10-13 14:47:56,776 Pruning 1024 in layer 11
2024-10-13 14:48:05,081 Gathering metrics
2024-10-13 14:49:22,147 {'acc1': 0.8143564356435643, 'acc5': 0.9523514851485149, 'loss': 85.40726339071989, 'macs': 52457485800, 'params': 267608552, 'model_size': 1020.8456115722656, 'inference_time': 0}
2024-10-13 14:49:22,177 Pruning 1280 in layer 11
2024-10-13 14:49:29,133 Gathering metrics
2024-10-13 14:50:44,543 {'acc1': 0.8146658415841584, 'acc5': 0.9529702970297029, 'loss': 85.64199816435575, 'macs': 52354150632, 'params': 267084008, 'model_size': 1018.8446350097656, 'inference_time': 0}
2024-10-13 14:50:44,573 Pruning 1536 in layer 11
2024-10-13 14:50:50,457 Gathering metrics
2024-10-13 14:52:05,835 {'acc1': 0.8143564356435643, 'acc5': 0.9520420792079208, 'loss': 85.91847329586744, 'macs': 52250815464, 'params': 266559464, 'model_size': 1016.8436584472656, 'inference_time': 0}
2024-10-13 14:52:05,865 Pruning 1792 in layer 11
2024-10-13 14:52:10,550 Gathering metrics
2024-10-13 14:53:25,557 {'acc1': 0.8140470297029703, 'acc5': 0.9532797029702971, 'loss': 86.15875110775232, 'macs': 52147480296, 'params': 266034920, 'model_size': 1014.8426818847656, 'inference_time': 0}
2024-10-13 14:53:25,587 Pruning 2048 in layer 11
2024-10-13 14:53:29,418 Gathering metrics
2024-10-13 14:54:44,410 {'acc1': 0.8146658415841584, 'acc5': 0.9523514851485149, 'loss': 86.4747698456049, 'macs': 52044145128, 'params': 265510376, 'model_size': 1012.8417053222656, 'inference_time': 0}
2024-10-13 14:54:44,438 Pruning 2304 in layer 11
2024-10-13 14:54:47,496 Gathering metrics
2024-10-13 14:56:02,489 {'acc1': 0.8137376237623762, 'acc5': 0.9514232673267327, 'loss': 86.75318715721369, 'macs': 51940809960, 'params': 264985832, 'model_size': 1010.8407287597656, 'inference_time': 0}
2024-10-13 14:56:02,516 Pruning 2560 in layer 11
2024-10-13 14:56:04,798 Gathering metrics
2024-10-13 14:57:18,536 {'acc1': 0.8134282178217822, 'acc5': 0.9517326732673267, 'loss': 87.06393215805292, 'macs': 51837474792, 'params': 264461288, 'model_size': 1008.8397521972656, 'inference_time': 0}
2024-10-13 14:57:18,567 Pruning 2816 in layer 11
2024-10-13 14:57:20,354 Gathering metrics
2024-10-13 14:58:34,868 {'acc1': 0.8115717821782178, 'acc5': 0.9514232673267327, 'loss': 87.23218324780464, 'macs': 51734139624, 'params': 263936744, 'model_size': 1006.8387756347656, 'inference_time': 0}
2024-10-13 14:58:34,899 Pruning 256 in layer 12
2024-10-13 14:58:48,228 Gathering metrics
2024-10-13 15:00:04,401 {'acc1': 0.8125, 'acc5': 0.9517326732673267, 'loss': 87.1196514442563, 'macs': 51734139624, 'params': 263936744, 'model_size': 1006.8387756347656, 'inference_time': 0}
2024-10-13 15:00:04,433 Pruning 512 in layer 12
2024-10-13 15:00:16,410 Gathering metrics
2024-10-13 15:01:31,526 {'acc1': 0.8125, 'acc5': 0.9520420792079208, 'loss': 87.24639634042978, 'macs': 51630804456, 'params': 263412200, 'model_size': 1004.8377990722656, 'inference_time': 0}
2024-10-13 15:01:31,557 Pruning 768 in layer 12
2024-10-13 15:01:41,257 Gathering metrics
2024-10-13 15:02:56,033 {'acc1': 0.8131188118811881, 'acc5': 0.9508044554455446, 'loss': 87.23606935143471, 'macs': 51527469288, 'params': 262887656, 'model_size': 1002.8368225097656, 'inference_time': 0}
2024-10-13 15:02:56,061 Pruning 1024 in layer 12
2024-10-13 15:03:04,329 Gathering metrics
2024-10-13 15:04:19,274 {'acc1': 0.8112623762376238, 'acc5': 0.9517326732673267, 'loss': 87.17956145852804, 'macs': 51424134120, 'params': 262363112, 'model_size': 1000.8358459472656, 'inference_time': 0}
2024-10-13 15:04:19,403 Pruning 1280 in layer 12
2024-10-13 15:04:26,305 Gathering metrics
2024-10-13 15:05:41,172 {'acc1': 0.8137376237623762, 'acc5': 0.9517326732673267, 'loss': 87.22442752122879, 'macs': 51320798952, 'params': 261838568, 'model_size': 998.8348693847656, 'inference_time': 0}
2024-10-13 15:05:41,202 Pruning 1536 in layer 12
2024-10-13 15:05:47,085 Gathering metrics
2024-10-13 15:07:01,631 {'acc1': 0.812809405940594, 'acc5': 0.9504950495049505, 'loss': 87.29945348203182, 'macs': 51217463784, 'params': 261314024, 'model_size': 996.8338928222656, 'inference_time': 0}
2024-10-13 15:07:01,658 Pruning 1792 in layer 12
2024-10-13 15:07:06,343 Gathering metrics
2024-10-13 15:08:20,926 {'acc1': 0.812809405940594, 'acc5': 0.9495668316831684, 'loss': 87.3788850530982, 'macs': 51114128616, 'params': 260789480, 'model_size': 994.8329162597656, 'inference_time': 0}
2024-10-13 15:08:20,957 Pruning 2048 in layer 12
2024-10-13 15:08:24,758 Gathering metrics
2024-10-13 15:09:38,982 {'acc1': 0.8134282178217822, 'acc5': 0.9498762376237624, 'loss': 87.18962735682726, 'macs': 51010793448, 'params': 260264936, 'model_size': 992.8319396972656, 'inference_time': 0}
2024-10-13 15:09:39,011 Pruning 2304 in layer 12
2024-10-13 15:09:42,076 Gathering metrics
2024-10-13 15:10:56,465 {'acc1': 0.8115717821782178, 'acc5': 0.9508044554455446, 'loss': 87.35123737156391, 'macs': 50907458280, 'params': 259740392, 'model_size': 990.8309631347656, 'inference_time': 0}
2024-10-13 15:10:56,497 Pruning 2560 in layer 12
2024-10-13 15:10:58,745 Gathering metrics
2024-10-13 15:12:11,930 {'acc1': 0.8140470297029703, 'acc5': 0.9498762376237624, 'loss': 87.44412835687399, 'macs': 50804123112, 'params': 259215848, 'model_size': 988.8299865722656, 'inference_time': 0}
2024-10-13 15:12:11,960 Pruning 2816 in layer 12
2024-10-13 15:12:13,736 Gathering metrics
2024-10-13 15:13:25,883 {'acc1': 0.8131188118811881, 'acc5': 0.9501856435643564, 'loss': 87.56420323252678, 'macs': 50700787944, 'params': 258691304, 'model_size': 986.8290100097656, 'inference_time': 0}
2024-10-13 15:13:25,912 Pruning 3072 in layer 12
2024-10-13 15:13:27,235 Gathering metrics
2024-10-13 15:14:39,409 {'acc1': 0.8118811881188119, 'acc5': 0.9517326732673267, 'loss': 87.5728585794568, 'macs': 50597452776, 'params': 258166760, 'model_size': 984.8280334472656, 'inference_time': 0}
2024-10-13 15:14:39,441 Pruning 3328 in layer 12
2024-10-13 15:14:40,444 Gathering metrics
2024-10-13 15:15:52,697 {'acc1': 0.8125, 'acc5': 0.9498762376237624, 'loss': 87.72012813389301, 'macs': 50494117608, 'params': 257642216, 'model_size': 982.8270568847656, 'inference_time': 0}
2024-10-13 15:15:52,727 Pruning 3584 in layer 12
2024-10-13 15:15:53,512 Gathering metrics
2024-10-13 15:17:05,601 {'acc1': 0.8103341584158416, 'acc5': 0.9511138613861386, 'loss': 87.96825435757637, 'macs': 50390782440, 'params': 257117672, 'model_size': 980.8260803222656, 'inference_time': 0}
2024-10-13 15:17:05,631 Pruning 3840 in layer 12
2024-10-13 15:17:06,223 Gathering metrics
2024-10-13 15:18:20,152 {'acc1': 0.8131188118811881, 'acc5': 0.9520420792079208, 'loss': 88.04873725771904, 'macs': 50287447272, 'params': 256593128, 'model_size': 978.8251037597656, 'inference_time': 0}
2024-10-13 15:18:20,181 Pruning 256 in layer 13
2024-10-13 15:18:33,474 Gathering metrics
2024-10-13 15:19:47,238 {'acc1': 0.8103341584158416, 'acc5': 0.9517326732673267, 'loss': 87.8622915148735, 'macs': 50287447272, 'params': 256593128, 'model_size': 978.8251037597656, 'inference_time': 0}
2024-10-13 15:19:47,267 Pruning 512 in layer 13
2024-10-13 15:19:59,197 Gathering metrics
2024-10-13 15:21:13,036 {'acc1': 0.8106435643564357, 'acc5': 0.9520420792079208, 'loss': 87.89928297698498, 'macs': 50184112104, 'params': 256068584, 'model_size': 976.8241271972656, 'inference_time': 0}
2024-10-13 15:21:13,069 Pruning 768 in layer 13
2024-10-13 15:21:23,155 Gathering metrics
2024-10-13 15:22:35,182 {'acc1': 0.8081683168316832, 'acc5': 0.9501856435643564, 'loss': 88.00066893547773, 'macs': 50080776936, 'params': 255544040, 'model_size': 974.8231506347656, 'inference_time': 0}
2024-10-13 15:22:35,314 Pruning 1024 in layer 13
2024-10-13 15:22:43,535 Gathering metrics
2024-10-13 15:23:55,449 {'acc1': 0.807549504950495, 'acc5': 0.9495668316831684, 'loss': 87.98330975323915, 'macs': 49977441768, 'params': 255019496, 'model_size': 972.8221740722656, 'inference_time': 0}
2024-10-13 15:23:55,479 Pruning 1280 in layer 13
2024-10-13 15:24:02,394 Gathering metrics
2024-10-13 15:25:14,388 {'acc1': 0.807240099009901, 'acc5': 0.9495668316831684, 'loss': 88.00941932946444, 'macs': 49874106600, 'params': 254494952, 'model_size': 970.8211975097656, 'inference_time': 0}
2024-10-13 15:25:14,418 Pruning 1536 in layer 13
2024-10-13 15:25:20,279 Gathering metrics
2024-10-13 15:26:32,904 {'acc1': 0.8078589108910891, 'acc5': 0.9511138613861386, 'loss': 88.17408685386181, 'macs': 49770771432, 'params': 253970408, 'model_size': 968.8202209472656, 'inference_time': 0}
2024-10-13 15:26:32,934 Pruning 1792 in layer 13
2024-10-13 15:26:37,582 Gathering metrics
2024-10-13 15:27:49,661 {'acc1': 0.8063118811881188, 'acc5': 0.9520420792079208, 'loss': 88.03265564888716, 'macs': 49667436264, 'params': 253445864, 'model_size': 966.8192443847656, 'inference_time': 0}
2024-10-13 15:27:49,693 Pruning 256 in layer 14
2024-10-13 15:28:03,027 Gathering metrics
2024-10-13 15:29:14,848 {'acc1': 0.806930693069307, 'acc5': 0.9523514851485149, 'loss': 88.15949265658855, 'macs': 49667436264, 'params': 253445864, 'model_size': 966.8192443847656, 'inference_time': 0}
2024-10-13 15:29:14,876 Pruning 512 in layer 14
2024-10-13 15:29:26,792 Gathering metrics
2024-10-13 15:30:38,646 {'acc1': 0.806930693069307, 'acc5': 0.9517326732673267, 'loss': 88.33426839858294, 'macs': 49564101096, 'params': 252921320, 'model_size': 964.8182678222656, 'inference_time': 0}
2024-10-13 15:30:38,674 Pruning 768 in layer 14
2024-10-13 15:30:48,315 Gathering metrics
2024-10-13 15:31:59,570 {'acc1': 0.8078589108910891, 'acc5': 0.9508044554455446, 'loss': 88.29489401727915, 'macs': 49460765928, 'params': 252396776, 'model_size': 962.8172912597656, 'inference_time': 0}
2024-10-13 15:31:59,598 Pruning 1024 in layer 14
2024-10-13 15:32:07,908 Gathering metrics
2024-10-13 15:33:19,447 {'acc1': 0.8078589108910891, 'acc5': 0.9504950495049505, 'loss': 88.26162840425968, 'macs': 49357430760, 'params': 251872232, 'model_size': 960.8163146972656, 'inference_time': 0}
2024-10-13 15:33:19,478 Pruning 1280 in layer 14
2024-10-13 15:33:26,362 Gathering metrics
2024-10-13 15:34:37,541 {'acc1': 0.8063118811881188, 'acc5': 0.9517326732673267, 'loss': 88.10130501538515, 'macs': 49254095592, 'params': 251347688, 'model_size': 958.8153381347656, 'inference_time': 0}
2024-10-13 15:34:37,567 Pruning 1536 in layer 14
2024-10-13 15:34:43,404 Gathering metrics
2024-10-13 15:35:54,217 {'acc1': 0.807549504950495, 'acc5': 0.9501856435643564, 'loss': 88.0029785707593, 'macs': 49150760424, 'params': 250823144, 'model_size': 956.8143615722656, 'inference_time': 0}
2024-10-13 15:35:54,247 Pruning 1792 in layer 14
2024-10-13 15:35:58,853 Gathering metrics
2024-10-13 15:37:09,434 {'acc1': 0.8084777227722773, 'acc5': 0.9514232673267327, 'loss': 87.9391426667571, 'macs': 49047425256, 'params': 250298600, 'model_size': 954.8133850097656, 'inference_time': 0}
2024-10-13 15:37:09,464 Pruning 2048 in layer 14
2024-10-13 15:37:13,266 Gathering metrics
2024-10-13 15:38:24,175 {'acc1': 0.8078589108910891, 'acc5': 0.9514232673267327, 'loss': 87.7762556746602, 'macs': 48944090088, 'params': 249774056, 'model_size': 952.8124084472656, 'inference_time': 0}
2024-10-13 15:38:24,203 Pruning 2304 in layer 14
2024-10-13 15:38:27,220 Gathering metrics
2024-10-13 15:39:37,556 {'acc1': 0.807240099009901, 'acc5': 0.9501856435643564, 'loss': 88.00444074720144, 'macs': 48840754920, 'params': 249249512, 'model_size': 950.8114318847656, 'inference_time': 0}
2024-10-13 15:39:37,585 Pruning 2560 in layer 14
2024-10-13 15:39:39,848 Gathering metrics
2024-10-13 15:40:50,393 {'acc1': 0.8063118811881188, 'acc5': 0.9498762376237624, 'loss': 88.03401585668325, 'macs': 48737419752, 'params': 248724968, 'model_size': 948.8104553222656, 'inference_time': 0}
2024-10-13 15:40:50,522 Pruning 2816 in layer 14
2024-10-13 15:40:52,294 Gathering metrics
2024-10-13 15:42:02,376 {'acc1': 0.8035272277227723, 'acc5': 0.9495668316831684, 'loss': 88.30702330172062, 'macs': 48634084584, 'params': 248200424, 'model_size': 946.8094787597656, 'inference_time': 0}
2024-10-13 15:42:02,406 Pruning 256 in layer 15
2024-10-13 15:42:15,725 Gathering metrics
2024-10-13 15:43:26,536 {'acc1': 0.8060024752475248, 'acc5': 0.9498762376237624, 'loss': 88.0153219178319, 'macs': 48634084584, 'params': 248200424, 'model_size': 946.8094787597656, 'inference_time': 0}
2024-10-13 15:43:26,568 Pruning 512 in layer 15
2024-10-13 15:43:38,526 Gathering metrics
2024-10-13 15:44:48,964 {'acc1': 0.8053836633663366, 'acc5': 0.9498762376237624, 'loss': 87.91449821740389, 'macs': 48530749416, 'params': 247675880, 'model_size': 944.8085021972656, 'inference_time': 0}
2024-10-13 15:44:48,993 Pruning 768 in layer 15
2024-10-13 15:44:58,674 Gathering metrics
2024-10-13 15:46:08,873 {'acc1': 0.8060024752475248, 'acc5': 0.9501856435643564, 'loss': 88.01630844920874, 'macs': 48427414248, 'params': 247151336, 'model_size': 942.8075256347656, 'inference_time': 0}
2024-10-13 15:46:08,904 Pruning 1024 in layer 15
2024-10-13 15:46:17,172 Gathering metrics
2024-10-13 15:47:27,594 {'acc1': 0.8038366336633663, 'acc5': 0.9495668316831684, 'loss': 87.98669715970755, 'macs': 48324079080, 'params': 246626792, 'model_size': 940.8065490722656, 'inference_time': 0}
2024-10-13 15:47:27,624 Pruning 1280 in layer 15
2024-10-13 15:47:34,528 Gathering metrics
2024-10-13 15:48:44,788 {'acc1': 0.8050742574257426, 'acc5': 0.9495668316831684, 'loss': 87.92468933016062, 'macs': 48220743912, 'params': 246102248, 'model_size': 938.8055725097656, 'inference_time': 0}
2024-10-13 15:48:44,817 Pruning 1536 in layer 15
2024-10-13 15:48:50,696 Gathering metrics
2024-10-13 15:50:00,359 {'acc1': 0.8041460396039604, 'acc5': 0.9498762376237624, 'loss': 87.71524645388126, 'macs': 48117408744, 'params': 245577704, 'model_size': 936.8045959472656, 'inference_time': 0}
2024-10-13 15:50:00,391 Pruning 1792 in layer 15
2024-10-13 15:50:05,036 Gathering metrics
2024-10-13 15:51:14,562 {'acc1': 0.8041460396039604, 'acc5': 0.9501856435643564, 'loss': 87.73691779375076, 'macs': 48014073576, 'params': 245053160, 'model_size': 934.8036193847656, 'inference_time': 0}
2024-10-13 15:51:14,591 Pruning 2048 in layer 15
2024-10-13 15:51:18,417 Gathering metrics
2024-10-13 15:52:28,205 {'acc1': 0.8038366336633663, 'acc5': 0.9498762376237624, 'loss': 87.41604096442461, 'macs': 47910738408, 'params': 244528616, 'model_size': 932.8026428222656, 'inference_time': 0}
2024-10-13 15:52:28,234 Pruning 2304 in layer 15
2024-10-13 15:52:31,300 Gathering metrics
2024-10-13 15:53:41,273 {'acc1': 0.8029084158415841, 'acc5': 0.9511138613861386, 'loss': 87.46167988330126, 'macs': 47807403240, 'params': 244004072, 'model_size': 930.8016662597656, 'inference_time': 0}
2024-10-13 15:53:41,302 Pruning 2560 in layer 15
2024-10-13 15:53:43,571 Gathering metrics
2024-10-13 15:54:52,928 {'acc1': 0.8047648514851485, 'acc5': 0.9508044554455446, 'loss': 87.11129216849804, 'macs': 47704068072, 'params': 243479528, 'model_size': 928.8006896972656, 'inference_time': 0}
2024-10-13 15:54:52,958 Pruning 2816 in layer 15
2024-10-13 15:54:54,734 Gathering metrics
2024-10-13 15:56:04,174 {'acc1': 0.8013613861386139, 'acc5': 0.9508044554455446, 'loss': 87.11184445768595, 'macs': 47600732904, 'params': 242954984, 'model_size': 926.7997131347656, 'inference_time': 0}
2024-10-13 15:56:04,204 Pruning 256 in layer 16
2024-10-13 15:56:17,542 Gathering metrics
2024-10-13 15:57:27,315 {'acc1': 0.8047648514851485, 'acc5': 0.9523514851485149, 'loss': 87.19014297425747, 'macs': 47600732904, 'params': 242954984, 'model_size': 926.7997131347656, 'inference_time': 0}
2024-10-13 15:57:27,444 Pruning 512 in layer 16
2024-10-13 15:57:39,344 Gathering metrics
2024-10-13 15:58:48,983 {'acc1': 0.8053836633663366, 'acc5': 0.9511138613861386, 'loss': 87.08290598541498, 'macs': 47497397736, 'params': 242430440, 'model_size': 924.7987365722656, 'inference_time': 0}
2024-10-13 15:58:49,013 Pruning 768 in layer 16
2024-10-13 15:58:58,657 Gathering metrics
2024-10-13 16:00:09,152 {'acc1': 0.8053836633663366, 'acc5': 0.9511138613861386, 'loss': 86.9264999628067, 'macs': 47394062568, 'params': 241905896, 'model_size': 922.7977600097656, 'inference_time': 0}
2024-10-13 16:00:09,185 Pruning 1024 in layer 16
2024-10-13 16:00:17,726 Gathering metrics
2024-10-13 16:01:27,264 {'acc1': 0.8060024752475248, 'acc5': 0.9501856435643564, 'loss': 86.84648656845093, 'macs': 47290727400, 'params': 241381352, 'model_size': 920.7967834472656, 'inference_time': 0}
2024-10-13 16:01:27,293 Pruning 1280 in layer 16
2024-10-13 16:01:34,266 Gathering metrics
2024-10-13 16:02:43,902 {'acc1': 0.8050742574257426, 'acc5': 0.9514232673267327, 'loss': 86.82669391483068, 'macs': 47187392232, 'params': 240856808, 'model_size': 918.7958068847656, 'inference_time': 0}
2024-10-13 16:02:43,939 Pruning 1536 in layer 16
2024-10-13 16:02:50,134 Gathering metrics
2024-10-13 16:03:59,045 {'acc1': 0.8053836633663366, 'acc5': 0.9501856435643564, 'loss': 87.06470673531294, 'macs': 47084057064, 'params': 240332264, 'model_size': 916.7948303222656, 'inference_time': 0}
2024-10-13 16:03:59,074 Pruning 1792 in layer 16
2024-10-13 16:04:03,726 Gathering metrics
2024-10-13 16:05:12,768 {'acc1': 0.8035272277227723, 'acc5': 0.9508044554455446, 'loss': 87.06272125989199, 'macs': 46980721896, 'params': 239807720, 'model_size': 914.7938537597656, 'inference_time': 0}
2024-10-13 16:05:12,803 Pruning 2048 in layer 16
2024-10-13 16:05:16,881 Gathering metrics
2024-10-13 16:06:25,741 {'acc1': 0.8035272277227723, 'acc5': 0.9508044554455446, 'loss': 87.05848274379969, 'macs': 46877386728, 'params': 239283176, 'model_size': 912.7928771972656, 'inference_time': 0}
2024-10-13 16:06:25,767 Pruning 2304 in layer 16
2024-10-13 16:06:28,811 Gathering metrics
2024-10-13 16:07:37,807 {'acc1': 0.8038366336633663, 'acc5': 0.9492574257425742, 'loss': 86.97289802879095, 'macs': 46774051560, 'params': 238758632, 'model_size': 910.7919006347656, 'inference_time': 0}
2024-10-13 16:07:37,837 Pruning 2560 in layer 16
2024-10-13 16:07:40,109 Gathering metrics
2024-10-13 16:08:48,577 {'acc1': 0.8025990099009901, 'acc5': 0.9498762376237624, 'loss': 87.06728091835976, 'macs': 46670716392, 'params': 238234088, 'model_size': 908.7909240722656, 'inference_time': 0}
2024-10-13 16:08:48,605 Pruning 2816 in layer 16
2024-10-13 16:08:50,351 Gathering metrics
2024-10-13 16:09:58,637 {'acc1': 0.8022896039603961, 'acc5': 0.9508044554455446, 'loss': 87.19395553320646, 'macs': 46567381224, 'params': 237709544, 'model_size': 906.7899475097656, 'inference_time': 0}
2024-10-13 16:09:58,668 Pruning 3072 in layer 16
2024-10-13 16:10:00,006 Gathering metrics
2024-10-13 16:11:08,163 {'acc1': 0.8004331683168316, 'acc5': 0.9501856435643564, 'loss': 87.44366119801998, 'macs': 46464046056, 'params': 237185000, 'model_size': 904.7889709472656, 'inference_time': 0}
2024-10-13 16:11:08,193 Pruning 256 in layer 17
2024-10-13 16:11:21,520 Gathering metrics
2024-10-13 16:12:30,299 {'acc1': 0.801980198019802, 'acc5': 0.9504950495049505, 'loss': 87.29946927726269, 'macs': 46464046056, 'params': 237185000, 'model_size': 904.7889709472656, 'inference_time': 0}
2024-10-13 16:12:30,329 Pruning 512 in layer 17
2024-10-13 16:12:42,306 Gathering metrics
2024-10-13 16:13:51,164 {'acc1': 0.8010519801980198, 'acc5': 0.9511138613861386, 'loss': 87.24170954525471, 'macs': 46360710888, 'params': 236660456, 'model_size': 902.7879943847656, 'inference_time': 0}
2024-10-13 16:13:51,195 Pruning 768 in layer 17
2024-10-13 16:14:00,900 Gathering metrics
2024-10-13 16:15:09,447 {'acc1': 0.8025990099009901, 'acc5': 0.9508044554455446, 'loss': 87.2843134328723, 'macs': 46257375720, 'params': 236135912, 'model_size': 900.7870178222656, 'inference_time': 0}
2024-10-13 16:15:09,577 Pruning 1024 in layer 17
2024-10-13 16:15:17,867 Gathering metrics
2024-10-13 16:16:26,430 {'acc1': 0.8032178217821783, 'acc5': 0.9517326732673267, 'loss': 87.17654254287481, 'macs': 46154040552, 'params': 235611368, 'model_size': 898.7860412597656, 'inference_time': 0}
2024-10-13 16:16:26,464 Pruning 1280 in layer 17
2024-10-13 16:16:33,466 Gathering metrics
2024-10-13 16:17:43,439 {'acc1': 0.8038366336633663, 'acc5': 0.9511138613861386, 'loss': 87.16852498054504, 'macs': 46050705384, 'params': 235086824, 'model_size': 896.7850646972656, 'inference_time': 0}
2024-10-13 16:17:43,469 Pruning 1536 in layer 17
2024-10-13 16:17:49,401 Gathering metrics
2024-10-13 16:18:57,497 {'acc1': 0.8038366336633663, 'acc5': 0.9511138613861386, 'loss': 87.19671656191349, 'macs': 45947370216, 'params': 234562280, 'model_size': 894.7840881347656, 'inference_time': 0}
2024-10-13 16:18:57,528 Pruning 1792 in layer 17
2024-10-13 16:19:02,242 Gathering metrics
2024-10-13 16:20:10,380 {'acc1': 0.8035272277227723, 'acc5': 0.9520420792079208, 'loss': 87.11489490419626, 'macs': 45844035048, 'params': 234037736, 'model_size': 892.7831115722656, 'inference_time': 0}
2024-10-13 16:20:10,409 Pruning 2048 in layer 17
2024-10-13 16:20:14,273 Gathering metrics
2024-10-13 16:21:22,212 {'acc1': 0.8041460396039604, 'acc5': 0.9520420792079208, 'loss': 87.03861662000418, 'macs': 45740699880, 'params': 233513192, 'model_size': 890.7821350097656, 'inference_time': 0}
2024-10-13 16:21:22,244 Pruning 2304 in layer 17
2024-10-13 16:21:25,315 Gathering metrics
2024-10-13 16:22:34,313 {'acc1': 0.8047648514851485, 'acc5': 0.9514232673267327, 'loss': 86.86157282441854, 'macs': 45637364712, 'params': 232988648, 'model_size': 888.7811584472656, 'inference_time': 0}
2024-10-13 16:22:34,344 Pruning 2560 in layer 17
2024-10-13 16:22:36,595 Gathering metrics
2024-10-13 16:23:44,187 {'acc1': 0.8050742574257426, 'acc5': 0.9523514851485149, 'loss': 86.75995246320963, 'macs': 45534029544, 'params': 232464104, 'model_size': 886.7801818847656, 'inference_time': 0}
2024-10-13 16:23:44,217 Pruning 2816 in layer 17
2024-10-13 16:23:46,003 Gathering metrics
2024-10-13 16:24:54,229 {'acc1': 0.8047648514851485, 'acc5': 0.9520420792079208, 'loss': 86.80067604780197, 'macs': 45430694376, 'params': 231939560, 'model_size': 884.7792053222656, 'inference_time': 0}
2024-10-13 16:24:54,261 Pruning 3072 in layer 17
2024-10-13 16:24:55,597 Gathering metrics
2024-10-13 16:26:03,503 {'acc1': 0.8066212871287128, 'acc5': 0.9523514851485149, 'loss': 86.6291836798191, 'macs': 45327359208, 'params': 231415016, 'model_size': 882.7782287597656, 'inference_time': 0}
2024-10-13 16:26:03,532 Pruning 3328 in layer 17
2024-10-13 16:26:04,548 Gathering metrics
2024-10-13 16:27:11,298 {'acc1': 0.807240099009901, 'acc5': 0.9523514851485149, 'loss': 86.65756078064442, 'macs': 45224024040, 'params': 230890472, 'model_size': 880.7772521972656, 'inference_time': 0}
2024-10-13 16:27:11,328 Pruning 3584 in layer 17
2024-10-13 16:27:12,101 Gathering metrics
2024-10-13 16:28:19,206 {'acc1': 0.8038366336633663, 'acc5': 0.9508044554455446, 'loss': 86.77714487165213, 'macs': 45120688872, 'params': 230365928, 'model_size': 878.7762756347656, 'inference_time': 0}
2024-10-13 16:28:19,234 Pruning 3840 in layer 17
2024-10-13 16:28:19,819 Gathering metrics
2024-10-13 16:29:26,504 {'acc1': 0.8053836633663366, 'acc5': 0.9492574257425742, 'loss': 86.755212046206, 'macs': 45017353704, 'params': 229841384, 'model_size': 876.7752990722656, 'inference_time': 0}
2024-10-13 16:29:26,537 Pruning 256 in layer 18
2024-10-13 16:29:39,873 Gathering metrics
2024-10-13 16:30:47,936 {'acc1': 0.8050742574257426, 'acc5': 0.9511138613861386, 'loss': 87.23649192601442, 'macs': 45017353704, 'params': 229841384, 'model_size': 876.7752990722656, 'inference_time': 0}
2024-10-13 16:30:47,971 Pruning 512 in layer 18
2024-10-13 16:31:00,324 Gathering metrics
2024-10-13 16:32:07,762 {'acc1': 0.8044554455445545, 'acc5': 0.9511138613861386, 'loss': 87.7941634953022, 'macs': 44914018536, 'params': 229316840, 'model_size': 874.7743225097656, 'inference_time': 0}
2024-10-13 16:32:07,897 Pruning 768 in layer 18
2024-10-13 16:32:17,883 Gathering metrics
2024-10-13 16:33:24,743 {'acc1': 0.8035272277227723, 'acc5': 0.9511138613861386, 'loss': 88.30601827055216, 'macs': 44810683368, 'params': 228792296, 'model_size': 872.7733459472656, 'inference_time': 0}
2024-10-13 16:33:24,772 Pruning 1024 in layer 18
2024-10-13 16:33:33,056 Gathering metrics
2024-10-13 16:34:39,879 {'acc1': 0.8029084158415841, 'acc5': 0.9511138613861386, 'loss': 88.44985673576593, 'macs': 44707348200, 'params': 228267752, 'model_size': 870.7723693847656, 'inference_time': 0}
2024-10-13 16:34:39,912 Pruning 1280 in layer 18
2024-10-13 16:34:46,902 Gathering metrics
2024-10-13 16:35:53,881 {'acc1': 0.8035272277227723, 'acc5': 0.9504950495049505, 'loss': 88.23550786077976, 'macs': 44604013032, 'params': 227743208, 'model_size': 868.7713928222656, 'inference_time': 0}
2024-10-13 16:35:53,915 Pruning 1536 in layer 18
2024-10-13 16:35:59,859 Gathering metrics
2024-10-13 16:37:06,277 {'acc1': 0.8025990099009901, 'acc5': 0.9508044554455446, 'loss': 87.94662219285965, 'macs': 44500677864, 'params': 227218664, 'model_size': 866.7704162597656, 'inference_time': 0}
2024-10-13 16:37:06,310 Pruning 1792 in layer 18
2024-10-13 16:37:11,029 Gathering metrics
2024-10-13 16:38:18,518 {'acc1': 0.8022896039603961, 'acc5': 0.9501856435643564, 'loss': 87.72844396531582, 'macs': 44397342696, 'params': 226694120, 'model_size': 864.7694396972656, 'inference_time': 0}
2024-10-13 16:38:18,549 Pruning 2048 in layer 18
2024-10-13 16:38:22,378 Gathering metrics
2024-10-13 16:39:29,515 {'acc1': 0.8038366336633663, 'acc5': 0.9498762376237624, 'loss': 87.26313429325819, 'macs': 44294007528, 'params': 226169576, 'model_size': 862.7684631347656, 'inference_time': 0}
2024-10-13 16:39:29,546 Pruning 2304 in layer 18
2024-10-13 16:39:32,643 Gathering metrics
2024-10-13 16:40:39,316 {'acc1': 0.8035272277227723, 'acc5': 0.9501856435643564, 'loss': 86.67005141079426, 'macs': 44190672360, 'params': 225645032, 'model_size': 860.7674865722656, 'inference_time': 0}
2024-10-13 16:40:39,348 Pruning 2560 in layer 18
2024-10-13 16:40:41,624 Gathering metrics
2024-10-13 16:41:47,689 {'acc1': 0.8044554455445545, 'acc5': 0.9504950495049505, 'loss': 86.15985646098852, 'macs': 44087337192, 'params': 225120488, 'model_size': 858.7665100097656, 'inference_time': 0}
2024-10-13 16:41:47,718 Pruning 2816 in layer 18
2024-10-13 16:41:49,486 Gathering metrics
2024-10-13 16:42:54,797 {'acc1': 0.8050742574257426, 'acc5': 0.9508044554455446, 'loss': 85.72464164346457, 'macs': 43984002024, 'params': 224595944, 'model_size': 856.7655334472656, 'inference_time': 0}
2024-10-13 16:42:54,827 Pruning 3072 in layer 18
2024-10-13 16:42:56,151 Gathering metrics
2024-10-13 16:44:01,627 {'acc1': 0.8044554455445545, 'acc5': 0.9504950495049505, 'loss': 85.07757837325335, 'macs': 43880666856, 'params': 224071400, 'model_size': 854.7645568847656, 'inference_time': 0}
2024-10-13 16:44:01,655 Pruning 3328 in layer 18
2024-10-13 16:44:02,664 Gathering metrics
2024-10-13 16:45:08,306 {'acc1': 0.8044554455445545, 'acc5': 0.9498762376237624, 'loss': 84.0737758167088, 'macs': 43777331688, 'params': 223546856, 'model_size': 852.7635803222656, 'inference_time': 0}
2024-10-13 16:45:08,337 Pruning 3584 in layer 18
2024-10-13 16:45:09,113 Gathering metrics
2024-10-13 16:46:14,537 {'acc1': 0.8029084158415841, 'acc5': 0.9501856435643564, 'loss': 83.26769135892391, 'macs': 43673996520, 'params': 223022312, 'model_size': 850.7626037597656, 'inference_time': 0}
2024-10-13 16:46:14,571 Pruning 3840 in layer 18
2024-10-13 16:46:15,317 Gathering metrics
2024-10-13 16:47:20,808 {'acc1': 0.8032178217821783, 'acc5': 0.9501856435643564, 'loss': 82.61161692999303, 'macs': 43570661352, 'params': 222497768, 'model_size': 848.7616271972656, 'inference_time': 0}
2024-10-13 16:47:20,837 Pruning 256 in layer 19
2024-10-13 16:47:34,128 Gathering metrics
2024-10-13 16:48:39,894 {'acc1': 0.8029084158415841, 'acc5': 0.9501856435643564, 'loss': 83.2677582167089, 'macs': 43570661352, 'params': 222497768, 'model_size': 848.7616271972656, 'inference_time': 0}
2024-10-13 16:48:40,022 Pruning 512 in layer 19
2024-10-13 16:48:51,973 Gathering metrics
2024-10-13 16:49:58,042 {'acc1': 0.8029084158415841, 'acc5': 0.9501856435643564, 'loss': 83.26811341568828, 'macs': 43467326184, 'params': 221973224, 'model_size': 846.7606506347656, 'inference_time': 0}
2024-10-13 16:49:58,071 Pruning 768 in layer 19
2024-10-13 16:50:07,798 Gathering metrics
2024-10-13 16:51:14,468 {'acc1': 0.8029084158415841, 'acc5': 0.9501856435643564, 'loss': 83.26885001733899, 'macs': 43363991016, 'params': 221448680, 'model_size': 844.7596740722656, 'inference_time': 0}
2024-10-13 16:51:14,500 Pruning 1024 in layer 19
2024-10-13 16:51:22,814 Gathering metrics
2024-10-13 16:52:28,233 {'acc1': 0.8029084158415841, 'acc5': 0.9501856435643564, 'loss': 83.26994354650378, 'macs': 43260655848, 'params': 220924136, 'model_size': 842.7586975097656, 'inference_time': 0}
2024-10-13 16:52:28,267 Pruning 1280 in layer 19
2024-10-13 16:52:35,209 Gathering metrics
2024-10-13 16:53:40,824 {'acc1': 0.8029084158415841, 'acc5': 0.9501856435643564, 'loss': 83.27146100997925, 'macs': 43157320680, 'params': 220399592, 'model_size': 840.7577209472656, 'inference_time': 0}
2024-10-13 16:53:40,855 Pruning 1536 in layer 19
2024-10-13 16:53:46,736 Gathering metrics
2024-10-13 16:54:51,844 {'acc1': 0.8029084158415841, 'acc5': 0.9501856435643564, 'loss': 83.27381992340088, 'macs': 43053985512, 'params': 219875048, 'model_size': 838.7567443847656, 'inference_time': 0}
2024-10-13 16:54:51,878 Pruning 1792 in layer 19
2024-10-13 16:54:56,519 Gathering metrics
2024-10-13 16:56:01,549 {'acc1': 0.8029084158415841, 'acc5': 0.9501856435643564, 'loss': 83.28110430017114, 'macs': 42950650344, 'params': 219350504, 'model_size': 836.7557678222656, 'inference_time': 0}
2024-10-13 16:56:01,579 Pruning 2048 in layer 19
2024-10-13 16:56:05,380 Gathering metrics
2024-10-13 16:57:09,981 {'acc1': 0.8029084158415841, 'acc5': 0.9501856435643564, 'loss': 83.35538741201162, 'macs': 42847315176, 'params': 218825960, 'model_size': 834.7547912597656, 'inference_time': 0}
2024-10-13 16:57:10,011 Pruning 2304 in layer 19
2024-10-13 16:57:13,048 Gathering metrics
2024-10-13 16:58:17,388 {'acc1': 0.8038366336633663, 'acc5': 0.9498762376237624, 'loss': 83.51219076290727, 'macs': 42743980008, 'params': 218301416, 'model_size': 832.7538146972656, 'inference_time': 0}
2024-10-13 16:58:17,417 Pruning 2560 in layer 19
2024-10-13 16:58:19,668 Gathering metrics
2024-10-13 16:59:24,332 {'acc1': 0.8041460396039604, 'acc5': 0.9489480198019802, 'loss': 83.66795114427805, 'macs': 42640644840, 'params': 217776872, 'model_size': 830.7528381347656, 'inference_time': 0}
2024-10-13 16:59:24,363 Pruning 2816 in layer 19
2024-10-13 16:59:26,132 Gathering metrics
2024-10-13 17:00:30,696 {'acc1': 0.8047648514851485, 'acc5': 0.9492574257425742, 'loss': 83.64194668084383, 'macs': 42537309672, 'params': 217252328, 'model_size': 828.7518615722656, 'inference_time': 0}
2024-10-13 17:00:30,727 Pruning 3072 in layer 19
2024-10-13 17:00:32,066 Gathering metrics
2024-10-13 17:01:36,444 {'acc1': 0.8047648514851485, 'acc5': 0.9498762376237624, 'loss': 83.53903418406844, 'macs': 42433974504, 'params': 216727784, 'model_size': 826.7508850097656, 'inference_time': 0}
2024-10-13 17:01:36,476 Pruning 3328 in layer 19
2024-10-13 17:01:37,519 Gathering metrics
2024-10-13 17:02:41,773 {'acc1': 0.8053836633663366, 'acc5': 0.9508044554455446, 'loss': 83.38108962029219, 'macs': 42330639336, 'params': 216203240, 'model_size': 824.7499084472656, 'inference_time': 0}
2024-10-13 17:02:41,803 Pruning 3584 in layer 19
2024-10-13 17:02:42,571 Gathering metrics
2024-10-13 17:03:46,649 {'acc1': 0.8047648514851485, 'acc5': 0.9514232673267327, 'loss': 83.04112372547388, 'macs': 42227304168, 'params': 215678696, 'model_size': 822.7489318847656, 'inference_time': 0}
2024-10-13 17:03:46,679 Pruning 3840 in layer 19
2024-10-13 17:03:47,263 Gathering metrics
2024-10-13 17:04:51,490 {'acc1': 0.8053836633663366, 'acc5': 0.9511138613861386, 'loss': 83.16963182389736, 'macs': 42123969000, 'params': 215154152, 'model_size': 820.7479553222656, 'inference_time': 0}
2024-10-13 17:04:51,619 Pruning 256 in layer 20
2024-10-13 17:05:04,960 Gathering metrics
2024-10-13 17:06:10,892 {'acc1': 0.8047648514851485, 'acc5': 0.9514232673267327, 'loss': 83.04112387821078, 'macs': 42123969000, 'params': 215154152, 'model_size': 820.7479553222656, 'inference_time': 0}
2024-10-13 17:06:10,922 Pruning 512 in layer 20
2024-10-13 17:06:22,836 Gathering metrics
2024-10-13 17:07:26,840 {'acc1': 0.8047648514851485, 'acc5': 0.9514232673267327, 'loss': 83.04112931340933, 'macs': 42020633832, 'params': 214629608, 'model_size': 818.7469787597656, 'inference_time': 0}
2024-10-13 17:07:26,870 Pruning 768 in layer 20
2024-10-13 17:07:36,536 Gathering metrics
2024-10-13 17:08:40,610 {'acc1': 0.8047648514851485, 'acc5': 0.9514232673267327, 'loss': 83.041140884161, 'macs': 41917298664, 'params': 214105064, 'model_size': 816.7460021972656, 'inference_time': 0}
2024-10-13 17:08:40,642 Pruning 1024 in layer 20
2024-10-13 17:08:48,981 Gathering metrics
2024-10-13 17:09:52,961 {'acc1': 0.8047648514851485, 'acc5': 0.9514232673267327, 'loss': 83.04116212576628, 'macs': 41813963496, 'params': 213580520, 'model_size': 814.7450256347656, 'inference_time': 0}
2024-10-13 17:09:52,993 Pruning 1280 in layer 20
2024-10-13 17:09:59,870 Gathering metrics
2024-10-13 17:11:03,761 {'acc1': 0.8047648514851485, 'acc5': 0.9514232673267327, 'loss': 83.0411943346262, 'macs': 41710628328, 'params': 213055976, 'model_size': 812.7440490722656, 'inference_time': 0}
2024-10-13 17:11:03,792 Pruning 1536 in layer 20
2024-10-13 17:11:09,654 Gathering metrics
2024-10-13 17:12:13,195 {'acc1': 0.8047648514851485, 'acc5': 0.9514232673267327, 'loss': 83.04123831167817, 'macs': 41607293160, 'params': 212531432, 'model_size': 810.7430725097656, 'inference_time': 0}
2024-10-13 17:12:13,227 Pruning 1792 in layer 20
2024-10-13 17:12:17,874 Gathering metrics
2024-10-13 17:13:21,389 {'acc1': 0.8047648514851485, 'acc5': 0.9514232673267327, 'loss': 83.04128853231668, 'macs': 41503957992, 'params': 212006888, 'model_size': 808.7420959472656, 'inference_time': 0}
2024-10-13 17:13:21,420 Pruning 2048 in layer 20
2024-10-13 17:13:25,247 Gathering metrics
2024-10-13 17:14:28,627 {'acc1': 0.8047648514851485, 'acc5': 0.9514232673267327, 'loss': 83.04135205224156, 'macs': 41400622824, 'params': 211482344, 'model_size': 806.7411193847656, 'inference_time': 0}
2024-10-13 17:14:28,660 Pruning 2304 in layer 20
2024-10-13 17:14:31,741 Gathering metrics
2024-10-13 17:15:35,046 {'acc1': 0.8047648514851485, 'acc5': 0.9514232673267327, 'loss': 83.04143345728517, 'macs': 41297287656, 'params': 210957800, 'model_size': 804.7401428222656, 'inference_time': 0}
2024-10-13 17:15:35,078 Pruning 2560 in layer 20
2024-10-13 17:15:37,341 Gathering metrics
2024-10-13 17:16:40,711 {'acc1': 0.8047648514851485, 'acc5': 0.9514232673267327, 'loss': 83.04155507311225, 'macs': 41193952488, 'params': 210433256, 'model_size': 802.7391662597656, 'inference_time': 0}
2024-10-13 17:16:40,742 Pruning 2816 in layer 20
2024-10-13 17:16:42,529 Gathering metrics
2024-10-13 17:17:45,679 {'acc1': 0.8047648514851485, 'acc5': 0.9514232673267327, 'loss': 83.04177682846785, 'macs': 41090617320, 'params': 209908712, 'model_size': 800.7381896972656, 'inference_time': 0}
2024-10-13 17:17:45,709 Pruning 3072 in layer 20
2024-10-13 17:17:47,025 Gathering metrics
2024-10-13 17:18:49,667 {'acc1': 0.8047648514851485, 'acc5': 0.9514232673267327, 'loss': 83.0426704660058, 'macs': 40987282152, 'params': 209384168, 'model_size': 798.7372131347656, 'inference_time': 0}
2024-10-13 17:18:49,697 Pruning 3328 in layer 20
2024-10-13 17:18:50,711 Gathering metrics
2024-10-13 17:19:53,557 {'acc1': 0.8047648514851485, 'acc5': 0.9514232673267327, 'loss': 83.05322117358446, 'macs': 40883946984, 'params': 208859624, 'model_size': 796.7362365722656, 'inference_time': 0}
2024-10-13 17:19:53,587 Pruning 3584 in layer 20
2024-10-13 17:19:54,356 Gathering metrics
2024-10-13 17:20:56,751 {'acc1': 0.8050742574257426, 'acc5': 0.9514232673267327, 'loss': 83.23097027465701, 'macs': 40780611816, 'params': 208335080, 'model_size': 794.7352600097656, 'inference_time': 0}
2024-10-13 17:20:56,881 Pruning 3840 in layer 20
2024-10-13 17:20:57,459 Gathering metrics
2024-10-13 17:21:59,757 {'acc1': 0.8044554455445545, 'acc5': 0.9508044554455446, 'loss': 83.19667584821582, 'macs': 40677276648, 'params': 207810536, 'model_size': 792.7342834472656, 'inference_time': 0}
2024-10-13 17:21:59,788 Pruning 256 in layer 21
2024-10-13 17:22:13,122 Gathering metrics
2024-10-13 17:23:16,204 {'acc1': 0.8050742574257426, 'acc5': 0.9514232673267327, 'loss': 83.24690367653966, 'macs': 40677276648, 'params': 207810536, 'model_size': 792.7342834472656, 'inference_time': 0}
2024-10-13 17:23:16,232 Pruning 512 in layer 21
2024-10-13 17:23:28,163 Gathering metrics
2024-10-13 17:24:31,066 {'acc1': 0.8050742574257426, 'acc5': 0.9514232673267327, 'loss': 83.30029670894146, 'macs': 40573941480, 'params': 207285992, 'model_size': 790.7333068847656, 'inference_time': 0}
2024-10-13 17:24:31,095 Pruning 768 in layer 21
2024-10-13 17:24:40,710 Gathering metrics
2024-10-13 17:25:43,306 {'acc1': 0.8050742574257426, 'acc5': 0.9514232673267327, 'loss': 83.39188927039504, 'macs': 40470606312, 'params': 206761448, 'model_size': 788.7323303222656, 'inference_time': 0}
2024-10-13 17:25:43,337 Pruning 1024 in layer 21
2024-10-13 17:25:51,599 Gathering metrics
2024-10-13 17:26:53,866 {'acc1': 0.8050742574257426, 'acc5': 0.9514232673267327, 'loss': 83.52824113518, 'macs': 40367271144, 'params': 206236904, 'model_size': 786.7313537597656, 'inference_time': 0}
2024-10-13 17:26:53,897 Pruning 1280 in layer 21
2024-10-13 17:27:00,806 Gathering metrics
2024-10-13 17:28:02,847 {'acc1': 0.8047648514851485, 'acc5': 0.9514232673267327, 'loss': 83.71789160370827, 'macs': 40263935976, 'params': 205712360, 'model_size': 784.7303771972656, 'inference_time': 0}
2024-10-13 17:28:02,877 Pruning 1536 in layer 21
2024-10-13 17:28:08,716 Gathering metrics
2024-10-13 17:29:10,934 {'acc1': 0.8050742574257426, 'acc5': 0.9517326732673267, 'loss': 83.97484162449837, 'macs': 40160600808, 'params': 205187816, 'model_size': 782.7294006347656, 'inference_time': 0}
2024-10-13 17:29:10,966 Pruning 1792 in layer 21
2024-10-13 17:29:15,622 Gathering metrics
2024-10-13 17:30:17,568 {'acc1': 0.8050742574257426, 'acc5': 0.9517326732673267, 'loss': 84.31835721433163, 'macs': 40057265640, 'params': 204663272, 'model_size': 780.7284240722656, 'inference_time': 0}
2024-10-13 17:30:17,597 Pruning 2048 in layer 21
2024-10-13 17:30:21,400 Gathering metrics
2024-10-13 17:31:23,591 {'acc1': 0.8050742574257426, 'acc5': 0.9517326732673267, 'loss': 84.77821469306946, 'macs': 39953930472, 'params': 204138728, 'model_size': 778.7274475097656, 'inference_time': 0}
2024-10-13 17:31:23,621 Pruning 2304 in layer 21
2024-10-13 17:31:26,711 Gathering metrics
2024-10-13 17:32:28,510 {'acc1': 0.8050742574257426, 'acc5': 0.9517326732673267, 'loss': 85.38071831315756, 'macs': 39850595304, 'params': 203614184, 'model_size': 776.7264709472656, 'inference_time': 0}
2024-10-13 17:32:28,542 Pruning 2560 in layer 21
2024-10-13 17:32:30,799 Gathering metrics
2024-10-13 17:33:32,493 {'acc1': 0.8053836633663366, 'acc5': 0.9514232673267327, 'loss': 86.11654296517372, 'macs': 39747260136, 'params': 203089640, 'model_size': 774.7254943847656, 'inference_time': 0}
2024-10-13 17:33:32,524 Pruning 2816 in layer 21
2024-10-13 17:33:34,307 Gathering metrics
2024-10-13 17:34:35,853 {'acc1': 0.8053836633663366, 'acc5': 0.9514232673267327, 'loss': 87.0843535065651, 'macs': 39643924968, 'params': 202565096, 'model_size': 772.7245178222656, 'inference_time': 0}
2024-10-13 17:34:35,882 Pruning 3072 in layer 21
2024-10-13 17:34:37,220 Gathering metrics
2024-10-13 17:35:38,862 {'acc1': 0.8056930693069307, 'acc5': 0.9514232673267327, 'loss': 88.3433086052537, 'macs': 39540589800, 'params': 202040552, 'model_size': 770.7235412597656, 'inference_time': 0}
2024-10-13 17:35:38,892 Pruning 3328 in layer 21
2024-10-13 17:35:39,915 Gathering metrics
2024-10-13 17:36:41,466 {'acc1': 0.8060024752475248, 'acc5': 0.9514232673267327, 'loss': 89.94257386028767, 'macs': 39437254632, 'params': 201516008, 'model_size': 768.7225646972656, 'inference_time': 0}
2024-10-13 17:36:41,598 Pruning 3584 in layer 21
2024-10-13 17:36:42,377 Gathering metrics
2024-10-13 17:37:43,707 {'acc1': 0.8060024752475248, 'acc5': 0.9514232673267327, 'loss': 92.02687606215477, 'macs': 39333919464, 'params': 200991464, 'model_size': 766.7215881347656, 'inference_time': 0}
2024-10-13 17:37:43,736 Pruning 3840 in layer 21
2024-10-13 17:37:44,317 Gathering metrics
2024-10-13 17:38:45,223 {'acc1': 0.8060024752475248, 'acc5': 0.9508044554455446, 'loss': 94.56116776168346, 'macs': 39230584296, 'params': 200466920, 'model_size': 764.7206115722656, 'inference_time': 0}
2024-10-13 17:38:45,251 Pruning 256 in layer 22
2024-10-13 17:38:58,527 Gathering metrics
2024-10-13 17:39:59,855 {'acc1': 0.8060024752475248, 'acc5': 0.9514232673267327, 'loss': 92.0268706381321, 'macs': 39230584296, 'params': 200466920, 'model_size': 764.7206115722656, 'inference_time': 0}
2024-10-13 17:39:59,886 Pruning 512 in layer 22
2024-10-13 17:40:11,806 Gathering metrics
2024-10-13 17:41:13,197 {'acc1': 0.8060024752475248, 'acc5': 0.9514232673267327, 'loss': 92.02666009962559, 'macs': 39127249128, 'params': 199942376, 'model_size': 762.7196350097656, 'inference_time': 0}
2024-10-13 17:41:13,228 Pruning 768 in layer 22
2024-10-13 17:41:22,861 Gathering metrics
2024-10-13 17:42:23,880 {'acc1': 0.8060024752475248, 'acc5': 0.9514232673267327, 'loss': 92.02608639001846, 'macs': 39023913960, 'params': 199417832, 'model_size': 760.7186584472656, 'inference_time': 0}
2024-10-13 17:42:23,908 Pruning 1024 in layer 22
2024-10-13 17:42:32,212 Gathering metrics
2024-10-13 17:43:33,077 {'acc1': 0.8060024752475248, 'acc5': 0.9514232673267327, 'loss': 92.02516008913517, 'macs': 38920578792, 'params': 198893288, 'model_size': 758.7176818847656, 'inference_time': 0}
2024-10-13 17:43:33,109 Pruning 1280 in layer 22
2024-10-13 17:43:40,018 Gathering metrics
2024-10-13 17:44:40,781 {'acc1': 0.8060024752475248, 'acc5': 0.9514232673267327, 'loss': 92.02389097213745, 'macs': 38817243624, 'params': 198368744, 'model_size': 756.7167053222656, 'inference_time': 0}
2024-10-13 17:44:40,810 Pruning 1536 in layer 22
2024-10-13 17:44:46,663 Gathering metrics
2024-10-13 17:45:47,003 {'acc1': 0.8060024752475248, 'acc5': 0.9514232673267327, 'loss': 92.0222777724266, 'macs': 38713908456, 'params': 197844200, 'model_size': 754.7157287597656, 'inference_time': 0}
2024-10-13 17:45:47,036 Pruning 1792 in layer 22
2024-10-13 17:45:51,679 Gathering metrics
2024-10-13 17:46:52,329 {'acc1': 0.8060024752475248, 'acc5': 0.9514232673267327, 'loss': 92.02031527459621, 'macs': 38610573288, 'params': 197319656, 'model_size': 752.7147521972656, 'inference_time': 0}
2024-10-13 17:46:52,358 Pruning 2048 in layer 22
2024-10-13 17:46:56,182 Gathering metrics
2024-10-13 17:47:56,844 {'acc1': 0.8060024752475248, 'acc5': 0.9514232673267327, 'loss': 92.01801486313343, 'macs': 38507238120, 'params': 196795112, 'model_size': 750.7137756347656, 'inference_time': 0}
2024-10-13 17:47:56,877 Pruning 2304 in layer 22
2024-10-13 17:47:59,936 Gathering metrics
2024-10-13 17:48:59,912 {'acc1': 0.8060024752475248, 'acc5': 0.9514232673267327, 'loss': 92.0154331177473, 'macs': 38403902952, 'params': 196270568, 'model_size': 748.7127990722656, 'inference_time': 0}
2024-10-13 17:48:59,944 Pruning 2560 in layer 22
2024-10-13 17:49:02,197 Gathering metrics
2024-10-13 17:50:02,167 {'acc1': 0.8060024752475248, 'acc5': 0.9514232673267327, 'loss': 92.01257936656475, 'macs': 38300567784, 'params': 195746024, 'model_size': 746.7118225097656, 'inference_time': 0}
2024-10-13 17:50:02,199 Pruning 2816 in layer 22
2024-10-13 17:50:03,947 Gathering metrics
2024-10-13 17:51:03,733 {'acc1': 0.8060024752475248, 'acc5': 0.9514232673267327, 'loss': 92.00938615202904, 'macs': 38197232616, 'params': 195221480, 'model_size': 744.7108459472656, 'inference_time': 0}
2024-10-13 17:51:03,762 Pruning 3072 in layer 22
2024-10-13 17:51:05,088 Gathering metrics
2024-10-13 17:52:04,768 {'acc1': 0.8060024752475248, 'acc5': 0.9514232673267327, 'loss': 92.00572116672993, 'macs': 38093897448, 'params': 194696936, 'model_size': 742.7098693847656, 'inference_time': 0}
2024-10-13 17:52:04,903 Pruning 3328 in layer 22
2024-10-13 17:52:05,919 Gathering metrics
2024-10-13 17:53:05,514 {'acc1': 0.8060024752475248, 'acc5': 0.9514232673267327, 'loss': 92.0012197047472, 'macs': 37990562280, 'params': 194172392, 'model_size': 740.7088928222656, 'inference_time': 0}
2024-10-13 17:53:05,545 Pruning 3584 in layer 22
2024-10-13 17:53:06,312 Gathering metrics
2024-10-13 17:54:06,226 {'acc1': 0.8060024752475248, 'acc5': 0.9514232673267327, 'loss': 91.89685040712357, 'macs': 37887227112, 'params': 193647848, 'model_size': 738.7079162597656, 'inference_time': 0}
2024-10-13 17:54:06,256 Pruning 3840 in layer 22
2024-10-13 17:54:06,819 Gathering metrics
2024-10-13 17:55:06,481 {'acc1': 0.8060024752475248, 'acc5': 0.9511138613861386, 'loss': 90.10026199370623, 'macs': 37783891944, 'params': 193123304, 'model_size': 736.7069396972656, 'inference_time': 0}
2024-10-13 17:55:06,511 Pruning 256 in layer 23
2024-10-13 17:55:19,813 Gathering metrics
2024-10-13 17:56:19,959 {'acc1': 0.8060024752475248, 'acc5': 0.9514232673267327, 'loss': 91.89685043692589, 'macs': 37783891944, 'params': 193123304, 'model_size': 736.7069396972656, 'inference_time': 0}
2024-10-13 17:56:19,990 Pruning 512 in layer 23
2024-10-13 17:56:31,926 Gathering metrics
2024-10-13 17:57:31,587 {'acc1': 0.8060024752475248, 'acc5': 0.9514232673267327, 'loss': 91.89685025811195, 'macs': 37680556776, 'params': 192598760, 'model_size': 734.7059631347656, 'inference_time': 0}
2024-10-13 17:57:31,619 Pruning 768 in layer 23
2024-10-13 17:57:41,336 Gathering metrics
2024-10-13 17:58:41,194 {'acc1': 0.8060024752475248, 'acc5': 0.9514232673267327, 'loss': 91.8968503177166, 'macs': 37577221608, 'params': 192074216, 'model_size': 732.7049865722656, 'inference_time': 0}
2024-10-13 17:58:41,223 Pruning 1024 in layer 23
2024-10-13 17:58:49,525 Gathering metrics
2024-10-13 17:59:49,361 {'acc1': 0.8060024752475248, 'acc5': 0.9514232673267327, 'loss': 91.89685046672821, 'macs': 37473886440, 'params': 191549672, 'model_size': 730.7040100097656, 'inference_time': 0}
2024-10-13 17:59:49,392 Pruning 1280 in layer 23
2024-10-13 17:59:56,267 Gathering metrics
2024-10-13 18:00:55,525 {'acc1': 0.8060024752475248, 'acc5': 0.9514232673267327, 'loss': 91.89685045182705, 'macs': 37370551272, 'params': 191025128, 'model_size': 728.7030334472656, 'inference_time': 0}
2024-10-13 18:00:55,553 Pruning 1536 in layer 23
2024-10-13 18:01:01,423 Gathering metrics
2024-10-13 18:02:00,544 {'acc1': 0.8060024752475248, 'acc5': 0.9514232673267327, 'loss': 91.89685013890266, 'macs': 37267216104, 'params': 190500584, 'model_size': 726.7020568847656, 'inference_time': 0}
2024-10-13 18:02:00,580 Pruning 1792 in layer 23
2024-10-13 18:02:05,506 Gathering metrics
2024-10-13 18:03:04,556 {'acc1': 0.8060024752475248, 'acc5': 0.9514232673267327, 'loss': 91.89684984087944, 'macs': 37163880936, 'params': 189976040, 'model_size': 724.7010803222656, 'inference_time': 0}
2024-10-13 18:03:04,587 Pruning 2048 in layer 23
2024-10-13 18:03:08,419 Gathering metrics
2024-10-13 18:04:07,562 {'acc1': 0.8060024752475248, 'acc5': 0.9514232673267327, 'loss': 91.89684955775738, 'macs': 37060545768, 'params': 189451496, 'model_size': 722.7001037597656, 'inference_time': 0}
2024-10-13 18:04:07,592 Pruning 2304 in layer 23
2024-10-13 18:04:10,635 Gathering metrics
2024-10-13 18:05:09,321 {'acc1': 0.8060024752475248, 'acc5': 0.9514232673267327, 'loss': 91.896848320961, 'macs': 36957210600, 'params': 188926952, 'model_size': 720.6991271972656, 'inference_time': 0}
2024-10-13 18:05:09,350 Pruning 2560 in layer 23
2024-10-13 18:05:11,600 Gathering metrics
2024-10-13 18:06:10,561 {'acc1': 0.8060024752475248, 'acc5': 0.9514232673267327, 'loss': 91.89684775471687, 'macs': 36853875432, 'params': 188402408, 'model_size': 718.6981506347656, 'inference_time': 0}
2024-10-13 18:06:10,590 Pruning 2816 in layer 23
2024-10-13 18:06:12,358 Gathering metrics
2024-10-13 18:07:11,233 {'acc1': 0.8060024752475248, 'acc5': 0.9514232673267327, 'loss': 91.89684695005417, 'macs': 36750540264, 'params': 187877864, 'model_size': 716.6971740722656, 'inference_time': 0}
2024-10-13 18:07:11,367 Pruning 3072 in layer 23
2024-10-13 18:07:12,724 Gathering metrics
2024-10-13 18:08:11,565 {'acc1': 0.8060024752475248, 'acc5': 0.9514232673267327, 'loss': 91.89684697985649, 'macs': 36647205096, 'params': 187353320, 'model_size': 714.6961975097656, 'inference_time': 0}
2024-10-13 18:08:11,595 Pruning 3328 in layer 23
2024-10-13 18:08:12,625 Gathering metrics
2024-10-13 18:09:11,319 {'acc1': 0.8060024752475248, 'acc5': 0.9514232673267327, 'loss': 91.89684675633907, 'macs': 36543869928, 'params': 186828776, 'model_size': 712.6952209472656, 'inference_time': 0}
2024-10-13 18:09:11,350 Pruning 3584 in layer 23
2024-10-13 18:09:12,125 Gathering metrics
2024-10-13 18:10:10,618 {'acc1': 0.8060024752475248, 'acc5': 0.9514232673267327, 'loss': 91.89684595167637, 'macs': 36440534760, 'params': 186304232, 'model_size': 710.6942443847656, 'inference_time': 0}
2024-10-13 18:10:10,654 Pruning 3840 in layer 23
2024-10-13 18:10:11,408 Gathering metrics
2024-10-13 18:11:09,878 {'acc1': 0.8060024752475248, 'acc5': 0.9514232673267327, 'loss': 91.89684469997883, 'macs': 36337199592, 'params': 185779688, 'model_size': 708.6932678222656, 'inference_time': 0}
2024-10-13 18:11:09,896 Experiment finished
