2024-10-13 12:52:13,909 Starting experiment outputs/adaptive/vit_l_16/proj500
2024-10-13 12:52:13,910 Loading the original model
2024-10-13 12:52:15,029 Gathering metrics of the original model
2024-10-13 12:53:36,214 {'acc1': 0.8428217821782178, 'acc5': 0.968440594059406, 'loss': 72.06203799694777, 'macs': 59690947560, 'params': 304326632, 'model_size': 1160.9139709472656, 'inference_time': 0}
2024-10-13 12:53:36,240 Pruning 256 in layer 0
2024-10-13 12:53:49,525 Gathering metrics
2024-10-13 12:55:11,322 {'acc1': 0.8397277227722773, 'acc5': 0.96875, 'loss': 73.13853035122156, 'macs': 59587612392, 'params': 303802088, 'model_size': 1158.9129943847656, 'inference_time': 0}
2024-10-13 12:55:11,356 Pruning 512 in layer 0
2024-10-13 12:55:23,195 Gathering metrics
2024-10-13 12:56:44,903 {'acc1': 0.8353960396039604, 'acc5': 0.9653465346534653, 'loss': 75.45664621889591, 'macs': 59484277224, 'params': 303277544, 'model_size': 1156.9120178222656, 'inference_time': 0}
2024-10-13 12:56:44,930 Pruning 256 in layer 1
2024-10-13 12:56:58,219 Gathering metrics
2024-10-13 12:58:20,265 {'acc1': 0.8391089108910891, 'acc5': 0.9675123762376238, 'loss': 73.62891250103712, 'macs': 59484277224, 'params': 303277544, 'model_size': 1156.9120178222656, 'inference_time': 0}
2024-10-13 12:58:20,294 Pruning 512 in layer 1
2024-10-13 12:58:32,162 Gathering metrics
2024-10-13 12:59:53,540 {'acc1': 0.8369430693069307, 'acc5': 0.9662747524752475, 'loss': 74.0808339715004, 'macs': 59380942056, 'params': 302753000, 'model_size': 1154.9110412597656, 'inference_time': 0}
2024-10-13 12:59:53,568 Pruning 768 in layer 1
2024-10-13 13:00:03,231 Gathering metrics
2024-10-13 13:01:24,853 {'acc1': 0.8350866336633663, 'acc5': 0.9662747524752475, 'loss': 74.56917743384838, 'macs': 59277606888, 'params': 302228456, 'model_size': 1152.9100646972656, 'inference_time': 0}
2024-10-13 13:01:24,881 Pruning 256 in layer 2
2024-10-13 13:01:38,139 Gathering metrics
2024-10-13 13:02:59,384 {'acc1': 0.8363242574257426, 'acc5': 0.9662747524752475, 'loss': 74.20976215600967, 'macs': 59277606888, 'params': 302228456, 'model_size': 1152.9100646972656, 'inference_time': 0}
2024-10-13 13:02:59,411 Pruning 512 in layer 2
2024-10-13 13:03:11,286 Gathering metrics
2024-10-13 13:04:32,961 {'acc1': 0.8353960396039604, 'acc5': 0.9665841584158416, 'loss': 74.33571334928274, 'macs': 59174271720, 'params': 301703912, 'model_size': 1150.9090881347656, 'inference_time': 0}
2024-10-13 13:04:32,988 Pruning 768 in layer 2
2024-10-13 13:04:42,631 Gathering metrics
2024-10-13 13:06:03,417 {'acc1': 0.8353960396039604, 'acc5': 0.9672029702970297, 'loss': 74.58564104139805, 'macs': 59070936552, 'params': 301179368, 'model_size': 1148.9081115722656, 'inference_time': 0}
2024-10-13 13:06:03,444 Pruning 1024 in layer 2
2024-10-13 13:06:11,732 Gathering metrics
2024-10-13 13:07:33,173 {'acc1': 0.8350866336633663, 'acc5': 0.9662747524752475, 'loss': 74.76756035536528, 'macs': 58967601384, 'params': 300654824, 'model_size': 1146.9071350097656, 'inference_time': 0}
2024-10-13 13:07:33,202 Pruning 1280 in layer 2
2024-10-13 13:07:40,075 Gathering metrics
2024-10-13 13:09:00,755 {'acc1': 0.8347772277227723, 'acc5': 0.9656559405940595, 'loss': 74.84136474877596, 'macs': 58864266216, 'params': 300130280, 'model_size': 1144.9061584472656, 'inference_time': 0}
2024-10-13 13:09:00,783 Pruning 1536 in layer 2
2024-10-13 13:09:06,628 Gathering metrics
2024-10-13 13:10:27,894 {'acc1': 0.8326113861386139, 'acc5': 0.9647277227722773, 'loss': 75.02476964890957, 'macs': 58760931048, 'params': 299605736, 'model_size': 1142.9051818847656, 'inference_time': 0}
2024-10-13 13:10:28,027 Pruning 256 in layer 3
2024-10-13 13:10:41,312 Gathering metrics
2024-10-13 13:12:01,921 {'acc1': 0.8341584158415841, 'acc5': 0.9647277227722773, 'loss': 75.05009572952986, 'macs': 58760931048, 'params': 299605736, 'model_size': 1142.9051818847656, 'inference_time': 0}
2024-10-13 13:12:01,949 Pruning 512 in layer 3
2024-10-13 13:12:13,873 Gathering metrics
2024-10-13 13:13:34,673 {'acc1': 0.833230198019802, 'acc5': 0.963799504950495, 'loss': 75.38859640806913, 'macs': 58657595880, 'params': 299081192, 'model_size': 1140.9042053222656, 'inference_time': 0}
2024-10-13 13:13:34,701 Pruning 768 in layer 3
2024-10-13 13:13:44,307 Gathering metrics
2024-10-13 13:15:04,381 {'acc1': 0.8316831683168316, 'acc5': 0.963490099009901, 'loss': 75.59997440129519, 'macs': 58554260712, 'params': 298556648, 'model_size': 1138.9032287597656, 'inference_time': 0}
2024-10-13 13:15:04,411 Pruning 1024 in layer 3
2024-10-13 13:15:12,681 Gathering metrics
2024-10-13 13:16:33,211 {'acc1': 0.8307549504950495, 'acc5': 0.963180693069307, 'loss': 75.89954225718975, 'macs': 58450925544, 'params': 298032104, 'model_size': 1136.9022521972656, 'inference_time': 0}
2024-10-13 13:16:33,240 Pruning 256 in layer 4
2024-10-13 13:16:46,451 Gathering metrics
2024-10-13 13:18:07,055 {'acc1': 0.8316831683168316, 'acc5': 0.9625618811881188, 'loss': 75.84333821386099, 'macs': 58450925544, 'params': 298032104, 'model_size': 1136.9022521972656, 'inference_time': 0}
2024-10-13 13:18:07,084 Pruning 512 in layer 4
2024-10-13 13:18:18,974 Gathering metrics
2024-10-13 13:19:39,468 {'acc1': 0.8313737623762376, 'acc5': 0.963490099009901, 'loss': 76.00726255774498, 'macs': 58347590376, 'params': 297507560, 'model_size': 1134.9012756347656, 'inference_time': 0}
2024-10-13 13:19:39,498 Pruning 768 in layer 4
2024-10-13 13:19:49,146 Gathering metrics
2024-10-13 13:21:09,410 {'acc1': 0.8316831683168316, 'acc5': 0.9628712871287128, 'loss': 76.19804263114929, 'macs': 58244255208, 'params': 296983016, 'model_size': 1132.9002990722656, 'inference_time': 0}
2024-10-13 13:21:09,438 Pruning 1024 in layer 4
2024-10-13 13:21:17,655 Gathering metrics
2024-10-13 13:22:38,008 {'acc1': 0.8313737623762376, 'acc5': 0.963180693069307, 'loss': 76.49775587022305, 'macs': 58140920040, 'params': 296458472, 'model_size': 1130.8993225097656, 'inference_time': 0}
2024-10-13 13:22:38,037 Pruning 1280 in layer 4
2024-10-13 13:22:44,876 Gathering metrics
2024-10-13 13:24:04,979 {'acc1': 0.8304455445544554, 'acc5': 0.9616336633663366, 'loss': 76.8565998673439, 'macs': 58037584872, 'params': 295933928, 'model_size': 1128.8983459472656, 'inference_time': 0}
2024-10-13 13:24:05,009 Pruning 1536 in layer 4
2024-10-13 13:24:10,871 Gathering metrics
2024-10-13 13:25:31,403 {'acc1': 0.8288985148514851, 'acc5': 0.9616336633663366, 'loss': 77.1792756691575, 'macs': 57934249704, 'params': 295409384, 'model_size': 1126.8973693847656, 'inference_time': 0}
2024-10-13 13:25:31,433 Pruning 1792 in layer 4
2024-10-13 13:25:36,134 Gathering metrics
2024-10-13 13:26:55,800 {'acc1': 0.8273514851485149, 'acc5': 0.9616336633663366, 'loss': 77.40981476008892, 'macs': 57830914536, 'params': 294884840, 'model_size': 1124.8963928222656, 'inference_time': 0}
2024-10-13 13:26:55,829 Pruning 256 in layer 5
2024-10-13 13:27:09,071 Gathering metrics
2024-10-13 13:28:29,630 {'acc1': 0.8295173267326733, 'acc5': 0.9616336633663366, 'loss': 77.34282215684652, 'macs': 57830914536, 'params': 294884840, 'model_size': 1124.8963928222656, 'inference_time': 0}
2024-10-13 13:28:29,660 Pruning 512 in layer 5
2024-10-13 13:28:41,502 Gathering metrics
2024-10-13 13:30:01,015 {'acc1': 0.8285891089108911, 'acc5': 0.9619430693069307, 'loss': 77.5524870082736, 'macs': 57727579368, 'params': 294360296, 'model_size': 1122.8954162597656, 'inference_time': 0}
2024-10-13 13:30:01,147 Pruning 768 in layer 5
2024-10-13 13:30:10,850 Gathering metrics
2024-10-13 13:31:30,782 {'acc1': 0.8292079207920792, 'acc5': 0.9613242574257426, 'loss': 77.96718000620604, 'macs': 57624244200, 'params': 293835752, 'model_size': 1120.8944396972656, 'inference_time': 0}
2024-10-13 13:31:30,810 Pruning 1024 in layer 5
2024-10-13 13:31:39,045 Gathering metrics
2024-10-13 13:32:59,008 {'acc1': 0.8276608910891089, 'acc5': 0.9603960396039604, 'loss': 78.37486926466227, 'macs': 57520909032, 'params': 293311208, 'model_size': 1118.8934631347656, 'inference_time': 0}
2024-10-13 13:32:59,036 Pruning 1280 in layer 5
2024-10-13 13:33:05,874 Gathering metrics
2024-10-13 13:34:26,487 {'acc1': 0.8273514851485149, 'acc5': 0.9603960396039604, 'loss': 78.69985674321651, 'macs': 57417573864, 'params': 292786664, 'model_size': 1116.8924865722656, 'inference_time': 0}
2024-10-13 13:34:26,513 Pruning 1536 in layer 5
2024-10-13 13:34:32,348 Gathering metrics
2024-10-13 13:35:51,735 {'acc1': 0.8273514851485149, 'acc5': 0.9603960396039604, 'loss': 79.03456687182188, 'macs': 57314238696, 'params': 292262120, 'model_size': 1114.8915100097656, 'inference_time': 0}
2024-10-13 13:35:51,765 Pruning 1792 in layer 5
2024-10-13 13:35:56,419 Gathering metrics
2024-10-13 13:37:16,712 {'acc1': 0.8267326732673267, 'acc5': 0.9603960396039604, 'loss': 79.24004027992487, 'macs': 57210903528, 'params': 291737576, 'model_size': 1112.8905334472656, 'inference_time': 0}
2024-10-13 13:37:16,742 Pruning 2048 in layer 5
2024-10-13 13:37:20,514 Gathering metrics
2024-10-13 13:38:40,205 {'acc1': 0.8261138613861386, 'acc5': 0.9600866336633663, 'loss': 79.56003580987453, 'macs': 57107568360, 'params': 291213032, 'model_size': 1110.8895568847656, 'inference_time': 0}
2024-10-13 13:38:40,234 Pruning 2304 in layer 5
2024-10-13 13:38:43,285 Gathering metrics
2024-10-13 13:40:01,916 {'acc1': 0.8242574257425742, 'acc5': 0.9594678217821783, 'loss': 79.9412492737174, 'macs': 57004233192, 'params': 290688488, 'model_size': 1108.8885803222656, 'inference_time': 0}
2024-10-13 13:40:01,946 Pruning 256 in layer 6
2024-10-13 13:40:15,275 Gathering metrics
2024-10-13 13:41:35,541 {'acc1': 0.8248762376237624, 'acc5': 0.9597772277227723, 'loss': 79.8088332042098, 'macs': 57004233192, 'params': 290688488, 'model_size': 1108.8885803222656, 'inference_time': 0}
2024-10-13 13:41:35,570 Pruning 512 in layer 6
2024-10-13 13:41:47,485 Gathering metrics
2024-10-13 13:43:06,226 {'acc1': 0.8258044554455446, 'acc5': 0.9600866336633663, 'loss': 80.03879373520613, 'macs': 56900898024, 'params': 290163944, 'model_size': 1106.8876037597656, 'inference_time': 0}
2024-10-13 13:43:06,253 Pruning 768 in layer 6
2024-10-13 13:43:15,901 Gathering metrics
2024-10-13 13:44:35,053 {'acc1': 0.8239480198019802, 'acc5': 0.9600866336633663, 'loss': 80.4907847493887, 'macs': 56797562856, 'params': 289639400, 'model_size': 1104.8866271972656, 'inference_time': 0}
2024-10-13 13:44:35,083 Pruning 1024 in layer 6
2024-10-13 13:44:43,344 Gathering metrics
2024-10-13 13:46:01,933 {'acc1': 0.8236386138613861, 'acc5': 0.9600866336633663, 'loss': 80.88451195508242, 'macs': 56694227688, 'params': 289114856, 'model_size': 1102.8856506347656, 'inference_time': 0}
2024-10-13 13:46:01,962 Pruning 1280 in layer 6
2024-10-13 13:46:08,859 Gathering metrics
2024-10-13 13:47:28,890 {'acc1': 0.8236386138613861, 'acc5': 0.9588490099009901, 'loss': 80.92653205990791, 'macs': 56590892520, 'params': 288590312, 'model_size': 1100.8846740722656, 'inference_time': 0}
2024-10-13 13:47:28,920 Pruning 1536 in layer 6
2024-10-13 13:47:34,765 Gathering metrics
2024-10-13 13:48:53,296 {'acc1': 0.8236386138613861, 'acc5': 0.9585396039603961, 'loss': 81.05562242865562, 'macs': 56487557352, 'params': 288065768, 'model_size': 1098.8836975097656, 'inference_time': 0}
2024-10-13 13:48:53,324 Pruning 1792 in layer 6
2024-10-13 13:48:57,931 Gathering metrics
2024-10-13 13:50:16,236 {'acc1': 0.8220915841584159, 'acc5': 0.9585396039603961, 'loss': 81.39168549329042, 'macs': 56384222184, 'params': 287541224, 'model_size': 1096.8827209472656, 'inference_time': 0}
2024-10-13 13:50:16,363 Pruning 256 in layer 7
2024-10-13 13:50:29,615 Gathering metrics
2024-10-13 13:51:47,891 {'acc1': 0.8220915841584159, 'acc5': 0.9588490099009901, 'loss': 81.33907084167004, 'macs': 56384222184, 'params': 287541224, 'model_size': 1096.8827209472656, 'inference_time': 0}
2024-10-13 13:51:47,918 Pruning 512 in layer 7
2024-10-13 13:51:59,818 Gathering metrics
2024-10-13 13:53:18,373 {'acc1': 0.8217821782178217, 'acc5': 0.9576113861386139, 'loss': 81.60130428522825, 'macs': 56280887016, 'params': 287016680, 'model_size': 1094.8817443847656, 'inference_time': 0}
2024-10-13 13:53:18,402 Pruning 768 in layer 7
2024-10-13 13:53:28,009 Gathering metrics
2024-10-13 13:54:46,489 {'acc1': 0.8211633663366337, 'acc5': 0.9576113861386139, 'loss': 81.7753594443202, 'macs': 56177551848, 'params': 286492136, 'model_size': 1092.8807678222656, 'inference_time': 0}
2024-10-13 13:54:46,519 Pruning 1024 in layer 7
2024-10-13 13:54:54,757 Gathering metrics
2024-10-13 13:56:12,577 {'acc1': 0.8205445544554455, 'acc5': 0.9569925742574258, 'loss': 82.14742755144835, 'macs': 56074216680, 'params': 285967592, 'model_size': 1090.8797912597656, 'inference_time': 0}
2024-10-13 13:56:12,606 Pruning 1280 in layer 7
2024-10-13 13:56:19,501 Gathering metrics
2024-10-13 13:57:37,723 {'acc1': 0.8196163366336634, 'acc5': 0.9576113861386139, 'loss': 82.27610985189676, 'macs': 55970881512, 'params': 285443048, 'model_size': 1088.8788146972656, 'inference_time': 0}
2024-10-13 13:57:37,756 Pruning 256 in layer 8
2024-10-13 13:57:51,034 Gathering metrics
2024-10-13 13:59:08,804 {'acc1': 0.8202351485148515, 'acc5': 0.9569925742574258, 'loss': 82.42005418986082, 'macs': 55970881512, 'params': 285443048, 'model_size': 1088.8788146972656, 'inference_time': 0}
2024-10-13 13:59:08,833 Pruning 512 in layer 8
2024-10-13 13:59:20,732 Gathering metrics
2024-10-13 14:00:39,224 {'acc1': 0.8208539603960396, 'acc5': 0.9566831683168316, 'loss': 82.84026815742254, 'macs': 55867546344, 'params': 284918504, 'model_size': 1086.8778381347656, 'inference_time': 0}
2024-10-13 14:00:39,252 Pruning 768 in layer 8
2024-10-13 14:00:48,931 Gathering metrics
2024-10-13 14:02:06,601 {'acc1': 0.8199257425742574, 'acc5': 0.9566831683168316, 'loss': 83.19167099148035, 'macs': 55764211176, 'params': 284393960, 'model_size': 1084.8768615722656, 'inference_time': 0}
2024-10-13 14:02:06,630 Pruning 1024 in layer 8
2024-10-13 14:02:14,865 Gathering metrics
2024-10-13 14:03:33,222 {'acc1': 0.8168316831683168, 'acc5': 0.9566831683168316, 'loss': 83.70910185575485, 'macs': 55660876008, 'params': 283869416, 'model_size': 1082.8758850097656, 'inference_time': 0}
2024-10-13 14:03:33,251 Pruning 256 in layer 9
2024-10-13 14:03:46,507 Gathering metrics
2024-10-13 14:05:04,192 {'acc1': 0.8199257425742574, 'acc5': 0.9563737623762376, 'loss': 83.20807699114084, 'macs': 55660876008, 'params': 283869416, 'model_size': 1082.8758850097656, 'inference_time': 0}
2024-10-13 14:05:04,223 Pruning 512 in layer 9
2024-10-13 14:05:16,132 Gathering metrics
2024-10-13 14:06:34,369 {'acc1': 0.8196163366336634, 'acc5': 0.9563737623762376, 'loss': 83.29636348038912, 'macs': 55557540840, 'params': 283344872, 'model_size': 1080.8749084472656, 'inference_time': 0}
2024-10-13 14:06:34,396 Pruning 768 in layer 9
2024-10-13 14:06:44,068 Gathering metrics
2024-10-13 14:08:01,574 {'acc1': 0.8193069306930693, 'acc5': 0.9573019801980198, 'loss': 83.28900910168886, 'macs': 55454205672, 'params': 282820328, 'model_size': 1078.8739318847656, 'inference_time': 0}
2024-10-13 14:08:01,700 Pruning 1024 in layer 9
2024-10-13 14:08:09,963 Gathering metrics
2024-10-13 14:09:27,690 {'acc1': 0.8196163366336634, 'acc5': 0.9576113861386139, 'loss': 83.31214114278555, 'macs': 55350870504, 'params': 282295784, 'model_size': 1076.8729553222656, 'inference_time': 0}
2024-10-13 14:09:27,720 Pruning 1280 in layer 9
2024-10-13 14:09:34,630 Gathering metrics
2024-10-13 14:10:51,540 {'acc1': 0.817759900990099, 'acc5': 0.9579207920792079, 'loss': 83.41901856660843, 'macs': 55247535336, 'params': 281771240, 'model_size': 1074.8719787597656, 'inference_time': 0}
2024-10-13 14:10:51,568 Pruning 1536 in layer 9
2024-10-13 14:10:57,401 Gathering metrics
2024-10-13 14:12:17,150 {'acc1': 0.8189975247524752, 'acc5': 0.9576113861386139, 'loss': 83.57701820135117, 'macs': 55144200168, 'params': 281246696, 'model_size': 1072.8710021972656, 'inference_time': 0}
2024-10-13 14:12:17,179 Pruning 1792 in layer 9
2024-10-13 14:12:21,806 Gathering metrics
2024-10-13 14:13:40,172 {'acc1': 0.8193069306930693, 'acc5': 0.958230198019802, 'loss': 83.35969739407301, 'macs': 55040865000, 'params': 280722152, 'model_size': 1070.8700256347656, 'inference_time': 0}
2024-10-13 14:13:40,202 Pruning 2048 in layer 9
2024-10-13 14:13:44,001 Gathering metrics
2024-10-13 14:15:02,255 {'acc1': 0.8189975247524752, 'acc5': 0.958230198019802, 'loss': 83.48999261111021, 'macs': 54937529832, 'params': 280197608, 'model_size': 1068.8690490722656, 'inference_time': 0}
2024-10-13 14:15:02,285 Pruning 2304 in layer 9
2024-10-13 14:15:05,337 Gathering metrics
2024-10-13 14:16:23,694 {'acc1': 0.8171410891089109, 'acc5': 0.9579207920792079, 'loss': 83.61950208246708, 'macs': 54834194664, 'params': 279673064, 'model_size': 1066.8680725097656, 'inference_time': 0}
2024-10-13 14:16:23,723 Pruning 2560 in layer 9
2024-10-13 14:16:25,966 Gathering metrics
2024-10-13 14:17:43,853 {'acc1': 0.8171410891089109, 'acc5': 0.9579207920792079, 'loss': 83.54014582931995, 'macs': 54730859496, 'params': 279148520, 'model_size': 1064.8670959472656, 'inference_time': 0}
2024-10-13 14:17:43,883 Pruning 2816 in layer 9
2024-10-13 14:17:45,632 Gathering metrics
2024-10-13 14:19:03,589 {'acc1': 0.8171410891089109, 'acc5': 0.9569925742574258, 'loss': 83.79212344437838, 'macs': 54627524328, 'params': 278623976, 'model_size': 1062.8661193847656, 'inference_time': 0}
2024-10-13 14:19:03,619 Pruning 3072 in layer 9
2024-10-13 14:19:04,949 Gathering metrics
2024-10-13 14:20:22,601 {'acc1': 0.8168316831683168, 'acc5': 0.9579207920792079, 'loss': 83.95701348781586, 'macs': 54524189160, 'params': 278099432, 'model_size': 1060.8651428222656, 'inference_time': 0}
2024-10-13 14:20:22,631 Pruning 3328 in layer 9
2024-10-13 14:20:23,632 Gathering metrics
2024-10-13 14:21:41,754 {'acc1': 0.8165222772277227, 'acc5': 0.9566831683168316, 'loss': 84.38084525614977, 'macs': 54420853992, 'params': 277574888, 'model_size': 1058.8641662597656, 'inference_time': 0}
2024-10-13 14:21:41,782 Pruning 3584 in layer 9
2024-10-13 14:21:42,544 Gathering metrics
2024-10-13 14:23:00,210 {'acc1': 0.8149752475247525, 'acc5': 0.9542079207920792, 'loss': 84.74913751333952, 'macs': 54317518824, 'params': 277050344, 'model_size': 1056.8631896972656, 'inference_time': 0}
2024-10-13 14:23:00,239 Pruning 256 in layer 10
2024-10-13 14:23:13,541 Gathering metrics
2024-10-13 14:24:31,681 {'acc1': 0.8162128712871287, 'acc5': 0.9569925742574258, 'loss': 84.47477592527866, 'macs': 54317518824, 'params': 277050344, 'model_size': 1056.8631896972656, 'inference_time': 0}
2024-10-13 14:24:31,709 Pruning 512 in layer 10
2024-10-13 14:24:43,676 Gathering metrics
2024-10-13 14:26:01,458 {'acc1': 0.8165222772277227, 'acc5': 0.9579207920792079, 'loss': 84.29037115722895, 'macs': 54214183656, 'params': 276525800, 'model_size': 1054.8622131347656, 'inference_time': 0}
2024-10-13 14:26:01,489 Pruning 768 in layer 10
2024-10-13 14:26:11,093 Gathering metrics
2024-10-13 14:27:28,757 {'acc1': 0.8162128712871287, 'acc5': 0.9566831683168316, 'loss': 84.54542697966099, 'macs': 54110848488, 'params': 276001256, 'model_size': 1052.8612365722656, 'inference_time': 0}
2024-10-13 14:27:28,891 Pruning 1024 in layer 10
2024-10-13 14:27:37,147 Gathering metrics
2024-10-13 14:28:54,752 {'acc1': 0.8155940594059405, 'acc5': 0.9560643564356436, 'loss': 84.65313947200775, 'macs': 54007513320, 'params': 275476712, 'model_size': 1050.8602600097656, 'inference_time': 0}
2024-10-13 14:28:54,783 Pruning 1280 in layer 10
2024-10-13 14:29:01,687 Gathering metrics
2024-10-13 14:30:18,962 {'acc1': 0.8168316831683168, 'acc5': 0.9566831683168316, 'loss': 84.64450628310442, 'macs': 53904178152, 'params': 274952168, 'model_size': 1048.8592834472656, 'inference_time': 0}
2024-10-13 14:30:18,990 Pruning 1536 in layer 10
2024-10-13 14:30:24,808 Gathering metrics
2024-10-13 14:31:40,749 {'acc1': 0.8162128712871287, 'acc5': 0.9566831683168316, 'loss': 84.52216173708439, 'macs': 53800842984, 'params': 274427624, 'model_size': 1046.8583068847656, 'inference_time': 0}
2024-10-13 14:31:40,779 Pruning 1792 in layer 10
2024-10-13 14:31:45,392 Gathering metrics
2024-10-13 14:33:02,514 {'acc1': 0.8171410891089109, 'acc5': 0.9557549504950495, 'loss': 84.5733215212822, 'macs': 53697507816, 'params': 273903080, 'model_size': 1044.8573303222656, 'inference_time': 0}
2024-10-13 14:33:02,541 Pruning 2048 in layer 10
2024-10-13 14:33:06,275 Gathering metrics
2024-10-13 14:34:22,642 {'acc1': 0.818069306930693, 'acc5': 0.9554455445544554, 'loss': 84.66835913062096, 'macs': 53594172648, 'params': 273378536, 'model_size': 1042.8563537597656, 'inference_time': 0}
2024-10-13 14:34:22,672 Pruning 2304 in layer 10
2024-10-13 14:34:25,690 Gathering metrics
2024-10-13 14:35:42,608 {'acc1': 0.8189975247524752, 'acc5': 0.9557549504950495, 'loss': 84.6442468687892, 'macs': 53490837480, 'params': 272853992, 'model_size': 1040.8553771972656, 'inference_time': 0}
2024-10-13 14:35:42,637 Pruning 2560 in layer 10
2024-10-13 14:35:44,882 Gathering metrics
2024-10-13 14:37:01,693 {'acc1': 0.817450495049505, 'acc5': 0.9560643564356436, 'loss': 84.6903136074543, 'macs': 53387502312, 'params': 272329448, 'model_size': 1038.8544006347656, 'inference_time': 0}
2024-10-13 14:37:01,721 Pruning 2816 in layer 10
2024-10-13 14:37:03,438 Gathering metrics
2024-10-13 14:38:20,112 {'acc1': 0.817759900990099, 'acc5': 0.9554455445544554, 'loss': 84.9592182263732, 'macs': 53284167144, 'params': 271804904, 'model_size': 1036.8534240722656, 'inference_time': 0}
2024-10-13 14:38:20,142 Pruning 3072 in layer 10
2024-10-13 14:38:21,464 Gathering metrics
2024-10-13 14:39:37,746 {'acc1': 0.817759900990099, 'acc5': 0.9557549504950495, 'loss': 85.09115771949291, 'macs': 53180831976, 'params': 271280360, 'model_size': 1034.8524475097656, 'inference_time': 0}
2024-10-13 14:39:37,774 Pruning 3328 in layer 10
2024-10-13 14:39:38,775 Gathering metrics
2024-10-13 14:40:54,416 {'acc1': 0.8159034653465347, 'acc5': 0.9557549504950495, 'loss': 85.1299450546503, 'macs': 53077496808, 'params': 270755816, 'model_size': 1032.8514709472656, 'inference_time': 0}
2024-10-13 14:40:54,446 Pruning 3584 in layer 10
2024-10-13 14:40:55,198 Gathering metrics
2024-10-13 14:42:11,525 {'acc1': 0.8159034653465347, 'acc5': 0.9551361386138614, 'loss': 85.3411705493927, 'macs': 52974161640, 'params': 270231272, 'model_size': 1030.8504943847656, 'inference_time': 0}
2024-10-13 14:42:11,553 Pruning 3840 in layer 10
2024-10-13 14:42:12,130 Gathering metrics
2024-10-13 14:43:27,553 {'acc1': 0.8162128712871287, 'acc5': 0.9545173267326733, 'loss': 85.38934832066298, 'macs': 52870826472, 'params': 269706728, 'model_size': 1028.8495178222656, 'inference_time': 0}
2024-10-13 14:43:27,583 Pruning 256 in layer 11
2024-10-13 14:43:40,875 Gathering metrics
2024-10-13 14:44:57,430 {'acc1': 0.8146658415841584, 'acc5': 0.9535891089108911, 'loss': 85.53959252685308, 'macs': 52870826472, 'params': 269706728, 'model_size': 1028.8495178222656, 'inference_time': 0}
2024-10-13 14:44:57,459 Pruning 512 in layer 11
2024-10-13 14:45:09,384 Gathering metrics
2024-10-13 14:46:24,374 {'acc1': 0.8149752475247525, 'acc5': 0.9529702970297029, 'loss': 85.66641368716955, 'macs': 52767491304, 'params': 269182184, 'model_size': 1026.8485412597656, 'inference_time': 0}
2024-10-13 14:46:24,506 Pruning 768 in layer 11
2024-10-13 14:46:34,152 Gathering metrics
2024-10-13 14:47:49,192 {'acc1': 0.8143564356435643, 'acc5': 0.9529702970297029, 'loss': 85.85802990198135, 'macs': 52664156136, 'params': 268657640, 'model_size': 1024.8475646972656, 'inference_time': 0}
2024-10-13 14:47:49,222 Pruning 1024 in layer 11
2024-10-13 14:47:57,438 Gathering metrics
2024-10-13 14:49:14,048 {'acc1': 0.8149752475247525, 'acc5': 0.9532797029702971, 'loss': 85.9374316856265, 'macs': 52560820968, 'params': 268133096, 'model_size': 1022.8465881347656, 'inference_time': 0}
2024-10-13 14:49:14,076 Pruning 1280 in layer 11
2024-10-13 14:49:20,881 Gathering metrics
2024-10-13 14:50:36,605 {'acc1': 0.8131188118811881, 'acc5': 0.9532797029702971, 'loss': 86.24639646708965, 'macs': 52457485800, 'params': 267608552, 'model_size': 1020.8456115722656, 'inference_time': 0}
2024-10-13 14:50:36,634 Pruning 1536 in layer 11
2024-10-13 14:50:42,446 Gathering metrics
2024-10-13 14:51:58,398 {'acc1': 0.8140470297029703, 'acc5': 0.9532797029702971, 'loss': 86.63691647350788, 'macs': 52354150632, 'params': 267084008, 'model_size': 1018.8446350097656, 'inference_time': 0}
2024-10-13 14:51:58,429 Pruning 1792 in layer 11
2024-10-13 14:52:03,024 Gathering metrics
2024-10-13 14:53:18,050 {'acc1': 0.8131188118811881, 'acc5': 0.9538985148514851, 'loss': 86.65982980281115, 'macs': 52250815464, 'params': 266559464, 'model_size': 1016.8436584472656, 'inference_time': 0}
2024-10-13 14:53:18,078 Pruning 2048 in layer 11
2024-10-13 14:53:21,840 Gathering metrics
2024-10-13 14:54:37,507 {'acc1': 0.8159034653465347, 'acc5': 0.9523514851485149, 'loss': 86.77928669005632, 'macs': 52147480296, 'params': 266034920, 'model_size': 1014.8426818847656, 'inference_time': 0}
2024-10-13 14:54:37,539 Pruning 2304 in layer 11
2024-10-13 14:54:40,578 Gathering metrics
2024-10-13 14:55:55,900 {'acc1': 0.8137376237623762, 'acc5': 0.9520420792079208, 'loss': 86.8206243366003, 'macs': 52044145128, 'params': 265510376, 'model_size': 1012.8417053222656, 'inference_time': 0}
2024-10-13 14:55:55,927 Pruning 2560 in layer 11
2024-10-13 14:55:58,141 Gathering metrics
2024-10-13 14:57:11,915 {'acc1': 0.8152846534653465, 'acc5': 0.9523514851485149, 'loss': 86.84213687479496, 'macs': 51940809960, 'params': 264985832, 'model_size': 1010.8407287597656, 'inference_time': 0}
2024-10-13 14:57:11,944 Pruning 2816 in layer 11
2024-10-13 14:57:13,689 Gathering metrics
2024-10-13 14:58:28,503 {'acc1': 0.8149752475247525, 'acc5': 0.9517326732673267, 'loss': 86.93736851215363, 'macs': 51837474792, 'params': 264461288, 'model_size': 1008.8397521972656, 'inference_time': 0}
2024-10-13 14:58:28,533 Pruning 3072 in layer 11
2024-10-13 14:58:29,855 Gathering metrics
2024-10-13 14:59:45,016 {'acc1': 0.8149752475247525, 'acc5': 0.9508044554455446, 'loss': 87.31264942139387, 'macs': 51734139624, 'params': 263936744, 'model_size': 1006.8387756347656, 'inference_time': 0}
2024-10-13 14:59:45,047 Pruning 3328 in layer 11
2024-10-13 14:59:46,051 Gathering metrics
2024-10-13 15:01:02,245 {'acc1': 0.8146658415841584, 'acc5': 0.9501856435643564, 'loss': 87.74688787013292, 'macs': 51630804456, 'params': 263412200, 'model_size': 1004.8377990722656, 'inference_time': 0}
2024-10-13 15:01:02,273 Pruning 3584 in layer 11
2024-10-13 15:01:03,041 Gathering metrics
2024-10-13 15:02:18,238 {'acc1': 0.812190594059406, 'acc5': 0.9489480198019802, 'loss': 88.20775073766708, 'macs': 51527469288, 'params': 262887656, 'model_size': 1002.8368225097656, 'inference_time': 0}
2024-10-13 15:02:18,265 Pruning 256 in layer 12
2024-10-13 15:02:31,577 Gathering metrics
2024-10-13 15:03:46,806 {'acc1': 0.8137376237623762, 'acc5': 0.9504950495049505, 'loss': 87.95289584249258, 'macs': 51527469288, 'params': 262887656, 'model_size': 1002.8368225097656, 'inference_time': 0}
2024-10-13 15:03:46,836 Pruning 512 in layer 12
2024-10-13 15:03:58,778 Gathering metrics
2024-10-13 15:05:14,151 {'acc1': 0.8131188118811881, 'acc5': 0.9495668316831684, 'loss': 87.99427092820406, 'macs': 51424134120, 'params': 262363112, 'model_size': 1000.8358459472656, 'inference_time': 0}
2024-10-13 15:05:14,284 Pruning 768 in layer 12
2024-10-13 15:05:23,959 Gathering metrics
2024-10-13 15:06:38,771 {'acc1': 0.8131188118811881, 'acc5': 0.9492574257425742, 'loss': 87.99066355079412, 'macs': 51320798952, 'params': 261838568, 'model_size': 998.8348693847656, 'inference_time': 0}
2024-10-13 15:06:38,801 Pruning 1024 in layer 12
2024-10-13 15:06:47,021 Gathering metrics
2024-10-13 15:08:02,264 {'acc1': 0.8143564356435643, 'acc5': 0.9508044554455446, 'loss': 87.8303739503026, 'macs': 51217463784, 'params': 261314024, 'model_size': 996.8338928222656, 'inference_time': 0}
2024-10-13 15:08:02,295 Pruning 1280 in layer 12
2024-10-13 15:08:09,222 Gathering metrics
2024-10-13 15:09:23,976 {'acc1': 0.8152846534653465, 'acc5': 0.9498762376237624, 'loss': 88.01649751514196, 'macs': 51114128616, 'params': 260789480, 'model_size': 994.8329162597656, 'inference_time': 0}
2024-10-13 15:09:24,005 Pruning 1536 in layer 12
2024-10-13 15:09:29,894 Gathering metrics
2024-10-13 15:10:44,563 {'acc1': 0.8152846534653465, 'acc5': 0.9492574257425742, 'loss': 87.9627364128828, 'macs': 51010793448, 'params': 260264936, 'model_size': 992.8319396972656, 'inference_time': 0}
2024-10-13 15:10:44,591 Pruning 1792 in layer 12
2024-10-13 15:10:49,235 Gathering metrics
2024-10-13 15:12:02,739 {'acc1': 0.8134282178217822, 'acc5': 0.9498762376237624, 'loss': 87.96255850046873, 'macs': 50907458280, 'params': 259740392, 'model_size': 990.8309631347656, 'inference_time': 0}
2024-10-13 15:12:02,768 Pruning 2048 in layer 12
2024-10-13 15:12:06,578 Gathering metrics
2024-10-13 15:13:19,415 {'acc1': 0.812190594059406, 'acc5': 0.9498762376237624, 'loss': 88.04196756333113, 'macs': 50804123112, 'params': 259215848, 'model_size': 988.8299865722656, 'inference_time': 0}
2024-10-13 15:13:19,446 Pruning 2304 in layer 12
2024-10-13 15:13:22,492 Gathering metrics
2024-10-13 15:14:35,107 {'acc1': 0.8103341584158416, 'acc5': 0.9492574257425742, 'loss': 88.17513984441757, 'macs': 50700787944, 'params': 258691304, 'model_size': 986.8290100097656, 'inference_time': 0}
2024-10-13 15:14:35,141 Pruning 256 in layer 13
2024-10-13 15:14:48,409 Gathering metrics
2024-10-13 15:16:01,208 {'acc1': 0.812809405940594, 'acc5': 0.9504950495049505, 'loss': 87.93769697099924, 'macs': 50700787944, 'params': 258691304, 'model_size': 986.8290100097656, 'inference_time': 0}
2024-10-13 15:16:01,237 Pruning 512 in layer 13
2024-10-13 15:16:13,180 Gathering metrics
2024-10-13 15:17:26,141 {'acc1': 0.8134282178217822, 'acc5': 0.9511138613861386, 'loss': 87.93752445280552, 'macs': 50597452776, 'params': 258166760, 'model_size': 984.8280334472656, 'inference_time': 0}
2024-10-13 15:17:26,170 Pruning 768 in layer 13
2024-10-13 15:17:35,851 Gathering metrics
2024-10-13 15:18:50,108 {'acc1': 0.8140470297029703, 'acc5': 0.9508044554455446, 'loss': 87.95501510798931, 'macs': 50494117608, 'params': 257642216, 'model_size': 982.8270568847656, 'inference_time': 0}
2024-10-13 15:18:50,139 Pruning 1024 in layer 13
2024-10-13 15:18:58,406 Gathering metrics
2024-10-13 15:20:12,444 {'acc1': 0.8149752475247525, 'acc5': 0.9508044554455446, 'loss': 88.00077124685049, 'macs': 50390782440, 'params': 257117672, 'model_size': 980.8260803222656, 'inference_time': 0}
2024-10-13 15:20:12,476 Pruning 1280 in layer 13
2024-10-13 15:20:19,367 Gathering metrics
2024-10-13 15:21:33,285 {'acc1': 0.8143564356435643, 'acc5': 0.9511138613861386, 'loss': 88.20098693668842, 'macs': 50287447272, 'params': 256593128, 'model_size': 978.8251037597656, 'inference_time': 0}
2024-10-13 15:21:33,314 Pruning 1536 in layer 13
2024-10-13 15:21:39,161 Gathering metrics
2024-10-13 15:22:51,221 {'acc1': 0.8131188118811881, 'acc5': 0.9511138613861386, 'loss': 88.38003935664892, 'macs': 50184112104, 'params': 256068584, 'model_size': 976.8241271972656, 'inference_time': 0}
2024-10-13 15:22:51,250 Pruning 1792 in layer 13
2024-10-13 15:22:55,885 Gathering metrics
2024-10-13 15:24:07,773 {'acc1': 0.8140470297029703, 'acc5': 0.9508044554455446, 'loss': 88.18346422165632, 'macs': 50080776936, 'params': 255544040, 'model_size': 974.8231506347656, 'inference_time': 0}
2024-10-13 15:24:07,903 Pruning 2048 in layer 13
2024-10-13 15:24:11,681 Gathering metrics
2024-10-13 15:25:23,784 {'acc1': 0.8112623762376238, 'acc5': 0.9504950495049505, 'loss': 88.31192024797201, 'macs': 49977441768, 'params': 255019496, 'model_size': 972.8221740722656, 'inference_time': 0}
2024-10-13 15:25:23,814 Pruning 2304 in layer 13
2024-10-13 15:25:26,845 Gathering metrics
2024-10-13 15:26:39,478 {'acc1': 0.8112623762376238, 'acc5': 0.9504950495049505, 'loss': 88.27353733032942, 'macs': 49874106600, 'params': 254494952, 'model_size': 970.8211975097656, 'inference_time': 0}
2024-10-13 15:26:39,510 Pruning 2560 in layer 13
2024-10-13 15:26:41,762 Gathering metrics
2024-10-13 15:27:54,035 {'acc1': 0.8094059405940595, 'acc5': 0.9501856435643564, 'loss': 88.33091451972723, 'macs': 49770771432, 'params': 253970408, 'model_size': 968.8202209472656, 'inference_time': 0}
2024-10-13 15:27:54,066 Pruning 2816 in layer 13
2024-10-13 15:27:55,814 Gathering metrics
2024-10-13 15:29:07,201 {'acc1': 0.8087871287128713, 'acc5': 0.9508044554455446, 'loss': 88.54539974033833, 'macs': 49667436264, 'params': 253445864, 'model_size': 966.8192443847656, 'inference_time': 0}
2024-10-13 15:29:07,231 Pruning 3072 in layer 13
2024-10-13 15:29:08,560 Gathering metrics
2024-10-13 15:30:20,283 {'acc1': 0.806930693069307, 'acc5': 0.9504950495049505, 'loss': 88.74600699543953, 'macs': 49564101096, 'params': 252921320, 'model_size': 964.8182678222656, 'inference_time': 0}
2024-10-13 15:30:20,313 Pruning 256 in layer 14
2024-10-13 15:30:33,585 Gathering metrics
2024-10-13 15:31:45,748 {'acc1': 0.8084777227722773, 'acc5': 0.9514232673267327, 'loss': 88.57010736316442, 'macs': 49564101096, 'params': 252921320, 'model_size': 964.8182678222656, 'inference_time': 0}
2024-10-13 15:31:45,776 Pruning 512 in layer 14
2024-10-13 15:31:57,655 Gathering metrics
2024-10-13 15:33:09,322 {'acc1': 0.8097153465346535, 'acc5': 0.9495668316831684, 'loss': 88.70068214088678, 'macs': 49460765928, 'params': 252396776, 'model_size': 962.8172912597656, 'inference_time': 0}
2024-10-13 15:33:09,353 Pruning 768 in layer 14
2024-10-13 15:33:19,023 Gathering metrics
2024-10-13 15:34:31,146 {'acc1': 0.8090965346534653, 'acc5': 0.9511138613861386, 'loss': 88.68948840349913, 'macs': 49357430760, 'params': 251872232, 'model_size': 960.8163146972656, 'inference_time': 0}
2024-10-13 15:34:31,177 Pruning 1024 in layer 14
2024-10-13 15:34:39,431 Gathering metrics
2024-10-13 15:35:50,843 {'acc1': 0.8090965346534653, 'acc5': 0.9498762376237624, 'loss': 88.71056087315083, 'macs': 49254095592, 'params': 251347688, 'model_size': 958.8153381347656, 'inference_time': 0}
2024-10-13 15:35:50,869 Pruning 1280 in layer 14
2024-10-13 15:35:57,794 Gathering metrics
2024-10-13 15:37:09,019 {'acc1': 0.8087871287128713, 'acc5': 0.9495668316831684, 'loss': 88.68610751628876, 'macs': 49150760424, 'params': 250823144, 'model_size': 956.8143615722656, 'inference_time': 0}
2024-10-13 15:37:09,048 Pruning 1536 in layer 14
2024-10-13 15:37:14,914 Gathering metrics
2024-10-13 15:38:26,496 {'acc1': 0.8087871287128713, 'acc5': 0.9495668316831684, 'loss': 88.62433125078678, 'macs': 49047425256, 'params': 250298600, 'model_size': 954.8133850097656, 'inference_time': 0}
2024-10-13 15:38:26,526 Pruning 1792 in layer 14
2024-10-13 15:38:31,178 Gathering metrics
2024-10-13 15:39:42,277 {'acc1': 0.8094059405940595, 'acc5': 0.9489480198019802, 'loss': 88.69517944008112, 'macs': 48944090088, 'params': 249774056, 'model_size': 952.8124084472656, 'inference_time': 0}
2024-10-13 15:39:42,306 Pruning 2048 in layer 14
2024-10-13 15:39:46,116 Gathering metrics
2024-10-13 15:40:57,014 {'acc1': 0.8084777227722773, 'acc5': 0.9489480198019802, 'loss': 88.65676888078451, 'macs': 48840754920, 'params': 249249512, 'model_size': 950.8114318847656, 'inference_time': 0}
2024-10-13 15:40:57,043 Pruning 2304 in layer 14
2024-10-13 15:41:00,078 Gathering metrics
2024-10-13 15:42:10,702 {'acc1': 0.8087871287128713, 'acc5': 0.9492574257425742, 'loss': 88.69237805902958, 'macs': 48737419752, 'params': 248724968, 'model_size': 948.8104553222656, 'inference_time': 0}
2024-10-13 15:42:10,838 Pruning 2560 in layer 14
2024-10-13 15:42:13,074 Gathering metrics
2024-10-13 15:43:24,006 {'acc1': 0.8103341584158416, 'acc5': 0.9486386138613861, 'loss': 88.82511266320944, 'macs': 48634084584, 'params': 248200424, 'model_size': 946.8094787597656, 'inference_time': 0}
2024-10-13 15:43:24,035 Pruning 2816 in layer 14
2024-10-13 15:43:25,786 Gathering metrics
2024-10-13 15:44:36,259 {'acc1': 0.8094059405940595, 'acc5': 0.9492574257425742, 'loss': 89.0570524558425, 'macs': 48530749416, 'params': 247675880, 'model_size': 944.8085021972656, 'inference_time': 0}
2024-10-13 15:44:36,290 Pruning 3072 in layer 14
2024-10-13 15:44:37,605 Gathering metrics
2024-10-13 15:45:48,003 {'acc1': 0.8100247524752475, 'acc5': 0.9477103960396039, 'loss': 89.23162211477757, 'macs': 48427414248, 'params': 247151336, 'model_size': 942.8075256347656, 'inference_time': 0}
2024-10-13 15:45:48,034 Pruning 3328 in layer 14
2024-10-13 15:45:49,028 Gathering metrics
2024-10-13 15:46:59,532 {'acc1': 0.8097153465346535, 'acc5': 0.9477103960396039, 'loss': 89.82841329276562, 'macs': 48324079080, 'params': 246626792, 'model_size': 940.8065490722656, 'inference_time': 0}
2024-10-13 15:46:59,562 Pruning 3584 in layer 14
2024-10-13 15:47:00,322 Gathering metrics
2024-10-13 15:48:10,649 {'acc1': 0.8066212871287128, 'acc5': 0.9470915841584159, 'loss': 89.67412593960762, 'macs': 48220743912, 'params': 246102248, 'model_size': 938.8055725097656, 'inference_time': 0}
2024-10-13 15:48:10,679 Pruning 3840 in layer 14
2024-10-13 15:48:11,247 Gathering metrics
2024-10-13 15:49:21,560 {'acc1': 0.801980198019802, 'acc5': 0.9467821782178217, 'loss': 90.86194635182619, 'macs': 48117408744, 'params': 245577704, 'model_size': 936.8045959472656, 'inference_time': 0}
2024-10-13 15:49:21,591 Pruning 256 in layer 15
2024-10-13 15:49:34,880 Gathering metrics
2024-10-13 15:50:45,204 {'acc1': 0.8063118811881188, 'acc5': 0.9477103960396039, 'loss': 89.66334372758865, 'macs': 48117408744, 'params': 245577704, 'model_size': 936.8045959472656, 'inference_time': 0}
2024-10-13 15:50:45,233 Pruning 512 in layer 15
2024-10-13 15:50:57,121 Gathering metrics
2024-10-13 15:52:07,283 {'acc1': 0.8056930693069307, 'acc5': 0.9467821782178217, 'loss': 89.75217874348164, 'macs': 48014073576, 'params': 245053160, 'model_size': 934.8036193847656, 'inference_time': 0}
2024-10-13 15:52:07,313 Pruning 768 in layer 15
2024-10-13 15:52:16,913 Gathering metrics
2024-10-13 15:53:26,919 {'acc1': 0.8050742574257426, 'acc5': 0.9474009900990099, 'loss': 89.92532478272915, 'macs': 47910738408, 'params': 244528616, 'model_size': 932.8026428222656, 'inference_time': 0}
2024-10-13 15:53:26,951 Pruning 1024 in layer 15
2024-10-13 15:53:35,175 Gathering metrics
2024-10-13 15:54:44,954 {'acc1': 0.8032178217821783, 'acc5': 0.9458539603960396, 'loss': 90.20051124691963, 'macs': 47807403240, 'params': 244004072, 'model_size': 930.8016662597656, 'inference_time': 0}
2024-10-13 15:54:44,983 Pruning 1280 in layer 15
2024-10-13 15:54:51,837 Gathering metrics
2024-10-13 15:56:01,316 {'acc1': 0.8038366336633663, 'acc5': 0.9461633663366337, 'loss': 90.29714774340391, 'macs': 47704068072, 'params': 243479528, 'model_size': 928.8006896972656, 'inference_time': 0}
2024-10-13 15:56:01,345 Pruning 1536 in layer 15
2024-10-13 15:56:07,182 Gathering metrics
2024-10-13 15:57:16,460 {'acc1': 0.8041460396039604, 'acc5': 0.9452351485148515, 'loss': 90.2848503664136, 'macs': 47600732904, 'params': 242954984, 'model_size': 926.7997131347656, 'inference_time': 0}
2024-10-13 15:57:16,490 Pruning 1792 in layer 15
2024-10-13 15:57:21,112 Gathering metrics
2024-10-13 15:58:30,677 {'acc1': 0.8025990099009901, 'acc5': 0.9449257425742574, 'loss': 90.08569841831923, 'macs': 47497397736, 'params': 242430440, 'model_size': 924.7987365722656, 'inference_time': 0}
2024-10-13 15:58:30,811 Pruning 256 in layer 16
2024-10-13 15:58:44,060 Gathering metrics
2024-10-13 15:59:55,111 {'acc1': 0.8038366336633663, 'acc5': 0.9458539603960396, 'loss': 90.36637602001429, 'macs': 47497397736, 'params': 242430440, 'model_size': 924.7987365722656, 'inference_time': 0}
2024-10-13 15:59:55,140 Pruning 512 in layer 16
2024-10-13 16:00:06,989 Gathering metrics
2024-10-13 16:01:16,665 {'acc1': 0.8035272277227723, 'acc5': 0.9455445544554455, 'loss': 90.17265188694, 'macs': 47394062568, 'params': 241905896, 'model_size': 922.7977600097656, 'inference_time': 0}
2024-10-13 16:01:16,695 Pruning 768 in layer 16
2024-10-13 16:01:26,317 Gathering metrics
2024-10-13 16:02:36,008 {'acc1': 0.8025990099009901, 'acc5': 0.9458539603960396, 'loss': 90.0860855653882, 'macs': 47290727400, 'params': 241381352, 'model_size': 920.7967834472656, 'inference_time': 0}
2024-10-13 16:02:36,037 Pruning 1024 in layer 16
2024-10-13 16:02:44,277 Gathering metrics
2024-10-13 16:03:53,596 {'acc1': 0.8016707920792079, 'acc5': 0.9458539603960396, 'loss': 90.20439755171537, 'macs': 47187392232, 'params': 240856808, 'model_size': 918.7958068847656, 'inference_time': 0}
2024-10-13 16:03:53,627 Pruning 1280 in layer 16
2024-10-13 16:04:00,542 Gathering metrics
2024-10-13 16:05:09,657 {'acc1': 0.8025990099009901, 'acc5': 0.9461633663366337, 'loss': 90.35316490381956, 'macs': 47084057064, 'params': 240332264, 'model_size': 916.7948303222656, 'inference_time': 0}
2024-10-13 16:05:09,687 Pruning 1536 in layer 16
2024-10-13 16:05:15,534 Gathering metrics
2024-10-13 16:06:24,977 {'acc1': 0.8010519801980198, 'acc5': 0.9449257425742574, 'loss': 90.36618994921446, 'macs': 46980721896, 'params': 239807720, 'model_size': 914.7938537597656, 'inference_time': 0}
2024-10-13 16:06:25,007 Pruning 1792 in layer 16
2024-10-13 16:06:29,590 Gathering metrics
2024-10-13 16:07:38,626 {'acc1': 0.8001237623762376, 'acc5': 0.9452351485148515, 'loss': 90.41666753590107, 'macs': 46877386728, 'params': 239283176, 'model_size': 912.7928771972656, 'inference_time': 0}
2024-10-13 16:07:38,656 Pruning 256 in layer 17
2024-10-13 16:07:51,892 Gathering metrics
2024-10-13 16:09:01,079 {'acc1': 0.8013613861386139, 'acc5': 0.9449257425742574, 'loss': 90.36693468689919, 'macs': 46877386728, 'params': 239283176, 'model_size': 912.7928771972656, 'inference_time': 0}
2024-10-13 16:09:01,109 Pruning 512 in layer 17
2024-10-13 16:09:12,921 Gathering metrics
2024-10-13 16:10:21,697 {'acc1': 0.8007425742574258, 'acc5': 0.9455445544554455, 'loss': 90.33917359262705, 'macs': 46774051560, 'params': 238758632, 'model_size': 910.7919006347656, 'inference_time': 0}
2024-10-13 16:10:21,726 Pruning 768 in layer 17
2024-10-13 16:10:31,346 Gathering metrics
2024-10-13 16:11:40,304 {'acc1': 0.8007425742574258, 'acc5': 0.9458539603960396, 'loss': 90.3478902131319, 'macs': 46670716392, 'params': 238234088, 'model_size': 908.7909240722656, 'inference_time': 0}
2024-10-13 16:11:40,333 Pruning 1024 in layer 17
2024-10-13 16:11:48,527 Gathering metrics
2024-10-13 16:12:57,047 {'acc1': 0.8004331683168316, 'acc5': 0.9452351485148515, 'loss': 90.18270316720009, 'macs': 46567381224, 'params': 237709544, 'model_size': 906.7899475097656, 'inference_time': 0}
2024-10-13 16:12:57,078 Pruning 1280 in layer 17
2024-10-13 16:13:03,936 Gathering metrics
2024-10-13 16:14:12,367 {'acc1': 0.801980198019802, 'acc5': 0.9452351485148515, 'loss': 90.21688852459192, 'macs': 46464046056, 'params': 237185000, 'model_size': 904.7889709472656, 'inference_time': 0}
2024-10-13 16:14:12,398 Pruning 1536 in layer 17
2024-10-13 16:14:18,200 Gathering metrics
2024-10-13 16:15:26,413 {'acc1': 0.801980198019802, 'acc5': 0.9455445544554455, 'loss': 90.14508168399334, 'macs': 46360710888, 'params': 236660456, 'model_size': 902.7879943847656, 'inference_time': 0}
2024-10-13 16:15:26,442 Pruning 1792 in layer 17
2024-10-13 16:15:31,037 Gathering metrics
2024-10-13 16:16:39,414 {'acc1': 0.8032178217821783, 'acc5': 0.9449257425742574, 'loss': 90.27206365764141, 'macs': 46257375720, 'params': 236135912, 'model_size': 900.7870178222656, 'inference_time': 0}
2024-10-13 16:16:39,550 Pruning 2048 in layer 17
2024-10-13 16:16:43,338 Gathering metrics
2024-10-13 16:17:53,057 {'acc1': 0.8022896039603961, 'acc5': 0.9443069306930693, 'loss': 90.27569986879826, 'macs': 46154040552, 'params': 235611368, 'model_size': 898.7860412597656, 'inference_time': 0}
2024-10-13 16:17:53,087 Pruning 2304 in layer 17
2024-10-13 16:17:56,106 Gathering metrics
2024-10-13 16:19:04,080 {'acc1': 0.8029084158415841, 'acc5': 0.9433787128712872, 'loss': 90.22272979468107, 'macs': 46050705384, 'params': 235086824, 'model_size': 896.7850646972656, 'inference_time': 0}
2024-10-13 16:19:04,112 Pruning 2560 in layer 17
2024-10-13 16:19:06,345 Gathering metrics
2024-10-13 16:20:14,722 {'acc1': 0.8022896039603961, 'acc5': 0.9446163366336634, 'loss': 90.16038421541452, 'macs': 45947370216, 'params': 234562280, 'model_size': 894.7840881347656, 'inference_time': 0}
2024-10-13 16:20:14,750 Pruning 2816 in layer 17
2024-10-13 16:20:16,500 Gathering metrics
2024-10-13 16:21:24,239 {'acc1': 0.8032178217821783, 'acc5': 0.9446163366336634, 'loss': 89.90634570270777, 'macs': 45844035048, 'params': 234037736, 'model_size': 892.7831115722656, 'inference_time': 0}
2024-10-13 16:21:24,269 Pruning 3072 in layer 17
2024-10-13 16:21:25,595 Gathering metrics
2024-10-13 16:22:34,933 {'acc1': 0.8044554455445545, 'acc5': 0.9443069306930693, 'loss': 89.64456534385681, 'macs': 45740699880, 'params': 233513192, 'model_size': 890.7821350097656, 'inference_time': 0}
2024-10-13 16:22:34,962 Pruning 3328 in layer 17
2024-10-13 16:22:35,944 Gathering metrics
2024-10-13 16:23:43,561 {'acc1': 0.8035272277227723, 'acc5': 0.9452351485148515, 'loss': 89.68465045839548, 'macs': 45637364712, 'params': 232988648, 'model_size': 888.7811584472656, 'inference_time': 0}
2024-10-13 16:23:43,590 Pruning 3584 in layer 17
2024-10-13 16:23:44,346 Gathering metrics
2024-10-13 16:24:52,822 {'acc1': 0.8016707920792079, 'acc5': 0.9452351485148515, 'loss': 89.67933905869722, 'macs': 45534029544, 'params': 232464104, 'model_size': 886.7801818847656, 'inference_time': 0}
2024-10-13 16:24:52,851 Pruning 3840 in layer 17
2024-10-13 16:24:53,417 Gathering metrics
2024-10-13 16:26:01,663 {'acc1': 0.8032178217821783, 'acc5': 0.9470915841584159, 'loss': 88.60458903759718, 'macs': 45430694376, 'params': 231939560, 'model_size': 884.7792053222656, 'inference_time': 0}
2024-10-13 16:26:01,692 Pruning 256 in layer 18
2024-10-13 16:26:14,951 Gathering metrics
2024-10-13 16:27:22,985 {'acc1': 0.8013613861386139, 'acc5': 0.9452351485148515, 'loss': 90.51476228237152, 'macs': 45430694376, 'params': 231939560, 'model_size': 884.7792053222656, 'inference_time': 0}
2024-10-13 16:27:23,015 Pruning 512 in layer 18
2024-10-13 16:27:34,951 Gathering metrics
2024-10-13 16:28:42,545 {'acc1': 0.8013613861386139, 'acc5': 0.9449257425742574, 'loss': 91.59957325458527, 'macs': 45327359208, 'params': 231415016, 'model_size': 882.7782287597656, 'inference_time': 0}
2024-10-13 16:28:42,574 Pruning 768 in layer 18
2024-10-13 16:28:52,108 Gathering metrics
2024-10-13 16:29:59,493 {'acc1': 0.8007425742574258, 'acc5': 0.9455445544554455, 'loss': 92.56503807753325, 'macs': 45224024040, 'params': 230890472, 'model_size': 880.7772521972656, 'inference_time': 0}
2024-10-13 16:29:59,523 Pruning 1024 in layer 18
2024-10-13 16:30:07,789 Gathering metrics
2024-10-13 16:31:15,063 {'acc1': 0.8001237623762376, 'acc5': 0.9449257425742574, 'loss': 93.32306487858295, 'macs': 45120688872, 'params': 230365928, 'model_size': 878.7762756347656, 'inference_time': 0}
2024-10-13 16:31:15,092 Pruning 1280 in layer 18
2024-10-13 16:31:21,993 Gathering metrics
2024-10-13 16:32:29,053 {'acc1': 0.8001237623762376, 'acc5': 0.9446163366336634, 'loss': 93.75925906002522, 'macs': 45017353704, 'params': 229841384, 'model_size': 876.7752990722656, 'inference_time': 0}
2024-10-13 16:32:29,083 Pruning 1536 in layer 18
2024-10-13 16:32:34,979 Gathering metrics
2024-10-13 16:33:42,314 {'acc1': 0.8001237623762376, 'acc5': 0.9443069306930693, 'loss': 94.07967458665371, 'macs': 44914018536, 'params': 229316840, 'model_size': 874.7743225097656, 'inference_time': 0}
2024-10-13 16:33:42,450 Pruning 1792 in layer 18
2024-10-13 16:33:47,087 Gathering metrics
2024-10-13 16:34:54,304 {'acc1': 0.7998143564356436, 'acc5': 0.9439975247524752, 'loss': 93.77369168400764, 'macs': 44810683368, 'params': 228792296, 'model_size': 872.7733459472656, 'inference_time': 0}
2024-10-13 16:34:54,336 Pruning 2048 in layer 18
2024-10-13 16:34:58,146 Gathering metrics
2024-10-13 16:36:05,156 {'acc1': 0.8001237623762376, 'acc5': 0.9443069306930693, 'loss': 93.70725619792938, 'macs': 44707348200, 'params': 228267752, 'model_size': 870.7723693847656, 'inference_time': 0}
2024-10-13 16:36:05,189 Pruning 2304 in layer 18
2024-10-13 16:36:08,231 Gathering metrics
2024-10-13 16:37:14,985 {'acc1': 0.8004331683168316, 'acc5': 0.9443069306930693, 'loss': 93.05067460238934, 'macs': 44604013032, 'params': 227743208, 'model_size': 868.7713928222656, 'inference_time': 0}
2024-10-13 16:37:15,015 Pruning 2560 in layer 18
2024-10-13 16:37:17,254 Gathering metrics
2024-10-13 16:38:24,977 {'acc1': 0.801980198019802, 'acc5': 0.9455445544554455, 'loss': 92.5339674949646, 'macs': 44500677864, 'params': 227218664, 'model_size': 866.7704162597656, 'inference_time': 0}
2024-10-13 16:38:25,006 Pruning 2816 in layer 18
2024-10-13 16:38:26,730 Gathering metrics
2024-10-13 16:39:34,222 {'acc1': 0.8016707920792079, 'acc5': 0.9452351485148515, 'loss': 91.41305186599493, 'macs': 44397342696, 'params': 226694120, 'model_size': 864.7694396972656, 'inference_time': 0}
2024-10-13 16:39:34,255 Pruning 3072 in layer 18
2024-10-13 16:39:35,575 Gathering metrics
2024-10-13 16:40:41,884 {'acc1': 0.801980198019802, 'acc5': 0.9449257425742574, 'loss': 90.39865535497665, 'macs': 44294007528, 'params': 226169576, 'model_size': 862.7684631347656, 'inference_time': 0}
2024-10-13 16:40:41,916 Pruning 3328 in layer 18
2024-10-13 16:40:42,915 Gathering metrics
2024-10-13 16:41:49,279 {'acc1': 0.801980198019802, 'acc5': 0.9446163366336634, 'loss': 89.40248090028763, 'macs': 44190672360, 'params': 225645032, 'model_size': 860.7674865722656, 'inference_time': 0}
2024-10-13 16:41:49,310 Pruning 3584 in layer 18
2024-10-13 16:41:50,078 Gathering metrics
2024-10-13 16:42:56,697 {'acc1': 0.8016707920792079, 'acc5': 0.9446163366336634, 'loss': 88.51364429295063, 'macs': 44087337192, 'params': 225120488, 'model_size': 858.7665100097656, 'inference_time': 0}
2024-10-13 16:42:56,726 Pruning 3840 in layer 18
2024-10-13 16:42:57,293 Gathering metrics
2024-10-13 16:44:03,429 {'acc1': 0.8022896039603961, 'acc5': 0.9446163366336634, 'loss': 87.71981889009476, 'macs': 43984002024, 'params': 224595944, 'model_size': 856.7655334472656, 'inference_time': 0}
2024-10-13 16:44:03,460 Pruning 256 in layer 19
2024-10-13 16:44:16,769 Gathering metrics
2024-10-13 16:45:23,286 {'acc1': 0.8016707920792079, 'acc5': 0.9446163366336634, 'loss': 88.51458650827408, 'macs': 43984002024, 'params': 224595944, 'model_size': 856.7655334472656, 'inference_time': 0}
2024-10-13 16:45:23,313 Pruning 512 in layer 19
2024-10-13 16:45:35,101 Gathering metrics
2024-10-13 16:46:41,510 {'acc1': 0.8016707920792079, 'acc5': 0.9446163366336634, 'loss': 88.52054533362389, 'macs': 43880666856, 'params': 224071400, 'model_size': 854.7645568847656, 'inference_time': 0}
2024-10-13 16:46:41,540 Pruning 768 in layer 19
2024-10-13 16:46:51,253 Gathering metrics
2024-10-13 16:47:58,054 {'acc1': 0.8016707920792079, 'acc5': 0.9446163366336634, 'loss': 88.53317948430777, 'macs': 43777331688, 'params': 223546856, 'model_size': 852.7635803222656, 'inference_time': 0}
2024-10-13 16:47:58,086 Pruning 1024 in layer 19
2024-10-13 16:48:06,350 Gathering metrics
2024-10-13 16:49:12,464 {'acc1': 0.801980198019802, 'acc5': 0.9446163366336634, 'loss': 88.55093747377396, 'macs': 43673996520, 'params': 223022312, 'model_size': 850.7626037597656, 'inference_time': 0}
2024-10-13 16:49:12,494 Pruning 1280 in layer 19
2024-10-13 16:49:19,372 Gathering metrics
2024-10-13 16:50:26,310 {'acc1': 0.8022896039603961, 'acc5': 0.9446163366336634, 'loss': 88.57362184673548, 'macs': 43570661352, 'params': 222497768, 'model_size': 848.7616271972656, 'inference_time': 0}
2024-10-13 16:50:26,435 Pruning 1536 in layer 19
2024-10-13 16:50:32,297 Gathering metrics
2024-10-13 16:51:38,606 {'acc1': 0.8022896039603961, 'acc5': 0.9449257425742574, 'loss': 88.60289190709591, 'macs': 43467326184, 'params': 221973224, 'model_size': 846.7606506347656, 'inference_time': 0}
2024-10-13 16:51:38,637 Pruning 1792 in layer 19
2024-10-13 16:51:43,270 Gathering metrics
2024-10-13 16:52:49,057 {'acc1': 0.8022896039603961, 'acc5': 0.9449257425742574, 'loss': 88.65667609870434, 'macs': 43363991016, 'params': 221448680, 'model_size': 844.7596740722656, 'inference_time': 0}
2024-10-13 16:52:49,087 Pruning 2048 in layer 19
2024-10-13 16:52:52,888 Gathering metrics
2024-10-13 16:53:58,337 {'acc1': 0.801980198019802, 'acc5': 0.9455445544554455, 'loss': 88.76396665722132, 'macs': 43260655848, 'params': 220924136, 'model_size': 842.7586975097656, 'inference_time': 0}
2024-10-13 16:53:58,369 Pruning 2304 in layer 19
2024-10-13 16:54:01,418 Gathering metrics
2024-10-13 16:55:06,480 {'acc1': 0.8025990099009901, 'acc5': 0.9455445544554455, 'loss': 88.99553868174553, 'macs': 43157320680, 'params': 220399592, 'model_size': 840.7577209472656, 'inference_time': 0}
2024-10-13 16:55:06,508 Pruning 2560 in layer 19
2024-10-13 16:55:08,707 Gathering metrics
2024-10-13 16:56:13,336 {'acc1': 0.8016707920792079, 'acc5': 0.9455445544554455, 'loss': 89.30006777495146, 'macs': 43053985512, 'params': 219875048, 'model_size': 838.7567443847656, 'inference_time': 0}
2024-10-13 16:56:13,366 Pruning 2816 in layer 19
2024-10-13 16:56:15,101 Gathering metrics
2024-10-13 16:57:20,099 {'acc1': 0.8007425742574258, 'acc5': 0.9452351485148515, 'loss': 89.56427259743214, 'macs': 42950650344, 'params': 219350504, 'model_size': 836.7557678222656, 'inference_time': 0}
2024-10-13 16:57:20,128 Pruning 3072 in layer 19
2024-10-13 16:57:21,433 Gathering metrics
2024-10-13 16:58:26,633 {'acc1': 0.8016707920792079, 'acc5': 0.9455445544554455, 'loss': 89.63417871296406, 'macs': 42847315176, 'params': 218825960, 'model_size': 834.7547912597656, 'inference_time': 0}
2024-10-13 16:58:26,665 Pruning 3328 in layer 19
2024-10-13 16:58:27,670 Gathering metrics
2024-10-13 16:59:32,233 {'acc1': 0.801980198019802, 'acc5': 0.9452351485148515, 'loss': 89.72898732125759, 'macs': 42743980008, 'params': 218301416, 'model_size': 832.7538146972656, 'inference_time': 0}
2024-10-13 16:59:32,263 Pruning 3584 in layer 19
2024-10-13 16:59:33,018 Gathering metrics
2024-10-13 17:00:37,695 {'acc1': 0.8032178217821783, 'acc5': 0.9455445544554455, 'loss': 89.53986501693726, 'macs': 42640644840, 'params': 217776872, 'model_size': 830.7528381347656, 'inference_time': 0}
2024-10-13 17:00:37,726 Pruning 3840 in layer 19
2024-10-13 17:00:38,311 Gathering metrics
2024-10-13 17:01:42,819 {'acc1': 0.8038366336633663, 'acc5': 0.9449257425742574, 'loss': 89.18496773391962, 'macs': 42537309672, 'params': 217252328, 'model_size': 828.7518615722656, 'inference_time': 0}
2024-10-13 17:01:42,849 Pruning 256 in layer 20
2024-10-13 17:01:56,167 Gathering metrics
2024-10-13 17:03:01,991 {'acc1': 0.8032178217821783, 'acc5': 0.9455445544554455, 'loss': 89.53990779817104, 'macs': 42537309672, 'params': 217252328, 'model_size': 828.7518615722656, 'inference_time': 0}
2024-10-13 17:03:02,023 Pruning 512 in layer 20
2024-10-13 17:03:13,973 Gathering metrics
2024-10-13 17:04:19,024 {'acc1': 0.8032178217821783, 'acc5': 0.9455445544554455, 'loss': 89.54033651947975, 'macs': 42433974504, 'params': 216727784, 'model_size': 826.7508850097656, 'inference_time': 0}
2024-10-13 17:04:19,057 Pruning 768 in layer 20
2024-10-13 17:04:28,759 Gathering metrics
2024-10-13 17:05:35,051 {'acc1': 0.8032178217821783, 'acc5': 0.9455445544554455, 'loss': 89.5413444340229, 'macs': 42330639336, 'params': 216203240, 'model_size': 824.7499084472656, 'inference_time': 0}
2024-10-13 17:05:35,195 Pruning 1024 in layer 20
2024-10-13 17:05:43,450 Gathering metrics
2024-10-13 17:06:48,355 {'acc1': 0.8032178217821783, 'acc5': 0.9455445544554455, 'loss': 89.54284773766994, 'macs': 42227304168, 'params': 215678696, 'model_size': 822.7489318847656, 'inference_time': 0}
2024-10-13 17:06:48,386 Pruning 1280 in layer 20
2024-10-13 17:06:55,318 Gathering metrics
2024-10-13 17:07:59,625 {'acc1': 0.8032178217821783, 'acc5': 0.9455445544554455, 'loss': 89.5448863953352, 'macs': 42123969000, 'params': 215154152, 'model_size': 820.7479553222656, 'inference_time': 0}
2024-10-13 17:07:59,654 Pruning 1536 in layer 20
2024-10-13 17:08:05,510 Gathering metrics
2024-10-13 17:09:10,075 {'acc1': 0.8032178217821783, 'acc5': 0.9455445544554455, 'loss': 89.5474666506052, 'macs': 42020633832, 'params': 214629608, 'model_size': 818.7469787597656, 'inference_time': 0}
2024-10-13 17:09:10,105 Pruning 1792 in layer 20
2024-10-13 17:09:14,730 Gathering metrics
2024-10-13 17:10:18,912 {'acc1': 0.8032178217821783, 'acc5': 0.9455445544554455, 'loss': 89.55056942999363, 'macs': 41917298664, 'params': 214105064, 'model_size': 816.7460021972656, 'inference_time': 0}
2024-10-13 17:10:18,943 Pruning 2048 in layer 20
2024-10-13 17:10:22,763 Gathering metrics
2024-10-13 17:11:26,999 {'acc1': 0.8032178217821783, 'acc5': 0.9455445544554455, 'loss': 89.55387999117374, 'macs': 41813963496, 'params': 213580520, 'model_size': 814.7450256347656, 'inference_time': 0}
2024-10-13 17:11:27,033 Pruning 2304 in layer 20
2024-10-13 17:11:30,093 Gathering metrics
2024-10-13 17:12:34,243 {'acc1': 0.8032178217821783, 'acc5': 0.9455445544554455, 'loss': 89.5573890209198, 'macs': 41710628328, 'params': 213055976, 'model_size': 812.7440490722656, 'inference_time': 0}
2024-10-13 17:12:34,274 Pruning 2560 in layer 20
2024-10-13 17:12:36,530 Gathering metrics
2024-10-13 17:13:40,739 {'acc1': 0.8032178217821783, 'acc5': 0.9455445544554455, 'loss': 89.56136654317379, 'macs': 41607293160, 'params': 212531432, 'model_size': 810.7430725097656, 'inference_time': 0}
2024-10-13 17:13:40,770 Pruning 2816 in layer 20
2024-10-13 17:13:42,535 Gathering metrics
2024-10-13 17:14:46,157 {'acc1': 0.8032178217821783, 'acc5': 0.9455445544554455, 'loss': 89.56519335508347, 'macs': 41503957992, 'params': 212006888, 'model_size': 808.7420959472656, 'inference_time': 0}
2024-10-13 17:14:46,187 Pruning 3072 in layer 20
2024-10-13 17:14:47,507 Gathering metrics
2024-10-13 17:15:51,002 {'acc1': 0.8032178217821783, 'acc5': 0.9455445544554455, 'loss': 89.57028795778751, 'macs': 41400622824, 'params': 211482344, 'model_size': 806.7411193847656, 'inference_time': 0}
2024-10-13 17:15:51,035 Pruning 3328 in layer 20
2024-10-13 17:15:52,045 Gathering metrics
2024-10-13 17:16:55,925 {'acc1': 0.8032178217821783, 'acc5': 0.9455445544554455, 'loss': 89.62329787015915, 'macs': 41297287656, 'params': 210957800, 'model_size': 804.7401428222656, 'inference_time': 0}
2024-10-13 17:16:55,955 Pruning 3584 in layer 20
2024-10-13 17:16:56,709 Gathering metrics
2024-10-13 17:17:59,834 {'acc1': 0.8029084158415841, 'acc5': 0.9455445544554455, 'loss': 90.25775797665119, 'macs': 41193952488, 'params': 210433256, 'model_size': 802.7391662597656, 'inference_time': 0}
2024-10-13 17:17:59,864 Pruning 3840 in layer 20
2024-10-13 17:18:00,429 Gathering metrics
2024-10-13 17:19:03,480 {'acc1': 0.8016707920792079, 'acc5': 0.9455445544554455, 'loss': 91.28828623890877, 'macs': 41090617320, 'params': 209908712, 'model_size': 800.7381896972656, 'inference_time': 0}
2024-10-13 17:19:03,510 Pruning 256 in layer 21
2024-10-13 17:19:16,740 Gathering metrics
2024-10-13 17:20:20,335 {'acc1': 0.8029084158415841, 'acc5': 0.9455445544554455, 'loss': 90.31158424913883, 'macs': 41090617320, 'params': 209908712, 'model_size': 800.7381896972656, 'inference_time': 0}
2024-10-13 17:20:20,373 Pruning 512 in layer 21
2024-10-13 17:20:32,286 Gathering metrics
2024-10-13 17:21:35,907 {'acc1': 0.8029084158415841, 'acc5': 0.9455445544554455, 'loss': 90.48531785607338, 'macs': 40987282152, 'params': 209384168, 'model_size': 798.7372131347656, 'inference_time': 0}
2024-10-13 17:21:36,046 Pruning 768 in layer 21
2024-10-13 17:21:45,704 Gathering metrics
2024-10-13 17:22:48,921 {'acc1': 0.8029084158415841, 'acc5': 0.9455445544554455, 'loss': 90.76832711696625, 'macs': 40883946984, 'params': 208859624, 'model_size': 796.7362365722656, 'inference_time': 0}
2024-10-13 17:22:48,951 Pruning 1024 in layer 21
2024-10-13 17:22:57,231 Gathering metrics
2024-10-13 17:24:00,455 {'acc1': 0.8029084158415841, 'acc5': 0.9455445544554455, 'loss': 91.16626791656017, 'macs': 40780611816, 'params': 208335080, 'model_size': 794.7352600097656, 'inference_time': 0}
2024-10-13 17:24:00,486 Pruning 1280 in layer 21
2024-10-13 17:24:07,416 Gathering metrics
2024-10-13 17:25:10,323 {'acc1': 0.8029084158415841, 'acc5': 0.9455445544554455, 'loss': 91.6775874197483, 'macs': 40677276648, 'params': 207810536, 'model_size': 792.7342834472656, 'inference_time': 0}
2024-10-13 17:25:10,351 Pruning 1536 in layer 21
2024-10-13 17:25:16,237 Gathering metrics
2024-10-13 17:26:19,149 {'acc1': 0.8029084158415841, 'acc5': 0.9455445544554455, 'loss': 92.31884826719761, 'macs': 40573941480, 'params': 207285992, 'model_size': 790.7333068847656, 'inference_time': 0}
2024-10-13 17:26:19,181 Pruning 1792 in layer 21
2024-10-13 17:26:23,778 Gathering metrics
2024-10-13 17:27:26,157 {'acc1': 0.8029084158415841, 'acc5': 0.9455445544554455, 'loss': 93.12801069021225, 'macs': 40470606312, 'params': 206761448, 'model_size': 788.7323303222656, 'inference_time': 0}
2024-10-13 17:27:26,190 Pruning 2048 in layer 21
2024-10-13 17:27:30,007 Gathering metrics
2024-10-13 17:28:32,737 {'acc1': 0.8029084158415841, 'acc5': 0.9455445544554455, 'loss': 94.01325486600399, 'macs': 40367271144, 'params': 206236904, 'model_size': 786.7313537597656, 'inference_time': 0}
2024-10-13 17:28:32,771 Pruning 2304 in layer 21
2024-10-13 17:28:35,809 Gathering metrics
2024-10-13 17:29:38,114 {'acc1': 0.8022896039603961, 'acc5': 0.9455445544554455, 'loss': 95.09160685539246, 'macs': 40263935976, 'params': 205712360, 'model_size': 784.7303771972656, 'inference_time': 0}
2024-10-13 17:29:38,146 Pruning 2560 in layer 21
2024-10-13 17:29:40,411 Gathering metrics
2024-10-13 17:30:42,720 {'acc1': 0.8022896039603961, 'acc5': 0.9455445544554455, 'loss': 96.40030333399773, 'macs': 40160600808, 'params': 205187816, 'model_size': 782.7294006347656, 'inference_time': 0}
2024-10-13 17:30:42,749 Pruning 2816 in layer 21
2024-10-13 17:30:44,510 Gathering metrics
2024-10-13 17:31:46,644 {'acc1': 0.8022896039603961, 'acc5': 0.9455445544554455, 'loss': 98.03142368793488, 'macs': 40057265640, 'params': 204663272, 'model_size': 780.7284240722656, 'inference_time': 0}
2024-10-13 17:31:46,673 Pruning 3072 in layer 21
2024-10-13 17:31:47,994 Gathering metrics
2024-10-13 17:32:50,410 {'acc1': 0.8022896039603961, 'acc5': 0.9455445544554455, 'loss': 100.13608208298683, 'macs': 39953930472, 'params': 204138728, 'model_size': 778.7274475097656, 'inference_time': 0}
2024-10-13 17:32:50,441 Pruning 3328 in layer 21
2024-10-13 17:32:51,450 Gathering metrics
2024-10-13 17:33:53,282 {'acc1': 0.8022896039603961, 'acc5': 0.9455445544554455, 'loss': 102.63274449110031, 'macs': 39850595304, 'params': 203614184, 'model_size': 776.7264709472656, 'inference_time': 0}
2024-10-13 17:33:53,311 Pruning 3584 in layer 21
2024-10-13 17:33:54,056 Gathering metrics
2024-10-13 17:34:55,627 {'acc1': 0.801980198019802, 'acc5': 0.9455445544554455, 'loss': 105.90697458386421, 'macs': 39747260136, 'params': 203089640, 'model_size': 774.7254943847656, 'inference_time': 0}
2024-10-13 17:34:55,658 Pruning 3840 in layer 21
2024-10-13 17:34:56,222 Gathering metrics
2024-10-13 17:35:57,739 {'acc1': 0.801980198019802, 'acc5': 0.9455445544554455, 'loss': 110.29023259878159, 'macs': 39643924968, 'params': 202565096, 'model_size': 772.7245178222656, 'inference_time': 0}
2024-10-13 17:35:57,770 Pruning 256 in layer 22
2024-10-13 17:36:11,039 Gathering metrics
2024-10-13 17:37:13,155 {'acc1': 0.801980198019802, 'acc5': 0.9455445544554455, 'loss': 105.90689143538475, 'macs': 39643924968, 'params': 202565096, 'model_size': 772.7245178222656, 'inference_time': 0}
2024-10-13 17:37:13,297 Pruning 512 in layer 22
2024-10-13 17:37:25,172 Gathering metrics
2024-10-13 17:38:27,307 {'acc1': 0.801980198019802, 'acc5': 0.9455445544554455, 'loss': 105.90662661194801, 'macs': 39540589800, 'params': 202040552, 'model_size': 770.7235412597656, 'inference_time': 0}
2024-10-13 17:38:27,338 Pruning 768 in layer 22
2024-10-13 17:38:36,946 Gathering metrics
2024-10-13 17:39:38,791 {'acc1': 0.801980198019802, 'acc5': 0.9455445544554455, 'loss': 105.90611115098, 'macs': 39437254632, 'params': 201516008, 'model_size': 768.7225646972656, 'inference_time': 0}
2024-10-13 17:39:38,824 Pruning 1024 in layer 22
2024-10-13 17:39:47,076 Gathering metrics
2024-10-13 17:40:48,891 {'acc1': 0.801980198019802, 'acc5': 0.9455445544554455, 'loss': 105.9053264260292, 'macs': 39333919464, 'params': 200991464, 'model_size': 766.7215881347656, 'inference_time': 0}
2024-10-13 17:40:48,921 Pruning 1280 in layer 22
2024-10-13 17:40:55,792 Gathering metrics
2024-10-13 17:41:57,033 {'acc1': 0.801980198019802, 'acc5': 0.9455445544554455, 'loss': 105.90435945987701, 'macs': 39230584296, 'params': 200466920, 'model_size': 764.7206115722656, 'inference_time': 0}
2024-10-13 17:41:57,066 Pruning 1536 in layer 22
2024-10-13 17:42:02,934 Gathering metrics
2024-10-13 17:43:04,291 {'acc1': 0.801980198019802, 'acc5': 0.9455445544554455, 'loss': 105.90302723646164, 'macs': 39127249128, 'params': 199942376, 'model_size': 762.7196350097656, 'inference_time': 0}
2024-10-13 17:43:04,322 Pruning 1792 in layer 22
2024-10-13 17:43:08,934 Gathering metrics
2024-10-13 17:44:10,223 {'acc1': 0.801980198019802, 'acc5': 0.9455445544554455, 'loss': 105.90135329961777, 'macs': 39023913960, 'params': 199417832, 'model_size': 760.7186584472656, 'inference_time': 0}
2024-10-13 17:44:10,253 Pruning 2048 in layer 22
2024-10-13 17:44:14,063 Gathering metrics
2024-10-13 17:45:15,253 {'acc1': 0.801980198019802, 'acc5': 0.9455445544554455, 'loss': 105.89929968118668, 'macs': 38920578792, 'params': 198893288, 'model_size': 758.7176818847656, 'inference_time': 0}
2024-10-13 17:45:15,284 Pruning 2304 in layer 22
2024-10-13 17:45:18,326 Gathering metrics
2024-10-13 17:46:19,467 {'acc1': 0.801980198019802, 'acc5': 0.9455445544554455, 'loss': 105.89683201909065, 'macs': 38817243624, 'params': 198368744, 'model_size': 756.7167053222656, 'inference_time': 0}
2024-10-13 17:46:19,498 Pruning 2560 in layer 22
2024-10-13 17:46:21,736 Gathering metrics
2024-10-13 17:47:22,862 {'acc1': 0.801980198019802, 'acc5': 0.9455445544554455, 'loss': 105.89370295405388, 'macs': 38713908456, 'params': 197844200, 'model_size': 754.7157287597656, 'inference_time': 0}
2024-10-13 17:47:22,893 Pruning 2816 in layer 22
2024-10-13 17:47:24,642 Gathering metrics
2024-10-13 17:48:25,150 {'acc1': 0.801980198019802, 'acc5': 0.9455445544554455, 'loss': 105.8899495601654, 'macs': 38610573288, 'params': 197319656, 'model_size': 752.7147521972656, 'inference_time': 0}
2024-10-13 17:48:25,182 Pruning 3072 in layer 22
2024-10-13 17:48:26,510 Gathering metrics
2024-10-13 17:49:27,330 {'acc1': 0.801980198019802, 'acc5': 0.9455445544554455, 'loss': 105.88568171858788, 'macs': 38507238120, 'params': 196795112, 'model_size': 750.7137756347656, 'inference_time': 0}
2024-10-13 17:49:27,359 Pruning 3328 in layer 22
2024-10-13 17:49:28,359 Gathering metrics
2024-10-13 17:50:28,838 {'acc1': 0.801980198019802, 'acc5': 0.9455445544554455, 'loss': 105.88090914487839, 'macs': 38403902952, 'params': 196270568, 'model_size': 748.7127990722656, 'inference_time': 0}
2024-10-13 17:50:28,870 Pruning 3584 in layer 22
2024-10-13 17:50:29,623 Gathering metrics
2024-10-13 17:51:29,867 {'acc1': 0.801980198019802, 'acc5': 0.9455445544554455, 'loss': 105.78328204154968, 'macs': 38300567784, 'params': 195746024, 'model_size': 746.7118225097656, 'inference_time': 0}
2024-10-13 17:51:29,897 Pruning 3840 in layer 22
2024-10-13 17:51:30,467 Gathering metrics
2024-10-13 17:52:30,637 {'acc1': 0.801980198019802, 'acc5': 0.9455445544554455, 'loss': 103.50051063299179, 'macs': 38197232616, 'params': 195221480, 'model_size': 744.7108459472656, 'inference_time': 0}
2024-10-13 17:52:30,769 Pruning 256 in layer 23
2024-10-13 17:52:44,059 Gathering metrics
2024-10-13 17:53:44,614 {'acc1': 0.801980198019802, 'acc5': 0.9455445544554455, 'loss': 105.78328204154968, 'macs': 38197232616, 'params': 195221480, 'model_size': 744.7108459472656, 'inference_time': 0}
2024-10-13 17:53:44,646 Pruning 512 in layer 23
2024-10-13 17:53:56,538 Gathering metrics
2024-10-13 17:54:57,531 {'acc1': 0.801980198019802, 'acc5': 0.9455445544554455, 'loss': 105.78328227996826, 'macs': 38093897448, 'params': 194696936, 'model_size': 742.7098693847656, 'inference_time': 0}
2024-10-13 17:54:57,559 Pruning 768 in layer 23
2024-10-13 17:55:07,163 Gathering metrics
2024-10-13 17:56:07,471 {'acc1': 0.801980198019802, 'acc5': 0.9455445544554455, 'loss': 105.78328254818916, 'macs': 37990562280, 'params': 194172392, 'model_size': 740.7088928222656, 'inference_time': 0}
2024-10-13 17:56:07,502 Pruning 1024 in layer 23
2024-10-13 17:56:15,733 Gathering metrics
2024-10-13 17:57:16,267 {'acc1': 0.801980198019802, 'acc5': 0.9455445544554455, 'loss': 105.78328308463097, 'macs': 37887227112, 'params': 193647848, 'model_size': 738.7079162597656, 'inference_time': 0}
2024-10-13 17:57:16,298 Pruning 1280 in layer 23
2024-10-13 17:57:23,154 Gathering metrics
2024-10-13 17:58:23,249 {'acc1': 0.801980198019802, 'acc5': 0.9455445544554455, 'loss': 105.78328332304955, 'macs': 37783891944, 'params': 193123304, 'model_size': 736.7069396972656, 'inference_time': 0}
2024-10-13 17:58:23,281 Pruning 1536 in layer 23
2024-10-13 17:58:29,145 Gathering metrics
2024-10-13 17:59:29,491 {'acc1': 0.801980198019802, 'acc5': 0.9455445544554455, 'loss': 105.78328293561935, 'macs': 37680556776, 'params': 192598760, 'model_size': 734.7059631347656, 'inference_time': 0}
2024-10-13 17:59:29,523 Pruning 1792 in layer 23
2024-10-13 17:59:34,152 Gathering metrics
2024-10-13 18:00:34,003 {'acc1': 0.801980198019802, 'acc5': 0.9455445544554455, 'loss': 105.78328111767769, 'macs': 37577221608, 'params': 192074216, 'model_size': 732.7049865722656, 'inference_time': 0}
2024-10-13 18:00:34,035 Pruning 2048 in layer 23
2024-10-13 18:00:37,807 Gathering metrics
2024-10-13 18:01:37,667 {'acc1': 0.801980198019802, 'acc5': 0.9455445544554455, 'loss': 105.7832798063755, 'macs': 37473886440, 'params': 191549672, 'model_size': 730.7040100097656, 'inference_time': 0}
2024-10-13 18:01:37,697 Pruning 2304 in layer 23
2024-10-13 18:01:40,737 Gathering metrics
2024-10-13 18:02:40,433 {'acc1': 0.801980198019802, 'acc5': 0.9455445544554455, 'loss': 105.78327977657318, 'macs': 37370551272, 'params': 191025128, 'model_size': 728.7030334472656, 'inference_time': 0}
2024-10-13 18:02:40,463 Pruning 2560 in layer 23
2024-10-13 18:02:42,711 Gathering metrics
2024-10-13 18:03:42,565 {'acc1': 0.801980198019802, 'acc5': 0.9455445544554455, 'loss': 105.78327888250351, 'macs': 37267216104, 'params': 190500584, 'model_size': 726.7020568847656, 'inference_time': 0}
2024-10-13 18:03:42,594 Pruning 2816 in layer 23
2024-10-13 18:03:44,363 Gathering metrics
2024-10-13 18:04:43,956 {'acc1': 0.801980198019802, 'acc5': 0.9455445544554455, 'loss': 105.78327667713165, 'macs': 37163880936, 'params': 189976040, 'model_size': 724.7010803222656, 'inference_time': 0}
2024-10-13 18:04:43,987 Pruning 3072 in layer 23
2024-10-13 18:04:45,317 Gathering metrics
2024-10-13 18:05:44,777 {'acc1': 0.801980198019802, 'acc5': 0.9455445544554455, 'loss': 105.7832764685154, 'macs': 37060545768, 'params': 189451496, 'model_size': 722.7001037597656, 'inference_time': 0}
2024-10-13 18:05:44,809 Pruning 3328 in layer 23
2024-10-13 18:05:45,827 Gathering metrics
2024-10-13 18:06:45,190 {'acc1': 0.801980198019802, 'acc5': 0.9455445544554455, 'loss': 105.7832744717598, 'macs': 36957210600, 'params': 188926952, 'model_size': 720.6991271972656, 'inference_time': 0}
2024-10-13 18:06:45,219 Pruning 3584 in layer 23
2024-10-13 18:06:45,980 Gathering metrics
2024-10-13 18:07:45,146 {'acc1': 0.801980198019802, 'acc5': 0.9455445544554455, 'loss': 105.78327253460884, 'macs': 36853875432, 'params': 188402408, 'model_size': 718.6981506347656, 'inference_time': 0}
2024-10-13 18:07:45,284 Pruning 3840 in layer 23
2024-10-13 18:07:45,856 Gathering metrics
2024-10-13 18:08:44,965 {'acc1': 0.801980198019802, 'acc5': 0.9455445544554455, 'loss': 105.78326931595802, 'macs': 36750540264, 'params': 187877864, 'model_size': 716.6971740722656, 'inference_time': 0}
2024-10-13 18:08:44,982 Experiment finished
