2024-10-14 02:16:16,040 Starting experiment outputs/adaptive/vit_h_14/proj5n50
2024-10-14 02:16:16,040 Loading the original model
2024-10-14 02:16:18,175 Gathering metrics of the original model
2024-10-14 02:18:38,464 {'acc1': 0.9634615384615385, 'acc5': 0.9951923076923077, 'loss': 10.94629063270986, 'macs': 863467906280, 'params': 633470440, 'model_size': 2416.4979553222656, 'inference_time': 0}
2024-10-14 02:18:38,497 Pruning 512 in layer 0
2024-10-14 02:18:50,355 Gathering metrics
2024-10-14 02:21:09,553 {'acc1': 0.9615384615384616, 'acc5': 0.9951923076923077, 'loss': 11.08950706012547, 'macs': 861671518440, 'params': 632159208, 'model_size': 2411.4960021972656, 'inference_time': 0}
2024-10-14 02:21:09,594 Pruning 1024 in layer 0
2024-10-14 02:21:19,506 Gathering metrics
2024-10-14 02:23:38,812 {'acc1': 0.9605769230769231, 'acc5': 0.9951923076923077, 'loss': 11.195886375382543, 'macs': 859875130600, 'params': 630847976, 'model_size': 2406.4940490722656, 'inference_time': 0}
2024-10-14 02:23:38,845 Pruning 1536 in layer 0
2024-10-14 02:23:46,244 Gathering metrics
2024-10-14 02:26:05,268 {'acc1': 0.9605769230769231, 'acc5': 0.9951923076923077, 'loss': 11.093341597355902, 'macs': 858078742760, 'params': 629536744, 'model_size': 2401.4920959472656, 'inference_time': 0}
2024-10-14 02:26:05,300 Pruning 2048 in layer 0
2024-10-14 02:26:10,974 Gathering metrics
2024-10-14 02:28:29,991 {'acc1': 0.9625, 'acc5': 0.9951923076923077, 'loss': 10.944647198542953, 'macs': 856282354920, 'params': 628225512, 'model_size': 2396.4901428222656, 'inference_time': 0}
2024-10-14 02:28:30,023 Pruning 2560 in layer 0
2024-10-14 02:28:34,370 Gathering metrics
2024-10-14 02:30:53,098 {'acc1': 0.9625, 'acc5': 0.9951923076923077, 'loss': 10.869272536598146, 'macs': 854485967080, 'params': 626914280, 'model_size': 2391.4881896972656, 'inference_time': 0}
2024-10-14 02:30:53,134 Pruning 3072 in layer 0
2024-10-14 02:30:56,789 Gathering metrics
2024-10-14 02:33:15,247 {'acc1': 0.9605769230769231, 'acc5': 0.9961538461538462, 'loss': 11.3879952612333, 'macs': 852689579240, 'params': 625603048, 'model_size': 2386.4862365722656, 'inference_time': 0}
2024-10-14 02:33:15,280 Pruning 3584 in layer 0
2024-10-14 02:33:17,712 Gathering metrics
2024-10-14 02:35:36,048 {'acc1': 0.9605769230769231, 'acc5': 0.9951923076923077, 'loss': 12.384947162121534, 'macs': 850893191400, 'params': 624291816, 'model_size': 2381.4842834472656, 'inference_time': 0}
2024-10-14 02:35:36,081 Pruning 4096 in layer 0
2024-10-14 02:35:37,904 Gathering metrics
2024-10-14 02:37:53,684 {'acc1': 0.0, 'acc5': 0.0, 'loss': 456.46614599227905, 'macs': 849096803560, 'params': 622980584, 'model_size': 2376.4823303222656, 'inference_time': 0}
2024-10-14 02:37:53,803 Pruning 512 in layer 1
2024-10-14 02:38:05,610 Gathering metrics
2024-10-14 02:40:23,652 {'acc1': 0.9403846153846154, 'acc5': 0.9875, 'loss': 15.3556795893237, 'macs': 849096803560, 'params': 622980584, 'model_size': 2376.4823303222656, 'inference_time': 0}
2024-10-14 02:40:23,685 Pruning 512 in layer 2
2024-10-14 02:40:35,600 Gathering metrics
2024-10-14 02:42:53,518 {'acc1': 0.9490384615384615, 'acc5': 0.9951923076923077, 'loss': 13.038835323415697, 'macs': 849096803560, 'params': 622980584, 'model_size': 2376.4823303222656, 'inference_time': 0}
2024-10-14 02:42:53,551 Pruning 512 in layer 3
2024-10-14 02:43:05,447 Gathering metrics
2024-10-14 02:45:23,385 {'acc1': 0.9586538461538462, 'acc5': 0.9942307692307693, 'loss': 12.683220451232046, 'macs': 849096803560, 'params': 622980584, 'model_size': 2376.4823303222656, 'inference_time': 0}
2024-10-14 02:45:23,417 Pruning 1024 in layer 3
2024-10-14 02:45:32,951 Gathering metrics
2024-10-14 02:47:50,852 {'acc1': 0.9519230769230769, 'acc5': 0.9932692307692308, 'loss': 13.375907935202122, 'macs': 847300415720, 'params': 621669352, 'model_size': 2371.4803771972656, 'inference_time': 0}
2024-10-14 02:47:50,888 Pruning 512 in layer 4
2024-10-14 02:48:02,728 Gathering metrics
2024-10-14 02:50:20,461 {'acc1': 0.9567307692307693, 'acc5': 0.9951923076923077, 'loss': 12.807976629585028, 'macs': 847300415720, 'params': 621669352, 'model_size': 2371.4803771972656, 'inference_time': 0}
2024-10-14 02:50:20,495 Pruning 1024 in layer 4
2024-10-14 02:50:30,037 Gathering metrics
2024-10-14 02:52:47,729 {'acc1': 0.9509615384615384, 'acc5': 0.9942307692307693, 'loss': 13.191601168364286, 'macs': 845504027880, 'params': 620358120, 'model_size': 2366.4784240722656, 'inference_time': 0}
2024-10-14 02:52:47,762 Pruning 512 in layer 5
2024-10-14 02:52:59,649 Gathering metrics
2024-10-14 02:55:17,104 {'acc1': 0.9548076923076924, 'acc5': 0.9951923076923077, 'loss': 12.916169730946422, 'macs': 845504027880, 'params': 620358120, 'model_size': 2366.4784240722656, 'inference_time': 0}
2024-10-14 02:55:17,138 Pruning 1024 in layer 5
2024-10-14 02:55:26,661 Gathering metrics
2024-10-14 02:57:44,013 {'acc1': 0.9567307692307693, 'acc5': 0.9942307692307693, 'loss': 12.976167020853609, 'macs': 843707640040, 'params': 619046888, 'model_size': 2361.4764709472656, 'inference_time': 0}
2024-10-14 02:57:44,050 Pruning 1536 in layer 5
2024-10-14 02:57:51,817 Gathering metrics
2024-10-14 03:00:08,970 {'acc1': 0.9548076923076924, 'acc5': 0.9942307692307693, 'loss': 13.266154121607542, 'macs': 841911252200, 'params': 617735656, 'model_size': 2356.4745178222656, 'inference_time': 0}
2024-10-14 03:00:09,003 Pruning 2048 in layer 5
2024-10-14 03:00:14,692 Gathering metrics
2024-10-14 03:02:31,603 {'acc1': 0.9490384615384615, 'acc5': 0.9932692307692308, 'loss': 13.967904044315219, 'macs': 840114864360, 'params': 616424424, 'model_size': 2351.4725646972656, 'inference_time': 0}
2024-10-14 03:02:31,721 Pruning 512 in layer 6
2024-10-14 03:02:43,534 Gathering metrics
2024-10-14 03:05:00,362 {'acc1': 0.9490384615384615, 'acc5': 0.9942307692307693, 'loss': 13.840545190498233, 'macs': 840114864360, 'params': 616424424, 'model_size': 2351.4725646972656, 'inference_time': 0}
2024-10-14 03:05:00,396 Pruning 512 in layer 7
2024-10-14 03:05:12,282 Gathering metrics
2024-10-14 03:07:29,099 {'acc1': 0.95, 'acc5': 0.9942307692307693, 'loss': 13.56997839314863, 'macs': 840114864360, 'params': 616424424, 'model_size': 2351.4725646972656, 'inference_time': 0}
2024-10-14 03:07:29,133 Pruning 512 in layer 8
2024-10-14 03:07:41,015 Gathering metrics
2024-10-14 03:09:57,836 {'acc1': 0.9528846153846153, 'acc5': 0.9932692307692308, 'loss': 13.559230330400169, 'macs': 840114864360, 'params': 616424424, 'model_size': 2351.4725646972656, 'inference_time': 0}
2024-10-14 03:09:57,869 Pruning 1024 in layer 8
2024-10-14 03:10:07,398 Gathering metrics
2024-10-14 03:12:24,000 {'acc1': 0.948076923076923, 'acc5': 0.9932692307692308, 'loss': 13.786021312698722, 'macs': 838318476520, 'params': 615113192, 'model_size': 2346.4706115722656, 'inference_time': 0}
2024-10-14 03:12:24,034 Pruning 512 in layer 9
2024-10-14 03:12:35,905 Gathering metrics
2024-10-14 03:14:52,456 {'acc1': 0.9461538461538461, 'acc5': 0.9932692307692308, 'loss': 13.760116669349372, 'macs': 838318476520, 'params': 615113192, 'model_size': 2346.4706115722656, 'inference_time': 0}
2024-10-14 03:14:52,489 Pruning 512 in layer 10
2024-10-14 03:15:04,384 Gathering metrics
2024-10-14 03:17:21,100 {'acc1': 0.95, 'acc5': 0.9923076923076923, 'loss': 13.65432295575738, 'macs': 838318476520, 'params': 615113192, 'model_size': 2346.4706115722656, 'inference_time': 0}
2024-10-14 03:17:21,133 Pruning 1024 in layer 10
2024-10-14 03:17:30,663 Gathering metrics
2024-10-14 03:19:46,992 {'acc1': 0.9461538461538461, 'acc5': 0.9913461538461539, 'loss': 13.943165165372193, 'macs': 836522088680, 'params': 613801960, 'model_size': 2341.4686584472656, 'inference_time': 0}
2024-10-14 03:19:47,110 Pruning 512 in layer 11
2024-10-14 03:19:58,926 Gathering metrics
2024-10-14 03:22:15,139 {'acc1': 0.9471153846153846, 'acc5': 0.9923076923076923, 'loss': 14.263311622198671, 'macs': 836522088680, 'params': 613801960, 'model_size': 2341.4686584472656, 'inference_time': 0}
2024-10-14 03:22:15,173 Pruning 1024 in layer 11
2024-10-14 03:22:24,683 Gathering metrics
2024-10-14 03:24:40,803 {'acc1': 0.9432692307692307, 'acc5': 0.9913461538461539, 'loss': 14.262042882386595, 'macs': 834725700840, 'params': 612490728, 'model_size': 2336.4667053222656, 'inference_time': 0}
2024-10-14 03:24:40,837 Pruning 512 in layer 12
2024-10-14 03:24:52,720 Gathering metrics
2024-10-14 03:27:08,995 {'acc1': 0.9442307692307692, 'acc5': 0.9913461538461539, 'loss': 14.413508183322847, 'macs': 834725700840, 'params': 612490728, 'model_size': 2336.4667053222656, 'inference_time': 0}
2024-10-14 03:27:09,028 Pruning 1024 in layer 12
2024-10-14 03:27:18,530 Gathering metrics
2024-10-14 03:29:34,486 {'acc1': 0.9442307692307692, 'acc5': 0.9913461538461539, 'loss': 14.237923983018845, 'macs': 832929313000, 'params': 611179496, 'model_size': 2331.4647521972656, 'inference_time': 0}
2024-10-14 03:29:34,519 Pruning 1536 in layer 12
2024-10-14 03:29:41,915 Gathering metrics
2024-10-14 03:31:57,651 {'acc1': 0.9442307692307692, 'acc5': 0.9903846153846154, 'loss': 14.439569600857794, 'macs': 831132925160, 'params': 609868264, 'model_size': 2326.4627990722656, 'inference_time': 0}
2024-10-14 03:31:57,684 Pruning 2048 in layer 12
2024-10-14 03:32:03,356 Gathering metrics
2024-10-14 03:34:18,776 {'acc1': 0.9394230769230769, 'acc5': 0.9923076923076923, 'loss': 14.582290168385953, 'macs': 829336537320, 'params': 608557032, 'model_size': 2321.4608459472656, 'inference_time': 0}
2024-10-14 03:34:18,810 Pruning 512 in layer 13
2024-10-14 03:34:30,691 Gathering metrics
2024-10-14 03:36:46,084 {'acc1': 0.9384615384615385, 'acc5': 0.9923076923076923, 'loss': 14.446498741395772, 'macs': 829336537320, 'params': 608557032, 'model_size': 2321.4608459472656, 'inference_time': 0}
2024-10-14 03:36:46,118 Pruning 512 in layer 14
2024-10-14 03:36:58,000 Gathering metrics
2024-10-14 03:39:13,337 {'acc1': 0.9403846153846154, 'acc5': 0.9913461538461539, 'loss': 14.490932863205671, 'macs': 829336537320, 'params': 608557032, 'model_size': 2321.4608459472656, 'inference_time': 0}
2024-10-14 03:39:13,371 Pruning 512 in layer 15
2024-10-14 03:39:25,263 Gathering metrics
2024-10-14 03:41:40,875 {'acc1': 0.9423076923076923, 'acc5': 0.9932692307692308, 'loss': 14.678866136353463, 'macs': 829336537320, 'params': 608557032, 'model_size': 2321.4608459472656, 'inference_time': 0}
2024-10-14 03:41:40,909 Pruning 1024 in layer 15
2024-10-14 03:41:50,410 Gathering metrics
2024-10-14 03:44:05,493 {'acc1': 0.9375, 'acc5': 0.9923076923076923, 'loss': 15.225383318495005, 'macs': 827540149480, 'params': 607245800, 'model_size': 2316.4588928222656, 'inference_time': 0}
2024-10-14 03:44:05,610 Pruning 512 in layer 16
2024-10-14 03:44:17,444 Gathering metrics
2024-10-14 03:46:32,641 {'acc1': 0.9403846153846154, 'acc5': 0.9903846153846154, 'loss': 14.959446211345494, 'macs': 827540149480, 'params': 607245800, 'model_size': 2316.4588928222656, 'inference_time': 0}
2024-10-14 03:46:32,675 Pruning 1024 in layer 16
2024-10-14 03:46:42,177 Gathering metrics
2024-10-14 03:48:57,143 {'acc1': 0.9413461538461538, 'acc5': 0.9903846153846154, 'loss': 14.880488918162882, 'macs': 825743761640, 'params': 605934568, 'model_size': 2311.4569396972656, 'inference_time': 0}
2024-10-14 03:48:57,177 Pruning 1536 in layer 16
2024-10-14 03:49:04,558 Gathering metrics
2024-10-14 03:51:19,341 {'acc1': 0.9403846153846154, 'acc5': 0.9913461538461539, 'loss': 14.898214051034302, 'macs': 823947373800, 'params': 604623336, 'model_size': 2306.4549865722656, 'inference_time': 0}
2024-10-14 03:51:19,375 Pruning 2048 in layer 16
2024-10-14 03:51:25,042 Gathering metrics
2024-10-14 03:53:39,462 {'acc1': 0.9365384615384615, 'acc5': 0.9903846153846154, 'loss': 15.040789605118334, 'macs': 822150985960, 'params': 603312104, 'model_size': 2301.4530334472656, 'inference_time': 0}
2024-10-14 03:53:39,496 Pruning 512 in layer 17
2024-10-14 03:53:51,382 Gathering metrics
2024-10-14 03:56:05,854 {'acc1': 0.9403846153846154, 'acc5': 0.9903846153846154, 'loss': 15.000151426065713, 'macs': 822150985960, 'params': 603312104, 'model_size': 2301.4530334472656, 'inference_time': 0}
2024-10-14 03:56:05,887 Pruning 1024 in layer 17
2024-10-14 03:56:15,422 Gathering metrics
2024-10-14 03:58:29,618 {'acc1': 0.9384615384615385, 'acc5': 0.9913461538461539, 'loss': 15.15717098582536, 'macs': 820354598120, 'params': 602000872, 'model_size': 2296.4510803222656, 'inference_time': 0}
2024-10-14 03:58:29,652 Pruning 1536 in layer 17
2024-10-14 03:58:37,061 Gathering metrics
2024-10-14 04:00:51,681 {'acc1': 0.9355769230769231, 'acc5': 0.9903846153846154, 'loss': 15.208292110823095, 'macs': 818558210280, 'params': 600689640, 'model_size': 2291.4491271972656, 'inference_time': 0}
2024-10-14 04:00:51,715 Pruning 512 in layer 18
2024-10-14 04:01:03,595 Gathering metrics
2024-10-14 04:03:17,665 {'acc1': 0.9365384615384615, 'acc5': 0.9903846153846154, 'loss': 15.728167284745723, 'macs': 818558210280, 'params': 600689640, 'model_size': 2291.4491271972656, 'inference_time': 0}
2024-10-14 04:03:17,787 Pruning 1024 in layer 18
2024-10-14 04:03:27,262 Gathering metrics
2024-10-14 04:05:41,197 {'acc1': 0.9346153846153846, 'acc5': 0.9903846153846154, 'loss': 16.11806224193424, 'macs': 816761822440, 'params': 599378408, 'model_size': 2286.4471740722656, 'inference_time': 0}
2024-10-14 04:05:41,234 Pruning 512 in layer 19
2024-10-14 04:05:53,475 Gathering metrics
2024-10-14 04:08:07,432 {'acc1': 0.9336538461538462, 'acc5': 0.9903846153846154, 'loss': 16.350921691395342, 'macs': 816761822440, 'params': 599378408, 'model_size': 2286.4471740722656, 'inference_time': 0}
2024-10-14 04:08:07,465 Pruning 1024 in layer 19
2024-10-14 04:08:16,982 Gathering metrics
2024-10-14 04:10:30,794 {'acc1': 0.9326923076923077, 'acc5': 0.9903846153846154, 'loss': 16.5208100983873, 'macs': 814965434600, 'params': 598067176, 'model_size': 2281.4452209472656, 'inference_time': 0}
2024-10-14 04:10:30,829 Pruning 512 in layer 20
2024-10-14 04:10:42,704 Gathering metrics
2024-10-14 04:12:56,398 {'acc1': 0.9336538461538462, 'acc5': 0.9903846153846154, 'loss': 16.399112336803228, 'macs': 814965434600, 'params': 598067176, 'model_size': 2281.4452209472656, 'inference_time': 0}
2024-10-14 04:12:56,431 Pruning 1024 in layer 20
2024-10-14 04:13:05,963 Gathering metrics
2024-10-14 04:15:19,451 {'acc1': 0.9317307692307693, 'acc5': 0.9903846153846154, 'loss': 16.8582339216955, 'macs': 813169046760, 'params': 596755944, 'model_size': 2276.4432678222656, 'inference_time': 0}
2024-10-14 04:15:19,485 Pruning 1536 in layer 20
2024-10-14 04:15:26,874 Gathering metrics
2024-10-14 04:17:40,156 {'acc1': 0.9326923076923077, 'acc5': 0.9903846153846154, 'loss': 16.692809174768627, 'macs': 811372658920, 'params': 595444712, 'model_size': 2271.4413146972656, 'inference_time': 0}
2024-10-14 04:17:40,191 Pruning 2048 in layer 20
2024-10-14 04:17:45,861 Gathering metrics
2024-10-14 04:19:58,794 {'acc1': 0.9298076923076923, 'acc5': 0.9903846153846154, 'loss': 16.81541394488886, 'macs': 809576271080, 'params': 594133480, 'model_size': 2266.4393615722656, 'inference_time': 0}
2024-10-14 04:19:58,829 Pruning 512 in layer 21
2024-10-14 04:20:10,677 Gathering metrics
2024-10-14 04:22:23,683 {'acc1': 0.9317307692307693, 'acc5': 0.9903846153846154, 'loss': 16.86877218540758, 'macs': 809576271080, 'params': 594133480, 'model_size': 2266.4393615722656, 'inference_time': 0}
2024-10-14 04:22:23,717 Pruning 1024 in layer 21
2024-10-14 04:22:33,249 Gathering metrics
2024-10-14 04:24:46,076 {'acc1': 0.9336538461538462, 'acc5': 0.989423076923077, 'loss': 16.746642515063286, 'macs': 807779883240, 'params': 592822248, 'model_size': 2261.4374084472656, 'inference_time': 0}
2024-10-14 04:24:46,197 Pruning 1536 in layer 21
2024-10-14 04:24:53,548 Gathering metrics
2024-10-14 04:27:06,150 {'acc1': 0.9326923076923077, 'acc5': 0.9875, 'loss': 16.950072939973325, 'macs': 805983495400, 'params': 591511016, 'model_size': 2256.4354553222656, 'inference_time': 0}
2024-10-14 04:27:06,184 Pruning 2048 in layer 21
2024-10-14 04:27:11,850 Gathering metrics
2024-10-14 04:29:24,308 {'acc1': 0.9355769230769231, 'acc5': 0.9875, 'loss': 16.607449407223612, 'macs': 804187107560, 'params': 590199784, 'model_size': 2251.4335021972656, 'inference_time': 0}
2024-10-14 04:29:24,343 Pruning 2560 in layer 21
2024-10-14 04:29:28,713 Gathering metrics
2024-10-14 04:31:40,959 {'acc1': 0.9375, 'acc5': 0.9875, 'loss': 16.700190401170403, 'macs': 802390719720, 'params': 588888552, 'model_size': 2246.4315490722656, 'inference_time': 0}
2024-10-14 04:31:40,993 Pruning 3072 in layer 21
2024-10-14 04:31:44,345 Gathering metrics
2024-10-14 04:33:56,375 {'acc1': 0.9394230769230769, 'acc5': 0.9875, 'loss': 16.751554605551064, 'macs': 800594331880, 'params': 587577320, 'model_size': 2241.4295959472656, 'inference_time': 0}
2024-10-14 04:33:56,409 Pruning 3584 in layer 21
2024-10-14 04:33:58,818 Gathering metrics
2024-10-14 04:36:10,524 {'acc1': 0.9384615384615385, 'acc5': 0.9884615384615385, 'loss': 16.599598549772054, 'macs': 798797944040, 'params': 586266088, 'model_size': 2236.4276428222656, 'inference_time': 0}
2024-10-14 04:36:10,558 Pruning 4096 in layer 21
2024-10-14 04:36:12,331 Gathering metrics
2024-10-14 04:38:23,822 {'acc1': 0.9375, 'acc5': 0.9884615384615385, 'loss': 16.54693021439016, 'macs': 797001556200, 'params': 584954856, 'model_size': 2231.4256896972656, 'inference_time': 0}
2024-10-14 04:38:23,860 Pruning 4608 in layer 21
2024-10-14 04:38:25,447 Gathering metrics
2024-10-14 04:40:36,647 {'acc1': 0.9326923076923077, 'acc5': 0.9875, 'loss': 16.79479721095413, 'macs': 795205168360, 'params': 583643624, 'model_size': 2226.4237365722656, 'inference_time': 0}
2024-10-14 04:40:36,685 Pruning 512 in layer 22
2024-10-14 04:40:48,967 Gathering metrics
2024-10-14 04:43:00,305 {'acc1': 0.9375, 'acc5': 0.9846153846153847, 'loss': 16.59593032579869, 'macs': 795205168360, 'params': 583643624, 'model_size': 2226.4237365722656, 'inference_time': 0}
2024-10-14 04:43:00,339 Pruning 1024 in layer 22
2024-10-14 04:43:09,857 Gathering metrics
2024-10-14 04:45:20,979 {'acc1': 0.9384615384615385, 'acc5': 0.9855769230769231, 'loss': 16.574176168069243, 'macs': 793408780520, 'params': 582332392, 'model_size': 2221.4217834472656, 'inference_time': 0}
2024-10-14 04:45:21,018 Pruning 1536 in layer 22
2024-10-14 04:45:28,801 Gathering metrics
2024-10-14 04:47:39,676 {'acc1': 0.9355769230769231, 'acc5': 0.9865384615384616, 'loss': 16.58276052493602, 'macs': 791612392680, 'params': 581021160, 'model_size': 2216.4198303222656, 'inference_time': 0}
2024-10-14 04:47:39,711 Pruning 2048 in layer 22
2024-10-14 04:47:45,395 Gathering metrics
2024-10-14 04:49:56,159 {'acc1': 0.9355769230769231, 'acc5': 0.9855769230769231, 'loss': 16.44979929877445, 'macs': 789816004840, 'params': 579709928, 'model_size': 2211.4178771972656, 'inference_time': 0}
2024-10-14 04:49:56,278 Pruning 2560 in layer 22
2024-10-14 04:50:00,569 Gathering metrics
2024-10-14 04:52:11,351 {'acc1': 0.9336538461538462, 'acc5': 0.9855769230769231, 'loss': 16.429736143443733, 'macs': 788019617000, 'params': 578398696, 'model_size': 2206.4159240722656, 'inference_time': 0}
2024-10-14 04:52:11,385 Pruning 512 in layer 23
2024-10-14 04:52:23,262 Gathering metrics
2024-10-14 04:54:33,908 {'acc1': 0.9365384615384615, 'acc5': 0.9855769230769231, 'loss': 16.46439442364499, 'macs': 788019617000, 'params': 578398696, 'model_size': 2206.4159240722656, 'inference_time': 0}
2024-10-14 04:54:33,942 Pruning 1024 in layer 23
2024-10-14 04:54:43,484 Gathering metrics
2024-10-14 04:56:54,147 {'acc1': 0.9355769230769231, 'acc5': 0.9865384615384616, 'loss': 16.404163643252105, 'macs': 786223229160, 'params': 577087464, 'model_size': 2201.4139709472656, 'inference_time': 0}
2024-10-14 04:56:54,182 Pruning 1536 in layer 23
2024-10-14 04:57:01,579 Gathering metrics
2024-10-14 04:59:11,987 {'acc1': 0.9307692307692308, 'acc5': 0.9855769230769231, 'loss': 16.564942432567477, 'macs': 784426841320, 'params': 575776232, 'model_size': 2196.4120178222656, 'inference_time': 0}
2024-10-14 04:59:12,022 Pruning 512 in layer 24
2024-10-14 04:59:23,897 Gathering metrics
2024-10-14 05:01:34,193 {'acc1': 0.9336538461538462, 'acc5': 0.9865384615384616, 'loss': 16.872767040506005, 'macs': 784426841320, 'params': 575776232, 'model_size': 2196.4120178222656, 'inference_time': 0}
2024-10-14 05:01:34,227 Pruning 1024 in layer 24
2024-10-14 05:01:43,777 Gathering metrics
2024-10-14 05:03:54,012 {'acc1': 0.9307692307692308, 'acc5': 0.9865384615384616, 'loss': 17.469678182154894, 'macs': 782630453480, 'params': 574465000, 'model_size': 2191.4100646972656, 'inference_time': 0}
2024-10-14 05:03:54,047 Pruning 512 in layer 25
2024-10-14 05:04:05,949 Gathering metrics
2024-10-14 05:06:16,285 {'acc1': 0.9307692307692308, 'acc5': 0.9865384615384616, 'loss': 17.241892389487475, 'macs': 782630453480, 'params': 574465000, 'model_size': 2191.4100646972656, 'inference_time': 0}
2024-10-14 05:06:16,320 Pruning 1024 in layer 25
2024-10-14 05:06:25,875 Gathering metrics
2024-10-14 05:08:35,757 {'acc1': 0.9307692307692308, 'acc5': 0.9875, 'loss': 17.452291088178754, 'macs': 780834065640, 'params': 573153768, 'model_size': 2186.4081115722656, 'inference_time': 0}
2024-10-14 05:08:35,880 Pruning 1536 in layer 25
2024-10-14 05:08:43,219 Gathering metrics
2024-10-14 05:10:52,864 {'acc1': 0.9278846153846154, 'acc5': 0.9865384615384616, 'loss': 17.838200661586598, 'macs': 779037677800, 'params': 571842536, 'model_size': 2181.4061584472656, 'inference_time': 0}
2024-10-14 05:10:52,898 Pruning 512 in layer 26
2024-10-14 05:11:04,800 Gathering metrics
2024-10-14 05:13:14,337 {'acc1': 0.9317307692307693, 'acc5': 0.9865384615384616, 'loss': 17.63559815683402, 'macs': 779037677800, 'params': 571842536, 'model_size': 2181.4061584472656, 'inference_time': 0}
2024-10-14 05:13:14,370 Pruning 1024 in layer 26
2024-10-14 05:13:23,901 Gathering metrics
2024-10-14 05:15:33,414 {'acc1': 0.925, 'acc5': 0.9865384615384616, 'loss': 18.075296153547242, 'macs': 777241289960, 'params': 570531304, 'model_size': 2176.4042053222656, 'inference_time': 0}
2024-10-14 05:15:33,448 Pruning 512 in layer 27
2024-10-14 05:15:45,404 Gathering metrics
2024-10-14 05:17:54,763 {'acc1': 0.9288461538461539, 'acc5': 0.9875, 'loss': 17.909691865788773, 'macs': 777241289960, 'params': 570531304, 'model_size': 2176.4042053222656, 'inference_time': 0}
2024-10-14 05:17:54,797 Pruning 1024 in layer 27
2024-10-14 05:18:04,338 Gathering metrics
2024-10-14 05:20:13,439 {'acc1': 0.926923076923077, 'acc5': 0.9865384615384616, 'loss': 17.854670018190518, 'macs': 775444902120, 'params': 569220072, 'model_size': 2171.4022521972656, 'inference_time': 0}
2024-10-14 05:20:13,474 Pruning 512 in layer 28
2024-10-14 05:20:25,364 Gathering metrics
2024-10-14 05:22:34,399 {'acc1': 0.9240384615384616, 'acc5': 0.9875, 'loss': 17.939875730779022, 'macs': 775444902120, 'params': 569220072, 'model_size': 2171.4022521972656, 'inference_time': 0}
2024-10-14 05:22:34,433 Pruning 512 in layer 29
2024-10-14 05:22:46,316 Gathering metrics
2024-10-14 05:24:55,482 {'acc1': 0.925, 'acc5': 0.9875, 'loss': 18.08792414376512, 'macs': 775444902120, 'params': 569220072, 'model_size': 2171.4022521972656, 'inference_time': 0}
2024-10-14 05:24:55,516 Pruning 512 in layer 30
2024-10-14 05:25:07,406 Gathering metrics
2024-10-14 05:27:16,553 {'acc1': 0.9288461538461539, 'acc5': 0.9865384615384616, 'loss': 18.199244630057365, 'macs': 775444902120, 'params': 569220072, 'model_size': 2171.4022521972656, 'inference_time': 0}
2024-10-14 05:27:16,587 Pruning 1024 in layer 30
2024-10-14 05:27:26,127 Gathering metrics
2024-10-14 05:29:35,086 {'acc1': 0.9298076923076923, 'acc5': 0.9865384615384616, 'loss': 18.365283752325922, 'macs': 773648514280, 'params': 567908840, 'model_size': 2166.4002990722656, 'inference_time': 0}
2024-10-14 05:29:35,121 Pruning 1536 in layer 30
2024-10-14 05:29:42,525 Gathering metrics
2024-10-14 05:31:51,146 {'acc1': 0.9307692307692308, 'acc5': 0.9865384615384616, 'loss': 18.505648587830365, 'macs': 771852126440, 'params': 566597608, 'model_size': 2161.3983459472656, 'inference_time': 0}
2024-10-14 05:31:51,267 Pruning 2048 in layer 30
2024-10-14 05:31:56,879 Gathering metrics
2024-10-14 05:34:05,459 {'acc1': 0.9298076923076923, 'acc5': 0.9875, 'loss': 19.16355294547975, 'macs': 770055738600, 'params': 565286376, 'model_size': 2156.3963928222656, 'inference_time': 0}
2024-10-14 05:34:05,493 Pruning 2560 in layer 30
2024-10-14 05:34:09,851 Gathering metrics
2024-10-14 05:36:18,238 {'acc1': 0.9326923076923077, 'acc5': 0.9865384615384616, 'loss': 19.975749725475907, 'macs': 768259350760, 'params': 563975144, 'model_size': 2151.3944396972656, 'inference_time': 0}
2024-10-14 05:36:18,273 Pruning 3072 in layer 30
2024-10-14 05:36:21,623 Gathering metrics
2024-10-14 05:38:29,900 {'acc1': 0.9221153846153847, 'acc5': 0.9875, 'loss': 23.391129046678543, 'macs': 766462962920, 'params': 562663912, 'model_size': 2146.3924865722656, 'inference_time': 0}
2024-10-14 05:38:29,934 Pruning 512 in layer 31
2024-10-14 05:38:41,867 Gathering metrics
2024-10-14 05:40:49,919 {'acc1': 0.9317307692307693, 'acc5': 0.9865384615384616, 'loss': 20.07351278141141, 'macs': 766462962920, 'params': 562663912, 'model_size': 2146.3924865722656, 'inference_time': 0}
2024-10-14 05:40:49,954 Pruning 1024 in layer 31
2024-10-14 05:40:59,502 Gathering metrics
2024-10-14 05:43:07,437 {'acc1': 0.9317307692307693, 'acc5': 0.9865384615384616, 'loss': 20.82025576941669, 'macs': 764666575080, 'params': 561352680, 'model_size': 2141.3905334472656, 'inference_time': 0}
2024-10-14 05:43:07,471 Pruning 1536 in layer 31
2024-10-14 05:43:14,887 Gathering metrics
2024-10-14 05:45:22,656 {'acc1': 0.9346153846153846, 'acc5': 0.9875, 'loss': 20.601868718862534, 'macs': 762870187240, 'params': 560041448, 'model_size': 2136.3885803222656, 'inference_time': 0}
2024-10-14 05:45:22,690 Pruning 2048 in layer 31
2024-10-14 05:45:28,360 Gathering metrics
2024-10-14 05:47:35,853 {'acc1': 0.9326923076923077, 'acc5': 0.9875, 'loss': 20.554212065413594, 'macs': 761073799400, 'params': 558730216, 'model_size': 2131.3866271972656, 'inference_time': 0}
2024-10-14 05:47:35,887 Pruning 2560 in layer 31
2024-10-14 05:47:40,214 Gathering metrics
2024-10-14 05:49:47,526 {'acc1': 0.9336538461538462, 'acc5': 0.9884615384615385, 'loss': 20.4957689139992, 'macs': 759277411560, 'params': 557418984, 'model_size': 2126.3846740722656, 'inference_time': 0}
2024-10-14 05:49:47,561 Pruning 3072 in layer 31
2024-10-14 05:49:50,895 Gathering metrics
2024-10-14 05:51:57,904 {'acc1': 0.9346153846153846, 'acc5': 0.9875, 'loss': 20.420203713700175, 'macs': 757481023720, 'params': 556107752, 'model_size': 2121.3827209472656, 'inference_time': 0}
2024-10-14 05:51:57,939 Pruning 3584 in layer 31
2024-10-14 05:52:00,354 Gathering metrics
2024-10-14 05:54:07,171 {'acc1': 0.9307692307692308, 'acc5': 0.9855769230769231, 'loss': 21.281077403575182, 'macs': 755684635880, 'params': 554796520, 'model_size': 2116.3807678222656, 'inference_time': 0}
2024-10-14 05:54:07,292 Pruning 4096 in layer 31
2024-10-14 05:54:09,003 Gathering metrics
2024-10-14 05:56:15,541 {'acc1': 0.9307692307692308, 'acc5': 0.9865384615384616, 'loss': 22.015263199806213, 'macs': 753888248040, 'params': 553485288, 'model_size': 2111.3788146972656, 'inference_time': 0}
2024-10-14 05:56:15,575 Pruning 4608 in layer 31
2024-10-14 05:56:16,871 Gathering metrics
2024-10-14 05:58:23,363 {'acc1': 0.9298076923076923, 'acc5': 0.9865384615384616, 'loss': 22.255613254383206, 'macs': 752091860200, 'params': 552174056, 'model_size': 2106.3768615722656, 'inference_time': 0}
2024-10-14 05:58:23,378 Experiment finished
