2024-10-12 02:40:24,796 Starting experiment outputs/adaptive/vit_b_32/proj5n50
2024-10-12 02:40:24,796 Loading the original model
2024-10-12 02:40:25,216 Gathering metrics of the original model
2024-10-12 02:40:49,776 {'acc1': 0.8004331683168316, 'acc5': 0.943069306930693, 'loss': 90.91573594510555, 'macs': 4367292136, 'params': 88224232, 'model_size': 336.5487365722656, 'inference_time': 0}
2024-10-12 02:40:49,789 Pruning 128 in layer 11
2024-10-12 02:40:55,505 Gathering metrics
2024-10-12 02:41:19,039 {'acc1': 0.7961014851485149, 'acc5': 0.9415222772277227, 'loss': 96.89673350006342, 'macs': 4357455336, 'params': 88027496, 'model_size': 335.7982482910156, 'inference_time': 0}
2024-10-12 02:41:19,151 Pruning 256 in layer 11
2024-10-12 02:41:24,365 Gathering metrics
2024-10-12 02:41:48,574 {'acc1': 0.7920792079207921, 'acc5': 0.9405940594059405, 'loss': 100.88392763584852, 'macs': 4347618536, 'params': 87830760, 'model_size': 335.0477600097656, 'inference_time': 0}
2024-10-12 02:41:48,589 Pruning 128 in layer 10
2024-10-12 02:41:54,235 Gathering metrics
2024-10-12 02:42:18,181 {'acc1': 0.7930074257425742, 'acc5': 0.9387376237623762, 'loss': 99.41968718916178, 'macs': 4347618536, 'params': 87830760, 'model_size': 335.0477600097656, 'inference_time': 0}
2024-10-12 02:42:18,196 Pruning 256 in layer 10
2024-10-12 02:42:23,411 Gathering metrics
2024-10-12 02:42:46,900 {'acc1': 0.7914603960396039, 'acc5': 0.937809405940594, 'loss': 104.69283032417297, 'macs': 4337781736, 'params': 87634024, 'model_size': 334.2972717285156, 'inference_time': 0}
2024-10-12 02:42:46,914 Pruning 384 in layer 10
2024-10-12 02:42:51,645 Gathering metrics
2024-10-12 02:43:15,483 {'acc1': 0.7852722772277227, 'acc5': 0.9353341584158416, 'loss': 110.39182099699974, 'macs': 4327944936, 'params': 87437288, 'model_size': 333.5467834472656, 'inference_time': 0}
2024-10-12 02:43:15,499 Pruning 128 in layer 9
2024-10-12 02:43:21,165 Gathering metrics
2024-10-12 02:43:44,620 {'acc1': 0.7899133663366337, 'acc5': 0.937809405940594, 'loss': 105.59972766041756, 'macs': 4327944936, 'params': 87437288, 'model_size': 333.5467834472656, 'inference_time': 0}
2024-10-12 02:43:44,634 Pruning 256 in layer 9
2024-10-12 02:43:49,828 Gathering metrics
2024-10-12 02:44:14,358 {'acc1': 0.7886757425742574, 'acc5': 0.9362623762376238, 'loss': 106.39835865795612, 'macs': 4318108136, 'params': 87240552, 'model_size': 332.7962951660156, 'inference_time': 0}
2024-10-12 02:44:14,372 Pruning 384 in layer 9
2024-10-12 02:44:19,118 Gathering metrics
2024-10-12 02:44:43,226 {'acc1': 0.786200495049505, 'acc5': 0.9375, 'loss': 107.10970637202263, 'macs': 4308271336, 'params': 87043816, 'model_size': 332.0458068847656, 'inference_time': 0}
2024-10-12 02:44:43,240 Pruning 512 in layer 9
2024-10-12 02:44:47,413 Gathering metrics
2024-10-12 02:45:11,143 {'acc1': 0.7787747524752475, 'acc5': 0.9368811881188119, 'loss': 108.31770177185535, 'macs': 4298434536, 'params': 86847080, 'model_size': 331.2953186035156, 'inference_time': 0}
2024-10-12 02:45:11,158 Pruning 128 in layer 8
2024-10-12 02:45:16,800 Gathering metrics
2024-10-12 02:45:40,790 {'acc1': 0.7821782178217822, 'acc5': 0.9350247524752475, 'loss': 108.90194297581911, 'macs': 4298434536, 'params': 86847080, 'model_size': 331.2953186035156, 'inference_time': 0}
2024-10-12 02:45:40,806 Pruning 256 in layer 8
2024-10-12 02:45:46,015 Gathering metrics
2024-10-12 02:46:09,781 {'acc1': 0.7855816831683168, 'acc5': 0.9356435643564357, 'loss': 110.07146842032671, 'macs': 4288597736, 'params': 86650344, 'model_size': 330.5448303222656, 'inference_time': 0}
2024-10-12 02:46:09,796 Pruning 384 in layer 8
2024-10-12 02:46:14,503 Gathering metrics
2024-10-12 02:46:38,585 {'acc1': 0.7803217821782178, 'acc5': 0.9347153465346535, 'loss': 110.76134589314461, 'macs': 4278760936, 'params': 86453608, 'model_size': 329.7943420410156, 'inference_time': 0}
2024-10-12 02:46:38,600 Pruning 512 in layer 8
2024-10-12 02:46:42,820 Gathering metrics
2024-10-12 02:47:06,351 {'acc1': 0.7787747524752475, 'acc5': 0.9344059405940595, 'loss': 111.44935716688633, 'macs': 4268924136, 'params': 86256872, 'model_size': 329.0438537597656, 'inference_time': 0}
2024-10-12 02:47:06,365 Pruning 128 in layer 7
2024-10-12 02:47:12,005 Gathering metrics
2024-10-12 02:47:35,506 {'acc1': 0.7800123762376238, 'acc5': 0.9328589108910891, 'loss': 111.3920604661107, 'macs': 4268924136, 'params': 86256872, 'model_size': 329.0438537597656, 'inference_time': 0}
2024-10-12 02:47:35,520 Pruning 256 in layer 7
2024-10-12 02:47:40,737 Gathering metrics
2024-10-12 02:48:04,748 {'acc1': 0.7778465346534653, 'acc5': 0.9313118811881188, 'loss': 111.42983742058277, 'macs': 4259087336, 'params': 86060136, 'model_size': 328.2933654785156, 'inference_time': 0}
2024-10-12 02:48:04,762 Pruning 384 in layer 7
2024-10-12 02:48:09,486 Gathering metrics
2024-10-12 02:48:32,952 {'acc1': 0.7769183168316832, 'acc5': 0.9303836633663366, 'loss': 111.365283370018, 'macs': 4249250536, 'params': 85863400, 'model_size': 327.5428771972656, 'inference_time': 0}
2024-10-12 02:48:32,967 Pruning 512 in layer 7
2024-10-12 02:48:37,126 Gathering metrics
2024-10-12 02:49:00,899 {'acc1': 0.7738242574257426, 'acc5': 0.9297648514851485, 'loss': 112.74759953469038, 'macs': 4239413736, 'params': 85666664, 'model_size': 326.7923889160156, 'inference_time': 0}
2024-10-12 02:49:00,912 Pruning 640 in layer 7
2024-10-12 02:49:04,730 Gathering metrics
2024-10-12 02:49:28,455 {'acc1': 0.770730198019802, 'acc5': 0.926980198019802, 'loss': 113.49112740159035, 'macs': 4229576936, 'params': 85469928, 'model_size': 326.0419006347656, 'inference_time': 0}
2024-10-12 02:49:28,469 Pruning 128 in layer 6
2024-10-12 02:49:34,160 Gathering metrics
2024-10-12 02:49:57,827 {'acc1': 0.7719678217821783, 'acc5': 0.9279084158415841, 'loss': 112.93428020179272, 'macs': 4229576936, 'params': 85469928, 'model_size': 326.0419006347656, 'inference_time': 0}
2024-10-12 02:49:57,842 Pruning 256 in layer 6
2024-10-12 02:50:03,068 Gathering metrics
2024-10-12 02:50:26,903 {'acc1': 0.7679455445544554, 'acc5': 0.9275990099009901, 'loss': 113.23935683071613, 'macs': 4219740136, 'params': 85273192, 'model_size': 325.2914123535156, 'inference_time': 0}
2024-10-12 02:50:26,917 Pruning 384 in layer 6
2024-10-12 02:50:31,620 Gathering metrics
2024-10-12 02:50:55,170 {'acc1': 0.7660891089108911, 'acc5': 0.9245049504950495, 'loss': 113.88391563296318, 'macs': 4209903336, 'params': 85076456, 'model_size': 324.5409240722656, 'inference_time': 0}
2024-10-12 02:50:55,183 Pruning 128 in layer 5
2024-10-12 02:51:00,822 Gathering metrics
2024-10-12 02:51:24,864 {'acc1': 0.7648514851485149, 'acc5': 0.9229579207920792, 'loss': 115.30806669592857, 'macs': 4209903336, 'params': 85076456, 'model_size': 324.5409240722656, 'inference_time': 0}
2024-10-12 02:51:24,878 Pruning 256 in layer 5
2024-10-12 02:51:30,108 Gathering metrics
2024-10-12 02:51:53,536 {'acc1': 0.7642326732673267, 'acc5': 0.9214108910891089, 'loss': 116.20267710089684, 'macs': 4200066536, 'params': 84879720, 'model_size': 323.7904357910156, 'inference_time': 0}
2024-10-12 02:51:53,551 Pruning 384 in layer 5
2024-10-12 02:51:58,287 Gathering metrics
2024-10-12 02:52:21,645 {'acc1': 0.7595915841584159, 'acc5': 0.9229579207920792, 'loss': 116.72836077213287, 'macs': 4190229736, 'params': 84682984, 'model_size': 323.0399475097656, 'inference_time': 0}
2024-10-12 02:52:21,658 Pruning 128 in layer 4
2024-10-12 02:52:27,279 Gathering metrics
2024-10-12 02:52:51,162 {'acc1': 0.7611386138613861, 'acc5': 0.9207920792079208, 'loss': 117.30142943561077, 'macs': 4190229736, 'params': 84682984, 'model_size': 323.0399475097656, 'inference_time': 0}
2024-10-12 02:52:51,177 Pruning 256 in layer 4
2024-10-12 02:52:56,400 Gathering metrics
2024-10-12 02:53:19,899 {'acc1': 0.755259900990099, 'acc5': 0.9195544554455446, 'loss': 118.40159150958061, 'macs': 4180392936, 'params': 84486248, 'model_size': 322.2894592285156, 'inference_time': 0}
2024-10-12 02:53:19,912 Pruning 128 in layer 3
2024-10-12 02:53:25,527 Gathering metrics
2024-10-12 02:53:49,423 {'acc1': 0.7577351485148515, 'acc5': 0.9211014851485149, 'loss': 118.50738376379013, 'macs': 4180392936, 'params': 84486248, 'model_size': 322.2894592285156, 'inference_time': 0}
2024-10-12 02:53:49,438 Pruning 256 in layer 3
2024-10-12 02:53:54,691 Gathering metrics
2024-10-12 02:54:17,994 {'acc1': 0.7558787128712872, 'acc5': 0.9192450495049505, 'loss': 119.99950823187828, 'macs': 4170556136, 'params': 84289512, 'model_size': 321.5389709472656, 'inference_time': 0}
2024-10-12 02:54:18,009 Pruning 384 in layer 3
2024-10-12 02:54:22,723 Gathering metrics
2024-10-12 02:54:46,018 {'acc1': 0.754950495049505, 'acc5': 0.9161509900990099, 'loss': 121.8585127145052, 'macs': 4160719336, 'params': 84092776, 'model_size': 320.7884826660156, 'inference_time': 0}
2024-10-12 02:54:46,034 Pruning 512 in layer 3
2024-10-12 02:54:50,182 Gathering metrics
2024-10-12 02:55:13,890 {'acc1': 0.745049504950495, 'acc5': 0.911200495049505, 'loss': 126.61928169429302, 'macs': 4150882536, 'params': 83896040, 'model_size': 320.0379943847656, 'inference_time': 0}
2024-10-12 02:55:13,905 Pruning 128 in layer 2
2024-10-12 02:55:19,560 Gathering metrics
2024-10-12 02:55:42,844 {'acc1': 0.7521658415841584, 'acc5': 0.9146039603960396, 'loss': 122.51328743994236, 'macs': 4150882536, 'params': 83896040, 'model_size': 320.0379943847656, 'inference_time': 0}
2024-10-12 02:55:42,858 Pruning 256 in layer 2
2024-10-12 02:55:48,090 Gathering metrics
2024-10-12 02:56:11,682 {'acc1': 0.7419554455445545, 'acc5': 0.9102722772277227, 'loss': 123.87234482169151, 'macs': 4141045736, 'params': 83699304, 'model_size': 319.2875061035156, 'inference_time': 0}
2024-10-12 02:56:11,789 Pruning 128 in layer 1
2024-10-12 02:56:17,438 Gathering metrics
2024-10-12 02:56:40,785 {'acc1': 0.6958539603960396, 'acc5': 0.8650990099009901, 'loss': 155.75379380583763, 'macs': 4141045736, 'params': 83699304, 'model_size': 319.2875061035156, 'inference_time': 0}
2024-10-12 02:56:40,800 Pruning 128 in layer 0
2024-10-12 02:56:46,443 Gathering metrics
2024-10-12 02:57:09,579 {'acc1': 0.7441212871287128, 'acc5': 0.9093440594059405, 'loss': 127.82167254388332, 'macs': 4141045736, 'params': 83699304, 'model_size': 319.2875061035156, 'inference_time': 0}
2024-10-12 02:57:09,592 Experiment finished
