2024-10-12 20:47:33,706 Starting experiment outputs/adaptive/vit_h_14/l1
2024-10-12 20:47:33,706 Loading the original model
2024-10-12 20:47:35,803 Gathering metrics of the original model
2024-10-12 20:49:55,935 {'acc1': 0.9634615384615385, 'acc5': 0.9951923076923077, 'loss': 10.94629063270986, 'macs': 863467906280, 'params': 633470440, 'model_size': 2416.4979553222656, 'inference_time': 0}
2024-10-12 20:49:55,967 Pruning 512 in layer 31
2024-10-12 20:49:55,998 Gathering metrics
2024-10-12 20:52:15,762 {'acc1': 0.9625, 'acc5': 0.9951923076923077, 'loss': 11.438069217838347, 'macs': 861671518440, 'params': 632159208, 'model_size': 2411.4960021972656, 'inference_time': 0}
2024-10-12 20:52:15,800 Pruning 1024 in layer 31
2024-10-12 20:52:15,802 Gathering metrics
2024-10-12 20:54:35,370 {'acc1': 0.9634615384615385, 'acc5': 0.9961538461538462, 'loss': 11.513526601716876, 'macs': 859875130600, 'params': 630847976, 'model_size': 2406.4940490722656, 'inference_time': 0}
2024-10-12 20:54:35,403 Pruning 1536 in layer 31
2024-10-12 20:54:35,404 Gathering metrics
2024-10-12 20:56:54,916 {'acc1': 0.9634615384615385, 'acc5': 0.9961538461538462, 'loss': 11.701900280080736, 'macs': 858078742760, 'params': 629536744, 'model_size': 2401.4920959472656, 'inference_time': 0}
2024-10-12 20:56:54,948 Pruning 2048 in layer 31
2024-10-12 20:56:54,950 Gathering metrics
2024-10-12 20:59:14,073 {'acc1': 0.9634615384615385, 'acc5': 0.9951923076923077, 'loss': 11.800839457660913, 'macs': 856282354920, 'params': 628225512, 'model_size': 2396.4901428222656, 'inference_time': 0}
2024-10-12 20:59:14,106 Pruning 2560 in layer 31
2024-10-12 20:59:14,108 Gathering metrics
2024-10-12 21:01:33,425 {'acc1': 0.9625, 'acc5': 0.9942307692307693, 'loss': 11.972702540457249, 'macs': 854485967080, 'params': 626914280, 'model_size': 2391.4881896972656, 'inference_time': 0}
2024-10-12 21:01:33,458 Pruning 3072 in layer 31
2024-10-12 21:01:33,459 Gathering metrics
2024-10-12 21:03:52,357 {'acc1': 0.9596153846153846, 'acc5': 0.9951923076923077, 'loss': 13.187785169109702, 'macs': 852689579240, 'params': 625603048, 'model_size': 2386.4862365722656, 'inference_time': 0}
2024-10-12 21:03:52,391 Pruning 512 in layer 30
2024-10-12 21:03:52,392 Gathering metrics
2024-10-12 21:06:11,344 {'acc1': 0.9634615384615385, 'acc5': 0.9951923076923077, 'loss': 13.034020187333226, 'macs': 852689579240, 'params': 625603048, 'model_size': 2386.4862365722656, 'inference_time': 0}
2024-10-12 21:06:11,377 Pruning 1024 in layer 30
2024-10-12 21:06:11,379 Gathering metrics
2024-10-12 21:08:29,861 {'acc1': 0.9634615384615385, 'acc5': 0.9951923076923077, 'loss': 13.32765001244843, 'macs': 850893191400, 'params': 624291816, 'model_size': 2381.4842834472656, 'inference_time': 0}
2024-10-12 21:08:29,980 Pruning 1536 in layer 30
2024-10-12 21:08:29,982 Gathering metrics
2024-10-12 21:10:48,191 {'acc1': 0.9615384615384616, 'acc5': 0.9951923076923077, 'loss': 13.46967750787735, 'macs': 849096803560, 'params': 622980584, 'model_size': 2376.4823303222656, 'inference_time': 0}
2024-10-12 21:10:48,224 Pruning 2048 in layer 30
2024-10-12 21:10:48,226 Gathering metrics
2024-10-12 21:13:06,287 {'acc1': 0.9625, 'acc5': 0.9942307692307693, 'loss': 14.12459271773696, 'macs': 847300415720, 'params': 621669352, 'model_size': 2371.4803771972656, 'inference_time': 0}
2024-10-12 21:13:06,321 Pruning 2560 in layer 30
2024-10-12 21:13:06,323 Gathering metrics
2024-10-12 21:15:24,425 {'acc1': 0.9596153846153846, 'acc5': 0.9951923076923077, 'loss': 14.876198463141918, 'macs': 845504027880, 'params': 620358120, 'model_size': 2366.4784240722656, 'inference_time': 0}
2024-10-12 21:15:24,459 Pruning 3072 in layer 30
2024-10-12 21:15:24,460 Gathering metrics
2024-10-12 21:17:42,048 {'acc1': 0.9615384615384616, 'acc5': 0.9942307692307693, 'loss': 16.14580501616001, 'macs': 843707640040, 'params': 619046888, 'model_size': 2361.4764709472656, 'inference_time': 0}
2024-10-12 21:17:42,081 Pruning 3584 in layer 30
2024-10-12 21:17:42,083 Gathering metrics
2024-10-12 21:19:59,405 {'acc1': 0.9615384615384616, 'acc5': 0.9942307692307693, 'loss': 18.186982862651348, 'macs': 841911252200, 'params': 617735656, 'model_size': 2356.4745178222656, 'inference_time': 0}
2024-10-12 21:19:59,439 Pruning 4096 in layer 30
2024-10-12 21:19:59,441 Gathering metrics
2024-10-12 21:22:16,710 {'acc1': 0.9596153846153846, 'acc5': 0.9923076923076923, 'loss': 23.814451932907104, 'macs': 840114864360, 'params': 616424424, 'model_size': 2351.4725646972656, 'inference_time': 0}
2024-10-12 21:22:16,744 Pruning 4608 in layer 30
2024-10-12 21:22:16,746 Gathering metrics
2024-10-12 21:24:33,620 {'acc1': 0.9576923076923077, 'acc5': 0.9942307692307693, 'loss': 28.179917082190514, 'macs': 838318476520, 'params': 615113192, 'model_size': 2346.4706115722656, 'inference_time': 0}
2024-10-12 21:24:33,656 Pruning 512 in layer 29
2024-10-12 21:24:33,659 Gathering metrics
2024-10-12 21:26:50,660 {'acc1': 0.9192307692307692, 'acc5': 0.9903846153846154, 'loss': 82.30648395419121, 'macs': 838318476520, 'params': 615113192, 'model_size': 2346.4706115722656, 'inference_time': 0}
2024-10-12 21:26:50,693 Pruning 512 in layer 28
2024-10-12 21:26:50,694 Gathering metrics
2024-10-12 21:29:07,573 {'acc1': 0.9567307692307693, 'acc5': 0.9932692307692308, 'loss': 34.027421191334724, 'macs': 838318476520, 'params': 615113192, 'model_size': 2346.4706115722656, 'inference_time': 0}
2024-10-12 21:29:07,606 Pruning 1024 in layer 28
2024-10-12 21:29:07,608 Gathering metrics
2024-10-12 21:31:24,560 {'acc1': 0.9471153846153846, 'acc5': 0.9942307692307693, 'loss': 47.229459181427956, 'macs': 836522088680, 'params': 613801960, 'model_size': 2341.4686584472656, 'inference_time': 0}
2024-10-12 21:31:24,677 Pruning 512 in layer 27
2024-10-12 21:31:24,679 Gathering metrics
2024-10-12 21:33:41,351 {'acc1': 0.9490384615384615, 'acc5': 0.9923076923076923, 'loss': 36.3619541823864, 'macs': 836522088680, 'params': 613801960, 'model_size': 2341.4686584472656, 'inference_time': 0}
2024-10-12 21:33:41,385 Pruning 512 in layer 26
2024-10-12 21:33:41,386 Gathering metrics
2024-10-12 21:35:58,035 {'acc1': 0.9567307692307693, 'acc5': 0.9932692307692308, 'loss': 37.62119022011757, 'macs': 836522088680, 'params': 613801960, 'model_size': 2341.4686584472656, 'inference_time': 0}
2024-10-12 21:35:58,072 Pruning 1024 in layer 26
2024-10-12 21:35:58,074 Gathering metrics
2024-10-12 21:38:14,700 {'acc1': 0.9538461538461539, 'acc5': 0.9932692307692308, 'loss': 39.672995552420616, 'macs': 834725700840, 'params': 612490728, 'model_size': 2336.4667053222656, 'inference_time': 0}
2024-10-12 21:38:14,733 Pruning 1536 in layer 26
2024-10-12 21:38:14,735 Gathering metrics
2024-10-12 21:40:30,860 {'acc1': 0.9519230769230769, 'acc5': 0.9923076923076923, 'loss': 45.8391160517931, 'macs': 832929313000, 'params': 611179496, 'model_size': 2331.4647521972656, 'inference_time': 0}
2024-10-12 21:40:30,893 Pruning 512 in layer 25
2024-10-12 21:40:30,895 Gathering metrics
2024-10-12 21:42:47,140 {'acc1': 0.95, 'acc5': 0.9913461538461539, 'loss': 49.49049945175648, 'macs': 832929313000, 'params': 611179496, 'model_size': 2331.4647521972656, 'inference_time': 0}
2024-10-12 21:42:47,173 Pruning 512 in layer 24
2024-10-12 21:42:47,175 Gathering metrics
2024-10-12 21:45:03,516 {'acc1': 0.9384615384615385, 'acc5': 0.9913461538461539, 'loss': 52.64613264799118, 'macs': 832929313000, 'params': 611179496, 'model_size': 2331.4647521972656, 'inference_time': 0}
2024-10-12 21:45:03,549 Pruning 512 in layer 23
2024-10-12 21:45:03,551 Gathering metrics
2024-10-12 21:47:21,314 {'acc1': 0.948076923076923, 'acc5': 0.9932692307692308, 'loss': 40.47920544445515, 'macs': 832929313000, 'params': 611179496, 'model_size': 2331.4647521972656, 'inference_time': 0}
2024-10-12 21:47:21,346 Pruning 512 in layer 22
2024-10-12 21:47:21,348 Gathering metrics
2024-10-12 21:49:38,681 {'acc1': 0.95, 'acc5': 0.9932692307692308, 'loss': 41.32873356342316, 'macs': 832929313000, 'params': 611179496, 'model_size': 2331.4647521972656, 'inference_time': 0}
2024-10-12 21:49:38,798 Pruning 512 in layer 21
2024-10-12 21:49:38,800 Gathering metrics
2024-10-12 21:51:54,935 {'acc1': 0.9557692307692308, 'acc5': 0.9932692307692308, 'loss': 39.811975464224815, 'macs': 832929313000, 'params': 611179496, 'model_size': 2331.4647521972656, 'inference_time': 0}
2024-10-12 21:51:54,971 Pruning 1024 in layer 21
2024-10-12 21:51:54,974 Gathering metrics
2024-10-12 21:54:10,984 {'acc1': 0.9519230769230769, 'acc5': 0.9932692307692308, 'loss': 40.52211718261242, 'macs': 831132925160, 'params': 609868264, 'model_size': 2326.4627990722656, 'inference_time': 0}
2024-10-12 21:54:11,018 Pruning 1536 in layer 21
2024-10-12 21:54:11,019 Gathering metrics
2024-10-12 21:56:27,023 {'acc1': 0.9519230769230769, 'acc5': 0.9923076923076923, 'loss': 39.8468401581049, 'macs': 829336537320, 'params': 608557032, 'model_size': 2321.4608459472656, 'inference_time': 0}
2024-10-12 21:56:27,056 Pruning 2048 in layer 21
2024-10-12 21:56:27,058 Gathering metrics
2024-10-12 21:58:42,736 {'acc1': 0.9509615384615384, 'acc5': 0.9923076923076923, 'loss': 40.36138468980789, 'macs': 827540149480, 'params': 607245800, 'model_size': 2316.4588928222656, 'inference_time': 0}
2024-10-12 21:58:42,770 Pruning 2560 in layer 21
2024-10-12 21:58:42,772 Gathering metrics
2024-10-12 22:00:58,198 {'acc1': 0.9519230769230769, 'acc5': 0.9932692307692308, 'loss': 40.69430826604366, 'macs': 825743761640, 'params': 605934568, 'model_size': 2311.4569396972656, 'inference_time': 0}
2024-10-12 22:00:58,232 Pruning 3072 in layer 21
2024-10-12 22:00:58,234 Gathering metrics
2024-10-12 22:03:13,520 {'acc1': 0.9509615384615384, 'acc5': 0.9932692307692308, 'loss': 41.25095921754837, 'macs': 823947373800, 'params': 604623336, 'model_size': 2306.4549865722656, 'inference_time': 0}
2024-10-12 22:03:13,554 Pruning 3584 in layer 21
2024-10-12 22:03:13,556 Gathering metrics
2024-10-12 22:05:28,619 {'acc1': 0.948076923076923, 'acc5': 0.9913461538461539, 'loss': 41.21606266498566, 'macs': 822150985960, 'params': 603312104, 'model_size': 2301.4530334472656, 'inference_time': 0}
2024-10-12 22:05:28,653 Pruning 512 in layer 20
2024-10-12 22:05:28,655 Gathering metrics
2024-10-12 22:07:43,646 {'acc1': 0.9528846153846153, 'acc5': 0.9923076923076923, 'loss': 37.95545035600662, 'macs': 822150985960, 'params': 603312104, 'model_size': 2301.4530334472656, 'inference_time': 0}
2024-10-12 22:07:43,680 Pruning 1024 in layer 20
2024-10-12 22:07:43,681 Gathering metrics
2024-10-12 22:09:58,423 {'acc1': 0.9509615384615384, 'acc5': 0.9923076923076923, 'loss': 36.581913858652115, 'macs': 820354598120, 'params': 602000872, 'model_size': 2296.4510803222656, 'inference_time': 0}
2024-10-12 22:09:58,544 Pruning 1536 in layer 20
2024-10-12 22:09:58,546 Gathering metrics
2024-10-12 22:12:12,960 {'acc1': 0.9490384615384615, 'acc5': 0.9913461538461539, 'loss': 35.77022161334753, 'macs': 818558210280, 'params': 600689640, 'model_size': 2291.4491271972656, 'inference_time': 0}
2024-10-12 22:12:12,993 Pruning 2048 in layer 20
2024-10-12 22:12:12,995 Gathering metrics
2024-10-12 22:14:27,399 {'acc1': 0.95, 'acc5': 0.9913461538461539, 'loss': 34.95868720859289, 'macs': 816761822440, 'params': 599378408, 'model_size': 2286.4471740722656, 'inference_time': 0}
2024-10-12 22:14:27,433 Pruning 2560 in layer 20
2024-10-12 22:14:27,435 Gathering metrics
2024-10-12 22:16:41,556 {'acc1': 0.9490384615384615, 'acc5': 0.9923076923076923, 'loss': 35.070471949875355, 'macs': 814965434600, 'params': 598067176, 'model_size': 2281.4452209472656, 'inference_time': 0}
2024-10-12 22:16:41,593 Pruning 3072 in layer 20
2024-10-12 22:16:41,596 Gathering metrics
2024-10-12 22:18:55,625 {'acc1': 0.95, 'acc5': 0.9923076923076923, 'loss': 34.883210368454456, 'macs': 813169046760, 'params': 596755944, 'model_size': 2276.4432678222656, 'inference_time': 0}
2024-10-12 22:18:55,659 Pruning 3584 in layer 20
2024-10-12 22:18:55,660 Gathering metrics
2024-10-12 22:21:09,374 {'acc1': 0.9490384615384615, 'acc5': 0.9913461538461539, 'loss': 33.82075326144695, 'macs': 811372658920, 'params': 595444712, 'model_size': 2271.4413146972656, 'inference_time': 0}
2024-10-12 22:21:09,408 Pruning 4096 in layer 20
2024-10-12 22:21:09,409 Gathering metrics
2024-10-12 22:23:23,014 {'acc1': 0.95, 'acc5': 0.9913461538461539, 'loss': 34.28333546221256, 'macs': 809576271080, 'params': 594133480, 'model_size': 2266.4393615722656, 'inference_time': 0}
2024-10-12 22:23:23,048 Pruning 4608 in layer 20
2024-10-12 22:23:23,050 Gathering metrics
2024-10-12 22:25:36,414 {'acc1': 0.9519230769230769, 'acc5': 0.9913461538461539, 'loss': 34.4431286752224, 'macs': 807779883240, 'params': 592822248, 'model_size': 2261.4374084472656, 'inference_time': 0}
2024-10-12 22:25:36,448 Pruning 512 in layer 19
2024-10-12 22:25:36,450 Gathering metrics
2024-10-12 22:27:49,704 {'acc1': 0.9509615384615384, 'acc5': 0.9913461538461539, 'loss': 31.916684858500957, 'macs': 807779883240, 'params': 592822248, 'model_size': 2261.4374084472656, 'inference_time': 0}
2024-10-12 22:27:49,738 Pruning 1024 in layer 19
2024-10-12 22:27:49,740 Gathering metrics
2024-10-12 22:30:02,922 {'acc1': 0.95, 'acc5': 0.9913461538461539, 'loss': 31.50159192085266, 'macs': 805983495400, 'params': 591511016, 'model_size': 2256.4354553222656, 'inference_time': 0}
2024-10-12 22:30:02,956 Pruning 1536 in layer 19
2024-10-12 22:30:02,958 Gathering metrics
2024-10-12 22:32:16,153 {'acc1': 0.948076923076923, 'acc5': 0.9913461538461539, 'loss': 31.25556119531393, 'macs': 804187107560, 'params': 590199784, 'model_size': 2251.4335021972656, 'inference_time': 0}
2024-10-12 22:32:16,187 Pruning 2048 in layer 19
2024-10-12 22:32:16,188 Gathering metrics
2024-10-12 22:34:28,906 {'acc1': 0.95, 'acc5': 0.9913461538461539, 'loss': 30.94449110329151, 'macs': 802390719720, 'params': 588888552, 'model_size': 2246.4315490722656, 'inference_time': 0}
2024-10-12 22:34:29,025 Pruning 2560 in layer 19
2024-10-12 22:34:29,027 Gathering metrics
2024-10-12 22:36:41,446 {'acc1': 0.9471153846153846, 'acc5': 0.9903846153846154, 'loss': 30.879659116268158, 'macs': 800594331880, 'params': 587577320, 'model_size': 2241.4295959472656, 'inference_time': 0}
2024-10-12 22:36:41,480 Pruning 3072 in layer 19
2024-10-12 22:36:41,482 Gathering metrics
2024-10-12 22:38:53,675 {'acc1': 0.9490384615384615, 'acc5': 0.9903846153846154, 'loss': 30.984979271888733, 'macs': 798797944040, 'params': 586266088, 'model_size': 2236.4276428222656, 'inference_time': 0}
2024-10-12 22:38:53,709 Pruning 3584 in layer 19
2024-10-12 22:38:53,711 Gathering metrics
2024-10-12 22:41:05,676 {'acc1': 0.9509615384615384, 'acc5': 0.9903846153846154, 'loss': 30.937929779291153, 'macs': 797001556200, 'params': 584954856, 'model_size': 2231.4256896972656, 'inference_time': 0}
2024-10-12 22:41:05,714 Pruning 4096 in layer 19
2024-10-12 22:41:05,716 Gathering metrics
2024-10-12 22:43:17,516 {'acc1': 0.9519230769230769, 'acc5': 0.9913461538461539, 'loss': 30.99056301265955, 'macs': 795205168360, 'params': 583643624, 'model_size': 2226.4237365722656, 'inference_time': 0}
2024-10-12 22:43:17,549 Pruning 4608 in layer 19
2024-10-12 22:43:17,551 Gathering metrics
2024-10-12 22:45:29,201 {'acc1': 0.9557692307692308, 'acc5': 0.9913461538461539, 'loss': 30.708698712289333, 'macs': 793408780520, 'params': 582332392, 'model_size': 2221.4217834472656, 'inference_time': 0}
2024-10-12 22:45:29,235 Pruning 512 in layer 18
2024-10-12 22:45:29,236 Gathering metrics
2024-10-12 22:47:40,969 {'acc1': 0.9490384615384615, 'acc5': 0.9913461538461539, 'loss': 31.07116873562336, 'macs': 793408780520, 'params': 582332392, 'model_size': 2221.4217834472656, 'inference_time': 0}
2024-10-12 22:47:41,003 Pruning 1024 in layer 18
2024-10-12 22:47:41,004 Gathering metrics
2024-10-12 22:49:52,283 {'acc1': 0.9471153846153846, 'acc5': 0.9923076923076923, 'loss': 31.142976373434067, 'macs': 791612392680, 'params': 581021160, 'model_size': 2216.4198303222656, 'inference_time': 0}
2024-10-12 22:49:52,317 Pruning 512 in layer 17
2024-10-12 22:49:52,319 Gathering metrics
2024-10-12 22:52:03,585 {'acc1': 0.9509615384615384, 'acc5': 0.9913461538461539, 'loss': 31.71131893247366, 'macs': 791612392680, 'params': 581021160, 'model_size': 2216.4198303222656, 'inference_time': 0}
2024-10-12 22:52:03,619 Pruning 1024 in layer 17
2024-10-12 22:52:03,620 Gathering metrics
2024-10-12 22:54:14,839 {'acc1': 0.9519230769230769, 'acc5': 0.9913461538461539, 'loss': 31.556463554501534, 'macs': 789816004840, 'params': 579709928, 'model_size': 2211.4178771972656, 'inference_time': 0}
2024-10-12 22:54:14,958 Pruning 1536 in layer 17
2024-10-12 22:54:14,960 Gathering metrics
2024-10-12 22:56:25,839 {'acc1': 0.95, 'acc5': 0.9913461538461539, 'loss': 31.718259125947952, 'macs': 788019617000, 'params': 578398696, 'model_size': 2206.4159240722656, 'inference_time': 0}
2024-10-12 22:56:25,872 Pruning 2048 in layer 17
2024-10-12 22:56:25,874 Gathering metrics
2024-10-12 22:58:36,465 {'acc1': 0.95, 'acc5': 0.9913461538461539, 'loss': 31.575396217405796, 'macs': 786223229160, 'params': 577087464, 'model_size': 2201.4139709472656, 'inference_time': 0}
2024-10-12 22:58:36,499 Pruning 2560 in layer 17
2024-10-12 22:58:36,501 Gathering metrics
2024-10-12 23:00:46,925 {'acc1': 0.9519230769230769, 'acc5': 0.9913461538461539, 'loss': 32.37016589939594, 'macs': 784426841320, 'params': 575776232, 'model_size': 2196.4120178222656, 'inference_time': 0}
2024-10-12 23:00:46,958 Pruning 3072 in layer 17
2024-10-12 23:00:46,960 Gathering metrics
2024-10-12 23:02:57,320 {'acc1': 0.95, 'acc5': 0.9903846153846154, 'loss': 32.6089236959815, 'macs': 782630453480, 'params': 574465000, 'model_size': 2191.4100646972656, 'inference_time': 0}
2024-10-12 23:02:57,354 Pruning 3584 in layer 17
2024-10-12 23:02:57,356 Gathering metrics
2024-10-12 23:05:07,426 {'acc1': 0.9509615384615384, 'acc5': 0.9913461538461539, 'loss': 32.768159598112106, 'macs': 780834065640, 'params': 573153768, 'model_size': 2186.4081115722656, 'inference_time': 0}
2024-10-12 23:05:07,461 Pruning 4096 in layer 17
2024-10-12 23:05:07,463 Gathering metrics
2024-10-12 23:07:17,264 {'acc1': 0.95, 'acc5': 0.9923076923076923, 'loss': 32.5356454923749, 'macs': 779037677800, 'params': 571842536, 'model_size': 2181.4061584472656, 'inference_time': 0}
2024-10-12 23:07:17,298 Pruning 4608 in layer 17
2024-10-12 23:07:17,300 Gathering metrics
2024-10-12 23:09:26,834 {'acc1': 0.9471153846153846, 'acc5': 0.9913461538461539, 'loss': 32.310118675231934, 'macs': 777241289960, 'params': 570531304, 'model_size': 2176.4042053222656, 'inference_time': 0}
2024-10-12 23:09:26,868 Pruning 512 in layer 16
2024-10-12 23:09:26,870 Gathering metrics
2024-10-12 23:11:36,416 {'acc1': 0.948076923076923, 'acc5': 0.9903846153846154, 'loss': 30.530495636165142, 'macs': 777241289960, 'params': 570531304, 'model_size': 2176.4042053222656, 'inference_time': 0}
2024-10-12 23:11:36,450 Pruning 1024 in layer 16
2024-10-12 23:11:36,451 Gathering metrics
2024-10-12 23:13:45,922 {'acc1': 0.948076923076923, 'acc5': 0.9913461538461539, 'loss': 31.671651139855385, 'macs': 775444902120, 'params': 569220072, 'model_size': 2171.4022521972656, 'inference_time': 0}
2024-10-12 23:13:45,956 Pruning 1536 in layer 16
2024-10-12 23:13:45,958 Gathering metrics
2024-10-12 23:15:55,479 {'acc1': 0.9442307692307692, 'acc5': 0.9903846153846154, 'loss': 32.754166416823864, 'macs': 773648514280, 'params': 567908840, 'model_size': 2166.4002990722656, 'inference_time': 0}
2024-10-12 23:15:55,597 Pruning 512 in layer 15
2024-10-12 23:15:55,599 Gathering metrics
2024-10-12 23:18:04,865 {'acc1': 0.9413461538461538, 'acc5': 0.9913461538461539, 'loss': 33.17497684806585, 'macs': 773648514280, 'params': 567908840, 'model_size': 2166.4002990722656, 'inference_time': 0}
2024-10-12 23:18:04,898 Pruning 512 in layer 14
2024-10-12 23:18:04,900 Gathering metrics
2024-10-12 23:20:14,253 {'acc1': 0.9423076923076923, 'acc5': 0.9903846153846154, 'loss': 32.63750126212835, 'macs': 773648514280, 'params': 567908840, 'model_size': 2166.4002990722656, 'inference_time': 0}
2024-10-12 23:20:14,287 Pruning 512 in layer 13
2024-10-12 23:20:14,289 Gathering metrics
2024-10-12 23:22:23,507 {'acc1': 0.9423076923076923, 'acc5': 0.9903846153846154, 'loss': 31.941973730921745, 'macs': 773648514280, 'params': 567908840, 'model_size': 2166.4002990722656, 'inference_time': 0}
2024-10-12 23:22:23,541 Pruning 512 in layer 12
2024-10-12 23:22:23,543 Gathering metrics
2024-10-12 23:24:32,654 {'acc1': 0.9471153846153846, 'acc5': 0.9913461538461539, 'loss': 31.3777052462101, 'macs': 773648514280, 'params': 567908840, 'model_size': 2166.4002990722656, 'inference_time': 0}
2024-10-12 23:24:32,688 Pruning 1024 in layer 12
2024-10-12 23:24:32,689 Gathering metrics
2024-10-12 23:26:41,493 {'acc1': 0.9432692307692307, 'acc5': 0.9913461538461539, 'loss': 32.1961537823081, 'macs': 771852126440, 'params': 566597608, 'model_size': 2161.3983459472656, 'inference_time': 0}
2024-10-12 23:26:41,527 Pruning 512 in layer 11
2024-10-12 23:26:41,529 Gathering metrics
2024-10-12 23:28:50,529 {'acc1': 0.9432692307692307, 'acc5': 0.9913461538461539, 'loss': 32.171644389629364, 'macs': 771852126440, 'params': 566597608, 'model_size': 2161.3983459472656, 'inference_time': 0}
2024-10-12 23:28:50,563 Pruning 512 in layer 10
2024-10-12 23:28:50,564 Gathering metrics
2024-10-12 23:30:59,567 {'acc1': 0.948076923076923, 'acc5': 0.9913461538461539, 'loss': 33.793899811804295, 'macs': 771852126440, 'params': 566597608, 'model_size': 2161.3983459472656, 'inference_time': 0}
2024-10-12 23:30:59,600 Pruning 1024 in layer 10
2024-10-12 23:30:59,602 Gathering metrics
2024-10-12 23:33:08,412 {'acc1': 0.9461538461538461, 'acc5': 0.9913461538461539, 'loss': 36.51475831121206, 'macs': 770055738600, 'params': 565286376, 'model_size': 2156.3963928222656, 'inference_time': 0}
2024-10-12 23:33:08,533 Pruning 1536 in layer 10
2024-10-12 23:33:08,535 Gathering metrics
2024-10-12 23:35:16,849 {'acc1': 0.9403846153846154, 'acc5': 0.9913461538461539, 'loss': 39.69222392141819, 'macs': 768259350760, 'params': 563975144, 'model_size': 2151.3944396972656, 'inference_time': 0}
2024-10-12 23:35:16,883 Pruning 512 in layer 9
2024-10-12 23:35:16,885 Gathering metrics
2024-10-12 23:37:25,497 {'acc1': 0.9442307692307692, 'acc5': 0.9913461538461539, 'loss': 36.77036225795746, 'macs': 768259350760, 'params': 563975144, 'model_size': 2151.3944396972656, 'inference_time': 0}
2024-10-12 23:37:25,530 Pruning 1024 in layer 9
2024-10-12 23:37:25,532 Gathering metrics
2024-10-12 23:39:33,738 {'acc1': 0.9355769230769231, 'acc5': 0.9932692307692308, 'loss': 40.67783935368061, 'macs': 766462962920, 'params': 562663912, 'model_size': 2146.3924865722656, 'inference_time': 0}
2024-10-12 23:39:33,771 Pruning 512 in layer 8
2024-10-12 23:39:33,773 Gathering metrics
2024-10-12 23:41:42,280 {'acc1': 0.9384615384615385, 'acc5': 0.9884615384615385, 'loss': 38.27609297633171, 'macs': 766462962920, 'params': 562663912, 'model_size': 2146.3924865722656, 'inference_time': 0}
2024-10-12 23:41:42,317 Pruning 512 in layer 7
2024-10-12 23:41:42,319 Gathering metrics
2024-10-12 23:43:50,571 {'acc1': 0.9403846153846154, 'acc5': 0.9913461538461539, 'loss': 38.474908873438835, 'macs': 766462962920, 'params': 562663912, 'model_size': 2146.3924865722656, 'inference_time': 0}
2024-10-12 23:43:50,605 Pruning 512 in layer 6
2024-10-12 23:43:50,607 Gathering metrics
2024-10-12 23:45:59,220 {'acc1': 0.9423076923076923, 'acc5': 0.9932692307692308, 'loss': 38.931446455419064, 'macs': 766462962920, 'params': 562663912, 'model_size': 2146.3924865722656, 'inference_time': 0}
2024-10-12 23:45:59,253 Pruning 1024 in layer 6
2024-10-12 23:45:59,255 Gathering metrics
2024-10-12 23:48:07,172 {'acc1': 0.9423076923076923, 'acc5': 0.9932692307692308, 'loss': 40.19054149091244, 'macs': 764666575080, 'params': 561352680, 'model_size': 2141.3905334472656, 'inference_time': 0}
2024-10-12 23:48:07,207 Pruning 1536 in layer 6
2024-10-12 23:48:07,208 Gathering metrics
2024-10-12 23:50:15,091 {'acc1': 0.9346153846153846, 'acc5': 0.9913461538461539, 'loss': 41.21329268813133, 'macs': 762870187240, 'params': 560041448, 'model_size': 2136.3885803222656, 'inference_time': 0}
2024-10-12 23:50:15,124 Pruning 512 in layer 5
2024-10-12 23:50:15,126 Gathering metrics
2024-10-12 23:52:23,132 {'acc1': 0.9375, 'acc5': 0.9923076923076923, 'loss': 41.918910190463066, 'macs': 762870187240, 'params': 560041448, 'model_size': 2136.3885803222656, 'inference_time': 0}
2024-10-12 23:52:23,250 Pruning 512 in layer 4
2024-10-12 23:52:23,252 Gathering metrics
2024-10-12 23:54:30,942 {'acc1': 0.9384615384615385, 'acc5': 0.9903846153846154, 'loss': 42.25136137008667, 'macs': 762870187240, 'params': 560041448, 'model_size': 2136.3885803222656, 'inference_time': 0}
2024-10-12 23:54:30,976 Pruning 512 in layer 3
2024-10-12 23:54:30,977 Gathering metrics
2024-10-12 23:56:38,845 {'acc1': 0.9355769230769231, 'acc5': 0.9923076923076923, 'loss': 41.6296134442091, 'macs': 762870187240, 'params': 560041448, 'model_size': 2136.3885803222656, 'inference_time': 0}
2024-10-12 23:56:38,878 Pruning 512 in layer 2
2024-10-12 23:56:38,880 Gathering metrics
2024-10-12 23:58:46,762 {'acc1': 0.9384615384615385, 'acc5': 0.9913461538461539, 'loss': 40.39311049878597, 'macs': 762870187240, 'params': 560041448, 'model_size': 2136.3885803222656, 'inference_time': 0}
2024-10-12 23:58:46,796 Pruning 512 in layer 1
2024-10-12 23:58:46,797 Gathering metrics
2024-10-13 00:00:55,762 {'acc1': 0.9365384615384615, 'acc5': 0.9913461538461539, 'loss': 40.462776839733124, 'macs': 762870187240, 'params': 560041448, 'model_size': 2136.3885803222656, 'inference_time': 0}
2024-10-13 00:00:55,796 Pruning 512 in layer 0
2024-10-13 00:00:55,798 Gathering metrics
2024-10-13 00:03:03,717 {'acc1': 0.9423076923076923, 'acc5': 0.9932692307692308, 'loss': 40.246705904603004, 'macs': 762870187240, 'params': 560041448, 'model_size': 2136.3885803222656, 'inference_time': 0}
2024-10-13 00:03:03,751 Pruning 1024 in layer 0
2024-10-13 00:03:03,752 Gathering metrics
2024-10-13 00:05:11,534 {'acc1': 0.9403846153846154, 'acc5': 0.9913461538461539, 'loss': 40.66312459111214, 'macs': 761073799400, 'params': 558730216, 'model_size': 2131.3866271972656, 'inference_time': 0}
2024-10-13 00:05:11,568 Pruning 1536 in layer 0
2024-10-13 00:05:11,570 Gathering metrics
2024-10-13 00:07:19,220 {'acc1': 0.9336538461538462, 'acc5': 0.9913461538461539, 'loss': 42.02171652019024, 'macs': 759277411560, 'params': 557418984, 'model_size': 2126.3846740722656, 'inference_time': 0}
2024-10-13 00:07:19,235 Experiment finished
