2024-10-13 18:41:28,064 Starting experiment outputs/adaptive/vit_l_32/proj550
2024-10-13 18:41:28,065 Loading the original model
2024-10-13 18:41:29,284 Gathering metrics of the original model
2024-10-13 18:41:53,149 {'acc1': 0.801980198019802, 'acc5': 0.9452351485148515, 'loss': 89.42361554503441, 'macs': 15265769448, 'params': 306535400, 'model_size': 1169.3397521972656, 'inference_time': 0}
2024-10-13 18:41:53,175 Pruning 256 in layer 0
2024-10-13 18:41:58,690 Gathering metrics
2024-10-13 18:42:22,203 {'acc1': 0.8004331683168316, 'acc5': 0.9433787128712872, 'loss': 92.6581270545721, 'macs': 15239542248, 'params': 306010856, 'model_size': 1167.3387756347656, 'inference_time': 0}
2024-10-13 18:42:22,234 Pruning 512 in layer 0
2024-10-13 18:42:26,958 Gathering metrics
2024-10-13 18:42:50,533 {'acc1': 0.7964108910891089, 'acc5': 0.9415222772277227, 'loss': 93.65076872706413, 'macs': 15213315048, 'params': 305486312, 'model_size': 1165.3377990722656, 'inference_time': 0}
2024-10-13 18:42:50,558 Pruning 256 in layer 1
2024-10-13 18:42:56,003 Gathering metrics
2024-10-13 18:43:19,291 {'acc1': 0.7998143564356436, 'acc5': 0.9402846534653465, 'loss': 93.2354030534625, 'macs': 15213315048, 'params': 305486312, 'model_size': 1165.3377990722656, 'inference_time': 0}
2024-10-13 18:43:19,316 Pruning 512 in layer 1
2024-10-13 18:43:24,038 Gathering metrics
2024-10-13 18:43:47,402 {'acc1': 0.7998143564356436, 'acc5': 0.9390470297029703, 'loss': 94.68430825322866, 'macs': 15187087848, 'params': 304961768, 'model_size': 1163.3368225097656, 'inference_time': 0}
2024-10-13 18:43:47,428 Pruning 768 in layer 1
2024-10-13 18:43:51,600 Gathering metrics
2024-10-13 18:44:15,509 {'acc1': 0.791769801980198, 'acc5': 0.9368811881188119, 'loss': 96.85558478534222, 'macs': 15160860648, 'params': 304437224, 'model_size': 1161.3358459472656, 'inference_time': 0}
2024-10-13 18:44:15,537 Pruning 256 in layer 2
2024-10-13 18:44:21,369 Gathering metrics
2024-10-13 18:44:45,053 {'acc1': 0.7233910891089109, 'acc5': 0.8954207920792079, 'loss': 130.24360078573227, 'macs': 15160860648, 'params': 304437224, 'model_size': 1161.3358459472656, 'inference_time': 0}
2024-10-13 18:44:45,078 Pruning 256 in layer 3
2024-10-13 18:44:50,558 Gathering metrics
2024-10-13 18:45:13,865 {'acc1': 0.7905321782178217, 'acc5': 0.9362623762376238, 'loss': 97.28387661278248, 'macs': 15160860648, 'params': 304437224, 'model_size': 1161.3358459472656, 'inference_time': 0}
2024-10-13 18:45:13,890 Pruning 256 in layer 4
2024-10-13 18:45:19,361 Gathering metrics
2024-10-13 18:45:43,096 {'acc1': 0.7961014851485149, 'acc5': 0.9381188118811881, 'loss': 95.46796436607838, 'macs': 15160860648, 'params': 304437224, 'model_size': 1161.3358459472656, 'inference_time': 0}
2024-10-13 18:45:43,122 Pruning 256 in layer 5
2024-10-13 18:45:48,611 Gathering metrics
2024-10-13 18:46:11,929 {'acc1': 0.7896039603960396, 'acc5': 0.9347153465346535, 'loss': 93.48727647215128, 'macs': 15160860648, 'params': 304437224, 'model_size': 1161.3358459472656, 'inference_time': 0}
2024-10-13 18:46:11,954 Pruning 256 in layer 6
2024-10-13 18:46:17,445 Gathering metrics
2024-10-13 18:46:41,159 {'acc1': 0.7892945544554455, 'acc5': 0.9365717821782178, 'loss': 96.96771664917469, 'macs': 15160860648, 'params': 304437224, 'model_size': 1161.3358459472656, 'inference_time': 0}
2024-10-13 18:46:41,187 Pruning 256 in layer 7
2024-10-13 18:46:47,021 Gathering metrics
2024-10-13 18:47:10,626 {'acc1': 0.7923886138613861, 'acc5': 0.9387376237623762, 'loss': 95.95686826854944, 'macs': 15160860648, 'params': 304437224, 'model_size': 1161.3358459472656, 'inference_time': 0}
2024-10-13 18:47:10,735 Pruning 256 in layer 8
2024-10-13 18:47:16,246 Gathering metrics
2024-10-13 18:47:39,985 {'acc1': 0.7933168316831684, 'acc5': 0.9384282178217822, 'loss': 95.6859041005373, 'macs': 15160860648, 'params': 304437224, 'model_size': 1161.3358459472656, 'inference_time': 0}
2024-10-13 18:47:40,013 Pruning 256 in layer 9
2024-10-13 18:47:45,849 Gathering metrics
2024-10-13 18:48:09,662 {'acc1': 0.7877475247524752, 'acc5': 0.9402846534653465, 'loss': 95.00355838239193, 'macs': 15160860648, 'params': 304437224, 'model_size': 1161.3358459472656, 'inference_time': 0}
2024-10-13 18:48:09,687 Pruning 256 in layer 10
2024-10-13 18:48:15,163 Gathering metrics
2024-10-13 18:48:38,801 {'acc1': 0.7094678217821783, 'acc5': 0.8913985148514851, 'loss': 160.97156137228012, 'macs': 15160860648, 'params': 304437224, 'model_size': 1161.3358459472656, 'inference_time': 0}
2024-10-13 18:48:38,826 Pruning 256 in layer 11
2024-10-13 18:48:44,321 Gathering metrics
2024-10-13 18:49:08,103 {'acc1': 0.7546410891089109, 'acc5': 0.9155321782178217, 'loss': 113.18710312247276, 'macs': 15160860648, 'params': 304437224, 'model_size': 1161.3358459472656, 'inference_time': 0}
2024-10-13 18:49:08,128 Pruning 256 in layer 12
2024-10-13 18:49:13,599 Gathering metrics
2024-10-13 18:49:37,240 {'acc1': 0.6024133663366337, 'acc5': 0.8025990099009901, 'loss': 329.75182032585144, 'macs': 15160860648, 'params': 304437224, 'model_size': 1161.3358459472656, 'inference_time': 0}
2024-10-13 18:49:37,265 Pruning 256 in layer 13
2024-10-13 18:49:42,755 Gathering metrics
2024-10-13 18:50:06,630 {'acc1': 0.0, 'acc5': 0.0003094059405940594, 'loss': 660.855143070221, 'macs': 15160860648, 'params': 304437224, 'model_size': 1161.3358459472656, 'inference_time': 0}
2024-10-13 18:50:06,656 Pruning 256 in layer 14
2024-10-13 18:50:12,150 Gathering metrics
2024-10-13 18:50:35,506 {'acc1': 0.0, 'acc5': 0.0, 'loss': 686.0283885002136, 'macs': 15160860648, 'params': 304437224, 'model_size': 1161.3358459472656, 'inference_time': 0}
2024-10-13 18:50:35,531 Pruning 256 in layer 15
2024-10-13 18:50:41,010 Gathering metrics
2024-10-13 18:51:04,405 {'acc1': 0.6203589108910891, 'acc5': 0.8604579207920792, 'loss': 317.8415890932083, 'macs': 15160860648, 'params': 304437224, 'model_size': 1161.3358459472656, 'inference_time': 0}
2024-10-13 18:51:04,430 Pruning 256 in layer 16
2024-10-13 18:51:09,901 Gathering metrics
2024-10-13 18:51:33,581 {'acc1': 0.053217821782178217, 'acc5': 0.2784653465346535, 'loss': 556.2204670906067, 'macs': 15160860648, 'params': 304437224, 'model_size': 1161.3358459472656, 'inference_time': 0}
2024-10-13 18:51:33,607 Pruning 256 in layer 17
2024-10-13 18:51:39,110 Gathering metrics
2024-10-13 18:52:02,722 {'acc1': 0.6608910891089109, 'acc5': 0.8589108910891089, 'loss': 271.40056693553925, 'macs': 15160860648, 'params': 304437224, 'model_size': 1161.3358459472656, 'inference_time': 0}
2024-10-13 18:52:02,747 Pruning 256 in layer 18
2024-10-13 18:52:08,220 Gathering metrics
2024-10-13 18:52:31,781 {'acc1': 0.7939356435643564, 'acc5': 0.9393564356435643, 'loss': 94.82819078862667, 'macs': 15160860648, 'params': 304437224, 'model_size': 1161.3358459472656, 'inference_time': 0}
2024-10-13 18:52:31,888 Pruning 256 in layer 19
2024-10-13 18:52:37,356 Gathering metrics
2024-10-13 18:53:01,217 {'acc1': 0.7976485148514851, 'acc5': 0.9393564356435643, 'loss': 95.86787940561771, 'macs': 15160860648, 'params': 304437224, 'model_size': 1161.3358459472656, 'inference_time': 0}
2024-10-13 18:53:01,242 Pruning 512 in layer 19
2024-10-13 18:53:05,969 Gathering metrics
2024-10-13 18:53:29,550 {'acc1': 0.7951732673267327, 'acc5': 0.9390470297029703, 'loss': 96.26156717538834, 'macs': 15134633448, 'params': 303912680, 'model_size': 1159.3348693847656, 'inference_time': 0}
2024-10-13 18:53:29,576 Pruning 256 in layer 20
2024-10-13 18:53:35,051 Gathering metrics
2024-10-13 18:53:58,692 {'acc1': 0.7936262376237624, 'acc5': 0.9387376237623762, 'loss': 96.9918832629919, 'macs': 15134633448, 'params': 303912680, 'model_size': 1159.3348693847656, 'inference_time': 0}
2024-10-13 18:53:58,717 Pruning 256 in layer 21
2024-10-13 18:54:04,196 Gathering metrics
2024-10-13 18:54:27,832 {'acc1': 0.7961014851485149, 'acc5': 0.9384282178217822, 'loss': 97.43429969251156, 'macs': 15134633448, 'params': 303912680, 'model_size': 1159.3348693847656, 'inference_time': 0}
2024-10-13 18:54:27,858 Pruning 512 in layer 21
2024-10-13 18:54:32,595 Gathering metrics
2024-10-13 18:54:56,006 {'acc1': 0.7957920792079208, 'acc5': 0.9375, 'loss': 98.43743595480919, 'macs': 15108406248, 'params': 303388136, 'model_size': 1157.3338928222656, 'inference_time': 0}
2024-10-13 18:54:56,032 Pruning 768 in layer 21
2024-10-13 18:55:00,196 Gathering metrics
2024-10-13 18:55:23,457 {'acc1': 0.7883663366336634, 'acc5': 0.9359529702970297, 'loss': 100.7479188144207, 'macs': 15082179048, 'params': 302863592, 'model_size': 1155.3329162597656, 'inference_time': 0}
2024-10-13 18:55:23,486 Pruning 256 in layer 22
2024-10-13 18:55:29,321 Gathering metrics
2024-10-13 18:55:53,155 {'acc1': 0.7911509900990099, 'acc5': 0.9353341584158416, 'loss': 105.46268226206303, 'macs': 15082179048, 'params': 302863592, 'model_size': 1155.3329162597656, 'inference_time': 0}
2024-10-13 18:55:53,181 Pruning 256 in layer 23
2024-10-13 18:55:58,654 Gathering metrics
2024-10-13 18:56:22,268 {'acc1': 0.7954826732673267, 'acc5': 0.9368811881188119, 'loss': 102.65953475236893, 'macs': 15082179048, 'params': 302863592, 'model_size': 1155.3329162597656, 'inference_time': 0}
2024-10-13 18:56:22,294 Pruning 512 in layer 23
2024-10-13 18:56:27,061 Gathering metrics
2024-10-13 18:56:50,412 {'acc1': 0.7939356435643564, 'acc5': 0.9365717821782178, 'loss': 102.14669981598854, 'macs': 15055951848, 'params': 302339048, 'model_size': 1153.3319396972656, 'inference_time': 0}
2024-10-13 18:56:50,440 Pruning 768 in layer 23
2024-10-13 18:56:54,584 Gathering metrics
2024-10-13 18:57:17,986 {'acc1': 0.7948638613861386, 'acc5': 0.9356435643564357, 'loss': 103.10996071994305, 'macs': 15029724648, 'params': 301814504, 'model_size': 1151.3309631347656, 'inference_time': 0}
2024-10-13 18:57:18,011 Pruning 1024 in layer 23
2024-10-13 18:57:21,631 Gathering metrics
2024-10-13 18:57:45,107 {'acc1': 0.7914603960396039, 'acc5': 0.9340965346534653, 'loss': 106.92721746861935, 'macs': 15003497448, 'params': 301289960, 'model_size': 1149.3299865722656, 'inference_time': 0}
2024-10-13 18:57:45,120 Experiment finished
