2024-10-12 14:31:51,036 Starting experiment outputs/adaptive/vit_l_16/proj5n50
2024-10-12 14:31:51,036 Loading the original model
2024-10-12 14:31:52,262 Gathering metrics of the original model
2024-10-12 14:32:36,872 {'acc1': 0.8428217821782178, 'acc5': 0.968440594059406, 'loss': 72.06224512308836, 'macs': 59690947560, 'params': 304326632, 'model_size': 1160.9139709472656, 'inference_time': 0}
2024-10-12 14:32:36,897 Pruning 256 in layer 23
2024-10-12 14:32:42,402 Gathering metrics
2024-10-12 14:33:27,035 {'acc1': 0.8428217821782178, 'acc5': 0.968440594059406, 'loss': 72.06224509328604, 'macs': 59587612392, 'params': 303802088, 'model_size': 1158.9129943847656, 'inference_time': 0}
2024-10-12 14:33:27,080 Pruning 512 in layer 23
2024-10-12 14:33:32,560 Gathering metrics
2024-10-12 14:34:16,448 {'acc1': 0.8428217821782178, 'acc5': 0.968440594059406, 'loss': 72.06224507838488, 'macs': 59484277224, 'params': 303277544, 'model_size': 1156.9120178222656, 'inference_time': 0}
2024-10-12 14:34:16,475 Pruning 768 in layer 23
2024-10-12 14:34:20,627 Gathering metrics
2024-10-12 14:35:03,054 {'acc1': 0.8428217821782178, 'acc5': 0.968440594059406, 'loss': 72.06224506348372, 'macs': 59380942056, 'params': 302753000, 'model_size': 1154.9110412597656, 'inference_time': 0}
2024-10-12 14:35:03,079 Pruning 1024 in layer 23
2024-10-12 14:35:06,710 Gathering metrics
2024-10-12 14:35:49,075 {'acc1': 0.8428217821782178, 'acc5': 0.968440594059406, 'loss': 72.06224522739649, 'macs': 59277606888, 'params': 302228456, 'model_size': 1152.9100646972656, 'inference_time': 0}
2024-10-12 14:35:49,099 Pruning 1280 in layer 23
2024-10-12 14:35:52,240 Gathering metrics
2024-10-12 14:36:34,352 {'acc1': 0.8428217821782178, 'acc5': 0.968440594059406, 'loss': 72.06224504858255, 'macs': 59174271720, 'params': 301703912, 'model_size': 1150.9090881347656, 'inference_time': 0}
2024-10-12 14:36:34,377 Pruning 1536 in layer 23
2024-10-12 14:36:37,115 Gathering metrics
2024-10-12 14:37:19,283 {'acc1': 0.8428217821782178, 'acc5': 0.968440594059406, 'loss': 72.06224509328604, 'macs': 59070936552, 'params': 301179368, 'model_size': 1148.9081115722656, 'inference_time': 0}
2024-10-12 14:37:19,308 Pruning 1792 in layer 23
2024-10-12 14:37:21,656 Gathering metrics
2024-10-12 14:38:07,185 {'acc1': 0.8428217821782178, 'acc5': 0.968440594059406, 'loss': 72.06224520504475, 'macs': 58967601384, 'params': 300654824, 'model_size': 1146.9071350097656, 'inference_time': 0}
2024-10-12 14:38:07,221 Pruning 2048 in layer 23
2024-10-12 14:38:09,465 Gathering metrics
2024-10-12 14:38:56,175 {'acc1': 0.8428217821782178, 'acc5': 0.968440594059406, 'loss': 72.06224501132965, 'macs': 58864266216, 'params': 300130280, 'model_size': 1144.9061584472656, 'inference_time': 0}
2024-10-12 14:38:56,207 Pruning 2304 in layer 23
2024-10-12 14:38:57,924 Gathering metrics
2024-10-12 14:39:44,937 {'acc1': 0.8428217821782178, 'acc5': 0.968440594059406, 'loss': 72.06224495917559, 'macs': 58760931048, 'params': 299605736, 'model_size': 1142.9051818847656, 'inference_time': 0}
2024-10-12 14:39:44,976 Pruning 2560 in layer 23
2024-10-12 14:39:46,662 Gathering metrics
2024-10-12 14:40:35,928 {'acc1': 0.8428217821782178, 'acc5': 0.968440594059406, 'loss': 72.06224481016397, 'macs': 58657595880, 'params': 299081192, 'model_size': 1140.9042053222656, 'inference_time': 0}
2024-10-12 14:40:35,971 Pruning 2816 in layer 23
2024-10-12 14:40:37,412 Gathering metrics
2024-10-12 14:41:25,781 {'acc1': 0.8428217821782178, 'acc5': 0.968440594059406, 'loss': 72.06224427372217, 'macs': 58554260712, 'params': 298556648, 'model_size': 1138.9032287597656, 'inference_time': 0}
2024-10-12 14:41:25,819 Pruning 3072 in layer 23
2024-10-12 14:41:27,036 Gathering metrics
2024-10-12 14:42:15,854 {'acc1': 0.8428217821782178, 'acc5': 0.968440594059406, 'loss': 72.06224413216114, 'macs': 58450925544, 'params': 298032104, 'model_size': 1136.9022521972656, 'inference_time': 0}
2024-10-12 14:42:15,888 Pruning 3328 in layer 23
2024-10-12 14:42:16,922 Gathering metrics
2024-10-12 14:43:06,070 {'acc1': 0.8428217821782178, 'acc5': 0.968440594059406, 'loss': 72.06224326789379, 'macs': 58347590376, 'params': 297507560, 'model_size': 1134.9012756347656, 'inference_time': 0}
2024-10-12 14:43:06,466 Pruning 3584 in layer 23
2024-10-12 14:43:07,327 Gathering metrics
2024-10-12 14:43:56,621 {'acc1': 0.8428217821782178, 'acc5': 0.968440594059406, 'loss': 72.06224326044321, 'macs': 58244255208, 'params': 296983016, 'model_size': 1132.9002990722656, 'inference_time': 0}
2024-10-12 14:43:56,661 Pruning 3840 in layer 23
2024-10-12 14:43:57,370 Gathering metrics
2024-10-12 14:44:45,053 {'acc1': 0.8428217821782178, 'acc5': 0.968440594059406, 'loss': 72.06224241107702, 'macs': 58140920040, 'params': 296458472, 'model_size': 1130.8993225097656, 'inference_time': 0}
2024-10-12 14:44:45,080 Pruning 256 in layer 22
2024-10-12 14:44:50,591 Gathering metrics
2024-10-12 14:45:32,527 {'acc1': 0.8428217821782178, 'acc5': 0.968440594059406, 'loss': 72.0622290968895, 'macs': 58140920040, 'params': 296458472, 'model_size': 1130.8993225097656, 'inference_time': 0}
2024-10-12 14:45:32,553 Pruning 512 in layer 22
2024-10-12 14:45:37,310 Gathering metrics
2024-10-12 14:46:19,030 {'acc1': 0.8428217821782178, 'acc5': 0.968440594059406, 'loss': 72.06219214946032, 'macs': 58037584872, 'params': 295933928, 'model_size': 1128.8983459472656, 'inference_time': 0}
2024-10-12 14:46:19,056 Pruning 768 in layer 22
2024-10-12 14:46:23,214 Gathering metrics
2024-10-12 14:47:08,852 {'acc1': 0.8428217821782178, 'acc5': 0.968440594059406, 'loss': 72.06210371106863, 'macs': 57934249704, 'params': 295409384, 'model_size': 1126.8973693847656, 'inference_time': 0}
2024-10-12 14:47:08,889 Pruning 1024 in layer 22
2024-10-12 14:47:12,699 Gathering metrics
2024-10-12 14:47:56,068 {'acc1': 0.8428217821782178, 'acc5': 0.968440594059406, 'loss': 72.06198028475046, 'macs': 57830914536, 'params': 294884840, 'model_size': 1124.8963928222656, 'inference_time': 0}
2024-10-12 14:47:56,095 Pruning 1280 in layer 22
2024-10-12 14:47:59,270 Gathering metrics
2024-10-12 14:48:45,467 {'acc1': 0.8428217821782178, 'acc5': 0.968440594059406, 'loss': 72.06180347502232, 'macs': 57727579368, 'params': 294360296, 'model_size': 1122.8954162597656, 'inference_time': 0}
2024-10-12 14:48:45,494 Pruning 1536 in layer 22
2024-10-12 14:48:48,406 Gathering metrics
2024-10-12 14:49:33,206 {'acc1': 0.8428217821782178, 'acc5': 0.968440594059406, 'loss': 72.06157046556473, 'macs': 57624244200, 'params': 293835752, 'model_size': 1120.8944396972656, 'inference_time': 0}
2024-10-12 14:49:33,233 Pruning 1792 in layer 22
2024-10-12 14:49:35,566 Gathering metrics
2024-10-12 14:50:19,620 {'acc1': 0.8428217821782178, 'acc5': 0.968440594059406, 'loss': 72.06128319352865, 'macs': 57520909032, 'params': 293311208, 'model_size': 1118.8934631347656, 'inference_time': 0}
2024-10-12 14:50:19,645 Pruning 2048 in layer 22
2024-10-12 14:50:21,640 Gathering metrics
2024-10-12 14:51:03,444 {'acc1': 0.8428217821782178, 'acc5': 0.968440594059406, 'loss': 72.06092849373817, 'macs': 57417573864, 'params': 292786664, 'model_size': 1116.8924865722656, 'inference_time': 0}
2024-10-12 14:51:03,469 Pruning 2304 in layer 22
2024-10-12 14:51:05,192 Gathering metrics
2024-10-12 14:51:46,775 {'acc1': 0.8428217821782178, 'acc5': 0.968440594059406, 'loss': 72.06052137166262, 'macs': 57314238696, 'params': 292262120, 'model_size': 1114.8915100097656, 'inference_time': 0}
2024-10-12 14:51:46,801 Pruning 2560 in layer 22
2024-10-12 14:51:48,232 Gathering metrics
2024-10-12 14:52:30,139 {'acc1': 0.8428217821782178, 'acc5': 0.968440594059406, 'loss': 72.06006960570812, 'macs': 57210903528, 'params': 291737576, 'model_size': 1112.8905334472656, 'inference_time': 0}
2024-10-12 14:52:30,165 Pruning 2816 in layer 22
2024-10-12 14:52:31,379 Gathering metrics
2024-10-12 14:53:19,201 {'acc1': 0.8428217821782178, 'acc5': 0.968440594059406, 'loss': 72.0595438554883, 'macs': 57107568360, 'params': 291213032, 'model_size': 1110.8895568847656, 'inference_time': 0}
2024-10-12 14:53:19,243 Pruning 3072 in layer 22
2024-10-12 14:53:20,660 Gathering metrics
2024-10-12 14:54:09,995 {'acc1': 0.8428217821782178, 'acc5': 0.968440594059406, 'loss': 72.05891147255898, 'macs': 57004233192, 'params': 290688488, 'model_size': 1108.8885803222656, 'inference_time': 0}
2024-10-12 14:54:10,445 Pruning 3328 in layer 22
2024-10-12 14:54:11,479 Gathering metrics
2024-10-12 14:54:58,472 {'acc1': 0.8428217821782178, 'acc5': 0.968440594059406, 'loss': 72.05808399617672, 'macs': 56900898024, 'params': 290163944, 'model_size': 1106.8876037597656, 'inference_time': 0}
2024-10-12 14:54:58,510 Pruning 3584 in layer 22
2024-10-12 14:54:59,358 Gathering metrics
2024-10-12 14:55:43,521 {'acc1': 0.8428217821782178, 'acc5': 0.968440594059406, 'loss': 72.0429700165987, 'macs': 56797562856, 'params': 289639400, 'model_size': 1104.8866271972656, 'inference_time': 0}
2024-10-12 14:55:43,549 Pruning 3840 in layer 22
2024-10-12 14:55:44,136 Gathering metrics
2024-10-12 14:56:28,045 {'acc1': 0.8428217821782178, 'acc5': 0.968440594059406, 'loss': 71.78362640738487, 'macs': 56694227688, 'params': 289114856, 'model_size': 1102.8856506347656, 'inference_time': 0}
2024-10-12 14:56:28,072 Pruning 256 in layer 21
2024-10-12 14:56:33,549 Gathering metrics
2024-10-12 14:57:16,773 {'acc1': 0.8428217821782178, 'acc5': 0.968440594059406, 'loss': 72.09811559319496, 'macs': 56694227688, 'params': 289114856, 'model_size': 1102.8856506347656, 'inference_time': 0}
2024-10-12 14:57:16,799 Pruning 512 in layer 21
2024-10-12 14:57:21,562 Gathering metrics
2024-10-12 14:58:05,124 {'acc1': 0.8428217821782178, 'acc5': 0.968440594059406, 'loss': 72.30046259611845, 'macs': 56590892520, 'params': 288590312, 'model_size': 1100.8846740722656, 'inference_time': 0}
2024-10-12 14:58:05,150 Pruning 768 in layer 21
2024-10-12 14:58:09,308 Gathering metrics
2024-10-12 14:58:52,938 {'acc1': 0.8428217821782178, 'acc5': 0.968440594059406, 'loss': 72.63949126750231, 'macs': 56487557352, 'params': 288065768, 'model_size': 1098.8836975097656, 'inference_time': 0}
2024-10-12 14:58:52,964 Pruning 1024 in layer 21
2024-10-12 14:58:56,612 Gathering metrics
2024-10-12 14:59:39,958 {'acc1': 0.8428217821782178, 'acc5': 0.968440594059406, 'loss': 73.13248696178198, 'macs': 56384222184, 'params': 287541224, 'model_size': 1096.8827209472656, 'inference_time': 0}
2024-10-12 14:59:39,986 Pruning 1280 in layer 21
2024-10-12 14:59:43,138 Gathering metrics
2024-10-12 15:00:24,643 {'acc1': 0.8428217821782178, 'acc5': 0.968440594059406, 'loss': 73.78607600927353, 'macs': 56280887016, 'params': 287016680, 'model_size': 1094.8817443847656, 'inference_time': 0}
2024-10-12 15:00:24,669 Pruning 1536 in layer 21
2024-10-12 15:00:27,406 Gathering metrics
2024-10-12 15:01:08,512 {'acc1': 0.8428217821782178, 'acc5': 0.968440594059406, 'loss': 74.62598371505737, 'macs': 56177551848, 'params': 286492136, 'model_size': 1092.8807678222656, 'inference_time': 0}
2024-10-12 15:01:08,538 Pruning 1792 in layer 21
2024-10-12 15:01:10,878 Gathering metrics
2024-10-12 15:01:52,121 {'acc1': 0.8428217821782178, 'acc5': 0.968440594059406, 'loss': 75.68718603253365, 'macs': 56074216680, 'params': 285967592, 'model_size': 1090.8797912597656, 'inference_time': 0}
2024-10-12 15:01:52,148 Pruning 2048 in layer 21
2024-10-12 15:01:54,129 Gathering metrics
2024-10-12 15:02:34,904 {'acc1': 0.8428217821782178, 'acc5': 0.968440594059406, 'loss': 76.93949453532696, 'macs': 55970881512, 'params': 285443048, 'model_size': 1088.8788146972656, 'inference_time': 0}
2024-10-12 15:02:34,930 Pruning 2304 in layer 21
2024-10-12 15:02:36,636 Gathering metrics
2024-10-12 15:03:17,631 {'acc1': 0.8428217821782178, 'acc5': 0.968440594059406, 'loss': 78.46981878578663, 'macs': 55867546344, 'params': 284918504, 'model_size': 1086.8778381347656, 'inference_time': 0}
2024-10-12 15:03:17,657 Pruning 2560 in layer 21
2024-10-12 15:03:19,095 Gathering metrics
2024-10-12 15:04:00,048 {'acc1': 0.8428217821782178, 'acc5': 0.968440594059406, 'loss': 80.34103704988956, 'macs': 55764211176, 'params': 284393960, 'model_size': 1084.8768615722656, 'inference_time': 0}
2024-10-12 15:04:00,075 Pruning 2816 in layer 21
2024-10-12 15:04:01,290 Gathering metrics
2024-10-12 15:04:43,593 {'acc1': 0.8425123762376238, 'acc5': 0.968440594059406, 'loss': 82.6082766354084, 'macs': 55660876008, 'params': 283869416, 'model_size': 1082.8758850097656, 'inference_time': 0}
2024-10-12 15:04:43,976 Pruning 3072 in layer 21
2024-10-12 15:04:45,172 Gathering metrics
2024-10-12 15:05:31,693 {'acc1': 0.8425123762376238, 'acc5': 0.9681311881188119, 'loss': 85.44669607281685, 'macs': 55557540840, 'params': 283344872, 'model_size': 1080.8749084472656, 'inference_time': 0}
2024-10-12 15:05:31,734 Pruning 3328 in layer 21
2024-10-12 15:05:32,923 Gathering metrics
2024-10-12 15:06:20,464 {'acc1': 0.8422029702970297, 'acc5': 0.9681311881188119, 'loss': 88.75942915678024, 'macs': 55454205672, 'params': 282820328, 'model_size': 1078.8739318847656, 'inference_time': 0}
2024-10-12 15:06:20,505 Pruning 3584 in layer 21
2024-10-12 15:06:21,375 Gathering metrics
2024-10-12 15:07:08,669 {'acc1': 0.8425123762376238, 'acc5': 0.9681311881188119, 'loss': 92.71020677685738, 'macs': 55350870504, 'params': 282295784, 'model_size': 1076.8729553222656, 'inference_time': 0}
2024-10-12 15:07:08,711 Pruning 3840 in layer 21
2024-10-12 15:07:09,406 Gathering metrics
2024-10-12 15:07:52,511 {'acc1': 0.8425123762376238, 'acc5': 0.9681311881188119, 'loss': 97.47171005606651, 'macs': 55247535336, 'params': 281771240, 'model_size': 1074.8719787597656, 'inference_time': 0}
2024-10-12 15:07:52,540 Pruning 256 in layer 20
2024-10-12 15:07:58,052 Gathering metrics
2024-10-12 15:08:39,101 {'acc1': 0.8425123762376238, 'acc5': 0.9681311881188119, 'loss': 92.71048641204834, 'macs': 55247535336, 'params': 281771240, 'model_size': 1074.8719787597656, 'inference_time': 0}
2024-10-12 15:08:39,127 Pruning 512 in layer 20
2024-10-12 15:08:43,877 Gathering metrics
2024-10-12 15:09:24,908 {'acc1': 0.8425123762376238, 'acc5': 0.9681311881188119, 'loss': 92.71306377649307, 'macs': 55144200168, 'params': 281246696, 'model_size': 1072.8710021972656, 'inference_time': 0}
2024-10-12 15:09:24,933 Pruning 768 in layer 20
2024-10-12 15:09:29,084 Gathering metrics
2024-10-12 15:10:09,509 {'acc1': 0.8425123762376238, 'acc5': 0.9681311881188119, 'loss': 92.71910604834557, 'macs': 55040865000, 'params': 280722152, 'model_size': 1070.8700256347656, 'inference_time': 0}
2024-10-12 15:10:09,535 Pruning 1024 in layer 20
2024-10-12 15:10:13,168 Gathering metrics
2024-10-12 15:10:53,456 {'acc1': 0.8425123762376238, 'acc5': 0.9681311881188119, 'loss': 92.72819873690605, 'macs': 54937529832, 'params': 280197608, 'model_size': 1068.8690490722656, 'inference_time': 0}
2024-10-12 15:10:53,482 Pruning 1280 in layer 20
2024-10-12 15:10:56,618 Gathering metrics
2024-10-12 15:11:36,978 {'acc1': 0.8425123762376238, 'acc5': 0.9681311881188119, 'loss': 92.74061524868011, 'macs': 54834194664, 'params': 279673064, 'model_size': 1066.8680725097656, 'inference_time': 0}
2024-10-12 15:11:37,004 Pruning 1536 in layer 20
2024-10-12 15:11:39,737 Gathering metrics
2024-10-12 15:12:20,522 {'acc1': 0.8425123762376238, 'acc5': 0.9681311881188119, 'loss': 92.75637009739876, 'macs': 54730859496, 'params': 279148520, 'model_size': 1064.8670959472656, 'inference_time': 0}
2024-10-12 15:12:20,547 Pruning 1792 in layer 20
2024-10-12 15:12:22,882 Gathering metrics
2024-10-12 15:13:03,562 {'acc1': 0.8425123762376238, 'acc5': 0.9681311881188119, 'loss': 92.77539011836052, 'macs': 54627524328, 'params': 278623976, 'model_size': 1062.8661193847656, 'inference_time': 0}
2024-10-12 15:13:03,588 Pruning 2048 in layer 20
2024-10-12 15:13:05,577 Gathering metrics
2024-10-12 15:13:46,147 {'acc1': 0.8425123762376238, 'acc5': 0.9681311881188119, 'loss': 92.79599842429161, 'macs': 54524189160, 'params': 278099432, 'model_size': 1060.8651428222656, 'inference_time': 0}
2024-10-12 15:13:46,174 Pruning 2304 in layer 20
2024-10-12 15:13:47,885 Gathering metrics
2024-10-12 15:14:28,374 {'acc1': 0.8425123762376238, 'acc5': 0.9681311881188119, 'loss': 92.81841298937798, 'macs': 54420853992, 'params': 277574888, 'model_size': 1058.8641662597656, 'inference_time': 0}
2024-10-12 15:14:28,557 Pruning 2560 in layer 20
2024-10-12 15:14:29,983 Gathering metrics
2024-10-12 15:15:10,390 {'acc1': 0.8425123762376238, 'acc5': 0.9681311881188119, 'loss': 92.84463804960251, 'macs': 54317518824, 'params': 277050344, 'model_size': 1056.8631896972656, 'inference_time': 0}
2024-10-12 15:15:10,417 Pruning 2816 in layer 20
2024-10-12 15:15:11,627 Gathering metrics
2024-10-12 15:15:58,275 {'acc1': 0.8425123762376238, 'acc5': 0.9681311881188119, 'loss': 92.87373960018158, 'macs': 54214183656, 'params': 276525800, 'model_size': 1054.8622131347656, 'inference_time': 0}
2024-10-12 15:15:58,312 Pruning 3072 in layer 20
2024-10-12 15:15:59,515 Gathering metrics
2024-10-12 15:16:45,298 {'acc1': 0.8425123762376238, 'acc5': 0.9681311881188119, 'loss': 92.93278524279594, 'macs': 54110848488, 'params': 276001256, 'model_size': 1052.8612365722656, 'inference_time': 0}
2024-10-12 15:16:45,336 Pruning 3328 in layer 20
2024-10-12 15:16:46,359 Gathering metrics
2024-10-12 15:17:31,191 {'acc1': 0.8425123762376238, 'acc5': 0.9681311881188119, 'loss': 93.54941803216934, 'macs': 54007513320, 'params': 275476712, 'model_size': 1050.8602600097656, 'inference_time': 0}
2024-10-12 15:17:31,220 Pruning 3584 in layer 20
2024-10-12 15:17:31,942 Gathering metrics
2024-10-12 15:18:12,240 {'acc1': 0.8422029702970297, 'acc5': 0.9681311881188119, 'loss': 102.19645893573761, 'macs': 53904178152, 'params': 274952168, 'model_size': 1048.8592834472656, 'inference_time': 0}
2024-10-12 15:18:12,267 Pruning 3840 in layer 20
2024-10-12 15:18:12,847 Gathering metrics
2024-10-12 15:18:52,929 {'acc1': 0.8418935643564357, 'acc5': 0.968440594059406, 'loss': 115.20846325159073, 'macs': 53800842984, 'params': 274427624, 'model_size': 1046.8583068847656, 'inference_time': 0}
2024-10-12 15:18:52,955 Pruning 256 in layer 19
2024-10-12 15:18:58,460 Gathering metrics
2024-10-12 15:19:38,622 {'acc1': 0.8422029702970297, 'acc5': 0.9681311881188119, 'loss': 102.19782903790474, 'macs': 53800842984, 'params': 274427624, 'model_size': 1046.8583068847656, 'inference_time': 0}
2024-10-12 15:19:38,649 Pruning 512 in layer 19
2024-10-12 15:19:43,417 Gathering metrics
2024-10-12 15:20:23,313 {'acc1': 0.8422029702970297, 'acc5': 0.9681311881188119, 'loss': 102.20688462257385, 'macs': 53697507816, 'params': 273903080, 'model_size': 1044.8573303222656, 'inference_time': 0}
2024-10-12 15:20:23,338 Pruning 768 in layer 19
2024-10-12 15:20:27,490 Gathering metrics
2024-10-12 15:21:08,594 {'acc1': 0.8422029702970297, 'acc5': 0.9681311881188119, 'loss': 102.22564861178398, 'macs': 53594172648, 'params': 273378536, 'model_size': 1042.8563537597656, 'inference_time': 0}
2024-10-12 15:21:08,620 Pruning 1024 in layer 19
2024-10-12 15:21:12,248 Gathering metrics
2024-10-12 15:21:54,292 {'acc1': 0.8422029702970297, 'acc5': 0.9681311881188119, 'loss': 102.25143852829933, 'macs': 53490837480, 'params': 272853992, 'model_size': 1040.8553771972656, 'inference_time': 0}
2024-10-12 15:21:54,319 Pruning 1280 in layer 19
2024-10-12 15:21:57,467 Gathering metrics
2024-10-12 15:22:37,677 {'acc1': 0.8422029702970297, 'acc5': 0.9681311881188119, 'loss': 102.28287690877914, 'macs': 53387502312, 'params': 272329448, 'model_size': 1038.8544006347656, 'inference_time': 0}
2024-10-12 15:22:37,704 Pruning 1536 in layer 19
2024-10-12 15:22:40,454 Gathering metrics
2024-10-12 15:23:20,658 {'acc1': 0.8422029702970297, 'acc5': 0.9681311881188119, 'loss': 102.32307904958725, 'macs': 53284167144, 'params': 271804904, 'model_size': 1036.8534240722656, 'inference_time': 0}
2024-10-12 15:23:20,683 Pruning 1792 in layer 19
2024-10-12 15:23:23,008 Gathering metrics
2024-10-12 15:24:02,722 {'acc1': 0.8422029702970297, 'acc5': 0.9681311881188119, 'loss': 102.4026286303997, 'macs': 53180831976, 'params': 271280360, 'model_size': 1034.8524475097656, 'inference_time': 0}
2024-10-12 15:24:02,748 Pruning 2048 in layer 19
2024-10-12 15:24:04,722 Gathering metrics
2024-10-12 15:24:44,595 {'acc1': 0.8425123762376238, 'acc5': 0.968440594059406, 'loss': 103.0485787987709, 'macs': 53077496808, 'params': 270755816, 'model_size': 1032.8514709472656, 'inference_time': 0}
2024-10-12 15:24:44,708 Pruning 2304 in layer 19
2024-10-12 15:24:46,406 Gathering metrics
2024-10-12 15:25:26,018 {'acc1': 0.8428217821782178, 'acc5': 0.9675123762376238, 'loss': 104.79871049523354, 'macs': 52974161640, 'params': 270231272, 'model_size': 1030.8504943847656, 'inference_time': 0}
2024-10-12 15:25:26,045 Pruning 2560 in layer 19
2024-10-12 15:25:27,465 Gathering metrics
2024-10-12 15:26:07,460 {'acc1': 0.8425123762376238, 'acc5': 0.9675123762376238, 'loss': 107.31278267502785, 'macs': 52870826472, 'params': 269706728, 'model_size': 1028.8495178222656, 'inference_time': 0}
2024-10-12 15:26:07,485 Pruning 2816 in layer 19
2024-10-12 15:26:08,699 Gathering metrics
2024-10-12 15:26:48,396 {'acc1': 0.8425123762376238, 'acc5': 0.9675123762376238, 'loss': 108.93848925828934, 'macs': 52767491304, 'params': 269182184, 'model_size': 1026.8485412597656, 'inference_time': 0}
2024-10-12 15:26:48,422 Pruning 3072 in layer 19
2024-10-12 15:26:49,456 Gathering metrics
2024-10-12 15:27:29,066 {'acc1': 0.8425123762376238, 'acc5': 0.9675123762376238, 'loss': 113.17412668466568, 'macs': 52664156136, 'params': 268657640, 'model_size': 1024.8475646972656, 'inference_time': 0}
2024-10-12 15:27:29,092 Pruning 3328 in layer 19
2024-10-12 15:27:29,942 Gathering metrics
2024-10-12 15:28:09,801 {'acc1': 0.8422029702970297, 'acc5': 0.9672029702970297, 'loss': 116.89453613758087, 'macs': 52560820968, 'params': 268133096, 'model_size': 1022.8465881347656, 'inference_time': 0}
2024-10-12 15:28:09,828 Pruning 3584 in layer 19
2024-10-12 15:28:10,554 Gathering metrics
2024-10-12 15:28:50,261 {'acc1': 0.8422029702970297, 'acc5': 0.9675123762376238, 'loss': 112.27947229146957, 'macs': 52457485800, 'params': 267608552, 'model_size': 1020.8456115722656, 'inference_time': 0}
2024-10-12 15:28:50,287 Pruning 3840 in layer 19
2024-10-12 15:28:50,864 Gathering metrics
2024-10-12 15:29:30,543 {'acc1': 0.8422029702970297, 'acc5': 0.9675123762376238, 'loss': 108.89007791876793, 'macs': 52354150632, 'params': 267084008, 'model_size': 1018.8446350097656, 'inference_time': 0}
2024-10-12 15:29:30,569 Pruning 256 in layer 18
2024-10-12 15:29:36,064 Gathering metrics
2024-10-12 15:30:15,715 {'acc1': 0.8422029702970297, 'acc5': 0.9675123762376238, 'loss': 119.4496259689331, 'macs': 52354150632, 'params': 267084008, 'model_size': 1018.8446350097656, 'inference_time': 0}
2024-10-12 15:30:15,740 Pruning 512 in layer 18
2024-10-12 15:30:20,486 Gathering metrics
2024-10-12 15:30:59,843 {'acc1': 0.8418935643564357, 'acc5': 0.9672029702970297, 'loss': 126.8358074426651, 'macs': 52250815464, 'params': 266559464, 'model_size': 1016.8436584472656, 'inference_time': 0}
2024-10-12 15:30:59,869 Pruning 768 in layer 18
2024-10-12 15:31:04,027 Gathering metrics
2024-10-12 15:31:43,480 {'acc1': 0.8412747524752475, 'acc5': 0.9668935643564357, 'loss': 133.41271340847015, 'macs': 52147480296, 'params': 266034920, 'model_size': 1014.8426818847656, 'inference_time': 0}
2024-10-12 15:31:43,506 Pruning 1024 in layer 18
2024-10-12 15:31:47,134 Gathering metrics
2024-10-12 15:32:26,491 {'acc1': 0.8412747524752475, 'acc5': 0.9672029702970297, 'loss': 138.42567628622055, 'macs': 52044145128, 'params': 265510376, 'model_size': 1012.8417053222656, 'inference_time': 0}
2024-10-12 15:32:26,518 Pruning 1280 in layer 18
2024-10-12 15:32:29,673 Gathering metrics
2024-10-12 15:33:08,829 {'acc1': 0.8418935643564357, 'acc5': 0.9672029702970297, 'loss': 139.78422862291336, 'macs': 51940809960, 'params': 264985832, 'model_size': 1010.8407287597656, 'inference_time': 0}
2024-10-12 15:33:08,855 Pruning 1536 in layer 18
2024-10-12 15:33:11,605 Gathering metrics
2024-10-12 15:33:50,864 {'acc1': 0.8418935643564357, 'acc5': 0.9668935643564357, 'loss': 140.4240915775299, 'macs': 51837474792, 'params': 264461288, 'model_size': 1008.8397521972656, 'inference_time': 0}
2024-10-12 15:33:50,890 Pruning 1792 in layer 18
2024-10-12 15:33:53,232 Gathering metrics
2024-10-12 15:34:32,470 {'acc1': 0.8422029702970297, 'acc5': 0.9672029702970297, 'loss': 136.72562140226364, 'macs': 51734139624, 'params': 263936744, 'model_size': 1006.8387756347656, 'inference_time': 0}
2024-10-12 15:34:32,585 Pruning 2048 in layer 18
2024-10-12 15:34:34,567 Gathering metrics
2024-10-12 15:35:13,786 {'acc1': 0.8425123762376238, 'acc5': 0.9668935643564357, 'loss': 132.14075601100922, 'macs': 51630804456, 'params': 263412200, 'model_size': 1004.8377990722656, 'inference_time': 0}
2024-10-12 15:35:13,812 Pruning 2304 in layer 18
2024-10-12 15:35:15,523 Gathering metrics
2024-10-12 15:35:54,560 {'acc1': 0.8422029702970297, 'acc5': 0.9662747524752475, 'loss': 123.40972250699997, 'macs': 51527469288, 'params': 262887656, 'model_size': 1002.8368225097656, 'inference_time': 0}
2024-10-12 15:35:54,587 Pruning 2560 in layer 18
2024-10-12 15:35:56,006 Gathering metrics
2024-10-12 15:36:35,308 {'acc1': 0.8428217821782178, 'acc5': 0.9665841584158416, 'loss': 115.02920037508011, 'macs': 51424134120, 'params': 262363112, 'model_size': 1000.8358459472656, 'inference_time': 0}
2024-10-12 15:36:35,334 Pruning 2816 in layer 18
2024-10-12 15:36:36,556 Gathering metrics
2024-10-12 15:37:15,648 {'acc1': 0.843440594059406, 'acc5': 0.9672029702970297, 'loss': 103.73713800311089, 'macs': 51320798952, 'params': 261838568, 'model_size': 998.8348693847656, 'inference_time': 0}
2024-10-12 15:37:15,674 Pruning 3072 in layer 18
2024-10-12 15:37:16,703 Gathering metrics
2024-10-12 15:37:55,732 {'acc1': 0.843440594059406, 'acc5': 0.9675123762376238, 'loss': 93.70755577087402, 'macs': 51217463784, 'params': 261314024, 'model_size': 996.8338928222656, 'inference_time': 0}
2024-10-12 15:37:55,759 Pruning 3328 in layer 18
2024-10-12 15:37:56,619 Gathering metrics
2024-10-12 15:38:35,712 {'acc1': 0.8428217821782178, 'acc5': 0.9675123762376238, 'loss': 84.62674425542355, 'macs': 51114128616, 'params': 260789480, 'model_size': 994.8329162597656, 'inference_time': 0}
2024-10-12 15:38:35,739 Pruning 3584 in layer 18
2024-10-12 15:38:36,465 Gathering metrics
2024-10-12 15:39:15,788 {'acc1': 0.8428217821782178, 'acc5': 0.9678217821782178, 'loss': 78.44087688624859, 'macs': 51010793448, 'params': 260264936, 'model_size': 992.8319396972656, 'inference_time': 0}
2024-10-12 15:39:15,813 Pruning 3840 in layer 18
2024-10-12 15:39:16,392 Gathering metrics
2024-10-12 15:39:55,205 {'acc1': 0.844059405940594, 'acc5': 0.9681311881188119, 'loss': 74.2151750177145, 'macs': 50907458280, 'params': 259740392, 'model_size': 990.8309631347656, 'inference_time': 0}
2024-10-12 15:39:55,232 Pruning 256 in layer 17
2024-10-12 15:40:00,717 Gathering metrics
2024-10-12 15:40:39,902 {'acc1': 0.8428217821782178, 'acc5': 0.9678217821782178, 'loss': 79.9938216805458, 'macs': 50907458280, 'params': 259740392, 'model_size': 990.8309631347656, 'inference_time': 0}
2024-10-12 15:40:39,928 Pruning 512 in layer 17
2024-10-12 15:40:44,685 Gathering metrics
2024-10-12 15:41:23,605 {'acc1': 0.8428217821782178, 'acc5': 0.9678217821782178, 'loss': 82.49153581261635, 'macs': 50804123112, 'params': 259215848, 'model_size': 988.8299865722656, 'inference_time': 0}
2024-10-12 15:41:23,632 Pruning 768 in layer 17
2024-10-12 15:41:27,794 Gathering metrics
2024-10-12 15:42:07,033 {'acc1': 0.844059405940594, 'acc5': 0.9678217821782178, 'loss': 83.03170059621334, 'macs': 50700787944, 'params': 258691304, 'model_size': 986.8290100097656, 'inference_time': 0}
2024-10-12 15:42:07,060 Pruning 1024 in layer 17
2024-10-12 15:42:10,684 Gathering metrics
2024-10-12 15:42:49,464 {'acc1': 0.8446782178217822, 'acc5': 0.9675123762376238, 'loss': 83.89379459619522, 'macs': 50597452776, 'params': 258166760, 'model_size': 984.8280334472656, 'inference_time': 0}
2024-10-12 15:42:49,491 Pruning 1280 in layer 17
2024-10-12 15:42:52,620 Gathering metrics
2024-10-12 15:43:31,686 {'acc1': 0.8443688118811881, 'acc5': 0.9678217821782178, 'loss': 84.7012375742197, 'macs': 50494117608, 'params': 257642216, 'model_size': 982.8270568847656, 'inference_time': 0}
2024-10-12 15:43:31,712 Pruning 1536 in layer 17
2024-10-12 15:43:34,453 Gathering metrics
2024-10-12 15:44:13,146 {'acc1': 0.8443688118811881, 'acc5': 0.9675123762376238, 'loss': 86.64264799654484, 'macs': 50390782440, 'params': 257117672, 'model_size': 980.8260803222656, 'inference_time': 0}
2024-10-12 15:44:13,259 Pruning 1792 in layer 17
2024-10-12 15:44:15,602 Gathering metrics
2024-10-12 15:44:54,586 {'acc1': 0.8446782178217822, 'acc5': 0.9672029702970297, 'loss': 88.0590189397335, 'macs': 50287447272, 'params': 256593128, 'model_size': 978.8251037597656, 'inference_time': 0}
2024-10-12 15:44:54,612 Pruning 2048 in layer 17
2024-10-12 15:44:56,591 Gathering metrics
2024-10-12 15:45:35,269 {'acc1': 0.8452970297029703, 'acc5': 0.9672029702970297, 'loss': 88.79209898412228, 'macs': 50184112104, 'params': 256068584, 'model_size': 976.8241271972656, 'inference_time': 0}
2024-10-12 15:45:35,297 Pruning 2304 in layer 17
2024-10-12 15:45:37,000 Gathering metrics
2024-10-12 15:46:16,015 {'acc1': 0.8452970297029703, 'acc5': 0.9672029702970297, 'loss': 90.42800219357014, 'macs': 50080776936, 'params': 255544040, 'model_size': 974.8231506347656, 'inference_time': 0}
2024-10-12 15:46:16,041 Pruning 2560 in layer 17
2024-10-12 15:46:17,483 Gathering metrics
2024-10-12 15:46:56,007 {'acc1': 0.8449876237623762, 'acc5': 0.9678217821782178, 'loss': 91.37758311629295, 'macs': 49977441768, 'params': 255019496, 'model_size': 972.8221740722656, 'inference_time': 0}
2024-10-12 15:46:56,034 Pruning 2816 in layer 17
2024-10-12 15:46:57,245 Gathering metrics
2024-10-12 15:47:35,840 {'acc1': 0.8449876237623762, 'acc5': 0.9681311881188119, 'loss': 90.61161024868488, 'macs': 49874106600, 'params': 254494952, 'model_size': 970.8211975097656, 'inference_time': 0}
2024-10-12 15:47:35,867 Pruning 3072 in layer 17
2024-10-12 15:47:36,891 Gathering metrics
2024-10-12 15:48:15,534 {'acc1': 0.8449876237623762, 'acc5': 0.9681311881188119, 'loss': 90.53934600949287, 'macs': 49770771432, 'params': 253970408, 'model_size': 968.8202209472656, 'inference_time': 0}
2024-10-12 15:48:15,561 Pruning 3328 in layer 17
2024-10-12 15:48:16,427 Gathering metrics
2024-10-12 15:48:55,057 {'acc1': 0.84375, 'acc5': 0.9678217821782178, 'loss': 90.21704311668873, 'macs': 49667436264, 'params': 253445864, 'model_size': 966.8192443847656, 'inference_time': 0}
2024-10-12 15:48:55,082 Pruning 3584 in layer 17
2024-10-12 15:48:55,801 Gathering metrics
2024-10-12 15:49:34,243 {'acc1': 0.8446782178217822, 'acc5': 0.9681311881188119, 'loss': 92.5740279853344, 'macs': 49564101096, 'params': 252921320, 'model_size': 964.8182678222656, 'inference_time': 0}
2024-10-12 15:49:34,270 Pruning 3840 in layer 17
2024-10-12 15:49:34,843 Gathering metrics
2024-10-12 15:50:13,470 {'acc1': 0.8443688118811881, 'acc5': 0.9681311881188119, 'loss': 96.99832519888878, 'macs': 49460765928, 'params': 252396776, 'model_size': 962.8172912597656, 'inference_time': 0}
2024-10-12 15:50:13,497 Pruning 256 in layer 16
2024-10-12 15:50:19,004 Gathering metrics
2024-10-12 15:50:57,603 {'acc1': 0.8443688118811881, 'acc5': 0.9681311881188119, 'loss': 91.44489458203316, 'macs': 49460765928, 'params': 252396776, 'model_size': 962.8172912597656, 'inference_time': 0}
2024-10-12 15:50:57,629 Pruning 512 in layer 16
2024-10-12 15:51:02,390 Gathering metrics
2024-10-12 15:51:40,914 {'acc1': 0.8446782178217822, 'acc5': 0.96875, 'loss': 90.19547119736671, 'macs': 49357430760, 'params': 251872232, 'model_size': 960.8163146972656, 'inference_time': 0}
2024-10-12 15:51:40,941 Pruning 768 in layer 16
2024-10-12 15:51:45,094 Gathering metrics
2024-10-12 15:52:23,682 {'acc1': 0.8446782178217822, 'acc5': 0.969059405940594, 'loss': 88.70796638727188, 'macs': 49254095592, 'params': 251347688, 'model_size': 958.8153381347656, 'inference_time': 0}
2024-10-12 15:52:23,709 Pruning 1024 in layer 16
2024-10-12 15:52:27,361 Gathering metrics
2024-10-12 15:53:05,865 {'acc1': 0.8456064356435643, 'acc5': 0.969059405940594, 'loss': 87.49748510122299, 'macs': 49150760424, 'params': 250823144, 'model_size': 956.8143615722656, 'inference_time': 0}
2024-10-12 15:53:05,891 Pruning 1280 in layer 16
2024-10-12 15:53:09,042 Gathering metrics
2024-10-12 15:53:47,589 {'acc1': 0.844059405940594, 'acc5': 0.96875, 'loss': 86.1764563024044, 'macs': 49047425256, 'params': 250298600, 'model_size': 954.8133850097656, 'inference_time': 0}
2024-10-12 15:53:47,702 Pruning 1536 in layer 16
2024-10-12 15:53:50,448 Gathering metrics
2024-10-12 15:54:28,823 {'acc1': 0.84375, 'acc5': 0.969059405940594, 'loss': 85.74369195103645, 'macs': 48944090088, 'params': 249774056, 'model_size': 952.8124084472656, 'inference_time': 0}
2024-10-12 15:54:28,850 Pruning 1792 in layer 16
2024-10-12 15:54:31,182 Gathering metrics
2024-10-12 15:55:09,333 {'acc1': 0.843440594059406, 'acc5': 0.969059405940594, 'loss': 84.50796806812286, 'macs': 48840754920, 'params': 249249512, 'model_size': 950.8114318847656, 'inference_time': 0}
2024-10-12 15:55:09,360 Pruning 2048 in layer 16
2024-10-12 15:55:11,350 Gathering metrics
2024-10-12 15:55:49,444 {'acc1': 0.84375, 'acc5': 0.9693688118811881, 'loss': 83.602657943964, 'macs': 48737419752, 'params': 248724968, 'model_size': 948.8104553222656, 'inference_time': 0}
2024-10-12 15:55:49,470 Pruning 2304 in layer 16
2024-10-12 15:55:51,159 Gathering metrics
2024-10-12 15:56:29,081 {'acc1': 0.84375, 'acc5': 0.9696782178217822, 'loss': 82.5047668069601, 'macs': 48634084584, 'params': 248200424, 'model_size': 946.8094787597656, 'inference_time': 0}
2024-10-12 15:56:29,108 Pruning 2560 in layer 16
2024-10-12 15:56:30,544 Gathering metrics
2024-10-12 15:57:08,534 {'acc1': 0.84375, 'acc5': 0.9693688118811881, 'loss': 81.86346536874771, 'macs': 48530749416, 'params': 247675880, 'model_size': 944.8085021972656, 'inference_time': 0}
2024-10-12 15:57:08,560 Pruning 2816 in layer 16
2024-10-12 15:57:09,782 Gathering metrics
2024-10-12 15:57:47,990 {'acc1': 0.8431311881188119, 'acc5': 0.969059405940594, 'loss': 81.27337823808193, 'macs': 48427414248, 'params': 247151336, 'model_size': 942.8075256347656, 'inference_time': 0}
2024-10-12 15:57:48,017 Pruning 3072 in layer 16
2024-10-12 15:57:49,052 Gathering metrics
2024-10-12 15:58:27,130 {'acc1': 0.843440594059406, 'acc5': 0.9693688118811881, 'loss': 80.49953933060169, 'macs': 48324079080, 'params': 246626792, 'model_size': 940.8065490722656, 'inference_time': 0}
2024-10-12 15:58:27,155 Pruning 3328 in layer 16
2024-10-12 15:58:28,004 Gathering metrics
2024-10-12 15:59:06,045 {'acc1': 0.8422029702970297, 'acc5': 0.969059405940594, 'loss': 78.973723128438, 'macs': 48220743912, 'params': 246102248, 'model_size': 938.8055725097656, 'inference_time': 0}
2024-10-12 15:59:06,072 Pruning 3584 in layer 16
2024-10-12 15:59:06,793 Gathering metrics
2024-10-12 15:59:44,797 {'acc1': 0.8412747524752475, 'acc5': 0.96875, 'loss': 79.08851216733456, 'macs': 48117408744, 'params': 245577704, 'model_size': 936.8045959472656, 'inference_time': 0}
2024-10-12 15:59:44,824 Pruning 3840 in layer 16
2024-10-12 15:59:45,401 Gathering metrics
2024-10-12 16:00:23,476 {'acc1': 0.8418935643564357, 'acc5': 0.96875, 'loss': 78.35348126292229, 'macs': 48014073576, 'params': 245053160, 'model_size': 934.8036193847656, 'inference_time': 0}
2024-10-12 16:00:23,502 Pruning 256 in layer 15
2024-10-12 16:00:29,008 Gathering metrics
2024-10-12 16:01:06,804 {'acc1': 0.8425123762376238, 'acc5': 0.968440594059406, 'loss': 78.71035647392273, 'macs': 48014073576, 'params': 245053160, 'model_size': 934.8036193847656, 'inference_time': 0}
2024-10-12 16:01:06,830 Pruning 512 in layer 15
2024-10-12 16:01:11,599 Gathering metrics
2024-10-12 16:01:49,313 {'acc1': 0.8425123762376238, 'acc5': 0.968440594059406, 'loss': 78.27797912061214, 'macs': 47910738408, 'params': 244528616, 'model_size': 932.8026428222656, 'inference_time': 0}
2024-10-12 16:01:49,340 Pruning 768 in layer 15
2024-10-12 16:01:53,508 Gathering metrics
2024-10-12 16:02:31,584 {'acc1': 0.8422029702970297, 'acc5': 0.969059405940594, 'loss': 77.68560557067394, 'macs': 47807403240, 'params': 244004072, 'model_size': 930.8016662597656, 'inference_time': 0}
2024-10-12 16:02:31,610 Pruning 1024 in layer 15
2024-10-12 16:02:35,250 Gathering metrics
2024-10-12 16:03:12,915 {'acc1': 0.8409653465346535, 'acc5': 0.96875, 'loss': 77.32509972155094, 'macs': 47704068072, 'params': 243479528, 'model_size': 928.8006896972656, 'inference_time': 0}
2024-10-12 16:03:13,028 Pruning 1280 in layer 15
2024-10-12 16:03:16,184 Gathering metrics
2024-10-12 16:03:53,924 {'acc1': 0.8415841584158416, 'acc5': 0.96875, 'loss': 76.74477392435074, 'macs': 47600732904, 'params': 242954984, 'model_size': 926.7997131347656, 'inference_time': 0}
2024-10-12 16:03:53,950 Pruning 1536 in layer 15
2024-10-12 16:03:56,700 Gathering metrics
2024-10-12 16:04:34,498 {'acc1': 0.844059405940594, 'acc5': 0.969059405940594, 'loss': 75.83152112364769, 'macs': 47497397736, 'params': 242430440, 'model_size': 924.7987365722656, 'inference_time': 0}
2024-10-12 16:04:34,526 Pruning 1792 in layer 15
2024-10-12 16:04:36,872 Gathering metrics
2024-10-12 16:05:14,397 {'acc1': 0.84375, 'acc5': 0.96875, 'loss': 75.43250852823257, 'macs': 47394062568, 'params': 241905896, 'model_size': 922.7977600097656, 'inference_time': 0}
2024-10-12 16:05:14,424 Pruning 2048 in layer 15
2024-10-12 16:05:16,417 Gathering metrics
2024-10-12 16:05:54,267 {'acc1': 0.843440594059406, 'acc5': 0.968440594059406, 'loss': 75.12653341889381, 'macs': 47290727400, 'params': 241381352, 'model_size': 920.7967834472656, 'inference_time': 0}
2024-10-12 16:05:54,294 Pruning 2304 in layer 15
2024-10-12 16:05:56,011 Gathering metrics
2024-10-12 16:06:33,672 {'acc1': 0.844059405940594, 'acc5': 0.96875, 'loss': 74.88532575964928, 'macs': 47187392232, 'params': 240856808, 'model_size': 918.7958068847656, 'inference_time': 0}
2024-10-12 16:06:33,699 Pruning 2560 in layer 15
2024-10-12 16:06:35,126 Gathering metrics
2024-10-12 16:07:12,762 {'acc1': 0.8431311881188119, 'acc5': 0.96875, 'loss': 74.04520644247532, 'macs': 47084057064, 'params': 240332264, 'model_size': 916.7948303222656, 'inference_time': 0}
2024-10-12 16:07:12,789 Pruning 2816 in layer 15
2024-10-12 16:07:14,010 Gathering metrics
2024-10-12 16:07:51,635 {'acc1': 0.8418935643564357, 'acc5': 0.9693688118811881, 'loss': 73.50302338600159, 'macs': 46980721896, 'params': 239807720, 'model_size': 914.7938537597656, 'inference_time': 0}
2024-10-12 16:07:51,662 Pruning 3072 in layer 15
2024-10-12 16:07:52,689 Gathering metrics
2024-10-12 16:08:30,028 {'acc1': 0.8415841584158416, 'acc5': 0.9693688118811881, 'loss': 73.69059702008963, 'macs': 46877386728, 'params': 239283176, 'model_size': 912.7928771972656, 'inference_time': 0}
2024-10-12 16:08:30,054 Pruning 3328 in layer 15
2024-10-12 16:08:30,903 Gathering metrics
2024-10-12 16:09:08,744 {'acc1': 0.8406559405940595, 'acc5': 0.9696782178217822, 'loss': 73.51726222783327, 'macs': 46774051560, 'params': 238758632, 'model_size': 910.7919006347656, 'inference_time': 0}
2024-10-12 16:09:08,772 Pruning 3584 in layer 15
2024-10-12 16:09:09,487 Gathering metrics
2024-10-12 16:09:46,874 {'acc1': 0.8415841584158416, 'acc5': 0.9699876237623762, 'loss': 73.7504020780325, 'macs': 46670716392, 'params': 238234088, 'model_size': 908.7909240722656, 'inference_time': 0}
2024-10-12 16:09:46,901 Pruning 3840 in layer 15
2024-10-12 16:09:47,474 Gathering metrics
2024-10-12 16:10:24,525 {'acc1': 0.8418935643564357, 'acc5': 0.9693688118811881, 'loss': 73.65300592780113, 'macs': 46567381224, 'params': 237709544, 'model_size': 906.7899475097656, 'inference_time': 0}
2024-10-12 16:10:24,551 Pruning 256 in layer 14
2024-10-12 16:10:30,032 Gathering metrics
2024-10-12 16:11:07,300 {'acc1': 0.8406559405940595, 'acc5': 0.969059405940594, 'loss': 73.79408659040928, 'macs': 46567381224, 'params': 237709544, 'model_size': 906.7899475097656, 'inference_time': 0}
2024-10-12 16:11:07,327 Pruning 512 in layer 14
2024-10-12 16:11:12,065 Gathering metrics
2024-10-12 16:11:49,188 {'acc1': 0.838799504950495, 'acc5': 0.9696782178217822, 'loss': 73.74023469537497, 'macs': 46464046056, 'params': 237185000, 'model_size': 904.7889709472656, 'inference_time': 0}
2024-10-12 16:11:49,215 Pruning 768 in layer 14
2024-10-12 16:11:53,365 Gathering metrics
2024-10-12 16:12:30,739 {'acc1': 0.8375618811881188, 'acc5': 0.96875, 'loss': 73.6222220286727, 'macs': 46360710888, 'params': 236660456, 'model_size': 902.7879943847656, 'inference_time': 0}
2024-10-12 16:12:30,854 Pruning 256 in layer 13
2024-10-12 16:12:36,362 Gathering metrics
2024-10-12 16:13:13,463 {'acc1': 0.838180693069307, 'acc5': 0.968440594059406, 'loss': 73.61672705411911, 'macs': 46360710888, 'params': 236660456, 'model_size': 902.7879943847656, 'inference_time': 0}
2024-10-12 16:13:13,490 Pruning 512 in layer 13
2024-10-12 16:13:18,261 Gathering metrics
2024-10-12 16:13:55,325 {'acc1': 0.8369430693069307, 'acc5': 0.968440594059406, 'loss': 73.48109295964241, 'macs': 46257375720, 'params': 236135912, 'model_size': 900.7870178222656, 'inference_time': 0}
2024-10-12 16:13:55,352 Pruning 768 in layer 13
2024-10-12 16:13:59,522 Gathering metrics
2024-10-12 16:14:36,724 {'acc1': 0.8375618811881188, 'acc5': 0.968440594059406, 'loss': 73.37927805632353, 'macs': 46154040552, 'params': 235611368, 'model_size': 898.7860412597656, 'inference_time': 0}
2024-10-12 16:14:36,751 Pruning 1024 in layer 13
2024-10-12 16:14:40,358 Gathering metrics
2024-10-12 16:15:17,435 {'acc1': 0.838180693069307, 'acc5': 0.9681311881188119, 'loss': 73.27442803233862, 'macs': 46050705384, 'params': 235086824, 'model_size': 896.7850646972656, 'inference_time': 0}
2024-10-12 16:15:17,462 Pruning 1280 in layer 13
2024-10-12 16:15:20,605 Gathering metrics
2024-10-12 16:15:57,660 {'acc1': 0.8378712871287128, 'acc5': 0.9681311881188119, 'loss': 73.29012840986252, 'macs': 45947370216, 'params': 234562280, 'model_size': 894.7840881347656, 'inference_time': 0}
2024-10-12 16:15:57,688 Pruning 1536 in layer 13
2024-10-12 16:16:00,438 Gathering metrics
2024-10-12 16:16:37,492 {'acc1': 0.838799504950495, 'acc5': 0.9678217821782178, 'loss': 73.28459981828928, 'macs': 45844035048, 'params': 234037736, 'model_size': 892.7831115722656, 'inference_time': 0}
2024-10-12 16:16:37,518 Pruning 1792 in layer 13
2024-10-12 16:16:39,869 Gathering metrics
2024-10-12 16:17:16,975 {'acc1': 0.8394183168316832, 'acc5': 0.9672029702970297, 'loss': 73.13115392625332, 'macs': 45740699880, 'params': 233513192, 'model_size': 890.7821350097656, 'inference_time': 0}
2024-10-12 16:17:17,002 Pruning 2048 in layer 13
2024-10-12 16:17:18,993 Gathering metrics
2024-10-12 16:17:55,809 {'acc1': 0.8394183168316832, 'acc5': 0.9665841584158416, 'loss': 73.07251700013876, 'macs': 45637364712, 'params': 232988648, 'model_size': 888.7811584472656, 'inference_time': 0}
2024-10-12 16:17:55,836 Pruning 2304 in layer 13
2024-10-12 16:17:57,527 Gathering metrics
2024-10-12 16:18:34,330 {'acc1': 0.838490099009901, 'acc5': 0.9656559405940595, 'loss': 73.06843335926533, 'macs': 45534029544, 'params': 232464104, 'model_size': 886.7801818847656, 'inference_time': 0}
2024-10-12 16:18:34,357 Pruning 2560 in layer 13
2024-10-12 16:18:35,789 Gathering metrics
2024-10-12 16:19:12,724 {'acc1': 0.8378712871287128, 'acc5': 0.9662747524752475, 'loss': 73.03830964118242, 'macs': 45430694376, 'params': 231939560, 'model_size': 884.7792053222656, 'inference_time': 0}
2024-10-12 16:19:12,750 Pruning 2816 in layer 13
2024-10-12 16:19:13,962 Gathering metrics
2024-10-12 16:19:50,613 {'acc1': 0.838180693069307, 'acc5': 0.9659653465346535, 'loss': 73.10965344309807, 'macs': 45327359208, 'params': 231415016, 'model_size': 882.7782287597656, 'inference_time': 0}
2024-10-12 16:19:50,640 Pruning 3072 in layer 13
2024-10-12 16:19:51,673 Gathering metrics
2024-10-12 16:20:28,581 {'acc1': 0.838180693069307, 'acc5': 0.9656559405940595, 'loss': 73.20277730375528, 'macs': 45224024040, 'params': 230890472, 'model_size': 880.7772521972656, 'inference_time': 0}
2024-10-12 16:20:28,609 Pruning 3328 in layer 13
2024-10-12 16:20:29,473 Gathering metrics
2024-10-12 16:21:06,240 {'acc1': 0.838490099009901, 'acc5': 0.9662747524752475, 'loss': 73.10010053962469, 'macs': 45120688872, 'params': 230365928, 'model_size': 878.7762756347656, 'inference_time': 0}
2024-10-12 16:21:06,361 Pruning 3584 in layer 13
2024-10-12 16:21:07,081 Gathering metrics
2024-10-12 16:21:43,999 {'acc1': 0.8366336633663366, 'acc5': 0.9659653465346535, 'loss': 72.93899034708738, 'macs': 45017353704, 'params': 229841384, 'model_size': 876.7752990722656, 'inference_time': 0}
2024-10-12 16:21:44,032 Pruning 3840 in layer 13
2024-10-12 16:21:44,620 Gathering metrics
2024-10-12 16:22:21,110 {'acc1': 0.8360148514851485, 'acc5': 0.9665841584158416, 'loss': 73.15894740819931, 'macs': 44914018536, 'params': 229316840, 'model_size': 874.7743225097656, 'inference_time': 0}
2024-10-12 16:22:21,137 Pruning 256 in layer 12
2024-10-12 16:22:26,668 Gathering metrics
2024-10-12 16:23:03,323 {'acc1': 0.8366336633663366, 'acc5': 0.9659653465346535, 'loss': 72.90592700242996, 'macs': 44914018536, 'params': 229316840, 'model_size': 874.7743225097656, 'inference_time': 0}
2024-10-12 16:23:03,350 Pruning 512 in layer 12
2024-10-12 16:23:08,091 Gathering metrics
2024-10-12 16:23:44,742 {'acc1': 0.8357054455445545, 'acc5': 0.9653465346534653, 'loss': 72.87224607169628, 'macs': 44810683368, 'params': 228792296, 'model_size': 872.7733459472656, 'inference_time': 0}
2024-10-12 16:23:44,768 Pruning 768 in layer 12
2024-10-12 16:23:48,937 Gathering metrics
2024-10-12 16:24:25,444 {'acc1': 0.8350866336633663, 'acc5': 0.9659653465346535, 'loss': 72.86928565055132, 'macs': 44707348200, 'params': 228267752, 'model_size': 870.7723693847656, 'inference_time': 0}
2024-10-12 16:24:25,471 Pruning 1024 in layer 12
2024-10-12 16:24:29,096 Gathering metrics
2024-10-12 16:25:05,558 {'acc1': 0.8357054455445545, 'acc5': 0.9659653465346535, 'loss': 72.85256695747375, 'macs': 44604013032, 'params': 227743208, 'model_size': 868.7713928222656, 'inference_time': 0}
2024-10-12 16:25:05,585 Pruning 1280 in layer 12
2024-10-12 16:25:08,738 Gathering metrics
2024-10-12 16:25:44,990 {'acc1': 0.8363242574257426, 'acc5': 0.9659653465346535, 'loss': 72.83533150702715, 'macs': 44500677864, 'params': 227218664, 'model_size': 866.7704162597656, 'inference_time': 0}
2024-10-12 16:25:45,017 Pruning 1536 in layer 12
2024-10-12 16:25:47,763 Gathering metrics
2024-10-12 16:26:24,114 {'acc1': 0.8378712871287128, 'acc5': 0.9656559405940595, 'loss': 72.8294061794877, 'macs': 44397342696, 'params': 226694120, 'model_size': 864.7694396972656, 'inference_time': 0}
2024-10-12 16:26:24,142 Pruning 1792 in layer 12
2024-10-12 16:26:26,491 Gathering metrics
2024-10-12 16:27:02,970 {'acc1': 0.8363242574257426, 'acc5': 0.9662747524752475, 'loss': 72.77414187043905, 'macs': 44294007528, 'params': 226169576, 'model_size': 862.7684631347656, 'inference_time': 0}
2024-10-12 16:27:02,997 Pruning 2048 in layer 12
2024-10-12 16:27:04,979 Gathering metrics
2024-10-12 16:27:41,130 {'acc1': 0.8372524752475248, 'acc5': 0.9656559405940595, 'loss': 72.75874474644661, 'macs': 44190672360, 'params': 225645032, 'model_size': 860.7674865722656, 'inference_time': 0}
2024-10-12 16:27:41,158 Pruning 2304 in layer 12
2024-10-12 16:27:42,851 Gathering metrics
2024-10-12 16:28:19,317 {'acc1': 0.8360148514851485, 'acc5': 0.9662747524752475, 'loss': 72.85258560627699, 'macs': 44087337192, 'params': 225120488, 'model_size': 858.7665100097656, 'inference_time': 0}
2024-10-12 16:28:19,344 Pruning 2560 in layer 12
2024-10-12 16:28:20,766 Gathering metrics
2024-10-12 16:28:56,981 {'acc1': 0.8366336633663366, 'acc5': 0.9662747524752475, 'loss': 72.99826780706644, 'macs': 43984002024, 'params': 224595944, 'model_size': 856.7655334472656, 'inference_time': 0}
2024-10-12 16:28:57,007 Pruning 2816 in layer 12
2024-10-12 16:28:58,218 Gathering metrics
2024-10-12 16:29:34,554 {'acc1': 0.8360148514851485, 'acc5': 0.9662747524752475, 'loss': 73.14314995706081, 'macs': 43880666856, 'params': 224071400, 'model_size': 854.7645568847656, 'inference_time': 0}
2024-10-12 16:29:34,581 Pruning 3072 in layer 12
2024-10-12 16:29:35,609 Gathering metrics
2024-10-12 16:30:12,107 {'acc1': 0.8363242574257426, 'acc5': 0.9662747524752475, 'loss': 73.35029798001051, 'macs': 43777331688, 'params': 223546856, 'model_size': 852.7635803222656, 'inference_time': 0}
2024-10-12 16:30:12,225 Pruning 3328 in layer 12
2024-10-12 16:30:13,092 Gathering metrics
2024-10-12 16:30:49,423 {'acc1': 0.8360148514851485, 'acc5': 0.9647277227722773, 'loss': 73.4626685231924, 'macs': 43673996520, 'params': 223022312, 'model_size': 850.7626037597656, 'inference_time': 0}
2024-10-12 16:30:49,449 Pruning 3584 in layer 12
2024-10-12 16:30:50,167 Gathering metrics
2024-10-12 16:31:26,102 {'acc1': 0.8357054455445545, 'acc5': 0.9647277227722773, 'loss': 73.47014796733856, 'macs': 43570661352, 'params': 222497768, 'model_size': 848.7616271972656, 'inference_time': 0}
2024-10-12 16:31:26,128 Pruning 3840 in layer 12
2024-10-12 16:31:26,700 Gathering metrics
2024-10-12 16:32:02,883 {'acc1': 0.8360148514851485, 'acc5': 0.9647277227722773, 'loss': 73.43090303242207, 'macs': 43467326184, 'params': 221973224, 'model_size': 846.7606506347656, 'inference_time': 0}
2024-10-12 16:32:02,910 Pruning 256 in layer 11
2024-10-12 16:32:08,403 Gathering metrics
2024-10-12 16:32:44,591 {'acc1': 0.8353960396039604, 'acc5': 0.9647277227722773, 'loss': 73.59254901856184, 'macs': 43467326184, 'params': 221973224, 'model_size': 846.7606506347656, 'inference_time': 0}
2024-10-12 16:32:44,617 Pruning 512 in layer 11
2024-10-12 16:32:49,385 Gathering metrics
2024-10-12 16:33:25,400 {'acc1': 0.8347772277227723, 'acc5': 0.9641089108910891, 'loss': 73.451550796628, 'macs': 43363991016, 'params': 221448680, 'model_size': 844.7596740722656, 'inference_time': 0}
2024-10-12 16:33:25,427 Pruning 768 in layer 11
2024-10-12 16:33:29,569 Gathering metrics
2024-10-12 16:34:05,369 {'acc1': 0.8338490099009901, 'acc5': 0.963490099009901, 'loss': 73.45278946310282, 'macs': 43260655848, 'params': 220924136, 'model_size': 842.7586975097656, 'inference_time': 0}
2024-10-12 16:34:05,396 Pruning 1024 in layer 11
2024-10-12 16:34:08,996 Gathering metrics
2024-10-12 16:34:44,995 {'acc1': 0.8316831683168316, 'acc5': 0.9641089108910891, 'loss': 73.52706480026245, 'macs': 43157320680, 'params': 220399592, 'model_size': 840.7577209472656, 'inference_time': 0}
2024-10-12 16:34:45,022 Pruning 256 in layer 10
2024-10-12 16:34:50,531 Gathering metrics
2024-10-12 16:35:26,718 {'acc1': 0.8344678217821783, 'acc5': 0.9641089108910891, 'loss': 73.48646140098572, 'macs': 43157320680, 'params': 220399592, 'model_size': 840.7577209472656, 'inference_time': 0}
2024-10-12 16:35:26,745 Pruning 512 in layer 10
2024-10-12 16:35:31,494 Gathering metrics
2024-10-12 16:36:07,168 {'acc1': 0.8329207920792079, 'acc5': 0.9644183168316832, 'loss': 73.51487569510937, 'macs': 43053985512, 'params': 219875048, 'model_size': 838.7567443847656, 'inference_time': 0}
2024-10-12 16:36:07,195 Pruning 768 in layer 10
2024-10-12 16:36:11,343 Gathering metrics
2024-10-12 16:36:47,251 {'acc1': 0.833230198019802, 'acc5': 0.963799504950495, 'loss': 73.41105672717094, 'macs': 42950650344, 'params': 219350504, 'model_size': 836.7557678222656, 'inference_time': 0}
2024-10-12 16:36:47,278 Pruning 1024 in layer 10
2024-10-12 16:36:50,929 Gathering metrics
2024-10-12 16:37:26,797 {'acc1': 0.8338490099009901, 'acc5': 0.9641089108910891, 'loss': 73.40883798897266, 'macs': 42847315176, 'params': 218825960, 'model_size': 834.7547912597656, 'inference_time': 0}
2024-10-12 16:37:26,823 Pruning 1280 in layer 10
2024-10-12 16:37:29,981 Gathering metrics
2024-10-12 16:38:05,502 {'acc1': 0.8344678217821783, 'acc5': 0.9644183168316832, 'loss': 73.48831241577864, 'macs': 42743980008, 'params': 218301416, 'model_size': 832.7538146972656, 'inference_time': 0}
2024-10-12 16:38:05,529 Pruning 1536 in layer 10
2024-10-12 16:38:08,262 Gathering metrics
2024-10-12 16:38:43,753 {'acc1': 0.8347772277227723, 'acc5': 0.9641089108910891, 'loss': 73.55407417565584, 'macs': 42640644840, 'params': 217776872, 'model_size': 830.7528381347656, 'inference_time': 0}
2024-10-12 16:38:43,869 Pruning 1792 in layer 10
2024-10-12 16:38:46,217 Gathering metrics
2024-10-12 16:39:21,895 {'acc1': 0.8344678217821783, 'acc5': 0.9644183168316832, 'loss': 73.67656856030226, 'macs': 42537309672, 'params': 217252328, 'model_size': 828.7518615722656, 'inference_time': 0}
2024-10-12 16:39:21,922 Pruning 2048 in layer 10
2024-10-12 16:39:23,907 Gathering metrics
2024-10-12 16:39:59,767 {'acc1': 0.8350866336633663, 'acc5': 0.9641089108910891, 'loss': 73.66722100228071, 'macs': 42433974504, 'params': 216727784, 'model_size': 826.7508850097656, 'inference_time': 0}
2024-10-12 16:39:59,793 Pruning 2304 in layer 10
2024-10-12 16:40:01,481 Gathering metrics
2024-10-12 16:40:37,071 {'acc1': 0.8344678217821783, 'acc5': 0.9647277227722773, 'loss': 73.76065013557673, 'macs': 42330639336, 'params': 216203240, 'model_size': 824.7499084472656, 'inference_time': 0}
2024-10-12 16:40:37,098 Pruning 2560 in layer 10
2024-10-12 16:40:38,526 Gathering metrics
2024-10-12 16:41:14,203 {'acc1': 0.8341584158415841, 'acc5': 0.9644183168316832, 'loss': 73.87429545074701, 'macs': 42227304168, 'params': 215678696, 'model_size': 822.7489318847656, 'inference_time': 0}
2024-10-12 16:41:14,230 Pruning 2816 in layer 10
2024-10-12 16:41:15,440 Gathering metrics
2024-10-12 16:41:50,794 {'acc1': 0.8338490099009901, 'acc5': 0.9650371287128713, 'loss': 73.8918222039938, 'macs': 42123969000, 'params': 215154152, 'model_size': 820.7479553222656, 'inference_time': 0}
2024-10-12 16:41:50,821 Pruning 3072 in layer 10
2024-10-12 16:41:51,848 Gathering metrics
2024-10-12 16:42:27,465 {'acc1': 0.833230198019802, 'acc5': 0.9641089108910891, 'loss': 73.97518473863602, 'macs': 42020633832, 'params': 214629608, 'model_size': 818.7469787597656, 'inference_time': 0}
2024-10-12 16:42:27,492 Pruning 3328 in layer 10
2024-10-12 16:42:28,357 Gathering metrics
2024-10-12 16:43:04,033 {'acc1': 0.833230198019802, 'acc5': 0.963799504950495, 'loss': 74.0900866985321, 'macs': 41917298664, 'params': 214105064, 'model_size': 816.7460021972656, 'inference_time': 0}
2024-10-12 16:43:04,060 Pruning 3584 in layer 10
2024-10-12 16:43:04,784 Gathering metrics
2024-10-12 16:43:40,051 {'acc1': 0.8323019801980198, 'acc5': 0.963490099009901, 'loss': 74.16006951034069, 'macs': 41813963496, 'params': 213580520, 'model_size': 814.7450256347656, 'inference_time': 0}
2024-10-12 16:43:40,078 Pruning 3840 in layer 10
2024-10-12 16:43:40,657 Gathering metrics
2024-10-12 16:44:16,102 {'acc1': 0.8319925742574258, 'acc5': 0.9650371287128713, 'loss': 74.46044338494539, 'macs': 41710628328, 'params': 213055976, 'model_size': 812.7440490722656, 'inference_time': 0}
2024-10-12 16:44:16,129 Pruning 256 in layer 9
2024-10-12 16:44:21,619 Gathering metrics
2024-10-12 16:44:56,769 {'acc1': 0.8313737623762376, 'acc5': 0.963799504950495, 'loss': 74.23308402299881, 'macs': 41710628328, 'params': 213055976, 'model_size': 812.7440490722656, 'inference_time': 0}
2024-10-12 16:44:56,796 Pruning 512 in layer 9
2024-10-12 16:45:01,533 Gathering metrics
2024-10-12 16:45:36,801 {'acc1': 0.8319925742574258, 'acc5': 0.9644183168316832, 'loss': 74.34591308236122, 'macs': 41607293160, 'params': 212531432, 'model_size': 810.7430725097656, 'inference_time': 0}
2024-10-12 16:45:36,829 Pruning 768 in layer 9
2024-10-12 16:45:40,996 Gathering metrics
2024-10-12 16:46:16,335 {'acc1': 0.8310643564356436, 'acc5': 0.9644183168316832, 'loss': 74.4599244594574, 'macs': 41503957992, 'params': 212006888, 'model_size': 808.7420959472656, 'inference_time': 0}
2024-10-12 16:46:16,362 Pruning 1024 in layer 9
2024-10-12 16:46:19,982 Gathering metrics
2024-10-12 16:46:55,282 {'acc1': 0.8298267326732673, 'acc5': 0.9653465346534653, 'loss': 74.5076405480504, 'macs': 41400622824, 'params': 211482344, 'model_size': 806.7411193847656, 'inference_time': 0}
2024-10-12 16:46:55,309 Pruning 1280 in layer 9
2024-10-12 16:46:58,447 Gathering metrics
2024-10-12 16:47:33,509 {'acc1': 0.8304455445544554, 'acc5': 0.9653465346534653, 'loss': 74.64572263509035, 'macs': 41297287656, 'params': 210957800, 'model_size': 804.7401428222656, 'inference_time': 0}
2024-10-12 16:47:33,624 Pruning 1536 in layer 9
2024-10-12 16:47:36,360 Gathering metrics
2024-10-12 16:48:11,475 {'acc1': 0.8307549504950495, 'acc5': 0.9653465346534653, 'loss': 74.76023375242949, 'macs': 41193952488, 'params': 210433256, 'model_size': 802.7391662597656, 'inference_time': 0}
2024-10-12 16:48:11,502 Pruning 1792 in layer 9
2024-10-12 16:48:13,845 Gathering metrics
2024-10-12 16:48:48,746 {'acc1': 0.8304455445544554, 'acc5': 0.9647277227722773, 'loss': 74.92192222177982, 'macs': 41090617320, 'params': 209908712, 'model_size': 800.7381896972656, 'inference_time': 0}
2024-10-12 16:48:48,773 Pruning 2048 in layer 9
2024-10-12 16:48:50,750 Gathering metrics
2024-10-12 16:49:25,768 {'acc1': 0.8313737623762376, 'acc5': 0.9653465346534653, 'loss': 75.13324983417988, 'macs': 40987282152, 'params': 209384168, 'model_size': 798.7372131347656, 'inference_time': 0}
2024-10-12 16:49:25,795 Pruning 2304 in layer 9
2024-10-12 16:49:27,492 Gathering metrics
2024-10-12 16:50:02,521 {'acc1': 0.8313737623762376, 'acc5': 0.9641089108910891, 'loss': 75.42075652629137, 'macs': 40883946984, 'params': 208859624, 'model_size': 796.7362365722656, 'inference_time': 0}
2024-10-12 16:50:02,549 Pruning 2560 in layer 9
2024-10-12 16:50:03,981 Gathering metrics
2024-10-12 16:50:38,960 {'acc1': 0.8298267326732673, 'acc5': 0.963799504950495, 'loss': 75.60986226052046, 'macs': 40780611816, 'params': 208335080, 'model_size': 794.7352600097656, 'inference_time': 0}
2024-10-12 16:50:38,987 Pruning 2816 in layer 9
2024-10-12 16:50:40,203 Gathering metrics
2024-10-12 16:51:14,987 {'acc1': 0.8301361386138614, 'acc5': 0.9625618811881188, 'loss': 75.87982267141342, 'macs': 40677276648, 'params': 207810536, 'model_size': 792.7342834472656, 'inference_time': 0}
2024-10-12 16:51:15,014 Pruning 3072 in layer 9
2024-10-12 16:51:16,029 Gathering metrics
2024-10-12 16:51:50,925 {'acc1': 0.8301361386138614, 'acc5': 0.9628712871287128, 'loss': 76.37365600466728, 'macs': 40573941480, 'params': 207285992, 'model_size': 790.7333068847656, 'inference_time': 0}
2024-10-12 16:51:50,952 Pruning 3328 in layer 9
2024-10-12 16:51:51,814 Gathering metrics
2024-10-12 16:52:26,722 {'acc1': 0.8304455445544554, 'acc5': 0.9622524752475248, 'loss': 76.93278292566538, 'macs': 40470606312, 'params': 206761448, 'model_size': 788.7323303222656, 'inference_time': 0}
2024-10-12 16:52:26,749 Pruning 3584 in layer 9
2024-10-12 16:52:27,470 Gathering metrics
2024-10-12 16:53:02,291 {'acc1': 0.8282797029702971, 'acc5': 0.9616336633663366, 'loss': 77.1535194516182, 'macs': 40367271144, 'params': 206236904, 'model_size': 786.7313537597656, 'inference_time': 0}
2024-10-12 16:53:02,318 Pruning 256 in layer 8
2024-10-12 16:53:07,823 Gathering metrics
2024-10-12 16:53:42,912 {'acc1': 0.8313737623762376, 'acc5': 0.9625618811881188, 'loss': 77.05329425632954, 'macs': 40367271144, 'params': 206236904, 'model_size': 786.7313537597656, 'inference_time': 0}
2024-10-12 16:53:42,939 Pruning 512 in layer 8
2024-10-12 16:53:47,689 Gathering metrics
2024-10-12 16:54:22,885 {'acc1': 0.8310643564356436, 'acc5': 0.9619430693069307, 'loss': 77.32128516584635, 'macs': 40263935976, 'params': 205712360, 'model_size': 784.7303771972656, 'inference_time': 0}
2024-10-12 16:54:22,912 Pruning 768 in layer 8
2024-10-12 16:54:27,089 Gathering metrics
2024-10-12 16:55:01,627 {'acc1': 0.8273514851485149, 'acc5': 0.9597772277227723, 'loss': 77.70936302095652, 'macs': 40160600808, 'params': 205187816, 'model_size': 782.7294006347656, 'inference_time': 0}
2024-10-12 16:55:01,654 Pruning 1024 in layer 8
2024-10-12 16:55:05,278 Gathering metrics
2024-10-12 16:55:39,858 {'acc1': 0.8292079207920792, 'acc5': 0.9603960396039604, 'loss': 77.96789252758026, 'macs': 40057265640, 'params': 204663272, 'model_size': 780.7284240722656, 'inference_time': 0}
2024-10-12 16:55:39,884 Pruning 1280 in layer 8
2024-10-12 16:55:43,019 Gathering metrics
2024-10-12 16:56:17,457 {'acc1': 0.8279702970297029, 'acc5': 0.9576113861386139, 'loss': 78.30175163596869, 'macs': 39953930472, 'params': 204138728, 'model_size': 778.7274475097656, 'inference_time': 0}
2024-10-12 16:56:17,579 Pruning 1536 in layer 8
2024-10-12 16:56:20,328 Gathering metrics
2024-10-12 16:56:55,096 {'acc1': 0.8264232673267327, 'acc5': 0.9573019801980198, 'loss': 78.68791387975216, 'macs': 39850595304, 'params': 203614184, 'model_size': 776.7264709472656, 'inference_time': 0}
2024-10-12 16:56:55,123 Pruning 256 in layer 7
2024-10-12 16:57:00,617 Gathering metrics
2024-10-12 16:57:35,504 {'acc1': 0.8279702970297029, 'acc5': 0.9585396039603961, 'loss': 78.09735058993101, 'macs': 39850595304, 'params': 203614184, 'model_size': 776.7264709472656, 'inference_time': 0}
2024-10-12 16:57:35,531 Pruning 512 in layer 7
2024-10-12 16:57:40,300 Gathering metrics
2024-10-12 16:58:15,117 {'acc1': 0.8276608910891089, 'acc5': 0.9588490099009901, 'loss': 78.23705696314573, 'macs': 39747260136, 'params': 203089640, 'model_size': 774.7254943847656, 'inference_time': 0}
2024-10-12 16:58:15,144 Pruning 768 in layer 7
2024-10-12 16:58:19,311 Gathering metrics
2024-10-12 16:58:54,040 {'acc1': 0.8270420792079208, 'acc5': 0.9591584158415841, 'loss': 77.7791074514389, 'macs': 39643924968, 'params': 202565096, 'model_size': 772.7245178222656, 'inference_time': 0}
2024-10-12 16:58:54,067 Pruning 1024 in layer 7
2024-10-12 16:58:57,682 Gathering metrics
2024-10-12 16:59:32,400 {'acc1': 0.8261138613861386, 'acc5': 0.9576113861386139, 'loss': 77.99966609477997, 'macs': 39540589800, 'params': 202040552, 'model_size': 770.7235412597656, 'inference_time': 0}
2024-10-12 16:59:32,426 Pruning 1280 in layer 7
2024-10-12 16:59:35,574 Gathering metrics
2024-10-12 17:00:09,847 {'acc1': 0.8254950495049505, 'acc5': 0.9585396039603961, 'loss': 78.24342994391918, 'macs': 39437254632, 'params': 201516008, 'model_size': 768.7225646972656, 'inference_time': 0}
2024-10-12 17:00:09,875 Pruning 1536 in layer 7
2024-10-12 17:00:12,617 Gathering metrics
2024-10-12 17:00:47,242 {'acc1': 0.8245668316831684, 'acc5': 0.9579207920792079, 'loss': 78.49022352695465, 'macs': 39333919464, 'params': 200991464, 'model_size': 766.7215881347656, 'inference_time': 0}
2024-10-12 17:00:47,269 Pruning 1792 in layer 7
2024-10-12 17:00:49,592 Gathering metrics
2024-10-12 17:01:24,190 {'acc1': 0.8242574257425742, 'acc5': 0.9566831683168316, 'loss': 78.67327678203583, 'macs': 39230584296, 'params': 200466920, 'model_size': 764.7206115722656, 'inference_time': 0}
2024-10-12 17:01:24,218 Pruning 256 in layer 6
2024-10-12 17:01:29,722 Gathering metrics
2024-10-12 17:02:04,126 {'acc1': 0.8251856435643564, 'acc5': 0.9576113861386139, 'loss': 78.38208001106977, 'macs': 39230584296, 'params': 200466920, 'model_size': 764.7206115722656, 'inference_time': 0}
2024-10-12 17:02:04,153 Pruning 512 in layer 6
2024-10-12 17:02:08,917 Gathering metrics
2024-10-12 17:02:43,479 {'acc1': 0.8254950495049505, 'acc5': 0.958230198019802, 'loss': 78.09851799160242, 'macs': 39127249128, 'params': 199942376, 'model_size': 762.7196350097656, 'inference_time': 0}
2024-10-12 17:02:43,507 Pruning 768 in layer 6
2024-10-12 17:02:47,661 Gathering metrics
2024-10-12 17:03:21,969 {'acc1': 0.8239480198019802, 'acc5': 0.9576113861386139, 'loss': 78.34788066148758, 'macs': 39023913960, 'params': 199417832, 'model_size': 760.7186584472656, 'inference_time': 0}
2024-10-12 17:03:21,995 Pruning 1024 in layer 6
2024-10-12 17:03:25,602 Gathering metrics
2024-10-12 17:03:59,982 {'acc1': 0.8239480198019802, 'acc5': 0.9573019801980198, 'loss': 78.22801128029823, 'macs': 38920578792, 'params': 198893288, 'model_size': 758.7176818847656, 'inference_time': 0}
2024-10-12 17:04:00,010 Pruning 1280 in layer 6
2024-10-12 17:04:03,150 Gathering metrics
2024-10-12 17:04:37,533 {'acc1': 0.8214727722772277, 'acc5': 0.9585396039603961, 'loss': 78.26303078234196, 'macs': 38817243624, 'params': 198368744, 'model_size': 756.7167053222656, 'inference_time': 0}
2024-10-12 17:04:37,651 Pruning 1536 in layer 6
2024-10-12 17:04:40,394 Gathering metrics
2024-10-12 17:05:14,438 {'acc1': 0.8220915841584159, 'acc5': 0.958230198019802, 'loss': 78.10908888280392, 'macs': 38713908456, 'params': 197844200, 'model_size': 754.7157287597656, 'inference_time': 0}
2024-10-12 17:05:14,465 Pruning 1792 in layer 6
2024-10-12 17:05:16,800 Gathering metrics
2024-10-12 17:05:50,893 {'acc1': 0.8208539603960396, 'acc5': 0.9563737623762376, 'loss': 78.30893757939339, 'macs': 38610573288, 'params': 197319656, 'model_size': 752.7147521972656, 'inference_time': 0}
2024-10-12 17:05:50,920 Pruning 256 in layer 5
2024-10-12 17:05:56,412 Gathering metrics
2024-10-12 17:06:30,407 {'acc1': 0.8208539603960396, 'acc5': 0.9576113861386139, 'loss': 78.31090477108955, 'macs': 38610573288, 'params': 197319656, 'model_size': 752.7147521972656, 'inference_time': 0}
2024-10-12 17:06:30,434 Pruning 512 in layer 5
2024-10-12 17:06:35,200 Gathering metrics
2024-10-12 17:07:09,148 {'acc1': 0.8214727722772277, 'acc5': 0.9566831683168316, 'loss': 78.59922884404659, 'macs': 38507238120, 'params': 196795112, 'model_size': 750.7137756347656, 'inference_time': 0}
2024-10-12 17:07:09,176 Pruning 768 in layer 5
2024-10-12 17:07:13,332 Gathering metrics
2024-10-12 17:07:47,416 {'acc1': 0.8211633663366337, 'acc5': 0.9560643564356436, 'loss': 78.91728722304106, 'macs': 38403902952, 'params': 196270568, 'model_size': 748.7127990722656, 'inference_time': 0}
2024-10-12 17:07:47,442 Pruning 1024 in layer 5
2024-10-12 17:07:51,059 Gathering metrics
2024-10-12 17:08:24,937 {'acc1': 0.8189975247524752, 'acc5': 0.9557549504950495, 'loss': 79.15708434581757, 'macs': 38300567784, 'params': 195746024, 'model_size': 746.7118225097656, 'inference_time': 0}
2024-10-12 17:08:24,964 Pruning 1280 in layer 5
2024-10-12 17:08:28,140 Gathering metrics
2024-10-12 17:09:01,940 {'acc1': 0.818069306930693, 'acc5': 0.9551361386138614, 'loss': 79.31943280994892, 'macs': 38197232616, 'params': 195221480, 'model_size': 744.7108459472656, 'inference_time': 0}
2024-10-12 17:09:01,967 Pruning 256 in layer 4
2024-10-12 17:09:07,447 Gathering metrics
2024-10-12 17:09:41,536 {'acc1': 0.8171410891089109, 'acc5': 0.9548267326732673, 'loss': 79.4842738583684, 'macs': 38197232616, 'params': 195221480, 'model_size': 744.7108459472656, 'inference_time': 0}
2024-10-12 17:09:41,564 Pruning 512 in layer 4
2024-10-12 17:09:46,330 Gathering metrics
2024-10-12 17:10:20,093 {'acc1': 0.8155940594059405, 'acc5': 0.9545173267326733, 'loss': 79.80573562532663, 'macs': 38093897448, 'params': 194696936, 'model_size': 742.7098693847656, 'inference_time': 0}
2024-10-12 17:10:20,121 Pruning 768 in layer 4
2024-10-12 17:10:24,252 Gathering metrics
2024-10-12 17:10:57,990 {'acc1': 0.8146658415841584, 'acc5': 0.9551361386138614, 'loss': 80.05807141959667, 'macs': 37990562280, 'params': 194172392, 'model_size': 740.7088928222656, 'inference_time': 0}
2024-10-12 17:10:58,017 Pruning 256 in layer 3
2024-10-12 17:11:03,489 Gathering metrics
2024-10-12 17:11:37,408 {'acc1': 0.8140470297029703, 'acc5': 0.9548267326732673, 'loss': 79.99612670391798, 'macs': 37990562280, 'params': 194172392, 'model_size': 740.7088928222656, 'inference_time': 0}
2024-10-12 17:11:37,435 Pruning 512 in layer 3
2024-10-12 17:11:42,189 Gathering metrics
2024-10-12 17:12:16,062 {'acc1': 0.8155940594059405, 'acc5': 0.9545173267326733, 'loss': 80.18873441964388, 'macs': 37887227112, 'params': 193647848, 'model_size': 738.7079162597656, 'inference_time': 0}
2024-10-12 17:12:16,089 Pruning 768 in layer 3
2024-10-12 17:12:20,248 Gathering metrics
2024-10-12 17:12:54,237 {'acc1': 0.812809405940594, 'acc5': 0.9538985148514851, 'loss': 80.50035045295954, 'macs': 37783891944, 'params': 193123304, 'model_size': 736.7069396972656, 'inference_time': 0}
2024-10-12 17:12:54,352 Pruning 1024 in layer 3
2024-10-12 17:12:57,983 Gathering metrics
2024-10-12 17:13:31,779 {'acc1': 0.812809405940594, 'acc5': 0.9529702970297029, 'loss': 80.60352750867605, 'macs': 37680556776, 'params': 192598760, 'model_size': 734.7059631347656, 'inference_time': 0}
2024-10-12 17:13:31,806 Pruning 1280 in layer 3
2024-10-12 17:13:34,960 Gathering metrics
2024-10-12 17:14:08,582 {'acc1': 0.8112623762376238, 'acc5': 0.9532797029702971, 'loss': 80.90208631753922, 'macs': 37577221608, 'params': 192074216, 'model_size': 732.7049865722656, 'inference_time': 0}
2024-10-12 17:14:08,614 Pruning 256 in layer 2
2024-10-12 17:14:14,119 Gathering metrics
2024-10-12 17:14:47,820 {'acc1': 0.8115717821782178, 'acc5': 0.9535891089108911, 'loss': 80.7427980452776, 'macs': 37577221608, 'params': 192074216, 'model_size': 732.7049865722656, 'inference_time': 0}
2024-10-12 17:14:47,848 Pruning 512 in layer 2
2024-10-12 17:14:52,613 Gathering metrics
2024-10-12 17:15:26,314 {'acc1': 0.8103341584158416, 'acc5': 0.9529702970297029, 'loss': 80.960448294878, 'macs': 37473886440, 'params': 191549672, 'model_size': 730.7040100097656, 'inference_time': 0}
2024-10-12 17:15:26,342 Pruning 768 in layer 2
2024-10-12 17:15:30,506 Gathering metrics
2024-10-12 17:16:04,080 {'acc1': 0.8106435643564357, 'acc5': 0.9532797029702971, 'loss': 81.15949789434671, 'macs': 37370551272, 'params': 191025128, 'model_size': 728.7030334472656, 'inference_time': 0}
2024-10-12 17:16:04,108 Pruning 1024 in layer 2
2024-10-12 17:16:07,721 Gathering metrics
2024-10-12 17:16:41,417 {'acc1': 0.8106435643564357, 'acc5': 0.9529702970297029, 'loss': 81.5836381316185, 'macs': 37267216104, 'params': 190500584, 'model_size': 726.7020568847656, 'inference_time': 0}
2024-10-12 17:16:41,444 Pruning 1280 in layer 2
2024-10-12 17:16:44,595 Gathering metrics
2024-10-12 17:17:18,120 {'acc1': 0.8106435643564357, 'acc5': 0.9508044554455446, 'loss': 81.93339721858501, 'macs': 37163880936, 'params': 189976040, 'model_size': 724.7010803222656, 'inference_time': 0}
2024-10-12 17:17:18,147 Pruning 1536 in layer 2
2024-10-12 17:17:20,882 Gathering metrics
2024-10-12 17:17:54,158 {'acc1': 0.8087871287128713, 'acc5': 0.9504950495049505, 'loss': 82.2750625833869, 'macs': 37060545768, 'params': 189451496, 'model_size': 722.7001037597656, 'inference_time': 0}
2024-10-12 17:17:54,186 Pruning 256 in layer 1
2024-10-12 17:17:59,665 Gathering metrics
2024-10-12 17:18:32,940 {'acc1': 0.8078589108910891, 'acc5': 0.9501856435643564, 'loss': 82.978126257658, 'macs': 37060545768, 'params': 189451496, 'model_size': 722.7001037597656, 'inference_time': 0}
2024-10-12 17:18:32,967 Pruning 512 in layer 1
2024-10-12 17:18:37,708 Gathering metrics
2024-10-12 17:19:10,920 {'acc1': 0.8053836633663366, 'acc5': 0.9486386138613861, 'loss': 84.11619897186756, 'macs': 36957210600, 'params': 188926952, 'model_size': 720.6991271972656, 'inference_time': 0}
2024-10-12 17:19:10,948 Pruning 256 in layer 0
2024-10-12 17:19:16,466 Gathering metrics
2024-10-12 17:19:49,800 {'acc1': 0.8060024752475248, 'acc5': 0.9483292079207921, 'loss': 84.04209141433239, 'macs': 36957210600, 'params': 188926952, 'model_size': 720.6991271972656, 'inference_time': 0}
2024-10-12 17:19:49,827 Pruning 512 in layer 0
2024-10-12 17:19:54,590 Gathering metrics
2024-10-12 17:20:28,171 {'acc1': 0.7988861386138614, 'acc5': 0.9477103960396039, 'loss': 87.49392856657505, 'macs': 36853875432, 'params': 188402408, 'model_size': 718.6981506347656, 'inference_time': 0}
2024-10-12 17:20:28,188 Experiment finished
