2024-10-13 11:47:47,693 Starting experiment outputs/adaptive/vit_b_16/proj000
2024-10-13 11:47:47,694 Loading the original model
2024-10-13 11:47:48,125 Gathering metrics of the original model
2024-10-13 11:48:14,890 {'acc1': 0.8412747524752475, 'acc5': 0.968440594059406, 'loss': 71.7917678207159, 'macs': 16864992232, 'params': 86567656, 'model_size': 330.2294006347656, 'inference_time': 0}
2024-10-13 11:48:14,902 Pruning 256 in layer 0
2024-10-13 11:48:17,968 Gathering metrics
2024-10-13 11:48:42,036 {'acc1': 0.838799504950495, 'acc5': 0.9665841584158416, 'loss': 72.52618418633938, 'macs': 16787478248, 'params': 86174184, 'model_size': 328.7284240722656, 'inference_time': 0}
2024-10-13 11:48:42,130 Pruning 512 in layer 0
2024-10-13 11:48:44,735 Gathering metrics
2024-10-13 11:49:08,739 {'acc1': 0.8276608910891089, 'acc5': 0.9597772277227723, 'loss': 79.52263663709164, 'macs': 16709964264, 'params': 85780712, 'model_size': 327.2274475097656, 'inference_time': 0}
2024-10-13 11:49:08,751 Pruning 256 in layer 1
2024-10-13 11:49:11,733 Gathering metrics
2024-10-13 11:49:35,675 {'acc1': 0.8397277227722773, 'acc5': 0.9668935643564357, 'loss': 72.8523034080863, 'macs': 16709964264, 'params': 85780712, 'model_size': 327.2274475097656, 'inference_time': 0}
2024-10-13 11:49:35,688 Pruning 512 in layer 1
2024-10-13 11:49:38,289 Gathering metrics
2024-10-13 11:50:02,239 {'acc1': 0.8292079207920792, 'acc5': 0.9641089108910891, 'loss': 74.6500651538372, 'macs': 16632450280, 'params': 85387240, 'model_size': 325.7264709472656, 'inference_time': 0}
2024-10-13 11:50:02,252 Pruning 256 in layer 2
2024-10-13 11:50:05,248 Gathering metrics
2024-10-13 11:50:29,217 {'acc1': 0.8360148514851485, 'acc5': 0.9647277227722773, 'loss': 73.80342794954777, 'macs': 16632450280, 'params': 85387240, 'model_size': 325.7264709472656, 'inference_time': 0}
2024-10-13 11:50:29,231 Pruning 512 in layer 2
2024-10-13 11:50:31,839 Gathering metrics
2024-10-13 11:50:55,651 {'acc1': 0.8301361386138614, 'acc5': 0.9619430693069307, 'loss': 76.2653343603015, 'macs': 16554936296, 'params': 84993768, 'model_size': 324.2254943847656, 'inference_time': 0}
2024-10-13 11:50:55,664 Pruning 256 in layer 3
2024-10-13 11:50:58,657 Gathering metrics
2024-10-13 11:51:22,550 {'acc1': 0.8338490099009901, 'acc5': 0.963799504950495, 'loss': 74.0143553763628, 'macs': 16554936296, 'params': 84993768, 'model_size': 324.2254943847656, 'inference_time': 0}
2024-10-13 11:51:22,564 Pruning 512 in layer 3
2024-10-13 11:51:25,180 Gathering metrics
2024-10-13 11:51:49,233 {'acc1': 0.833230198019802, 'acc5': 0.9622524752475248, 'loss': 74.11617309600115, 'macs': 16477422312, 'params': 84600296, 'model_size': 322.7245178222656, 'inference_time': 0}
2024-10-13 11:51:49,245 Pruning 768 in layer 3
2024-10-13 11:51:51,483 Gathering metrics
2024-10-13 11:52:15,247 {'acc1': 0.8319925742574258, 'acc5': 0.9619430693069307, 'loss': 74.93584023416042, 'macs': 16399908328, 'params': 84206824, 'model_size': 321.2235412597656, 'inference_time': 0}
2024-10-13 11:52:15,260 Pruning 1024 in layer 3
2024-10-13 11:52:17,180 Gathering metrics
2024-10-13 11:52:40,917 {'acc1': 0.8279702970297029, 'acc5': 0.9594678217821783, 'loss': 76.42513707280159, 'macs': 16322394344, 'params': 83813352, 'model_size': 319.7225646972656, 'inference_time': 0}
2024-10-13 11:52:40,932 Pruning 256 in layer 4
2024-10-13 11:52:44,223 Gathering metrics
2024-10-13 11:53:08,248 {'acc1': 0.8295173267326733, 'acc5': 0.9600866336633663, 'loss': 75.9608907699585, 'macs': 16322394344, 'params': 83813352, 'model_size': 319.7225646972656, 'inference_time': 0}
2024-10-13 11:53:08,260 Pruning 512 in layer 4
2024-10-13 11:53:10,859 Gathering metrics
2024-10-13 11:53:34,748 {'acc1': 0.8288985148514851, 'acc5': 0.9588490099009901, 'loss': 76.74905920028687, 'macs': 16244880360, 'params': 83419880, 'model_size': 318.2215881347656, 'inference_time': 0}
2024-10-13 11:53:34,761 Pruning 768 in layer 4
2024-10-13 11:53:36,998 Gathering metrics
2024-10-13 11:54:00,983 {'acc1': 0.8224009900990099, 'acc5': 0.958230198019802, 'loss': 78.73816218972206, 'macs': 16167366376, 'params': 83026408, 'model_size': 316.7206115722656, 'inference_time': 0}
2024-10-13 11:54:00,996 Pruning 256 in layer 5
2024-10-13 11:54:03,991 Gathering metrics
2024-10-13 11:54:28,143 {'acc1': 0.823019801980198, 'acc5': 0.9579207920792079, 'loss': 78.03937536478043, 'macs': 16167366376, 'params': 83026408, 'model_size': 316.7206115722656, 'inference_time': 0}
2024-10-13 11:54:28,157 Pruning 512 in layer 5
2024-10-13 11:54:31,035 Gathering metrics
2024-10-13 11:54:55,025 {'acc1': 0.8202351485148515, 'acc5': 0.958230198019802, 'loss': 79.0659568682313, 'macs': 16089852392, 'params': 82632936, 'model_size': 315.2196350097656, 'inference_time': 0}
2024-10-13 11:54:55,040 Pruning 256 in layer 6
2024-10-13 11:54:58,332 Gathering metrics
2024-10-13 11:55:22,502 {'acc1': 0.8199257425742574, 'acc5': 0.9566831683168316, 'loss': 78.71688962727785, 'macs': 16089852392, 'params': 82632936, 'model_size': 315.2196350097656, 'inference_time': 0}
2024-10-13 11:55:22,515 Pruning 512 in layer 6
2024-10-13 11:55:25,111 Gathering metrics
2024-10-13 11:55:49,051 {'acc1': 0.8196163366336634, 'acc5': 0.9557549504950495, 'loss': 79.79380540549755, 'macs': 16012338408, 'params': 82239464, 'model_size': 313.7186584472656, 'inference_time': 0}
2024-10-13 11:55:49,064 Pruning 768 in layer 6
2024-10-13 11:55:51,310 Gathering metrics
2024-10-13 11:56:15,313 {'acc1': 0.8171410891089109, 'acc5': 0.9557549504950495, 'loss': 80.72156436741352, 'macs': 15934824424, 'params': 81845992, 'model_size': 312.2176818847656, 'inference_time': 0}
2024-10-13 11:56:15,327 Pruning 1024 in layer 6
2024-10-13 11:56:17,206 Gathering metrics
2024-10-13 11:56:41,025 {'acc1': 0.8168316831683168, 'acc5': 0.9548267326732673, 'loss': 81.70478589087725, 'macs': 15857310440, 'params': 81452520, 'model_size': 310.7167053222656, 'inference_time': 0}
2024-10-13 11:56:41,039 Pruning 1280 in layer 6
2024-10-13 11:56:42,684 Gathering metrics
2024-10-13 11:57:06,317 {'acc1': 0.818069306930693, 'acc5': 0.9532797029702971, 'loss': 82.80133882164955, 'macs': 15779796456, 'params': 81059048, 'model_size': 309.2157287597656, 'inference_time': 0}
2024-10-13 11:57:06,331 Pruning 1536 in layer 6
2024-10-13 11:57:07,706 Gathering metrics
2024-10-13 11:57:31,338 {'acc1': 0.8143564356435643, 'acc5': 0.9511138613861386, 'loss': 83.66356806457043, 'macs': 15702282472, 'params': 80665576, 'model_size': 307.7147521972656, 'inference_time': 0}
2024-10-13 11:57:31,352 Pruning 256 in layer 7
2024-10-13 11:57:34,636 Gathering metrics
2024-10-13 11:57:58,059 {'acc1': 0.8146658415841584, 'acc5': 0.9535891089108911, 'loss': 83.82959225773811, 'macs': 15702282472, 'params': 80665576, 'model_size': 307.7147521972656, 'inference_time': 0}
2024-10-13 11:57:58,073 Pruning 512 in layer 7
2024-10-13 11:58:00,691 Gathering metrics
2024-10-13 11:58:24,147 {'acc1': 0.8063118811881188, 'acc5': 0.9514232673267327, 'loss': 85.01772582530975, 'macs': 15624768488, 'params': 80272104, 'model_size': 306.2137756347656, 'inference_time': 0}
2024-10-13 11:58:24,160 Pruning 256 in layer 8
2024-10-13 11:58:27,162 Gathering metrics
2024-10-13 11:58:50,703 {'acc1': 0.8112623762376238, 'acc5': 0.9526608910891089, 'loss': 84.2682947665453, 'macs': 15624768488, 'params': 80272104, 'model_size': 306.2137756347656, 'inference_time': 0}
2024-10-13 11:58:50,716 Pruning 512 in layer 8
2024-10-13 11:58:53,323 Gathering metrics
2024-10-13 11:59:16,697 {'acc1': 0.8035272277227723, 'acc5': 0.9498762376237624, 'loss': 85.79452575743198, 'macs': 15547254504, 'params': 79878632, 'model_size': 304.7127990722656, 'inference_time': 0}
2024-10-13 11:59:16,712 Pruning 256 in layer 9
2024-10-13 11:59:19,994 Gathering metrics
2024-10-13 11:59:43,706 {'acc1': 0.8094059405940595, 'acc5': 0.9535891089108911, 'loss': 85.94945531338453, 'macs': 15547254504, 'params': 79878632, 'model_size': 304.7127990722656, 'inference_time': 0}
2024-10-13 11:59:43,719 Pruning 512 in layer 9
2024-10-13 11:59:46,328 Gathering metrics
2024-10-13 12:00:09,875 {'acc1': 0.8084777227722773, 'acc5': 0.9520420792079208, 'loss': 86.49910370260477, 'macs': 15469740520, 'params': 79485160, 'model_size': 303.2118225097656, 'inference_time': 0}
2024-10-13 12:00:09,889 Pruning 768 in layer 9
2024-10-13 12:00:12,139 Gathering metrics
2024-10-13 12:00:35,461 {'acc1': 0.8035272277227723, 'acc5': 0.9495668316831684, 'loss': 87.81379167735577, 'macs': 15392226536, 'params': 79091688, 'model_size': 301.7108459472656, 'inference_time': 0}
2024-10-13 12:00:35,474 Pruning 256 in layer 10
2024-10-13 12:00:38,461 Gathering metrics
2024-10-13 12:01:01,823 {'acc1': 0.8010519801980198, 'acc5': 0.9489480198019802, 'loss': 89.46497528254986, 'macs': 15392226536, 'params': 79091688, 'model_size': 301.7108459472656, 'inference_time': 0}
2024-10-13 12:01:01,836 Pruning 256 in layer 11
2024-10-13 12:01:04,834 Gathering metrics
2024-10-13 12:01:28,417 {'acc1': 0.807240099009901, 'acc5': 0.9535891089108911, 'loss': 83.63572529703379, 'macs': 15392226536, 'params': 79091688, 'model_size': 301.7108459472656, 'inference_time': 0}
2024-10-13 12:01:28,430 Pruning 512 in layer 11
2024-10-13 12:01:31,025 Gathering metrics
2024-10-13 12:01:54,550 {'acc1': 0.807240099009901, 'acc5': 0.9520420792079208, 'loss': 81.91128439456224, 'macs': 15314712552, 'params': 78698216, 'model_size': 300.2098693847656, 'inference_time': 0}
2024-10-13 12:01:54,564 Pruning 768 in layer 11
2024-10-13 12:01:56,812 Gathering metrics
2024-10-13 12:02:20,113 {'acc1': 0.8078589108910891, 'acc5': 0.9517326732673267, 'loss': 81.13935088738799, 'macs': 15237198568, 'params': 78304744, 'model_size': 298.7088928222656, 'inference_time': 0}
2024-10-13 12:02:20,208 Pruning 1024 in layer 11
2024-10-13 12:02:22,112 Gathering metrics
2024-10-13 12:02:45,349 {'acc1': 0.8087871287128713, 'acc5': 0.9517326732673267, 'loss': 80.8019286096096, 'macs': 15159684584, 'params': 77911272, 'model_size': 297.2079162597656, 'inference_time': 0}
2024-10-13 12:02:45,362 Pruning 1280 in layer 11
2024-10-13 12:02:46,988 Gathering metrics
2024-10-13 12:03:10,263 {'acc1': 0.8087871287128713, 'acc5': 0.9511138613861386, 'loss': 80.66130959242582, 'macs': 15082170600, 'params': 77517800, 'model_size': 295.7069396972656, 'inference_time': 0}
2024-10-13 12:03:10,276 Pruning 1536 in layer 11
2024-10-13 12:03:11,651 Gathering metrics
2024-10-13 12:03:34,936 {'acc1': 0.8084777227722773, 'acc5': 0.9517326732673267, 'loss': 80.16326078400016, 'macs': 15004656616, 'params': 77124328, 'model_size': 294.2059631347656, 'inference_time': 0}
2024-10-13 12:03:34,949 Pruning 1792 in layer 11
2024-10-13 12:03:36,128 Gathering metrics
2024-10-13 12:03:59,428 {'acc1': 0.8112623762376238, 'acc5': 0.9517326732673267, 'loss': 79.82151061296463, 'macs': 14927142632, 'params': 76730856, 'model_size': 292.7049865722656, 'inference_time': 0}
2024-10-13 12:03:59,441 Pruning 2048 in layer 11
2024-10-13 12:04:00,450 Gathering metrics
2024-10-13 12:04:24,024 {'acc1': 0.8118811881188119, 'acc5': 0.9520420792079208, 'loss': 79.73072260431945, 'macs': 14849628648, 'params': 76337384, 'model_size': 291.2040100097656, 'inference_time': 0}
2024-10-13 12:04:24,039 Pruning 2304 in layer 11
2024-10-13 12:04:25,068 Gathering metrics
2024-10-13 12:04:48,436 {'acc1': 0.8115717821782178, 'acc5': 0.9523514851485149, 'loss': 79.84518046863377, 'macs': 14772114664, 'params': 75943912, 'model_size': 289.7030334472656, 'inference_time': 0}
2024-10-13 12:04:48,449 Pruning 2560 in layer 11
2024-10-13 12:04:49,155 Gathering metrics
2024-10-13 12:05:12,330 {'acc1': 0.8112623762376238, 'acc5': 0.9526608910891089, 'loss': 79.54408330097795, 'macs': 14694600680, 'params': 75550440, 'model_size': 288.2020568847656, 'inference_time': 0}
2024-10-13 12:05:12,343 Pruning 2816 in layer 11
2024-10-13 12:05:12,934 Gathering metrics
2024-10-13 12:05:36,171 {'acc1': 0.8100247524752475, 'acc5': 0.9529702970297029, 'loss': 79.51296729966998, 'macs': 14617086696, 'params': 75156968, 'model_size': 286.7010803222656, 'inference_time': 0}
2024-10-13 12:05:36,185 Experiment finished
