2024-10-13 09:38:34,743 Starting analysis outputs/norm_analysis/vit_l_32/l1
2024-10-13 09:38:34,743 Loading the original model
2024-10-13 09:38:35,845 Analysing layer 0
2024-10-13 09:38:45,895 W: torch.Size([4096, 1024]), b: torch.Size([4096]), V: torch.Size([1024, 4096])
2024-10-13 09:38:45,895 Analysing layer 1
2024-10-13 09:38:55,892 W: torch.Size([4096, 1024]), b: torch.Size([4096]), V: torch.Size([1024, 4096])
2024-10-13 09:38:55,892 Analysing layer 2
2024-10-13 09:39:05,899 W: torch.Size([4096, 1024]), b: torch.Size([4096]), V: torch.Size([1024, 4096])
2024-10-13 09:39:05,899 Analysing layer 3
2024-10-13 09:39:15,902 W: torch.Size([4096, 1024]), b: torch.Size([4096]), V: torch.Size([1024, 4096])
2024-10-13 09:39:15,902 Analysing layer 4
2024-10-13 09:39:25,898 W: torch.Size([4096, 1024]), b: torch.Size([4096]), V: torch.Size([1024, 4096])
2024-10-13 09:39:25,899 Analysing layer 5
2024-10-13 09:39:35,925 W: torch.Size([4096, 1024]), b: torch.Size([4096]), V: torch.Size([1024, 4096])
2024-10-13 09:39:35,925 Analysing layer 6
2024-10-13 09:39:45,945 W: torch.Size([4096, 1024]), b: torch.Size([4096]), V: torch.Size([1024, 4096])
2024-10-13 09:39:45,945 Analysing layer 7
2024-10-13 09:39:55,986 W: torch.Size([4096, 1024]), b: torch.Size([4096]), V: torch.Size([1024, 4096])
2024-10-13 09:39:55,987 Analysing layer 8
2024-10-13 09:40:06,053 W: torch.Size([4096, 1024]), b: torch.Size([4096]), V: torch.Size([1024, 4096])
2024-10-13 09:40:06,053 Analysing layer 9
2024-10-13 09:40:16,122 W: torch.Size([4096, 1024]), b: torch.Size([4096]), V: torch.Size([1024, 4096])
2024-10-13 09:40:16,122 Analysing layer 10
2024-10-13 09:40:26,157 W: torch.Size([4096, 1024]), b: torch.Size([4096]), V: torch.Size([1024, 4096])
2024-10-13 09:40:26,157 Analysing layer 11
2024-10-13 09:40:36,167 W: torch.Size([4096, 1024]), b: torch.Size([4096]), V: torch.Size([1024, 4096])
2024-10-13 09:40:36,167 Analysing layer 12
2024-10-13 09:40:46,195 W: torch.Size([4096, 1024]), b: torch.Size([4096]), V: torch.Size([1024, 4096])
2024-10-13 09:40:46,195 Analysing layer 13
2024-10-13 09:40:56,195 W: torch.Size([4096, 1024]), b: torch.Size([4096]), V: torch.Size([1024, 4096])
2024-10-13 09:40:56,195 Analysing layer 14
2024-10-13 09:41:06,219 W: torch.Size([4096, 1024]), b: torch.Size([4096]), V: torch.Size([1024, 4096])
2024-10-13 09:41:06,219 Analysing layer 15
2024-10-13 09:41:16,238 W: torch.Size([4096, 1024]), b: torch.Size([4096]), V: torch.Size([1024, 4096])
2024-10-13 09:41:16,238 Analysing layer 16
2024-10-13 09:41:26,243 W: torch.Size([4096, 1024]), b: torch.Size([4096]), V: torch.Size([1024, 4096])
2024-10-13 09:41:26,243 Analysing layer 17
2024-10-13 09:41:36,247 W: torch.Size([4096, 1024]), b: torch.Size([4096]), V: torch.Size([1024, 4096])
2024-10-13 09:41:36,247 Analysing layer 18
2024-10-13 09:41:46,260 W: torch.Size([4096, 1024]), b: torch.Size([4096]), V: torch.Size([1024, 4096])
2024-10-13 09:41:46,260 Analysing layer 19
2024-10-13 09:41:56,283 W: torch.Size([4096, 1024]), b: torch.Size([4096]), V: torch.Size([1024, 4096])
2024-10-13 09:41:56,283 Analysing layer 20
2024-10-13 09:42:06,313 W: torch.Size([4096, 1024]), b: torch.Size([4096]), V: torch.Size([1024, 4096])
2024-10-13 09:42:06,313 Analysing layer 21
2024-10-13 09:42:16,344 W: torch.Size([4096, 1024]), b: torch.Size([4096]), V: torch.Size([1024, 4096])
2024-10-13 09:42:16,344 Analysing layer 22
2024-10-13 09:42:26,356 W: torch.Size([4096, 1024]), b: torch.Size([4096]), V: torch.Size([1024, 4096])
2024-10-13 09:42:26,356 Analysing layer 23
2024-10-13 09:42:36,324 W: torch.Size([4096, 1024]), b: torch.Size([4096]), V: torch.Size([1024, 4096])
2024-10-13 09:42:36,369 Experiment finished
