2024-10-12 16:30:26,219 Starting experiment outputs/adaptive/vit_l_32/proj000
2024-10-12 16:30:26,219 Loading the original model
2024-10-12 16:30:27,462 Gathering metrics of the original model
2024-10-12 16:30:51,395 {'acc1': 0.801980198019802, 'acc5': 0.9452351485148515, 'loss': 89.42361554503441, 'macs': 15265769448, 'params': 306535400, 'model_size': 1169.3397521972656, 'inference_time': 0}
2024-10-12 16:30:51,420 Pruning 256 in layer 23
2024-10-12 16:30:56,903 Gathering metrics
2024-10-12 16:31:20,621 {'acc1': 0.8013613861386139, 'acc5': 0.9467821782178217, 'loss': 92.87695254385471, 'macs': 15239542248, 'params': 306010856, 'model_size': 1167.3387756347656, 'inference_time': 0}
2024-10-12 16:31:20,655 Pruning 512 in layer 23
2024-10-12 16:31:25,785 Gathering metrics
2024-10-12 16:31:49,422 {'acc1': 0.801980198019802, 'acc5': 0.9464727722772277, 'loss': 92.17549203336239, 'macs': 15213315048, 'params': 305486312, 'model_size': 1165.3377990722656, 'inference_time': 0}
2024-10-12 16:31:49,447 Pruning 768 in layer 23
2024-10-12 16:31:53,604 Gathering metrics
2024-10-12 16:32:17,086 {'acc1': 0.8025990099009901, 'acc5': 0.9477103960396039, 'loss': 90.79326454550028, 'macs': 15187087848, 'params': 304961768, 'model_size': 1163.3368225097656, 'inference_time': 0}
2024-10-12 16:32:17,111 Pruning 1024 in layer 23
2024-10-12 16:32:20,736 Gathering metrics
2024-10-12 16:32:44,824 {'acc1': 0.8022896039603961, 'acc5': 0.9483292079207921, 'loss': 89.46407679468393, 'macs': 15160860648, 'params': 304437224, 'model_size': 1161.3358459472656, 'inference_time': 0}
2024-10-12 16:32:44,848 Pruning 1280 in layer 23
2024-10-12 16:32:47,981 Gathering metrics
2024-10-12 16:33:11,554 {'acc1': 0.8016707920792079, 'acc5': 0.9486386138613861, 'loss': 88.03257969766855, 'macs': 15134633448, 'params': 303912680, 'model_size': 1159.3348693847656, 'inference_time': 0}
2024-10-12 16:33:11,579 Pruning 1536 in layer 23
2024-10-12 16:33:14,308 Gathering metrics
2024-10-12 16:33:38,381 {'acc1': 0.8025990099009901, 'acc5': 0.9489480198019802, 'loss': 87.46219576895237, 'macs': 15108406248, 'params': 303388136, 'model_size': 1157.3338928222656, 'inference_time': 0}
2024-10-12 16:33:38,406 Pruning 1792 in layer 23
2024-10-12 16:33:40,746 Gathering metrics
2024-10-12 16:34:04,519 {'acc1': 0.8022896039603961, 'acc5': 0.9483292079207921, 'loss': 87.19252946227789, 'macs': 15082179048, 'params': 302863592, 'model_size': 1155.3329162597656, 'inference_time': 0}
2024-10-12 16:34:04,545 Pruning 2048 in layer 23
2024-10-12 16:34:06,525 Gathering metrics
2024-10-12 16:34:30,171 {'acc1': 0.8025990099009901, 'acc5': 0.9495668316831684, 'loss': 86.89516945928335, 'macs': 15055951848, 'params': 302339048, 'model_size': 1153.3319396972656, 'inference_time': 0}
2024-10-12 16:34:30,195 Pruning 2304 in layer 23
2024-10-12 16:34:31,911 Gathering metrics
2024-10-12 16:34:55,311 {'acc1': 0.8025990099009901, 'acc5': 0.9486386138613861, 'loss': 86.85214300453663, 'macs': 15029724648, 'params': 301814504, 'model_size': 1151.3309631347656, 'inference_time': 0}
2024-10-12 16:34:55,336 Pruning 2560 in layer 23
2024-10-12 16:34:56,768 Gathering metrics
2024-10-12 16:35:20,249 {'acc1': 0.8038366336633663, 'acc5': 0.9461633663366337, 'loss': 86.62424464523792, 'macs': 15003497448, 'params': 301289960, 'model_size': 1149.3299865722656, 'inference_time': 0}
2024-10-12 16:35:20,274 Pruning 2816 in layer 23
2024-10-12 16:35:21,504 Gathering metrics
2024-10-12 16:35:45,145 {'acc1': 0.8032178217821783, 'acc5': 0.9461633663366337, 'loss': 86.4929074794054, 'macs': 14977270248, 'params': 300765416, 'model_size': 1147.3290100097656, 'inference_time': 0}
2024-10-12 16:35:45,171 Pruning 3072 in layer 23
2024-10-12 16:35:46,201 Gathering metrics
2024-10-12 16:36:10,516 {'acc1': 0.8032178217821783, 'acc5': 0.9464727722772277, 'loss': 86.14892978221178, 'macs': 14951043048, 'params': 300240872, 'model_size': 1145.3280334472656, 'inference_time': 0}
2024-10-12 16:36:10,541 Pruning 3328 in layer 23
2024-10-12 16:36:11,395 Gathering metrics
2024-10-12 16:36:35,226 {'acc1': 0.8025990099009901, 'acc5': 0.9464727722772277, 'loss': 86.0987823009491, 'macs': 14924815848, 'params': 299716328, 'model_size': 1143.3270568847656, 'inference_time': 0}
2024-10-12 16:36:35,337 Pruning 3584 in layer 23
2024-10-12 16:36:36,066 Gathering metrics
2024-10-12 16:36:59,639 {'acc1': 0.8029084158415841, 'acc5': 0.948019801980198, 'loss': 85.86067463457584, 'macs': 14898588648, 'params': 299191784, 'model_size': 1141.3260803222656, 'inference_time': 0}
2024-10-12 16:36:59,664 Pruning 3840 in layer 23
2024-10-12 16:37:00,248 Gathering metrics
2024-10-12 16:37:23,657 {'acc1': 0.8022896039603961, 'acc5': 0.9486386138613861, 'loss': 85.78443903476, 'macs': 14872361448, 'params': 298667240, 'model_size': 1139.3251037597656, 'inference_time': 0}
2024-10-12 16:37:23,682 Pruning 256 in layer 22
2024-10-12 16:37:29,157 Gathering metrics
2024-10-12 16:37:52,655 {'acc1': 0.801980198019802, 'acc5': 0.948019801980198, 'loss': 85.50828675553203, 'macs': 14872361448, 'params': 298667240, 'model_size': 1139.3251037597656, 'inference_time': 0}
2024-10-12 16:37:52,680 Pruning 512 in layer 22
2024-10-12 16:37:57,406 Gathering metrics
2024-10-12 16:38:21,061 {'acc1': 0.8025990099009901, 'acc5': 0.948019801980198, 'loss': 85.63183103874326, 'macs': 14846134248, 'params': 298142696, 'model_size': 1137.3241271972656, 'inference_time': 0}
2024-10-12 16:38:21,087 Pruning 768 in layer 22
2024-10-12 16:38:25,274 Gathering metrics
2024-10-12 16:38:48,897 {'acc1': 0.8025990099009901, 'acc5': 0.9483292079207921, 'loss': 85.63733448833227, 'macs': 14819907048, 'params': 297618152, 'model_size': 1135.3231506347656, 'inference_time': 0}
2024-10-12 16:38:48,925 Pruning 1024 in layer 22
2024-10-12 16:38:52,878 Gathering metrics
2024-10-12 16:39:16,534 {'acc1': 0.8047648514851485, 'acc5': 0.9477103960396039, 'loss': 85.43568179011345, 'macs': 14793679848, 'params': 297093608, 'model_size': 1133.3221740722656, 'inference_time': 0}
2024-10-12 16:39:16,559 Pruning 1280 in layer 22
2024-10-12 16:39:19,684 Gathering metrics
2024-10-12 16:39:43,119 {'acc1': 0.8041460396039604, 'acc5': 0.948019801980198, 'loss': 85.43580692075193, 'macs': 14767452648, 'params': 296569064, 'model_size': 1131.3211975097656, 'inference_time': 0}
2024-10-12 16:39:43,145 Pruning 1536 in layer 22
2024-10-12 16:39:45,898 Gathering metrics
2024-10-12 16:40:09,389 {'acc1': 0.8056930693069307, 'acc5': 0.948019801980198, 'loss': 85.41262413188815, 'macs': 14741225448, 'params': 296044520, 'model_size': 1129.3202209472656, 'inference_time': 0}
2024-10-12 16:40:09,415 Pruning 1792 in layer 22
2024-10-12 16:40:11,753 Gathering metrics
2024-10-12 16:40:35,137 {'acc1': 0.8044554455445545, 'acc5': 0.9486386138613861, 'loss': 85.88787252083421, 'macs': 14714998248, 'params': 295519976, 'model_size': 1127.3192443847656, 'inference_time': 0}
2024-10-12 16:40:35,166 Pruning 2048 in layer 22
2024-10-12 16:40:37,414 Gathering metrics
2024-10-12 16:41:01,182 {'acc1': 0.8032178217821783, 'acc5': 0.9474009900990099, 'loss': 86.13007024303079, 'macs': 14688771048, 'params': 294995432, 'model_size': 1125.3182678222656, 'inference_time': 0}
2024-10-12 16:41:01,210 Pruning 2304 in layer 22
2024-10-12 16:41:03,142 Gathering metrics
2024-10-12 16:41:26,844 {'acc1': 0.8038366336633663, 'acc5': 0.9467821782178217, 'loss': 85.90309614874423, 'macs': 14662543848, 'params': 294470888, 'model_size': 1123.3172912597656, 'inference_time': 0}
2024-10-12 16:41:26,870 Pruning 2560 in layer 22
2024-10-12 16:41:28,289 Gathering metrics
2024-10-12 16:41:51,761 {'acc1': 0.8044554455445545, 'acc5': 0.9461633663366337, 'loss': 86.26495298929513, 'macs': 14636316648, 'params': 293946344, 'model_size': 1121.3163146972656, 'inference_time': 0}
2024-10-12 16:41:51,787 Pruning 2816 in layer 22
2024-10-12 16:41:52,981 Gathering metrics
2024-10-12 16:42:16,522 {'acc1': 0.8035272277227723, 'acc5': 0.9458539603960396, 'loss': 86.35120492242277, 'macs': 14610089448, 'params': 293421800, 'model_size': 1119.3153381347656, 'inference_time': 0}
2024-10-12 16:42:16,547 Pruning 3072 in layer 22
2024-10-12 16:42:17,567 Gathering metrics
2024-10-12 16:42:40,819 {'acc1': 0.8041460396039604, 'acc5': 0.9464727722772277, 'loss': 86.10496286861598, 'macs': 14583862248, 'params': 292897256, 'model_size': 1117.3143615722656, 'inference_time': 0}
2024-10-12 16:42:40,931 Pruning 3328 in layer 22
2024-10-12 16:42:41,802 Gathering metrics
2024-10-12 16:43:05,110 {'acc1': 0.8029084158415841, 'acc5': 0.9458539603960396, 'loss': 86.20751130208373, 'macs': 14557635048, 'params': 292372712, 'model_size': 1115.3133850097656, 'inference_time': 0}
2024-10-12 16:43:05,136 Pruning 3584 in layer 22
2024-10-12 16:43:05,854 Gathering metrics
2024-10-12 16:43:29,617 {'acc1': 0.8025990099009901, 'acc5': 0.9452351485148515, 'loss': 87.02402154356241, 'macs': 14531407848, 'params': 291848168, 'model_size': 1113.3124084472656, 'inference_time': 0}
2024-10-12 16:43:29,643 Pruning 3840 in layer 22
2024-10-12 16:43:30,218 Gathering metrics
2024-10-12 16:43:53,706 {'acc1': 0.8016707920792079, 'acc5': 0.9455445544554455, 'loss': 88.45278391987085, 'macs': 14505180648, 'params': 291323624, 'model_size': 1111.3114318847656, 'inference_time': 0}
2024-10-12 16:43:53,731 Pruning 256 in layer 21
2024-10-12 16:43:59,228 Gathering metrics
2024-10-12 16:44:22,541 {'acc1': 0.8022896039603961, 'acc5': 0.9449257425742574, 'loss': 87.05544065404683, 'macs': 14505180648, 'params': 291323624, 'model_size': 1111.3114318847656, 'inference_time': 0}
2024-10-12 16:44:22,570 Pruning 512 in layer 21
2024-10-12 16:44:27,696 Gathering metrics
2024-10-12 16:44:51,099 {'acc1': 0.8041460396039604, 'acc5': 0.9458539603960396, 'loss': 87.19442385900766, 'macs': 14478953448, 'params': 290799080, 'model_size': 1109.3104553222656, 'inference_time': 0}
2024-10-12 16:44:51,125 Pruning 768 in layer 21
2024-10-12 16:44:55,294 Gathering metrics
2024-10-12 16:45:18,824 {'acc1': 0.7998143564356436, 'acc5': 0.9455445544554455, 'loss': 87.31925216782838, 'macs': 14452726248, 'params': 290274536, 'model_size': 1107.3094787597656, 'inference_time': 0}
2024-10-12 16:45:18,850 Pruning 1024 in layer 21
2024-10-12 16:45:22,475 Gathering metrics
2024-10-12 16:45:45,883 {'acc1': 0.8007425742574258, 'acc5': 0.9452351485148515, 'loss': 87.99293192848563, 'macs': 14426499048, 'params': 289749992, 'model_size': 1105.3085021972656, 'inference_time': 0}
2024-10-12 16:45:45,909 Pruning 1280 in layer 21
2024-10-12 16:45:49,036 Gathering metrics
2024-10-12 16:46:12,557 {'acc1': 0.8022896039603961, 'acc5': 0.9439975247524752, 'loss': 88.48306876607239, 'macs': 14400271848, 'params': 289225448, 'model_size': 1103.3075256347656, 'inference_time': 0}
2024-10-12 16:46:12,582 Pruning 1536 in layer 21
2024-10-12 16:46:15,324 Gathering metrics
2024-10-12 16:46:38,665 {'acc1': 0.7998143564356436, 'acc5': 0.942759900990099, 'loss': 88.72811532765627, 'macs': 14374044648, 'params': 288700904, 'model_size': 1101.3065490722656, 'inference_time': 0}
2024-10-12 16:46:38,690 Pruning 1792 in layer 21
2024-10-12 16:46:41,004 Gathering metrics
2024-10-12 16:47:04,595 {'acc1': 0.7982673267326733, 'acc5': 0.9433787128712872, 'loss': 89.01026211306453, 'macs': 14347817448, 'params': 288176360, 'model_size': 1099.3055725097656, 'inference_time': 0}
2024-10-12 16:47:04,621 Pruning 256 in layer 20
2024-10-12 16:47:10,106 Gathering metrics
2024-10-12 16:47:33,723 {'acc1': 0.7995049504950495, 'acc5': 0.942450495049505, 'loss': 88.81974672526121, 'macs': 14347817448, 'params': 288176360, 'model_size': 1099.3055725097656, 'inference_time': 0}
2024-10-12 16:47:33,749 Pruning 512 in layer 20
2024-10-12 16:47:38,486 Gathering metrics
2024-10-12 16:48:01,943 {'acc1': 0.7998143564356436, 'acc5': 0.9421410891089109, 'loss': 89.00860552117229, 'macs': 14321590248, 'params': 287651816, 'model_size': 1097.3045959472656, 'inference_time': 0}
2024-10-12 16:48:01,968 Pruning 768 in layer 20
2024-10-12 16:48:06,100 Gathering metrics
2024-10-12 16:48:29,307 {'acc1': 0.7998143564356436, 'acc5': 0.9433787128712872, 'loss': 89.36947340518236, 'macs': 14295363048, 'params': 287127272, 'model_size': 1095.3036193847656, 'inference_time': 0}
2024-10-12 16:48:29,419 Pruning 1024 in layer 20
2024-10-12 16:48:33,047 Gathering metrics
2024-10-12 16:48:56,535 {'acc1': 0.8010519801980198, 'acc5': 0.9421410891089109, 'loss': 89.81205594539642, 'macs': 14269135848, 'params': 286602728, 'model_size': 1093.3026428222656, 'inference_time': 0}
2024-10-12 16:48:56,561 Pruning 1280 in layer 20
2024-10-12 16:48:59,707 Gathering metrics
2024-10-12 16:49:23,227 {'acc1': 0.8010519801980198, 'acc5': 0.9418316831683168, 'loss': 90.1345878355205, 'macs': 14242908648, 'params': 286078184, 'model_size': 1091.3016662597656, 'inference_time': 0}
2024-10-12 16:49:23,253 Pruning 1536 in layer 20
2024-10-12 16:49:25,996 Gathering metrics
2024-10-12 16:49:49,415 {'acc1': 0.8016707920792079, 'acc5': 0.9412128712871287, 'loss': 90.62771567702293, 'macs': 14216681448, 'params': 285553640, 'model_size': 1089.3006896972656, 'inference_time': 0}
2024-10-12 16:49:49,440 Pruning 1792 in layer 20
2024-10-12 16:49:51,764 Gathering metrics
2024-10-12 16:50:15,078 {'acc1': 0.8010519801980198, 'acc5': 0.9409034653465347, 'loss': 90.91431190818548, 'macs': 14190454248, 'params': 285029096, 'model_size': 1087.2997131347656, 'inference_time': 0}
2024-10-12 16:50:15,107 Pruning 2048 in layer 20
2024-10-12 16:50:17,333 Gathering metrics
2024-10-12 16:50:40,816 {'acc1': 0.7988861386138614, 'acc5': 0.942450495049505, 'loss': 90.92255236208439, 'macs': 14164227048, 'params': 284504552, 'model_size': 1085.2987365722656, 'inference_time': 0}
2024-10-12 16:50:40,842 Pruning 2304 in layer 20
2024-10-12 16:50:42,523 Gathering metrics
2024-10-12 16:51:06,017 {'acc1': 0.7991955445544554, 'acc5': 0.9405940594059405, 'loss': 91.05187112092972, 'macs': 14137999848, 'params': 283980008, 'model_size': 1083.2977600097656, 'inference_time': 0}
2024-10-12 16:51:06,043 Pruning 2560 in layer 20
2024-10-12 16:51:07,488 Gathering metrics
2024-10-12 16:51:30,845 {'acc1': 0.8001237623762376, 'acc5': 0.9412128712871287, 'loss': 90.88531273975968, 'macs': 14111772648, 'params': 283455464, 'model_size': 1081.2967834472656, 'inference_time': 0}
2024-10-12 16:51:30,870 Pruning 2816 in layer 20
2024-10-12 16:51:32,065 Gathering metrics
2024-10-12 16:51:55,627 {'acc1': 0.801980198019802, 'acc5': 0.9396658415841584, 'loss': 91.01188858225942, 'macs': 14085545448, 'params': 282930920, 'model_size': 1079.2958068847656, 'inference_time': 0}
2024-10-12 16:51:55,653 Pruning 3072 in layer 20
2024-10-12 16:51:56,657 Gathering metrics
2024-10-12 16:52:19,708 {'acc1': 0.8025990099009901, 'acc5': 0.9405940594059405, 'loss': 90.72939037531614, 'macs': 14059318248, 'params': 282406376, 'model_size': 1077.2948303222656, 'inference_time': 0}
2024-10-12 16:52:19,734 Pruning 3328 in layer 20
2024-10-12 16:52:20,575 Gathering metrics
2024-10-12 16:52:44,183 {'acc1': 0.801980198019802, 'acc5': 0.9402846534653465, 'loss': 90.49407224729657, 'macs': 14033091048, 'params': 281881832, 'model_size': 1075.2938537597656, 'inference_time': 0}
2024-10-12 16:52:44,209 Pruning 3584 in layer 20
2024-10-12 16:52:44,914 Gathering metrics
2024-10-12 16:53:08,168 {'acc1': 0.8029084158415841, 'acc5': 0.9402846534653465, 'loss': 90.50884922593832, 'macs': 14006863848, 'params': 281357288, 'model_size': 1073.2928771972656, 'inference_time': 0}
2024-10-12 16:53:08,195 Pruning 3840 in layer 20
2024-10-12 16:53:08,766 Gathering metrics
2024-10-12 16:53:31,991 {'acc1': 0.8013613861386139, 'acc5': 0.9409034653465347, 'loss': 91.02349374815822, 'macs': 13980636648, 'params': 280832744, 'model_size': 1071.2919006347656, 'inference_time': 0}
2024-10-12 16:53:32,017 Pruning 256 in layer 19
2024-10-12 16:53:37,470 Gathering metrics
2024-10-12 16:54:00,738 {'acc1': 0.801980198019802, 'acc5': 0.9405940594059405, 'loss': 90.88486335426569, 'macs': 13980636648, 'params': 280832744, 'model_size': 1071.2919006347656, 'inference_time': 0}
2024-10-12 16:54:00,766 Pruning 512 in layer 19
2024-10-12 16:54:05,871 Gathering metrics
2024-10-12 16:54:29,346 {'acc1': 0.8016707920792079, 'acc5': 0.9396658415841584, 'loss': 91.17130783572793, 'macs': 13954409448, 'params': 280308200, 'model_size': 1069.2909240722656, 'inference_time': 0}
2024-10-12 16:54:29,466 Pruning 768 in layer 19
2024-10-12 16:54:33,970 Gathering metrics
2024-10-12 16:54:57,336 {'acc1': 0.7995049504950495, 'acc5': 0.9387376237623762, 'loss': 91.3117963783443, 'macs': 13928182248, 'params': 279783656, 'model_size': 1067.2899475097656, 'inference_time': 0}
2024-10-12 16:54:57,362 Pruning 1024 in layer 19
2024-10-12 16:55:00,985 Gathering metrics
2024-10-12 16:55:24,164 {'acc1': 0.7979579207920792, 'acc5': 0.9393564356435643, 'loss': 91.7633994705975, 'macs': 13901955048, 'params': 279259112, 'model_size': 1065.2889709472656, 'inference_time': 0}
2024-10-12 16:55:24,190 Pruning 256 in layer 18
2024-10-12 16:55:29,673 Gathering metrics
2024-10-12 16:55:53,020 {'acc1': 0.7995049504950495, 'acc5': 0.9393564356435643, 'loss': 91.23355489969254, 'macs': 13901955048, 'params': 279259112, 'model_size': 1065.2889709472656, 'inference_time': 0}
2024-10-12 16:55:53,046 Pruning 512 in layer 18
2024-10-12 16:55:57,782 Gathering metrics
2024-10-12 16:56:21,105 {'acc1': 0.7988861386138614, 'acc5': 0.9393564356435643, 'loss': 91.45855585858226, 'macs': 13875727848, 'params': 278734568, 'model_size': 1063.2879943847656, 'inference_time': 0}
2024-10-12 16:56:21,134 Pruning 768 in layer 18
2024-10-12 16:56:25,597 Gathering metrics
2024-10-12 16:56:48,502 {'acc1': 0.7985767326732673, 'acc5': 0.9402846534653465, 'loss': 91.71583765000105, 'macs': 13849500648, 'params': 278210024, 'model_size': 1061.2870178222656, 'inference_time': 0}
2024-10-12 16:56:48,528 Pruning 1024 in layer 18
2024-10-12 16:56:52,117 Gathering metrics
2024-10-12 16:57:15,065 {'acc1': 0.7979579207920792, 'acc5': 0.9399752475247525, 'loss': 92.16576264053583, 'macs': 13823273448, 'params': 277685480, 'model_size': 1059.2860412597656, 'inference_time': 0}
2024-10-12 16:57:15,091 Pruning 1280 in layer 18
2024-10-12 16:57:18,232 Gathering metrics
2024-10-12 16:57:41,400 {'acc1': 0.7979579207920792, 'acc5': 0.9402846534653465, 'loss': 92.35786262527108, 'macs': 13797046248, 'params': 277160936, 'model_size': 1057.2850646972656, 'inference_time': 0}
2024-10-12 16:57:41,426 Pruning 1536 in layer 18
2024-10-12 16:57:44,186 Gathering metrics
2024-10-12 16:58:07,224 {'acc1': 0.7961014851485149, 'acc5': 0.9396658415841584, 'loss': 92.5676883533597, 'macs': 13770819048, 'params': 276636392, 'model_size': 1055.2840881347656, 'inference_time': 0}
2024-10-12 16:58:07,250 Pruning 1792 in layer 18
2024-10-12 16:58:09,565 Gathering metrics
2024-10-12 16:58:32,740 {'acc1': 0.7970297029702971, 'acc5': 0.9399752475247525, 'loss': 92.90362963080406, 'macs': 13744591848, 'params': 276111848, 'model_size': 1053.2831115722656, 'inference_time': 0}
2024-10-12 16:58:32,765 Pruning 2048 in layer 18
2024-10-12 16:58:34,756 Gathering metrics
2024-10-12 16:58:58,225 {'acc1': 0.7948638613861386, 'acc5': 0.9402846534653465, 'loss': 93.3520941734314, 'macs': 13718364648, 'params': 275587304, 'model_size': 1051.2821350097656, 'inference_time': 0}
2024-10-12 16:58:58,254 Pruning 256 in layer 17
2024-10-12 16:59:03,749 Gathering metrics
2024-10-12 16:59:27,015 {'acc1': 0.7973391089108911, 'acc5': 0.9396658415841584, 'loss': 93.0092825293541, 'macs': 13718364648, 'params': 275587304, 'model_size': 1051.2821350097656, 'inference_time': 0}
2024-10-12 16:59:27,040 Pruning 512 in layer 17
2024-10-12 16:59:31,810 Gathering metrics
2024-10-12 16:59:55,222 {'acc1': 0.7967202970297029, 'acc5': 0.9402846534653465, 'loss': 93.18466582521796, 'macs': 13692137448, 'params': 275062760, 'model_size': 1049.2811584472656, 'inference_time': 0}
2024-10-12 16:59:55,248 Pruning 768 in layer 17
2024-10-12 16:59:59,436 Gathering metrics
2024-10-12 17:00:22,250 {'acc1': 0.7933168316831684, 'acc5': 0.9402846534653465, 'loss': 93.41838508844376, 'macs': 13665910248, 'params': 274538216, 'model_size': 1047.2801818847656, 'inference_time': 0}
2024-10-12 17:00:22,364 Pruning 256 in layer 16
2024-10-12 17:00:27,839 Gathering metrics
2024-10-12 17:00:50,688 {'acc1': 0.7954826732673267, 'acc5': 0.937809405940594, 'loss': 93.89997247233987, 'macs': 13665910248, 'params': 274538216, 'model_size': 1047.2801818847656, 'inference_time': 0}
2024-10-12 17:00:50,713 Pruning 512 in layer 16
2024-10-12 17:00:55,475 Gathering metrics
2024-10-12 17:01:18,371 {'acc1': 0.7936262376237624, 'acc5': 0.937809405940594, 'loss': 94.34008304402232, 'macs': 13639683048, 'params': 274013672, 'model_size': 1045.2792053222656, 'inference_time': 0}
2024-10-12 17:01:18,397 Pruning 768 in layer 16
2024-10-12 17:01:22,587 Gathering metrics
2024-10-12 17:01:45,772 {'acc1': 0.7936262376237624, 'acc5': 0.9381188118811881, 'loss': 94.68822843208909, 'macs': 13613455848, 'params': 273489128, 'model_size': 1043.2782287597656, 'inference_time': 0}
2024-10-12 17:01:45,798 Pruning 1024 in layer 16
2024-10-12 17:01:49,406 Gathering metrics
2024-10-12 17:02:12,656 {'acc1': 0.7926980198019802, 'acc5': 0.9368811881188119, 'loss': 95.19251463189721, 'macs': 13587228648, 'params': 272964584, 'model_size': 1041.2772521972656, 'inference_time': 0}
2024-10-12 17:02:12,682 Pruning 256 in layer 15
2024-10-12 17:02:18,141 Gathering metrics
2024-10-12 17:02:41,253 {'acc1': 0.7923886138613861, 'acc5': 0.9387376237623762, 'loss': 95.47214195504785, 'macs': 13587228648, 'params': 272964584, 'model_size': 1041.2772521972656, 'inference_time': 0}
2024-10-12 17:02:41,279 Pruning 512 in layer 15
2024-10-12 17:02:46,032 Gathering metrics
2024-10-12 17:03:09,096 {'acc1': 0.7939356435643564, 'acc5': 0.9368811881188119, 'loss': 96.14038375020027, 'macs': 13561001448, 'params': 272440040, 'model_size': 1039.2762756347656, 'inference_time': 0}
2024-10-12 17:03:09,122 Pruning 768 in layer 15
2024-10-12 17:03:13,290 Gathering metrics
2024-10-12 17:03:36,191 {'acc1': 0.7951732673267327, 'acc5': 0.9362623762376238, 'loss': 96.7177859917283, 'macs': 13534774248, 'params': 271915496, 'model_size': 1037.2752990722656, 'inference_time': 0}
2024-10-12 17:03:36,217 Pruning 1024 in layer 15
2024-10-12 17:03:39,842 Gathering metrics
2024-10-12 17:04:02,742 {'acc1': 0.7936262376237624, 'acc5': 0.9359529702970297, 'loss': 97.30665028095245, 'macs': 13508547048, 'params': 271390952, 'model_size': 1035.2743225097656, 'inference_time': 0}
2024-10-12 17:04:02,769 Pruning 1280 in layer 15
2024-10-12 17:04:05,948 Gathering metrics
2024-10-12 17:04:28,995 {'acc1': 0.791769801980198, 'acc5': 0.9356435643564357, 'loss': 98.39046946540475, 'macs': 13482319848, 'params': 270866408, 'model_size': 1033.2733459472656, 'inference_time': 0}
2024-10-12 17:04:29,022 Pruning 1536 in layer 15
2024-10-12 17:04:31,762 Gathering metrics
2024-10-12 17:04:54,637 {'acc1': 0.791769801980198, 'acc5': 0.9350247524752475, 'loss': 99.02074328437448, 'macs': 13456092648, 'params': 270341864, 'model_size': 1031.2723693847656, 'inference_time': 0}
2024-10-12 17:04:54,663 Pruning 1792 in layer 15
2024-10-12 17:04:57,001 Gathering metrics
2024-10-12 17:05:20,029 {'acc1': 0.7899133663366337, 'acc5': 0.9328589108910891, 'loss': 99.97712264209986, 'macs': 13429865448, 'params': 269817320, 'model_size': 1029.2713928222656, 'inference_time': 0}
2024-10-12 17:05:20,055 Pruning 256 in layer 14
2024-10-12 17:05:25,516 Gathering metrics
2024-10-12 17:05:48,385 {'acc1': 0.791769801980198, 'acc5': 0.9347153465346535, 'loss': 99.44473665952682, 'macs': 13429865448, 'params': 269817320, 'model_size': 1029.2713928222656, 'inference_time': 0}
2024-10-12 17:05:48,411 Pruning 512 in layer 14
2024-10-12 17:05:53,127 Gathering metrics
2024-10-12 17:06:15,884 {'acc1': 0.7902227722772277, 'acc5': 0.9350247524752475, 'loss': 99.90170942246914, 'macs': 13403638248, 'params': 269292776, 'model_size': 1027.2704162597656, 'inference_time': 0}
2024-10-12 17:06:15,996 Pruning 768 in layer 14
2024-10-12 17:06:20,147 Gathering metrics
2024-10-12 17:06:43,187 {'acc1': 0.7880569306930693, 'acc5': 0.9337871287128713, 'loss': 100.51723561435938, 'macs': 13377411048, 'params': 268768232, 'model_size': 1025.2694396972656, 'inference_time': 0}
2024-10-12 17:06:43,213 Pruning 256 in layer 13
2024-10-12 17:06:48,664 Gathering metrics
2024-10-12 17:07:11,352 {'acc1': 0.7883663366336634, 'acc5': 0.9331683168316832, 'loss': 100.67336083203554, 'macs': 13377411048, 'params': 268768232, 'model_size': 1025.2694396972656, 'inference_time': 0}
2024-10-12 17:07:11,377 Pruning 512 in layer 13
2024-10-12 17:07:16,117 Gathering metrics
2024-10-12 17:07:39,027 {'acc1': 0.786200495049505, 'acc5': 0.9316212871287128, 'loss': 101.82235787063837, 'macs': 13351183848, 'params': 268243688, 'model_size': 1023.2684631347656, 'inference_time': 0}
2024-10-12 17:07:39,053 Pruning 256 in layer 12
2024-10-12 17:07:44,500 Gathering metrics
2024-10-12 17:08:07,548 {'acc1': 0.7880569306930693, 'acc5': 0.932240099009901, 'loss': 101.2338689416647, 'macs': 13351183848, 'params': 268243688, 'model_size': 1023.2684631347656, 'inference_time': 0}
2024-10-12 17:08:07,574 Pruning 512 in layer 12
2024-10-12 17:08:12,313 Gathering metrics
2024-10-12 17:08:35,010 {'acc1': 0.7855816831683168, 'acc5': 0.932549504950495, 'loss': 101.8717530220747, 'macs': 13324956648, 'params': 267719144, 'model_size': 1021.2674865722656, 'inference_time': 0}
2024-10-12 17:08:35,036 Pruning 768 in layer 12
2024-10-12 17:08:39,177 Gathering metrics
2024-10-12 17:09:01,990 {'acc1': 0.7843440594059405, 'acc5': 0.9316212871287128, 'loss': 102.70419517159462, 'macs': 13298729448, 'params': 267194600, 'model_size': 1019.2665100097656, 'inference_time': 0}
2024-10-12 17:09:02,019 Pruning 256 in layer 11
2024-10-12 17:09:07,474 Gathering metrics
2024-10-12 17:09:30,524 {'acc1': 0.7858910891089109, 'acc5': 0.9328589108910891, 'loss': 101.76647607982159, 'macs': 13298729448, 'params': 267194600, 'model_size': 1019.2665100097656, 'inference_time': 0}
2024-10-12 17:09:30,550 Pruning 512 in layer 11
2024-10-12 17:09:35,309 Gathering metrics
2024-10-12 17:09:58,224 {'acc1': 0.7871287128712872, 'acc5': 0.9328589108910891, 'loss': 102.18125781416893, 'macs': 13272502248, 'params': 266670056, 'model_size': 1017.2655334472656, 'inference_time': 0}
2024-10-12 17:09:58,251 Pruning 768 in layer 11
2024-10-12 17:10:02,409 Gathering metrics
2024-10-12 17:10:25,271 {'acc1': 0.786509900990099, 'acc5': 0.932549504950495, 'loss': 102.72612084448338, 'macs': 13246275048, 'params': 266145512, 'model_size': 1015.2645568847656, 'inference_time': 0}
2024-10-12 17:10:25,297 Pruning 1024 in layer 11
2024-10-12 17:10:28,908 Gathering metrics
2024-10-12 17:10:51,723 {'acc1': 0.786200495049505, 'acc5': 0.931930693069307, 'loss': 103.08069088310003, 'macs': 13220047848, 'params': 265620968, 'model_size': 1013.2635803222656, 'inference_time': 0}
2024-10-12 17:10:51,748 Pruning 1280 in layer 11
2024-10-12 17:10:54,887 Gathering metrics
2024-10-12 17:11:17,805 {'acc1': 0.7858910891089109, 'acc5': 0.9313118811881188, 'loss': 103.7132059186697, 'macs': 13193820648, 'params': 265096424, 'model_size': 1011.2626037597656, 'inference_time': 0}
2024-10-12 17:11:17,830 Pruning 1536 in layer 11
2024-10-12 17:11:20,567 Gathering metrics
2024-10-12 17:11:43,476 {'acc1': 0.7858910891089109, 'acc5': 0.9303836633663366, 'loss': 104.16943318396807, 'macs': 13167593448, 'params': 264571880, 'model_size': 1009.2616271972656, 'inference_time': 0}
2024-10-12 17:11:43,590 Pruning 1792 in layer 11
2024-10-12 17:11:45,915 Gathering metrics
2024-10-12 17:12:08,650 {'acc1': 0.7827970297029703, 'acc5': 0.9303836633663366, 'loss': 104.58224394917488, 'macs': 13141366248, 'params': 264047336, 'model_size': 1007.2606506347656, 'inference_time': 0}
2024-10-12 17:12:08,676 Pruning 2048 in layer 11
2024-10-12 17:12:10,648 Gathering metrics
2024-10-12 17:12:33,555 {'acc1': 0.7821782178217822, 'acc5': 0.9294554455445545, 'loss': 105.06634946167469, 'macs': 13115139048, 'params': 263522792, 'model_size': 1005.2596740722656, 'inference_time': 0}
2024-10-12 17:12:33,582 Pruning 2304 in layer 11
2024-10-12 17:12:35,275 Gathering metrics
2024-10-12 17:12:58,145 {'acc1': 0.7806311881188119, 'acc5': 0.9291460396039604, 'loss': 105.91612387448549, 'macs': 13088911848, 'params': 262998248, 'model_size': 1003.2586975097656, 'inference_time': 0}
2024-10-12 17:12:58,171 Pruning 256 in layer 10
2024-10-12 17:13:03,645 Gathering metrics
2024-10-12 17:13:26,556 {'acc1': 0.7790841584158416, 'acc5': 0.9279084158415841, 'loss': 105.79948573559523, 'macs': 13088911848, 'params': 262998248, 'model_size': 1003.2586975097656, 'inference_time': 0}
2024-10-12 17:13:26,582 Pruning 512 in layer 10
2024-10-12 17:13:31,341 Gathering metrics
2024-10-12 17:13:54,032 {'acc1': 0.7784653465346535, 'acc5': 0.9282178217821783, 'loss': 106.50884234160185, 'macs': 13062684648, 'params': 262473704, 'model_size': 1001.2577209472656, 'inference_time': 0}
2024-10-12 17:13:54,058 Pruning 256 in layer 9
2024-10-12 17:13:59,520 Gathering metrics
2024-10-12 17:14:22,391 {'acc1': 0.7797029702970297, 'acc5': 0.9294554455445545, 'loss': 105.16036035865545, 'macs': 13062684648, 'params': 262473704, 'model_size': 1001.2577209472656, 'inference_time': 0}
2024-10-12 17:14:22,418 Pruning 512 in layer 9
2024-10-12 17:14:27,171 Gathering metrics
2024-10-12 17:14:49,992 {'acc1': 0.781559405940594, 'acc5': 0.9297648514851485, 'loss': 104.81837466359138, 'macs': 13036457448, 'params': 261949160, 'model_size': 999.2567443847656, 'inference_time': 0}
2024-10-12 17:14:50,017 Pruning 768 in layer 9
2024-10-12 17:14:54,167 Gathering metrics
2024-10-12 17:15:16,866 {'acc1': 0.7797029702970297, 'acc5': 0.9294554455445545, 'loss': 104.61680293083191, 'macs': 13010230248, 'params': 261424616, 'model_size': 997.2557678222656, 'inference_time': 0}
2024-10-12 17:15:16,893 Pruning 1024 in layer 9
2024-10-12 17:15:20,512 Gathering metrics
2024-10-12 17:15:43,326 {'acc1': 0.7793935643564357, 'acc5': 0.9282178217821783, 'loss': 104.7699219211936, 'macs': 12984003048, 'params': 260900072, 'model_size': 995.2547912597656, 'inference_time': 0}
2024-10-12 17:15:43,353 Pruning 1280 in layer 9
2024-10-12 17:15:46,494 Gathering metrics
2024-10-12 17:16:09,060 {'acc1': 0.7793935643564357, 'acc5': 0.9288366336633663, 'loss': 104.95655154436827, 'macs': 12957775848, 'params': 260375528, 'model_size': 993.2538146972656, 'inference_time': 0}
2024-10-12 17:16:09,086 Pruning 1536 in layer 9
2024-10-12 17:16:11,827 Gathering metrics
2024-10-12 17:16:34,476 {'acc1': 0.7766089108910891, 'acc5': 0.9275990099009901, 'loss': 105.58572310954332, 'macs': 12931548648, 'params': 259850984, 'model_size': 991.2528381347656, 'inference_time': 0}
2024-10-12 17:16:34,502 Pruning 1792 in layer 9
2024-10-12 17:16:36,817 Gathering metrics
2024-10-12 17:16:59,627 {'acc1': 0.775990099009901, 'acc5': 0.9275990099009901, 'loss': 105.6736860498786, 'macs': 12905321448, 'params': 259326440, 'model_size': 989.2518615722656, 'inference_time': 0}
2024-10-12 17:16:59,653 Pruning 2048 in layer 9
2024-10-12 17:17:01,628 Gathering metrics
2024-10-12 17:17:24,241 {'acc1': 0.7747524752475248, 'acc5': 0.9238861386138614, 'loss': 106.57089401781559, 'macs': 12879094248, 'params': 258801896, 'model_size': 987.2508850097656, 'inference_time': 0}
2024-10-12 17:17:24,353 Pruning 256 in layer 8
2024-10-12 17:17:29,831 Gathering metrics
2024-10-12 17:17:52,429 {'acc1': 0.7741336633663366, 'acc5': 0.9254331683168316, 'loss': 106.63439068943262, 'macs': 12879094248, 'params': 258801896, 'model_size': 987.2508850097656, 'inference_time': 0}
2024-10-12 17:17:52,455 Pruning 512 in layer 8
2024-10-12 17:17:57,192 Gathering metrics
2024-10-12 17:18:19,974 {'acc1': 0.7732054455445545, 'acc5': 0.9257425742574258, 'loss': 106.82794913649559, 'macs': 12852867048, 'params': 258277352, 'model_size': 985.2499084472656, 'inference_time': 0}
2024-10-12 17:18:20,001 Pruning 768 in layer 8
2024-10-12 17:18:24,183 Gathering metrics
2024-10-12 17:18:46,594 {'acc1': 0.7719678217821783, 'acc5': 0.9260519801980198, 'loss': 107.13388180732727, 'macs': 12826639848, 'params': 257752808, 'model_size': 983.2489318847656, 'inference_time': 0}
2024-10-12 17:18:46,620 Pruning 256 in layer 7
2024-10-12 17:18:52,084 Gathering metrics
2024-10-12 17:19:14,935 {'acc1': 0.770730198019802, 'acc5': 0.9245049504950495, 'loss': 106.87877903878689, 'macs': 12826639848, 'params': 257752808, 'model_size': 983.2489318847656, 'inference_time': 0}
2024-10-12 17:19:14,964 Pruning 512 in layer 7
2024-10-12 17:19:20,062 Gathering metrics
2024-10-12 17:19:42,979 {'acc1': 0.7701113861386139, 'acc5': 0.9248143564356436, 'loss': 107.20485338568687, 'macs': 12800412648, 'params': 257228264, 'model_size': 981.2479553222656, 'inference_time': 0}
2024-10-12 17:19:43,008 Pruning 768 in layer 7
2024-10-12 17:19:47,196 Gathering metrics
2024-10-12 17:20:10,123 {'acc1': 0.770730198019802, 'acc5': 0.9245049504950495, 'loss': 107.52044250816107, 'macs': 12774185448, 'params': 256703720, 'model_size': 979.2469787597656, 'inference_time': 0}
2024-10-12 17:20:10,151 Pruning 1024 in layer 7
2024-10-12 17:20:13,926 Gathering metrics
2024-10-12 17:20:36,698 {'acc1': 0.7694925742574258, 'acc5': 0.9235767326732673, 'loss': 107.87417217344046, 'macs': 12747958248, 'params': 256179176, 'model_size': 977.2460021972656, 'inference_time': 0}
2024-10-12 17:20:36,725 Pruning 256 in layer 6
2024-10-12 17:20:42,198 Gathering metrics
2024-10-12 17:21:04,721 {'acc1': 0.7688737623762376, 'acc5': 0.9223391089108911, 'loss': 108.44784507155418, 'macs': 12747958248, 'params': 256179176, 'model_size': 977.2460021972656, 'inference_time': 0}
2024-10-12 17:21:04,746 Pruning 512 in layer 6
2024-10-12 17:21:09,476 Gathering metrics
2024-10-12 17:21:32,128 {'acc1': 0.7642326732673267, 'acc5': 0.9226485148514851, 'loss': 109.7212750017643, 'macs': 12721731048, 'params': 255654632, 'model_size': 975.2450256347656, 'inference_time': 0}
2024-10-12 17:21:32,155 Pruning 256 in layer 5
2024-10-12 17:21:37,626 Gathering metrics
2024-10-12 17:22:00,413 {'acc1': 0.7685643564356436, 'acc5': 0.9232673267326733, 'loss': 108.64513938874006, 'macs': 12721731048, 'params': 255654632, 'model_size': 975.2450256347656, 'inference_time': 0}
2024-10-12 17:22:00,439 Pruning 512 in layer 5
2024-10-12 17:22:05,187 Gathering metrics
2024-10-12 17:22:28,260 {'acc1': 0.7673267326732673, 'acc5': 0.9220297029702971, 'loss': 108.85930248349905, 'macs': 12695503848, 'params': 255130088, 'model_size': 973.2440490722656, 'inference_time': 0}
2024-10-12 17:22:28,286 Pruning 768 in layer 5
2024-10-12 17:22:32,439 Gathering metrics
2024-10-12 17:22:55,121 {'acc1': 0.7657797029702971, 'acc5': 0.9217202970297029, 'loss': 109.21477792412043, 'macs': 12669276648, 'params': 254605544, 'model_size': 971.2430725097656, 'inference_time': 0}
2024-10-12 17:22:55,249 Pruning 1024 in layer 5
2024-10-12 17:22:59,199 Gathering metrics
2024-10-12 17:23:21,942 {'acc1': 0.7654702970297029, 'acc5': 0.9220297029702971, 'loss': 109.89057746529579, 'macs': 12643049448, 'params': 254081000, 'model_size': 969.2420959472656, 'inference_time': 0}
2024-10-12 17:23:21,968 Pruning 256 in layer 4
2024-10-12 17:23:27,440 Gathering metrics
2024-10-12 17:23:49,892 {'acc1': 0.7648514851485149, 'acc5': 0.9186262376237624, 'loss': 110.44949109852314, 'macs': 12643049448, 'params': 254081000, 'model_size': 969.2420959472656, 'inference_time': 0}
2024-10-12 17:23:49,918 Pruning 512 in layer 4
2024-10-12 17:23:54,659 Gathering metrics
2024-10-12 17:24:17,360 {'acc1': 0.7617574257425742, 'acc5': 0.9173886138613861, 'loss': 111.76865313202143, 'macs': 12616822248, 'params': 253556456, 'model_size': 967.2411193847656, 'inference_time': 0}
2024-10-12 17:24:17,387 Pruning 256 in layer 3
2024-10-12 17:24:22,851 Gathering metrics
2024-10-12 17:24:45,275 {'acc1': 0.7599009900990099, 'acc5': 0.9192450495049505, 'loss': 111.03154608607292, 'macs': 12616822248, 'params': 253556456, 'model_size': 967.2411193847656, 'inference_time': 0}
2024-10-12 17:24:45,301 Pruning 256 in layer 2
2024-10-12 17:24:50,764 Gathering metrics
2024-10-12 17:25:13,471 {'acc1': 0.7657797029702971, 'acc5': 0.9220297029702971, 'loss': 108.60625274479389, 'macs': 12616822248, 'params': 253556456, 'model_size': 967.2411193847656, 'inference_time': 0}
2024-10-12 17:25:13,497 Pruning 512 in layer 2
2024-10-12 17:25:18,225 Gathering metrics
2024-10-12 17:25:40,833 {'acc1': 0.7657797029702971, 'acc5': 0.9232673267326733, 'loss': 108.15450386703014, 'macs': 12590595048, 'params': 253031912, 'model_size': 965.2401428222656, 'inference_time': 0}
2024-10-12 17:25:40,859 Pruning 768 in layer 2
2024-10-12 17:25:45,005 Gathering metrics
2024-10-12 17:26:07,805 {'acc1': 0.7629950495049505, 'acc5': 0.9238861386138614, 'loss': 108.75312440097332, 'macs': 12564367848, 'params': 252507368, 'model_size': 963.2391662597656, 'inference_time': 0}
2024-10-12 17:26:07,834 Pruning 1024 in layer 2
2024-10-12 17:26:11,786 Gathering metrics
2024-10-12 17:26:34,464 {'acc1': 0.7558787128712872, 'acc5': 0.9207920792079208, 'loss': 110.59314876049757, 'macs': 12538140648, 'params': 251982824, 'model_size': 961.2381896972656, 'inference_time': 0}
2024-10-12 17:26:34,490 Pruning 256 in layer 1
2024-10-12 17:26:39,971 Gathering metrics
2024-10-12 17:27:02,286 {'acc1': 0.7599009900990099, 'acc5': 0.9192450495049505, 'loss': 109.35862693190575, 'macs': 12538140648, 'params': 251982824, 'model_size': 961.2381896972656, 'inference_time': 0}
2024-10-12 17:27:02,313 Pruning 512 in layer 1
2024-10-12 17:27:07,043 Gathering metrics
2024-10-12 17:27:29,587 {'acc1': 0.7561881188118812, 'acc5': 0.9183168316831684, 'loss': 110.70558259636164, 'macs': 12511913448, 'params': 251458280, 'model_size': 959.2372131347656, 'inference_time': 0}
2024-10-12 17:27:29,613 Pruning 256 in layer 0
2024-10-12 17:27:35,078 Gathering metrics
2024-10-12 17:27:57,700 {'acc1': 0.745049504950495, 'acc5': 0.911200495049505, 'loss': 117.6545370966196, 'macs': 12511913448, 'params': 251458280, 'model_size': 959.2372131347656, 'inference_time': 0}
2024-10-12 17:27:57,716 Experiment finished
