2024-10-12 01:53:12,111 Starting experiment outputs/adaptive/vit_b_32/l1
2024-10-12 01:53:12,111 Loading the original model
2024-10-12 01:53:12,531 Gathering metrics of the original model
2024-10-12 01:53:37,140 {'acc1': 0.8004331683168316, 'acc5': 0.943069306930693, 'loss': 90.91573594510555, 'macs': 4367292136, 'params': 88224232, 'model_size': 336.5487365722656, 'inference_time': 0}
2024-10-12 01:53:37,154 Pruning 128 in layer 11
2024-10-12 01:53:37,188 Gathering metrics
2024-10-12 01:54:01,568 {'acc1': 0.8001237623762376, 'acc5': 0.942450495049505, 'loss': 93.71885637938976, 'macs': 4357455336, 'params': 88027496, 'model_size': 335.7982482910156, 'inference_time': 0}
2024-10-12 01:54:01,682 Pruning 256 in layer 11
2024-10-12 01:54:01,683 Gathering metrics
2024-10-12 01:54:25,989 {'acc1': 0.7945544554455446, 'acc5': 0.9384282178217822, 'loss': 99.0594510063529, 'macs': 4347618536, 'params': 87830760, 'model_size': 335.0477600097656, 'inference_time': 0}
2024-10-12 01:54:26,004 Pruning 384 in layer 11
2024-10-12 01:54:26,005 Gathering metrics
2024-10-12 01:54:50,306 {'acc1': 0.7926980198019802, 'acc5': 0.9356435643564357, 'loss': 100.94544266536832, 'macs': 4337781736, 'params': 87634024, 'model_size': 334.2972717285156, 'inference_time': 0}
2024-10-12 01:54:50,321 Pruning 128 in layer 10
2024-10-12 01:54:50,322 Gathering metrics
2024-10-12 01:55:14,664 {'acc1': 0.7858910891089109, 'acc5': 0.9251237623762376, 'loss': 117.97724781185389, 'macs': 4337781736, 'params': 87634024, 'model_size': 334.2972717285156, 'inference_time': 0}
2024-10-12 01:55:14,677 Pruning 128 in layer 9
2024-10-12 01:55:14,677 Gathering metrics
2024-10-12 01:55:39,272 {'acc1': 0.7942450495049505, 'acc5': 0.9384282178217822, 'loss': 98.42687429860234, 'macs': 4337781736, 'params': 87634024, 'model_size': 334.2972717285156, 'inference_time': 0}
2024-10-12 01:55:39,286 Pruning 256 in layer 9
2024-10-12 01:55:39,287 Gathering metrics
2024-10-12 01:56:03,642 {'acc1': 0.7920792079207921, 'acc5': 0.937190594059406, 'loss': 99.9887608513236, 'macs': 4327944936, 'params': 87437288, 'model_size': 333.5467834472656, 'inference_time': 0}
2024-10-12 01:56:03,657 Pruning 384 in layer 9
2024-10-12 01:56:03,658 Gathering metrics
2024-10-12 01:56:27,961 {'acc1': 0.7948638613861386, 'acc5': 0.9375, 'loss': 100.35765498504043, 'macs': 4318108136, 'params': 87240552, 'model_size': 332.7962951660156, 'inference_time': 0}
2024-10-12 01:56:27,974 Pruning 512 in layer 9
2024-10-12 01:56:27,975 Gathering metrics
2024-10-12 01:56:52,290 {'acc1': 0.791769801980198, 'acc5': 0.9381188118811881, 'loss': 101.83354172855616, 'macs': 4308271336, 'params': 87043816, 'model_size': 332.0458068847656, 'inference_time': 0}
2024-10-12 01:56:52,304 Pruning 640 in layer 9
2024-10-12 01:56:52,304 Gathering metrics
2024-10-12 01:57:16,738 {'acc1': 0.7923886138613861, 'acc5': 0.9390470297029703, 'loss': 102.47988779842854, 'macs': 4298434536, 'params': 86847080, 'model_size': 331.2953186035156, 'inference_time': 0}
2024-10-12 01:57:16,752 Pruning 768 in layer 9
2024-10-12 01:57:16,753 Gathering metrics
2024-10-12 01:57:40,971 {'acc1': 0.7880569306930693, 'acc5': 0.9390470297029703, 'loss': 103.3092269897461, 'macs': 4288597736, 'params': 86650344, 'model_size': 330.5448303222656, 'inference_time': 0}
2024-10-12 01:57:40,984 Pruning 896 in layer 9
2024-10-12 01:57:40,985 Gathering metrics
2024-10-12 01:58:05,146 {'acc1': 0.786509900990099, 'acc5': 0.9387376237623762, 'loss': 104.54339079931378, 'macs': 4278760936, 'params': 86453608, 'model_size': 329.7943420410156, 'inference_time': 0}
2024-10-12 01:58:05,161 Pruning 128 in layer 8
2024-10-12 01:58:05,162 Gathering metrics
2024-10-12 01:58:29,431 {'acc1': 0.7855816831683168, 'acc5': 0.9365717821782178, 'loss': 104.74633122980595, 'macs': 4278760936, 'params': 86453608, 'model_size': 329.7943420410156, 'inference_time': 0}
2024-10-12 01:58:29,446 Pruning 256 in layer 8
2024-10-12 01:58:29,447 Gathering metrics
2024-10-12 01:58:53,711 {'acc1': 0.7803217821782178, 'acc5': 0.9353341584158416, 'loss': 105.77390066161752, 'macs': 4268924136, 'params': 86256872, 'model_size': 329.0438537597656, 'inference_time': 0}
2024-10-12 01:58:53,725 Pruning 128 in layer 7
2024-10-12 01:58:53,726 Gathering metrics
2024-10-12 01:59:18,163 {'acc1': 0.7855816831683168, 'acc5': 0.9375, 'loss': 104.78098987042904, 'macs': 4268924136, 'params': 86256872, 'model_size': 329.0438537597656, 'inference_time': 0}
2024-10-12 01:59:18,176 Pruning 256 in layer 7
2024-10-12 01:59:18,177 Gathering metrics
2024-10-12 01:59:42,235 {'acc1': 0.7843440594059405, 'acc5': 0.9368811881188119, 'loss': 105.5896117836237, 'macs': 4259087336, 'params': 86060136, 'model_size': 328.2933654785156, 'inference_time': 0}
2024-10-12 01:59:42,250 Pruning 384 in layer 7
2024-10-12 01:59:42,251 Gathering metrics
2024-10-12 02:00:06,536 {'acc1': 0.78125, 'acc5': 0.9347153465346535, 'loss': 106.70307814329863, 'macs': 4249250536, 'params': 85863400, 'model_size': 327.5428771972656, 'inference_time': 0}
2024-10-12 02:00:06,550 Pruning 512 in layer 7
2024-10-12 02:00:06,551 Gathering metrics
2024-10-12 02:00:31,207 {'acc1': 0.7790841584158416, 'acc5': 0.9337871287128713, 'loss': 107.13319069892168, 'macs': 4239413736, 'params': 85666664, 'model_size': 326.7923889160156, 'inference_time': 0}
2024-10-12 02:00:31,222 Pruning 640 in layer 7
2024-10-12 02:00:31,223 Gathering metrics
2024-10-12 02:00:55,450 {'acc1': 0.7784653465346535, 'acc5': 0.9334777227722773, 'loss': 107.90335454046726, 'macs': 4229576936, 'params': 85469928, 'model_size': 326.0419006347656, 'inference_time': 0}
2024-10-12 02:00:55,466 Pruning 128 in layer 6
2024-10-12 02:00:55,467 Gathering metrics
2024-10-12 02:01:19,609 {'acc1': 0.7790841584158416, 'acc5': 0.9334777227722773, 'loss': 107.98263010382652, 'macs': 4229576936, 'params': 85469928, 'model_size': 326.0419006347656, 'inference_time': 0}
2024-10-12 02:01:19,622 Pruning 256 in layer 6
2024-10-12 02:01:19,623 Gathering metrics
2024-10-12 02:01:44,128 {'acc1': 0.7787747524752475, 'acc5': 0.9310024752475248, 'loss': 108.76798827201128, 'macs': 4219740136, 'params': 85273192, 'model_size': 325.2914123535156, 'inference_time': 0}
2024-10-12 02:01:44,143 Pruning 384 in layer 6
2024-10-12 02:01:44,143 Gathering metrics
2024-10-12 02:02:08,448 {'acc1': 0.7738242574257426, 'acc5': 0.9313118811881188, 'loss': 110.4573304951191, 'macs': 4209903336, 'params': 85076456, 'model_size': 324.5409240722656, 'inference_time': 0}
2024-10-12 02:02:08,463 Pruning 512 in layer 6
2024-10-12 02:02:08,463 Gathering metrics
2024-10-12 02:02:32,608 {'acc1': 0.7728960396039604, 'acc5': 0.9300742574257426, 'loss': 110.46812396496534, 'macs': 4200066536, 'params': 84879720, 'model_size': 323.7904357910156, 'inference_time': 0}
2024-10-12 02:02:32,624 Pruning 640 in layer 6
2024-10-12 02:02:32,625 Gathering metrics
2024-10-12 02:02:56,733 {'acc1': 0.7744430693069307, 'acc5': 0.9279084158415841, 'loss': 110.90224286168814, 'macs': 4190229736, 'params': 84682984, 'model_size': 323.0399475097656, 'inference_time': 0}
2024-10-12 02:02:56,747 Pruning 768 in layer 6
2024-10-12 02:02:56,748 Gathering metrics
2024-10-12 02:03:20,941 {'acc1': 0.7716584158415841, 'acc5': 0.9288366336633663, 'loss': 110.71419873833656, 'macs': 4180392936, 'params': 84486248, 'model_size': 322.2894592285156, 'inference_time': 0}
2024-10-12 02:03:20,955 Pruning 128 in layer 5
2024-10-12 02:03:20,956 Gathering metrics
2024-10-12 02:03:45,206 {'acc1': 0.7713490099009901, 'acc5': 0.9260519801980198, 'loss': 112.66079404950142, 'macs': 4180392936, 'params': 84486248, 'model_size': 322.2894592285156, 'inference_time': 0}
2024-10-12 02:03:45,221 Pruning 256 in layer 5
2024-10-12 02:03:45,222 Gathering metrics
2024-10-12 02:04:09,270 {'acc1': 0.7654702970297029, 'acc5': 0.9248143564356436, 'loss': 114.65083333849907, 'macs': 4170556136, 'params': 84289512, 'model_size': 321.5389709472656, 'inference_time': 0}
2024-10-12 02:04:09,285 Pruning 128 in layer 4
2024-10-12 02:04:09,286 Gathering metrics
2024-10-12 02:04:33,198 {'acc1': 0.7704207920792079, 'acc5': 0.9263613861386139, 'loss': 113.26702453941107, 'macs': 4170556136, 'params': 84289512, 'model_size': 321.5389709472656, 'inference_time': 0}
2024-10-12 02:04:33,212 Pruning 256 in layer 4
2024-10-12 02:04:33,213 Gathering metrics
2024-10-12 02:04:57,372 {'acc1': 0.7608292079207921, 'acc5': 0.9235767326732673, 'loss': 115.21919858455658, 'macs': 4160719336, 'params': 84092776, 'model_size': 320.7884826660156, 'inference_time': 0}
2024-10-12 02:04:57,385 Pruning 128 in layer 3
2024-10-12 02:04:57,386 Gathering metrics
2024-10-12 02:05:21,674 {'acc1': 0.760519801980198, 'acc5': 0.9220297029702971, 'loss': 114.91523434966803, 'macs': 4160719336, 'params': 84092776, 'model_size': 320.7884826660156, 'inference_time': 0}
2024-10-12 02:05:21,688 Pruning 128 in layer 2
2024-10-12 02:05:21,689 Gathering metrics
2024-10-12 02:05:45,992 {'acc1': 0.7651608910891089, 'acc5': 0.9229579207920792, 'loss': 115.80535120517015, 'macs': 4160719336, 'params': 84092776, 'model_size': 320.7884826660156, 'inference_time': 0}
2024-10-12 02:05:46,008 Pruning 256 in layer 2
2024-10-12 02:05:46,009 Gathering metrics
2024-10-12 02:06:09,890 {'acc1': 0.7571163366336634, 'acc5': 0.9164603960396039, 'loss': 118.14888899028301, 'macs': 4150882536, 'params': 83896040, 'model_size': 320.0379943847656, 'inference_time': 0}
2024-10-12 02:06:09,904 Pruning 128 in layer 1
2024-10-12 02:06:09,904 Gathering metrics
2024-10-12 02:06:34,047 {'acc1': 0.6478960396039604, 'acc5': 0.8211633663366337, 'loss': 183.67826381325722, 'macs': 4150882536, 'params': 83896040, 'model_size': 320.0379943847656, 'inference_time': 0}
2024-10-12 02:06:34,061 Pruning 128 in layer 0
2024-10-12 02:06:34,062 Gathering metrics
2024-10-12 02:06:58,090 {'acc1': 0.49133663366336633, 'acc5': 0.6831683168316832, 'loss': 297.3442083001137, 'macs': 4150882536, 'params': 83896040, 'model_size': 320.0379943847656, 'inference_time': 0}
2024-10-12 02:06:58,103 Experiment finished
