2024-10-13 00:07:25,054 Starting experiment outputs/adaptive/vit_h_14/proj000
2024-10-13 00:07:25,054 Loading the original model
2024-10-13 00:07:28,625 Gathering metrics of the original model
2024-10-13 00:09:51,642 {'acc1': 0.9634615384615385, 'acc5': 0.9951923076923077, 'loss': 10.94629063270986, 'macs': 863467906280, 'params': 633470440, 'model_size': 2416.4979553222656, 'inference_time': 0}
2024-10-13 00:09:51,676 Pruning 512 in layer 31
2024-10-13 00:10:03,544 Gathering metrics
2024-10-13 00:12:24,100 {'acc1': 0.9634615384615385, 'acc5': 0.9961538461538462, 'loss': 11.200124899856746, 'macs': 861671518440, 'params': 632159208, 'model_size': 2411.4960021972656, 'inference_time': 0}
2024-10-13 00:12:24,136 Pruning 1024 in layer 31
2024-10-13 00:12:33,656 Gathering metrics
2024-10-13 00:14:54,478 {'acc1': 0.9634615384615385, 'acc5': 0.9961538461538462, 'loss': 11.291727917268872, 'macs': 859875130600, 'params': 630847976, 'model_size': 2406.4940490722656, 'inference_time': 0}
2024-10-13 00:14:54,510 Pruning 1536 in layer 31
2024-10-13 00:15:01,892 Gathering metrics
2024-10-13 00:17:22,288 {'acc1': 0.9634615384615385, 'acc5': 0.9961538461538462, 'loss': 11.340777268633246, 'macs': 858078742760, 'params': 629536744, 'model_size': 2401.4920959472656, 'inference_time': 0}
2024-10-13 00:17:22,321 Pruning 2048 in layer 31
2024-10-13 00:17:28,000 Gathering metrics
2024-10-13 00:19:48,379 {'acc1': 0.9634615384615385, 'acc5': 0.9942307692307693, 'loss': 11.541177434846759, 'macs': 856282354920, 'params': 628225512, 'model_size': 2396.4901428222656, 'inference_time': 0}
2024-10-13 00:19:48,412 Pruning 2560 in layer 31
2024-10-13 00:19:52,767 Gathering metrics
2024-10-13 00:22:12,884 {'acc1': 0.9625, 'acc5': 0.9951923076923077, 'loss': 11.841105243191123, 'macs': 854485967080, 'params': 626914280, 'model_size': 2391.4881896972656, 'inference_time': 0}
2024-10-13 00:22:12,917 Pruning 3072 in layer 31
2024-10-13 00:22:16,259 Gathering metrics
2024-10-13 00:24:36,275 {'acc1': 0.9634615384615385, 'acc5': 0.9951923076923077, 'loss': 11.824028996750712, 'macs': 852689579240, 'params': 625603048, 'model_size': 2386.4862365722656, 'inference_time': 0}
2024-10-13 00:24:36,308 Pruning 3584 in layer 31
2024-10-13 00:24:38,734 Gathering metrics
2024-10-13 00:26:58,514 {'acc1': 0.9615384615384616, 'acc5': 0.9942307692307693, 'loss': 12.664521403610706, 'macs': 850893191400, 'params': 624291816, 'model_size': 2381.4842834472656, 'inference_time': 0}
2024-10-13 00:26:58,547 Pruning 4096 in layer 31
2024-10-13 00:27:00,352 Gathering metrics
2024-10-13 00:29:19,760 {'acc1': 0.9644230769230769, 'acc5': 0.9932692307692308, 'loss': 12.433861711993814, 'macs': 849096803560, 'params': 622980584, 'model_size': 2376.4823303222656, 'inference_time': 0}
2024-10-13 00:29:19,793 Pruning 4608 in layer 31
2024-10-13 00:29:21,142 Gathering metrics
2024-10-13 00:31:40,424 {'acc1': 0.9653846153846154, 'acc5': 0.9951923076923077, 'loss': 13.257971126586199, 'macs': 847300415720, 'params': 621669352, 'model_size': 2371.4803771972656, 'inference_time': 0}
2024-10-13 00:31:40,611 Pruning 512 in layer 30
2024-10-13 00:31:52,415 Gathering metrics
2024-10-13 00:34:11,523 {'acc1': 0.9625, 'acc5': 0.9942307692307693, 'loss': 13.733563754707575, 'macs': 847300415720, 'params': 621669352, 'model_size': 2371.4803771972656, 'inference_time': 0}
2024-10-13 00:34:11,557 Pruning 1024 in layer 30
2024-10-13 00:34:21,060 Gathering metrics
2024-10-13 00:36:40,125 {'acc1': 0.9615384615384616, 'acc5': 0.9942307692307693, 'loss': 15.0402756575495, 'macs': 845504027880, 'params': 620358120, 'model_size': 2366.4784240722656, 'inference_time': 0}
2024-10-13 00:36:40,163 Pruning 1536 in layer 30
2024-10-13 00:36:47,930 Gathering metrics
2024-10-13 00:39:06,865 {'acc1': 0.9605769230769231, 'acc5': 0.9942307692307693, 'loss': 15.63309657946229, 'macs': 843707640040, 'params': 619046888, 'model_size': 2361.4764709472656, 'inference_time': 0}
2024-10-13 00:39:06,899 Pruning 512 in layer 29
2024-10-13 00:39:18,780 Gathering metrics
2024-10-13 00:41:37,554 {'acc1': 0.9634615384615385, 'acc5': 0.9942307692307693, 'loss': 15.603841245174408, 'macs': 843707640040, 'params': 619046888, 'model_size': 2361.4764709472656, 'inference_time': 0}
2024-10-13 00:41:37,587 Pruning 1024 in layer 29
2024-10-13 00:41:47,095 Gathering metrics
2024-10-13 00:44:05,988 {'acc1': 0.9605769230769231, 'acc5': 0.9951923076923077, 'loss': 18.214974962174892, 'macs': 841911252200, 'params': 617735656, 'model_size': 2356.4745178222656, 'inference_time': 0}
2024-10-13 00:44:06,022 Pruning 1536 in layer 29
2024-10-13 00:44:13,413 Gathering metrics
2024-10-13 00:46:31,832 {'acc1': 0.9596153846153846, 'acc5': 0.9942307692307693, 'loss': 21.927212335169315, 'macs': 840114864360, 'params': 616424424, 'model_size': 2351.4725646972656, 'inference_time': 0}
2024-10-13 00:46:31,866 Pruning 2048 in layer 29
2024-10-13 00:46:37,554 Gathering metrics
2024-10-13 00:48:55,735 {'acc1': 0.9605769230769231, 'acc5': 0.9942307692307693, 'loss': 22.331779293715954, 'macs': 838318476520, 'params': 615113192, 'model_size': 2346.4706115722656, 'inference_time': 0}
2024-10-13 00:48:55,768 Pruning 2560 in layer 29
2024-10-13 00:49:00,104 Gathering metrics
2024-10-13 00:51:18,031 {'acc1': 0.9596153846153846, 'acc5': 0.9942307692307693, 'loss': 24.762130867689848, 'macs': 836522088680, 'params': 613801960, 'model_size': 2341.4686584472656, 'inference_time': 0}
2024-10-13 00:51:18,065 Pruning 3072 in layer 29
2024-10-13 00:51:21,406 Gathering metrics
2024-10-13 00:53:39,141 {'acc1': 0.9596153846153846, 'acc5': 0.9951923076923077, 'loss': 27.18240274116397, 'macs': 834725700840, 'params': 612490728, 'model_size': 2336.4667053222656, 'inference_time': 0}
2024-10-13 00:53:39,175 Pruning 3584 in layer 29
2024-10-13 00:53:41,588 Gathering metrics
2024-10-13 00:55:59,363 {'acc1': 0.9586538461538462, 'acc5': 0.9951923076923077, 'loss': 31.596248719841242, 'macs': 832929313000, 'params': 611179496, 'model_size': 2331.4647521972656, 'inference_time': 0}
2024-10-13 00:55:59,483 Pruning 4096 in layer 29
2024-10-13 00:56:01,199 Gathering metrics
2024-10-13 00:58:18,531 {'acc1': 0.9625, 'acc5': 0.9961538461538462, 'loss': 36.91025888547301, 'macs': 831132925160, 'params': 609868264, 'model_size': 2326.4627990722656, 'inference_time': 0}
2024-10-13 00:58:18,565 Pruning 4608 in layer 29
2024-10-13 00:58:19,863 Gathering metrics
2024-10-13 01:00:37,238 {'acc1': 0.9615384615384616, 'acc5': 0.9961538461538462, 'loss': 43.98390717804432, 'macs': 829336537320, 'params': 608557032, 'model_size': 2321.4608459472656, 'inference_time': 0}
2024-10-13 01:00:37,271 Pruning 512 in layer 28
2024-10-13 01:00:49,102 Gathering metrics
2024-10-13 01:03:06,298 {'acc1': 0.9634615384615385, 'acc5': 0.9951923076923077, 'loss': 38.981832172721624, 'macs': 829336537320, 'params': 608557032, 'model_size': 2321.4608459472656, 'inference_time': 0}
2024-10-13 01:03:06,331 Pruning 1024 in layer 28
2024-10-13 01:03:15,854 Gathering metrics
2024-10-13 01:05:32,907 {'acc1': 0.9615384615384616, 'acc5': 0.9951923076923077, 'loss': 36.367659255862236, 'macs': 827540149480, 'params': 607245800, 'model_size': 2316.4588928222656, 'inference_time': 0}
2024-10-13 01:05:32,942 Pruning 1536 in layer 28
2024-10-13 01:05:40,343 Gathering metrics
2024-10-13 01:07:56,992 {'acc1': 0.9625, 'acc5': 0.9951923076923077, 'loss': 38.0467868745327, 'macs': 825743761640, 'params': 605934568, 'model_size': 2311.4569396972656, 'inference_time': 0}
2024-10-13 01:07:57,026 Pruning 2048 in layer 28
2024-10-13 01:08:02,707 Gathering metrics
2024-10-13 01:10:19,118 {'acc1': 0.9557692307692308, 'acc5': 0.9961538461538462, 'loss': 54.01531992852688, 'macs': 823947373800, 'params': 604623336, 'model_size': 2306.4549865722656, 'inference_time': 0}
2024-10-13 01:10:19,152 Pruning 512 in layer 27
2024-10-13 01:10:30,970 Gathering metrics
2024-10-13 01:12:47,391 {'acc1': 0.9605769230769231, 'acc5': 0.9942307692307693, 'loss': 44.94397731125355, 'macs': 823947373800, 'params': 604623336, 'model_size': 2306.4549865722656, 'inference_time': 0}
2024-10-13 01:12:47,425 Pruning 1024 in layer 27
2024-10-13 01:12:56,940 Gathering metrics
2024-10-13 01:15:13,199 {'acc1': 0.9605769230769231, 'acc5': 0.9942307692307693, 'loss': 53.49499648809433, 'macs': 822150985960, 'params': 603312104, 'model_size': 2301.4530334472656, 'inference_time': 0}
2024-10-13 01:15:13,233 Pruning 1536 in layer 27
2024-10-13 01:15:20,627 Gathering metrics
2024-10-13 01:17:36,890 {'acc1': 0.9596153846153846, 'acc5': 0.9951923076923077, 'loss': 58.78016299754381, 'macs': 820354598120, 'params': 602000872, 'model_size': 2296.4510803222656, 'inference_time': 0}
2024-10-13 01:17:37,010 Pruning 2048 in layer 27
2024-10-13 01:17:42,623 Gathering metrics
2024-10-13 01:19:59,929 {'acc1': 0.9567307692307693, 'acc5': 0.9942307692307693, 'loss': 64.71724796295166, 'macs': 818558210280, 'params': 600689640, 'model_size': 2291.4491271972656, 'inference_time': 0}
2024-10-13 01:19:59,963 Pruning 512 in layer 26
2024-10-13 01:20:11,830 Gathering metrics
2024-10-13 01:22:27,566 {'acc1': 0.9567307692307693, 'acc5': 0.9932692307692308, 'loss': 69.06172673404217, 'macs': 818558210280, 'params': 600689640, 'model_size': 2291.4491271972656, 'inference_time': 0}
2024-10-13 01:22:27,600 Pruning 1024 in layer 26
2024-10-13 01:22:37,120 Gathering metrics
2024-10-13 01:24:52,804 {'acc1': 0.9576923076923077, 'acc5': 0.9942307692307693, 'loss': 73.0739497244358, 'macs': 816761822440, 'params': 599378408, 'model_size': 2286.4471740722656, 'inference_time': 0}
2024-10-13 01:24:52,838 Pruning 1536 in layer 26
2024-10-13 01:25:00,234 Gathering metrics
2024-10-13 01:27:15,721 {'acc1': 0.9576923076923077, 'acc5': 0.9932692307692308, 'loss': 78.01245699822903, 'macs': 814965434600, 'params': 598067176, 'model_size': 2281.4452209472656, 'inference_time': 0}
2024-10-13 01:27:15,755 Pruning 2048 in layer 26
2024-10-13 01:27:21,425 Gathering metrics
2024-10-13 01:29:36,806 {'acc1': 0.9586538461538462, 'acc5': 0.9942307692307693, 'loss': 70.49985314905643, 'macs': 813169046760, 'params': 596755944, 'model_size': 2276.4432678222656, 'inference_time': 0}
2024-10-13 01:29:36,840 Pruning 2560 in layer 26
2024-10-13 01:29:41,179 Gathering metrics
2024-10-13 01:31:56,177 {'acc1': 0.9586538461538462, 'acc5': 0.9942307692307693, 'loss': 69.52935783565044, 'macs': 811372658920, 'params': 595444712, 'model_size': 2271.4413146972656, 'inference_time': 0}
2024-10-13 01:31:56,211 Pruning 3072 in layer 26
2024-10-13 01:31:59,556 Gathering metrics
2024-10-13 01:34:14,249 {'acc1': 0.9567307692307693, 'acc5': 0.9942307692307693, 'loss': 73.03098982572556, 'macs': 809576271080, 'params': 594133480, 'model_size': 2266.4393615722656, 'inference_time': 0}
2024-10-13 01:34:14,283 Pruning 3584 in layer 26
2024-10-13 01:34:16,680 Gathering metrics
2024-10-13 01:36:31,389 {'acc1': 0.9557692307692308, 'acc5': 0.9942307692307693, 'loss': 72.27277259528637, 'macs': 807779883240, 'params': 592822248, 'model_size': 2261.4374084472656, 'inference_time': 0}
2024-10-13 01:36:31,423 Pruning 512 in layer 25
2024-10-13 01:36:43,290 Gathering metrics
2024-10-13 01:38:57,983 {'acc1': 0.9557692307692308, 'acc5': 0.9942307692307693, 'loss': 78.068932056427, 'macs': 807779883240, 'params': 592822248, 'model_size': 2261.4374084472656, 'inference_time': 0}
2024-10-13 01:38:58,020 Pruning 1024 in layer 25
2024-10-13 01:39:07,928 Gathering metrics
2024-10-13 01:41:22,509 {'acc1': 0.9519230769230769, 'acc5': 0.9932692307692308, 'loss': 88.3483438193798, 'macs': 805983495400, 'params': 591511016, 'model_size': 2256.4354553222656, 'inference_time': 0}
2024-10-13 01:41:22,626 Pruning 512 in layer 24
2024-10-13 01:41:34,414 Gathering metrics
2024-10-13 01:43:48,657 {'acc1': 0.9528846153846153, 'acc5': 0.9932692307692308, 'loss': 83.66441783308983, 'macs': 805983495400, 'params': 591511016, 'model_size': 2256.4354553222656, 'inference_time': 0}
2024-10-13 01:43:48,691 Pruning 1024 in layer 24
2024-10-13 01:43:58,180 Gathering metrics
2024-10-13 01:46:12,398 {'acc1': 0.9538461538461539, 'acc5': 0.9942307692307693, 'loss': 81.89489382505417, 'macs': 804187107560, 'params': 590199784, 'model_size': 2251.4335021972656, 'inference_time': 0}
2024-10-13 01:46:12,432 Pruning 1536 in layer 24
2024-10-13 01:46:19,811 Gathering metrics
2024-10-13 01:48:33,708 {'acc1': 0.95, 'acc5': 0.9932692307692308, 'loss': 83.0362968146801, 'macs': 802390719720, 'params': 588888552, 'model_size': 2246.4315490722656, 'inference_time': 0}
2024-10-13 01:48:33,742 Pruning 512 in layer 23
2024-10-13 01:48:45,611 Gathering metrics
2024-10-13 01:50:59,738 {'acc1': 0.9519230769230769, 'acc5': 0.9932692307692308, 'loss': 83.29944306612015, 'macs': 802390719720, 'params': 588888552, 'model_size': 2246.4315490722656, 'inference_time': 0}
2024-10-13 01:50:59,772 Pruning 1024 in layer 23
2024-10-13 01:51:09,297 Gathering metrics
2024-10-13 01:53:22,945 {'acc1': 0.9509615384615384, 'acc5': 0.9932692307692308, 'loss': 89.31534942984581, 'macs': 800594331880, 'params': 587577320, 'model_size': 2241.4295959472656, 'inference_time': 0}
2024-10-13 01:53:22,979 Pruning 1536 in layer 23
2024-10-13 01:53:30,371 Gathering metrics
2024-10-13 01:55:43,915 {'acc1': 0.948076923076923, 'acc5': 0.9942307692307693, 'loss': 91.14478299021721, 'macs': 798797944040, 'params': 586266088, 'model_size': 2236.4276428222656, 'inference_time': 0}
2024-10-13 01:55:43,949 Pruning 512 in layer 22
2024-10-13 01:55:55,799 Gathering metrics
2024-10-13 01:58:09,315 {'acc1': 0.948076923076923, 'acc5': 0.9932692307692308, 'loss': 93.27652823925018, 'macs': 798797944040, 'params': 586266088, 'model_size': 2236.4276428222656, 'inference_time': 0}
2024-10-13 01:58:09,349 Pruning 1024 in layer 22
2024-10-13 01:58:18,879 Gathering metrics
2024-10-13 02:00:32,163 {'acc1': 0.9423076923076923, 'acc5': 0.9932692307692308, 'loss': 93.85384851694107, 'macs': 797001556200, 'params': 584954856, 'model_size': 2231.4256896972656, 'inference_time': 0}
2024-10-13 02:00:32,282 Pruning 512 in layer 21
2024-10-13 02:00:44,067 Gathering metrics
2024-10-13 02:02:57,451 {'acc1': 0.9403846153846154, 'acc5': 0.9942307692307693, 'loss': 92.13656061887741, 'macs': 797001556200, 'params': 584954856, 'model_size': 2231.4256896972656, 'inference_time': 0}
2024-10-13 02:02:57,485 Pruning 512 in layer 20
2024-10-13 02:03:09,367 Gathering metrics
2024-10-13 02:05:22,687 {'acc1': 0.95, 'acc5': 0.9932692307692308, 'loss': 87.13551205396652, 'macs': 797001556200, 'params': 584954856, 'model_size': 2231.4256896972656, 'inference_time': 0}
2024-10-13 02:05:22,721 Pruning 1024 in layer 20
2024-10-13 02:05:32,246 Gathering metrics
2024-10-13 02:07:45,417 {'acc1': 0.95, 'acc5': 0.9932692307692308, 'loss': 82.42038190364838, 'macs': 795205168360, 'params': 583643624, 'model_size': 2226.4237365722656, 'inference_time': 0}
2024-10-13 02:07:45,451 Pruning 1536 in layer 20
2024-10-13 02:07:52,845 Gathering metrics
2024-10-13 02:10:05,793 {'acc1': 0.9509615384615384, 'acc5': 0.9942307692307693, 'loss': 80.49870669841766, 'macs': 793408780520, 'params': 582332392, 'model_size': 2221.4217834472656, 'inference_time': 0}
2024-10-13 02:10:05,827 Pruning 2048 in layer 20
2024-10-13 02:10:11,493 Gathering metrics
2024-10-13 02:12:24,232 {'acc1': 0.9528846153846153, 'acc5': 0.9942307692307693, 'loss': 77.52768287062645, 'macs': 791612392680, 'params': 581021160, 'model_size': 2216.4198303222656, 'inference_time': 0}
2024-10-13 02:12:24,270 Pruning 2560 in layer 20
2024-10-13 02:12:28,941 Gathering metrics
2024-10-13 02:14:41,425 {'acc1': 0.9528846153846153, 'acc5': 0.9942307692307693, 'loss': 77.6272740662098, 'macs': 789816004840, 'params': 579709928, 'model_size': 2211.4178771972656, 'inference_time': 0}
2024-10-13 02:14:41,459 Pruning 3072 in layer 20
2024-10-13 02:14:44,789 Gathering metrics
2024-10-13 02:16:57,220 {'acc1': 0.9528846153846153, 'acc5': 0.9932692307692308, 'loss': 76.32166948914528, 'macs': 788019617000, 'params': 578398696, 'model_size': 2206.4159240722656, 'inference_time': 0}
2024-10-13 02:16:57,254 Pruning 3584 in layer 20
2024-10-13 02:16:59,664 Gathering metrics
2024-10-13 02:19:11,756 {'acc1': 0.9509615384615384, 'acc5': 0.9923076923076923, 'loss': 76.9405967593193, 'macs': 786223229160, 'params': 577087464, 'model_size': 2201.4139709472656, 'inference_time': 0}
2024-10-13 02:19:11,789 Pruning 4096 in layer 20
2024-10-13 02:19:13,558 Gathering metrics
2024-10-13 02:21:25,320 {'acc1': 0.948076923076923, 'acc5': 0.9932692307692308, 'loss': 77.48210772871971, 'macs': 784426841320, 'params': 575776232, 'model_size': 2196.4120178222656, 'inference_time': 0}
2024-10-13 02:21:25,354 Pruning 4608 in layer 20
2024-10-13 02:21:26,656 Gathering metrics
2024-10-13 02:23:38,298 {'acc1': 0.9528846153846153, 'acc5': 0.9923076923076923, 'loss': 75.51590287685394, 'macs': 782630453480, 'params': 574465000, 'model_size': 2191.4100646972656, 'inference_time': 0}
2024-10-13 02:23:38,417 Pruning 512 in layer 19
2024-10-13 02:23:50,205 Gathering metrics
2024-10-13 02:26:01,904 {'acc1': 0.9490384615384615, 'acc5': 0.9923076923076923, 'loss': 74.46580970287323, 'macs': 782630453480, 'params': 574465000, 'model_size': 2191.4100646972656, 'inference_time': 0}
2024-10-13 02:26:01,938 Pruning 1024 in layer 19
2024-10-13 02:26:11,461 Gathering metrics
2024-10-13 02:28:22,907 {'acc1': 0.9490384615384615, 'acc5': 0.9923076923076923, 'loss': 77.00868195295334, 'macs': 780834065640, 'params': 573153768, 'model_size': 2186.4081115722656, 'inference_time': 0}
2024-10-13 02:28:22,942 Pruning 1536 in layer 19
2024-10-13 02:28:30,324 Gathering metrics
2024-10-13 02:30:41,514 {'acc1': 0.9519230769230769, 'acc5': 0.9932692307692308, 'loss': 71.51995888352394, 'macs': 779037677800, 'params': 571842536, 'model_size': 2181.4061584472656, 'inference_time': 0}
2024-10-13 02:30:41,548 Pruning 2048 in layer 19
2024-10-13 02:30:47,228 Gathering metrics
2024-10-13 02:32:58,015 {'acc1': 0.9490384615384615, 'acc5': 0.9932692307692308, 'loss': 69.77417287230492, 'macs': 777241289960, 'params': 570531304, 'model_size': 2176.4042053222656, 'inference_time': 0}
2024-10-13 02:32:58,050 Pruning 2560 in layer 19
2024-10-13 02:33:02,389 Gathering metrics
2024-10-13 02:35:13,094 {'acc1': 0.9451923076923077, 'acc5': 0.9932692307692308, 'loss': 68.6515394449234, 'macs': 775444902120, 'params': 569220072, 'model_size': 2171.4022521972656, 'inference_time': 0}
2024-10-13 02:35:13,128 Pruning 3072 in layer 19
2024-10-13 02:35:16,461 Gathering metrics
2024-10-13 02:37:26,954 {'acc1': 0.9451923076923077, 'acc5': 0.9932692307692308, 'loss': 66.7522055208683, 'macs': 773648514280, 'params': 567908840, 'model_size': 2166.4002990722656, 'inference_time': 0}
2024-10-13 02:37:26,989 Pruning 3584 in layer 19
2024-10-13 02:37:29,389 Gathering metrics
2024-10-13 02:39:39,727 {'acc1': 0.9451923076923077, 'acc5': 0.9923076923076923, 'loss': 67.3615859746933, 'macs': 771852126440, 'params': 566597608, 'model_size': 2161.3983459472656, 'inference_time': 0}
2024-10-13 02:39:39,761 Pruning 4096 in layer 19
2024-10-13 02:39:41,513 Gathering metrics
2024-10-13 02:41:51,587 {'acc1': 0.9413461538461538, 'acc5': 0.9923076923076923, 'loss': 66.85043330490589, 'macs': 770055738600, 'params': 565286376, 'model_size': 2156.3963928222656, 'inference_time': 0}
2024-10-13 02:41:51,620 Pruning 512 in layer 18
2024-10-13 02:42:03,463 Gathering metrics
2024-10-13 02:44:13,619 {'acc1': 0.9451923076923077, 'acc5': 0.9932692307692308, 'loss': 62.94666850566864, 'macs': 770055738600, 'params': 565286376, 'model_size': 2156.3963928222656, 'inference_time': 0}
2024-10-13 02:44:13,653 Pruning 1024 in layer 18
2024-10-13 02:44:23,144 Gathering metrics
2024-10-13 02:46:34,492 {'acc1': 0.9451923076923077, 'acc5': 0.9932692307692308, 'loss': 60.466075986623764, 'macs': 768259350760, 'params': 563975144, 'model_size': 2151.3944396972656, 'inference_time': 0}
2024-10-13 02:46:34,616 Pruning 1536 in layer 18
2024-10-13 02:46:41,944 Gathering metrics
2024-10-13 02:48:51,793 {'acc1': 0.9490384615384615, 'acc5': 0.9932692307692308, 'loss': 57.90370178222656, 'macs': 766462962920, 'params': 562663912, 'model_size': 2146.3924865722656, 'inference_time': 0}
2024-10-13 02:48:51,827 Pruning 2048 in layer 18
2024-10-13 02:48:57,481 Gathering metrics
2024-10-13 02:51:06,890 {'acc1': 0.9432692307692307, 'acc5': 0.9932692307692308, 'loss': 57.441282495856285, 'macs': 764666575080, 'params': 561352680, 'model_size': 2141.3905334472656, 'inference_time': 0}
2024-10-13 02:51:06,925 Pruning 2560 in layer 18
2024-10-13 02:51:11,262 Gathering metrics
2024-10-13 02:53:20,531 {'acc1': 0.9423076923076923, 'acc5': 0.9932692307692308, 'loss': 58.20001754164696, 'macs': 762870187240, 'params': 560041448, 'model_size': 2136.3885803222656, 'inference_time': 0}
2024-10-13 02:53:20,565 Pruning 3072 in layer 18
2024-10-13 02:53:23,873 Gathering metrics
2024-10-13 02:55:33,088 {'acc1': 0.948076923076923, 'acc5': 0.9932692307692308, 'loss': 57.238197803497314, 'macs': 761073799400, 'params': 558730216, 'model_size': 2131.3866271972656, 'inference_time': 0}
2024-10-13 02:55:33,123 Pruning 3584 in layer 18
2024-10-13 02:55:35,533 Gathering metrics
2024-10-13 02:57:44,410 {'acc1': 0.9451923076923077, 'acc5': 0.9932692307692308, 'loss': 57.0126698166132, 'macs': 759277411560, 'params': 557418984, 'model_size': 2126.3846740722656, 'inference_time': 0}
2024-10-13 02:57:44,444 Pruning 4096 in layer 18
2024-10-13 02:57:46,209 Gathering metrics
2024-10-13 02:59:54,820 {'acc1': 0.9471153846153846, 'acc5': 0.9932692307692308, 'loss': 58.30374336242676, 'macs': 757481023720, 'params': 556107752, 'model_size': 2121.3827209472656, 'inference_time': 0}
2024-10-13 02:59:54,855 Pruning 4608 in layer 18
2024-10-13 02:59:56,160 Gathering metrics
2024-10-13 03:02:04,589 {'acc1': 0.9461538461538461, 'acc5': 0.9932692307692308, 'loss': 58.99442322552204, 'macs': 755684635880, 'params': 554796520, 'model_size': 2116.3807678222656, 'inference_time': 0}
2024-10-13 03:02:04,623 Pruning 512 in layer 17
2024-10-13 03:02:16,456 Gathering metrics
2024-10-13 03:04:24,822 {'acc1': 0.948076923076923, 'acc5': 0.9923076923076923, 'loss': 54.14990386366844, 'macs': 755684635880, 'params': 554796520, 'model_size': 2116.3807678222656, 'inference_time': 0}
2024-10-13 03:04:24,856 Pruning 1024 in layer 17
2024-10-13 03:04:34,369 Gathering metrics
2024-10-13 03:06:42,645 {'acc1': 0.9451923076923077, 'acc5': 0.9923076923076923, 'loss': 52.9114111661911, 'macs': 753888248040, 'params': 553485288, 'model_size': 2111.3788146972656, 'inference_time': 0}
2024-10-13 03:06:42,679 Pruning 1536 in layer 17
2024-10-13 03:06:50,102 Gathering metrics
2024-10-13 03:08:58,126 {'acc1': 0.9442307692307692, 'acc5': 0.9913461538461539, 'loss': 49.92946223169565, 'macs': 752091860200, 'params': 552174056, 'model_size': 2106.3768615722656, 'inference_time': 0}
2024-10-13 03:08:58,249 Pruning 2048 in layer 17
2024-10-13 03:09:03,852 Gathering metrics
2024-10-13 03:11:11,555 {'acc1': 0.9432692307692307, 'acc5': 0.9913461538461539, 'loss': 50.83374424278736, 'macs': 750295472360, 'params': 550862824, 'model_size': 2101.3749084472656, 'inference_time': 0}
2024-10-13 03:11:11,589 Pruning 512 in layer 16
2024-10-13 03:11:23,481 Gathering metrics
2024-10-13 03:13:31,301 {'acc1': 0.9413461538461538, 'acc5': 0.9913461538461539, 'loss': 44.39147225022316, 'macs': 750295472360, 'params': 550862824, 'model_size': 2101.3749084472656, 'inference_time': 0}
2024-10-13 03:13:31,335 Pruning 1024 in layer 16
2024-10-13 03:13:40,840 Gathering metrics
2024-10-13 03:15:48,326 {'acc1': 0.9384615384615385, 'acc5': 0.9903846153846154, 'loss': 42.318760722875595, 'macs': 748499084520, 'params': 549551592, 'model_size': 2096.3729553222656, 'inference_time': 0}
2024-10-13 03:15:48,361 Pruning 512 in layer 15
2024-10-13 03:16:00,268 Gathering metrics
2024-10-13 03:18:07,849 {'acc1': 0.9394230769230769, 'acc5': 0.9903846153846154, 'loss': 44.14519385993481, 'macs': 748499084520, 'params': 549551592, 'model_size': 2096.3729553222656, 'inference_time': 0}
2024-10-13 03:18:07,884 Pruning 1024 in layer 15
2024-10-13 03:18:17,398 Gathering metrics
2024-10-13 03:20:24,806 {'acc1': 0.9394230769230769, 'acc5': 0.9903846153846154, 'loss': 43.19359750300646, 'macs': 746702696680, 'params': 548240360, 'model_size': 2091.3710021972656, 'inference_time': 0}
2024-10-13 03:20:24,841 Pruning 1536 in layer 15
2024-10-13 03:20:32,234 Gathering metrics
2024-10-13 03:22:39,442 {'acc1': 0.9384615384615385, 'acc5': 0.989423076923077, 'loss': 42.14502166211605, 'macs': 744906308840, 'params': 546929128, 'model_size': 2086.3690490722656, 'inference_time': 0}
2024-10-13 03:22:39,476 Pruning 2048 in layer 15
2024-10-13 03:22:45,139 Gathering metrics
2024-10-13 03:24:51,946 {'acc1': 0.9384615384615385, 'acc5': 0.989423076923077, 'loss': 42.18486775457859, 'macs': 743109921000, 'params': 545617896, 'model_size': 2081.3670959472656, 'inference_time': 0}
2024-10-13 03:24:51,980 Pruning 2560 in layer 15
2024-10-13 03:24:56,304 Gathering metrics
2024-10-13 03:27:02,954 {'acc1': 0.9346153846153846, 'acc5': 0.989423076923077, 'loss': 43.201300129294395, 'macs': 741313533160, 'params': 544306664, 'model_size': 2076.3651428222656, 'inference_time': 0}
2024-10-13 03:27:02,988 Pruning 512 in layer 14
2024-10-13 03:27:14,866 Gathering metrics
2024-10-13 03:29:21,660 {'acc1': 0.9317307692307693, 'acc5': 0.989423076923077, 'loss': 42.57362927496433, 'macs': 741313533160, 'params': 544306664, 'model_size': 2076.3651428222656, 'inference_time': 0}
2024-10-13 03:29:21,778 Pruning 512 in layer 13
2024-10-13 03:29:33,606 Gathering metrics
2024-10-13 03:31:40,293 {'acc1': 0.9317307692307693, 'acc5': 0.9884615384615385, 'loss': 43.29986330866814, 'macs': 741313533160, 'params': 544306664, 'model_size': 2076.3651428222656, 'inference_time': 0}
2024-10-13 03:31:40,330 Pruning 512 in layer 12
2024-10-13 03:31:52,571 Gathering metrics
2024-10-13 03:33:59,188 {'acc1': 0.9365384615384615, 'acc5': 0.989423076923077, 'loss': 40.00237047672272, 'macs': 741313533160, 'params': 544306664, 'model_size': 2076.3651428222656, 'inference_time': 0}
2024-10-13 03:33:59,222 Pruning 1024 in layer 12
2024-10-13 03:34:08,721 Gathering metrics
2024-10-13 03:36:15,186 {'acc1': 0.9336538461538462, 'acc5': 0.9884615384615385, 'loss': 38.972938887774944, 'macs': 739517145320, 'params': 542995432, 'model_size': 2071.3631896972656, 'inference_time': 0}
2024-10-13 03:36:15,220 Pruning 512 in layer 11
2024-10-13 03:36:27,069 Gathering metrics
2024-10-13 03:38:33,501 {'acc1': 0.9278846153846154, 'acc5': 0.989423076923077, 'loss': 42.350677989423275, 'macs': 739517145320, 'params': 542995432, 'model_size': 2071.3631896972656, 'inference_time': 0}
2024-10-13 03:38:33,535 Pruning 512 in layer 10
2024-10-13 03:38:45,399 Gathering metrics
2024-10-13 03:40:51,872 {'acc1': 0.9365384615384615, 'acc5': 0.989423076923077, 'loss': 41.24511435627937, 'macs': 739517145320, 'params': 542995432, 'model_size': 2071.3631896972656, 'inference_time': 0}
2024-10-13 03:40:51,906 Pruning 1024 in layer 10
2024-10-13 03:41:01,424 Gathering metrics
2024-10-13 03:43:07,768 {'acc1': 0.9336538461538462, 'acc5': 0.989423076923077, 'loss': 42.21476235985756, 'macs': 737720757480, 'params': 541684200, 'model_size': 2066.3612365722656, 'inference_time': 0}
2024-10-13 03:43:07,802 Pruning 1536 in layer 10
2024-10-13 03:43:15,215 Gathering metrics
2024-10-13 03:45:21,180 {'acc1': 0.9346153846153846, 'acc5': 0.9903846153846154, 'loss': 43.84369544684887, 'macs': 735924369640, 'params': 540372968, 'model_size': 2061.3592834472656, 'inference_time': 0}
2024-10-13 03:45:21,214 Pruning 2048 in layer 10
2024-10-13 03:45:26,864 Gathering metrics
2024-10-13 03:47:32,809 {'acc1': 0.9346153846153846, 'acc5': 0.989423076923077, 'loss': 47.86096267402172, 'macs': 734127981800, 'params': 539061736, 'model_size': 2056.3573303222656, 'inference_time': 0}
2024-10-13 03:47:32,930 Pruning 2560 in layer 10
2024-10-13 03:47:37,209 Gathering metrics
2024-10-13 03:49:42,881 {'acc1': 0.9307692307692308, 'acc5': 0.989423076923077, 'loss': 50.51118601858616, 'macs': 732331593960, 'params': 537750504, 'model_size': 2051.3553771972656, 'inference_time': 0}
2024-10-13 03:49:42,915 Pruning 512 in layer 9
2024-10-13 03:49:54,776 Gathering metrics
2024-10-13 03:52:00,458 {'acc1': 0.9307692307692308, 'acc5': 0.9875, 'loss': 51.417705327272415, 'macs': 732331593960, 'params': 537750504, 'model_size': 2051.3553771972656, 'inference_time': 0}
2024-10-13 03:52:00,492 Pruning 512 in layer 8
2024-10-13 03:52:12,338 Gathering metrics
2024-10-13 03:54:18,015 {'acc1': 0.9288461538461539, 'acc5': 0.9884615384615385, 'loss': 48.880779057741165, 'macs': 732331593960, 'params': 537750504, 'model_size': 2051.3553771972656, 'inference_time': 0}
2024-10-13 03:54:18,049 Pruning 512 in layer 7
2024-10-13 03:54:29,918 Gathering metrics
2024-10-13 03:56:35,392 {'acc1': 0.9307692307692308, 'acc5': 0.9884615384615385, 'loss': 48.76562798023224, 'macs': 732331593960, 'params': 537750504, 'model_size': 2051.3553771972656, 'inference_time': 0}
2024-10-13 03:56:35,426 Pruning 512 in layer 6
2024-10-13 03:56:47,276 Gathering metrics
2024-10-13 03:58:52,764 {'acc1': 0.9336538461538462, 'acc5': 0.9875, 'loss': 49.60915985703468, 'macs': 732331593960, 'params': 537750504, 'model_size': 2051.3553771972656, 'inference_time': 0}
2024-10-13 03:58:52,798 Pruning 1024 in layer 6
2024-10-13 03:59:02,293 Gathering metrics
2024-10-13 04:01:07,769 {'acc1': 0.9326923076923077, 'acc5': 0.9875, 'loss': 51.61656793951988, 'macs': 730535206120, 'params': 536439272, 'model_size': 2046.3534240722656, 'inference_time': 0}
2024-10-13 04:01:07,804 Pruning 1536 in layer 6
2024-10-13 04:01:15,207 Gathering metrics
2024-10-13 04:03:20,416 {'acc1': 0.9278846153846154, 'acc5': 0.9884615384615385, 'loss': 53.817213997244835, 'macs': 728738818280, 'params': 535128040, 'model_size': 2041.3514709472656, 'inference_time': 0}
2024-10-13 04:03:20,451 Pruning 512 in layer 5
2024-10-13 04:03:32,290 Gathering metrics
2024-10-13 04:05:37,495 {'acc1': 0.9278846153846154, 'acc5': 0.9855769230769231, 'loss': 53.44348464906216, 'macs': 728738818280, 'params': 535128040, 'model_size': 2041.3514709472656, 'inference_time': 0}
2024-10-13 04:05:37,532 Pruning 512 in layer 4
2024-10-13 04:05:49,784 Gathering metrics
2024-10-13 04:07:54,899 {'acc1': 0.9298076923076923, 'acc5': 0.9875, 'loss': 51.939308151602745, 'macs': 728738818280, 'params': 535128040, 'model_size': 2041.3514709472656, 'inference_time': 0}
2024-10-13 04:07:55,018 Pruning 1024 in layer 4
2024-10-13 04:08:04,451 Gathering metrics
2024-10-13 04:10:09,278 {'acc1': 0.9298076923076923, 'acc5': 0.9875, 'loss': 52.69424384832382, 'macs': 726942430440, 'params': 533816808, 'model_size': 2036.3495178222656, 'inference_time': 0}
2024-10-13 04:10:09,312 Pruning 1536 in layer 4
2024-10-13 04:10:16,692 Gathering metrics
2024-10-13 04:12:21,198 {'acc1': 0.925, 'acc5': 0.9865384615384616, 'loss': 54.39795441925526, 'macs': 725146042600, 'params': 532505576, 'model_size': 2031.3475646972656, 'inference_time': 0}
2024-10-13 04:12:21,232 Pruning 512 in layer 3
2024-10-13 04:12:33,078 Gathering metrics
2024-10-13 04:14:37,652 {'acc1': 0.9278846153846154, 'acc5': 0.9875, 'loss': 53.17873890697956, 'macs': 725146042600, 'params': 532505576, 'model_size': 2031.3475646972656, 'inference_time': 0}
2024-10-13 04:14:37,687 Pruning 1024 in layer 3
2024-10-13 04:14:47,169 Gathering metrics
2024-10-13 04:16:52,049 {'acc1': 0.925, 'acc5': 0.9865384615384616, 'loss': 53.406043499708176, 'macs': 723349654760, 'params': 531194344, 'model_size': 2026.3456115722656, 'inference_time': 0}
2024-10-13 04:16:52,084 Pruning 512 in layer 2
2024-10-13 04:17:03,930 Gathering metrics
2024-10-13 04:19:08,470 {'acc1': 0.9259615384615385, 'acc5': 0.9865384615384616, 'loss': 51.632476791739464, 'macs': 723349654760, 'params': 531194344, 'model_size': 2026.3456115722656, 'inference_time': 0}
2024-10-13 04:19:08,508 Pruning 1024 in layer 2
2024-10-13 04:19:18,385 Gathering metrics
2024-10-13 04:21:22,586 {'acc1': 0.9230769230769231, 'acc5': 0.9855769230769231, 'loss': 51.23053000867367, 'macs': 721553266920, 'params': 529883112, 'model_size': 2021.3436584472656, 'inference_time': 0}
2024-10-13 04:21:22,620 Pruning 512 in layer 1
2024-10-13 04:21:34,465 Gathering metrics
2024-10-13 04:23:38,858 {'acc1': 0.9230769230769231, 'acc5': 0.9865384615384616, 'loss': 51.246029794216156, 'macs': 721553266920, 'params': 529883112, 'model_size': 2021.3436584472656, 'inference_time': 0}
2024-10-13 04:23:38,893 Pruning 1024 in layer 1
2024-10-13 04:23:48,402 Gathering metrics
2024-10-13 04:25:52,502 {'acc1': 0.9211538461538461, 'acc5': 0.9855769230769231, 'loss': 52.27327308058739, 'macs': 719756879080, 'params': 528571880, 'model_size': 2016.3417053222656, 'inference_time': 0}
2024-10-13 04:25:52,622 Pruning 512 in layer 0
2024-10-13 04:26:04,422 Gathering metrics
2024-10-13 04:28:08,353 {'acc1': 0.9240384615384616, 'acc5': 0.9865384615384616, 'loss': 51.81765063107014, 'macs': 719756879080, 'params': 528571880, 'model_size': 2016.3417053222656, 'inference_time': 0}
2024-10-13 04:28:08,387 Pruning 1024 in layer 0
2024-10-13 04:28:17,877 Gathering metrics
2024-10-13 04:30:21,698 {'acc1': 0.925, 'acc5': 0.9884615384615385, 'loss': 52.4404421299696, 'macs': 717960491240, 'params': 527260648, 'model_size': 2011.3397521972656, 'inference_time': 0}
2024-10-13 04:30:21,732 Pruning 1536 in layer 0
2024-10-13 04:30:29,087 Gathering metrics
2024-10-13 04:32:32,577 {'acc1': 0.9240384615384616, 'acc5': 0.9875, 'loss': 52.59189826250076, 'macs': 716164103400, 'params': 525949416, 'model_size': 2006.3377990722656, 'inference_time': 0}
2024-10-13 04:32:32,612 Pruning 2048 in layer 0
2024-10-13 04:32:38,279 Gathering metrics
2024-10-13 04:34:41,688 {'acc1': 0.9259615384615385, 'acc5': 0.9865384615384616, 'loss': 53.1099803596735, 'macs': 714367715560, 'params': 524638184, 'model_size': 2001.3358459472656, 'inference_time': 0}
2024-10-13 04:34:41,722 Pruning 2560 in layer 0
2024-10-13 04:34:46,020 Gathering metrics
2024-10-13 04:36:49,251 {'acc1': 0.9182692307692307, 'acc5': 0.9865384615384616, 'loss': 53.88351909816265, 'macs': 712571327720, 'params': 523326952, 'model_size': 1996.3338928222656, 'inference_time': 0}
2024-10-13 04:36:49,268 Experiment finished
