2024-10-10 15:01:04,574 Starting experiment outputs/uniform/vit_b_16/proj000
2024-10-10 15:01:04,574 Pruning 0...
2024-10-10 15:02:04,305 Gathering metrics...
2024-10-10 15:03:25,818 {'acc1': 0.8571206467661692, 'acc5': 0.9704601990049752, 'loss': 132.9508498981595, 'macs': 16864992232, 'params': 86567656, 'model_size': 330.2294006347656, 'inference_time': 0}
2024-10-10 15:03:25,818 Pruning 50...
2024-10-10 15:04:28,018 Gathering metrics...
2024-10-10 15:05:49,604 {'acc1': 0.8546330845771144, 'acc5': 0.9690609452736318, 'loss': 133.58755411952734, 'macs': 16683318832, 'params': 85645456, 'model_size': 326.71148681640625, 'inference_time': 0}
2024-10-10 15:05:49,604 Pruning 107...
2024-10-10 15:06:56,404 Gathering metrics...
2024-10-10 15:08:17,059 {'acc1': 0.8504353233830846, 'acc5': 0.965018656716418, 'loss': 135.8627656623721, 'macs': 16476211156, 'params': 84594148, 'model_size': 322.70106506347656, 'inference_time': 0}
2024-10-10 15:08:17,059 Pruning 167...
2024-10-10 15:09:28,484 Gathering metrics...
2024-10-10 15:10:47,982 {'acc1': 0.8471703980099502, 'acc5': 0.9634639303482587, 'loss': 137.72401612251997, 'macs': 16258203076, 'params': 83487508, 'model_size': 318.4795684814453, 'inference_time': 0}
2024-10-10 15:10:47,982 Pruning 230...
2024-10-10 15:12:04,516 Gathering metrics...
2024-10-10 15:13:24,478 {'acc1': 0.8403296019900498, 'acc5': 0.9617537313432836, 'loss': 141.04433941096067, 'macs': 16029294592, 'params': 82325536, 'model_size': 314.0469970703125, 'inference_time': 0}
2024-10-10 15:13:24,478 Pruning 294...
2024-10-10 15:14:46,005 Gathering metrics...
2024-10-10 15:16:05,539 {'acc1': 0.8345771144278606, 'acc5': 0.957089552238806, 'loss': 145.35448580235243, 'macs': 15796752640, 'params': 81145120, 'model_size': 309.5440673828125, 'inference_time': 0}
2024-10-10 15:16:05,539 Pruning 359...
2024-10-10 15:17:32,202 Gathering metrics...
2024-10-10 15:18:51,099 {'acc1': 0.8254042288557214, 'acc5': 0.9525808457711443, 'loss': 151.3059854283929, 'macs': 15560577220, 'params': 79946260, 'model_size': 304.9707794189453, 'inference_time': 0}
2024-10-10 15:18:51,099 Pruning 425...
2024-10-10 15:20:23,089 Gathering metrics...
2024-10-10 15:21:41,521 {'acc1': 0.816231343283582, 'acc5': 0.9493159203980099, 'loss': 160.14240457117558, 'macs': 15320768332, 'params': 78728956, 'model_size': 300.32713317871094, 'inference_time': 0}
2024-10-10 15:21:41,521 Pruning 492...
2024-10-10 15:23:18,850 Gathering metrics...
2024-10-10 15:24:36,588 {'acc1': 0.7877798507462687, 'acc5': 0.9350124378109452, 'loss': 185.86321806162596, 'macs': 15077325976, 'params': 77493208, 'model_size': 295.6131286621094, 'inference_time': 0}
2024-10-10 15:24:36,588 Pruning 561...
2024-10-10 15:26:19,396 Gathering metrics...
2024-10-10 15:27:35,863 {'acc1': 0.7632151741293532, 'acc5': 0.9225746268656716, 'loss': 209.5169944986701, 'macs': 14826616684, 'params': 76220572, 'model_size': 290.75840759277344, 'inference_time': 0}
2024-10-10 15:27:35,864 Pruning 629...
2024-10-10 15:29:23,757 Gathering metrics...
2024-10-10 15:30:41,084 {'acc1': 0.7349191542288557, 'acc5': 0.9071828358208955, 'loss': 238.63220131397247, 'macs': 14579540860, 'params': 74966380, 'model_size': 285.9740447998047, 'inference_time': 0}
2024-10-10 15:30:41,084 Pruning 699...
2024-10-10 15:32:36,539 Gathering metrics...
2024-10-10 15:33:51,809 {'acc1': 0.6974502487562189, 'acc5': 0.8753109452736318, 'loss': 284.69873800873756, 'macs': 14325198100, 'params': 73675300, 'model_size': 281.04896545410156, 'inference_time': 0}
2024-10-10 15:33:51,809 Pruning 769...
2024-10-10 15:35:52,248 Gathering metrics...
2024-10-10 15:37:05,958 {'acc1': 0.667910447761194, 'acc5': 0.8599191542288557, 'loss': 320.0479675680399, 'macs': 14070855340, 'params': 72384220, 'model_size': 276.12388610839844, 'inference_time': 0}
2024-10-10 15:37:05,959 Pruning 840...
2024-10-10 15:39:10,736 Gathering metrics...
2024-10-10 15:40:24,581 {'acc1': 0.3344216417910448, 'acc5': 0.5209888059701493, 'loss': 887.2759828567505, 'macs': 13812879112, 'params': 71074696, 'model_size': 271.1284484863281, 'inference_time': 0}
2024-10-10 15:40:24,581 Pruning 911...
2024-10-10 15:42:34,175 Gathering metrics...
2024-10-10 15:43:49,256 {'acc1': 0.3031716417910448, 'acc5': 0.4762126865671642, 'loss': 907.6100769042969, 'macs': 13554902884, 'params': 69765172, 'model_size': 266.1330108642578, 'inference_time': 0}
2024-10-10 15:43:49,256 Pruning 983...
2024-10-10 15:46:01,490 Gathering metrics...
2024-10-10 15:47:17,159 {'acc1': 0.2416044776119403, 'acc5': 0.4056281094527363, 'loss': 971.2440328598022, 'macs': 13293293188, 'params': 68437204, 'model_size': 261.0672149658203, 'inference_time': 0}
2024-10-10 15:47:17,159 Pruning 1056...
2024-10-10 15:49:33,560 Gathering metrics...
2024-10-10 15:50:48,742 {'acc1': 0.1525186567164179, 'acc5': 0.28762437810945274, 'loss': 1074.7663559913635, 'macs': 13028050024, 'params': 67090792, 'model_size': 255.93106079101562, 'inference_time': 0}
2024-10-10 15:50:48,742 Pruning 1128...
2024-10-10 15:53:09,296 Gathering metrics...
2024-10-10 15:54:22,727 {'acc1': 0.11271766169154229, 'acc5': 0.2255907960199005, 'loss': 1139.6499252319336, 'macs': 12766440328, 'params': 65762824, 'model_size': 250.86526489257812, 'inference_time': 0}
2024-10-10 15:54:22,728 Pruning 1202...
2024-10-10 15:56:46,643 Gathering metrics...
2024-10-10 15:58:00,853 {'acc1': 0.07742537313432836, 'acc5': 0.15485074626865672, 'loss': 1223.182548046112, 'macs': 12497563696, 'params': 64397968, 'model_size': 245.65875244140625, 'inference_time': 0}
2024-10-10 15:58:00,853 Pruning 1275...
2024-10-10 16:00:28,658 Gathering metrics...
2024-10-10 16:01:41,934 {'acc1': 0.040267412935323384, 'acc5': 0.09126243781094527, 'loss': 1315.7218568325043, 'macs': 12232320532, 'params': 63051556, 'model_size': 240.52259826660156, 'inference_time': 0}
2024-10-10 16:01:41,935 Pruning 1349...
2024-10-10 16:04:13,391 Gathering metrics...
2024-10-10 16:05:26,878 {'acc1': 0.020833333333333332, 'acc5': 0.05146144278606965, 'loss': 1368.4833884239197, 'macs': 11963443900, 'params': 61686700, 'model_size': 235.3160858154297, 'inference_time': 0}
2024-10-10 16:05:26,879 Pruning 1424...
2024-10-10 16:08:02,461 Gathering metrics...
2024-10-10 16:09:15,623 {'acc1': 0.00777363184079602, 'acc5': 0.02254353233830846, 'loss': 1414.1109285354614, 'macs': 11690933800, 'params': 60303400, 'model_size': 230.03921508789062, 'inference_time': 0}
2024-10-10 16:09:15,623 Pruning 1498...
2024-10-10 16:11:53,800 Gathering metrics...
2024-10-10 16:13:06,488 {'acc1': 0.002798507462686567, 'acc5': 0.008395522388059701, 'loss': 1434.504831314087, 'macs': 11422057168, 'params': 58938544, 'model_size': 224.83270263671875, 'inference_time': 0}
2024-10-10 16:13:06,488 Pruning 1574...
2024-10-10 16:15:48,906 Gathering metrics...
2024-10-10 16:17:01,676 {'acc1': 0.0013992537313432835, 'acc5': 0.0032649253731343282, 'loss': 1448.6349453926086, 'macs': 11145913600, 'params': 57536800, 'model_size': 219.4854736328125, 'inference_time': 0}
2024-10-10 16:17:01,723 Experiment finished
