2024-10-11 23:31:11,351 Starting experiment outputs/adaptive/vit_b_16/l1
2024-10-11 23:31:11,352 Loading the original model
2024-10-11 23:31:11,720 Gathering metrics of the original model
2024-10-11 23:31:51,483 {'acc1': 0.8415841584158416, 'acc5': 0.968440594059406, 'loss': 71.7905719652772, 'macs': 16864992232, 'params': 86567656, 'model_size': 330.2294006347656, 'inference_time': 0}
2024-10-11 23:31:51,497 Pruning 128 in layer 11
2024-10-11 23:31:51,515 Gathering metrics
2024-10-11 23:32:28,925 {'acc1': 0.8397277227722773, 'acc5': 0.969059405940594, 'loss': 70.30059771984816, 'macs': 16826235240, 'params': 86370920, 'model_size': 329.4789123535156, 'inference_time': 0}
2024-10-11 23:32:29,037 Pruning 256 in layer 11
2024-10-11 23:32:29,038 Gathering metrics
2024-10-11 23:33:06,302 {'acc1': 0.8403465346534653, 'acc5': 0.9678217821782178, 'loss': 70.16042616963387, 'macs': 16787478248, 'params': 86174184, 'model_size': 328.7284240722656, 'inference_time': 0}
2024-10-11 23:33:06,317 Pruning 384 in layer 11
2024-10-11 23:33:06,318 Gathering metrics
2024-10-11 23:33:43,389 {'acc1': 0.838799504950495, 'acc5': 0.96875, 'loss': 69.66089126095176, 'macs': 16748721256, 'params': 85977448, 'model_size': 327.9779357910156, 'inference_time': 0}
2024-10-11 23:33:43,403 Pruning 512 in layer 11
2024-10-11 23:33:43,404 Gathering metrics
2024-10-11 23:34:20,529 {'acc1': 0.838180693069307, 'acc5': 0.9675123762376238, 'loss': 68.52884842082858, 'macs': 16709964264, 'params': 85780712, 'model_size': 327.2274475097656, 'inference_time': 0}
2024-10-11 23:34:20,542 Pruning 640 in layer 11
2024-10-11 23:34:20,543 Gathering metrics
2024-10-11 23:34:57,639 {'acc1': 0.838799504950495, 'acc5': 0.968440594059406, 'loss': 67.99945896863937, 'macs': 16671207272, 'params': 85583976, 'model_size': 326.4769592285156, 'inference_time': 0}
2024-10-11 23:34:57,652 Pruning 768 in layer 11
2024-10-11 23:34:57,653 Gathering metrics
2024-10-11 23:35:34,767 {'acc1': 0.8394183168316832, 'acc5': 0.968440594059406, 'loss': 67.027453167364, 'macs': 16632450280, 'params': 85387240, 'model_size': 325.7264709472656, 'inference_time': 0}
2024-10-11 23:35:34,782 Pruning 896 in layer 11
2024-10-11 23:35:34,783 Gathering metrics
2024-10-11 23:36:11,500 {'acc1': 0.8397277227722773, 'acc5': 0.96875, 'loss': 66.9715614952147, 'macs': 16593693288, 'params': 85190504, 'model_size': 324.9759826660156, 'inference_time': 0}
2024-10-11 23:36:11,514 Pruning 1024 in layer 11
2024-10-11 23:36:11,515 Gathering metrics
2024-10-11 23:36:48,413 {'acc1': 0.8397277227722773, 'acc5': 0.96875, 'loss': 66.64838484488428, 'macs': 16554936296, 'params': 84993768, 'model_size': 324.2254943847656, 'inference_time': 0}
2024-10-11 23:36:48,427 Pruning 1152 in layer 11
2024-10-11 23:36:48,428 Gathering metrics
2024-10-11 23:37:25,316 {'acc1': 0.8400371287128713, 'acc5': 0.96875, 'loss': 66.10206152684987, 'macs': 16516179304, 'params': 84797032, 'model_size': 323.4750061035156, 'inference_time': 0}
2024-10-11 23:37:25,330 Pruning 1280 in layer 11
2024-10-11 23:37:25,331 Gathering metrics
2024-10-11 23:38:02,178 {'acc1': 0.8397277227722773, 'acc5': 0.969059405940594, 'loss': 65.6565614528954, 'macs': 16477422312, 'params': 84600296, 'model_size': 322.7245178222656, 'inference_time': 0}
2024-10-11 23:38:02,192 Pruning 1408 in layer 11
2024-10-11 23:38:02,193 Gathering metrics
2024-10-11 23:38:38,997 {'acc1': 0.8400371287128713, 'acc5': 0.9681311881188119, 'loss': 65.5177294369787, 'macs': 16438665320, 'params': 84403560, 'model_size': 321.9740295410156, 'inference_time': 0}
2024-10-11 23:38:39,011 Pruning 1536 in layer 11
2024-10-11 23:38:39,012 Gathering metrics
2024-10-11 23:39:15,550 {'acc1': 0.8403465346534653, 'acc5': 0.9675123762376238, 'loss': 65.18935871496797, 'macs': 16399908328, 'params': 84206824, 'model_size': 321.2235412597656, 'inference_time': 0}
2024-10-11 23:39:15,564 Pruning 1664 in layer 11
2024-10-11 23:39:15,565 Gathering metrics
2024-10-11 23:39:52,481 {'acc1': 0.8415841584158416, 'acc5': 0.9681311881188119, 'loss': 65.04831213131547, 'macs': 16361151336, 'params': 84010088, 'model_size': 320.4730529785156, 'inference_time': 0}
2024-10-11 23:39:52,494 Pruning 1792 in layer 11
2024-10-11 23:39:52,495 Gathering metrics
2024-10-11 23:40:29,321 {'acc1': 0.8403465346534653, 'acc5': 0.968440594059406, 'loss': 64.84129608422518, 'macs': 16322394344, 'params': 83813352, 'model_size': 319.7225646972656, 'inference_time': 0}
2024-10-11 23:40:29,335 Pruning 1920 in layer 11
2024-10-11 23:40:29,336 Gathering metrics
2024-10-11 23:41:05,946 {'acc1': 0.8406559405940595, 'acc5': 0.969059405940594, 'loss': 64.74164439551532, 'macs': 16283637352, 'params': 83616616, 'model_size': 318.9720764160156, 'inference_time': 0}
2024-10-11 23:41:05,961 Pruning 2048 in layer 11
2024-10-11 23:41:05,962 Gathering metrics
2024-10-11 23:41:42,922 {'acc1': 0.8406559405940595, 'acc5': 0.969059405940594, 'loss': 64.66823403909802, 'macs': 16244880360, 'params': 83419880, 'model_size': 318.2215881347656, 'inference_time': 0}
2024-10-11 23:41:42,937 Pruning 2176 in layer 11
2024-10-11 23:41:42,938 Gathering metrics
2024-10-11 23:42:19,802 {'acc1': 0.8409653465346535, 'acc5': 0.968440594059406, 'loss': 64.60320248454809, 'macs': 16206123368, 'params': 83223144, 'model_size': 317.4710998535156, 'inference_time': 0}
2024-10-11 23:42:19,816 Pruning 2304 in layer 11
2024-10-11 23:42:19,817 Gathering metrics
2024-10-11 23:42:56,196 {'acc1': 0.8415841584158416, 'acc5': 0.96875, 'loss': 64.51334856636822, 'macs': 16167366376, 'params': 83026408, 'model_size': 316.7206115722656, 'inference_time': 0}
2024-10-11 23:42:56,211 Pruning 2432 in layer 11
2024-10-11 23:42:56,212 Gathering metrics
2024-10-11 23:43:33,156 {'acc1': 0.8415841584158416, 'acc5': 0.96875, 'loss': 64.43438960984349, 'macs': 16128609384, 'params': 82829672, 'model_size': 315.9701232910156, 'inference_time': 0}
2024-10-11 23:43:33,169 Pruning 2560 in layer 11
2024-10-11 23:43:33,170 Gathering metrics
2024-10-11 23:44:09,718 {'acc1': 0.8418935643564357, 'acc5': 0.969059405940594, 'loss': 64.40700454823673, 'macs': 16089852392, 'params': 82632936, 'model_size': 315.2196350097656, 'inference_time': 0}
2024-10-11 23:44:09,735 Pruning 2688 in layer 11
2024-10-11 23:44:09,736 Gathering metrics
2024-10-11 23:44:46,092 {'acc1': 0.8415841584158416, 'acc5': 0.9693688118811881, 'loss': 64.50803136453032, 'macs': 16051095400, 'params': 82436200, 'model_size': 314.4691467285156, 'inference_time': 0}
2024-10-11 23:44:46,106 Pruning 2816 in layer 11
2024-10-11 23:44:46,107 Gathering metrics
2024-10-11 23:45:22,439 {'acc1': 0.8406559405940595, 'acc5': 0.96875, 'loss': 64.4452907461673, 'macs': 16012338408, 'params': 82239464, 'model_size': 313.7186584472656, 'inference_time': 0}
2024-10-11 23:45:22,453 Pruning 2944 in layer 11
2024-10-11 23:45:22,454 Gathering metrics
2024-10-11 23:45:58,735 {'acc1': 0.8415841584158416, 'acc5': 0.968440594059406, 'loss': 64.46593368798494, 'macs': 15973581416, 'params': 82042728, 'model_size': 312.9681701660156, 'inference_time': 0}
2024-10-11 23:45:58,750 Pruning 128 in layer 10
2024-10-11 23:45:58,751 Gathering metrics
2024-10-11 23:46:35,119 {'acc1': 0.8397277227722773, 'acc5': 0.9662747524752475, 'loss': 66.8102838806808, 'macs': 15973581416, 'params': 82042728, 'model_size': 312.9681701660156, 'inference_time': 0}
2024-10-11 23:46:35,133 Pruning 256 in layer 10
2024-10-11 23:46:35,134 Gathering metrics
2024-10-11 23:47:11,599 {'acc1': 0.838799504950495, 'acc5': 0.9668935643564357, 'loss': 65.88393985107541, 'macs': 15934824424, 'params': 81845992, 'model_size': 312.2176818847656, 'inference_time': 0}
2024-10-11 23:47:11,617 Pruning 384 in layer 10
2024-10-11 23:47:11,618 Gathering metrics
2024-10-11 23:47:48,056 {'acc1': 0.838799504950495, 'acc5': 0.9656559405940595, 'loss': 65.74585065804422, 'macs': 15896067432, 'params': 81649256, 'model_size': 311.4671936035156, 'inference_time': 0}
2024-10-11 23:47:48,070 Pruning 512 in layer 10
2024-10-11 23:47:48,071 Gathering metrics
2024-10-11 23:48:24,423 {'acc1': 0.8409653465346535, 'acc5': 0.9656559405940595, 'loss': 65.50555148720741, 'macs': 15857310440, 'params': 81452520, 'model_size': 310.7167053222656, 'inference_time': 0}
2024-10-11 23:48:24,438 Pruning 640 in layer 10
2024-10-11 23:48:24,439 Gathering metrics
2024-10-11 23:49:00,535 {'acc1': 0.8378712871287128, 'acc5': 0.9662747524752475, 'loss': 66.02309987321496, 'macs': 15818553448, 'params': 81255784, 'model_size': 309.9662170410156, 'inference_time': 0}
2024-10-11 23:49:00,549 Pruning 768 in layer 10
2024-10-11 23:49:00,550 Gathering metrics
2024-10-11 23:49:36,789 {'acc1': 0.838490099009901, 'acc5': 0.9672029702970297, 'loss': 66.15195970982313, 'macs': 15779796456, 'params': 81059048, 'model_size': 309.2157287597656, 'inference_time': 0}
2024-10-11 23:49:36,803 Pruning 896 in layer 10
2024-10-11 23:49:36,804 Gathering metrics
2024-10-11 23:50:12,927 {'acc1': 0.838180693069307, 'acc5': 0.9668935643564357, 'loss': 66.10155195556581, 'macs': 15741039464, 'params': 80862312, 'model_size': 308.4652404785156, 'inference_time': 0}
2024-10-11 23:50:12,943 Pruning 1024 in layer 10
2024-10-11 23:50:12,944 Gathering metrics
2024-10-11 23:50:49,057 {'acc1': 0.8375618811881188, 'acc5': 0.9662747524752475, 'loss': 66.13249398302287, 'macs': 15702282472, 'params': 80665576, 'model_size': 307.7147521972656, 'inference_time': 0}
2024-10-11 23:50:49,071 Pruning 1152 in layer 10
2024-10-11 23:50:49,072 Gathering metrics
2024-10-11 23:51:25,449 {'acc1': 0.8369430693069307, 'acc5': 0.9665841584158416, 'loss': 65.95937511976808, 'macs': 15663525480, 'params': 80468840, 'model_size': 306.9642639160156, 'inference_time': 0}
2024-10-11 23:51:25,464 Pruning 1280 in layer 10
2024-10-11 23:51:25,465 Gathering metrics
2024-10-11 23:52:01,573 {'acc1': 0.8363242574257426, 'acc5': 0.9672029702970297, 'loss': 66.16681399010122, 'macs': 15624768488, 'params': 80272104, 'model_size': 306.2137756347656, 'inference_time': 0}
2024-10-11 23:52:01,589 Pruning 1408 in layer 10
2024-10-11 23:52:01,590 Gathering metrics
2024-10-11 23:52:37,913 {'acc1': 0.8344678217821783, 'acc5': 0.9668935643564357, 'loss': 66.8738229488954, 'macs': 15586011496, 'params': 80075368, 'model_size': 305.4632873535156, 'inference_time': 0}
2024-10-11 23:52:37,927 Pruning 1536 in layer 10
2024-10-11 23:52:37,928 Gathering metrics
2024-10-11 23:53:13,984 {'acc1': 0.8350866336633663, 'acc5': 0.9672029702970297, 'loss': 67.28778023365885, 'macs': 15547254504, 'params': 79878632, 'model_size': 304.7127990722656, 'inference_time': 0}
2024-10-11 23:53:14,000 Pruning 1664 in layer 10
2024-10-11 23:53:14,001 Gathering metrics
2024-10-11 23:53:49,903 {'acc1': 0.8335396039603961, 'acc5': 0.9668935643564357, 'loss': 67.12008451111615, 'macs': 15508497512, 'params': 79681896, 'model_size': 303.9623107910156, 'inference_time': 0}
2024-10-11 23:53:49,919 Pruning 1792 in layer 10
2024-10-11 23:53:49,920 Gathering metrics
2024-10-11 23:54:25,703 {'acc1': 0.8319925742574258, 'acc5': 0.9672029702970297, 'loss': 68.14190402068198, 'macs': 15469740520, 'params': 79485160, 'model_size': 303.2118225097656, 'inference_time': 0}
2024-10-11 23:54:25,718 Pruning 128 in layer 9
2024-10-11 23:54:25,719 Gathering metrics
2024-10-11 23:55:01,458 {'acc1': 0.8341584158415841, 'acc5': 0.9672029702970297, 'loss': 66.99505933001637, 'macs': 15469740520, 'params': 79485160, 'model_size': 303.2118225097656, 'inference_time': 0}
2024-10-11 23:55:01,572 Pruning 256 in layer 9
2024-10-11 23:55:01,573 Gathering metrics
2024-10-11 23:55:37,520 {'acc1': 0.8323019801980198, 'acc5': 0.9662747524752475, 'loss': 67.44439686462283, 'macs': 15430983528, 'params': 79288424, 'model_size': 302.4613342285156, 'inference_time': 0}
2024-10-11 23:55:37,535 Pruning 384 in layer 9
2024-10-11 23:55:37,536 Gathering metrics
2024-10-11 23:56:13,546 {'acc1': 0.8301361386138614, 'acc5': 0.9662747524752475, 'loss': 67.93830744968727, 'macs': 15392226536, 'params': 79091688, 'model_size': 301.7108459472656, 'inference_time': 0}
2024-10-11 23:56:13,562 Pruning 512 in layer 9
2024-10-11 23:56:13,563 Gathering metrics
2024-10-11 23:56:49,115 {'acc1': 0.8298267326732673, 'acc5': 0.9668935643564357, 'loss': 68.10679986793548, 'macs': 15353469544, 'params': 78894952, 'model_size': 300.9603576660156, 'inference_time': 0}
2024-10-11 23:56:49,131 Pruning 640 in layer 9
2024-10-11 23:56:49,131 Gathering metrics
2024-10-11 23:57:24,791 {'acc1': 0.8261138613861386, 'acc5': 0.9668935643564357, 'loss': 69.39048531837761, 'macs': 15314712552, 'params': 78698216, 'model_size': 300.2098693847656, 'inference_time': 0}
2024-10-11 23:57:24,805 Pruning 128 in layer 8
2024-10-11 23:57:24,806 Gathering metrics
2024-10-11 23:58:00,352 {'acc1': 0.8301361386138614, 'acc5': 0.9681311881188119, 'loss': 67.81691935798153, 'macs': 15314712552, 'params': 78698216, 'model_size': 300.2098693847656, 'inference_time': 0}
2024-10-11 23:58:00,368 Pruning 256 in layer 8
2024-10-11 23:58:00,369 Gathering metrics
2024-10-11 23:58:36,044 {'acc1': 0.8295173267326733, 'acc5': 0.96875, 'loss': 68.01535129453987, 'macs': 15275955560, 'params': 78501480, 'model_size': 299.4593811035156, 'inference_time': 0}
2024-10-11 23:58:36,060 Pruning 384 in layer 8
2024-10-11 23:58:36,060 Gathering metrics
2024-10-11 23:59:11,821 {'acc1': 0.8282797029702971, 'acc5': 0.9675123762376238, 'loss': 68.23064648592845, 'macs': 15237198568, 'params': 78304744, 'model_size': 298.7088928222656, 'inference_time': 0}
2024-10-11 23:59:11,836 Pruning 512 in layer 8
2024-10-11 23:59:11,837 Gathering metrics
2024-10-11 23:59:47,570 {'acc1': 0.8298267326732673, 'acc5': 0.9662747524752475, 'loss': 68.5517367827706, 'macs': 15198441576, 'params': 78108008, 'model_size': 297.9584045410156, 'inference_time': 0}
2024-10-11 23:59:47,587 Pruning 640 in layer 8
2024-10-11 23:59:47,588 Gathering metrics
2024-10-12 00:00:25,570 {'acc1': 0.8276608910891089, 'acc5': 0.963799504950495, 'loss': 69.3821568377316, 'macs': 15159684584, 'params': 77911272, 'model_size': 297.2079162597656, 'inference_time': 0}
2024-10-12 00:00:25,585 Pruning 768 in layer 8
2024-10-12 00:00:25,585 Gathering metrics
2024-10-12 00:01:03,532 {'acc1': 0.8270420792079208, 'acc5': 0.9644183168316832, 'loss': 70.12555671017617, 'macs': 15120927592, 'params': 77714536, 'model_size': 296.4574279785156, 'inference_time': 0}
2024-10-12 00:01:03,548 Pruning 896 in layer 8
2024-10-12 00:01:03,549 Gathering metrics
2024-10-12 00:01:40,825 {'acc1': 0.8273514851485149, 'acc5': 0.9647277227722773, 'loss': 70.41168058104813, 'macs': 15082170600, 'params': 77517800, 'model_size': 295.7069396972656, 'inference_time': 0}
2024-10-12 00:01:40,840 Pruning 1024 in layer 8
2024-10-12 00:01:40,841 Gathering metrics
2024-10-12 00:02:18,768 {'acc1': 0.8267326732673267, 'acc5': 0.963180693069307, 'loss': 70.66731363069266, 'macs': 15043413608, 'params': 77321064, 'model_size': 294.9564514160156, 'inference_time': 0}
2024-10-12 00:02:18,783 Pruning 1152 in layer 8
2024-10-12 00:02:18,784 Gathering metrics
2024-10-12 00:02:57,498 {'acc1': 0.8239480198019802, 'acc5': 0.963180693069307, 'loss': 71.82513582753018, 'macs': 15004656616, 'params': 77124328, 'model_size': 294.2059631347656, 'inference_time': 0}
2024-10-12 00:02:57,513 Pruning 1280 in layer 8
2024-10-12 00:02:57,514 Gathering metrics
2024-10-12 00:03:35,297 {'acc1': 0.823019801980198, 'acc5': 0.9616336633663366, 'loss': 72.83218174660578, 'macs': 14965899624, 'params': 76927592, 'model_size': 293.4554748535156, 'inference_time': 0}
2024-10-12 00:03:35,312 Pruning 1408 in layer 8
2024-10-12 00:03:35,313 Gathering metrics
2024-10-12 00:04:13,521 {'acc1': 0.8224009900990099, 'acc5': 0.9610148514851485, 'loss': 74.18728142324835, 'macs': 14927142632, 'params': 76730856, 'model_size': 292.7049865722656, 'inference_time': 0}
2024-10-12 00:04:13,535 Pruning 128 in layer 7
2024-10-12 00:04:13,536 Gathering metrics
2024-10-12 00:04:51,224 {'acc1': 0.8220915841584159, 'acc5': 0.9622524752475248, 'loss': 72.65947025641799, 'macs': 14927142632, 'params': 76730856, 'model_size': 292.7049865722656, 'inference_time': 0}
2024-10-12 00:04:51,239 Pruning 256 in layer 7
2024-10-12 00:04:51,240 Gathering metrics
2024-10-12 00:05:28,721 {'acc1': 0.8217821782178217, 'acc5': 0.9600866336633663, 'loss': 72.96455855062231, 'macs': 14888385640, 'params': 76534120, 'model_size': 291.9544982910156, 'inference_time': 0}
2024-10-12 00:05:28,736 Pruning 384 in layer 7
2024-10-12 00:05:28,737 Gathering metrics
2024-10-12 00:06:06,291 {'acc1': 0.8220915841584159, 'acc5': 0.9607054455445545, 'loss': 73.3845211751759, 'macs': 14849628648, 'params': 76337384, 'model_size': 291.2040100097656, 'inference_time': 0}
2024-10-12 00:06:06,306 Pruning 512 in layer 7
2024-10-12 00:06:06,307 Gathering metrics
2024-10-12 00:06:44,089 {'acc1': 0.8202351485148515, 'acc5': 0.9597772277227723, 'loss': 73.5875663002953, 'macs': 14810871656, 'params': 76140648, 'model_size': 290.4535217285156, 'inference_time': 0}
2024-10-12 00:06:44,103 Pruning 640 in layer 7
2024-10-12 00:06:44,104 Gathering metrics
2024-10-12 00:07:21,944 {'acc1': 0.817450495049505, 'acc5': 0.9600866336633663, 'loss': 74.21722761169076, 'macs': 14772114664, 'params': 75943912, 'model_size': 289.7030334472656, 'inference_time': 0}
2024-10-12 00:07:21,958 Pruning 768 in layer 7
2024-10-12 00:07:21,959 Gathering metrics
2024-10-12 00:07:59,439 {'acc1': 0.8199257425742574, 'acc5': 0.9594678217821783, 'loss': 74.72473760554567, 'macs': 14733357672, 'params': 75747176, 'model_size': 288.9525451660156, 'inference_time': 0}
2024-10-12 00:07:59,454 Pruning 896 in layer 7
2024-10-12 00:07:59,455 Gathering metrics
2024-10-12 00:08:36,540 {'acc1': 0.8196163366336634, 'acc5': 0.9588490099009901, 'loss': 75.43949661124498, 'macs': 14694600680, 'params': 75550440, 'model_size': 288.2020568847656, 'inference_time': 0}
2024-10-12 00:08:36,556 Pruning 1024 in layer 7
2024-10-12 00:08:36,557 Gathering metrics
2024-10-12 00:09:13,992 {'acc1': 0.8146658415841584, 'acc5': 0.9585396039603961, 'loss': 76.68763891607523, 'macs': 14655843688, 'params': 75353704, 'model_size': 287.4515686035156, 'inference_time': 0}
2024-10-12 00:09:14,006 Pruning 128 in layer 6
2024-10-12 00:09:14,007 Gathering metrics
2024-10-12 00:09:49,679 {'acc1': 0.8155940594059405, 'acc5': 0.9588490099009901, 'loss': 76.26137141883373, 'macs': 14655843688, 'params': 75353704, 'model_size': 287.4515686035156, 'inference_time': 0}
2024-10-12 00:09:49,694 Pruning 256 in layer 6
2024-10-12 00:09:49,694 Gathering metrics
2024-10-12 00:10:24,771 {'acc1': 0.8134282178217822, 'acc5': 0.9579207920792079, 'loss': 76.71707994677126, 'macs': 14617086696, 'params': 75156968, 'model_size': 286.7010803222656, 'inference_time': 0}
2024-10-12 00:10:24,786 Pruning 384 in layer 6
2024-10-12 00:10:24,787 Gathering metrics
2024-10-12 00:10:59,848 {'acc1': 0.8125, 'acc5': 0.9560643564356436, 'loss': 77.4700315259397, 'macs': 14578329704, 'params': 74960232, 'model_size': 285.9505920410156, 'inference_time': 0}
2024-10-12 00:10:59,864 Pruning 512 in layer 6
2024-10-12 00:10:59,865 Gathering metrics
2024-10-12 00:11:35,114 {'acc1': 0.8115717821782178, 'acc5': 0.9560643564356436, 'loss': 77.9667615168728, 'macs': 14539572712, 'params': 74763496, 'model_size': 285.2001037597656, 'inference_time': 0}
2024-10-12 00:11:35,128 Pruning 128 in layer 5
2024-10-12 00:11:35,129 Gathering metrics
2024-10-12 00:12:09,921 {'acc1': 0.8087871287128713, 'acc5': 0.9563737623762376, 'loss': 77.97084136074409, 'macs': 14539572712, 'params': 74763496, 'model_size': 285.2001037597656, 'inference_time': 0}
2024-10-12 00:12:09,937 Pruning 256 in layer 5
2024-10-12 00:12:09,938 Gathering metrics
2024-10-12 00:12:45,080 {'acc1': 0.8063118811881188, 'acc5': 0.9557549504950495, 'loss': 79.35331021808088, 'macs': 14500815720, 'params': 74566760, 'model_size': 284.4496154785156, 'inference_time': 0}
2024-10-12 00:12:45,095 Pruning 384 in layer 5
2024-10-12 00:12:45,095 Gathering metrics
2024-10-12 00:13:20,109 {'acc1': 0.8041460396039604, 'acc5': 0.9545173267326733, 'loss': 80.13199439365417, 'macs': 14462058728, 'params': 74370024, 'model_size': 283.6991271972656, 'inference_time': 0}
2024-10-12 00:13:20,123 Pruning 128 in layer 4
2024-10-12 00:13:20,124 Gathering metrics
2024-10-12 00:13:55,474 {'acc1': 0.8060024752475248, 'acc5': 0.9554455445544554, 'loss': 80.20329058682546, 'macs': 14462058728, 'params': 74370024, 'model_size': 283.6991271972656, 'inference_time': 0}
2024-10-12 00:13:55,490 Pruning 256 in layer 4
2024-10-12 00:13:55,491 Gathering metrics
2024-10-12 00:14:30,250 {'acc1': 0.8060024752475248, 'acc5': 0.9532797029702971, 'loss': 80.89397811610252, 'macs': 14423301736, 'params': 74173288, 'model_size': 282.9486389160156, 'inference_time': 0}
2024-10-12 00:14:30,265 Pruning 384 in layer 4
2024-10-12 00:14:30,266 Gathering metrics
2024-10-12 00:15:05,184 {'acc1': 0.8035272277227723, 'acc5': 0.9542079207920792, 'loss': 81.55860370956361, 'macs': 14384544744, 'params': 73976552, 'model_size': 282.1981506347656, 'inference_time': 0}
2024-10-12 00:15:05,200 Pruning 512 in layer 4
2024-10-12 00:15:05,201 Gathering metrics
2024-10-12 00:15:40,702 {'acc1': 0.8056930693069307, 'acc5': 0.9532797029702971, 'loss': 82.44247138872743, 'macs': 14345787752, 'params': 73779816, 'model_size': 281.4476623535156, 'inference_time': 0}
2024-10-12 00:15:40,716 Pruning 640 in layer 4
2024-10-12 00:15:40,717 Gathering metrics
2024-10-12 00:16:17,627 {'acc1': 0.8010519801980198, 'acc5': 0.9504950495049505, 'loss': 84.15539152733982, 'macs': 14307030760, 'params': 73583080, 'model_size': 280.6971740722656, 'inference_time': 0}
2024-10-12 00:16:17,643 Pruning 768 in layer 4
2024-10-12 00:16:17,644 Gathering metrics
2024-10-12 00:16:54,667 {'acc1': 0.8007425742574258, 'acc5': 0.9511138613861386, 'loss': 84.93446512147784, 'macs': 14268273768, 'params': 73386344, 'model_size': 279.9466857910156, 'inference_time': 0}
2024-10-12 00:16:54,682 Pruning 896 in layer 4
2024-10-12 00:16:54,683 Gathering metrics
2024-10-12 00:17:30,839 {'acc1': 0.7967202970297029, 'acc5': 0.9508044554455446, 'loss': 86.1640632469207, 'macs': 14229516776, 'params': 73189608, 'model_size': 279.1961975097656, 'inference_time': 0}
2024-10-12 00:17:30,949 Pruning 128 in layer 3
2024-10-12 00:17:30,950 Gathering metrics
2024-10-12 00:18:05,606 {'acc1': 0.7957920792079208, 'acc5': 0.9495668316831684, 'loss': 87.22561468929052, 'macs': 14229516776, 'params': 73189608, 'model_size': 279.1961975097656, 'inference_time': 0}
2024-10-12 00:18:05,620 Pruning 256 in layer 3
2024-10-12 00:18:05,621 Gathering metrics
2024-10-12 00:18:40,728 {'acc1': 0.7933168316831684, 'acc5': 0.9470915841584159, 'loss': 89.97267163265496, 'macs': 14190759784, 'params': 72992872, 'model_size': 278.4457092285156, 'inference_time': 0}
2024-10-12 00:18:40,744 Pruning 128 in layer 2
2024-10-12 00:18:40,745 Gathering metrics
2024-10-12 00:19:15,208 {'acc1': 0.7964108910891089, 'acc5': 0.9501856435643564, 'loss': 87.54427722282708, 'macs': 14190759784, 'params': 72992872, 'model_size': 278.4457092285156, 'inference_time': 0}
2024-10-12 00:19:15,222 Pruning 256 in layer 2
2024-10-12 00:19:15,223 Gathering metrics
2024-10-12 00:19:49,943 {'acc1': 0.7930074257425742, 'acc5': 0.9477103960396039, 'loss': 88.67069090344012, 'macs': 14152002792, 'params': 72796136, 'model_size': 277.6952209472656, 'inference_time': 0}
2024-10-12 00:19:49,958 Pruning 384 in layer 2
2024-10-12 00:19:49,959 Gathering metrics
2024-10-12 00:20:24,700 {'acc1': 0.786819306930693, 'acc5': 0.9439975247524752, 'loss': 90.71749163977802, 'macs': 14113245800, 'params': 72599400, 'model_size': 276.9447326660156, 'inference_time': 0}
2024-10-12 00:20:24,714 Pruning 128 in layer 1
2024-10-12 00:20:24,715 Gathering metrics
2024-10-12 00:20:59,213 {'acc1': 0.7914603960396039, 'acc5': 0.9433787128712872, 'loss': 91.3828434497118, 'macs': 14113245800, 'params': 72599400, 'model_size': 276.9447326660156, 'inference_time': 0}
2024-10-12 00:20:59,227 Pruning 256 in layer 1
2024-10-12 00:20:59,228 Gathering metrics
2024-10-12 00:21:34,558 {'acc1': 0.78125, 'acc5': 0.9387376237623762, 'loss': 95.65843323990703, 'macs': 14074488808, 'params': 72402664, 'model_size': 276.1942443847656, 'inference_time': 0}
2024-10-12 00:21:34,575 Pruning 128 in layer 0
2024-10-12 00:21:34,576 Gathering metrics
2024-10-12 00:22:10,710 {'acc1': 0.7738242574257426, 'acc5': 0.9340965346534653, 'loss': 106.02030371874571, 'macs': 14074488808, 'params': 72402664, 'model_size': 276.1942443847656, 'inference_time': 0}
2024-10-12 00:22:10,727 Experiment finished
