2024-10-13 15:34:42,688 Starting experiment outputs/adaptive/vit_l_16/proj5n50
2024-10-13 15:34:42,688 Loading the original model
2024-10-13 15:34:43,900 Gathering metrics of the original model
2024-10-13 15:35:26,587 {'acc1': 0.8428217821782178, 'acc5': 0.968440594059406, 'loss': 72.06224512308836, 'macs': 59690947560, 'params': 304326632, 'model_size': 1160.9139709472656, 'inference_time': 0}
2024-10-13 15:35:26,612 Pruning 256 in layer 0
2024-10-13 15:35:32,123 Gathering metrics
2024-10-13 15:36:14,365 {'acc1': 0.8391089108910891, 'acc5': 0.9681311881188119, 'loss': 73.55784348398447, 'macs': 59587612392, 'params': 303802088, 'model_size': 1158.9129943847656, 'inference_time': 0}
2024-10-13 15:36:14,389 Pruning 256 in layer 1
2024-10-13 15:36:19,858 Gathering metrics
2024-10-13 15:37:01,856 {'acc1': 0.8409653465346535, 'acc5': 0.9678217821782178, 'loss': 72.55929467827082, 'macs': 59587612392, 'params': 303802088, 'model_size': 1158.9129943847656, 'inference_time': 0}
2024-10-13 15:37:01,885 Pruning 512 in layer 1
2024-10-13 15:37:06,599 Gathering metrics
2024-10-13 15:37:48,739 {'acc1': 0.838799504950495, 'acc5': 0.9668935643564357, 'loss': 73.08861710131168, 'macs': 59484277224, 'params': 303277544, 'model_size': 1156.9120178222656, 'inference_time': 0}
2024-10-13 15:37:48,764 Pruning 256 in layer 2
2024-10-13 15:37:54,161 Gathering metrics
2024-10-13 15:38:36,272 {'acc1': 0.8406559405940595, 'acc5': 0.9678217821782178, 'loss': 72.61893398314714, 'macs': 59484277224, 'params': 303277544, 'model_size': 1156.9120178222656, 'inference_time': 0}
2024-10-13 15:38:36,296 Pruning 512 in layer 2
2024-10-13 15:38:40,995 Gathering metrics
2024-10-13 15:39:23,930 {'acc1': 0.8391089108910891, 'acc5': 0.9672029702970297, 'loss': 72.72710935026407, 'macs': 59380942056, 'params': 302753000, 'model_size': 1154.9110412597656, 'inference_time': 0}
2024-10-13 15:39:23,955 Pruning 768 in layer 2
2024-10-13 15:39:28,093 Gathering metrics
2024-10-13 15:40:10,282 {'acc1': 0.838180693069307, 'acc5': 0.9678217821782178, 'loss': 72.78497126698494, 'macs': 59277606888, 'params': 302228456, 'model_size': 1152.9100646972656, 'inference_time': 0}
2024-10-13 15:40:10,307 Pruning 1024 in layer 2
2024-10-13 15:40:13,925 Gathering metrics
2024-10-13 15:40:56,024 {'acc1': 0.8375618811881188, 'acc5': 0.9672029702970297, 'loss': 73.02482511103153, 'macs': 59174271720, 'params': 301703912, 'model_size': 1150.9090881347656, 'inference_time': 0}
2024-10-13 15:40:56,050 Pruning 1280 in layer 2
2024-10-13 15:40:59,190 Gathering metrics
2024-10-13 15:41:41,058 {'acc1': 0.8369430693069307, 'acc5': 0.9681311881188119, 'loss': 73.12856299430132, 'macs': 59070936552, 'params': 301179368, 'model_size': 1148.9081115722656, 'inference_time': 0}
2024-10-13 15:41:41,083 Pruning 256 in layer 3
2024-10-13 15:41:46,537 Gathering metrics
2024-10-13 15:42:28,450 {'acc1': 0.8378712871287128, 'acc5': 0.96875, 'loss': 73.21630182862282, 'macs': 59070936552, 'params': 301179368, 'model_size': 1148.9081115722656, 'inference_time': 0}
2024-10-13 15:42:28,476 Pruning 512 in layer 3
2024-10-13 15:42:33,238 Gathering metrics
2024-10-13 15:43:15,162 {'acc1': 0.8369430693069307, 'acc5': 0.9672029702970297, 'loss': 73.42535437643528, 'macs': 58967601384, 'params': 300654824, 'model_size': 1146.9071350097656, 'inference_time': 0}
2024-10-13 15:43:15,189 Pruning 768 in layer 3
2024-10-13 15:43:19,635 Gathering metrics
2024-10-13 15:44:01,536 {'acc1': 0.8369430693069307, 'acc5': 0.9668935643564357, 'loss': 73.70510905236006, 'macs': 58864266216, 'params': 300130280, 'model_size': 1144.9061584472656, 'inference_time': 0}
2024-10-13 15:44:01,646 Pruning 1024 in layer 3
2024-10-13 15:44:05,257 Gathering metrics
2024-10-13 15:44:47,172 {'acc1': 0.8372524752475248, 'acc5': 0.9662747524752475, 'loss': 73.8273806348443, 'macs': 58760931048, 'params': 299605736, 'model_size': 1142.9051818847656, 'inference_time': 0}
2024-10-13 15:44:47,197 Pruning 1280 in layer 3
2024-10-13 15:44:50,321 Gathering metrics
2024-10-13 15:45:32,284 {'acc1': 0.8363242574257426, 'acc5': 0.9659653465346535, 'loss': 74.11638554185629, 'macs': 58657595880, 'params': 299081192, 'model_size': 1140.9042053222656, 'inference_time': 0}
2024-10-13 15:45:32,310 Pruning 1536 in layer 3
2024-10-13 15:45:35,050 Gathering metrics
2024-10-13 15:46:16,794 {'acc1': 0.8357054455445545, 'acc5': 0.9650371287128713, 'loss': 74.42137595266104, 'macs': 58554260712, 'params': 298556648, 'model_size': 1138.9032287597656, 'inference_time': 0}
2024-10-13 15:46:16,819 Pruning 1792 in layer 3
2024-10-13 15:46:19,141 Gathering metrics
2024-10-13 15:47:01,035 {'acc1': 0.8347772277227723, 'acc5': 0.9647277227722773, 'loss': 74.67820562422276, 'macs': 58450925544, 'params': 298032104, 'model_size': 1136.9022521972656, 'inference_time': 0}
2024-10-13 15:47:01,060 Pruning 2048 in layer 3
2024-10-13 15:47:03,037 Gathering metrics
2024-10-13 15:47:44,695 {'acc1': 0.8344678217821783, 'acc5': 0.963490099009901, 'loss': 74.91337846964598, 'macs': 58347590376, 'params': 297507560, 'model_size': 1134.9012756347656, 'inference_time': 0}
2024-10-13 15:47:44,721 Pruning 2304 in layer 3
2024-10-13 15:47:46,429 Gathering metrics
2024-10-13 15:48:28,236 {'acc1': 0.833230198019802, 'acc5': 0.9628712871287128, 'loss': 75.22738280892372, 'macs': 58244255208, 'params': 296983016, 'model_size': 1132.9002990722656, 'inference_time': 0}
2024-10-13 15:48:28,262 Pruning 256 in layer 4
2024-10-13 15:48:33,731 Gathering metrics
2024-10-13 15:49:15,227 {'acc1': 0.8347772277227723, 'acc5': 0.963490099009901, 'loss': 75.27280732244253, 'macs': 58244255208, 'params': 296983016, 'model_size': 1132.9002990722656, 'inference_time': 0}
2024-10-13 15:49:15,253 Pruning 512 in layer 4
2024-10-13 15:49:19,968 Gathering metrics
2024-10-13 15:50:01,424 {'acc1': 0.8341584158415841, 'acc5': 0.963490099009901, 'loss': 75.56208562850952, 'macs': 58140920040, 'params': 296458472, 'model_size': 1130.8993225097656, 'inference_time': 0}
2024-10-13 15:50:01,450 Pruning 768 in layer 4
2024-10-13 15:50:05,581 Gathering metrics
2024-10-13 15:50:47,009 {'acc1': 0.8323019801980198, 'acc5': 0.9628712871287128, 'loss': 75.92105421423912, 'macs': 58037584872, 'params': 295933928, 'model_size': 1128.8983459472656, 'inference_time': 0}
2024-10-13 15:50:47,034 Pruning 1024 in layer 4
2024-10-13 15:50:50,646 Gathering metrics
2024-10-13 15:51:32,123 {'acc1': 0.8319925742574258, 'acc5': 0.9628712871287128, 'loss': 76.27325154095888, 'macs': 57934249704, 'params': 295409384, 'model_size': 1126.8973693847656, 'inference_time': 0}
2024-10-13 15:51:32,148 Pruning 1280 in layer 4
2024-10-13 15:51:35,259 Gathering metrics
2024-10-13 15:52:16,584 {'acc1': 0.8323019801980198, 'acc5': 0.9628712871287128, 'loss': 76.53066934645176, 'macs': 57830914536, 'params': 294884840, 'model_size': 1124.8963928222656, 'inference_time': 0}
2024-10-13 15:52:16,610 Pruning 1536 in layer 4
2024-10-13 15:52:19,350 Gathering metrics
2024-10-13 15:53:01,094 {'acc1': 0.8304455445544554, 'acc5': 0.9622524752475248, 'loss': 76.78971714526415, 'macs': 57727579368, 'params': 294360296, 'model_size': 1122.8954162597656, 'inference_time': 0}
2024-10-13 15:53:01,122 Pruning 256 in layer 5
2024-10-13 15:53:06,946 Gathering metrics
2024-10-13 15:53:48,254 {'acc1': 0.8292079207920792, 'acc5': 0.9622524752475248, 'loss': 76.73447020351887, 'macs': 57727579368, 'params': 294360296, 'model_size': 1122.8954162597656, 'inference_time': 0}
2024-10-13 15:53:48,363 Pruning 512 in layer 5
2024-10-13 15:53:53,086 Gathering metrics
2024-10-13 15:54:34,632 {'acc1': 0.8285891089108911, 'acc5': 0.9622524752475248, 'loss': 77.14866172522306, 'macs': 57624244200, 'params': 293835752, 'model_size': 1120.8944396972656, 'inference_time': 0}
2024-10-13 15:54:34,658 Pruning 256 in layer 6
2024-10-13 15:54:40,125 Gathering metrics
2024-10-13 15:55:21,635 {'acc1': 0.8276608910891089, 'acc5': 0.9616336633663366, 'loss': 77.07802586257458, 'macs': 57624244200, 'params': 293835752, 'model_size': 1120.8944396972656, 'inference_time': 0}
2024-10-13 15:55:21,660 Pruning 512 in layer 6
2024-10-13 15:55:26,394 Gathering metrics
2024-10-13 15:56:07,704 {'acc1': 0.8279702970297029, 'acc5': 0.9607054455445545, 'loss': 77.27312711626291, 'macs': 57520909032, 'params': 293311208, 'model_size': 1118.8934631347656, 'inference_time': 0}
2024-10-13 15:56:07,730 Pruning 768 in layer 6
2024-10-13 15:56:11,878 Gathering metrics
2024-10-13 15:56:53,387 {'acc1': 0.8264232673267327, 'acc5': 0.9607054455445545, 'loss': 77.51466286927462, 'macs': 57417573864, 'params': 292786664, 'model_size': 1116.8924865722656, 'inference_time': 0}
2024-10-13 15:56:53,413 Pruning 1024 in layer 6
2024-10-13 15:56:57,016 Gathering metrics
2024-10-13 15:57:38,583 {'acc1': 0.8242574257425742, 'acc5': 0.9610148514851485, 'loss': 77.72488745301962, 'macs': 57314238696, 'params': 292262120, 'model_size': 1114.8915100097656, 'inference_time': 0}
2024-10-13 15:57:38,611 Pruning 256 in layer 7
2024-10-13 15:57:44,435 Gathering metrics
2024-10-13 15:58:26,129 {'acc1': 0.8258044554455446, 'acc5': 0.9610148514851485, 'loss': 77.67199184000492, 'macs': 57314238696, 'params': 292262120, 'model_size': 1114.8915100097656, 'inference_time': 0}
2024-10-13 15:58:26,158 Pruning 512 in layer 7
2024-10-13 15:58:31,234 Gathering metrics
2024-10-13 15:59:14,308 {'acc1': 0.8248762376237624, 'acc5': 0.9607054455445545, 'loss': 77.93055184930563, 'macs': 57210903528, 'params': 291737576, 'model_size': 1112.8905334472656, 'inference_time': 0}
2024-10-13 15:59:14,334 Pruning 768 in layer 7
2024-10-13 15:59:18,506 Gathering metrics
2024-10-13 16:00:00,077 {'acc1': 0.8236386138613861, 'acc5': 0.9600866336633663, 'loss': 78.00645300000906, 'macs': 57107568360, 'params': 291213032, 'model_size': 1110.8895568847656, 'inference_time': 0}
2024-10-13 16:00:00,104 Pruning 1024 in layer 7
2024-10-13 16:00:03,734 Gathering metrics
2024-10-13 16:00:45,198 {'acc1': 0.8227103960396039, 'acc5': 0.9603960396039604, 'loss': 78.17663890123367, 'macs': 57004233192, 'params': 290688488, 'model_size': 1108.8885803222656, 'inference_time': 0}
2024-10-13 16:00:45,226 Pruning 256 in layer 8
2024-10-13 16:00:51,034 Gathering metrics
2024-10-13 16:01:32,416 {'acc1': 0.8239480198019802, 'acc5': 0.9603960396039604, 'loss': 78.29218365997076, 'macs': 57004233192, 'params': 290688488, 'model_size': 1108.8885803222656, 'inference_time': 0}
2024-10-13 16:01:32,442 Pruning 512 in layer 8
2024-10-13 16:01:37,165 Gathering metrics
2024-10-13 16:02:17,950 {'acc1': 0.8224009900990099, 'acc5': 0.9591584158415841, 'loss': 78.58578333258629, 'macs': 56900898024, 'params': 290163944, 'model_size': 1106.8876037597656, 'inference_time': 0}
2024-10-13 16:02:17,976 Pruning 768 in layer 8
2024-10-13 16:02:22,106 Gathering metrics
2024-10-13 16:03:03,262 {'acc1': 0.8224009900990099, 'acc5': 0.9594678217821783, 'loss': 78.99692367762327, 'macs': 56797562856, 'params': 289639400, 'model_size': 1104.8866271972656, 'inference_time': 0}
2024-10-13 16:03:03,288 Pruning 1024 in layer 8
2024-10-13 16:03:06,868 Gathering metrics
2024-10-13 16:03:47,766 {'acc1': 0.8220915841584159, 'acc5': 0.9594678217821783, 'loss': 79.27997469902039, 'macs': 56694227688, 'params': 289114856, 'model_size': 1102.8856506347656, 'inference_time': 0}
2024-10-13 16:03:47,874 Pruning 1280 in layer 8
2024-10-13 16:03:51,002 Gathering metrics
2024-10-13 16:04:32,288 {'acc1': 0.8214727722772277, 'acc5': 0.9585396039603961, 'loss': 79.56377926468849, 'macs': 56590892520, 'params': 288590312, 'model_size': 1100.8846740722656, 'inference_time': 0}
2024-10-13 16:04:32,316 Pruning 1536 in layer 8
2024-10-13 16:04:35,326 Gathering metrics
2024-10-13 16:05:16,425 {'acc1': 0.8214727722772277, 'acc5': 0.9579207920792079, 'loss': 79.98252563923597, 'macs': 56487557352, 'params': 288065768, 'model_size': 1098.8836975097656, 'inference_time': 0}
2024-10-13 16:05:16,451 Pruning 1792 in layer 8
2024-10-13 16:05:18,767 Gathering metrics
2024-10-13 16:05:59,481 {'acc1': 0.8208539603960396, 'acc5': 0.9573019801980198, 'loss': 80.18537042289972, 'macs': 56384222184, 'params': 287541224, 'model_size': 1096.8827209472656, 'inference_time': 0}
2024-10-13 16:05:59,510 Pruning 2048 in layer 8
2024-10-13 16:06:01,747 Gathering metrics
2024-10-13 16:06:42,612 {'acc1': 0.8208539603960396, 'acc5': 0.9579207920792079, 'loss': 80.49608417600393, 'macs': 56280887016, 'params': 287016680, 'model_size': 1094.8817443847656, 'inference_time': 0}
2024-10-13 16:06:42,638 Pruning 2304 in layer 8
2024-10-13 16:06:44,312 Gathering metrics
2024-10-13 16:07:25,460 {'acc1': 0.8202351485148515, 'acc5': 0.9588490099009901, 'loss': 80.73569791764021, 'macs': 56177551848, 'params': 286492136, 'model_size': 1092.8807678222656, 'inference_time': 0}
2024-10-13 16:07:25,486 Pruning 2560 in layer 8
2024-10-13 16:07:26,921 Gathering metrics
2024-10-13 16:08:07,732 {'acc1': 0.8189975247524752, 'acc5': 0.9588490099009901, 'loss': 81.11989159882069, 'macs': 56074216680, 'params': 285967592, 'model_size': 1090.8797912597656, 'inference_time': 0}
2024-10-13 16:08:07,758 Pruning 256 in layer 9
2024-10-13 16:08:13,227 Gathering metrics
2024-10-13 16:08:54,227 {'acc1': 0.8208539603960396, 'acc5': 0.9585396039603961, 'loss': 80.7598282918334, 'macs': 56074216680, 'params': 285967592, 'model_size': 1090.8797912597656, 'inference_time': 0}
2024-10-13 16:08:54,252 Pruning 512 in layer 9
2024-10-13 16:08:58,974 Gathering metrics
2024-10-13 16:09:39,908 {'acc1': 0.8211633663366337, 'acc5': 0.9591584158415841, 'loss': 80.75597240775824, 'macs': 55970881512, 'params': 285443048, 'model_size': 1088.8788146972656, 'inference_time': 0}
2024-10-13 16:09:39,934 Pruning 768 in layer 9
2024-10-13 16:09:44,078 Gathering metrics
2024-10-13 16:10:24,816 {'acc1': 0.8214727722772277, 'acc5': 0.9576113861386139, 'loss': 80.82526049017906, 'macs': 55867546344, 'params': 284918504, 'model_size': 1086.8778381347656, 'inference_time': 0}
2024-10-13 16:10:24,842 Pruning 1024 in layer 9
2024-10-13 16:10:28,473 Gathering metrics
2024-10-13 16:11:09,099 {'acc1': 0.8211633663366337, 'acc5': 0.9579207920792079, 'loss': 80.9225020185113, 'macs': 55764211176, 'params': 284393960, 'model_size': 1084.8768615722656, 'inference_time': 0}
2024-10-13 16:11:09,124 Pruning 1280 in layer 9
2024-10-13 16:11:12,263 Gathering metrics
2024-10-13 16:11:52,748 {'acc1': 0.8211633663366337, 'acc5': 0.9576113861386139, 'loss': 80.99335790425539, 'macs': 55660876008, 'params': 283869416, 'model_size': 1082.8758850097656, 'inference_time': 0}
2024-10-13 16:11:52,774 Pruning 1536 in layer 9
2024-10-13 16:11:55,518 Gathering metrics
2024-10-13 16:12:36,277 {'acc1': 0.8199257425742574, 'acc5': 0.9573019801980198, 'loss': 81.20573551207781, 'macs': 55557540840, 'params': 283344872, 'model_size': 1080.8749084472656, 'inference_time': 0}
2024-10-13 16:12:36,306 Pruning 1792 in layer 9
2024-10-13 16:12:38,879 Gathering metrics
2024-10-13 16:13:19,693 {'acc1': 0.8202351485148515, 'acc5': 0.9566831683168316, 'loss': 81.27780655026436, 'macs': 55454205672, 'params': 282820328, 'model_size': 1078.8739318847656, 'inference_time': 0}
2024-10-13 16:13:19,808 Pruning 2048 in layer 9
2024-10-13 16:13:22,040 Gathering metrics
2024-10-13 16:14:02,788 {'acc1': 0.8183787128712872, 'acc5': 0.9579207920792079, 'loss': 81.45162937045097, 'macs': 55350870504, 'params': 282295784, 'model_size': 1076.8729553222656, 'inference_time': 0}
2024-10-13 16:14:02,817 Pruning 2304 in layer 9
2024-10-13 16:14:04,631 Gathering metrics
2024-10-13 16:14:44,970 {'acc1': 0.8171410891089109, 'acc5': 0.9579207920792079, 'loss': 81.75107284635305, 'macs': 55247535336, 'params': 281771240, 'model_size': 1074.8719787597656, 'inference_time': 0}
2024-10-13 16:14:44,995 Pruning 2560 in layer 9
2024-10-13 16:14:46,410 Gathering metrics
2024-10-13 16:15:26,745 {'acc1': 0.8165222772277227, 'acc5': 0.958230198019802, 'loss': 81.79782177507877, 'macs': 55144200168, 'params': 281246696, 'model_size': 1072.8710021972656, 'inference_time': 0}
2024-10-13 16:15:26,771 Pruning 256 in layer 10
2024-10-13 16:15:32,237 Gathering metrics
2024-10-13 16:16:12,744 {'acc1': 0.8168316831683168, 'acc5': 0.9579207920792079, 'loss': 81.77150275558233, 'macs': 55144200168, 'params': 281246696, 'model_size': 1072.8710021972656, 'inference_time': 0}
2024-10-13 16:16:12,769 Pruning 512 in layer 10
2024-10-13 16:16:17,494 Gathering metrics
2024-10-13 16:16:59,722 {'acc1': 0.8183787128712872, 'acc5': 0.9576113861386139, 'loss': 81.74175367504358, 'macs': 55040865000, 'params': 280722152, 'model_size': 1070.8700256347656, 'inference_time': 0}
2024-10-13 16:16:59,748 Pruning 768 in layer 10
2024-10-13 16:17:03,898 Gathering metrics
2024-10-13 16:17:44,887 {'acc1': 0.8186881188118812, 'acc5': 0.9563737623762376, 'loss': 81.83302059024572, 'macs': 54937529832, 'params': 280197608, 'model_size': 1068.8690490722656, 'inference_time': 0}
2024-10-13 16:17:44,914 Pruning 1024 in layer 10
2024-10-13 16:17:48,531 Gathering metrics
2024-10-13 16:18:28,740 {'acc1': 0.8208539603960396, 'acc5': 0.9566831683168316, 'loss': 81.87142301350832, 'macs': 54834194664, 'params': 279673064, 'model_size': 1066.8680725097656, 'inference_time': 0}
2024-10-13 16:18:28,767 Pruning 1280 in layer 10
2024-10-13 16:18:31,874 Gathering metrics
2024-10-13 16:19:12,145 {'acc1': 0.8189975247524752, 'acc5': 0.9563737623762376, 'loss': 82.07163567095995, 'macs': 54730859496, 'params': 279148520, 'model_size': 1064.8670959472656, 'inference_time': 0}
2024-10-13 16:19:12,173 Pruning 1536 in layer 10
2024-10-13 16:19:15,172 Gathering metrics
2024-10-13 16:19:55,662 {'acc1': 0.8202351485148515, 'acc5': 0.9560643564356436, 'loss': 82.08325552940369, 'macs': 54627524328, 'params': 278623976, 'model_size': 1062.8661193847656, 'inference_time': 0}
2024-10-13 16:19:55,688 Pruning 1792 in layer 10
2024-10-13 16:19:58,016 Gathering metrics
2024-10-13 16:20:38,123 {'acc1': 0.8193069306930693, 'acc5': 0.9554455445544554, 'loss': 82.15532574802637, 'macs': 54524189160, 'params': 278099432, 'model_size': 1060.8651428222656, 'inference_time': 0}
2024-10-13 16:20:38,149 Pruning 2048 in layer 10
2024-10-13 16:20:40,120 Gathering metrics
2024-10-13 16:21:20,038 {'acc1': 0.8205445544554455, 'acc5': 0.9557549504950495, 'loss': 82.2250559180975, 'macs': 54420853992, 'params': 277574888, 'model_size': 1058.8641662597656, 'inference_time': 0}
2024-10-13 16:21:20,064 Pruning 2304 in layer 10
2024-10-13 16:21:21,754 Gathering metrics
2024-10-13 16:22:04,943 {'acc1': 0.8193069306930693, 'acc5': 0.9551361386138614, 'loss': 82.2835454493761, 'macs': 54317518824, 'params': 277050344, 'model_size': 1056.8631896972656, 'inference_time': 0}
2024-10-13 16:22:04,983 Pruning 2560 in layer 10
2024-10-13 16:22:06,668 Gathering metrics
2024-10-13 16:22:50,860 {'acc1': 0.8183787128712872, 'acc5': 0.9554455445544554, 'loss': 82.39110895991325, 'macs': 54214183656, 'params': 276525800, 'model_size': 1054.8622131347656, 'inference_time': 0}
2024-10-13 16:22:50,889 Pruning 2816 in layer 10
2024-10-13 16:22:52,116 Gathering metrics
2024-10-13 16:23:32,131 {'acc1': 0.8199257425742574, 'acc5': 0.9557549504950495, 'loss': 82.37157747894526, 'macs': 54110848488, 'params': 276001256, 'model_size': 1052.8612365722656, 'inference_time': 0}
2024-10-13 16:23:32,243 Pruning 3072 in layer 10
2024-10-13 16:23:33,279 Gathering metrics
2024-10-13 16:24:13,501 {'acc1': 0.8186881188118812, 'acc5': 0.9557549504950495, 'loss': 82.3853505924344, 'macs': 54007513320, 'params': 275476712, 'model_size': 1050.8602600097656, 'inference_time': 0}
2024-10-13 16:24:13,527 Pruning 3328 in layer 10
2024-10-13 16:24:14,403 Gathering metrics
2024-10-13 16:24:56,470 {'acc1': 0.817759900990099, 'acc5': 0.9545173267326733, 'loss': 82.55809703469276, 'macs': 53904178152, 'params': 274952168, 'model_size': 1048.8592834472656, 'inference_time': 0}
2024-10-13 16:24:56,495 Pruning 3584 in layer 10
2024-10-13 16:24:57,212 Gathering metrics
2024-10-13 16:25:37,331 {'acc1': 0.817759900990099, 'acc5': 0.9548267326732673, 'loss': 82.53959234058857, 'macs': 53800842984, 'params': 274427624, 'model_size': 1046.8583068847656, 'inference_time': 0}
2024-10-13 16:25:37,356 Pruning 3840 in layer 10
2024-10-13 16:25:37,947 Gathering metrics
2024-10-13 16:26:17,696 {'acc1': 0.817759900990099, 'acc5': 0.9551361386138614, 'loss': 82.62936577945948, 'macs': 53697507816, 'params': 273903080, 'model_size': 1044.8573303222656, 'inference_time': 0}
2024-10-13 16:26:17,722 Pruning 256 in layer 11
2024-10-13 16:26:23,194 Gathering metrics
2024-10-13 16:27:03,000 {'acc1': 0.8162128712871287, 'acc5': 0.9526608910891089, 'loss': 82.88077909499407, 'macs': 53697507816, 'params': 273903080, 'model_size': 1044.8573303222656, 'inference_time': 0}
2024-10-13 16:27:03,026 Pruning 512 in layer 11
2024-10-13 16:27:07,762 Gathering metrics
2024-10-13 16:27:47,565 {'acc1': 0.8165222772277227, 'acc5': 0.9545173267326733, 'loss': 82.8799469023943, 'macs': 53594172648, 'params': 273378536, 'model_size': 1042.8563537597656, 'inference_time': 0}
2024-10-13 16:27:47,591 Pruning 768 in layer 11
2024-10-13 16:27:51,732 Gathering metrics
2024-10-13 16:28:31,396 {'acc1': 0.8159034653465347, 'acc5': 0.9532797029702971, 'loss': 82.97762411087751, 'macs': 53490837480, 'params': 272853992, 'model_size': 1040.8553771972656, 'inference_time': 0}
2024-10-13 16:28:31,422 Pruning 1024 in layer 11
2024-10-13 16:28:35,027 Gathering metrics
2024-10-13 16:29:14,636 {'acc1': 0.8149752475247525, 'acc5': 0.9529702970297029, 'loss': 83.18294143676758, 'macs': 53387502312, 'params': 272329448, 'model_size': 1038.8544006347656, 'inference_time': 0}
2024-10-13 16:29:14,661 Pruning 1280 in layer 11
2024-10-13 16:29:17,794 Gathering metrics
2024-10-13 16:29:57,342 {'acc1': 0.8149752475247525, 'acc5': 0.9520420792079208, 'loss': 83.62158200144768, 'macs': 53284167144, 'params': 271804904, 'model_size': 1036.8534240722656, 'inference_time': 0}
2024-10-13 16:29:57,369 Pruning 1536 in layer 11
2024-10-13 16:30:00,105 Gathering metrics
2024-10-13 16:30:39,899 {'acc1': 0.8155940594059405, 'acc5': 0.9526608910891089, 'loss': 83.85570322722197, 'macs': 53180831976, 'params': 271280360, 'model_size': 1034.8524475097656, 'inference_time': 0}
2024-10-13 16:30:39,925 Pruning 1792 in layer 11
2024-10-13 16:30:42,258 Gathering metrics
2024-10-13 16:31:21,867 {'acc1': 0.8159034653465347, 'acc5': 0.9526608910891089, 'loss': 84.02541220933199, 'macs': 53077496808, 'params': 270755816, 'model_size': 1032.8514709472656, 'inference_time': 0}
2024-10-13 16:31:21,893 Pruning 2048 in layer 11
2024-10-13 16:31:23,863 Gathering metrics
2024-10-13 16:32:03,324 {'acc1': 0.8162128712871287, 'acc5': 0.9514232673267327, 'loss': 84.32728192955256, 'macs': 52974161640, 'params': 270231272, 'model_size': 1030.8504943847656, 'inference_time': 0}
2024-10-13 16:32:03,350 Pruning 2304 in layer 11
2024-10-13 16:32:05,048 Gathering metrics
2024-10-13 16:32:44,766 {'acc1': 0.8149752475247525, 'acc5': 0.9517326732673267, 'loss': 84.50195709615946, 'macs': 52870826472, 'params': 269706728, 'model_size': 1028.8495178222656, 'inference_time': 0}
2024-10-13 16:32:44,792 Pruning 2560 in layer 11
2024-10-13 16:32:46,202 Gathering metrics
2024-10-13 16:33:25,559 {'acc1': 0.8146658415841584, 'acc5': 0.9508044554455446, 'loss': 84.7538124024868, 'macs': 52767491304, 'params': 269182184, 'model_size': 1026.8485412597656, 'inference_time': 0}
2024-10-13 16:33:25,670 Pruning 2816 in layer 11
2024-10-13 16:33:26,866 Gathering metrics
2024-10-13 16:34:06,252 {'acc1': 0.8159034653465347, 'acc5': 0.9508044554455446, 'loss': 85.0915100350976, 'macs': 52664156136, 'params': 268657640, 'model_size': 1024.8475646972656, 'inference_time': 0}
2024-10-13 16:34:06,281 Pruning 3072 in layer 11
2024-10-13 16:34:07,488 Gathering metrics
2024-10-13 16:34:47,214 {'acc1': 0.8134282178217822, 'acc5': 0.9511138613861386, 'loss': 85.45548141002655, 'macs': 52560820968, 'params': 268133096, 'model_size': 1022.8465881347656, 'inference_time': 0}
2024-10-13 16:34:47,240 Pruning 256 in layer 12
2024-10-13 16:34:52,714 Gathering metrics
2024-10-13 16:35:31,915 {'acc1': 0.8137376237623762, 'acc5': 0.9508044554455446, 'loss': 85.08353759348392, 'macs': 52560820968, 'params': 268133096, 'model_size': 1022.8465881347656, 'inference_time': 0}
2024-10-13 16:35:31,941 Pruning 512 in layer 12
2024-10-13 16:35:36,657 Gathering metrics
2024-10-13 16:36:16,047 {'acc1': 0.8146658415841584, 'acc5': 0.9520420792079208, 'loss': 85.16814621537924, 'macs': 52457485800, 'params': 267608552, 'model_size': 1020.8456115722656, 'inference_time': 0}
2024-10-13 16:36:16,073 Pruning 768 in layer 12
2024-10-13 16:36:20,232 Gathering metrics
2024-10-13 16:36:59,508 {'acc1': 0.8146658415841584, 'acc5': 0.9517326732673267, 'loss': 85.26917596161366, 'macs': 52354150632, 'params': 267084008, 'model_size': 1018.8446350097656, 'inference_time': 0}
2024-10-13 16:36:59,533 Pruning 1024 in layer 12
2024-10-13 16:37:03,138 Gathering metrics
2024-10-13 16:37:42,258 {'acc1': 0.8152846534653465, 'acc5': 0.9517326732673267, 'loss': 85.24599976837635, 'macs': 52250815464, 'params': 266559464, 'model_size': 1016.8436584472656, 'inference_time': 0}
2024-10-13 16:37:42,284 Pruning 1280 in layer 12
2024-10-13 16:37:45,418 Gathering metrics
2024-10-13 16:38:29,238 {'acc1': 0.8143564356435643, 'acc5': 0.9517326732673267, 'loss': 85.25785453617573, 'macs': 52147480296, 'params': 266034920, 'model_size': 1014.8426818847656, 'inference_time': 0}
2024-10-13 16:38:29,275 Pruning 1536 in layer 12
2024-10-13 16:38:32,309 Gathering metrics
2024-10-13 16:39:13,095 {'acc1': 0.8149752475247525, 'acc5': 0.9520420792079208, 'loss': 85.39673357456923, 'macs': 52044145128, 'params': 265510376, 'model_size': 1012.8417053222656, 'inference_time': 0}
2024-10-13 16:39:13,123 Pruning 1792 in layer 12
2024-10-13 16:39:15,434 Gathering metrics
2024-10-13 16:39:54,643 {'acc1': 0.8143564356435643, 'acc5': 0.9523514851485149, 'loss': 85.42188501358032, 'macs': 51940809960, 'params': 264985832, 'model_size': 1010.8407287597656, 'inference_time': 0}
2024-10-13 16:39:54,671 Pruning 2048 in layer 12
2024-10-13 16:39:56,896 Gathering metrics
2024-10-13 16:40:36,031 {'acc1': 0.8140470297029703, 'acc5': 0.9523514851485149, 'loss': 85.56087736040354, 'macs': 51837474792, 'params': 264461288, 'model_size': 1008.8397521972656, 'inference_time': 0}
2024-10-13 16:40:36,058 Pruning 2304 in layer 12
2024-10-13 16:40:37,745 Gathering metrics
2024-10-13 16:41:16,866 {'acc1': 0.8149752475247525, 'acc5': 0.9529702970297029, 'loss': 85.73064673691988, 'macs': 51734139624, 'params': 263936744, 'model_size': 1006.8387756347656, 'inference_time': 0}
2024-10-13 16:41:16,892 Pruning 2560 in layer 12
2024-10-13 16:41:18,310 Gathering metrics
2024-10-13 16:41:57,084 {'acc1': 0.8152846534653465, 'acc5': 0.9532797029702971, 'loss': 85.98773243278265, 'macs': 51630804456, 'params': 263412200, 'model_size': 1004.8377990722656, 'inference_time': 0}
2024-10-13 16:41:57,110 Pruning 2816 in layer 12
2024-10-13 16:41:58,309 Gathering metrics
2024-10-13 16:42:37,153 {'acc1': 0.812190594059406, 'acc5': 0.9526608910891089, 'loss': 85.98912997543812, 'macs': 51527469288, 'params': 262887656, 'model_size': 1002.8368225097656, 'inference_time': 0}
2024-10-13 16:42:37,264 Pruning 256 in layer 13
2024-10-13 16:42:42,737 Gathering metrics
2024-10-13 16:43:21,901 {'acc1': 0.8149752475247525, 'acc5': 0.9526608910891089, 'loss': 86.0446719750762, 'macs': 51527469288, 'params': 262887656, 'model_size': 1002.8368225097656, 'inference_time': 0}
2024-10-13 16:43:21,930 Pruning 512 in layer 13
2024-10-13 16:43:27,039 Gathering metrics
2024-10-13 16:44:06,250 {'acc1': 0.8137376237623762, 'acc5': 0.9517326732673267, 'loss': 85.9356134608388, 'macs': 51424134120, 'params': 262363112, 'model_size': 1000.8358459472656, 'inference_time': 0}
2024-10-13 16:44:06,276 Pruning 768 in layer 13
2024-10-13 16:44:10,411 Gathering metrics
2024-10-13 16:44:49,453 {'acc1': 0.8146658415841584, 'acc5': 0.9523514851485149, 'loss': 85.98033381253481, 'macs': 51320798952, 'params': 261838568, 'model_size': 998.8348693847656, 'inference_time': 0}
2024-10-13 16:44:49,479 Pruning 1024 in layer 13
2024-10-13 16:44:53,099 Gathering metrics
2024-10-13 16:45:32,014 {'acc1': 0.8152846534653465, 'acc5': 0.9517326732673267, 'loss': 85.93484259396791, 'macs': 51217463784, 'params': 261314024, 'model_size': 996.8338928222656, 'inference_time': 0}
2024-10-13 16:45:32,040 Pruning 1280 in layer 13
2024-10-13 16:45:35,176 Gathering metrics
2024-10-13 16:46:13,925 {'acc1': 0.8140470297029703, 'acc5': 0.9504950495049505, 'loss': 86.00854808837175, 'macs': 51114128616, 'params': 260789480, 'model_size': 994.8329162597656, 'inference_time': 0}
2024-10-13 16:46:13,951 Pruning 1536 in layer 13
2024-10-13 16:46:16,686 Gathering metrics
2024-10-13 16:46:55,646 {'acc1': 0.8140470297029703, 'acc5': 0.9511138613861386, 'loss': 86.17376479506493, 'macs': 51010793448, 'params': 260264936, 'model_size': 992.8319396972656, 'inference_time': 0}
2024-10-13 16:46:55,672 Pruning 1792 in layer 13
2024-10-13 16:46:58,002 Gathering metrics
2024-10-13 16:47:37,078 {'acc1': 0.8134282178217822, 'acc5': 0.9514232673267327, 'loss': 86.03885746002197, 'macs': 50907458280, 'params': 259740392, 'model_size': 990.8309631347656, 'inference_time': 0}
2024-10-13 16:47:37,106 Pruning 2048 in layer 13
2024-10-13 16:47:39,333 Gathering metrics
2024-10-13 16:48:18,246 {'acc1': 0.8118811881188119, 'acc5': 0.9501856435643564, 'loss': 86.15354462713003, 'macs': 50804123112, 'params': 259215848, 'model_size': 988.8299865722656, 'inference_time': 0}
2024-10-13 16:48:18,273 Pruning 2304 in layer 13
2024-10-13 16:48:19,959 Gathering metrics
2024-10-13 16:48:58,871 {'acc1': 0.8109529702970297, 'acc5': 0.9504950495049505, 'loss': 86.43121334910393, 'macs': 50700787944, 'params': 258691304, 'model_size': 986.8290100097656, 'inference_time': 0}
2024-10-13 16:48:58,900 Pruning 256 in layer 14
2024-10-13 16:49:04,727 Gathering metrics
2024-10-13 16:49:43,396 {'acc1': 0.8118811881188119, 'acc5': 0.9504950495049505, 'loss': 86.22295567393303, 'macs': 50700787944, 'params': 258691304, 'model_size': 986.8290100097656, 'inference_time': 0}
2024-10-13 16:49:43,422 Pruning 512 in layer 14
2024-10-13 16:49:48,151 Gathering metrics
2024-10-13 16:50:31,800 {'acc1': 0.8103341584158416, 'acc5': 0.9514232673267327, 'loss': 86.22769562155008, 'macs': 50597452776, 'params': 258166760, 'model_size': 984.8280334472656, 'inference_time': 0}
2024-10-13 16:50:31,845 Pruning 768 in layer 14
2024-10-13 16:50:36,343 Gathering metrics
2024-10-13 16:51:15,518 {'acc1': 0.8118811881188119, 'acc5': 0.9504950495049505, 'loss': 86.12373167276382, 'macs': 50494117608, 'params': 257642216, 'model_size': 982.8270568847656, 'inference_time': 0}
2024-10-13 16:51:15,546 Pruning 1024 in layer 14
2024-10-13 16:51:19,158 Gathering metrics
2024-10-13 16:51:57,825 {'acc1': 0.812190594059406, 'acc5': 0.9514232673267327, 'loss': 86.24131728708744, 'macs': 50390782440, 'params': 257117672, 'model_size': 980.8260803222656, 'inference_time': 0}
2024-10-13 16:51:57,851 Pruning 1280 in layer 14
2024-10-13 16:52:00,998 Gathering metrics
2024-10-13 16:52:39,632 {'acc1': 0.812809405940594, 'acc5': 0.9508044554455446, 'loss': 86.20073144882917, 'macs': 50287447272, 'params': 256593128, 'model_size': 978.8251037597656, 'inference_time': 0}
2024-10-13 16:52:39,745 Pruning 1536 in layer 14
2024-10-13 16:52:42,484 Gathering metrics
2024-10-13 16:53:21,094 {'acc1': 0.8137376237623762, 'acc5': 0.9511138613861386, 'loss': 86.22937930375338, 'macs': 50184112104, 'params': 256068584, 'model_size': 976.8241271972656, 'inference_time': 0}
2024-10-13 16:53:21,120 Pruning 1792 in layer 14
2024-10-13 16:53:23,452 Gathering metrics
2024-10-13 16:54:01,935 {'acc1': 0.812190594059406, 'acc5': 0.9495668316831684, 'loss': 86.46385507285595, 'macs': 50080776936, 'params': 255544040, 'model_size': 974.8231506347656, 'inference_time': 0}
2024-10-13 16:54:01,962 Pruning 2048 in layer 14
2024-10-13 16:54:03,930 Gathering metrics
2024-10-13 16:54:42,102 {'acc1': 0.8115717821782178, 'acc5': 0.9504950495049505, 'loss': 86.45887830853462, 'macs': 49977441768, 'params': 255019496, 'model_size': 972.8221740722656, 'inference_time': 0}
2024-10-13 16:54:42,128 Pruning 2304 in layer 14
2024-10-13 16:54:43,810 Gathering metrics
2024-10-13 16:55:21,901 {'acc1': 0.8097153465346535, 'acc5': 0.9508044554455446, 'loss': 86.48094863444567, 'macs': 49874106600, 'params': 254494952, 'model_size': 970.8211975097656, 'inference_time': 0}
2024-10-13 16:55:21,927 Pruning 2560 in layer 14
2024-10-13 16:55:23,340 Gathering metrics
2024-10-13 16:56:01,619 {'acc1': 0.8103341584158416, 'acc5': 0.9511138613861386, 'loss': 86.55895937234163, 'macs': 49770771432, 'params': 253970408, 'model_size': 968.8202209472656, 'inference_time': 0}
2024-10-13 16:56:01,646 Pruning 2816 in layer 14
2024-10-13 16:56:02,852 Gathering metrics
2024-10-13 16:56:41,273 {'acc1': 0.8090965346534653, 'acc5': 0.9501856435643564, 'loss': 86.68863469362259, 'macs': 49667436264, 'params': 253445864, 'model_size': 966.8192443847656, 'inference_time': 0}
2024-10-13 16:56:41,300 Pruning 3072 in layer 14
2024-10-13 16:56:42,313 Gathering metrics
2024-10-13 16:57:20,351 {'acc1': 0.807240099009901, 'acc5': 0.9498762376237624, 'loss': 86.87485115230083, 'macs': 49564101096, 'params': 252921320, 'model_size': 964.8182678222656, 'inference_time': 0}
2024-10-13 16:57:20,377 Pruning 256 in layer 15
2024-10-13 16:57:25,853 Gathering metrics
2024-10-13 16:58:04,180 {'acc1': 0.8084777227722773, 'acc5': 0.9498762376237624, 'loss': 86.58512627333403, 'macs': 49564101096, 'params': 252921320, 'model_size': 964.8182678222656, 'inference_time': 0}
2024-10-13 16:58:04,206 Pruning 512 in layer 15
2024-10-13 16:58:08,940 Gathering metrics
2024-10-13 16:58:47,094 {'acc1': 0.8087871287128713, 'acc5': 0.9495668316831684, 'loss': 86.55803509056568, 'macs': 49460765928, 'params': 252396776, 'model_size': 962.8172912597656, 'inference_time': 0}
2024-10-13 16:58:47,120 Pruning 768 in layer 15
2024-10-13 16:58:51,254 Gathering metrics
2024-10-13 16:59:29,492 {'acc1': 0.8084777227722773, 'acc5': 0.9486386138613861, 'loss': 86.58631512522697, 'macs': 49357430760, 'params': 251872232, 'model_size': 960.8163146972656, 'inference_time': 0}
2024-10-13 16:59:29,521 Pruning 1024 in layer 15
2024-10-13 16:59:33,434 Gathering metrics
2024-10-13 17:00:11,804 {'acc1': 0.807549504950495, 'acc5': 0.9498762376237624, 'loss': 86.5611657500267, 'macs': 49254095592, 'params': 251347688, 'model_size': 958.8153381347656, 'inference_time': 0}
2024-10-13 17:00:11,831 Pruning 1280 in layer 15
2024-10-13 17:00:14,973 Gathering metrics
2024-10-13 17:00:53,014 {'acc1': 0.807240099009901, 'acc5': 0.9486386138613861, 'loss': 86.60782331228256, 'macs': 49150760424, 'params': 250823144, 'model_size': 956.8143615722656, 'inference_time': 0}
2024-10-13 17:00:53,040 Pruning 1536 in layer 15
2024-10-13 17:00:55,771 Gathering metrics
2024-10-13 17:01:34,065 {'acc1': 0.807549504950495, 'acc5': 0.9489480198019802, 'loss': 86.20099211484194, 'macs': 49047425256, 'params': 250298600, 'model_size': 954.8133850097656, 'inference_time': 0}
2024-10-13 17:01:34,093 Pruning 1792 in layer 15
2024-10-13 17:01:36,673 Gathering metrics
2024-10-13 17:02:14,897 {'acc1': 0.8063118811881188, 'acc5': 0.948019801980198, 'loss': 86.31039463728666, 'macs': 48944090088, 'params': 249774056, 'model_size': 952.8124084472656, 'inference_time': 0}
2024-10-13 17:02:15,008 Pruning 2048 in layer 15
2024-10-13 17:02:16,966 Gathering metrics
2024-10-13 17:02:55,044 {'acc1': 0.8047648514851485, 'acc5': 0.9489480198019802, 'loss': 86.50900392234325, 'macs': 48840754920, 'params': 249249512, 'model_size': 950.8114318847656, 'inference_time': 0}
2024-10-13 17:02:55,071 Pruning 256 in layer 16
2024-10-13 17:03:00,549 Gathering metrics
2024-10-13 17:03:38,625 {'acc1': 0.8056930693069307, 'acc5': 0.9474009900990099, 'loss': 86.37884435802698, 'macs': 48840754920, 'params': 249249512, 'model_size': 950.8114318847656, 'inference_time': 0}
2024-10-13 17:03:38,654 Pruning 512 in layer 16
2024-10-13 17:03:43,723 Gathering metrics
2024-10-13 17:04:21,738 {'acc1': 0.8060024752475248, 'acc5': 0.948019801980198, 'loss': 86.35176183283329, 'macs': 48737419752, 'params': 248724968, 'model_size': 948.8104553222656, 'inference_time': 0}
2024-10-13 17:04:21,765 Pruning 768 in layer 16
2024-10-13 17:04:25,913 Gathering metrics
2024-10-13 17:05:05,228 {'acc1': 0.8056930693069307, 'acc5': 0.9483292079207921, 'loss': 86.26048770546913, 'macs': 48634084584, 'params': 248200424, 'model_size': 946.8094787597656, 'inference_time': 0}
2024-10-13 17:05:05,255 Pruning 1024 in layer 16
2024-10-13 17:05:08,871 Gathering metrics
2024-10-13 17:05:49,759 {'acc1': 0.8066212871287128, 'acc5': 0.9483292079207921, 'loss': 86.248226352036, 'macs': 48530749416, 'params': 247675880, 'model_size': 944.8085021972656, 'inference_time': 0}
2024-10-13 17:05:49,785 Pruning 1280 in layer 16
2024-10-13 17:05:52,915 Gathering metrics
2024-10-13 17:06:30,909 {'acc1': 0.8066212871287128, 'acc5': 0.948019801980198, 'loss': 86.15969456732273, 'macs': 48427414248, 'params': 247151336, 'model_size': 942.8075256347656, 'inference_time': 0}
2024-10-13 17:06:30,935 Pruning 1536 in layer 16
2024-10-13 17:06:33,667 Gathering metrics
2024-10-13 17:07:11,213 {'acc1': 0.8060024752475248, 'acc5': 0.9486386138613861, 'loss': 86.16505805402994, 'macs': 48324079080, 'params': 246626792, 'model_size': 940.8065490722656, 'inference_time': 0}
2024-10-13 17:07:11,240 Pruning 1792 in layer 16
2024-10-13 17:07:13,557 Gathering metrics
2024-10-13 17:07:51,409 {'acc1': 0.8081683168316832, 'acc5': 0.9492574257425742, 'loss': 85.97028773277998, 'macs': 48220743912, 'params': 246102248, 'model_size': 938.8055725097656, 'inference_time': 0}
2024-10-13 17:07:51,436 Pruning 2048 in layer 16
2024-10-13 17:07:53,398 Gathering metrics
2024-10-13 17:08:30,856 {'acc1': 0.8063118811881188, 'acc5': 0.9486386138613861, 'loss': 86.15481177717447, 'macs': 48117408744, 'params': 245577704, 'model_size': 936.8045959472656, 'inference_time': 0}
2024-10-13 17:08:30,883 Pruning 2304 in layer 16
2024-10-13 17:08:32,562 Gathering metrics
2024-10-13 17:09:10,039 {'acc1': 0.8053836633663366, 'acc5': 0.9483292079207921, 'loss': 86.266014367342, 'macs': 48014073576, 'params': 245053160, 'model_size': 934.8036193847656, 'inference_time': 0}
2024-10-13 17:09:10,065 Pruning 2560 in layer 16
2024-10-13 17:09:11,471 Gathering metrics
2024-10-13 17:09:48,878 {'acc1': 0.8060024752475248, 'acc5': 0.9486386138613861, 'loss': 86.11323601007462, 'macs': 47910738408, 'params': 244528616, 'model_size': 932.8026428222656, 'inference_time': 0}
2024-10-13 17:09:48,905 Pruning 2816 in layer 16
2024-10-13 17:09:50,099 Gathering metrics
2024-10-13 17:10:27,718 {'acc1': 0.8050742574257426, 'acc5': 0.9489480198019802, 'loss': 85.98404698818922, 'macs': 47807403240, 'params': 244004072, 'model_size': 930.8016662597656, 'inference_time': 0}
2024-10-13 17:10:27,744 Pruning 3072 in layer 16
2024-10-13 17:10:28,757 Gathering metrics
2024-10-13 17:11:06,364 {'acc1': 0.806930693069307, 'acc5': 0.9483292079207921, 'loss': 86.03920309245586, 'macs': 47704068072, 'params': 243479528, 'model_size': 928.8006896972656, 'inference_time': 0}
2024-10-13 17:11:06,390 Pruning 3328 in layer 16
2024-10-13 17:11:07,240 Gathering metrics
2024-10-13 17:11:45,150 {'acc1': 0.806930693069307, 'acc5': 0.9486386138613861, 'loss': 85.59695244580507, 'macs': 47600732904, 'params': 242954984, 'model_size': 926.7997131347656, 'inference_time': 0}
2024-10-13 17:11:45,265 Pruning 3584 in layer 16
2024-10-13 17:11:46,123 Gathering metrics
2024-10-13 17:12:23,547 {'acc1': 0.806930693069307, 'acc5': 0.9474009900990099, 'loss': 85.53301430493593, 'macs': 47497397736, 'params': 242430440, 'model_size': 924.7987365722656, 'inference_time': 0}
2024-10-13 17:12:23,573 Pruning 3840 in layer 16
2024-10-13 17:12:24,151 Gathering metrics
2024-10-13 17:13:01,842 {'acc1': 0.8084777227722773, 'acc5': 0.9477103960396039, 'loss': 85.45653135329485, 'macs': 47394062568, 'params': 241905896, 'model_size': 922.7977600097656, 'inference_time': 0}
2024-10-13 17:13:01,871 Pruning 256 in layer 17
2024-10-13 17:13:07,691 Gathering metrics
2024-10-13 17:13:45,096 {'acc1': 0.807240099009901, 'acc5': 0.9470915841584159, 'loss': 85.61556675285101, 'macs': 47394062568, 'params': 241905896, 'model_size': 922.7977600097656, 'inference_time': 0}
2024-10-13 17:13:45,122 Pruning 512 in layer 17
2024-10-13 17:13:49,848 Gathering metrics
2024-10-13 17:14:27,300 {'acc1': 0.807549504950495, 'acc5': 0.9470915841584159, 'loss': 85.61080631613731, 'macs': 47290727400, 'params': 241381352, 'model_size': 920.7967834472656, 'inference_time': 0}
2024-10-13 17:14:27,329 Pruning 768 in layer 17
2024-10-13 17:14:31,799 Gathering metrics
2024-10-13 17:15:09,164 {'acc1': 0.8078589108910891, 'acc5': 0.9467821782178217, 'loss': 85.56189991533756, 'macs': 47187392232, 'params': 240856808, 'model_size': 918.7958068847656, 'inference_time': 0}
2024-10-13 17:15:09,190 Pruning 1024 in layer 17
2024-10-13 17:15:12,814 Gathering metrics
2024-10-13 17:15:50,066 {'acc1': 0.8084777227722773, 'acc5': 0.9467821782178217, 'loss': 85.52545463293791, 'macs': 47084057064, 'params': 240332264, 'model_size': 916.7948303222656, 'inference_time': 0}
2024-10-13 17:15:50,093 Pruning 1280 in layer 17
2024-10-13 17:15:53,224 Gathering metrics
2024-10-13 17:16:30,423 {'acc1': 0.8090965346534653, 'acc5': 0.9464727722772277, 'loss': 85.44374009221792, 'macs': 46980721896, 'params': 239807720, 'model_size': 914.7938537597656, 'inference_time': 0}
2024-10-13 17:16:30,450 Pruning 1536 in layer 17
2024-10-13 17:16:33,185 Gathering metrics
2024-10-13 17:17:10,329 {'acc1': 0.8090965346534653, 'acc5': 0.9464727722772277, 'loss': 85.43038139492273, 'macs': 46877386728, 'params': 239283176, 'model_size': 912.7928771972656, 'inference_time': 0}
2024-10-13 17:17:10,356 Pruning 1792 in layer 17
2024-10-13 17:17:12,672 Gathering metrics
2024-10-13 17:17:49,747 {'acc1': 0.8090965346534653, 'acc5': 0.9467821782178217, 'loss': 85.2932955622673, 'macs': 46774051560, 'params': 238758632, 'model_size': 910.7919006347656, 'inference_time': 0}
2024-10-13 17:17:49,773 Pruning 2048 in layer 17
2024-10-13 17:17:51,743 Gathering metrics
2024-10-13 17:18:28,991 {'acc1': 0.8109529702970297, 'acc5': 0.9467821782178217, 'loss': 85.10803085565567, 'macs': 46670716392, 'params': 238234088, 'model_size': 908.7909240722656, 'inference_time': 0}
2024-10-13 17:18:29,018 Pruning 2304 in layer 17
2024-10-13 17:18:30,705 Gathering metrics
2024-10-13 17:19:07,691 {'acc1': 0.8109529702970297, 'acc5': 0.9474009900990099, 'loss': 85.13892063498497, 'macs': 46567381224, 'params': 237709544, 'model_size': 906.7899475097656, 'inference_time': 0}
2024-10-13 17:19:07,717 Pruning 2560 in layer 17
2024-10-13 17:19:09,134 Gathering metrics
2024-10-13 17:19:46,178 {'acc1': 0.8106435643564357, 'acc5': 0.9461633663366337, 'loss': 85.31098778545856, 'macs': 46464046056, 'params': 237185000, 'model_size': 904.7889709472656, 'inference_time': 0}
2024-10-13 17:19:46,205 Pruning 2816 in layer 17
2024-10-13 17:19:47,408 Gathering metrics
2024-10-13 17:20:24,385 {'acc1': 0.8109529702970297, 'acc5': 0.9467821782178217, 'loss': 85.17859761416912, 'macs': 46360710888, 'params': 236660456, 'model_size': 902.7879943847656, 'inference_time': 0}
2024-10-13 17:20:24,411 Pruning 3072 in layer 17
2024-10-13 17:20:25,425 Gathering metrics
2024-10-13 17:21:02,285 {'acc1': 0.8094059405940595, 'acc5': 0.9458539603960396, 'loss': 85.2062176540494, 'macs': 46257375720, 'params': 236135912, 'model_size': 900.7870178222656, 'inference_time': 0}
2024-10-13 17:21:02,400 Pruning 3328 in layer 17
2024-10-13 17:21:03,424 Gathering metrics
2024-10-13 17:21:40,404 {'acc1': 0.8100247524752475, 'acc5': 0.9455445544554455, 'loss': 85.19760364294052, 'macs': 46154040552, 'params': 235611368, 'model_size': 898.7860412597656, 'inference_time': 0}
2024-10-13 17:21:40,431 Pruning 3584 in layer 17
2024-10-13 17:21:41,141 Gathering metrics
2024-10-13 17:22:17,972 {'acc1': 0.8090965346534653, 'acc5': 0.9470915841584159, 'loss': 85.23721503466368, 'macs': 46050705384, 'params': 235086824, 'model_size': 896.7850646972656, 'inference_time': 0}
2024-10-13 17:22:17,999 Pruning 3840 in layer 17
2024-10-13 17:22:18,577 Gathering metrics
2024-10-13 17:22:55,443 {'acc1': 0.8087871287128713, 'acc5': 0.9470915841584159, 'loss': 85.13393808156252, 'macs': 45947370216, 'params': 234562280, 'model_size': 894.7840881347656, 'inference_time': 0}
2024-10-13 17:22:55,470 Pruning 256 in layer 18
2024-10-13 17:23:00,934 Gathering metrics
2024-10-13 17:23:37,495 {'acc1': 0.8087871287128713, 'acc5': 0.9467821782178217, 'loss': 85.62171586602926, 'macs': 45947370216, 'params': 234562280, 'model_size': 894.7840881347656, 'inference_time': 0}
2024-10-13 17:23:37,521 Pruning 512 in layer 18
2024-10-13 17:23:42,236 Gathering metrics
2024-10-13 17:24:19,086 {'acc1': 0.8087871287128713, 'acc5': 0.9461633663366337, 'loss': 86.0441332012415, 'macs': 45844035048, 'params': 234037736, 'model_size': 892.7831115722656, 'inference_time': 0}
2024-10-13 17:24:19,113 Pruning 768 in layer 18
2024-10-13 17:24:23,253 Gathering metrics
2024-10-13 17:24:59,740 {'acc1': 0.8094059405940595, 'acc5': 0.9464727722772277, 'loss': 86.46634033322334, 'macs': 45740699880, 'params': 233513192, 'model_size': 890.7821350097656, 'inference_time': 0}
2024-10-13 17:24:59,766 Pruning 1024 in layer 18
2024-10-13 17:25:03,378 Gathering metrics
2024-10-13 17:25:40,051 {'acc1': 0.8103341584158416, 'acc5': 0.9461633663366337, 'loss': 86.72457994520664, 'macs': 45637364712, 'params': 232988648, 'model_size': 888.7811584472656, 'inference_time': 0}
2024-10-13 17:25:40,078 Pruning 1280 in layer 18
2024-10-13 17:25:43,211 Gathering metrics
2024-10-13 17:26:19,975 {'acc1': 0.8097153465346535, 'acc5': 0.9464727722772277, 'loss': 86.64792785048485, 'macs': 45534029544, 'params': 232464104, 'model_size': 886.7801818847656, 'inference_time': 0}
2024-10-13 17:26:20,001 Pruning 1536 in layer 18
2024-10-13 17:26:22,740 Gathering metrics
2024-10-13 17:26:59,506 {'acc1': 0.8094059405940595, 'acc5': 0.9458539603960396, 'loss': 86.58238623291254, 'macs': 45430694376, 'params': 231939560, 'model_size': 884.7792053222656, 'inference_time': 0}
2024-10-13 17:26:59,533 Pruning 1792 in layer 18
2024-10-13 17:27:01,854 Gathering metrics
2024-10-13 17:27:38,578 {'acc1': 0.8097153465346535, 'acc5': 0.9458539603960396, 'loss': 86.29201845824718, 'macs': 45327359208, 'params': 231415016, 'model_size': 882.7782287597656, 'inference_time': 0}
2024-10-13 17:27:38,607 Pruning 2048 in layer 18
2024-10-13 17:27:40,842 Gathering metrics
2024-10-13 17:28:17,534 {'acc1': 0.8094059405940595, 'acc5': 0.9458539603960396, 'loss': 85.89923470467329, 'macs': 45224024040, 'params': 230890472, 'model_size': 880.7772521972656, 'inference_time': 0}
2024-10-13 17:28:17,561 Pruning 2304 in layer 18
2024-10-13 17:28:19,256 Gathering metrics
2024-10-13 17:28:55,889 {'acc1': 0.8094059405940595, 'acc5': 0.9464727722772277, 'loss': 85.13873203843832, 'macs': 45120688872, 'params': 230365928, 'model_size': 878.7762756347656, 'inference_time': 0}
2024-10-13 17:28:55,916 Pruning 2560 in layer 18
2024-10-13 17:28:57,331 Gathering metrics
2024-10-13 17:29:33,845 {'acc1': 0.8078589108910891, 'acc5': 0.9458539603960396, 'loss': 84.58688183873892, 'macs': 45017353704, 'params': 229841384, 'model_size': 876.7752990722656, 'inference_time': 0}
2024-10-13 17:29:33,872 Pruning 2816 in layer 18
2024-10-13 17:29:35,069 Gathering metrics
2024-10-13 17:30:11,510 {'acc1': 0.807240099009901, 'acc5': 0.9461633663366337, 'loss': 83.68201615661383, 'macs': 44914018536, 'params': 229316840, 'model_size': 874.7743225097656, 'inference_time': 0}
2024-10-13 17:30:11,621 Pruning 3072 in layer 18
2024-10-13 17:30:12,633 Gathering metrics
2024-10-13 17:30:49,224 {'acc1': 0.8078589108910891, 'acc5': 0.9455445544554455, 'loss': 82.86932696402073, 'macs': 44810683368, 'params': 228792296, 'model_size': 872.7733459472656, 'inference_time': 0}
2024-10-13 17:30:49,250 Pruning 3328 in layer 18
2024-10-13 17:30:50,102 Gathering metrics
2024-10-13 17:31:26,526 {'acc1': 0.807240099009901, 'acc5': 0.9452351485148515, 'loss': 82.13049636781216, 'macs': 44707348200, 'params': 228267752, 'model_size': 870.7723693847656, 'inference_time': 0}
2024-10-13 17:31:26,554 Pruning 3584 in layer 18
2024-10-13 17:31:27,263 Gathering metrics
2024-10-13 17:32:03,704 {'acc1': 0.807549504950495, 'acc5': 0.9452351485148515, 'loss': 81.8084620218724, 'macs': 44604013032, 'params': 227743208, 'model_size': 868.7713928222656, 'inference_time': 0}
2024-10-13 17:32:03,731 Pruning 3840 in layer 18
2024-10-13 17:32:04,306 Gathering metrics
2024-10-13 17:32:40,590 {'acc1': 0.8090965346534653, 'acc5': 0.9452351485148515, 'loss': 81.52264304459095, 'macs': 44500677864, 'params': 227218664, 'model_size': 866.7704162597656, 'inference_time': 0}
2024-10-13 17:32:40,617 Pruning 256 in layer 19
2024-10-13 17:32:46,092 Gathering metrics
2024-10-13 17:33:22,361 {'acc1': 0.8078589108910891, 'acc5': 0.9452351485148515, 'loss': 81.80870115756989, 'macs': 44500677864, 'params': 227218664, 'model_size': 866.7704162597656, 'inference_time': 0}
2024-10-13 17:33:22,390 Pruning 512 in layer 19
2024-10-13 17:33:27,480 Gathering metrics
2024-10-13 17:34:03,827 {'acc1': 0.8078589108910891, 'acc5': 0.9452351485148515, 'loss': 81.81031507439911, 'macs': 44397342696, 'params': 226694120, 'model_size': 864.7694396972656, 'inference_time': 0}
2024-10-13 17:34:03,856 Pruning 768 in layer 19
2024-10-13 17:34:08,330 Gathering metrics
2024-10-13 17:34:44,624 {'acc1': 0.8078589108910891, 'acc5': 0.9452351485148515, 'loss': 81.81370623037219, 'macs': 44294007528, 'params': 226169576, 'model_size': 862.7684631347656, 'inference_time': 0}
2024-10-13 17:34:44,651 Pruning 1024 in layer 19
2024-10-13 17:34:48,254 Gathering metrics
2024-10-13 17:35:24,356 {'acc1': 0.8078589108910891, 'acc5': 0.9452351485148515, 'loss': 81.81840296089649, 'macs': 44190672360, 'params': 225645032, 'model_size': 860.7674865722656, 'inference_time': 0}
2024-10-13 17:35:24,383 Pruning 1280 in layer 19
2024-10-13 17:35:27,505 Gathering metrics
2024-10-13 17:36:03,514 {'acc1': 0.8078589108910891, 'acc5': 0.9452351485148515, 'loss': 81.82422348111868, 'macs': 44087337192, 'params': 225120488, 'model_size': 858.7665100097656, 'inference_time': 0}
2024-10-13 17:36:03,543 Pruning 1536 in layer 19
2024-10-13 17:36:06,554 Gathering metrics
2024-10-13 17:36:42,849 {'acc1': 0.8078589108910891, 'acc5': 0.9452351485148515, 'loss': 81.83149925246835, 'macs': 43984002024, 'params': 224595944, 'model_size': 856.7655334472656, 'inference_time': 0}
2024-10-13 17:36:42,875 Pruning 1792 in layer 19
2024-10-13 17:36:45,194 Gathering metrics
2024-10-13 17:37:21,246 {'acc1': 0.8078589108910891, 'acc5': 0.9452351485148515, 'loss': 81.84532059170306, 'macs': 43880666856, 'params': 224071400, 'model_size': 854.7645568847656, 'inference_time': 0}
2024-10-13 17:37:21,273 Pruning 2048 in layer 19
2024-10-13 17:37:23,241 Gathering metrics
2024-10-13 17:37:59,472 {'acc1': 0.807240099009901, 'acc5': 0.9455445544554455, 'loss': 81.84275561757386, 'macs': 43777331688, 'params': 223546856, 'model_size': 852.7635803222656, 'inference_time': 0}
2024-10-13 17:37:59,499 Pruning 2304 in layer 19
2024-10-13 17:38:01,175 Gathering metrics
2024-10-13 17:38:37,362 {'acc1': 0.807240099009901, 'acc5': 0.9464727722772277, 'loss': 81.88919236324728, 'macs': 43673996520, 'params': 223022312, 'model_size': 850.7626037597656, 'inference_time': 0}
2024-10-13 17:38:37,477 Pruning 2560 in layer 19
2024-10-13 17:38:38,891 Gathering metrics
2024-10-13 17:39:14,944 {'acc1': 0.807240099009901, 'acc5': 0.9461633663366337, 'loss': 81.92375461384654, 'macs': 43570661352, 'params': 222497768, 'model_size': 848.7616271972656, 'inference_time': 0}
2024-10-13 17:39:14,971 Pruning 2816 in layer 19
2024-10-13 17:39:16,179 Gathering metrics
2024-10-13 17:39:51,919 {'acc1': 0.8084777227722773, 'acc5': 0.9458539603960396, 'loss': 81.84439503774047, 'macs': 43467326184, 'params': 221973224, 'model_size': 846.7606506347656, 'inference_time': 0}
2024-10-13 17:39:51,947 Pruning 3072 in layer 19
2024-10-13 17:39:53,146 Gathering metrics
2024-10-13 17:40:28,878 {'acc1': 0.8097153465346535, 'acc5': 0.9467821782178217, 'loss': 81.56413488090038, 'macs': 43363991016, 'params': 221448680, 'model_size': 844.7596740722656, 'inference_time': 0}
2024-10-13 17:40:28,905 Pruning 3328 in layer 19
2024-10-13 17:40:29,753 Gathering metrics
2024-10-13 17:41:05,432 {'acc1': 0.8106435643564357, 'acc5': 0.9458539603960396, 'loss': 81.57511997967958, 'macs': 43260655848, 'params': 220924136, 'model_size': 842.7586975097656, 'inference_time': 0}
2024-10-13 17:41:05,459 Pruning 3584 in layer 19
2024-10-13 17:41:06,163 Gathering metrics
2024-10-13 17:41:42,032 {'acc1': 0.8109529702970297, 'acc5': 0.9467821782178217, 'loss': 81.33360906504095, 'macs': 43157320680, 'params': 220399592, 'model_size': 840.7577209472656, 'inference_time': 0}
2024-10-13 17:41:42,059 Pruning 3840 in layer 19
2024-10-13 17:41:42,631 Gathering metrics
2024-10-13 17:42:18,602 {'acc1': 0.8109529702970297, 'acc5': 0.9470915841584159, 'loss': 81.30517326667905, 'macs': 43053985512, 'params': 219875048, 'model_size': 838.7567443847656, 'inference_time': 0}
2024-10-13 17:42:18,629 Pruning 256 in layer 20
2024-10-13 17:42:24,119 Gathering metrics
2024-10-13 17:42:59,759 {'acc1': 0.8109529702970297, 'acc5': 0.9467821782178217, 'loss': 81.33360937982798, 'macs': 43053985512, 'params': 219875048, 'model_size': 838.7567443847656, 'inference_time': 0}
2024-10-13 17:42:59,786 Pruning 512 in layer 20
2024-10-13 17:43:04,507 Gathering metrics
2024-10-13 17:43:40,277 {'acc1': 0.8109529702970297, 'acc5': 0.9467821782178217, 'loss': 81.33362076245248, 'macs': 42950650344, 'params': 219350504, 'model_size': 836.7557678222656, 'inference_time': 0}
2024-10-13 17:43:40,303 Pruning 768 in layer 20
2024-10-13 17:43:44,454 Gathering metrics
2024-10-13 17:44:20,190 {'acc1': 0.8109529702970297, 'acc5': 0.9467821782178217, 'loss': 81.33364586532116, 'macs': 42847315176, 'params': 218825960, 'model_size': 834.7547912597656, 'inference_time': 0}
2024-10-13 17:44:20,217 Pruning 1024 in layer 20
2024-10-13 17:44:23,834 Gathering metrics
2024-10-13 17:44:59,449 {'acc1': 0.8109529702970297, 'acc5': 0.9467821782178217, 'loss': 81.33368728868663, 'macs': 42743980008, 'params': 218301416, 'model_size': 832.7538146972656, 'inference_time': 0}
2024-10-13 17:44:59,476 Pruning 1280 in layer 20
2024-10-13 17:45:02,597 Gathering metrics
2024-10-13 17:45:38,109 {'acc1': 0.8109529702970297, 'acc5': 0.9467821782178217, 'loss': 81.33373987302184, 'macs': 42640644840, 'params': 217776872, 'model_size': 830.7528381347656, 'inference_time': 0}
2024-10-13 17:45:38,143 Pruning 1536 in layer 20
2024-10-13 17:45:40,889 Gathering metrics
2024-10-13 17:46:16,249 {'acc1': 0.8109529702970297, 'acc5': 0.9467821782178217, 'loss': 81.33380714803934, 'macs': 42537309672, 'params': 217252328, 'model_size': 828.7518615722656, 'inference_time': 0}
2024-10-13 17:46:16,275 Pruning 1792 in layer 20
2024-10-13 17:46:18,595 Gathering metrics
2024-10-13 17:46:54,348 {'acc1': 0.8109529702970297, 'acc5': 0.9467821782178217, 'loss': 81.3338916618377, 'macs': 42433974504, 'params': 216727784, 'model_size': 826.7508850097656, 'inference_time': 0}
2024-10-13 17:46:54,375 Pruning 2048 in layer 20
2024-10-13 17:46:56,332 Gathering metrics
2024-10-13 17:47:31,435 {'acc1': 0.8109529702970297, 'acc5': 0.9467821782178217, 'loss': 81.33397715352476, 'macs': 42330639336, 'params': 216203240, 'model_size': 824.7499084472656, 'inference_time': 0}
2024-10-13 17:47:31,555 Pruning 2304 in layer 20
2024-10-13 17:47:33,253 Gathering metrics
2024-10-13 17:48:08,649 {'acc1': 0.8109529702970297, 'acc5': 0.9467821782178217, 'loss': 81.33407422527671, 'macs': 42227304168, 'params': 215678696, 'model_size': 822.7489318847656, 'inference_time': 0}
2024-10-13 17:48:08,678 Pruning 2560 in layer 20
2024-10-13 17:48:10,328 Gathering metrics
2024-10-13 17:48:45,978 {'acc1': 0.8109529702970297, 'acc5': 0.9467821782178217, 'loss': 81.33419095352292, 'macs': 42123969000, 'params': 215154152, 'model_size': 820.7479553222656, 'inference_time': 0}
2024-10-13 17:48:46,005 Pruning 2816 in layer 20
2024-10-13 17:48:47,198 Gathering metrics
2024-10-13 17:49:22,852 {'acc1': 0.8109529702970297, 'acc5': 0.9467821782178217, 'loss': 81.33434849604964, 'macs': 42020633832, 'params': 214629608, 'model_size': 818.7469787597656, 'inference_time': 0}
2024-10-13 17:49:22,878 Pruning 3072 in layer 20
2024-10-13 17:49:23,891 Gathering metrics
2024-10-13 17:49:59,436 {'acc1': 0.8109529702970297, 'acc5': 0.9467821782178217, 'loss': 81.33478566259146, 'macs': 41917298664, 'params': 214105064, 'model_size': 816.7460021972656, 'inference_time': 0}
2024-10-13 17:49:59,463 Pruning 3328 in layer 20
2024-10-13 17:50:00,309 Gathering metrics
2024-10-13 17:50:35,772 {'acc1': 0.8109529702970297, 'acc5': 0.9467821782178217, 'loss': 81.33986313268542, 'macs': 41813963496, 'params': 213580520, 'model_size': 814.7450256347656, 'inference_time': 0}
2024-10-13 17:50:35,803 Pruning 3584 in layer 20
2024-10-13 17:50:36,664 Gathering metrics
2024-10-13 17:51:11,829 {'acc1': 0.8103341584158416, 'acc5': 0.9467821782178217, 'loss': 81.45203897356987, 'macs': 41710628328, 'params': 213055976, 'model_size': 812.7440490722656, 'inference_time': 0}
2024-10-13 17:51:11,856 Pruning 3840 in layer 20
2024-10-13 17:51:12,422 Gathering metrics
2024-10-13 17:51:47,350 {'acc1': 0.8103341584158416, 'acc5': 0.9470915841584159, 'loss': 81.65755052492023, 'macs': 41607293160, 'params': 212531432, 'model_size': 810.7430725097656, 'inference_time': 0}
2024-10-13 17:51:47,376 Pruning 256 in layer 21
2024-10-13 17:51:52,843 Gathering metrics
2024-10-13 17:52:27,988 {'acc1': 0.8103341584158416, 'acc5': 0.9467821782178217, 'loss': 81.45645732060075, 'macs': 41607293160, 'params': 212531432, 'model_size': 810.7430725097656, 'inference_time': 0}
2024-10-13 17:52:28,015 Pruning 512 in layer 21
2024-10-13 17:52:32,747 Gathering metrics
2024-10-13 17:53:07,939 {'acc1': 0.8100247524752475, 'acc5': 0.9470915841584159, 'loss': 81.47288866341114, 'macs': 41503957992, 'params': 212006888, 'model_size': 808.7420959472656, 'inference_time': 0}
2024-10-13 17:53:07,965 Pruning 768 in layer 21
2024-10-13 17:53:12,116 Gathering metrics
2024-10-13 17:53:47,169 {'acc1': 0.8097153465346535, 'acc5': 0.9470915841584159, 'loss': 81.50184798240662, 'macs': 41400622824, 'params': 211482344, 'model_size': 806.7411193847656, 'inference_time': 0}
2024-10-13 17:53:47,197 Pruning 1024 in layer 21
2024-10-13 17:53:50,799 Gathering metrics
2024-10-13 17:54:25,847 {'acc1': 0.8097153465346535, 'acc5': 0.9470915841584159, 'loss': 81.54580615088344, 'macs': 41297287656, 'params': 210957800, 'model_size': 804.7401428222656, 'inference_time': 0}
2024-10-13 17:54:25,877 Pruning 1280 in layer 21
2024-10-13 17:54:29,305 Gathering metrics
2024-10-13 17:55:04,379 {'acc1': 0.8097153465346535, 'acc5': 0.9470915841584159, 'loss': 81.60696592926979, 'macs': 41193952488, 'params': 210433256, 'model_size': 802.7391662597656, 'inference_time': 0}
2024-10-13 17:55:04,407 Pruning 1536 in layer 21
2024-10-13 17:55:07,165 Gathering metrics
2024-10-13 17:55:41,926 {'acc1': 0.8097153465346535, 'acc5': 0.9470915841584159, 'loss': 81.69002781063318, 'macs': 41090617320, 'params': 209908712, 'model_size': 800.7381896972656, 'inference_time': 0}
2024-10-13 17:55:41,952 Pruning 1792 in layer 21
2024-10-13 17:55:44,262 Gathering metrics
2024-10-13 17:56:19,233 {'acc1': 0.8097153465346535, 'acc5': 0.9470915841584159, 'loss': 81.80825726315379, 'macs': 40987282152, 'params': 209384168, 'model_size': 798.7372131347656, 'inference_time': 0}
2024-10-13 17:56:19,350 Pruning 2048 in layer 21
2024-10-13 17:56:21,317 Gathering metrics
2024-10-13 17:56:56,034 {'acc1': 0.8097153465346535, 'acc5': 0.9470915841584159, 'loss': 81.94848925992846, 'macs': 40883946984, 'params': 208859624, 'model_size': 796.7362365722656, 'inference_time': 0}
2024-10-13 17:56:56,061 Pruning 2304 in layer 21
2024-10-13 17:56:57,747 Gathering metrics
2024-10-13 17:57:32,474 {'acc1': 0.8094059405940595, 'acc5': 0.9470915841584159, 'loss': 82.12936731055379, 'macs': 40780611816, 'params': 208335080, 'model_size': 794.7352600097656, 'inference_time': 0}
2024-10-13 17:57:32,501 Pruning 2560 in layer 21
2024-10-13 17:57:33,911 Gathering metrics
2024-10-13 17:58:08,407 {'acc1': 0.8094059405940595, 'acc5': 0.9467821782178217, 'loss': 82.35332386940718, 'macs': 40677276648, 'params': 207810536, 'model_size': 792.7342834472656, 'inference_time': 0}
2024-10-13 17:58:08,433 Pruning 2816 in layer 21
2024-10-13 17:58:09,633 Gathering metrics
2024-10-13 17:58:44,373 {'acc1': 0.8097153465346535, 'acc5': 0.9467821782178217, 'loss': 82.65032985433936, 'macs': 40573941480, 'params': 207285992, 'model_size': 790.7333068847656, 'inference_time': 0}
2024-10-13 17:58:44,400 Pruning 3072 in layer 21
2024-10-13 17:58:45,410 Gathering metrics
2024-10-13 17:59:19,856 {'acc1': 0.8097153465346535, 'acc5': 0.9467821782178217, 'loss': 83.0385410785675, 'macs': 40470606312, 'params': 206761448, 'model_size': 788.7323303222656, 'inference_time': 0}
2024-10-13 17:59:19,884 Pruning 3328 in layer 21
2024-10-13 17:59:20,729 Gathering metrics
2024-10-13 17:59:55,208 {'acc1': 0.8097153465346535, 'acc5': 0.9464727722772277, 'loss': 83.49601805955172, 'macs': 40367271144, 'params': 206236904, 'model_size': 786.7313537597656, 'inference_time': 0}
2024-10-13 17:59:55,236 Pruning 3584 in layer 21
2024-10-13 17:59:55,940 Gathering metrics
2024-10-13 18:00:30,493 {'acc1': 0.8097153465346535, 'acc5': 0.9464727722772277, 'loss': 84.06426829844713, 'macs': 40263935976, 'params': 205712360, 'model_size': 784.7303771972656, 'inference_time': 0}
2024-10-13 18:00:30,519 Pruning 3840 in layer 21
2024-10-13 18:00:31,086 Gathering metrics
2024-10-13 18:01:05,268 {'acc1': 0.8097153465346535, 'acc5': 0.9467821782178217, 'loss': 84.7459584325552, 'macs': 40160600808, 'params': 205187816, 'model_size': 782.7294006347656, 'inference_time': 0}
2024-10-13 18:01:05,295 Pruning 256 in layer 22
2024-10-13 18:01:10,752 Gathering metrics
2024-10-13 18:01:45,102 {'acc1': 0.8097153465346535, 'acc5': 0.9464727722772277, 'loss': 84.06422713398933, 'macs': 40160600808, 'params': 205187816, 'model_size': 782.7294006347656, 'inference_time': 0}
2024-10-13 18:01:45,128 Pruning 512 in layer 22
2024-10-13 18:01:49,848 Gathering metrics
2024-10-13 18:02:24,542 {'acc1': 0.8097153465346535, 'acc5': 0.9464727722772277, 'loss': 84.06397031247616, 'macs': 40057265640, 'params': 204663272, 'model_size': 780.7284240722656, 'inference_time': 0}
2024-10-13 18:02:24,569 Pruning 768 in layer 22
2024-10-13 18:02:28,706 Gathering metrics
2024-10-13 18:03:02,782 {'acc1': 0.8097153465346535, 'acc5': 0.9464727722772277, 'loss': 84.06341494619846, 'macs': 39953930472, 'params': 204138728, 'model_size': 778.7274475097656, 'inference_time': 0}
2024-10-13 18:03:02,810 Pruning 1024 in layer 22
2024-10-13 18:03:06,404 Gathering metrics
2024-10-13 18:03:40,786 {'acc1': 0.8097153465346535, 'acc5': 0.9464727722772277, 'loss': 84.06240750849247, 'macs': 39850595304, 'params': 203614184, 'model_size': 776.7264709472656, 'inference_time': 0}
2024-10-13 18:03:40,813 Pruning 1280 in layer 22
2024-10-13 18:03:43,958 Gathering metrics
2024-10-13 18:04:18,230 {'acc1': 0.8097153465346535, 'acc5': 0.9464727722772277, 'loss': 84.06110763549805, 'macs': 39747260136, 'params': 203089640, 'model_size': 774.7254943847656, 'inference_time': 0}
2024-10-13 18:04:18,256 Pruning 1536 in layer 22
2024-10-13 18:04:21,017 Gathering metrics
2024-10-13 18:04:55,453 {'acc1': 0.8097153465346535, 'acc5': 0.9464727722772277, 'loss': 84.05947176367044, 'macs': 39643924968, 'params': 202565096, 'model_size': 772.7245178222656, 'inference_time': 0}
2024-10-13 18:04:55,567 Pruning 1792 in layer 22
2024-10-13 18:04:57,886 Gathering metrics
2024-10-13 18:05:32,025 {'acc1': 0.8097153465346535, 'acc5': 0.9464727722772277, 'loss': 84.05745317041874, 'macs': 39540589800, 'params': 202040552, 'model_size': 770.7235412597656, 'inference_time': 0}
2024-10-13 18:05:32,052 Pruning 2048 in layer 22
2024-10-13 18:05:34,014 Gathering metrics
2024-10-13 18:06:08,057 {'acc1': 0.8097153465346535, 'acc5': 0.9464727722772277, 'loss': 84.05517612397671, 'macs': 39437254632, 'params': 201516008, 'model_size': 768.7225646972656, 'inference_time': 0}
2024-10-13 18:06:08,084 Pruning 2304 in layer 22
2024-10-13 18:06:09,783 Gathering metrics
2024-10-13 18:06:44,133 {'acc1': 0.8097153465346535, 'acc5': 0.9464727722772277, 'loss': 84.05257826298475, 'macs': 39333919464, 'params': 200991464, 'model_size': 766.7215881347656, 'inference_time': 0}
2024-10-13 18:06:44,162 Pruning 2560 in layer 22
2024-10-13 18:06:45,816 Gathering metrics
2024-10-13 18:07:20,405 {'acc1': 0.8097153465346535, 'acc5': 0.9464727722772277, 'loss': 84.0494847074151, 'macs': 39230584296, 'params': 200466920, 'model_size': 764.7206115722656, 'inference_time': 0}
2024-10-13 18:07:20,432 Pruning 2816 in layer 22
2024-10-13 18:07:21,633 Gathering metrics
2024-10-13 18:07:55,769 {'acc1': 0.8097153465346535, 'acc5': 0.9464727722772277, 'loss': 84.04606165736914, 'macs': 39127249128, 'params': 199942376, 'model_size': 762.7196350097656, 'inference_time': 0}
2024-10-13 18:07:55,796 Pruning 3072 in layer 22
2024-10-13 18:07:56,811 Gathering metrics
2024-10-13 18:08:31,019 {'acc1': 0.8097153465346535, 'acc5': 0.9464727722772277, 'loss': 84.04241363704205, 'macs': 39023913960, 'params': 199417832, 'model_size': 760.7186584472656, 'inference_time': 0}
2024-10-13 18:08:31,046 Pruning 3328 in layer 22
2024-10-13 18:08:31,892 Gathering metrics
2024-10-13 18:09:05,812 {'acc1': 0.8097153465346535, 'acc5': 0.9464727722772277, 'loss': 84.03870118409395, 'macs': 38920578792, 'params': 198893288, 'model_size': 758.7176818847656, 'inference_time': 0}
2024-10-13 18:09:05,839 Pruning 3584 in layer 22
2024-10-13 18:09:06,541 Gathering metrics
2024-10-13 18:09:40,461 {'acc1': 0.8097153465346535, 'acc5': 0.9464727722772277, 'loss': 84.0066991224885, 'macs': 38817243624, 'params': 198368744, 'model_size': 756.7167053222656, 'inference_time': 0}
2024-10-13 18:09:40,489 Pruning 3840 in layer 22
2024-10-13 18:09:41,066 Gathering metrics
2024-10-13 18:10:14,853 {'acc1': 0.8097153465346535, 'acc5': 0.9464727722772277, 'loss': 83.50909020006657, 'macs': 38713908456, 'params': 197844200, 'model_size': 754.7157287597656, 'inference_time': 0}
2024-10-13 18:10:14,880 Pruning 256 in layer 23
2024-10-13 18:10:20,338 Gathering metrics
2024-10-13 18:10:54,242 {'acc1': 0.8097153465346535, 'acc5': 0.9464727722772277, 'loss': 84.0066991224885, 'macs': 38713908456, 'params': 197844200, 'model_size': 754.7157287597656, 'inference_time': 0}
2024-10-13 18:10:54,268 Pruning 512 in layer 23
2024-10-13 18:10:58,974 Gathering metrics
2024-10-13 18:11:32,717 {'acc1': 0.8097153465346535, 'acc5': 0.9464727722772277, 'loss': 84.00669918209314, 'macs': 38610573288, 'params': 197319656, 'model_size': 752.7147521972656, 'inference_time': 0}
2024-10-13 18:11:32,745 Pruning 768 in layer 23
2024-10-13 18:11:36,907 Gathering metrics
2024-10-13 18:12:10,917 {'acc1': 0.8097153465346535, 'acc5': 0.9464727722772277, 'loss': 84.00669870525599, 'macs': 38507238120, 'params': 196795112, 'model_size': 750.7137756347656, 'inference_time': 0}
2024-10-13 18:12:10,945 Pruning 1024 in layer 23
2024-10-13 18:12:14,555 Gathering metrics
2024-10-13 18:12:48,428 {'acc1': 0.8097153465346535, 'acc5': 0.9464727722772277, 'loss': 84.00669900327921, 'macs': 38403902952, 'params': 196270568, 'model_size': 748.7127990722656, 'inference_time': 0}
2024-10-13 18:12:48,455 Pruning 1280 in layer 23
2024-10-13 18:12:51,595 Gathering metrics
2024-10-13 18:13:25,231 {'acc1': 0.8097153465346535, 'acc5': 0.9464727722772277, 'loss': 84.00669876486063, 'macs': 38300567784, 'params': 195746024, 'model_size': 746.7118225097656, 'inference_time': 0}
2024-10-13 18:13:25,345 Pruning 1536 in layer 23
2024-10-13 18:13:28,091 Gathering metrics
2024-10-13 18:14:02,045 {'acc1': 0.8097153465346535, 'acc5': 0.9464727722772277, 'loss': 84.00669841468334, 'macs': 38197232616, 'params': 195221480, 'model_size': 744.7108459472656, 'inference_time': 0}
2024-10-13 18:14:02,072 Pruning 1792 in layer 23
2024-10-13 18:14:04,389 Gathering metrics
2024-10-13 18:14:37,840 {'acc1': 0.8097153465346535, 'acc5': 0.9464727722772277, 'loss': 84.00669890642166, 'macs': 38093897448, 'params': 194696936, 'model_size': 742.7098693847656, 'inference_time': 0}
2024-10-13 18:14:37,868 Pruning 2048 in layer 23
2024-10-13 18:14:39,825 Gathering metrics
2024-10-13 18:15:13,426 {'acc1': 0.8097153465346535, 'acc5': 0.9464727722772277, 'loss': 84.00669974088669, 'macs': 37990562280, 'params': 194172392, 'model_size': 740.7088928222656, 'inference_time': 0}
2024-10-13 18:15:13,453 Pruning 2304 in layer 23
2024-10-13 18:15:15,148 Gathering metrics
2024-10-13 18:15:48,732 {'acc1': 0.8097153465346535, 'acc5': 0.9464727722772277, 'loss': 84.00669956207275, 'macs': 37887227112, 'params': 193647848, 'model_size': 738.7079162597656, 'inference_time': 0}
2024-10-13 18:15:48,759 Pruning 2560 in layer 23
2024-10-13 18:15:50,178 Gathering metrics
2024-10-13 18:16:23,697 {'acc1': 0.8097153465346535, 'acc5': 0.9464727722772277, 'loss': 84.0066985860467, 'macs': 37783891944, 'params': 193123304, 'model_size': 736.7069396972656, 'inference_time': 0}
2024-10-13 18:16:23,724 Pruning 2816 in layer 23
2024-10-13 18:16:24,938 Gathering metrics
2024-10-13 18:16:58,758 {'acc1': 0.8097153465346535, 'acc5': 0.9464727722772277, 'loss': 84.00669873505831, 'macs': 37680556776, 'params': 192598760, 'model_size': 734.7059631347656, 'inference_time': 0}
2024-10-13 18:16:58,786 Pruning 3072 in layer 23
2024-10-13 18:16:59,797 Gathering metrics
2024-10-13 18:17:33,180 {'acc1': 0.8097153465346535, 'acc5': 0.9464727722772277, 'loss': 84.0066991224885, 'macs': 37577221608, 'params': 192074216, 'model_size': 732.7049865722656, 'inference_time': 0}
2024-10-13 18:17:33,207 Pruning 3328 in layer 23
2024-10-13 18:17:34,059 Gathering metrics
2024-10-13 18:18:07,414 {'acc1': 0.8097153465346535, 'acc5': 0.9464727722772277, 'loss': 84.00669859349728, 'macs': 37473886440, 'params': 191549672, 'model_size': 730.7040100097656, 'inference_time': 0}
2024-10-13 18:18:07,440 Pruning 3584 in layer 23
2024-10-13 18:18:08,149 Gathering metrics
2024-10-13 18:18:41,608 {'acc1': 0.8097153465346535, 'acc5': 0.9464727722772277, 'loss': 84.00669786334038, 'macs': 37370551272, 'params': 191025128, 'model_size': 728.7030334472656, 'inference_time': 0}
2024-10-13 18:18:41,638 Pruning 3840 in layer 23
2024-10-13 18:18:42,339 Gathering metrics
2024-10-13 18:19:15,623 {'acc1': 0.8097153465346535, 'acc5': 0.9464727722772277, 'loss': 84.00669770687819, 'macs': 37267216104, 'params': 190500584, 'model_size': 726.7020568847656, 'inference_time': 0}
2024-10-13 18:19:15,641 Experiment finished
