2024-10-12 17:20:34,066 Starting experiment outputs/adaptive/vit_l_32/proj5n50
2024-10-12 17:20:34,066 Loading the original model
2024-10-12 17:20:35,300 Gathering metrics of the original model
2024-10-12 17:20:59,407 {'acc1': 0.801980198019802, 'acc5': 0.9452351485148515, 'loss': 89.42361554503441, 'macs': 15265769448, 'params': 306535400, 'model_size': 1169.3397521972656, 'inference_time': 0}
2024-10-12 17:20:59,432 Pruning 256 in layer 23
2024-10-12 17:21:04,946 Gathering metrics
2024-10-12 17:21:28,754 {'acc1': 0.7995049504950495, 'acc5': 0.9470915841584159, 'loss': 97.05064952373505, 'macs': 15239542248, 'params': 306010856, 'model_size': 1167.3387756347656, 'inference_time': 0}
2024-10-12 17:21:28,786 Pruning 512 in layer 23
2024-10-12 17:21:33,519 Gathering metrics
2024-10-12 17:21:57,304 {'acc1': 0.8001237623762376, 'acc5': 0.9470915841584159, 'loss': 92.17648509144783, 'macs': 15213315048, 'params': 305486312, 'model_size': 1165.3377990722656, 'inference_time': 0}
2024-10-12 17:21:57,328 Pruning 768 in layer 23
2024-10-12 17:22:01,474 Gathering metrics
2024-10-12 17:22:24,755 {'acc1': 0.8013613861386139, 'acc5': 0.9483292079207921, 'loss': 90.22323343157768, 'macs': 15187087848, 'params': 304961768, 'model_size': 1163.3368225097656, 'inference_time': 0}
2024-10-12 17:22:24,780 Pruning 1024 in layer 23
2024-10-12 17:22:28,385 Gathering metrics
2024-10-12 17:22:51,642 {'acc1': 0.8013613861386139, 'acc5': 0.9477103960396039, 'loss': 89.27974017709494, 'macs': 15160860648, 'params': 304437224, 'model_size': 1161.3358459472656, 'inference_time': 0}
2024-10-12 17:22:51,666 Pruning 1280 in layer 23
2024-10-12 17:22:54,787 Gathering metrics
2024-10-12 17:23:18,460 {'acc1': 0.8013613861386139, 'acc5': 0.9474009900990099, 'loss': 89.24052947759628, 'macs': 15134633448, 'params': 303912680, 'model_size': 1159.3348693847656, 'inference_time': 0}
2024-10-12 17:23:18,485 Pruning 1536 in layer 23
2024-10-12 17:23:21,224 Gathering metrics
2024-10-12 17:23:44,622 {'acc1': 0.8013613861386139, 'acc5': 0.9470915841584159, 'loss': 88.89627081155777, 'macs': 15108406248, 'params': 303388136, 'model_size': 1157.3338928222656, 'inference_time': 0}
2024-10-12 17:23:44,647 Pruning 1792 in layer 23
2024-10-12 17:23:46,964 Gathering metrics
2024-10-12 17:24:10,361 {'acc1': 0.8007425742574258, 'acc5': 0.9477103960396039, 'loss': 88.48946385830641, 'macs': 15082179048, 'params': 302863592, 'model_size': 1155.3329162597656, 'inference_time': 0}
2024-10-12 17:24:10,385 Pruning 2048 in layer 23
2024-10-12 17:24:12,354 Gathering metrics
2024-10-12 17:24:35,869 {'acc1': 0.8010519801980198, 'acc5': 0.9492574257425742, 'loss': 87.45174815505743, 'macs': 15055951848, 'params': 302339048, 'model_size': 1153.3319396972656, 'inference_time': 0}
2024-10-12 17:24:35,894 Pruning 2304 in layer 23
2024-10-12 17:24:37,601 Gathering metrics
2024-10-12 17:25:01,015 {'acc1': 0.801980198019802, 'acc5': 0.9498762376237624, 'loss': 87.1135670542717, 'macs': 15029724648, 'params': 301814504, 'model_size': 1151.3309631347656, 'inference_time': 0}
2024-10-12 17:25:01,040 Pruning 2560 in layer 23
2024-10-12 17:25:02,487 Gathering metrics
2024-10-12 17:25:25,951 {'acc1': 0.8013613861386139, 'acc5': 0.9495668316831684, 'loss': 85.86687470600009, 'macs': 15003497448, 'params': 301289960, 'model_size': 1149.3299865722656, 'inference_time': 0}
2024-10-12 17:25:25,976 Pruning 2816 in layer 23
2024-10-12 17:25:27,204 Gathering metrics
2024-10-12 17:25:50,830 {'acc1': 0.8010519801980198, 'acc5': 0.9492574257425742, 'loss': 86.28668998554349, 'macs': 14977270248, 'params': 300765416, 'model_size': 1147.3290100097656, 'inference_time': 0}
2024-10-12 17:25:50,856 Pruning 3072 in layer 23
2024-10-12 17:25:51,883 Gathering metrics
2024-10-12 17:26:15,309 {'acc1': 0.8013613861386139, 'acc5': 0.9483292079207921, 'loss': 86.10805202648044, 'macs': 14951043048, 'params': 300240872, 'model_size': 1145.3280334472656, 'inference_time': 0}
2024-10-12 17:26:15,333 Pruning 3328 in layer 23
2024-10-12 17:26:16,191 Gathering metrics
2024-10-12 17:26:39,583 {'acc1': 0.8016707920792079, 'acc5': 0.9489480198019802, 'loss': 85.95432099327445, 'macs': 14924815848, 'params': 299716328, 'model_size': 1143.3270568847656, 'inference_time': 0}
2024-10-12 17:26:39,694 Pruning 3584 in layer 23
2024-10-12 17:26:40,422 Gathering metrics
2024-10-12 17:27:03,966 {'acc1': 0.8013613861386139, 'acc5': 0.9486386138613861, 'loss': 85.74177015572786, 'macs': 14898588648, 'params': 299191784, 'model_size': 1141.3260803222656, 'inference_time': 0}
2024-10-12 17:27:03,996 Pruning 3840 in layer 23
2024-10-12 17:27:04,601 Gathering metrics
2024-10-12 17:27:27,805 {'acc1': 0.8016707920792079, 'acc5': 0.9477103960396039, 'loss': 85.71215555071831, 'macs': 14872361448, 'params': 298667240, 'model_size': 1139.3251037597656, 'inference_time': 0}
2024-10-12 17:27:27,830 Pruning 256 in layer 22
2024-10-12 17:27:33,310 Gathering metrics
2024-10-12 17:27:56,783 {'acc1': 0.7985767326732673, 'acc5': 0.9483292079207921, 'loss': 84.32970935665071, 'macs': 14872361448, 'params': 298667240, 'model_size': 1139.3251037597656, 'inference_time': 0}
2024-10-12 17:27:56,809 Pruning 512 in layer 22
2024-10-12 17:28:01,539 Gathering metrics
2024-10-12 17:28:24,861 {'acc1': 0.7985767326732673, 'acc5': 0.9489480198019802, 'loss': 85.15124351996928, 'macs': 14846134248, 'params': 298142696, 'model_size': 1137.3241271972656, 'inference_time': 0}
2024-10-12 17:28:24,887 Pruning 768 in layer 22
2024-10-12 17:28:29,050 Gathering metrics
2024-10-12 17:28:52,245 {'acc1': 0.7976485148514851, 'acc5': 0.9483292079207921, 'loss': 85.44762786803767, 'macs': 14819907048, 'params': 297618152, 'model_size': 1135.3231506347656, 'inference_time': 0}
2024-10-12 17:28:52,269 Pruning 256 in layer 21
2024-10-12 17:28:57,746 Gathering metrics
2024-10-12 17:29:21,246 {'acc1': 0.7995049504950495, 'acc5': 0.9474009900990099, 'loss': 85.05368705745786, 'macs': 14819907048, 'params': 297618152, 'model_size': 1135.3231506347656, 'inference_time': 0}
2024-10-12 17:29:21,271 Pruning 512 in layer 21
2024-10-12 17:29:26,010 Gathering metrics
2024-10-12 17:29:49,272 {'acc1': 0.7982673267326733, 'acc5': 0.9477103960396039, 'loss': 85.17508785054088, 'macs': 14793679848, 'params': 297093608, 'model_size': 1133.3221740722656, 'inference_time': 0}
2024-10-12 17:29:49,296 Pruning 768 in layer 21
2024-10-12 17:29:53,438 Gathering metrics
2024-10-12 17:30:16,698 {'acc1': 0.7957920792079208, 'acc5': 0.9467821782178217, 'loss': 85.38913234509528, 'macs': 14767452648, 'params': 296569064, 'model_size': 1131.3211975097656, 'inference_time': 0}
2024-10-12 17:30:16,724 Pruning 1024 in layer 21
2024-10-12 17:30:20,336 Gathering metrics
2024-10-12 17:30:43,736 {'acc1': 0.7964108910891089, 'acc5': 0.9446163366336634, 'loss': 85.38229393493384, 'macs': 14741225448, 'params': 296044520, 'model_size': 1129.3202209472656, 'inference_time': 0}
2024-10-12 17:30:43,762 Pruning 1280 in layer 21
2024-10-12 17:30:46,913 Gathering metrics
2024-10-12 17:31:10,242 {'acc1': 0.7979579207920792, 'acc5': 0.9455445544554455, 'loss': 84.77003628853709, 'macs': 14714998248, 'params': 295519976, 'model_size': 1127.3192443847656, 'inference_time': 0}
2024-10-12 17:31:10,268 Pruning 1536 in layer 21
2024-10-12 17:31:13,009 Gathering metrics
2024-10-12 17:31:36,287 {'acc1': 0.7961014851485149, 'acc5': 0.9439975247524752, 'loss': 85.39218126051128, 'macs': 14688771048, 'params': 294995432, 'model_size': 1125.3182678222656, 'inference_time': 0}
2024-10-12 17:31:36,312 Pruning 1792 in layer 21
2024-10-12 17:31:38,651 Gathering metrics
2024-10-12 17:32:01,906 {'acc1': 0.7926980198019802, 'acc5': 0.942450495049505, 'loss': 86.72050669416785, 'macs': 14662543848, 'params': 294470888, 'model_size': 1123.3172912597656, 'inference_time': 0}
2024-10-12 17:32:02,015 Pruning 256 in layer 20
2024-10-12 17:32:07,465 Gathering metrics
2024-10-12 17:32:30,657 {'acc1': 0.7945544554455446, 'acc5': 0.942759900990099, 'loss': 86.15873348899186, 'macs': 14662543848, 'params': 294470888, 'model_size': 1123.3172912597656, 'inference_time': 0}
2024-10-12 17:32:30,682 Pruning 512 in layer 20
2024-10-12 17:32:35,420 Gathering metrics
2024-10-12 17:32:58,672 {'acc1': 0.7988861386138614, 'acc5': 0.9412128712871287, 'loss': 85.94985705055296, 'macs': 14636316648, 'params': 293946344, 'model_size': 1121.3163146972656, 'inference_time': 0}
2024-10-12 17:32:58,697 Pruning 768 in layer 20
2024-10-12 17:33:02,861 Gathering metrics
2024-10-12 17:33:26,157 {'acc1': 0.7930074257425742, 'acc5': 0.9433787128712872, 'loss': 86.31736211199313, 'macs': 14610089448, 'params': 293421800, 'model_size': 1119.3153381347656, 'inference_time': 0}
2024-10-12 17:33:26,183 Pruning 1024 in layer 20
2024-10-12 17:33:29,810 Gathering metrics
2024-10-12 17:33:53,434 {'acc1': 0.7936262376237624, 'acc5': 0.9421410891089109, 'loss': 86.63585685007274, 'macs': 14583862248, 'params': 292897256, 'model_size': 1117.3143615722656, 'inference_time': 0}
2024-10-12 17:33:53,465 Pruning 1280 in layer 20
2024-10-12 17:33:56,605 Gathering metrics
2024-10-12 17:34:19,815 {'acc1': 0.7920792079207921, 'acc5': 0.942759900990099, 'loss': 86.97634510975331, 'macs': 14557635048, 'params': 292372712, 'model_size': 1115.3133850097656, 'inference_time': 0}
2024-10-12 17:34:19,840 Pruning 256 in layer 19
2024-10-12 17:34:25,300 Gathering metrics
2024-10-12 17:34:48,619 {'acc1': 0.0, 'acc5': 0.0, 'loss': 717.1204009056091, 'macs': 14557635048, 'params': 292372712, 'model_size': 1115.3133850097656, 'inference_time': 0}
2024-10-12 17:34:48,644 Pruning 256 in layer 18
2024-10-12 17:34:54,102 Gathering metrics
2024-10-12 17:35:17,600 {'acc1': 0.0, 'acc5': 0.0, 'loss': 704.7444291114807, 'macs': 14557635048, 'params': 292372712, 'model_size': 1115.3133850097656, 'inference_time': 0}
2024-10-12 17:35:17,626 Pruning 256 in layer 17
2024-10-12 17:35:23,095 Gathering metrics
2024-10-12 17:35:46,371 {'acc1': 0.0, 'acc5': 0.0, 'loss': 704.7444291114807, 'macs': 14557635048, 'params': 292372712, 'model_size': 1115.3133850097656, 'inference_time': 0}
2024-10-12 17:35:46,396 Pruning 256 in layer 16
2024-10-12 17:35:51,881 Gathering metrics
2024-10-12 17:36:15,366 {'acc1': 0.01547029702970297, 'acc5': 0.07735148514851485, 'loss': nan, 'macs': 14557635048, 'params': 292372712, 'model_size': 1115.3133850097656, 'inference_time': 0}
2024-10-12 17:36:15,391 Pruning 256 in layer 15
2024-10-12 17:36:20,862 Gathering metrics
2024-10-12 17:36:44,147 {'acc1': 0.0, 'acc5': 0.0, 'loss': 704.7444291114807, 'macs': 14557635048, 'params': 292372712, 'model_size': 1115.3133850097656, 'inference_time': 0}
2024-10-12 17:36:44,172 Pruning 256 in layer 14
2024-10-12 17:36:49,654 Gathering metrics
2024-10-12 17:37:13,184 {'acc1': 0.01547029702970297, 'acc5': 0.07735148514851485, 'loss': nan, 'macs': 14557635048, 'params': 292372712, 'model_size': 1115.3133850097656, 'inference_time': 0}
2024-10-12 17:37:13,294 Pruning 256 in layer 13
2024-10-12 17:37:18,789 Gathering metrics
2024-10-12 17:37:42,118 {'acc1': 0.01547029702970297, 'acc5': 0.07735148514851485, 'loss': nan, 'macs': 14557635048, 'params': 292372712, 'model_size': 1115.3133850097656, 'inference_time': 0}
2024-10-12 17:37:42,143 Pruning 256 in layer 12
2024-10-12 17:37:47,611 Gathering metrics
2024-10-12 17:38:10,845 {'acc1': 0.0, 'acc5': 0.0, 'loss': 704.7444291114807, 'macs': 14557635048, 'params': 292372712, 'model_size': 1115.3133850097656, 'inference_time': 0}
2024-10-12 17:38:10,871 Pruning 256 in layer 11
2024-10-12 17:38:16,352 Gathering metrics
2024-10-12 17:38:39,782 {'acc1': 0.0, 'acc5': 0.0, 'loss': 704.7444291114807, 'macs': 14557635048, 'params': 292372712, 'model_size': 1115.3133850097656, 'inference_time': 0}
2024-10-12 17:38:39,807 Pruning 256 in layer 10
2024-10-12 17:38:45,285 Gathering metrics
2024-10-12 17:39:08,496 {'acc1': 0.0, 'acc5': 0.0, 'loss': 695.7624249458313, 'macs': 14557635048, 'params': 292372712, 'model_size': 1115.3133850097656, 'inference_time': 0}
2024-10-12 17:39:08,521 Pruning 256 in layer 9
2024-10-12 17:39:13,993 Gathering metrics
2024-10-12 17:39:37,183 {'acc1': 0.0, 'acc5': 0.0, 'loss': 704.7444291114807, 'macs': 14557635048, 'params': 292372712, 'model_size': 1115.3133850097656, 'inference_time': 0}
2024-10-12 17:39:37,208 Pruning 256 in layer 8
2024-10-12 17:39:42,693 Gathering metrics
2024-10-12 17:40:06,121 {'acc1': 0.7855816831683168, 'acc5': 0.9375, 'loss': 91.40714040212333, 'macs': 14557635048, 'params': 292372712, 'model_size': 1115.3133850097656, 'inference_time': 0}
2024-10-12 17:40:06,146 Pruning 256 in layer 7
2024-10-12 17:40:11,641 Gathering metrics
2024-10-12 17:40:35,211 {'acc1': 0.0, 'acc5': 0.0, 'loss': 719.1877813339233, 'macs': 14557635048, 'params': 292372712, 'model_size': 1115.3133850097656, 'inference_time': 0}
2024-10-12 17:40:35,236 Pruning 256 in layer 6
2024-10-12 17:40:40,728 Gathering metrics
2024-10-12 17:41:04,236 {'acc1': 0.0, 'acc5': 0.0, 'loss': 713.0311751365662, 'macs': 14557635048, 'params': 292372712, 'model_size': 1115.3133850097656, 'inference_time': 0}
2024-10-12 17:41:04,261 Pruning 256 in layer 5
2024-10-12 17:41:09,725 Gathering metrics
2024-10-12 17:41:32,841 {'acc1': 0.0, 'acc5': 0.0, 'loss': 735.034848690033, 'macs': 14557635048, 'params': 292372712, 'model_size': 1115.3133850097656, 'inference_time': 0}
2024-10-12 17:41:32,866 Pruning 256 in layer 4
2024-10-12 17:41:38,342 Gathering metrics
2024-10-12 17:42:01,828 {'acc1': 0.7889851485148515, 'acc5': 0.9390470297029703, 'loss': 89.18586436286569, 'macs': 14557635048, 'params': 292372712, 'model_size': 1115.3133850097656, 'inference_time': 0}
2024-10-12 17:42:01,853 Pruning 256 in layer 3
2024-10-12 17:42:07,333 Gathering metrics
2024-10-12 17:42:30,836 {'acc1': 0.0, 'acc5': 0.01547029702970297, 'loss': 723.9506859779358, 'macs': 14557635048, 'params': 292372712, 'model_size': 1115.3133850097656, 'inference_time': 0}
2024-10-12 17:42:30,862 Pruning 256 in layer 2
2024-10-12 17:42:36,349 Gathering metrics
2024-10-12 17:42:59,919 {'acc1': 0.0, 'acc5': 0.0, 'loss': 706.9713611602783, 'macs': 14557635048, 'params': 292372712, 'model_size': 1115.3133850097656, 'inference_time': 0}
2024-10-12 17:43:00,028 Pruning 256 in layer 1
2024-10-12 17:43:05,502 Gathering metrics
2024-10-12 17:43:28,940 {'acc1': 0.7933168316831684, 'acc5': 0.9399752475247525, 'loss': 87.55007206462324, 'macs': 14557635048, 'params': 292372712, 'model_size': 1115.3133850097656, 'inference_time': 0}
2024-10-12 17:43:28,965 Pruning 512 in layer 1
2024-10-12 17:43:33,685 Gathering metrics
2024-10-12 17:43:57,317 {'acc1': 0.7905321782178217, 'acc5': 0.9365717821782178, 'loss': 89.3299798425287, 'macs': 14531407848, 'params': 291848168, 'model_size': 1113.3124084472656, 'inference_time': 0}
2024-10-12 17:43:57,342 Pruning 768 in layer 1
2024-10-12 17:44:01,501 Gathering metrics
2024-10-12 17:44:24,976 {'acc1': 0.7840346534653465, 'acc5': 0.9362623762376238, 'loss': 91.83178614638746, 'macs': 14505180648, 'params': 291323624, 'model_size': 1111.3114318847656, 'inference_time': 0}
2024-10-12 17:44:25,002 Pruning 256 in layer 0
2024-10-12 17:44:30,486 Gathering metrics
2024-10-12 17:44:54,049 {'acc1': 0.7790841584158416, 'acc5': 0.9313118811881188, 'loss': 95.65193916857243, 'macs': 14505180648, 'params': 291323624, 'model_size': 1111.3114318847656, 'inference_time': 0}
2024-10-12 17:44:54,064 Experiment finished
