2024-10-13 00:51:32,302 Starting experiment outputs/adaptive/vit_h_14/proj500
2024-10-13 00:51:32,302 Loading the original model
2024-10-13 00:51:34,426 Gathering metrics of the original model
2024-10-13 00:53:56,970 {'acc1': 0.9634615384615385, 'acc5': 0.9951923076923077, 'loss': 10.94629063270986, 'macs': 863467906280, 'params': 633470440, 'model_size': 2416.4979553222656, 'inference_time': 0}
2024-10-13 00:53:57,003 Pruning 512 in layer 31
2024-10-13 00:54:08,879 Gathering metrics
2024-10-13 00:56:30,781 {'acc1': 0.9634615384615385, 'acc5': 0.9961538461538462, 'loss': 11.198647481389344, 'macs': 861671518440, 'params': 632159208, 'model_size': 2411.4960021972656, 'inference_time': 0}
2024-10-13 00:56:30,818 Pruning 1024 in layer 31
2024-10-13 00:56:40,377 Gathering metrics
2024-10-13 00:59:02,195 {'acc1': 0.9634615384615385, 'acc5': 0.9961538461538462, 'loss': 11.342249425128102, 'macs': 859875130600, 'params': 630847976, 'model_size': 2406.4940490722656, 'inference_time': 0}
2024-10-13 00:59:02,228 Pruning 1536 in layer 31
2024-10-13 00:59:09,640 Gathering metrics
2024-10-13 01:01:31,200 {'acc1': 0.9625, 'acc5': 0.9961538461538462, 'loss': 11.390828193165362, 'macs': 858078742760, 'params': 629536744, 'model_size': 2401.4920959472656, 'inference_time': 0}
2024-10-13 01:01:31,232 Pruning 2048 in layer 31
2024-10-13 01:01:36,923 Gathering metrics
2024-10-13 01:03:58,401 {'acc1': 0.9644230769230769, 'acc5': 0.9951923076923077, 'loss': 11.657614170573652, 'macs': 856282354920, 'params': 628225512, 'model_size': 2396.4901428222656, 'inference_time': 0}
2024-10-13 01:03:58,433 Pruning 2560 in layer 31
2024-10-13 01:04:02,774 Gathering metrics
2024-10-13 01:06:23,751 {'acc1': 0.9653846153846154, 'acc5': 0.9942307692307693, 'loss': 11.818517360836267, 'macs': 854485967080, 'params': 626914280, 'model_size': 2391.4881896972656, 'inference_time': 0}
2024-10-13 01:06:23,784 Pruning 3072 in layer 31
2024-10-13 01:06:27,104 Gathering metrics
2024-10-13 01:08:48,112 {'acc1': 0.9644230769230769, 'acc5': 0.9942307692307693, 'loss': 11.923693427816033, 'macs': 852689579240, 'params': 625603048, 'model_size': 2386.4862365722656, 'inference_time': 0}
2024-10-13 01:08:48,145 Pruning 3584 in layer 31
2024-10-13 01:08:50,576 Gathering metrics
2024-10-13 01:11:11,274 {'acc1': 0.9615384615384616, 'acc5': 0.9932692307692308, 'loss': 12.839335126802325, 'macs': 850893191400, 'params': 624291816, 'model_size': 2381.4842834472656, 'inference_time': 0}
2024-10-13 01:11:11,307 Pruning 4096 in layer 31
2024-10-13 01:11:13,109 Gathering metrics
2024-10-13 01:13:33,840 {'acc1': 0.9615384615384616, 'acc5': 0.9942307692307693, 'loss': 13.571691716089845, 'macs': 849096803560, 'params': 622980584, 'model_size': 2376.4823303222656, 'inference_time': 0}
2024-10-13 01:13:33,872 Pruning 4608 in layer 31
2024-10-13 01:13:35,207 Gathering metrics
2024-10-13 01:15:55,784 {'acc1': 0.9625, 'acc5': 0.9951923076923077, 'loss': 14.017769841477275, 'macs': 847300415720, 'params': 621669352, 'model_size': 2371.4803771972656, 'inference_time': 0}
2024-10-13 01:15:55,903 Pruning 512 in layer 30
2024-10-13 01:16:07,762 Gathering metrics
2024-10-13 01:18:28,227 {'acc1': 0.9567307692307693, 'acc5': 0.9951923076923077, 'loss': 15.785474020987749, 'macs': 847300415720, 'params': 621669352, 'model_size': 2371.4803771972656, 'inference_time': 0}
2024-10-13 01:18:28,264 Pruning 512 in layer 29
2024-10-13 01:18:40,138 Gathering metrics
2024-10-13 01:21:00,535 {'acc1': 0.9576923076923077, 'acc5': 0.9942307692307693, 'loss': 13.85028991382569, 'macs': 847300415720, 'params': 621669352, 'model_size': 2371.4803771972656, 'inference_time': 0}
2024-10-13 01:21:00,568 Pruning 512 in layer 28
2024-10-13 01:21:12,470 Gathering metrics
2024-10-13 01:23:32,673 {'acc1': 0.9605769230769231, 'acc5': 0.9942307692307693, 'loss': 13.537027977406979, 'macs': 847300415720, 'params': 621669352, 'model_size': 2371.4803771972656, 'inference_time': 0}
2024-10-13 01:23:32,706 Pruning 1024 in layer 28
2024-10-13 01:23:42,256 Gathering metrics
2024-10-13 01:26:02,494 {'acc1': 0.9615384615384616, 'acc5': 0.9951923076923077, 'loss': 13.240880774334073, 'macs': 845504027880, 'params': 620358120, 'model_size': 2366.4784240722656, 'inference_time': 0}
2024-10-13 01:26:02,527 Pruning 1536 in layer 28
2024-10-13 01:26:09,927 Gathering metrics
2024-10-13 01:28:29,841 {'acc1': 0.9586538461538462, 'acc5': 0.9942307692307693, 'loss': 13.456523831933737, 'macs': 843707640040, 'params': 619046888, 'model_size': 2361.4764709472656, 'inference_time': 0}
2024-10-13 01:28:29,875 Pruning 2048 in layer 28
2024-10-13 01:28:35,558 Gathering metrics
2024-10-13 01:30:55,509 {'acc1': 0.9586538461538462, 'acc5': 0.9942307692307693, 'loss': 13.496131300926208, 'macs': 841911252200, 'params': 617735656, 'model_size': 2356.4745178222656, 'inference_time': 0}
2024-10-13 01:30:55,543 Pruning 2560 in layer 28
2024-10-13 01:30:59,890 Gathering metrics
2024-10-13 01:33:19,455 {'acc1': 0.9538461538461539, 'acc5': 0.9951923076923077, 'loss': 14.254452282562852, 'macs': 840114864360, 'params': 616424424, 'model_size': 2351.4725646972656, 'inference_time': 0}
2024-10-13 01:33:19,488 Pruning 512 in layer 27
2024-10-13 01:33:31,381 Gathering metrics
2024-10-13 01:35:50,871 {'acc1': 0.9586538461538462, 'acc5': 0.9951923076923077, 'loss': 13.887887694872916, 'macs': 840114864360, 'params': 616424424, 'model_size': 2351.4725646972656, 'inference_time': 0}
2024-10-13 01:35:50,993 Pruning 1024 in layer 27
2024-10-13 01:36:00,444 Gathering metrics
2024-10-13 01:38:19,776 {'acc1': 0.9586538461538462, 'acc5': 0.9942307692307693, 'loss': 14.0445921337232, 'macs': 838318476520, 'params': 615113192, 'model_size': 2346.4706115722656, 'inference_time': 0}
2024-10-13 01:38:19,810 Pruning 1536 in layer 27
2024-10-13 01:38:27,221 Gathering metrics
2024-10-13 01:40:46,343 {'acc1': 0.9576923076923077, 'acc5': 0.9942307692307693, 'loss': 14.644200501963496, 'macs': 836522088680, 'params': 613801960, 'model_size': 2341.4686584472656, 'inference_time': 0}
2024-10-13 01:40:46,377 Pruning 2048 in layer 27
2024-10-13 01:40:52,041 Gathering metrics
2024-10-13 01:43:11,055 {'acc1': 0.9557692307692308, 'acc5': 0.9961538461538462, 'loss': 15.2073308005929, 'macs': 834725700840, 'params': 612490728, 'model_size': 2336.4667053222656, 'inference_time': 0}
2024-10-13 01:43:11,088 Pruning 2560 in layer 27
2024-10-13 01:43:15,457 Gathering metrics
2024-10-13 01:45:34,076 {'acc1': 0.9557692307692308, 'acc5': 0.9961538461538462, 'loss': 15.594557326287031, 'macs': 832929313000, 'params': 611179496, 'model_size': 2331.4647521972656, 'inference_time': 0}
2024-10-13 01:45:34,109 Pruning 3072 in layer 27
2024-10-13 01:45:37,463 Gathering metrics
2024-10-13 01:47:55,893 {'acc1': 0.9567307692307693, 'acc5': 0.9951923076923077, 'loss': 16.226966202259064, 'macs': 831132925160, 'params': 609868264, 'model_size': 2326.4627990722656, 'inference_time': 0}
2024-10-13 01:47:55,926 Pruning 3584 in layer 27
2024-10-13 01:47:58,342 Gathering metrics
2024-10-13 01:50:16,531 {'acc1': 0.9519230769230769, 'acc5': 0.9951923076923077, 'loss': 17.24841855838895, 'macs': 829336537320, 'params': 608557032, 'model_size': 2321.4608459472656, 'inference_time': 0}
2024-10-13 01:50:16,565 Pruning 512 in layer 26
2024-10-13 01:50:28,475 Gathering metrics
2024-10-13 01:52:46,569 {'acc1': 0.9567307692307693, 'acc5': 0.9961538461538462, 'loss': 16.543947653844953, 'macs': 829336537320, 'params': 608557032, 'model_size': 2321.4608459472656, 'inference_time': 0}
2024-10-13 01:52:46,603 Pruning 1024 in layer 26
2024-10-13 01:52:56,165 Gathering metrics
2024-10-13 01:55:14,147 {'acc1': 0.9538461538461539, 'acc5': 0.9961538461538462, 'loss': 17.90845126286149, 'macs': 827540149480, 'params': 607245800, 'model_size': 2316.4588928222656, 'inference_time': 0}
2024-10-13 01:55:14,181 Pruning 1536 in layer 26
2024-10-13 01:55:21,585 Gathering metrics
2024-10-13 01:57:39,244 {'acc1': 0.9519230769230769, 'acc5': 0.9961538461538462, 'loss': 18.96933188289404, 'macs': 825743761640, 'params': 605934568, 'model_size': 2311.4569396972656, 'inference_time': 0}
2024-10-13 01:57:39,278 Pruning 512 in layer 25
2024-10-13 01:57:51,206 Gathering metrics
2024-10-13 02:00:08,931 {'acc1': 0.9538461538461539, 'acc5': 0.9961538461538462, 'loss': 18.082928895950317, 'macs': 825743761640, 'params': 605934568, 'model_size': 2311.4569396972656, 'inference_time': 0}
2024-10-13 02:00:09,051 Pruning 1024 in layer 25
2024-10-13 02:00:18,525 Gathering metrics
2024-10-13 02:02:36,020 {'acc1': 0.9519230769230769, 'acc5': 0.9951923076923077, 'loss': 18.846710704267025, 'macs': 823947373800, 'params': 604623336, 'model_size': 2306.4549865722656, 'inference_time': 0}
2024-10-13 02:02:36,053 Pruning 1536 in layer 25
2024-10-13 02:02:43,468 Gathering metrics
2024-10-13 02:05:00,628 {'acc1': 0.9528846153846153, 'acc5': 0.9961538461538462, 'loss': 18.634631905704737, 'macs': 822150985960, 'params': 603312104, 'model_size': 2301.4530334472656, 'inference_time': 0}
2024-10-13 02:05:00,662 Pruning 2048 in layer 25
2024-10-13 02:05:06,328 Gathering metrics
2024-10-13 02:07:23,272 {'acc1': 0.9432692307692307, 'acc5': 0.9961538461538462, 'loss': 24.196853708475828, 'macs': 820354598120, 'params': 602000872, 'model_size': 2296.4510803222656, 'inference_time': 0}
2024-10-13 02:07:23,306 Pruning 512 in layer 24
2024-10-13 02:07:35,207 Gathering metrics
2024-10-13 02:09:52,113 {'acc1': 0.9538461538461539, 'acc5': 0.9961538461538462, 'loss': 19.076316203922033, 'macs': 820354598120, 'params': 602000872, 'model_size': 2296.4510803222656, 'inference_time': 0}
2024-10-13 02:09:52,147 Pruning 1024 in layer 24
2024-10-13 02:10:01,708 Gathering metrics
2024-10-13 02:12:18,501 {'acc1': 0.9451923076923077, 'acc5': 0.9961538461538462, 'loss': 20.600277356803417, 'macs': 818558210280, 'params': 600689640, 'model_size': 2291.4491271972656, 'inference_time': 0}
2024-10-13 02:12:18,541 Pruning 512 in layer 23
2024-10-13 02:12:30,443 Gathering metrics
2024-10-13 02:14:47,214 {'acc1': 0.948076923076923, 'acc5': 0.9961538461538462, 'loss': 19.79402295127511, 'macs': 818558210280, 'params': 600689640, 'model_size': 2291.4491271972656, 'inference_time': 0}
2024-10-13 02:14:47,247 Pruning 512 in layer 22
2024-10-13 02:14:59,157 Gathering metrics
2024-10-13 02:17:15,941 {'acc1': 0.9490384615384615, 'acc5': 0.9961538461538462, 'loss': 19.51600083336234, 'macs': 818558210280, 'params': 600689640, 'model_size': 2291.4491271972656, 'inference_time': 0}
2024-10-13 02:17:15,975 Pruning 512 in layer 21
2024-10-13 02:17:27,869 Gathering metrics
2024-10-13 02:19:44,615 {'acc1': 0.95, 'acc5': 0.9961538461538462, 'loss': 19.263345811516047, 'macs': 818558210280, 'params': 600689640, 'model_size': 2291.4491271972656, 'inference_time': 0}
2024-10-13 02:19:44,733 Pruning 512 in layer 20
2024-10-13 02:19:56,553 Gathering metrics
2024-10-13 02:22:13,116 {'acc1': 0.9509615384615384, 'acc5': 0.9951923076923077, 'loss': 18.727322660386562, 'macs': 818558210280, 'params': 600689640, 'model_size': 2291.4491271972656, 'inference_time': 0}
2024-10-13 02:22:13,150 Pruning 1024 in layer 20
2024-10-13 02:22:22,677 Gathering metrics
2024-10-13 02:24:39,232 {'acc1': 0.9490384615384615, 'acc5': 0.9951923076923077, 'loss': 18.639825582504272, 'macs': 816761822440, 'params': 599378408, 'model_size': 2286.4471740722656, 'inference_time': 0}
2024-10-13 02:24:39,266 Pruning 512 in layer 19
2024-10-13 02:24:51,165 Gathering metrics
2024-10-13 02:27:07,802 {'acc1': 0.9509615384615384, 'acc5': 0.9951923076923077, 'loss': 18.290874402970076, 'macs': 816761822440, 'params': 599378408, 'model_size': 2286.4471740722656, 'inference_time': 0}
2024-10-13 02:27:07,835 Pruning 1024 in layer 19
2024-10-13 02:27:17,391 Gathering metrics
2024-10-13 02:29:33,784 {'acc1': 0.9509615384615384, 'acc5': 0.9951923076923077, 'loss': 18.041339427232742, 'macs': 814965434600, 'params': 598067176, 'model_size': 2281.4452209472656, 'inference_time': 0}
2024-10-13 02:29:33,817 Pruning 1536 in layer 19
2024-10-13 02:29:41,233 Gathering metrics
2024-10-13 02:31:57,334 {'acc1': 0.95, 'acc5': 0.9951923076923077, 'loss': 18.053399421274662, 'macs': 813169046760, 'params': 596755944, 'model_size': 2276.4432678222656, 'inference_time': 0}
2024-10-13 02:31:57,368 Pruning 2048 in layer 19
2024-10-13 02:32:03,032 Gathering metrics
2024-10-13 02:34:19,069 {'acc1': 0.9509615384615384, 'acc5': 0.9951923076923077, 'loss': 17.914749089628458, 'macs': 811372658920, 'params': 595444712, 'model_size': 2271.4413146972656, 'inference_time': 0}
2024-10-13 02:34:19,103 Pruning 2560 in layer 19
2024-10-13 02:34:23,432 Gathering metrics
2024-10-13 02:36:39,319 {'acc1': 0.95, 'acc5': 0.9951923076923077, 'loss': 17.819320047274232, 'macs': 809576271080, 'params': 594133480, 'model_size': 2266.4393615722656, 'inference_time': 0}
2024-10-13 02:36:39,352 Pruning 3072 in layer 19
2024-10-13 02:36:42,680 Gathering metrics
2024-10-13 02:38:58,113 {'acc1': 0.9490384615384615, 'acc5': 0.9961538461538462, 'loss': 17.85210750810802, 'macs': 807779883240, 'params': 592822248, 'model_size': 2261.4374084472656, 'inference_time': 0}
2024-10-13 02:38:58,147 Pruning 3584 in layer 19
2024-10-13 02:39:00,540 Gathering metrics
2024-10-13 02:41:15,886 {'acc1': 0.9461538461538461, 'acc5': 0.9961538461538462, 'loss': 17.908212827518582, 'macs': 805983495400, 'params': 591511016, 'model_size': 2256.4354553222656, 'inference_time': 0}
2024-10-13 02:41:15,920 Pruning 512 in layer 18
2024-10-13 02:41:27,813 Gathering metrics
2024-10-13 02:43:42,890 {'acc1': 0.9490384615384615, 'acc5': 0.9951923076923077, 'loss': 17.367195025086403, 'macs': 805983495400, 'params': 591511016, 'model_size': 2256.4354553222656, 'inference_time': 0}
2024-10-13 02:43:43,010 Pruning 1024 in layer 18
2024-10-13 02:43:52,476 Gathering metrics
2024-10-13 02:46:07,597 {'acc1': 0.9461538461538461, 'acc5': 0.9942307692307693, 'loss': 17.434041565284133, 'macs': 804187107560, 'params': 590199784, 'model_size': 2251.4335021972656, 'inference_time': 0}
2024-10-13 02:46:07,630 Pruning 1536 in layer 18
2024-10-13 02:46:15,032 Gathering metrics
2024-10-13 02:48:29,970 {'acc1': 0.9461538461538461, 'acc5': 0.9942307692307693, 'loss': 17.226408049464226, 'macs': 802390719720, 'params': 588888552, 'model_size': 2246.4315490722656, 'inference_time': 0}
2024-10-13 02:48:30,004 Pruning 2048 in layer 18
2024-10-13 02:48:35,692 Gathering metrics
2024-10-13 02:50:50,373 {'acc1': 0.9432692307692307, 'acc5': 0.9942307692307693, 'loss': 17.0448827855289, 'macs': 800594331880, 'params': 587577320, 'model_size': 2241.4295959472656, 'inference_time': 0}
2024-10-13 02:50:50,407 Pruning 512 in layer 17
2024-10-13 02:51:02,313 Gathering metrics
2024-10-13 02:53:16,913 {'acc1': 0.9442307692307692, 'acc5': 0.9942307692307693, 'loss': 16.674823977053165, 'macs': 800594331880, 'params': 587577320, 'model_size': 2241.4295959472656, 'inference_time': 0}
2024-10-13 02:53:16,948 Pruning 1024 in layer 17
2024-10-13 02:53:26,491 Gathering metrics
2024-10-13 02:55:40,802 {'acc1': 0.9442307692307692, 'acc5': 0.9942307692307693, 'loss': 16.44791374914348, 'macs': 798797944040, 'params': 586266088, 'model_size': 2236.4276428222656, 'inference_time': 0}
2024-10-13 02:55:40,835 Pruning 1536 in layer 17
2024-10-13 02:55:48,225 Gathering metrics
2024-10-13 02:58:02,487 {'acc1': 0.9413461538461538, 'acc5': 0.9942307692307693, 'loss': 16.567871313542128, 'macs': 797001556200, 'params': 584954856, 'model_size': 2231.4256896972656, 'inference_time': 0}
2024-10-13 02:58:02,520 Pruning 512 in layer 16
2024-10-13 02:58:14,421 Gathering metrics
2024-10-13 03:00:28,603 {'acc1': 0.9423076923076923, 'acc5': 0.9942307692307693, 'loss': 15.820987988263369, 'macs': 797001556200, 'params': 584954856, 'model_size': 2231.4256896972656, 'inference_time': 0}
2024-10-13 03:00:28,637 Pruning 1024 in layer 16
2024-10-13 03:00:38,201 Gathering metrics
2024-10-13 03:02:52,129 {'acc1': 0.9375, 'acc5': 0.9942307692307693, 'loss': 16.21288021840155, 'macs': 795205168360, 'params': 583643624, 'model_size': 2226.4237365722656, 'inference_time': 0}
2024-10-13 03:02:52,162 Pruning 512 in layer 15
2024-10-13 03:03:04,053 Gathering metrics
2024-10-13 03:05:18,089 {'acc1': 0.9394230769230769, 'acc5': 0.9942307692307693, 'loss': 15.804203348234296, 'macs': 795205168360, 'params': 583643624, 'model_size': 2226.4237365722656, 'inference_time': 0}
2024-10-13 03:05:18,209 Pruning 1024 in layer 15
2024-10-13 03:05:27,692 Gathering metrics
2024-10-13 03:07:41,233 {'acc1': 0.9384615384615385, 'acc5': 0.9942307692307693, 'loss': 15.642231682315469, 'macs': 793408780520, 'params': 582332392, 'model_size': 2221.4217834472656, 'inference_time': 0}
2024-10-13 03:07:41,267 Pruning 512 in layer 14
2024-10-13 03:07:53,169 Gathering metrics
2024-10-13 03:10:06,859 {'acc1': 0.9384615384615385, 'acc5': 0.9932692307692308, 'loss': 16.022507391870022, 'macs': 793408780520, 'params': 582332392, 'model_size': 2221.4217834472656, 'inference_time': 0}
2024-10-13 03:10:06,893 Pruning 1024 in layer 14
2024-10-13 03:10:16,434 Gathering metrics
2024-10-13 03:12:30,009 {'acc1': 0.9355769230769231, 'acc5': 0.9932692307692308, 'loss': 16.10519307292998, 'macs': 791612392680, 'params': 581021160, 'model_size': 2216.4198303222656, 'inference_time': 0}
2024-10-13 03:12:30,042 Pruning 512 in layer 13
2024-10-13 03:12:41,915 Gathering metrics
2024-10-13 03:14:55,328 {'acc1': 0.9375, 'acc5': 0.9932692307692308, 'loss': 15.85103527456522, 'macs': 791612392680, 'params': 581021160, 'model_size': 2216.4198303222656, 'inference_time': 0}
2024-10-13 03:14:55,362 Pruning 1024 in layer 13
2024-10-13 03:15:04,901 Gathering metrics
2024-10-13 03:17:18,408 {'acc1': 0.9355769230769231, 'acc5': 0.9942307692307693, 'loss': 15.824011554010212, 'macs': 789816004840, 'params': 579709928, 'model_size': 2211.4178771972656, 'inference_time': 0}
2024-10-13 03:17:18,442 Pruning 1536 in layer 13
2024-10-13 03:17:25,839 Gathering metrics
2024-10-13 03:19:38,824 {'acc1': 0.9336538461538462, 'acc5': 0.9942307692307693, 'loss': 15.909436748363078, 'macs': 788019617000, 'params': 578398696, 'model_size': 2206.4159240722656, 'inference_time': 0}
2024-10-13 03:19:38,858 Pruning 512 in layer 12
2024-10-13 03:19:50,730 Gathering metrics
2024-10-13 03:22:03,886 {'acc1': 0.9336538461538462, 'acc5': 0.9932692307692308, 'loss': 15.562201764434576, 'macs': 788019617000, 'params': 578398696, 'model_size': 2206.4159240722656, 'inference_time': 0}
2024-10-13 03:22:03,919 Pruning 1024 in layer 12
2024-10-13 03:22:13,471 Gathering metrics
2024-10-13 03:24:26,420 {'acc1': 0.9278846153846154, 'acc5': 0.9942307692307693, 'loss': 15.575060843490064, 'macs': 786223229160, 'params': 577087464, 'model_size': 2201.4139709472656, 'inference_time': 0}
2024-10-13 03:24:26,540 Pruning 512 in layer 11
2024-10-13 03:24:38,395 Gathering metrics
2024-10-13 03:26:51,103 {'acc1': 0.9326923076923077, 'acc5': 0.9942307692307693, 'loss': 15.840522699058056, 'macs': 786223229160, 'params': 577087464, 'model_size': 2201.4139709472656, 'inference_time': 0}
2024-10-13 03:26:51,137 Pruning 1024 in layer 11
2024-10-13 03:27:00,668 Gathering metrics
2024-10-13 03:29:13,522 {'acc1': 0.9326923076923077, 'acc5': 0.9932692307692308, 'loss': 15.734270037151873, 'macs': 784426841320, 'params': 575776232, 'model_size': 2196.4120178222656, 'inference_time': 0}
2024-10-13 03:29:13,556 Pruning 1536 in layer 11
2024-10-13 03:29:20,956 Gathering metrics
2024-10-13 03:31:33,259 {'acc1': 0.9326923076923077, 'acc5': 0.9932692307692308, 'loss': 15.662314373999834, 'macs': 782630453480, 'params': 574465000, 'model_size': 2191.4100646972656, 'inference_time': 0}
2024-10-13 03:31:33,300 Pruning 2048 in layer 11
2024-10-13 03:31:38,946 Gathering metrics
2024-10-13 03:33:51,198 {'acc1': 0.9326923076923077, 'acc5': 0.9932692307692308, 'loss': 15.68590732384473, 'macs': 780834065640, 'params': 573153768, 'model_size': 2186.4081115722656, 'inference_time': 0}
2024-10-13 03:33:51,233 Pruning 2560 in layer 11
2024-10-13 03:33:55,580 Gathering metrics
2024-10-13 03:36:07,602 {'acc1': 0.9317307692307693, 'acc5': 0.9942307692307693, 'loss': 15.616646050475538, 'macs': 779037677800, 'params': 571842536, 'model_size': 2181.4061584472656, 'inference_time': 0}
2024-10-13 03:36:07,636 Pruning 3072 in layer 11
2024-10-13 03:36:10,964 Gathering metrics
2024-10-13 03:38:22,714 {'acc1': 0.9307692307692308, 'acc5': 0.9932692307692308, 'loss': 15.452098209410906, 'macs': 777241289960, 'params': 570531304, 'model_size': 2176.4042053222656, 'inference_time': 0}
2024-10-13 03:38:22,748 Pruning 3584 in layer 11
2024-10-13 03:38:25,148 Gathering metrics
2024-10-13 03:40:36,730 {'acc1': 0.9307692307692308, 'acc5': 0.9932692307692308, 'loss': 15.400507346726954, 'macs': 775444902120, 'params': 569220072, 'model_size': 2171.4022521972656, 'inference_time': 0}
2024-10-13 03:40:36,764 Pruning 4096 in layer 11
2024-10-13 03:40:38,529 Gathering metrics
2024-10-13 03:42:50,027 {'acc1': 0.9346153846153846, 'acc5': 0.9942307692307693, 'loss': 15.251891828607768, 'macs': 773648514280, 'params': 567908840, 'model_size': 2166.4002990722656, 'inference_time': 0}
2024-10-13 03:42:50,061 Pruning 4608 in layer 11
2024-10-13 03:42:51,358 Gathering metrics
2024-10-13 03:45:02,466 {'acc1': 0.9384615384615385, 'acc5': 0.9951923076923077, 'loss': 14.733077029697597, 'macs': 771852126440, 'params': 566597608, 'model_size': 2161.3983459472656, 'inference_time': 0}
2024-10-13 03:45:02,501 Pruning 512 in layer 10
2024-10-13 03:45:14,398 Gathering metrics
2024-10-13 03:47:25,650 {'acc1': 0.9336538461538462, 'acc5': 0.9942307692307693, 'loss': 15.246402695775032, 'macs': 771852126440, 'params': 566597608, 'model_size': 2161.3983459472656, 'inference_time': 0}
2024-10-13 03:47:25,774 Pruning 1024 in layer 10
2024-10-13 03:47:35,248 Gathering metrics
2024-10-13 03:49:46,243 {'acc1': 0.9336538461538462, 'acc5': 0.9951923076923077, 'loss': 15.173112435732037, 'macs': 770055738600, 'params': 565286376, 'model_size': 2156.3963928222656, 'inference_time': 0}
2024-10-13 03:49:46,277 Pruning 1536 in layer 10
2024-10-13 03:49:53,685 Gathering metrics
2024-10-13 03:52:04,576 {'acc1': 0.9288461538461539, 'acc5': 0.9942307692307693, 'loss': 15.798809096217155, 'macs': 768259350760, 'params': 563975144, 'model_size': 2151.3944396972656, 'inference_time': 0}
2024-10-13 03:52:04,610 Pruning 512 in layer 9
2024-10-13 03:52:16,501 Gathering metrics
2024-10-13 03:54:27,238 {'acc1': 0.9278846153846154, 'acc5': 0.9942307692307693, 'loss': 15.630395252257586, 'macs': 768259350760, 'params': 563975144, 'model_size': 2151.3944396972656, 'inference_time': 0}
2024-10-13 03:54:27,272 Pruning 512 in layer 8
2024-10-13 03:54:39,180 Gathering metrics
2024-10-13 03:56:49,822 {'acc1': 0.9317307692307693, 'acc5': 0.9951923076923077, 'loss': 15.409431669395417, 'macs': 768259350760, 'params': 563975144, 'model_size': 2151.3944396972656, 'inference_time': 0}
2024-10-13 03:56:49,856 Pruning 1024 in layer 8
2024-10-13 03:56:59,405 Gathering metrics
2024-10-13 03:59:09,878 {'acc1': 0.9278846153846154, 'acc5': 0.9951923076923077, 'loss': 15.718957321718335, 'macs': 766462962920, 'params': 562663912, 'model_size': 2146.3924865722656, 'inference_time': 0}
2024-10-13 03:59:09,912 Pruning 512 in layer 7
2024-10-13 03:59:21,793 Gathering metrics
2024-10-13 04:01:32,180 {'acc1': 0.9298076923076923, 'acc5': 0.9942307692307693, 'loss': 15.938745368737727, 'macs': 766462962920, 'params': 562663912, 'model_size': 2146.3924865722656, 'inference_time': 0}
2024-10-13 04:01:32,214 Pruning 1024 in layer 7
2024-10-13 04:01:41,764 Gathering metrics
2024-10-13 04:03:51,976 {'acc1': 0.9298076923076923, 'acc5': 0.9932692307692308, 'loss': 16.297627275809646, 'macs': 764666575080, 'params': 561352680, 'model_size': 2141.3905334472656, 'inference_time': 0}
2024-10-13 04:03:52,011 Pruning 1536 in layer 7
2024-10-13 04:03:59,423 Gathering metrics
2024-10-13 04:06:09,449 {'acc1': 0.9278846153846154, 'acc5': 0.9951923076923077, 'loss': 16.56109717907384, 'macs': 762870187240, 'params': 560041448, 'model_size': 2136.3885803222656, 'inference_time': 0}
2024-10-13 04:06:09,483 Pruning 512 in layer 6
2024-10-13 04:06:21,395 Gathering metrics
2024-10-13 04:08:31,335 {'acc1': 0.9259615384615385, 'acc5': 0.9932692307692308, 'loss': 16.683399128261954, 'macs': 762870187240, 'params': 560041448, 'model_size': 2136.3885803222656, 'inference_time': 0}
2024-10-13 04:08:31,458 Pruning 512 in layer 5
2024-10-13 04:08:43,308 Gathering metrics
2024-10-13 04:10:53,290 {'acc1': 0.9298076923076923, 'acc5': 0.9942307692307693, 'loss': 16.5814915089868, 'macs': 762870187240, 'params': 560041448, 'model_size': 2136.3885803222656, 'inference_time': 0}
2024-10-13 04:10:53,323 Pruning 1024 in layer 5
2024-10-13 04:11:02,877 Gathering metrics
2024-10-13 04:13:12,540 {'acc1': 0.9259615384615385, 'acc5': 0.9932692307692308, 'loss': 17.221848570741713, 'macs': 761073799400, 'params': 558730216, 'model_size': 2131.3866271972656, 'inference_time': 0}
2024-10-13 04:13:12,574 Pruning 512 in layer 4
2024-10-13 04:13:24,461 Gathering metrics
2024-10-13 04:15:35,262 {'acc1': 0.9278846153846154, 'acc5': 0.9942307692307693, 'loss': 16.72697330173105, 'macs': 761073799400, 'params': 558730216, 'model_size': 2131.3866271972656, 'inference_time': 0}
2024-10-13 04:15:35,297 Pruning 1024 in layer 4
2024-10-13 04:15:44,842 Gathering metrics
2024-10-13 04:17:54,506 {'acc1': 0.9298076923076923, 'acc5': 0.9942307692307693, 'loss': 16.901782027445734, 'macs': 759277411560, 'params': 557418984, 'model_size': 2126.3846740722656, 'inference_time': 0}
2024-10-13 04:17:54,540 Pruning 1536 in layer 4
2024-10-13 04:18:01,911 Gathering metrics
2024-10-13 04:20:11,361 {'acc1': 0.9278846153846154, 'acc5': 0.9923076923076923, 'loss': 17.717102139256895, 'macs': 757481023720, 'params': 556107752, 'model_size': 2121.3827209472656, 'inference_time': 0}
2024-10-13 04:20:11,395 Pruning 2048 in layer 4
2024-10-13 04:20:17,053 Gathering metrics
2024-10-13 04:22:26,265 {'acc1': 0.9192307692307692, 'acc5': 0.9932692307692308, 'loss': 18.655650788452476, 'macs': 755684635880, 'params': 554796520, 'model_size': 2116.3807678222656, 'inference_time': 0}
2024-10-13 04:22:26,299 Pruning 512 in layer 3
2024-10-13 04:22:38,232 Gathering metrics
2024-10-13 04:24:47,536 {'acc1': 0.9230769230769231, 'acc5': 0.9932692307692308, 'loss': 18.231882121413946, 'macs': 755684635880, 'params': 554796520, 'model_size': 2116.3807678222656, 'inference_time': 0}
2024-10-13 04:24:47,569 Pruning 512 in layer 2
2024-10-13 04:24:59,471 Gathering metrics
2024-10-13 04:27:08,880 {'acc1': 0.926923076923077, 'acc5': 0.9913461538461539, 'loss': 17.53430848289281, 'macs': 755684635880, 'params': 554796520, 'model_size': 2116.3807678222656, 'inference_time': 0}
2024-10-13 04:27:08,913 Pruning 1024 in layer 2
2024-10-13 04:27:18,466 Gathering metrics
2024-10-13 04:29:27,419 {'acc1': 0.926923076923077, 'acc5': 0.9932692307692308, 'loss': 18.242167968302965, 'macs': 753888248040, 'params': 553485288, 'model_size': 2111.3788146972656, 'inference_time': 0}
2024-10-13 04:29:27,541 Pruning 1536 in layer 2
2024-10-13 04:29:34,891 Gathering metrics
2024-10-13 04:31:43,595 {'acc1': 0.9201923076923076, 'acc5': 0.9913461538461539, 'loss': 19.247186556458473, 'macs': 752091860200, 'params': 552174056, 'model_size': 2106.3768615722656, 'inference_time': 0}
2024-10-13 04:31:43,628 Pruning 512 in layer 1
2024-10-13 04:31:55,525 Gathering metrics
2024-10-13 04:34:04,183 {'acc1': 0.9192307692307692, 'acc5': 0.9903846153846154, 'loss': 19.708812217693776, 'macs': 752091860200, 'params': 552174056, 'model_size': 2106.3768615722656, 'inference_time': 0}
2024-10-13 04:34:04,217 Pruning 512 in layer 0
2024-10-13 04:34:16,103 Gathering metrics
2024-10-13 04:36:24,811 {'acc1': 0.9278846153846154, 'acc5': 0.9923076923076923, 'loss': 18.384582839440554, 'macs': 752091860200, 'params': 552174056, 'model_size': 2106.3768615722656, 'inference_time': 0}
2024-10-13 04:36:24,844 Pruning 1024 in layer 0
2024-10-13 04:36:34,393 Gathering metrics
2024-10-13 04:38:42,968 {'acc1': 0.9240384615384616, 'acc5': 0.9932692307692308, 'loss': 18.58532700687647, 'macs': 750295472360, 'params': 550862824, 'model_size': 2101.3749084472656, 'inference_time': 0}
2024-10-13 04:38:43,003 Pruning 1536 in layer 0
2024-10-13 04:38:50,399 Gathering metrics
2024-10-13 04:40:58,913 {'acc1': 0.9259615384615385, 'acc5': 0.9923076923076923, 'loss': 18.90007755579427, 'macs': 748499084520, 'params': 549551592, 'model_size': 2096.3729553222656, 'inference_time': 0}
2024-10-13 04:40:58,947 Pruning 2048 in layer 0
2024-10-13 04:41:04,614 Gathering metrics
2024-10-13 04:43:12,591 {'acc1': 0.9230769230769231, 'acc5': 0.9923076923076923, 'loss': 19.352466888260096, 'macs': 746702696680, 'params': 548240360, 'model_size': 2091.3710021972656, 'inference_time': 0}
2024-10-13 04:43:12,607 Experiment finished
