2024-10-13 12:33:09,421 Starting experiment outputs/adaptive/vit_b_32/proj000
2024-10-13 12:33:09,421 Loading the original model
2024-10-13 12:33:09,928 Gathering metrics of the original model
2024-10-13 12:33:31,471 {'acc1': 0.8004331683168316, 'acc5': 0.943069306930693, 'loss': 90.91504348814487, 'macs': 4367292136, 'params': 88224232, 'model_size': 336.5487365722656, 'inference_time': 0}
2024-10-13 12:33:31,484 Pruning 256 in layer 0
2024-10-13 12:33:34,555 Gathering metrics
2024-10-13 12:33:53,612 {'acc1': 0.7995049504950495, 'acc5': 0.9396658415841584, 'loss': 93.5820799767971, 'macs': 4347618536, 'params': 87830760, 'model_size': 335.0477600097656, 'inference_time': 0}
2024-10-13 12:33:53,712 Pruning 512 in layer 0
2024-10-13 12:33:56,333 Gathering metrics
2024-10-13 12:34:15,338 {'acc1': 0.7945544554455446, 'acc5': 0.9375, 'loss': 94.95960621535778, 'macs': 4327944936, 'params': 87437288, 'model_size': 333.5467834472656, 'inference_time': 0}
2024-10-13 12:34:15,351 Pruning 768 in layer 0
2024-10-13 12:34:17,608 Gathering metrics
2024-10-13 12:34:36,612 {'acc1': 0.6912128712871287, 'acc5': 0.8870668316831684, 'loss': 155.10398489236832, 'macs': 4308271336, 'params': 87043816, 'model_size': 332.0458068847656, 'inference_time': 0}
2024-10-13 12:34:36,625 Pruning 256 in layer 1
2024-10-13 12:34:39,616 Gathering metrics
2024-10-13 12:34:58,829 {'acc1': 0.755259900990099, 'acc5': 0.9173886138613861, 'loss': 113.12068676948547, 'macs': 4308271336, 'params': 87043816, 'model_size': 332.0458068847656, 'inference_time': 0}
2024-10-13 12:34:58,842 Pruning 256 in layer 2
2024-10-13 12:35:01,844 Gathering metrics
2024-10-13 12:35:20,911 {'acc1': 0.7942450495049505, 'acc5': 0.9356435643564357, 'loss': 95.72867353260517, 'macs': 4308271336, 'params': 87043816, 'model_size': 332.0458068847656, 'inference_time': 0}
2024-10-13 12:35:20,924 Pruning 512 in layer 2
2024-10-13 12:35:23,533 Gathering metrics
2024-10-13 12:35:42,428 {'acc1': 0.7827970297029703, 'acc5': 0.9294554455445545, 'loss': 99.4833923727274, 'macs': 4288597736, 'params': 86650344, 'model_size': 330.5448303222656, 'inference_time': 0}
2024-10-13 12:35:42,441 Pruning 256 in layer 3
2024-10-13 12:35:45,441 Gathering metrics
2024-10-13 12:36:04,113 {'acc1': 0.7899133663366337, 'acc5': 0.9347153465346535, 'loss': 97.85022948682308, 'macs': 4288597736, 'params': 86650344, 'model_size': 330.5448303222656, 'inference_time': 0}
2024-10-13 12:36:04,126 Pruning 512 in layer 3
2024-10-13 12:36:06,742 Gathering metrics
2024-10-13 12:36:25,482 {'acc1': 0.7784653465346535, 'acc5': 0.9282178217821783, 'loss': 102.70763608813286, 'macs': 4268924136, 'params': 86256872, 'model_size': 329.0438537597656, 'inference_time': 0}
2024-10-13 12:36:25,495 Pruning 256 in layer 4
2024-10-13 12:36:28,485 Gathering metrics
2024-10-13 12:36:47,217 {'acc1': 0.7874381188118812, 'acc5': 0.931930693069307, 'loss': 99.0859993994236, 'macs': 4268924136, 'params': 86256872, 'model_size': 329.0438537597656, 'inference_time': 0}
2024-10-13 12:36:47,230 Pruning 512 in layer 4
2024-10-13 12:36:49,851 Gathering metrics
2024-10-13 12:37:08,506 {'acc1': 0.7800123762376238, 'acc5': 0.9275990099009901, 'loss': 101.31730453670025, 'macs': 4249250536, 'params': 85863400, 'model_size': 327.5428771972656, 'inference_time': 0}
2024-10-13 12:37:08,519 Pruning 256 in layer 5
2024-10-13 12:37:11,520 Gathering metrics
2024-10-13 12:37:30,302 {'acc1': 0.7818688118811881, 'acc5': 0.9291460396039604, 'loss': 100.57553824782372, 'macs': 4249250536, 'params': 85863400, 'model_size': 327.5428771972656, 'inference_time': 0}
2024-10-13 12:37:30,315 Pruning 512 in layer 5
2024-10-13 12:37:32,948 Gathering metrics
2024-10-13 12:37:51,661 {'acc1': 0.775680693069307, 'acc5': 0.9235767326732673, 'loss': 103.49097780883312, 'macs': 4229576936, 'params': 85469928, 'model_size': 326.0419006347656, 'inference_time': 0}
2024-10-13 12:37:51,674 Pruning 256 in layer 6
2024-10-13 12:37:54,667 Gathering metrics
2024-10-13 12:38:13,631 {'acc1': 0.7821782178217822, 'acc5': 0.9275990099009901, 'loss': 101.56819780170918, 'macs': 4229576936, 'params': 85469928, 'model_size': 326.0419006347656, 'inference_time': 0}
2024-10-13 12:38:13,644 Pruning 512 in layer 6
2024-10-13 12:38:16,257 Gathering metrics
2024-10-13 12:38:35,106 {'acc1': 0.7797029702970297, 'acc5': 0.9232673267326733, 'loss': 103.24450895190239, 'macs': 4209903336, 'params': 85076456, 'model_size': 324.5409240722656, 'inference_time': 0}
2024-10-13 12:38:35,119 Pruning 768 in layer 6
2024-10-13 12:38:37,356 Gathering metrics
2024-10-13 12:38:55,978 {'acc1': 0.776299504950495, 'acc5': 0.9207920792079208, 'loss': 106.81619520485401, 'macs': 4190229736, 'params': 84682984, 'model_size': 323.0399475097656, 'inference_time': 0}
2024-10-13 12:38:55,991 Pruning 1024 in layer 6
2024-10-13 12:38:57,917 Gathering metrics
2024-10-13 12:39:16,746 {'acc1': 0.7728960396039604, 'acc5': 0.9183168316831684, 'loss': 107.82389143109322, 'macs': 4170556136, 'params': 84289512, 'model_size': 321.5389709472656, 'inference_time': 0}
2024-10-13 12:39:16,760 Pruning 256 in layer 7
2024-10-13 12:39:19,772 Gathering metrics
2024-10-13 12:39:38,468 {'acc1': 0.7682549504950495, 'acc5': 0.9161509900990099, 'loss': 110.12911143898964, 'macs': 4170556136, 'params': 84289512, 'model_size': 321.5389709472656, 'inference_time': 0}
2024-10-13 12:39:38,481 Pruning 256 in layer 8
2024-10-13 12:39:41,489 Gathering metrics
2024-10-13 12:40:00,274 {'acc1': 0.7688737623762376, 'acc5': 0.9192450495049505, 'loss': 108.72559556365013, 'macs': 4170556136, 'params': 84289512, 'model_size': 321.5389709472656, 'inference_time': 0}
2024-10-13 12:40:00,287 Pruning 256 in layer 9
2024-10-13 12:40:03,272 Gathering metrics
2024-10-13 12:40:21,980 {'acc1': 0.7747524752475248, 'acc5': 0.9192450495049505, 'loss': 106.34134428203106, 'macs': 4170556136, 'params': 84289512, 'model_size': 321.5389709472656, 'inference_time': 0}
2024-10-13 12:40:21,993 Pruning 512 in layer 9
2024-10-13 12:40:24,617 Gathering metrics
2024-10-13 12:40:43,655 {'acc1': 0.7648514851485149, 'acc5': 0.9180074257425742, 'loss': 107.00730539858341, 'macs': 4150882536, 'params': 83896040, 'model_size': 320.0379943847656, 'inference_time': 0}
2024-10-13 12:40:43,669 Pruning 256 in layer 10
2024-10-13 12:40:46,680 Gathering metrics
2024-10-13 12:41:05,451 {'acc1': 0.7645420792079208, 'acc5': 0.9146039603960396, 'loss': 114.70565614104271, 'macs': 4150882536, 'params': 83896040, 'model_size': 320.0379943847656, 'inference_time': 0}
2024-10-13 12:41:05,464 Pruning 256 in layer 11
2024-10-13 12:41:08,472 Gathering metrics
2024-10-13 12:41:27,310 {'acc1': 0.7651608910891089, 'acc5': 0.9180074257425742, 'loss': 116.32564447820187, 'macs': 4150882536, 'params': 83896040, 'model_size': 320.0379943847656, 'inference_time': 0}
2024-10-13 12:41:27,323 Experiment finished
