2024-10-13 19:48:21,716 Starting experiment outputs/adaptive/vit_h_14/l2
2024-10-13 19:48:21,717 Loading the original model
2024-10-13 19:48:23,858 Gathering metrics of the original model
2024-10-13 19:50:44,426 {'acc1': 0.9634615384615385, 'acc5': 0.9951923076923077, 'loss': 10.94629063270986, 'macs': 863467906280, 'params': 633470440, 'model_size': 2416.4979553222656, 'inference_time': 0}
2024-10-13 19:50:44,459 Pruning 512 in layer 0
2024-10-13 19:50:44,488 Gathering metrics
2024-10-13 19:53:04,699 {'acc1': 0.9634615384615385, 'acc5': 0.9951923076923077, 'loss': 10.95033692382276, 'macs': 861671518440, 'params': 632159208, 'model_size': 2411.4960021972656, 'inference_time': 0}
2024-10-13 19:53:04,737 Pruning 1024 in layer 0
2024-10-13 19:53:04,739 Gathering metrics
2024-10-13 19:55:24,707 {'acc1': 0.9625, 'acc5': 0.9942307692307693, 'loss': 10.906496283598244, 'macs': 859875130600, 'params': 630847976, 'model_size': 2406.4940490722656, 'inference_time': 0}
2024-10-13 19:55:24,740 Pruning 1536 in layer 0
2024-10-13 19:55:24,742 Gathering metrics
2024-10-13 19:57:44,609 {'acc1': 0.9605769230769231, 'acc5': 0.9942307692307693, 'loss': 11.213644270785153, 'macs': 858078742760, 'params': 629536744, 'model_size': 2401.4920959472656, 'inference_time': 0}
2024-10-13 19:57:44,642 Pruning 2048 in layer 0
2024-10-13 19:57:44,644 Gathering metrics
2024-10-13 20:00:04,073 {'acc1': 0.9596153846153846, 'acc5': 0.9951923076923077, 'loss': 11.489729708991945, 'macs': 856282354920, 'params': 628225512, 'model_size': 2396.4901428222656, 'inference_time': 0}
2024-10-13 20:00:04,106 Pruning 512 in layer 1
2024-10-13 20:00:04,108 Gathering metrics
2024-10-13 20:02:23,691 {'acc1': 0.9615384615384616, 'acc5': 0.9942307692307693, 'loss': 11.615847144275904, 'macs': 856282354920, 'params': 628225512, 'model_size': 2396.4901428222656, 'inference_time': 0}
2024-10-13 20:02:23,725 Pruning 1024 in layer 1
2024-10-13 20:02:23,727 Gathering metrics
2024-10-13 20:04:42,959 {'acc1': 0.9615384615384616, 'acc5': 0.9932692307692308, 'loss': 11.620808166451752, 'macs': 854485967080, 'params': 626914280, 'model_size': 2391.4881896972656, 'inference_time': 0}
2024-10-13 20:04:42,993 Pruning 1536 in layer 1
2024-10-13 20:04:42,995 Gathering metrics
2024-10-13 20:07:02,395 {'acc1': 0.9576923076923077, 'acc5': 0.9942307692307693, 'loss': 11.536090422887355, 'macs': 852689579240, 'params': 625603048, 'model_size': 2386.4862365722656, 'inference_time': 0}
2024-10-13 20:07:02,429 Pruning 2048 in layer 1
2024-10-13 20:07:02,431 Gathering metrics
2024-10-13 20:09:21,104 {'acc1': 0.9538461538461539, 'acc5': 0.9951923076923077, 'loss': 11.9194590812549, 'macs': 850893191400, 'params': 624291816, 'model_size': 2381.4842834472656, 'inference_time': 0}
2024-10-13 20:09:21,222 Pruning 512 in layer 2
2024-10-13 20:09:21,224 Gathering metrics
2024-10-13 20:11:40,107 {'acc1': 0.9576923076923077, 'acc5': 0.9961538461538462, 'loss': 11.656811123713851, 'macs': 850893191400, 'params': 624291816, 'model_size': 2381.4842834472656, 'inference_time': 0}
2024-10-13 20:11:40,141 Pruning 1024 in layer 2
2024-10-13 20:11:40,143 Gathering metrics
2024-10-13 20:13:58,757 {'acc1': 0.9519230769230769, 'acc5': 0.9961538461538462, 'loss': 12.163131659384817, 'macs': 849096803560, 'params': 622980584, 'model_size': 2376.4823303222656, 'inference_time': 0}
2024-10-13 20:13:58,791 Pruning 512 in layer 3
2024-10-13 20:13:58,793 Gathering metrics
2024-10-13 20:16:18,475 {'acc1': 0.9586538461538462, 'acc5': 0.9961538461538462, 'loss': 11.888938470743597, 'macs': 849096803560, 'params': 622980584, 'model_size': 2376.4823303222656, 'inference_time': 0}
2024-10-13 20:16:18,510 Pruning 1024 in layer 3
2024-10-13 20:16:18,511 Gathering metrics
2024-10-13 20:18:36,913 {'acc1': 0.9538461538461539, 'acc5': 0.9961538461538462, 'loss': 11.987776783760637, 'macs': 847300415720, 'params': 621669352, 'model_size': 2371.4803771972656, 'inference_time': 0}
2024-10-13 20:18:36,947 Pruning 512 in layer 4
2024-10-13 20:18:36,949 Gathering metrics
2024-10-13 20:20:55,349 {'acc1': 0.9567307692307693, 'acc5': 0.9961538461538462, 'loss': 12.05522155109793, 'macs': 847300415720, 'params': 621669352, 'model_size': 2371.4803771972656, 'inference_time': 0}
2024-10-13 20:20:55,383 Pruning 1024 in layer 4
2024-10-13 20:20:55,385 Gathering metrics
2024-10-13 20:23:13,611 {'acc1': 0.9557692307692308, 'acc5': 0.9961538461538462, 'loss': 12.386296361451969, 'macs': 845504027880, 'params': 620358120, 'model_size': 2366.4784240722656, 'inference_time': 0}
2024-10-13 20:23:13,645 Pruning 1536 in layer 4
2024-10-13 20:23:13,647 Gathering metrics
2024-10-13 20:25:31,681 {'acc1': 0.9538461538461539, 'acc5': 0.9951923076923077, 'loss': 12.488854682538658, 'macs': 843707640040, 'params': 619046888, 'model_size': 2361.4764709472656, 'inference_time': 0}
2024-10-13 20:25:31,715 Pruning 512 in layer 5
2024-10-13 20:25:31,717 Gathering metrics
2024-10-13 20:27:49,510 {'acc1': 0.9519230769230769, 'acc5': 0.9961538461538462, 'loss': 12.314793220488355, 'macs': 843707640040, 'params': 619046888, 'model_size': 2361.4764709472656, 'inference_time': 0}
2024-10-13 20:27:49,544 Pruning 512 in layer 6
2024-10-13 20:27:49,545 Gathering metrics
2024-10-13 20:30:07,348 {'acc1': 0.948076923076923, 'acc5': 0.9951923076923077, 'loss': 12.374445391120389, 'macs': 843707640040, 'params': 619046888, 'model_size': 2361.4764709472656, 'inference_time': 0}
2024-10-13 20:30:07,466 Pruning 512 in layer 7
2024-10-13 20:30:07,467 Gathering metrics
2024-10-13 20:32:25,469 {'acc1': 0.9519230769230769, 'acc5': 0.9951923076923077, 'loss': 12.297700222348794, 'macs': 843707640040, 'params': 619046888, 'model_size': 2361.4764709472656, 'inference_time': 0}
2024-10-13 20:32:25,503 Pruning 512 in layer 8
2024-10-13 20:32:25,504 Gathering metrics
2024-10-13 20:34:43,384 {'acc1': 0.9528846153846153, 'acc5': 0.9951923076923077, 'loss': 12.373531438875943, 'macs': 843707640040, 'params': 619046888, 'model_size': 2361.4764709472656, 'inference_time': 0}
2024-10-13 20:34:43,418 Pruning 1024 in layer 8
2024-10-13 20:34:43,420 Gathering metrics
2024-10-13 20:37:01,247 {'acc1': 0.9509615384615384, 'acc5': 0.9951923076923077, 'loss': 12.361570841399953, 'macs': 841911252200, 'params': 617735656, 'model_size': 2356.4745178222656, 'inference_time': 0}
2024-10-13 20:37:01,282 Pruning 512 in layer 9
2024-10-13 20:37:01,284 Gathering metrics
2024-10-13 20:39:18,978 {'acc1': 0.95, 'acc5': 0.9951923076923077, 'loss': 12.346340250689536, 'macs': 841911252200, 'params': 617735656, 'model_size': 2356.4745178222656, 'inference_time': 0}
2024-10-13 20:39:19,012 Pruning 1024 in layer 9
2024-10-13 20:39:19,014 Gathering metrics
2024-10-13 20:41:36,386 {'acc1': 0.9519230769230769, 'acc5': 0.9951923076923077, 'loss': 12.637976083438843, 'macs': 840114864360, 'params': 616424424, 'model_size': 2351.4725646972656, 'inference_time': 0}
2024-10-13 20:41:36,420 Pruning 1536 in layer 9
2024-10-13 20:41:36,422 Gathering metrics
2024-10-13 20:43:53,601 {'acc1': 0.9490384615384615, 'acc5': 0.9951923076923077, 'loss': 12.850482459180057, 'macs': 838318476520, 'params': 615113192, 'model_size': 2346.4706115722656, 'inference_time': 0}
2024-10-13 20:43:53,635 Pruning 512 in layer 10
2024-10-13 20:43:53,637 Gathering metrics
2024-10-13 20:46:10,993 {'acc1': 0.95, 'acc5': 0.9942307692307693, 'loss': 12.498494849540293, 'macs': 838318476520, 'params': 615113192, 'model_size': 2346.4706115722656, 'inference_time': 0}
2024-10-13 20:46:11,027 Pruning 1024 in layer 10
2024-10-13 20:46:11,029 Gathering metrics
2024-10-13 20:48:28,050 {'acc1': 0.9461538461538461, 'acc5': 0.9942307692307693, 'loss': 12.753557798452675, 'macs': 836522088680, 'params': 613801960, 'model_size': 2341.4686584472656, 'inference_time': 0}
2024-10-13 20:48:28,168 Pruning 512 in layer 11
2024-10-13 20:48:28,170 Gathering metrics
2024-10-13 20:50:45,419 {'acc1': 0.9509615384615384, 'acc5': 0.9942307692307693, 'loss': 12.689284639433026, 'macs': 836522088680, 'params': 613801960, 'model_size': 2341.4686584472656, 'inference_time': 0}
2024-10-13 20:50:45,453 Pruning 1024 in layer 11
2024-10-13 20:50:45,455 Gathering metrics
2024-10-13 20:53:02,138 {'acc1': 0.95, 'acc5': 0.9932692307692308, 'loss': 13.133670278824866, 'macs': 834725700840, 'params': 612490728, 'model_size': 2336.4667053222656, 'inference_time': 0}
2024-10-13 20:53:02,172 Pruning 1536 in layer 11
2024-10-13 20:53:02,174 Gathering metrics
2024-10-13 20:55:18,847 {'acc1': 0.948076923076923, 'acc5': 0.9932692307692308, 'loss': 13.125539140542969, 'macs': 832929313000, 'params': 611179496, 'model_size': 2331.4647521972656, 'inference_time': 0}
2024-10-13 20:55:18,882 Pruning 2048 in layer 11
2024-10-13 20:55:18,883 Gathering metrics
2024-10-13 20:57:35,346 {'acc1': 0.9451923076923077, 'acc5': 0.9932692307692308, 'loss': 13.352456373162568, 'macs': 831132925160, 'params': 609868264, 'model_size': 2326.4627990722656, 'inference_time': 0}
2024-10-13 20:57:35,380 Pruning 512 in layer 12
2024-10-13 20:57:35,382 Gathering metrics
2024-10-13 20:59:51,766 {'acc1': 0.9461538461538461, 'acc5': 0.9932692307692308, 'loss': 13.185951800085604, 'macs': 831132925160, 'params': 609868264, 'model_size': 2326.4627990722656, 'inference_time': 0}
2024-10-13 20:59:51,800 Pruning 1024 in layer 12
2024-10-13 20:59:51,801 Gathering metrics
2024-10-13 21:02:07,979 {'acc1': 0.9442307692307692, 'acc5': 0.9932692307692308, 'loss': 13.529035283252597, 'macs': 829336537320, 'params': 608557032, 'model_size': 2321.4608459472656, 'inference_time': 0}
2024-10-13 21:02:08,015 Pruning 512 in layer 13
2024-10-13 21:02:08,016 Gathering metrics
2024-10-13 21:04:24,232 {'acc1': 0.9442307692307692, 'acc5': 0.9923076923076923, 'loss': 14.017478463007137, 'macs': 829336537320, 'params': 608557032, 'model_size': 2321.4608459472656, 'inference_time': 0}
2024-10-13 21:04:24,266 Pruning 1024 in layer 13
2024-10-13 21:04:24,268 Gathering metrics
2024-10-13 21:06:40,293 {'acc1': 0.9451923076923077, 'acc5': 0.9932692307692308, 'loss': 14.104589454364032, 'macs': 827540149480, 'params': 607245800, 'model_size': 2316.4588928222656, 'inference_time': 0}
2024-10-13 21:06:40,328 Pruning 1536 in layer 13
2024-10-13 21:06:40,330 Gathering metrics
2024-10-13 21:08:55,981 {'acc1': 0.9442307692307692, 'acc5': 0.9932692307692308, 'loss': 14.36965434672311, 'macs': 825743761640, 'params': 605934568, 'model_size': 2311.4569396972656, 'inference_time': 0}
2024-10-13 21:08:56,105 Pruning 2048 in layer 13
2024-10-13 21:08:56,107 Gathering metrics
2024-10-13 21:11:11,690 {'acc1': 0.9432692307692307, 'acc5': 0.9942307692307693, 'loss': 14.65021781437099, 'macs': 823947373800, 'params': 604623336, 'model_size': 2306.4549865722656, 'inference_time': 0}
2024-10-13 21:11:11,723 Pruning 2560 in layer 13
2024-10-13 21:11:11,725 Gathering metrics
2024-10-13 21:13:27,074 {'acc1': 0.9365384615384615, 'acc5': 0.9942307692307693, 'loss': 15.015258563915268, 'macs': 822150985960, 'params': 603312104, 'model_size': 2301.4530334472656, 'inference_time': 0}
2024-10-13 21:13:27,108 Pruning 512 in layer 14
2024-10-13 21:13:27,110 Gathering metrics
2024-10-13 21:15:42,424 {'acc1': 0.9403846153846154, 'acc5': 0.9942307692307693, 'loss': 15.042212080210447, 'macs': 822150985960, 'params': 603312104, 'model_size': 2301.4530334472656, 'inference_time': 0}
2024-10-13 21:15:42,459 Pruning 1024 in layer 14
2024-10-13 21:15:42,460 Gathering metrics
2024-10-13 21:17:57,390 {'acc1': 0.9375, 'acc5': 0.9942307692307693, 'loss': 15.36942083039321, 'macs': 820354598120, 'params': 602000872, 'model_size': 2296.4510803222656, 'inference_time': 0}
2024-10-13 21:17:57,423 Pruning 512 in layer 15
2024-10-13 21:17:57,425 Gathering metrics
2024-10-13 21:20:12,542 {'acc1': 0.9375, 'acc5': 0.9923076923076923, 'loss': 15.881558232940733, 'macs': 820354598120, 'params': 602000872, 'model_size': 2296.4510803222656, 'inference_time': 0}
2024-10-13 21:20:12,576 Pruning 1024 in layer 15
2024-10-13 21:20:12,577 Gathering metrics
2024-10-13 21:22:27,316 {'acc1': 0.9365384615384615, 'acc5': 0.9923076923076923, 'loss': 16.752908293157816, 'macs': 818558210280, 'params': 600689640, 'model_size': 2291.4491271972656, 'inference_time': 0}
2024-10-13 21:22:27,350 Pruning 512 in layer 16
2024-10-13 21:22:27,352 Gathering metrics
2024-10-13 21:24:42,083 {'acc1': 0.9375, 'acc5': 0.9923076923076923, 'loss': 16.286558885127306, 'macs': 818558210280, 'params': 600689640, 'model_size': 2291.4491271972656, 'inference_time': 0}
2024-10-13 21:24:42,117 Pruning 1024 in layer 16
2024-10-13 21:24:42,119 Gathering metrics
2024-10-13 21:26:56,538 {'acc1': 0.9394230769230769, 'acc5': 0.9923076923076923, 'loss': 16.8131536396686, 'macs': 816761822440, 'params': 599378408, 'model_size': 2286.4471740722656, 'inference_time': 0}
2024-10-13 21:26:56,573 Pruning 1536 in layer 16
2024-10-13 21:26:56,575 Gathering metrics
2024-10-13 21:29:10,962 {'acc1': 0.9336538461538462, 'acc5': 0.9913461538461539, 'loss': 17.420363635523245, 'macs': 814965434600, 'params': 598067176, 'model_size': 2281.4452209472656, 'inference_time': 0}
2024-10-13 21:29:11,082 Pruning 512 in layer 17
2024-10-13 21:29:11,084 Gathering metrics
2024-10-13 21:31:25,327 {'acc1': 0.9326923076923077, 'acc5': 0.989423076923077, 'loss': 17.81883304938674, 'macs': 814965434600, 'params': 598067176, 'model_size': 2281.4452209472656, 'inference_time': 0}
2024-10-13 21:31:25,361 Pruning 512 in layer 18
2024-10-13 21:31:25,363 Gathering metrics
2024-10-13 21:33:39,734 {'acc1': 0.9278846153846154, 'acc5': 0.9903846153846154, 'loss': 17.918124277843162, 'macs': 814965434600, 'params': 598067176, 'model_size': 2281.4452209472656, 'inference_time': 0}
2024-10-13 21:33:39,768 Pruning 512 in layer 19
2024-10-13 21:33:39,769 Gathering metrics
2024-10-13 21:35:53,924 {'acc1': 0.9298076923076923, 'acc5': 0.9913461538461539, 'loss': 17.678527985466644, 'macs': 814965434600, 'params': 598067176, 'model_size': 2281.4452209472656, 'inference_time': 0}
2024-10-13 21:35:53,958 Pruning 512 in layer 20
2024-10-13 21:35:53,960 Gathering metrics
2024-10-13 21:38:08,388 {'acc1': 0.9326923076923077, 'acc5': 0.9923076923076923, 'loss': 17.28429450560361, 'macs': 814965434600, 'params': 598067176, 'model_size': 2281.4452209472656, 'inference_time': 0}
2024-10-13 21:38:08,422 Pruning 512 in layer 21
2024-10-13 21:38:08,424 Gathering metrics
2024-10-13 21:40:22,825 {'acc1': 0.9307692307692308, 'acc5': 0.9913461538461539, 'loss': 17.14935872144997, 'macs': 814965434600, 'params': 598067176, 'model_size': 2281.4452209472656, 'inference_time': 0}
2024-10-13 21:40:22,859 Pruning 512 in layer 22
2024-10-13 21:40:22,861 Gathering metrics
2024-10-13 21:42:37,267 {'acc1': 0.9307692307692308, 'acc5': 0.9923076923076923, 'loss': 16.91162883467041, 'macs': 814965434600, 'params': 598067176, 'model_size': 2281.4452209472656, 'inference_time': 0}
2024-10-13 21:42:37,301 Pruning 512 in layer 23
2024-10-13 21:42:37,303 Gathering metrics
2024-10-13 21:44:51,683 {'acc1': 0.9336538461538462, 'acc5': 0.9923076923076923, 'loss': 16.770544504281133, 'macs': 814965434600, 'params': 598067176, 'model_size': 2281.4452209472656, 'inference_time': 0}
2024-10-13 21:44:51,716 Pruning 512 in layer 24
2024-10-13 21:44:51,718 Gathering metrics
2024-10-13 21:47:06,153 {'acc1': 0.9336538461538462, 'acc5': 0.9923076923076923, 'loss': 16.958410263760015, 'macs': 814965434600, 'params': 598067176, 'model_size': 2281.4452209472656, 'inference_time': 0}
2024-10-13 21:47:06,273 Pruning 512 in layer 25
2024-10-13 21:47:06,275 Gathering metrics
2024-10-13 21:49:20,598 {'acc1': 0.9355769230769231, 'acc5': 0.9913461538461539, 'loss': 16.756445397622883, 'macs': 814965434600, 'params': 598067176, 'model_size': 2281.4452209472656, 'inference_time': 0}
2024-10-13 21:49:20,632 Pruning 512 in layer 26
2024-10-13 21:49:20,633 Gathering metrics
2024-10-13 21:51:35,160 {'acc1': 0.9346153846153846, 'acc5': 0.9932692307692308, 'loss': 16.80990996118635, 'macs': 814965434600, 'params': 598067176, 'model_size': 2281.4452209472656, 'inference_time': 0}
2024-10-13 21:51:35,194 Pruning 512 in layer 27
2024-10-13 21:51:35,196 Gathering metrics
2024-10-13 21:53:49,464 {'acc1': 0.9336538461538462, 'acc5': 0.9923076923076923, 'loss': 16.537768703885376, 'macs': 814965434600, 'params': 598067176, 'model_size': 2281.4452209472656, 'inference_time': 0}
2024-10-13 21:53:49,498 Pruning 512 in layer 28
2024-10-13 21:53:49,500 Gathering metrics
2024-10-13 21:56:04,090 {'acc1': 0.9355769230769231, 'acc5': 0.9923076923076923, 'loss': 16.453270321246237, 'macs': 814965434600, 'params': 598067176, 'model_size': 2281.4452209472656, 'inference_time': 0}
2024-10-13 21:56:04,124 Pruning 512 in layer 29
2024-10-13 21:56:04,126 Gathering metrics
2024-10-13 21:58:18,570 {'acc1': 0.9259615384615385, 'acc5': 0.9913461538461539, 'loss': 17.63608962390572, 'macs': 814965434600, 'params': 598067176, 'model_size': 2281.4452209472656, 'inference_time': 0}
2024-10-13 21:58:18,604 Pruning 512 in layer 30
2024-10-13 21:58:18,606 Gathering metrics
2024-10-13 22:00:34,014 {'acc1': 0.9336538461538462, 'acc5': 0.9923076923076923, 'loss': 17.807305278722197, 'macs': 814965434600, 'params': 598067176, 'model_size': 2281.4452209472656, 'inference_time': 0}
2024-10-13 22:00:34,060 Pruning 512 in layer 31
2024-10-13 22:00:34,062 Gathering metrics
2024-10-13 22:02:48,870 {'acc1': 0.9365384615384615, 'acc5': 0.9923076923076923, 'loss': 16.96457366645336, 'macs': 814965434600, 'params': 598067176, 'model_size': 2281.4452209472656, 'inference_time': 0}
2024-10-13 22:02:48,904 Pruning 1024 in layer 31
2024-10-13 22:02:48,906 Gathering metrics
2024-10-13 22:05:03,194 {'acc1': 0.9375, 'acc5': 0.9923076923076923, 'loss': 16.80645022029057, 'macs': 813169046760, 'params': 596755944, 'model_size': 2276.4432678222656, 'inference_time': 0}
2024-10-13 22:05:03,228 Pruning 1536 in layer 31
2024-10-13 22:05:03,230 Gathering metrics
2024-10-13 22:07:17,311 {'acc1': 0.9394230769230769, 'acc5': 0.9923076923076923, 'loss': 16.939638358540833, 'macs': 811372658920, 'params': 595444712, 'model_size': 2271.4413146972656, 'inference_time': 0}
2024-10-13 22:07:17,432 Pruning 2048 in layer 31
2024-10-13 22:07:17,434 Gathering metrics
2024-10-13 22:09:31,010 {'acc1': 0.9384615384615385, 'acc5': 0.9913461538461539, 'loss': 17.061086682602763, 'macs': 809576271080, 'params': 594133480, 'model_size': 2266.4393615722656, 'inference_time': 0}
2024-10-13 22:09:31,044 Pruning 2560 in layer 31
2024-10-13 22:09:31,046 Gathering metrics
2024-10-13 22:11:44,518 {'acc1': 0.9346153846153846, 'acc5': 0.9913461538461539, 'loss': 17.025721911806613, 'macs': 807779883240, 'params': 592822248, 'model_size': 2261.4374084472656, 'inference_time': 0}
2024-10-13 22:11:44,536 Experiment finished
