2024-10-10 15:12:53,761 Starting experiment outputs/uniform/vit_b_16/proj500
2024-10-10 15:12:53,761 Pruning 0...
2024-10-10 15:13:20,580 Gathering metrics...
2024-10-10 15:14:14,205 {'acc1': 0.8569651741293532, 'acc5': 0.9704601990049752, 'loss': 132.9500336572528, 'macs': 16864992232, 'params': 86567656, 'model_size': 330.2294006347656, 'inference_time': 0}
2024-10-10 15:14:14,205 Pruning 50...
2024-10-10 15:14:43,158 Gathering metrics...
2024-10-10 15:15:35,418 {'acc1': 0.8540111940298507, 'acc5': 0.9701492537313433, 'loss': 134.12381567806005, 'macs': 16683318832, 'params': 85645456, 'model_size': 326.71148681640625, 'inference_time': 0}
2024-10-10 15:15:35,418 Pruning 107...
2024-10-10 15:16:06,362 Gathering metrics...
2024-10-10 15:16:59,118 {'acc1': 0.8510572139303483, 'acc5': 0.9670398009950248, 'loss': 134.50635973364115, 'macs': 16476211156, 'params': 84594148, 'model_size': 322.70106506347656, 'inference_time': 0}
2024-10-10 15:16:59,118 Pruning 167...
2024-10-10 15:17:32,484 Gathering metrics...
2024-10-10 15:18:30,004 {'acc1': 0.8389303482587065, 'acc5': 0.959110696517413, 'loss': 146.63795243948698, 'macs': 16258203076, 'params': 83487508, 'model_size': 318.4795684814453, 'inference_time': 0}
2024-10-10 15:18:30,005 Pruning 230...
2024-10-10 15:19:05,498 Gathering metrics...
2024-10-10 15:19:58,561 {'acc1': 0.8347325870646766, 'acc5': 0.9575559701492538, 'loss': 145.8369318395853, 'macs': 16029294592, 'params': 82325536, 'model_size': 314.0469970703125, 'inference_time': 0}
2024-10-10 15:19:58,561 Pruning 294...
2024-10-10 15:20:36,500 Gathering metrics...
2024-10-10 15:21:28,437 {'acc1': 0.8272699004975125, 'acc5': 0.9530472636815921, 'loss': 153.21303887665272, 'macs': 15796752640, 'params': 81145120, 'model_size': 309.5440673828125, 'inference_time': 0}
2024-10-10 15:21:28,438 Pruning 359...
2024-10-10 15:22:08,464 Gathering metrics...
2024-10-10 15:22:58,426 {'acc1': 0.806747512437811, 'acc5': 0.9437189054726368, 'loss': 171.0259812027216, 'macs': 15560577220, 'params': 79946260, 'model_size': 304.9707794189453, 'inference_time': 0}
2024-10-10 15:22:58,426 Pruning 425...
2024-10-10 15:23:41,186 Gathering metrics...
2024-10-10 15:24:32,161 {'acc1': 0.7674129353233831, 'acc5': 0.9166666666666666, 'loss': 214.612209841609, 'macs': 15320768332, 'params': 78728956, 'model_size': 300.32713317871094, 'inference_time': 0}
2024-10-10 15:24:32,161 Pruning 492...
2024-10-10 15:25:17,640 Gathering metrics...
2024-10-10 15:26:15,299 {'acc1': 0.5306281094527363, 'acc5': 0.7412935323383084, 'loss': 518.5739454030991, 'macs': 15077325976, 'params': 77493208, 'model_size': 295.6131286621094, 'inference_time': 0}
2024-10-10 15:26:15,299 Pruning 561...
2024-10-10 15:27:02,657 Gathering metrics...
2024-10-10 15:27:54,331 {'acc1': 0.3683146766169154, 'acc5': 0.5912624378109452, 'loss': 758.0755643844604, 'macs': 14826616684, 'params': 76220572, 'model_size': 290.75840759277344, 'inference_time': 0}
2024-10-10 15:27:54,331 Pruning 629...
2024-10-10 15:28:44,252 Gathering metrics...
2024-10-10 15:29:35,677 {'acc1': 0.056592039800995024, 'acc5': 0.12360074626865672, 'loss': 1255.7712378501892, 'macs': 14579540860, 'params': 74966380, 'model_size': 285.9740447998047, 'inference_time': 0}
2024-10-10 15:29:35,677 Pruning 699...
2024-10-10 15:30:27,946 Gathering metrics...
2024-10-10 15:31:18,880 {'acc1': 0.0, 'acc5': 0.0018656716417910447, 'loss': 1373.809404850006, 'macs': 14325198100, 'params': 73675300, 'model_size': 281.04896545410156, 'inference_time': 0}
2024-10-10 15:31:18,880 Pruning 769...
2024-10-10 15:32:12,950 Gathering metrics...
2024-10-10 15:33:02,815 {'acc1': 0.0, 'acc5': 0.0, 'loss': 1400.631603717804, 'macs': 14070855340, 'params': 72384220, 'model_size': 276.12388610839844, 'inference_time': 0}
2024-10-10 15:33:02,815 Pruning 840...
2024-10-10 15:34:04,805 Gathering metrics...
2024-10-10 15:34:55,303 {'acc1': 0.0, 'acc5': 0.001554726368159204, 'loss': 1414.3642678260803, 'macs': 13812879112, 'params': 71074696, 'model_size': 271.1284484863281, 'inference_time': 0}
2024-10-10 15:34:55,303 Pruning 911...
2024-10-10 15:35:54,267 Gathering metrics...
2024-10-10 15:36:44,969 {'acc1': 0.0, 'acc5': 0.0012437810945273632, 'loss': 1414.8224277496338, 'macs': 13554902884, 'params': 69765172, 'model_size': 266.1330108642578, 'inference_time': 0}
2024-10-10 15:36:44,970 Pruning 983...
2024-10-10 15:37:46,801 Gathering metrics...
2024-10-10 15:38:37,429 {'acc1': 0.0, 'acc5': 0.0, 'loss': 1426.6160278320312, 'macs': 13293293188, 'params': 68437204, 'model_size': 261.0672149658203, 'inference_time': 0}
2024-10-10 15:38:37,429 Pruning 1056...
2024-10-10 15:39:41,201 Gathering metrics...
2024-10-10 15:40:32,544 {'acc1': 0.0, 'acc5': 0.00777363184079602, 'loss': 1426.1710562705994, 'macs': 13028050024, 'params': 67090792, 'model_size': 255.93106079101562, 'inference_time': 0}
2024-10-10 15:40:32,545 Pruning 1128...
2024-10-10 15:41:38,774 Gathering metrics...
2024-10-10 15:42:29,314 {'acc1': 0.0, 'acc5': 0.0, 'loss': 1436.8738489151, 'macs': 12766440328, 'params': 65762824, 'model_size': 250.86526489257812, 'inference_time': 0}
2024-10-10 15:42:29,315 Pruning 1202...
2024-10-10 15:43:37,631 Gathering metrics...
2024-10-10 15:44:26,617 {'acc1': 0.0, 'acc5': 0.0, 'loss': 1432.518159866333, 'macs': 12497563696, 'params': 64397968, 'model_size': 245.65875244140625, 'inference_time': 0}
2024-10-10 15:44:26,618 Pruning 1275...
2024-10-10 15:45:38,082 Gathering metrics...
2024-10-10 15:46:31,622 {'acc1': 0.0, 'acc5': 0.0, 'loss': 1444.369791984558, 'macs': 12232320532, 'params': 63051556, 'model_size': 240.52259826660156, 'inference_time': 0}
2024-10-10 15:46:31,622 Pruning 1349...
2024-10-10 15:47:43,770 Gathering metrics...
2024-10-10 15:48:33,334 {'acc1': 0.0, 'acc5': 0.0009328358208955224, 'loss': 1441.2529492378235, 'macs': 11963443900, 'params': 61686700, 'model_size': 235.3160858154297, 'inference_time': 0}
2024-10-10 15:48:33,334 Pruning 1424...
2024-10-10 15:49:47,682 Gathering metrics...
2024-10-10 15:50:36,631 {'acc1': 0.0, 'acc5': 0.0003109452736318408, 'loss': 1448.5380120277405, 'macs': 11690933800, 'params': 60303400, 'model_size': 230.03921508789062, 'inference_time': 0}
2024-10-10 15:50:36,631 Pruning 1498...
2024-10-10 15:51:52,770 Gathering metrics...
2024-10-10 15:52:41,472 {'acc1': 0.0, 'acc5': 0.0, 'loss': 1448.004252910614, 'macs': 11422057168, 'params': 58938544, 'model_size': 224.83270263671875, 'inference_time': 0}
2024-10-10 15:52:41,472 Pruning 1574...
2024-10-10 15:54:00,089 Gathering metrics...
2024-10-10 15:54:48,592 {'acc1': 0.0, 'acc5': 0.0, 'loss': 1453.3808588981628, 'macs': 11145913600, 'params': 57536800, 'model_size': 219.4854736328125, 'inference_time': 0}
2024-10-10 15:54:48,604 Experiment finished
