2024-10-12 10:53:52,607 Starting experiment outputs/adaptive/vit_l_16/proj000
2024-10-12 10:53:52,607 Loading the original model
2024-10-12 10:53:53,820 Gathering metrics of the original model
2024-10-12 10:54:38,296 {'acc1': 0.8428217821782178, 'acc5': 0.968440594059406, 'loss': 72.06224512308836, 'macs': 59690947560, 'params': 304326632, 'model_size': 1160.9139709472656, 'inference_time': 0}
2024-10-12 10:54:38,322 Pruning 256 in layer 23
2024-10-12 10:54:43,853 Gathering metrics
2024-10-12 10:55:25,743 {'acc1': 0.8428217821782178, 'acc5': 0.968440594059406, 'loss': 72.06224509328604, 'macs': 59587612392, 'params': 303802088, 'model_size': 1158.9129943847656, 'inference_time': 0}
2024-10-12 10:55:25,772 Pruning 512 in layer 23
2024-10-12 10:55:30,502 Gathering metrics
2024-10-12 10:56:12,693 {'acc1': 0.8428217821782178, 'acc5': 0.968440594059406, 'loss': 72.06224507838488, 'macs': 59484277224, 'params': 303277544, 'model_size': 1156.9120178222656, 'inference_time': 0}
2024-10-12 10:56:12,718 Pruning 768 in layer 23
2024-10-12 10:56:16,878 Gathering metrics
2024-10-12 10:56:58,993 {'acc1': 0.8428217821782178, 'acc5': 0.968440594059406, 'loss': 72.06224506348372, 'macs': 59380942056, 'params': 302753000, 'model_size': 1154.9110412597656, 'inference_time': 0}
2024-10-12 10:56:59,018 Pruning 1024 in layer 23
2024-10-12 10:57:02,642 Gathering metrics
2024-10-12 10:57:45,048 {'acc1': 0.8428217821782178, 'acc5': 0.968440594059406, 'loss': 72.06224522739649, 'macs': 59277606888, 'params': 302228456, 'model_size': 1152.9100646972656, 'inference_time': 0}
2024-10-12 10:57:45,078 Pruning 1280 in layer 23
2024-10-12 10:57:48,231 Gathering metrics
2024-10-12 10:58:30,545 {'acc1': 0.8428217821782178, 'acc5': 0.968440594059406, 'loss': 72.06224504858255, 'macs': 59174271720, 'params': 301703912, 'model_size': 1150.9090881347656, 'inference_time': 0}
2024-10-12 10:58:30,570 Pruning 1536 in layer 23
2024-10-12 10:58:33,324 Gathering metrics
2024-10-12 10:59:15,469 {'acc1': 0.8428217821782178, 'acc5': 0.968440594059406, 'loss': 72.06224509328604, 'macs': 59070936552, 'params': 301179368, 'model_size': 1148.9081115722656, 'inference_time': 0}
2024-10-12 10:59:15,494 Pruning 1792 in layer 23
2024-10-12 10:59:17,831 Gathering metrics
2024-10-12 10:59:59,997 {'acc1': 0.8428217821782178, 'acc5': 0.968440594059406, 'loss': 72.06224519014359, 'macs': 58967601384, 'params': 300654824, 'model_size': 1146.9071350097656, 'inference_time': 0}
2024-10-12 11:00:00,023 Pruning 2048 in layer 23
2024-10-12 11:00:02,019 Gathering metrics
2024-10-12 11:00:44,130 {'acc1': 0.8428217821782178, 'acc5': 0.968440594059406, 'loss': 72.06224501132965, 'macs': 58864266216, 'params': 300130280, 'model_size': 1144.9061584472656, 'inference_time': 0}
2024-10-12 11:00:44,158 Pruning 2304 in layer 23
2024-10-12 11:00:45,859 Gathering metrics
2024-10-12 11:01:27,982 {'acc1': 0.8428217821782178, 'acc5': 0.968440594059406, 'loss': 72.06224495917559, 'macs': 58760931048, 'params': 299605736, 'model_size': 1142.9051818847656, 'inference_time': 0}
2024-10-12 11:01:28,007 Pruning 2560 in layer 23
2024-10-12 11:01:29,435 Gathering metrics
2024-10-12 11:02:11,279 {'acc1': 0.8428217821782178, 'acc5': 0.968440594059406, 'loss': 72.06224481016397, 'macs': 58657595880, 'params': 299081192, 'model_size': 1140.9042053222656, 'inference_time': 0}
2024-10-12 11:02:11,304 Pruning 2816 in layer 23
2024-10-12 11:02:12,518 Gathering metrics
2024-10-12 11:02:54,345 {'acc1': 0.8428217821782178, 'acc5': 0.968440594059406, 'loss': 72.06224427372217, 'macs': 58554260712, 'params': 298556648, 'model_size': 1138.9032287597656, 'inference_time': 0}
2024-10-12 11:02:54,370 Pruning 3072 in layer 23
2024-10-12 11:02:55,407 Gathering metrics
2024-10-12 11:03:37,064 {'acc1': 0.8428217821782178, 'acc5': 0.968440594059406, 'loss': 72.06224413216114, 'macs': 58450925544, 'params': 298032104, 'model_size': 1136.9022521972656, 'inference_time': 0}
2024-10-12 11:03:37,089 Pruning 3328 in layer 23
2024-10-12 11:03:37,965 Gathering metrics
2024-10-12 11:04:19,609 {'acc1': 0.8428217821782178, 'acc5': 0.968440594059406, 'loss': 72.06224329769611, 'macs': 58347590376, 'params': 297507560, 'model_size': 1134.9012756347656, 'inference_time': 0}
2024-10-12 11:04:19,721 Pruning 3584 in layer 23
2024-10-12 11:04:20,449 Gathering metrics
2024-10-12 11:05:02,296 {'acc1': 0.8428217821782178, 'acc5': 0.968440594059406, 'loss': 72.06224326044321, 'macs': 58244255208, 'params': 296983016, 'model_size': 1132.9002990722656, 'inference_time': 0}
2024-10-12 11:05:02,322 Pruning 3840 in layer 23
2024-10-12 11:05:02,928 Gathering metrics
2024-10-12 11:05:44,807 {'acc1': 0.8428217821782178, 'acc5': 0.968440594059406, 'loss': 72.06224241107702, 'macs': 58140920040, 'params': 296458472, 'model_size': 1130.8993225097656, 'inference_time': 0}
2024-10-12 11:05:44,832 Pruning 256 in layer 22
2024-10-12 11:05:50,320 Gathering metrics
2024-10-12 11:06:32,007 {'acc1': 0.8428217821782178, 'acc5': 0.968440594059406, 'loss': 72.06224036961794, 'macs': 58140920040, 'params': 296458472, 'model_size': 1130.8993225097656, 'inference_time': 0}
2024-10-12 11:06:32,033 Pruning 512 in layer 22
2024-10-12 11:06:36,808 Gathering metrics
2024-10-12 11:07:18,596 {'acc1': 0.8428217821782178, 'acc5': 0.968440594059406, 'loss': 72.06219320744276, 'macs': 58037584872, 'params': 295933928, 'model_size': 1128.8983459472656, 'inference_time': 0}
2024-10-12 11:07:18,622 Pruning 768 in layer 22
2024-10-12 11:07:22,790 Gathering metrics
2024-10-12 11:08:04,431 {'acc1': 0.8428217821782178, 'acc5': 0.968440594059406, 'loss': 72.06206941604614, 'macs': 57934249704, 'params': 295409384, 'model_size': 1126.8973693847656, 'inference_time': 0}
2024-10-12 11:08:04,456 Pruning 1024 in layer 22
2024-10-12 11:08:08,057 Gathering metrics
2024-10-12 11:08:49,796 {'acc1': 0.8428217821782178, 'acc5': 0.968440594059406, 'loss': 72.06186465919018, 'macs': 57830914536, 'params': 294884840, 'model_size': 1124.8963928222656, 'inference_time': 0}
2024-10-12 11:08:49,822 Pruning 1280 in layer 22
2024-10-12 11:08:52,977 Gathering metrics
2024-10-12 11:09:34,350 {'acc1': 0.8428217821782178, 'acc5': 0.968440594059406, 'loss': 72.06158823519945, 'macs': 57727579368, 'params': 294360296, 'model_size': 1122.8954162597656, 'inference_time': 0}
2024-10-12 11:09:34,377 Pruning 1536 in layer 22
2024-10-12 11:09:37,148 Gathering metrics
2024-10-12 11:10:18,547 {'acc1': 0.8428217821782178, 'acc5': 0.968440594059406, 'loss': 72.061233446002, 'macs': 57624244200, 'params': 293835752, 'model_size': 1120.8944396972656, 'inference_time': 0}
2024-10-12 11:10:18,574 Pruning 1792 in layer 22
2024-10-12 11:10:20,908 Gathering metrics
2024-10-12 11:11:02,508 {'acc1': 0.8428217821782178, 'acc5': 0.968440594059406, 'loss': 72.06080432981253, 'macs': 57520909032, 'params': 293311208, 'model_size': 1118.8934631347656, 'inference_time': 0}
2024-10-12 11:11:02,533 Pruning 2048 in layer 22
2024-10-12 11:11:04,498 Gathering metrics
2024-10-12 11:11:45,722 {'acc1': 0.8428217821782178, 'acc5': 0.968440594059406, 'loss': 72.06029980629683, 'macs': 57417573864, 'params': 292786664, 'model_size': 1116.8924865722656, 'inference_time': 0}
2024-10-12 11:11:45,747 Pruning 2304 in layer 22
2024-10-12 11:11:47,440 Gathering metrics
2024-10-12 11:12:28,924 {'acc1': 0.8428217821782178, 'acc5': 0.968440594059406, 'loss': 72.05973412841558, 'macs': 57314238696, 'params': 292262120, 'model_size': 1114.8915100097656, 'inference_time': 0}
2024-10-12 11:12:28,951 Pruning 2560 in layer 22
2024-10-12 11:12:30,374 Gathering metrics
2024-10-12 11:13:11,881 {'acc1': 0.8428217821782178, 'acc5': 0.968440594059406, 'loss': 72.05910424888134, 'macs': 57210903528, 'params': 291737576, 'model_size': 1112.8905334472656, 'inference_time': 0}
2024-10-12 11:13:11,908 Pruning 2816 in layer 22
2024-10-12 11:13:13,110 Gathering metrics
2024-10-12 11:13:54,497 {'acc1': 0.8428217821782178, 'acc5': 0.968440594059406, 'loss': 72.05840390175581, 'macs': 57107568360, 'params': 291213032, 'model_size': 1110.8895568847656, 'inference_time': 0}
2024-10-12 11:13:54,522 Pruning 3072 in layer 22
2024-10-12 11:13:55,546 Gathering metrics
2024-10-12 11:14:37,045 {'acc1': 0.8428217821782178, 'acc5': 0.968440594059406, 'loss': 72.05759820342064, 'macs': 57004233192, 'params': 290688488, 'model_size': 1108.8885803222656, 'inference_time': 0}
2024-10-12 11:14:37,157 Pruning 3328 in layer 22
2024-10-12 11:14:38,012 Gathering metrics
2024-10-12 11:15:19,234 {'acc1': 0.8428217821782178, 'acc5': 0.968440594059406, 'loss': 72.05661144852638, 'macs': 56900898024, 'params': 290163944, 'model_size': 1106.8876037597656, 'inference_time': 0}
2024-10-12 11:15:19,259 Pruning 3584 in layer 22
2024-10-12 11:15:19,976 Gathering metrics
2024-10-12 11:16:01,159 {'acc1': 0.8428217821782178, 'acc5': 0.968440594059406, 'loss': 72.0407815054059, 'macs': 56797562856, 'params': 289639400, 'model_size': 1104.8866271972656, 'inference_time': 0}
2024-10-12 11:16:01,185 Pruning 3840 in layer 22
2024-10-12 11:16:01,766 Gathering metrics
2024-10-12 11:16:42,881 {'acc1': 0.8428217821782178, 'acc5': 0.968440594059406, 'loss': 71.7583434060216, 'macs': 56694227688, 'params': 289114856, 'model_size': 1102.8856506347656, 'inference_time': 0}
2024-10-12 11:16:42,907 Pruning 256 in layer 21
2024-10-12 11:16:48,409 Gathering metrics
2024-10-12 11:17:29,589 {'acc1': 0.8428217821782178, 'acc5': 0.968440594059406, 'loss': 72.10083051025867, 'macs': 56694227688, 'params': 289114856, 'model_size': 1102.8856506347656, 'inference_time': 0}
2024-10-12 11:17:29,615 Pruning 512 in layer 21
2024-10-12 11:17:34,353 Gathering metrics
2024-10-12 11:18:15,621 {'acc1': 0.8428217821782178, 'acc5': 0.968440594059406, 'loss': 72.29660396277905, 'macs': 56590892520, 'params': 288590312, 'model_size': 1100.8846740722656, 'inference_time': 0}
2024-10-12 11:18:15,647 Pruning 768 in layer 21
2024-10-12 11:18:19,804 Gathering metrics
2024-10-12 11:19:00,707 {'acc1': 0.8428217821782178, 'acc5': 0.968440594059406, 'loss': 72.61801552027464, 'macs': 56487557352, 'params': 288065768, 'model_size': 1098.8836975097656, 'inference_time': 0}
2024-10-12 11:19:00,732 Pruning 1024 in layer 21
2024-10-12 11:19:04,342 Gathering metrics
2024-10-12 11:19:45,294 {'acc1': 0.8428217821782178, 'acc5': 0.968440594059406, 'loss': 73.0781816393137, 'macs': 56384222184, 'params': 287541224, 'model_size': 1096.8827209472656, 'inference_time': 0}
2024-10-12 11:19:45,320 Pruning 1280 in layer 21
2024-10-12 11:19:48,483 Gathering metrics
2024-10-12 11:20:29,646 {'acc1': 0.8428217821782178, 'acc5': 0.968440594059406, 'loss': 73.69156849384308, 'macs': 56280887016, 'params': 287016680, 'model_size': 1094.8817443847656, 'inference_time': 0}
2024-10-12 11:20:29,675 Pruning 1536 in layer 21
2024-10-12 11:20:32,710 Gathering metrics
2024-10-12 11:21:13,915 {'acc1': 0.8428217821782178, 'acc5': 0.968440594059406, 'loss': 74.48380644619465, 'macs': 56177551848, 'params': 286492136, 'model_size': 1092.8807678222656, 'inference_time': 0}
2024-10-12 11:21:13,941 Pruning 1792 in layer 21
2024-10-12 11:21:16,277 Gathering metrics
2024-10-12 11:21:57,365 {'acc1': 0.8428217821782178, 'acc5': 0.968440594059406, 'loss': 75.48129177093506, 'macs': 56074216680, 'params': 285967592, 'model_size': 1090.8797912597656, 'inference_time': 0}
2024-10-12 11:21:57,392 Pruning 2048 in layer 21
2024-10-12 11:21:59,363 Gathering metrics
2024-10-12 11:22:40,144 {'acc1': 0.8428217821782178, 'acc5': 0.968440594059406, 'loss': 76.72368063032627, 'macs': 55970881512, 'params': 285443048, 'model_size': 1088.8788146972656, 'inference_time': 0}
2024-10-12 11:22:40,170 Pruning 2304 in layer 21
2024-10-12 11:22:41,869 Gathering metrics
2024-10-12 11:23:22,723 {'acc1': 0.8428217821782178, 'acc5': 0.968440594059406, 'loss': 78.25685505568981, 'macs': 55867546344, 'params': 284918504, 'model_size': 1086.8778381347656, 'inference_time': 0}
2024-10-12 11:23:22,749 Pruning 2560 in layer 21
2024-10-12 11:23:24,166 Gathering metrics
2024-10-12 11:24:05,056 {'acc1': 0.8428217821782178, 'acc5': 0.968440594059406, 'loss': 80.0617847442627, 'macs': 55764211176, 'params': 284393960, 'model_size': 1084.8768615722656, 'inference_time': 0}
2024-10-12 11:24:05,083 Pruning 2816 in layer 21
2024-10-12 11:24:06,293 Gathering metrics
2024-10-12 11:24:47,216 {'acc1': 0.8425123762376238, 'acc5': 0.968440594059406, 'loss': 82.2538623213768, 'macs': 55660876008, 'params': 283869416, 'model_size': 1082.8758850097656, 'inference_time': 0}
2024-10-12 11:24:47,327 Pruning 3072 in layer 21
2024-10-12 11:24:48,361 Gathering metrics
2024-10-12 11:25:29,186 {'acc1': 0.8425123762376238, 'acc5': 0.9681311881188119, 'loss': 84.90167984366417, 'macs': 55557540840, 'params': 283344872, 'model_size': 1080.8749084472656, 'inference_time': 0}
2024-10-12 11:25:29,212 Pruning 3328 in layer 21
2024-10-12 11:25:30,066 Gathering metrics
2024-10-12 11:26:10,731 {'acc1': 0.8422029702970297, 'acc5': 0.9681311881188119, 'loss': 88.22624590992928, 'macs': 55454205672, 'params': 282820328, 'model_size': 1078.8739318847656, 'inference_time': 0}
2024-10-12 11:26:10,757 Pruning 3584 in layer 21
2024-10-12 11:26:11,477 Gathering metrics
2024-10-12 11:26:52,046 {'acc1': 0.8422029702970297, 'acc5': 0.9681311881188119, 'loss': 92.31265902519226, 'macs': 55350870504, 'params': 282295784, 'model_size': 1076.8729553222656, 'inference_time': 0}
2024-10-12 11:26:52,074 Pruning 3840 in layer 21
2024-10-12 11:26:52,787 Gathering metrics
2024-10-12 11:27:33,192 {'acc1': 0.8425123762376238, 'acc5': 0.9681311881188119, 'loss': 97.32269850373268, 'macs': 55247535336, 'params': 281771240, 'model_size': 1074.8719787597656, 'inference_time': 0}
2024-10-12 11:27:33,218 Pruning 256 in layer 20
2024-10-12 11:27:38,679 Gathering metrics
2024-10-12 11:28:19,373 {'acc1': 0.8422029702970297, 'acc5': 0.9681311881188119, 'loss': 92.31267303228378, 'macs': 55247535336, 'params': 281771240, 'model_size': 1074.8719787597656, 'inference_time': 0}
2024-10-12 11:28:19,402 Pruning 512 in layer 20
2024-10-12 11:28:24,532 Gathering metrics
2024-10-12 11:29:05,293 {'acc1': 0.8422029702970297, 'acc5': 0.9681311881188119, 'loss': 92.31295362114906, 'macs': 55144200168, 'params': 281246696, 'model_size': 1072.8710021972656, 'inference_time': 0}
2024-10-12 11:29:05,319 Pruning 768 in layer 20
2024-10-12 11:29:09,492 Gathering metrics
2024-10-12 11:29:50,080 {'acc1': 0.8422029702970297, 'acc5': 0.9681311881188119, 'loss': 92.3136080801487, 'macs': 55040865000, 'params': 280722152, 'model_size': 1070.8700256347656, 'inference_time': 0}
2024-10-12 11:29:50,106 Pruning 1024 in layer 20
2024-10-12 11:29:53,719 Gathering metrics
2024-10-12 11:30:34,131 {'acc1': 0.8422029702970297, 'acc5': 0.9681311881188119, 'loss': 92.31470090150833, 'macs': 54937529832, 'params': 280197608, 'model_size': 1068.8690490722656, 'inference_time': 0}
2024-10-12 11:30:34,158 Pruning 1280 in layer 20
2024-10-12 11:30:37,306 Gathering metrics
2024-10-12 11:31:18,158 {'acc1': 0.8422029702970297, 'acc5': 0.9681311881188119, 'loss': 92.31625705957413, 'macs': 54834194664, 'params': 279673064, 'model_size': 1066.8680725097656, 'inference_time': 0}
2024-10-12 11:31:18,185 Pruning 1536 in layer 20
2024-10-12 11:31:20,923 Gathering metrics
2024-10-12 11:32:01,826 {'acc1': 0.8422029702970297, 'acc5': 0.9681311881188119, 'loss': 92.3182826936245, 'macs': 54730859496, 'params': 279148520, 'model_size': 1064.8670959472656, 'inference_time': 0}
2024-10-12 11:32:01,854 Pruning 1792 in layer 20
2024-10-12 11:32:04,451 Gathering metrics
2024-10-12 11:32:44,728 {'acc1': 0.8422029702970297, 'acc5': 0.9681311881188119, 'loss': 92.32081666588783, 'macs': 54627524328, 'params': 278623976, 'model_size': 1062.8661193847656, 'inference_time': 0}
2024-10-12 11:32:44,755 Pruning 2048 in layer 20
2024-10-12 11:32:46,720 Gathering metrics
2024-10-12 11:33:27,107 {'acc1': 0.8422029702970297, 'acc5': 0.9681311881188119, 'loss': 92.32391569018364, 'macs': 54524189160, 'params': 278099432, 'model_size': 1060.8651428222656, 'inference_time': 0}
2024-10-12 11:33:27,133 Pruning 2304 in layer 20
2024-10-12 11:33:28,836 Gathering metrics
2024-10-12 11:34:09,076 {'acc1': 0.8422029702970297, 'acc5': 0.9681311881188119, 'loss': 92.32798904180527, 'macs': 54420853992, 'params': 277574888, 'model_size': 1058.8641662597656, 'inference_time': 0}
2024-10-12 11:34:09,190 Pruning 2560 in layer 20
2024-10-12 11:34:10,610 Gathering metrics
2024-10-12 11:34:51,068 {'acc1': 0.8422029702970297, 'acc5': 0.9681311881188119, 'loss': 92.33382856845856, 'macs': 54317518824, 'params': 277050344, 'model_size': 1056.8631896972656, 'inference_time': 0}
2024-10-12 11:34:51,097 Pruning 2816 in layer 20
2024-10-12 11:34:52,304 Gathering metrics
2024-10-12 11:35:32,544 {'acc1': 0.8422029702970297, 'acc5': 0.9681311881188119, 'loss': 92.34465858340263, 'macs': 54214183656, 'params': 276525800, 'model_size': 1054.8622131347656, 'inference_time': 0}
2024-10-12 11:35:32,570 Pruning 3072 in layer 20
2024-10-12 11:35:33,588 Gathering metrics
2024-10-12 11:36:13,716 {'acc1': 0.8422029702970297, 'acc5': 0.9681311881188119, 'loss': 92.38835895061493, 'macs': 54110848488, 'params': 276001256, 'model_size': 1052.8612365722656, 'inference_time': 0}
2024-10-12 11:36:13,742 Pruning 3328 in layer 20
2024-10-12 11:36:14,594 Gathering metrics
2024-10-12 11:36:54,728 {'acc1': 0.8422029702970297, 'acc5': 0.9681311881188119, 'loss': 92.8616010248661, 'macs': 54007513320, 'params': 275476712, 'model_size': 1050.8602600097656, 'inference_time': 0}
2024-10-12 11:36:54,755 Pruning 3584 in layer 20
2024-10-12 11:36:55,469 Gathering metrics
2024-10-12 11:37:35,702 {'acc1': 0.8422029702970297, 'acc5': 0.9681311881188119, 'loss': 101.31616714596748, 'macs': 53904178152, 'params': 274952168, 'model_size': 1048.8592834472656, 'inference_time': 0}
2024-10-12 11:37:35,731 Pruning 3840 in layer 20
2024-10-12 11:37:36,443 Gathering metrics
2024-10-12 11:38:16,758 {'acc1': 0.8418935643564357, 'acc5': 0.968440594059406, 'loss': 116.00685560703278, 'macs': 53800842984, 'params': 274427624, 'model_size': 1046.8583068847656, 'inference_time': 0}
2024-10-12 11:38:16,784 Pruning 256 in layer 19
2024-10-12 11:38:22,265 Gathering metrics
2024-10-12 11:39:02,695 {'acc1': 0.8422029702970297, 'acc5': 0.9681311881188119, 'loss': 101.31670001149178, 'macs': 53800842984, 'params': 274427624, 'model_size': 1046.8583068847656, 'inference_time': 0}
2024-10-12 11:39:02,722 Pruning 512 in layer 19
2024-10-12 11:39:07,508 Gathering metrics
2024-10-12 11:39:47,748 {'acc1': 0.8422029702970297, 'acc5': 0.9681311881188119, 'loss': 101.31947746872902, 'macs': 53697507816, 'params': 273903080, 'model_size': 1044.8573303222656, 'inference_time': 0}
2024-10-12 11:39:47,773 Pruning 768 in layer 19
2024-10-12 11:39:51,954 Gathering metrics
2024-10-12 11:40:31,827 {'acc1': 0.8422029702970297, 'acc5': 0.9681311881188119, 'loss': 101.32502549886703, 'macs': 53594172648, 'params': 273378536, 'model_size': 1042.8563537597656, 'inference_time': 0}
2024-10-12 11:40:31,853 Pruning 1024 in layer 19
2024-10-12 11:40:35,480 Gathering metrics
2024-10-12 11:41:15,554 {'acc1': 0.8422029702970297, 'acc5': 0.9681311881188119, 'loss': 101.33310222625732, 'macs': 53490837480, 'params': 272853992, 'model_size': 1040.8553771972656, 'inference_time': 0}
2024-10-12 11:41:15,580 Pruning 1280 in layer 19
2024-10-12 11:41:18,737 Gathering metrics
2024-10-12 11:41:58,596 {'acc1': 0.8422029702970297, 'acc5': 0.9681311881188119, 'loss': 101.34412208199501, 'macs': 53387502312, 'params': 272329448, 'model_size': 1038.8544006347656, 'inference_time': 0}
2024-10-12 11:41:58,622 Pruning 1536 in layer 19
2024-10-12 11:42:01,370 Gathering metrics
2024-10-12 11:42:41,521 {'acc1': 0.8422029702970297, 'acc5': 0.9681311881188119, 'loss': 101.36090689897537, 'macs': 53284167144, 'params': 271804904, 'model_size': 1036.8534240722656, 'inference_time': 0}
2024-10-12 11:42:41,547 Pruning 1792 in layer 19
2024-10-12 11:42:43,892 Gathering metrics
2024-10-12 11:43:23,819 {'acc1': 0.8422029702970297, 'acc5': 0.9681311881188119, 'loss': 101.4090530872345, 'macs': 53180831976, 'params': 271280360, 'model_size': 1034.8524475097656, 'inference_time': 0}
2024-10-12 11:43:23,845 Pruning 2048 in layer 19
2024-10-12 11:43:25,816 Gathering metrics
2024-10-12 11:44:05,550 {'acc1': 0.8422029702970297, 'acc5': 0.968440594059406, 'loss': 102.3537209033966, 'macs': 53077496808, 'params': 270755816, 'model_size': 1032.8514709472656, 'inference_time': 0}
2024-10-12 11:44:05,663 Pruning 2304 in layer 19
2024-10-12 11:44:07,349 Gathering metrics
2024-10-12 11:44:47,706 {'acc1': 0.8428217821782178, 'acc5': 0.9675123762376238, 'loss': 103.49952158331871, 'macs': 52974161640, 'params': 270231272, 'model_size': 1030.8504943847656, 'inference_time': 0}
2024-10-12 11:44:47,732 Pruning 2560 in layer 19
2024-10-12 11:44:49,146 Gathering metrics
2024-10-12 11:45:29,045 {'acc1': 0.8431311881188119, 'acc5': 0.9675123762376238, 'loss': 106.05366584658623, 'macs': 52870826472, 'params': 269706728, 'model_size': 1028.8495178222656, 'inference_time': 0}
2024-10-12 11:45:29,071 Pruning 2816 in layer 19
2024-10-12 11:45:30,291 Gathering metrics
2024-10-12 11:46:10,145 {'acc1': 0.8428217821782178, 'acc5': 0.9672029702970297, 'loss': 107.76611930131912, 'macs': 52767491304, 'params': 269182184, 'model_size': 1026.8485412597656, 'inference_time': 0}
2024-10-12 11:46:10,172 Pruning 3072 in layer 19
2024-10-12 11:46:11,196 Gathering metrics
2024-10-12 11:46:50,939 {'acc1': 0.8428217821782178, 'acc5': 0.9672029702970297, 'loss': 111.2336134314537, 'macs': 52664156136, 'params': 268657640, 'model_size': 1024.8475646972656, 'inference_time': 0}
2024-10-12 11:46:50,968 Pruning 3328 in layer 19
2024-10-12 11:46:52,018 Gathering metrics
2024-10-12 11:47:31,849 {'acc1': 0.8425123762376238, 'acc5': 0.9678217821782178, 'loss': 114.80620324611664, 'macs': 52560820968, 'params': 268133096, 'model_size': 1022.8465881347656, 'inference_time': 0}
2024-10-12 11:47:31,876 Pruning 3584 in layer 19
2024-10-12 11:47:32,601 Gathering metrics
2024-10-12 11:48:12,074 {'acc1': 0.8422029702970297, 'acc5': 0.9675123762376238, 'loss': 117.48909467458725, 'macs': 52457485800, 'params': 267608552, 'model_size': 1020.8456115722656, 'inference_time': 0}
2024-10-12 11:48:12,100 Pruning 3840 in layer 19
2024-10-12 11:48:12,676 Gathering metrics
2024-10-12 11:48:52,030 {'acc1': 0.8422029702970297, 'acc5': 0.9678217821782178, 'loss': 112.51221019029617, 'macs': 52354150632, 'params': 267084008, 'model_size': 1018.8446350097656, 'inference_time': 0}
2024-10-12 11:48:52,056 Pruning 256 in layer 18
2024-10-12 11:48:57,532 Gathering metrics
2024-10-12 11:49:36,895 {'acc1': 0.8418935643564357, 'acc5': 0.9678217821782178, 'loss': 124.39468085765839, 'macs': 52354150632, 'params': 267084008, 'model_size': 1018.8446350097656, 'inference_time': 0}
2024-10-12 11:49:36,920 Pruning 512 in layer 18
2024-10-12 11:49:41,663 Gathering metrics
2024-10-12 11:50:21,339 {'acc1': 0.8418935643564357, 'acc5': 0.9672029702970297, 'loss': 132.3451793193817, 'macs': 52250815464, 'params': 266559464, 'model_size': 1016.8436584472656, 'inference_time': 0}
2024-10-12 11:50:21,365 Pruning 768 in layer 18
2024-10-12 11:50:25,546 Gathering metrics
2024-10-12 11:51:05,066 {'acc1': 0.8418935643564357, 'acc5': 0.9672029702970297, 'loss': 139.7816902399063, 'macs': 52147480296, 'params': 266034920, 'model_size': 1014.8426818847656, 'inference_time': 0}
2024-10-12 11:51:05,093 Pruning 1024 in layer 18
2024-10-12 11:51:08,699 Gathering metrics
2024-10-12 11:51:47,993 {'acc1': 0.8418935643564357, 'acc5': 0.9668935643564357, 'loss': 145.47843766212463, 'macs': 52044145128, 'params': 265510376, 'model_size': 1012.8417053222656, 'inference_time': 0}
2024-10-12 11:51:48,020 Pruning 1280 in layer 18
2024-10-12 11:51:51,183 Gathering metrics
2024-10-12 11:52:30,705 {'acc1': 0.8418935643564357, 'acc5': 0.9665841584158416, 'loss': 147.55654937028885, 'macs': 51940809960, 'params': 264985832, 'model_size': 1010.8407287597656, 'inference_time': 0}
2024-10-12 11:52:30,731 Pruning 1536 in layer 18
2024-10-12 11:52:33,484 Gathering metrics
2024-10-12 11:53:12,803 {'acc1': 0.8412747524752475, 'acc5': 0.9662747524752475, 'loss': 148.4361589550972, 'macs': 51837474792, 'params': 264461288, 'model_size': 1008.8397521972656, 'inference_time': 0}
2024-10-12 11:53:12,832 Pruning 1792 in layer 18
2024-10-12 11:53:15,433 Gathering metrics
2024-10-12 11:53:54,788 {'acc1': 0.8422029702970297, 'acc5': 0.9662747524752475, 'loss': 146.85185807943344, 'macs': 51734139624, 'params': 263936744, 'model_size': 1006.8387756347656, 'inference_time': 0}
2024-10-12 11:53:54,901 Pruning 2048 in layer 18
2024-10-12 11:53:56,880 Gathering metrics
2024-10-12 11:54:36,110 {'acc1': 0.8422029702970297, 'acc5': 0.9659653465346535, 'loss': 143.75941407680511, 'macs': 51630804456, 'params': 263412200, 'model_size': 1004.8377990722656, 'inference_time': 0}
2024-10-12 11:54:36,136 Pruning 2304 in layer 18
2024-10-12 11:54:37,830 Gathering metrics
2024-10-12 11:55:17,199 {'acc1': 0.8418935643564357, 'acc5': 0.9662747524752475, 'loss': 137.9534307718277, 'macs': 51527469288, 'params': 262887656, 'model_size': 1002.8368225097656, 'inference_time': 0}
2024-10-12 11:55:17,225 Pruning 2560 in layer 18
2024-10-12 11:55:18,649 Gathering metrics
2024-10-12 11:55:57,616 {'acc1': 0.8425123762376238, 'acc5': 0.9662747524752475, 'loss': 131.0035417675972, 'macs': 51424134120, 'params': 262363112, 'model_size': 1000.8358459472656, 'inference_time': 0}
2024-10-12 11:55:57,643 Pruning 2816 in layer 18
2024-10-12 11:55:58,857 Gathering metrics
2024-10-12 11:56:37,964 {'acc1': 0.8428217821782178, 'acc5': 0.9662747524752475, 'loss': 121.15264812111855, 'macs': 51320798952, 'params': 261838568, 'model_size': 998.8348693847656, 'inference_time': 0}
2024-10-12 11:56:37,990 Pruning 3072 in layer 18
2024-10-12 11:56:39,014 Gathering metrics
2024-10-12 11:57:18,125 {'acc1': 0.8428217821782178, 'acc5': 0.9665841584158416, 'loss': 112.94396609067917, 'macs': 51217463784, 'params': 261314024, 'model_size': 996.8338928222656, 'inference_time': 0}
2024-10-12 11:57:18,153 Pruning 3328 in layer 18
2024-10-12 11:57:19,018 Gathering metrics
2024-10-12 11:57:58,159 {'acc1': 0.8431311881188119, 'acc5': 0.9665841584158416, 'loss': 101.1713819205761, 'macs': 51114128616, 'params': 260789480, 'model_size': 994.8329162597656, 'inference_time': 0}
2024-10-12 11:57:58,186 Pruning 3584 in layer 18
2024-10-12 11:57:58,907 Gathering metrics
2024-10-12 11:58:37,860 {'acc1': 0.8425123762376238, 'acc5': 0.9675123762376238, 'loss': 89.69317419826984, 'macs': 51010793448, 'params': 260264936, 'model_size': 992.8319396972656, 'inference_time': 0}
2024-10-12 11:58:37,886 Pruning 3840 in layer 18
2024-10-12 11:58:38,465 Gathering metrics
2024-10-12 11:59:17,542 {'acc1': 0.8428217821782178, 'acc5': 0.9675123762376238, 'loss': 78.68440944701433, 'macs': 50907458280, 'params': 259740392, 'model_size': 990.8309631347656, 'inference_time': 0}
2024-10-12 11:59:17,569 Pruning 256 in layer 17
2024-10-12 11:59:23,047 Gathering metrics
2024-10-12 12:00:02,036 {'acc1': 0.8431311881188119, 'acc5': 0.9675123762376238, 'loss': 91.83381965756416, 'macs': 50907458280, 'params': 259740392, 'model_size': 990.8309631347656, 'inference_time': 0}
2024-10-12 12:00:02,063 Pruning 512 in layer 17
2024-10-12 12:00:06,849 Gathering metrics
2024-10-12 12:00:46,057 {'acc1': 0.8431311881188119, 'acc5': 0.9675123762376238, 'loss': 92.95284143090248, 'macs': 50804123112, 'params': 259215848, 'model_size': 988.8299865722656, 'inference_time': 0}
2024-10-12 12:00:46,084 Pruning 768 in layer 17
2024-10-12 12:00:50,239 Gathering metrics
2024-10-12 12:01:28,981 {'acc1': 0.8431311881188119, 'acc5': 0.9675123762376238, 'loss': 94.41174733638763, 'macs': 50700787944, 'params': 258691304, 'model_size': 986.8290100097656, 'inference_time': 0}
2024-10-12 12:01:29,008 Pruning 1024 in layer 17
2024-10-12 12:01:32,626 Gathering metrics
2024-10-12 12:02:11,346 {'acc1': 0.8431311881188119, 'acc5': 0.9675123762376238, 'loss': 96.82604922354221, 'macs': 50597452776, 'params': 258166760, 'model_size': 984.8280334472656, 'inference_time': 0}
2024-10-12 12:02:11,373 Pruning 1280 in layer 17
2024-10-12 12:02:14,542 Gathering metrics
2024-10-12 12:02:53,378 {'acc1': 0.843440594059406, 'acc5': 0.9668935643564357, 'loss': 97.66574695706367, 'macs': 50494117608, 'params': 257642216, 'model_size': 982.8270568847656, 'inference_time': 0}
2024-10-12 12:02:53,404 Pruning 1536 in layer 17
2024-10-12 12:02:56,142 Gathering metrics
2024-10-12 12:03:35,046 {'acc1': 0.84375, 'acc5': 0.9668935643564357, 'loss': 99.00567132234573, 'macs': 50390782440, 'params': 257117672, 'model_size': 980.8260803222656, 'inference_time': 0}
2024-10-12 12:03:35,159 Pruning 1792 in layer 17
2024-10-12 12:03:37,501 Gathering metrics
2024-10-12 12:04:16,457 {'acc1': 0.8446782178217822, 'acc5': 0.9668935643564357, 'loss': 100.85392424464226, 'macs': 50287447272, 'params': 256593128, 'model_size': 978.8251037597656, 'inference_time': 0}
2024-10-12 12:04:16,483 Pruning 2048 in layer 17
2024-10-12 12:04:18,451 Gathering metrics
2024-10-12 12:04:57,220 {'acc1': 0.843440594059406, 'acc5': 0.9668935643564357, 'loss': 100.67619261145592, 'macs': 50184112104, 'params': 256068584, 'model_size': 976.8241271972656, 'inference_time': 0}
2024-10-12 12:04:57,250 Pruning 2304 in layer 17
2024-10-12 12:04:59,194 Gathering metrics
2024-10-12 12:05:38,104 {'acc1': 0.8431311881188119, 'acc5': 0.9668935643564357, 'loss': 100.84475676715374, 'macs': 50080776936, 'params': 255544040, 'model_size': 974.8231506347656, 'inference_time': 0}
2024-10-12 12:05:38,130 Pruning 2560 in layer 17
2024-10-12 12:05:39,551 Gathering metrics
2024-10-12 12:06:18,230 {'acc1': 0.8443688118811881, 'acc5': 0.9668935643564357, 'loss': 104.03808292746544, 'macs': 49977441768, 'params': 255019496, 'model_size': 972.8221740722656, 'inference_time': 0}
2024-10-12 12:06:18,257 Pruning 2816 in layer 17
2024-10-12 12:06:19,473 Gathering metrics
2024-10-12 12:06:58,316 {'acc1': 0.8452970297029703, 'acc5': 0.9672029702970297, 'loss': 104.65630932152271, 'macs': 49874106600, 'params': 254494952, 'model_size': 970.8211975097656, 'inference_time': 0}
2024-10-12 12:06:58,342 Pruning 3072 in layer 17
2024-10-12 12:06:59,369 Gathering metrics
2024-10-12 12:07:37,898 {'acc1': 0.8446782178217822, 'acc5': 0.9675123762376238, 'loss': 107.6657657623291, 'macs': 49770771432, 'params': 253970408, 'model_size': 968.8202209472656, 'inference_time': 0}
2024-10-12 12:07:37,925 Pruning 3328 in layer 17
2024-10-12 12:07:38,782 Gathering metrics
2024-10-12 12:08:17,509 {'acc1': 0.844059405940594, 'acc5': 0.9672029702970297, 'loss': 111.74149507284164, 'macs': 49667436264, 'params': 253445864, 'model_size': 966.8192443847656, 'inference_time': 0}
2024-10-12 12:08:17,535 Pruning 3584 in layer 17
2024-10-12 12:08:18,248 Gathering metrics
2024-10-12 12:08:56,534 {'acc1': 0.84375, 'acc5': 0.9678217821782178, 'loss': 109.72553136944771, 'macs': 49564101096, 'params': 252921320, 'model_size': 964.8182678222656, 'inference_time': 0}
2024-10-12 12:08:56,561 Pruning 3840 in layer 17
2024-10-12 12:08:57,136 Gathering metrics
2024-10-12 12:09:35,488 {'acc1': 0.8422029702970297, 'acc5': 0.9675123762376238, 'loss': 115.81193765997887, 'macs': 49460765928, 'params': 252396776, 'model_size': 962.8172912597656, 'inference_time': 0}
2024-10-12 12:09:35,517 Pruning 256 in layer 16
2024-10-12 12:09:41,364 Gathering metrics
2024-10-12 12:10:19,956 {'acc1': 0.8428217821782178, 'acc5': 0.9678217821782178, 'loss': 109.32370215654373, 'macs': 49460765928, 'params': 252396776, 'model_size': 962.8172912597656, 'inference_time': 0}
2024-10-12 12:10:19,983 Pruning 512 in layer 16
2024-10-12 12:10:24,737 Gathering metrics
2024-10-12 12:11:03,143 {'acc1': 0.8425123762376238, 'acc5': 0.9678217821782178, 'loss': 107.59528005123138, 'macs': 49357430760, 'params': 251872232, 'model_size': 960.8163146972656, 'inference_time': 0}
2024-10-12 12:11:03,169 Pruning 768 in layer 16
2024-10-12 12:11:07,363 Gathering metrics
2024-10-12 12:11:45,847 {'acc1': 0.8428217821782178, 'acc5': 0.9681311881188119, 'loss': 106.64404705166817, 'macs': 49254095592, 'params': 251347688, 'model_size': 958.8153381347656, 'inference_time': 0}
2024-10-12 12:11:45,875 Pruning 1024 in layer 16
2024-10-12 12:11:49,503 Gathering metrics
2024-10-12 12:12:27,895 {'acc1': 0.84375, 'acc5': 0.968440594059406, 'loss': 104.12499251961708, 'macs': 49150760424, 'params': 250823144, 'model_size': 956.8143615722656, 'inference_time': 0}
2024-10-12 12:12:27,924 Pruning 1280 in layer 16
2024-10-12 12:12:31,362 Gathering metrics
2024-10-12 12:13:09,462 {'acc1': 0.844059405940594, 'acc5': 0.9681311881188119, 'loss': 102.5036643743515, 'macs': 49047425256, 'params': 250298600, 'model_size': 954.8133850097656, 'inference_time': 0}
2024-10-12 12:13:09,576 Pruning 1536 in layer 16
2024-10-12 12:13:12,323 Gathering metrics
2024-10-12 12:13:50,447 {'acc1': 0.8443688118811881, 'acc5': 0.9681311881188119, 'loss': 100.52964216470718, 'macs': 48944090088, 'params': 249774056, 'model_size': 952.8124084472656, 'inference_time': 0}
2024-10-12 12:13:50,474 Pruning 1792 in layer 16
2024-10-12 12:13:52,803 Gathering metrics
2024-10-12 12:14:30,990 {'acc1': 0.84375, 'acc5': 0.9678217821782178, 'loss': 99.00226294994354, 'macs': 48840754920, 'params': 249249512, 'model_size': 950.8114318847656, 'inference_time': 0}
2024-10-12 12:14:31,017 Pruning 2048 in layer 16
2024-10-12 12:14:32,996 Gathering metrics
2024-10-12 12:15:10,980 {'acc1': 0.8443688118811881, 'acc5': 0.9681311881188119, 'loss': 97.86604981124401, 'macs': 48737419752, 'params': 248724968, 'model_size': 948.8104553222656, 'inference_time': 0}
2024-10-12 12:15:11,006 Pruning 2304 in layer 16
2024-10-12 12:15:12,696 Gathering metrics
2024-10-12 12:15:50,895 {'acc1': 0.8443688118811881, 'acc5': 0.968440594059406, 'loss': 96.22819632291794, 'macs': 48634084584, 'params': 248200424, 'model_size': 946.8094787597656, 'inference_time': 0}
2024-10-12 12:15:50,921 Pruning 2560 in layer 16
2024-10-12 12:15:52,346 Gathering metrics
2024-10-12 12:16:30,336 {'acc1': 0.8443688118811881, 'acc5': 0.96875, 'loss': 95.0901959836483, 'macs': 48530749416, 'params': 247675880, 'model_size': 944.8085021972656, 'inference_time': 0}
2024-10-12 12:16:30,363 Pruning 2816 in layer 16
2024-10-12 12:16:31,569 Gathering metrics
2024-10-12 12:17:09,365 {'acc1': 0.8443688118811881, 'acc5': 0.968440594059406, 'loss': 93.79487128555775, 'macs': 48427414248, 'params': 247151336, 'model_size': 942.8075256347656, 'inference_time': 0}
2024-10-12 12:17:09,392 Pruning 3072 in layer 16
2024-10-12 12:17:10,418 Gathering metrics
2024-10-12 12:17:48,292 {'acc1': 0.8456064356435643, 'acc5': 0.9681311881188119, 'loss': 91.32027307152748, 'macs': 48324079080, 'params': 246626792, 'model_size': 940.8065490722656, 'inference_time': 0}
2024-10-12 12:17:48,318 Pruning 3328 in layer 16
2024-10-12 12:17:49,170 Gathering metrics
2024-10-12 12:18:27,335 {'acc1': 0.844059405940594, 'acc5': 0.968440594059406, 'loss': 90.32481759786606, 'macs': 48220743912, 'params': 246102248, 'model_size': 938.8055725097656, 'inference_time': 0}
2024-10-12 12:18:27,361 Pruning 3584 in layer 16
2024-10-12 12:18:28,080 Gathering metrics
2024-10-12 12:19:05,802 {'acc1': 0.8431311881188119, 'acc5': 0.9681311881188119, 'loss': 88.10810117423534, 'macs': 48117408744, 'params': 245577704, 'model_size': 936.8045959472656, 'inference_time': 0}
2024-10-12 12:19:05,828 Pruning 3840 in layer 16
2024-10-12 12:19:06,402 Gathering metrics
2024-10-12 12:19:44,349 {'acc1': 0.8431311881188119, 'acc5': 0.968440594059406, 'loss': 86.26576003432274, 'macs': 48014073576, 'params': 245053160, 'model_size': 934.8036193847656, 'inference_time': 0}
2024-10-12 12:19:44,375 Pruning 256 in layer 15
2024-10-12 12:19:49,854 Gathering metrics
2024-10-12 12:20:27,806 {'acc1': 0.84375, 'acc5': 0.968440594059406, 'loss': 87.41550832986832, 'macs': 48014073576, 'params': 245053160, 'model_size': 934.8036193847656, 'inference_time': 0}
2024-10-12 12:20:27,833 Pruning 512 in layer 15
2024-10-12 12:20:32,607 Gathering metrics
2024-10-12 12:21:10,500 {'acc1': 0.844059405940594, 'acc5': 0.968440594059406, 'loss': 86.33784551918507, 'macs': 47910738408, 'params': 244528616, 'model_size': 932.8026428222656, 'inference_time': 0}
2024-10-12 12:21:10,530 Pruning 768 in layer 15
2024-10-12 12:21:15,014 Gathering metrics
2024-10-12 12:21:52,631 {'acc1': 0.843440594059406, 'acc5': 0.9681311881188119, 'loss': 85.35490222275257, 'macs': 47807403240, 'params': 244004072, 'model_size': 930.8016662597656, 'inference_time': 0}
2024-10-12 12:21:52,658 Pruning 1024 in layer 15
2024-10-12 12:21:56,279 Gathering metrics
2024-10-12 12:22:34,086 {'acc1': 0.8443688118811881, 'acc5': 0.968440594059406, 'loss': 84.4655514061451, 'macs': 47704068072, 'params': 243479528, 'model_size': 928.8006896972656, 'inference_time': 0}
2024-10-12 12:22:34,201 Pruning 1280 in layer 15
2024-10-12 12:22:37,357 Gathering metrics
2024-10-12 12:23:14,879 {'acc1': 0.84375, 'acc5': 0.9681311881188119, 'loss': 84.04397523403168, 'macs': 47600732904, 'params': 242954984, 'model_size': 926.7997131347656, 'inference_time': 0}
2024-10-12 12:23:14,906 Pruning 1536 in layer 15
2024-10-12 12:23:17,659 Gathering metrics
2024-10-12 12:23:55,079 {'acc1': 0.8425123762376238, 'acc5': 0.9681311881188119, 'loss': 83.36439271271229, 'macs': 47497397736, 'params': 242430440, 'model_size': 924.7987365722656, 'inference_time': 0}
2024-10-12 12:23:55,106 Pruning 1792 in layer 15
2024-10-12 12:23:57,451 Gathering metrics
2024-10-12 12:24:34,935 {'acc1': 0.844059405940594, 'acc5': 0.968440594059406, 'loss': 83.30670031905174, 'macs': 47394062568, 'params': 241905896, 'model_size': 922.7977600097656, 'inference_time': 0}
2024-10-12 12:24:34,965 Pruning 2048 in layer 15
2024-10-12 12:24:37,207 Gathering metrics
2024-10-12 12:25:14,675 {'acc1': 0.8443688118811881, 'acc5': 0.9681311881188119, 'loss': 82.39852733910084, 'macs': 47290727400, 'params': 241381352, 'model_size': 920.7967834472656, 'inference_time': 0}
2024-10-12 12:25:14,701 Pruning 2304 in layer 15
2024-10-12 12:25:16,401 Gathering metrics
2024-10-12 12:25:53,790 {'acc1': 0.8412747524752475, 'acc5': 0.9681311881188119, 'loss': 82.11693422496319, 'macs': 47187392232, 'params': 240856808, 'model_size': 918.7958068847656, 'inference_time': 0}
2024-10-12 12:25:53,817 Pruning 2560 in layer 15
2024-10-12 12:25:55,229 Gathering metrics
2024-10-12 12:26:32,437 {'acc1': 0.8409653465346535, 'acc5': 0.9681311881188119, 'loss': 80.80371502041817, 'macs': 47084057064, 'params': 240332264, 'model_size': 916.7948303222656, 'inference_time': 0}
2024-10-12 12:26:32,464 Pruning 2816 in layer 15
2024-10-12 12:26:33,667 Gathering metrics
2024-10-12 12:27:11,125 {'acc1': 0.8418935643564357, 'acc5': 0.9678217821782178, 'loss': 80.51040878891945, 'macs': 46980721896, 'params': 239807720, 'model_size': 914.7938537597656, 'inference_time': 0}
2024-10-12 12:27:11,152 Pruning 3072 in layer 15
2024-10-12 12:27:12,192 Gathering metrics
2024-10-12 12:27:49,290 {'acc1': 0.843440594059406, 'acc5': 0.96875, 'loss': 78.97113588452339, 'macs': 46877386728, 'params': 239283176, 'model_size': 912.7928771972656, 'inference_time': 0}
2024-10-12 12:27:49,315 Pruning 3328 in layer 15
2024-10-12 12:27:50,170 Gathering metrics
2024-10-12 12:28:27,335 {'acc1': 0.8428217821782178, 'acc5': 0.96875, 'loss': 78.68072438240051, 'macs': 46774051560, 'params': 238758632, 'model_size': 910.7919006347656, 'inference_time': 0}
2024-10-12 12:28:27,362 Pruning 3584 in layer 15
2024-10-12 12:28:28,087 Gathering metrics
2024-10-12 12:29:05,227 {'acc1': 0.8415841584158416, 'acc5': 0.969059405940594, 'loss': 78.36387890577316, 'macs': 46670716392, 'params': 238234088, 'model_size': 908.7909240722656, 'inference_time': 0}
2024-10-12 12:29:05,256 Pruning 3840 in layer 15
2024-10-12 12:29:05,961 Gathering metrics
2024-10-12 12:29:43,064 {'acc1': 0.8425123762376238, 'acc5': 0.9693688118811881, 'loss': 77.67369592189789, 'macs': 46567381224, 'params': 237709544, 'model_size': 906.7899475097656, 'inference_time': 0}
2024-10-12 12:29:43,091 Pruning 256 in layer 14
2024-10-12 12:29:48,578 Gathering metrics
2024-10-12 12:30:25,883 {'acc1': 0.8422029702970297, 'acc5': 0.96875, 'loss': 78.19483323395252, 'macs': 46567381224, 'params': 237709544, 'model_size': 906.7899475097656, 'inference_time': 0}
2024-10-12 12:30:25,911 Pruning 512 in layer 14
2024-10-12 12:30:30,655 Gathering metrics
2024-10-12 12:31:07,996 {'acc1': 0.8418935643564357, 'acc5': 0.9681311881188119, 'loss': 77.87218362092972, 'macs': 46464046056, 'params': 237185000, 'model_size': 904.7889709472656, 'inference_time': 0}
2024-10-12 12:31:08,024 Pruning 768 in layer 14
2024-10-12 12:31:12,189 Gathering metrics
2024-10-12 12:31:49,345 {'acc1': 0.8409653465346535, 'acc5': 0.9681311881188119, 'loss': 77.36675101518631, 'macs': 46360710888, 'params': 236660456, 'model_size': 902.7879943847656, 'inference_time': 0}
2024-10-12 12:31:49,460 Pruning 1024 in layer 14
2024-10-12 12:31:53,097 Gathering metrics
2024-10-12 12:32:30,164 {'acc1': 0.8418935643564357, 'acc5': 0.968440594059406, 'loss': 77.30023710429668, 'macs': 46257375720, 'params': 236135912, 'model_size': 900.7870178222656, 'inference_time': 0}
2024-10-12 12:32:30,191 Pruning 1280 in layer 14
2024-10-12 12:32:33,334 Gathering metrics
2024-10-12 12:33:10,172 {'acc1': 0.8409653465346535, 'acc5': 0.969059405940594, 'loss': 77.12198270857334, 'macs': 46154040552, 'params': 235611368, 'model_size': 898.7860412597656, 'inference_time': 0}
2024-10-12 12:33:10,200 Pruning 1536 in layer 14
2024-10-12 12:33:12,978 Gathering metrics
2024-10-12 12:33:50,078 {'acc1': 0.8409653465346535, 'acc5': 0.96875, 'loss': 76.8073902875185, 'macs': 46050705384, 'params': 235086824, 'model_size': 896.7850646972656, 'inference_time': 0}
2024-10-12 12:33:50,115 Pruning 1792 in layer 14
2024-10-12 12:33:52,472 Gathering metrics
2024-10-12 12:34:29,258 {'acc1': 0.8369430693069307, 'acc5': 0.968440594059406, 'loss': 76.81896670162678, 'macs': 45947370216, 'params': 234562280, 'model_size': 894.7840881347656, 'inference_time': 0}
2024-10-12 12:34:29,284 Pruning 256 in layer 13
2024-10-12 12:34:34,757 Gathering metrics
2024-10-12 12:35:11,573 {'acc1': 0.8403465346534653, 'acc5': 0.969059405940594, 'loss': 76.6944580823183, 'macs': 45947370216, 'params': 234562280, 'model_size': 894.7840881347656, 'inference_time': 0}
2024-10-12 12:35:11,600 Pruning 512 in layer 13
2024-10-12 12:35:16,328 Gathering metrics
2024-10-12 12:35:53,262 {'acc1': 0.8391089108910891, 'acc5': 0.9681311881188119, 'loss': 76.60890178382397, 'macs': 45844035048, 'params': 234037736, 'model_size': 892.7831115722656, 'inference_time': 0}
2024-10-12 12:35:53,288 Pruning 768 in layer 13
2024-10-12 12:35:57,463 Gathering metrics
2024-10-12 12:36:34,354 {'acc1': 0.8375618811881188, 'acc5': 0.9668935643564357, 'loss': 76.50000683963299, 'macs': 45740699880, 'params': 233513192, 'model_size': 890.7821350097656, 'inference_time': 0}
2024-10-12 12:36:34,382 Pruning 1024 in layer 13
2024-10-12 12:36:37,995 Gathering metrics
2024-10-12 12:37:14,698 {'acc1': 0.8391089108910891, 'acc5': 0.9672029702970297, 'loss': 76.41835620999336, 'macs': 45637364712, 'params': 232988648, 'model_size': 888.7811584472656, 'inference_time': 0}
2024-10-12 12:37:14,725 Pruning 1280 in layer 13
2024-10-12 12:37:17,860 Gathering metrics
2024-10-12 12:37:54,749 {'acc1': 0.8397277227722773, 'acc5': 0.9662747524752475, 'loss': 76.31541331112385, 'macs': 45534029544, 'params': 232464104, 'model_size': 886.7801818847656, 'inference_time': 0}
2024-10-12 12:37:54,776 Pruning 1536 in layer 13
2024-10-12 12:37:57,519 Gathering metrics
2024-10-12 12:38:34,235 {'acc1': 0.838799504950495, 'acc5': 0.9672029702970297, 'loss': 76.2159592807293, 'macs': 45430694376, 'params': 231939560, 'model_size': 884.7792053222656, 'inference_time': 0}
2024-10-12 12:38:34,261 Pruning 1792 in layer 13
2024-10-12 12:38:36,575 Gathering metrics
2024-10-12 12:39:13,658 {'acc1': 0.8409653465346535, 'acc5': 0.9675123762376238, 'loss': 76.06238408386707, 'macs': 45327359208, 'params': 231415016, 'model_size': 882.7782287597656, 'inference_time': 0}
2024-10-12 12:39:13,687 Pruning 2048 in layer 13
2024-10-12 12:39:15,939 Gathering metrics
2024-10-12 12:39:52,597 {'acc1': 0.8391089108910891, 'acc5': 0.9668935643564357, 'loss': 76.01925593614578, 'macs': 45224024040, 'params': 230890472, 'model_size': 880.7772521972656, 'inference_time': 0}
2024-10-12 12:39:52,625 Pruning 2304 in layer 13
2024-10-12 12:39:54,313 Gathering metrics
2024-10-12 12:40:31,033 {'acc1': 0.838180693069307, 'acc5': 0.9672029702970297, 'loss': 75.94154018163681, 'macs': 45120688872, 'params': 230365928, 'model_size': 878.7762756347656, 'inference_time': 0}
2024-10-12 12:40:31,148 Pruning 2560 in layer 13
2024-10-12 12:40:32,565 Gathering metrics
2024-10-12 12:41:09,115 {'acc1': 0.8394183168316832, 'acc5': 0.9672029702970297, 'loss': 75.90434519946575, 'macs': 45017353704, 'params': 229841384, 'model_size': 876.7752990722656, 'inference_time': 0}
2024-10-12 12:41:09,142 Pruning 2816 in layer 13
2024-10-12 12:41:10,352 Gathering metrics
2024-10-12 12:41:47,037 {'acc1': 0.8394183168316832, 'acc5': 0.9668935643564357, 'loss': 75.80962218344212, 'macs': 44914018536, 'params': 229316840, 'model_size': 874.7743225097656, 'inference_time': 0}
2024-10-12 12:41:47,063 Pruning 3072 in layer 13
2024-10-12 12:41:48,096 Gathering metrics
2024-10-12 12:42:24,636 {'acc1': 0.8375618811881188, 'acc5': 0.9665841584158416, 'loss': 75.73981231451035, 'macs': 44810683368, 'params': 228792296, 'model_size': 872.7733459472656, 'inference_time': 0}
2024-10-12 12:42:24,663 Pruning 3328 in layer 13
2024-10-12 12:42:25,523 Gathering metrics
2024-10-12 12:43:02,166 {'acc1': 0.8366336633663366, 'acc5': 0.9665841584158416, 'loss': 75.72385814785957, 'macs': 44707348200, 'params': 228267752, 'model_size': 870.7723693847656, 'inference_time': 0}
2024-10-12 12:43:02,193 Pruning 256 in layer 12
2024-10-12 12:43:07,682 Gathering metrics
2024-10-12 12:43:44,251 {'acc1': 0.838490099009901, 'acc5': 0.9665841584158416, 'loss': 75.70493149757385, 'macs': 44707348200, 'params': 228267752, 'model_size': 870.7723693847656, 'inference_time': 0}
2024-10-12 12:43:44,277 Pruning 512 in layer 12
2024-10-12 12:43:49,014 Gathering metrics
2024-10-12 12:44:25,694 {'acc1': 0.8378712871287128, 'acc5': 0.9665841584158416, 'loss': 75.70221465826035, 'macs': 44604013032, 'params': 227743208, 'model_size': 868.7713928222656, 'inference_time': 0}
2024-10-12 12:44:25,723 Pruning 768 in layer 12
2024-10-12 12:44:30,139 Gathering metrics
2024-10-12 12:45:06,577 {'acc1': 0.8375618811881188, 'acc5': 0.9665841584158416, 'loss': 75.76236081123352, 'macs': 44500677864, 'params': 227218664, 'model_size': 866.7704162597656, 'inference_time': 0}
2024-10-12 12:45:06,607 Pruning 1024 in layer 12
2024-10-12 12:45:10,575 Gathering metrics
2024-10-12 12:45:47,228 {'acc1': 0.838180693069307, 'acc5': 0.9665841584158416, 'loss': 75.78565064072609, 'macs': 44397342696, 'params': 226694120, 'model_size': 864.7694396972656, 'inference_time': 0}
2024-10-12 12:45:47,254 Pruning 1280 in layer 12
2024-10-12 12:45:50,402 Gathering metrics
2024-10-12 12:46:26,569 {'acc1': 0.8378712871287128, 'acc5': 0.9647277227722773, 'loss': 75.88306792080402, 'macs': 44294007528, 'params': 226169576, 'model_size': 862.7684631347656, 'inference_time': 0}
2024-10-12 12:46:26,596 Pruning 1536 in layer 12
2024-10-12 12:46:29,331 Gathering metrics
2024-10-12 12:47:05,661 {'acc1': 0.838799504950495, 'acc5': 0.9650371287128713, 'loss': 76.06984581053257, 'macs': 44190672360, 'params': 225645032, 'model_size': 860.7674865722656, 'inference_time': 0}
2024-10-12 12:47:05,688 Pruning 1792 in layer 12
2024-10-12 12:47:08,026 Gathering metrics
2024-10-12 12:47:44,381 {'acc1': 0.838490099009901, 'acc5': 0.9647277227722773, 'loss': 75.98223851621151, 'macs': 44087337192, 'params': 225120488, 'model_size': 858.7665100097656, 'inference_time': 0}
2024-10-12 12:47:44,408 Pruning 2048 in layer 12
2024-10-12 12:47:46,394 Gathering metrics
2024-10-12 12:48:23,053 {'acc1': 0.838799504950495, 'acc5': 0.9653465346534653, 'loss': 76.07422280311584, 'macs': 43984002024, 'params': 224595944, 'model_size': 856.7655334472656, 'inference_time': 0}
2024-10-12 12:48:23,079 Pruning 2304 in layer 12
2024-10-12 12:48:24,781 Gathering metrics
2024-10-12 12:49:00,803 {'acc1': 0.8369430693069307, 'acc5': 0.9650371287128713, 'loss': 76.10251273214817, 'macs': 43880666856, 'params': 224071400, 'model_size': 854.7645568847656, 'inference_time': 0}
2024-10-12 12:49:00,830 Pruning 2560 in layer 12
2024-10-12 12:49:02,245 Gathering metrics
2024-10-12 12:49:38,516 {'acc1': 0.838490099009901, 'acc5': 0.9653465346534653, 'loss': 76.07624737918377, 'macs': 43777331688, 'params': 223546856, 'model_size': 852.7635803222656, 'inference_time': 0}
2024-10-12 12:49:38,632 Pruning 2816 in layer 12
2024-10-12 12:49:39,834 Gathering metrics
2024-10-12 12:50:15,920 {'acc1': 0.838490099009901, 'acc5': 0.9659653465346535, 'loss': 76.04237732291222, 'macs': 43673996520, 'params': 223022312, 'model_size': 850.7626037597656, 'inference_time': 0}
2024-10-12 12:50:15,947 Pruning 3072 in layer 12
2024-10-12 12:50:16,972 Gathering metrics
2024-10-12 12:50:53,327 {'acc1': 0.838180693069307, 'acc5': 0.9647277227722773, 'loss': 75.96537140756845, 'macs': 43570661352, 'params': 222497768, 'model_size': 848.7616271972656, 'inference_time': 0}
2024-10-12 12:50:53,355 Pruning 3328 in layer 12
2024-10-12 12:50:54,210 Gathering metrics
2024-10-12 12:51:30,380 {'acc1': 0.838180693069307, 'acc5': 0.963799504950495, 'loss': 76.05165007710457, 'macs': 43467326184, 'params': 221973224, 'model_size': 846.7606506347656, 'inference_time': 0}
2024-10-12 12:51:30,410 Pruning 3584 in layer 12
2024-10-12 12:51:31,278 Gathering metrics
2024-10-12 12:52:07,487 {'acc1': 0.838490099009901, 'acc5': 0.9644183168316832, 'loss': 76.0865606367588, 'macs': 43363991016, 'params': 221448680, 'model_size': 844.7596740722656, 'inference_time': 0}
2024-10-12 12:52:07,514 Pruning 3840 in layer 12
2024-10-12 12:52:08,094 Gathering metrics
2024-10-12 12:52:43,790 {'acc1': 0.838799504950495, 'acc5': 0.9647277227722773, 'loss': 76.2494642585516, 'macs': 43260655848, 'params': 220924136, 'model_size': 842.7586975097656, 'inference_time': 0}
2024-10-12 12:52:43,817 Pruning 256 in layer 11
2024-10-12 12:52:49,302 Gathering metrics
2024-10-12 12:53:25,060 {'acc1': 0.8369430693069307, 'acc5': 0.963799504950495, 'loss': 76.16063006222248, 'macs': 43260655848, 'params': 220924136, 'model_size': 842.7586975097656, 'inference_time': 0}
2024-10-12 12:53:25,087 Pruning 512 in layer 11
2024-10-12 12:53:29,837 Gathering metrics
2024-10-12 12:54:06,136 {'acc1': 0.8372524752475248, 'acc5': 0.9647277227722773, 'loss': 76.21313579380512, 'macs': 43157320680, 'params': 220399592, 'model_size': 840.7577209472656, 'inference_time': 0}
2024-10-12 12:54:06,163 Pruning 768 in layer 11
2024-10-12 12:54:10,343 Gathering metrics
2024-10-12 12:54:46,109 {'acc1': 0.838799504950495, 'acc5': 0.9650371287128713, 'loss': 76.41593617200851, 'macs': 43053985512, 'params': 219875048, 'model_size': 838.7567443847656, 'inference_time': 0}
2024-10-12 12:54:46,136 Pruning 1024 in layer 11
2024-10-12 12:54:49,733 Gathering metrics
2024-10-12 12:55:25,648 {'acc1': 0.838180693069307, 'acc5': 0.9650371287128713, 'loss': 76.50225146114826, 'macs': 42950650344, 'params': 219350504, 'model_size': 836.7557678222656, 'inference_time': 0}
2024-10-12 12:55:25,675 Pruning 1280 in layer 11
2024-10-12 12:55:28,807 Gathering metrics
2024-10-12 12:56:04,681 {'acc1': 0.8378712871287128, 'acc5': 0.9653465346534653, 'loss': 76.32930462062359, 'macs': 42847315176, 'params': 218825960, 'model_size': 834.7547912597656, 'inference_time': 0}
2024-10-12 12:56:04,708 Pruning 1536 in layer 11
2024-10-12 12:56:07,461 Gathering metrics
2024-10-12 12:56:43,366 {'acc1': 0.8397277227722773, 'acc5': 0.9641089108910891, 'loss': 76.45251551270485, 'macs': 42743980008, 'params': 218301416, 'model_size': 832.7538146972656, 'inference_time': 0}
2024-10-12 12:56:43,394 Pruning 1792 in layer 11
2024-10-12 12:56:45,742 Gathering metrics
2024-10-12 12:57:21,291 {'acc1': 0.838180693069307, 'acc5': 0.963799504950495, 'loss': 76.42579916864634, 'macs': 42640644840, 'params': 217776872, 'model_size': 830.7528381347656, 'inference_time': 0}
2024-10-12 12:57:21,318 Pruning 2048 in layer 11
2024-10-12 12:57:23,314 Gathering metrics
2024-10-12 12:57:59,304 {'acc1': 0.8391089108910891, 'acc5': 0.9641089108910891, 'loss': 76.41803847253323, 'macs': 42537309672, 'params': 217252328, 'model_size': 828.7518615722656, 'inference_time': 0}
2024-10-12 12:57:59,333 Pruning 2304 in layer 11
2024-10-12 12:58:01,278 Gathering metrics
2024-10-12 12:58:36,722 {'acc1': 0.838490099009901, 'acc5': 0.9641089108910891, 'loss': 76.60886226594448, 'macs': 42433974504, 'params': 216727784, 'model_size': 826.7508850097656, 'inference_time': 0}
2024-10-12 12:58:36,838 Pruning 2560 in layer 11
2024-10-12 12:58:38,276 Gathering metrics
2024-10-12 12:59:14,086 {'acc1': 0.8375618811881188, 'acc5': 0.9644183168316832, 'loss': 76.7335854768753, 'macs': 42330639336, 'params': 216203240, 'model_size': 824.7499084472656, 'inference_time': 0}
2024-10-12 12:59:14,113 Pruning 2816 in layer 11
2024-10-12 12:59:15,353 Gathering metrics
2024-10-12 12:59:50,895 {'acc1': 0.8369430693069307, 'acc5': 0.9659653465346535, 'loss': 76.90124580264091, 'macs': 42227304168, 'params': 215678696, 'model_size': 822.7489318847656, 'inference_time': 0}
2024-10-12 12:59:50,923 Pruning 3072 in layer 11
2024-10-12 12:59:51,942 Gathering metrics
2024-10-12 13:00:27,646 {'acc1': 0.8363242574257426, 'acc5': 0.9644183168316832, 'loss': 77.12569069117308, 'macs': 42123969000, 'params': 215154152, 'model_size': 820.7479553222656, 'inference_time': 0}
2024-10-12 13:00:27,672 Pruning 3328 in layer 11
2024-10-12 13:00:28,531 Gathering metrics
2024-10-12 13:01:03,729 {'acc1': 0.8353960396039604, 'acc5': 0.9647277227722773, 'loss': 77.15727169811726, 'macs': 42020633832, 'params': 214629608, 'model_size': 818.7469787597656, 'inference_time': 0}
2024-10-12 13:01:03,756 Pruning 3584 in layer 11
2024-10-12 13:01:04,469 Gathering metrics
2024-10-12 13:01:39,972 {'acc1': 0.8338490099009901, 'acc5': 0.9656559405940595, 'loss': 77.17732698470354, 'macs': 41917298664, 'params': 214105064, 'model_size': 816.7460021972656, 'inference_time': 0}
2024-10-12 13:01:40,002 Pruning 256 in layer 10
2024-10-12 13:01:45,851 Gathering metrics
2024-10-12 13:02:21,187 {'acc1': 0.8357054455445545, 'acc5': 0.9647277227722773, 'loss': 77.27436680346727, 'macs': 41917298664, 'params': 214105064, 'model_size': 816.7460021972656, 'inference_time': 0}
2024-10-12 13:02:21,214 Pruning 512 in layer 10
2024-10-12 13:02:25,935 Gathering metrics
2024-10-12 13:03:01,176 {'acc1': 0.8353960396039604, 'acc5': 0.9647277227722773, 'loss': 77.27504538744688, 'macs': 41813963496, 'params': 213580520, 'model_size': 814.7450256347656, 'inference_time': 0}
2024-10-12 13:03:01,203 Pruning 768 in layer 10
2024-10-12 13:03:05,381 Gathering metrics
2024-10-12 13:03:40,383 {'acc1': 0.8350866336633663, 'acc5': 0.9650371287128713, 'loss': 77.40554909408092, 'macs': 41710628328, 'params': 213055976, 'model_size': 812.7440490722656, 'inference_time': 0}
2024-10-12 13:03:40,410 Pruning 1024 in layer 10
2024-10-12 13:03:44,018 Gathering metrics
2024-10-12 13:04:19,190 {'acc1': 0.8353960396039604, 'acc5': 0.9647277227722773, 'loss': 77.43351644277573, 'macs': 41607293160, 'params': 212531432, 'model_size': 810.7430725097656, 'inference_time': 0}
2024-10-12 13:04:19,219 Pruning 1280 in layer 10
2024-10-12 13:04:22,656 Gathering metrics
2024-10-12 13:04:57,791 {'acc1': 0.8341584158415841, 'acc5': 0.9650371287128713, 'loss': 77.61761167645454, 'macs': 41503957992, 'params': 212006888, 'model_size': 808.7420959472656, 'inference_time': 0}
2024-10-12 13:04:57,818 Pruning 1536 in layer 10
2024-10-12 13:05:00,554 Gathering metrics
2024-10-12 13:05:35,527 {'acc1': 0.833230198019802, 'acc5': 0.9650371287128713, 'loss': 77.73762661963701, 'macs': 41400622824, 'params': 211482344, 'model_size': 806.7411193847656, 'inference_time': 0}
2024-10-12 13:05:35,557 Pruning 1792 in layer 10
2024-10-12 13:05:38,138 Gathering metrics
2024-10-12 13:06:13,200 {'acc1': 0.8329207920792079, 'acc5': 0.9647277227722773, 'loss': 77.85234013199806, 'macs': 41297287656, 'params': 210957800, 'model_size': 804.7401428222656, 'inference_time': 0}
2024-10-12 13:06:13,227 Pruning 2048 in layer 10
2024-10-12 13:06:15,186 Gathering metrics
2024-10-12 13:06:50,304 {'acc1': 0.8319925742574258, 'acc5': 0.9650371287128713, 'loss': 77.80229797959328, 'macs': 41193952488, 'params': 210433256, 'model_size': 802.7391662597656, 'inference_time': 0}
2024-10-12 13:06:50,330 Pruning 2304 in layer 10
2024-10-12 13:06:52,012 Gathering metrics
2024-10-12 13:07:26,813 {'acc1': 0.8323019801980198, 'acc5': 0.9647277227722773, 'loss': 77.87250474840403, 'macs': 41090617320, 'params': 209908712, 'model_size': 800.7381896972656, 'inference_time': 0}
2024-10-12 13:07:26,925 Pruning 2560 in layer 10
2024-10-12 13:07:28,336 Gathering metrics
2024-10-12 13:08:03,212 {'acc1': 0.8313737623762376, 'acc5': 0.9647277227722773, 'loss': 77.97752552479506, 'macs': 40987282152, 'params': 209384168, 'model_size': 798.7372131347656, 'inference_time': 0}
2024-10-12 13:08:03,241 Pruning 256 in layer 9
2024-10-12 13:08:09,081 Gathering metrics
2024-10-12 13:08:43,965 {'acc1': 0.8319925742574258, 'acc5': 0.9641089108910891, 'loss': 77.89859074354172, 'macs': 40987282152, 'params': 209384168, 'model_size': 798.7372131347656, 'inference_time': 0}
2024-10-12 13:08:43,994 Pruning 512 in layer 9
2024-10-12 13:08:49,094 Gathering metrics
2024-10-12 13:09:24,024 {'acc1': 0.8313737623762376, 'acc5': 0.9653465346534653, 'loss': 78.12462602555752, 'macs': 40883946984, 'params': 208859624, 'model_size': 796.7362365722656, 'inference_time': 0}
2024-10-12 13:09:24,052 Pruning 768 in layer 9
2024-10-12 13:09:28,202 Gathering metrics
2024-10-12 13:10:03,061 {'acc1': 0.8326113861386139, 'acc5': 0.9659653465346535, 'loss': 78.19797885417938, 'macs': 40780611816, 'params': 208335080, 'model_size': 794.7352600097656, 'inference_time': 0}
2024-10-12 13:10:03,088 Pruning 1024 in layer 9
2024-10-12 13:10:06,681 Gathering metrics
2024-10-12 13:10:41,550 {'acc1': 0.8326113861386139, 'acc5': 0.9647277227722773, 'loss': 78.34967879951, 'macs': 40677276648, 'params': 207810536, 'model_size': 792.7342834472656, 'inference_time': 0}
2024-10-12 13:10:41,576 Pruning 1280 in layer 9
2024-10-12 13:10:44,728 Gathering metrics
2024-10-12 13:11:19,320 {'acc1': 0.8313737623762376, 'acc5': 0.9644183168316832, 'loss': 78.565488897264, 'macs': 40573941480, 'params': 207285992, 'model_size': 790.7333068847656, 'inference_time': 0}
2024-10-12 13:11:19,347 Pruning 1536 in layer 9
2024-10-12 13:11:22,081 Gathering metrics
2024-10-12 13:11:56,657 {'acc1': 0.8323019801980198, 'acc5': 0.9644183168316832, 'loss': 78.6753656566143, 'macs': 40470606312, 'params': 206761448, 'model_size': 788.7323303222656, 'inference_time': 0}
2024-10-12 13:11:56,685 Pruning 1792 in layer 9
2024-10-12 13:11:59,002 Gathering metrics
2024-10-12 13:12:33,453 {'acc1': 0.8326113861386139, 'acc5': 0.9641089108910891, 'loss': 78.83306004106998, 'macs': 40367271144, 'params': 206236904, 'model_size': 786.7313537597656, 'inference_time': 0}
2024-10-12 13:12:33,480 Pruning 2048 in layer 9
2024-10-12 13:12:35,434 Gathering metrics
2024-10-12 13:13:09,967 {'acc1': 0.8329207920792079, 'acc5': 0.963799504950495, 'loss': 79.10245192050934, 'macs': 40263935976, 'params': 205712360, 'model_size': 784.7303771972656, 'inference_time': 0}
2024-10-12 13:13:09,994 Pruning 2304 in layer 9
2024-10-12 13:13:11,690 Gathering metrics
2024-10-12 13:13:46,163 {'acc1': 0.8319925742574258, 'acc5': 0.963490099009901, 'loss': 79.1665575504303, 'macs': 40160600808, 'params': 205187816, 'model_size': 782.7294006347656, 'inference_time': 0}
2024-10-12 13:13:46,189 Pruning 2560 in layer 9
2024-10-12 13:13:47,594 Gathering metrics
2024-10-12 13:14:22,150 {'acc1': 0.8313737623762376, 'acc5': 0.9644183168316832, 'loss': 79.43261558562517, 'macs': 40057265640, 'params': 204663272, 'model_size': 780.7284240722656, 'inference_time': 0}
2024-10-12 13:14:22,178 Pruning 2816 in layer 9
2024-10-12 13:14:23,393 Gathering metrics
2024-10-12 13:14:57,777 {'acc1': 0.8304455445544554, 'acc5': 0.963490099009901, 'loss': 79.87540653347969, 'macs': 39953930472, 'params': 204138728, 'model_size': 778.7274475097656, 'inference_time': 0}
2024-10-12 13:14:57,804 Pruning 3072 in layer 9
2024-10-12 13:14:58,822 Gathering metrics
2024-10-12 13:15:33,569 {'acc1': 0.8288985148514851, 'acc5': 0.963490099009901, 'loss': 80.18748807162046, 'macs': 39850595304, 'params': 203614184, 'model_size': 776.7264709472656, 'inference_time': 0}
2024-10-12 13:15:33,596 Pruning 3328 in layer 9
2024-10-12 13:15:34,457 Gathering metrics
2024-10-12 13:16:09,207 {'acc1': 0.8292079207920792, 'acc5': 0.9628712871287128, 'loss': 80.58729986101389, 'macs': 39747260136, 'params': 203089640, 'model_size': 774.7254943847656, 'inference_time': 0}
2024-10-12 13:16:09,321 Pruning 3584 in layer 9
2024-10-12 13:16:10,034 Gathering metrics
2024-10-12 13:16:44,618 {'acc1': 0.8292079207920792, 'acc5': 0.9603960396039604, 'loss': 80.9678517729044, 'macs': 39643924968, 'params': 202565096, 'model_size': 772.7245178222656, 'inference_time': 0}
2024-10-12 13:16:44,645 Pruning 3840 in layer 9
2024-10-12 13:16:45,221 Gathering metrics
2024-10-12 13:17:19,653 {'acc1': 0.8276608910891089, 'acc5': 0.9603960396039604, 'loss': 81.29134803265333, 'macs': 39540589800, 'params': 202040552, 'model_size': 770.7235412597656, 'inference_time': 0}
2024-10-12 13:17:19,680 Pruning 256 in layer 8
2024-10-12 13:17:25,134 Gathering metrics
2024-10-12 13:17:59,509 {'acc1': 0.8295173267326733, 'acc5': 0.9603960396039604, 'loss': 81.13208841532469, 'macs': 39540589800, 'params': 202040552, 'model_size': 770.7235412597656, 'inference_time': 0}
2024-10-12 13:17:59,536 Pruning 512 in layer 8
2024-10-12 13:18:04,281 Gathering metrics
2024-10-12 13:18:38,644 {'acc1': 0.8282797029702971, 'acc5': 0.9600866336633663, 'loss': 81.43104393780231, 'macs': 39437254632, 'params': 201516008, 'model_size': 768.7225646972656, 'inference_time': 0}
2024-10-12 13:18:38,672 Pruning 768 in layer 8
2024-10-12 13:18:42,833 Gathering metrics
2024-10-12 13:19:17,348 {'acc1': 0.8267326732673267, 'acc5': 0.9588490099009901, 'loss': 81.81722813844681, 'macs': 39333919464, 'params': 200991464, 'model_size': 766.7215881347656, 'inference_time': 0}
2024-10-12 13:19:17,376 Pruning 1024 in layer 8
2024-10-12 13:19:20,990 Gathering metrics
2024-10-12 13:19:54,966 {'acc1': 0.8251856435643564, 'acc5': 0.9594678217821783, 'loss': 82.09445768594742, 'macs': 39230584296, 'params': 200466920, 'model_size': 764.7206115722656, 'inference_time': 0}
2024-10-12 13:19:54,993 Pruning 256 in layer 7
2024-10-12 13:20:00,465 Gathering metrics
2024-10-12 13:20:34,604 {'acc1': 0.8267326732673267, 'acc5': 0.9579207920792079, 'loss': 81.80551624298096, 'macs': 39230584296, 'params': 200466920, 'model_size': 764.7206115722656, 'inference_time': 0}
2024-10-12 13:20:34,631 Pruning 512 in layer 7
2024-10-12 13:20:39,378 Gathering metrics
2024-10-12 13:21:13,366 {'acc1': 0.8261138613861386, 'acc5': 0.958230198019802, 'loss': 82.02745555341244, 'macs': 39127249128, 'params': 199942376, 'model_size': 762.7196350097656, 'inference_time': 0}
2024-10-12 13:21:13,392 Pruning 768 in layer 7
2024-10-12 13:21:17,552 Gathering metrics
2024-10-12 13:21:51,630 {'acc1': 0.8251856435643564, 'acc5': 0.9597772277227723, 'loss': 82.26791454851627, 'macs': 39023913960, 'params': 199417832, 'model_size': 760.7186584472656, 'inference_time': 0}
2024-10-12 13:21:51,658 Pruning 1024 in layer 7
2024-10-12 13:21:55,263 Gathering metrics
2024-10-12 13:22:29,414 {'acc1': 0.8233292079207921, 'acc5': 0.9600866336633663, 'loss': 81.89701569080353, 'macs': 38920578792, 'params': 198893288, 'model_size': 758.7176818847656, 'inference_time': 0}
2024-10-12 13:22:29,441 Pruning 1280 in layer 7
2024-10-12 13:22:32,583 Gathering metrics
2024-10-12 13:23:06,848 {'acc1': 0.8227103960396039, 'acc5': 0.9597772277227723, 'loss': 82.09601437300444, 'macs': 38817243624, 'params': 198368744, 'model_size': 756.7167053222656, 'inference_time': 0}
2024-10-12 13:23:06,875 Pruning 256 in layer 6
2024-10-12 13:23:12,327 Gathering metrics
2024-10-12 13:23:46,212 {'acc1': 0.8217821782178217, 'acc5': 0.9597772277227723, 'loss': 81.75626114010811, 'macs': 38817243624, 'params': 198368744, 'model_size': 756.7167053222656, 'inference_time': 0}
2024-10-12 13:23:46,327 Pruning 512 in layer 6
2024-10-12 13:23:51,071 Gathering metrics
2024-10-12 13:24:25,289 {'acc1': 0.823019801980198, 'acc5': 0.9588490099009901, 'loss': 81.49897838383913, 'macs': 38713908456, 'params': 197844200, 'model_size': 754.7157287597656, 'inference_time': 0}
2024-10-12 13:24:25,317 Pruning 768 in layer 6
2024-10-12 13:24:29,480 Gathering metrics
2024-10-12 13:25:03,621 {'acc1': 0.8217821782178217, 'acc5': 0.9579207920792079, 'loss': 81.39252136647701, 'macs': 38610573288, 'params': 197319656, 'model_size': 752.7147521972656, 'inference_time': 0}
2024-10-12 13:25:03,647 Pruning 1024 in layer 6
2024-10-12 13:25:07,248 Gathering metrics
2024-10-12 13:25:41,213 {'acc1': 0.8211633663366337, 'acc5': 0.958230198019802, 'loss': 81.1443503499031, 'macs': 38507238120, 'params': 196795112, 'model_size': 750.7137756347656, 'inference_time': 0}
2024-10-12 13:25:41,240 Pruning 1280 in layer 6
2024-10-12 13:25:44,385 Gathering metrics
2024-10-12 13:26:18,283 {'acc1': 0.8211633663366337, 'acc5': 0.9569925742574258, 'loss': 81.31598002463579, 'macs': 38403902952, 'params': 196270568, 'model_size': 748.7127990722656, 'inference_time': 0}
2024-10-12 13:26:18,310 Pruning 1536 in layer 6
2024-10-12 13:26:21,051 Gathering metrics
2024-10-12 13:26:54,903 {'acc1': 0.8205445544554455, 'acc5': 0.9573019801980198, 'loss': 81.01762188225985, 'macs': 38300567784, 'params': 195746024, 'model_size': 746.7118225097656, 'inference_time': 0}
2024-10-12 13:26:54,930 Pruning 1792 in layer 6
2024-10-12 13:26:57,256 Gathering metrics
2024-10-12 13:27:30,829 {'acc1': 0.8211633663366337, 'acc5': 0.9576113861386139, 'loss': 81.28950349241495, 'macs': 38197232616, 'params': 195221480, 'model_size': 744.7108459472656, 'inference_time': 0}
2024-10-12 13:27:30,856 Pruning 2048 in layer 6
2024-10-12 13:27:32,833 Gathering metrics
2024-10-12 13:28:06,684 {'acc1': 0.8202351485148515, 'acc5': 0.9569925742574258, 'loss': 81.35827869921923, 'macs': 38093897448, 'params': 194696936, 'model_size': 742.7098693847656, 'inference_time': 0}
2024-10-12 13:28:06,711 Pruning 2304 in layer 6
2024-10-12 13:28:08,398 Gathering metrics
2024-10-12 13:28:42,267 {'acc1': 0.8189975247524752, 'acc5': 0.9566831683168316, 'loss': 81.64017743617296, 'macs': 37990562280, 'params': 194172392, 'model_size': 740.7088928222656, 'inference_time': 0}
2024-10-12 13:28:42,294 Pruning 256 in layer 5
2024-10-12 13:28:47,749 Gathering metrics
2024-10-12 13:29:21,343 {'acc1': 0.8199257425742574, 'acc5': 0.9579207920792079, 'loss': 81.49534785747528, 'macs': 37990562280, 'params': 194172392, 'model_size': 740.7088928222656, 'inference_time': 0}
2024-10-12 13:29:21,370 Pruning 512 in layer 5
2024-10-12 13:29:26,111 Gathering metrics
2024-10-12 13:29:59,871 {'acc1': 0.8202351485148515, 'acc5': 0.9579207920792079, 'loss': 81.57302109897137, 'macs': 37887227112, 'params': 193647848, 'model_size': 738.7079162597656, 'inference_time': 0}
2024-10-12 13:29:59,899 Pruning 768 in layer 5
2024-10-12 13:30:04,055 Gathering metrics
2024-10-12 13:30:37,752 {'acc1': 0.8189975247524752, 'acc5': 0.9579207920792079, 'loss': 81.59963259845972, 'macs': 37783891944, 'params': 193123304, 'model_size': 736.7069396972656, 'inference_time': 0}
2024-10-12 13:30:37,780 Pruning 1024 in layer 5
2024-10-12 13:30:41,379 Gathering metrics
2024-10-12 13:31:15,029 {'acc1': 0.817759900990099, 'acc5': 0.9576113861386139, 'loss': 81.95671410113573, 'macs': 37680556776, 'params': 192598760, 'model_size': 734.7059631347656, 'inference_time': 0}
2024-10-12 13:31:15,055 Pruning 1280 in layer 5
2024-10-12 13:31:18,198 Gathering metrics
2024-10-12 13:31:51,992 {'acc1': 0.8171410891089109, 'acc5': 0.9569925742574258, 'loss': 82.2942198291421, 'macs': 37577221608, 'params': 192074216, 'model_size': 732.7049865722656, 'inference_time': 0}
2024-10-12 13:31:52,019 Pruning 1536 in layer 5
2024-10-12 13:31:54,753 Gathering metrics
2024-10-12 13:32:28,235 {'acc1': 0.8149752475247525, 'acc5': 0.9566831683168316, 'loss': 82.124472938478, 'macs': 37473886440, 'params': 191549672, 'model_size': 730.7040100097656, 'inference_time': 0}
2024-10-12 13:32:28,347 Pruning 256 in layer 4
2024-10-12 13:32:33,812 Gathering metrics
2024-10-12 13:33:07,423 {'acc1': 0.8159034653465347, 'acc5': 0.9573019801980198, 'loss': 82.47457195818424, 'macs': 37473886440, 'params': 191549672, 'model_size': 730.7040100097656, 'inference_time': 0}
2024-10-12 13:33:07,449 Pruning 512 in layer 4
2024-10-12 13:33:12,173 Gathering metrics
2024-10-12 13:33:45,791 {'acc1': 0.8143564356435643, 'acc5': 0.9554455445544554, 'loss': 82.53860399127007, 'macs': 37370551272, 'params': 191025128, 'model_size': 728.7030334472656, 'inference_time': 0}
2024-10-12 13:33:45,819 Pruning 768 in layer 4
2024-10-12 13:33:49,982 Gathering metrics
2024-10-12 13:34:23,404 {'acc1': 0.8143564356435643, 'acc5': 0.9557549504950495, 'loss': 82.64890048652887, 'macs': 37267216104, 'params': 190500584, 'model_size': 726.7020568847656, 'inference_time': 0}
2024-10-12 13:34:23,431 Pruning 1024 in layer 4
2024-10-12 13:34:27,048 Gathering metrics
2024-10-12 13:35:00,469 {'acc1': 0.8134282178217822, 'acc5': 0.9557549504950495, 'loss': 82.84050948172808, 'macs': 37163880936, 'params': 189976040, 'model_size': 724.7010803222656, 'inference_time': 0}
2024-10-12 13:35:00,496 Pruning 256 in layer 3
2024-10-12 13:35:05,969 Gathering metrics
2024-10-12 13:35:43,617 {'acc1': 0.8134282178217822, 'acc5': 0.9548267326732673, 'loss': 82.73106665164232, 'macs': 37163880936, 'params': 189976040, 'model_size': 724.7010803222656, 'inference_time': 0}
2024-10-12 13:35:43,657 Pruning 512 in layer 3
2024-10-12 13:35:48,867 Gathering metrics
2024-10-12 13:36:26,181 {'acc1': 0.8137376237623762, 'acc5': 0.9545173267326733, 'loss': 82.900454826653, 'macs': 37060545768, 'params': 189451496, 'model_size': 722.7001037597656, 'inference_time': 0}
2024-10-12 13:36:26,211 Pruning 768 in layer 3
2024-10-12 13:36:30,376 Gathering metrics
2024-10-12 13:37:03,824 {'acc1': 0.812809405940594, 'acc5': 0.9520420792079208, 'loss': 83.12141231447458, 'macs': 36957210600, 'params': 188926952, 'model_size': 720.6991271972656, 'inference_time': 0}
2024-10-12 13:37:03,851 Pruning 1024 in layer 3
2024-10-12 13:37:07,447 Gathering metrics
2024-10-12 13:37:40,939 {'acc1': 0.812190594059406, 'acc5': 0.9523514851485149, 'loss': 83.22644230723381, 'macs': 36853875432, 'params': 188402408, 'model_size': 718.6981506347656, 'inference_time': 0}
2024-10-12 13:37:40,966 Pruning 1280 in layer 3
2024-10-12 13:37:44,096 Gathering metrics
2024-10-12 13:38:17,538 {'acc1': 0.8109529702970297, 'acc5': 0.9529702970297029, 'loss': 83.37611506134272, 'macs': 36750540264, 'params': 187877864, 'model_size': 716.6971740722656, 'inference_time': 0}
2024-10-12 13:38:17,565 Pruning 1536 in layer 3
2024-10-12 13:38:20,301 Gathering metrics
2024-10-12 13:38:53,563 {'acc1': 0.8097153465346535, 'acc5': 0.9532797029702971, 'loss': 83.4482770934701, 'macs': 36647205096, 'params': 187353320, 'model_size': 714.6961975097656, 'inference_time': 0}
2024-10-12 13:38:53,593 Pruning 256 in layer 2
2024-10-12 13:38:59,416 Gathering metrics
2024-10-12 13:39:32,445 {'acc1': 0.8106435643564357, 'acc5': 0.9535891089108911, 'loss': 83.47502733767033, 'macs': 36647205096, 'params': 187353320, 'model_size': 714.6961975097656, 'inference_time': 0}
2024-10-12 13:39:32,473 Pruning 512 in layer 2
2024-10-12 13:39:37,212 Gathering metrics
2024-10-12 13:40:10,237 {'acc1': 0.8100247524752475, 'acc5': 0.9526608910891089, 'loss': 83.68166081607342, 'macs': 36543869928, 'params': 186828776, 'model_size': 712.6952209472656, 'inference_time': 0}
2024-10-12 13:40:10,265 Pruning 768 in layer 2
2024-10-12 13:40:14,441 Gathering metrics
2024-10-12 13:40:47,423 {'acc1': 0.8106435643564357, 'acc5': 0.9542079207920792, 'loss': 83.96975281089544, 'macs': 36440534760, 'params': 186304232, 'model_size': 710.6942443847656, 'inference_time': 0}
2024-10-12 13:40:47,538 Pruning 1024 in layer 2
2024-10-12 13:40:51,154 Gathering metrics
2024-10-12 13:41:24,303 {'acc1': 0.8094059405940595, 'acc5': 0.9538985148514851, 'loss': 84.1954645961523, 'macs': 36337199592, 'params': 185779688, 'model_size': 708.6932678222656, 'inference_time': 0}
2024-10-12 13:41:24,331 Pruning 1280 in layer 2
2024-10-12 13:41:27,487 Gathering metrics
2024-10-12 13:42:00,574 {'acc1': 0.8084777227722773, 'acc5': 0.9529702970297029, 'loss': 84.373814702034, 'macs': 36233864424, 'params': 185255144, 'model_size': 706.6922912597656, 'inference_time': 0}
2024-10-12 13:42:00,602 Pruning 1536 in layer 2
2024-10-12 13:42:03,340 Gathering metrics
2024-10-12 13:42:36,823 {'acc1': 0.807240099009901, 'acc5': 0.9532797029702971, 'loss': 84.74940891563892, 'macs': 36130529256, 'params': 184730600, 'model_size': 704.6913146972656, 'inference_time': 0}
2024-10-12 13:42:36,850 Pruning 256 in layer 1
2024-10-12 13:42:42,341 Gathering metrics
2024-10-12 13:43:16,837 {'acc1': 0.807549504950495, 'acc5': 0.9529702970297029, 'loss': 85.22349632531404, 'macs': 36130529256, 'params': 184730600, 'model_size': 704.6913146972656, 'inference_time': 0}
2024-10-12 13:43:16,867 Pruning 512 in layer 1
2024-10-12 13:43:21,992 Gathering metrics
2024-10-12 13:43:55,043 {'acc1': 0.8066212871287128, 'acc5': 0.9520420792079208, 'loss': 86.17017647624016, 'macs': 36027194088, 'params': 184206056, 'model_size': 702.6903381347656, 'inference_time': 0}
2024-10-12 13:43:55,071 Pruning 768 in layer 1
2024-10-12 13:43:59,234 Gathering metrics
2024-10-12 13:44:32,088 {'acc1': 0.8029084158415841, 'acc5': 0.9514232673267327, 'loss': 87.3795058131218, 'macs': 35923858920, 'params': 183681512, 'model_size': 700.6893615722656, 'inference_time': 0}
2024-10-12 13:44:32,115 Pruning 256 in layer 0
2024-10-12 13:44:37,579 Gathering metrics
2024-10-12 13:45:10,406 {'acc1': 0.8056930693069307, 'acc5': 0.9517326732673267, 'loss': 88.31081719696522, 'macs': 35923858920, 'params': 183681512, 'model_size': 700.6893615722656, 'inference_time': 0}
2024-10-12 13:45:10,433 Pruning 512 in layer 0
2024-10-12 13:45:15,163 Gathering metrics
2024-10-12 13:45:48,172 {'acc1': 0.7988861386138614, 'acc5': 0.9498762376237624, 'loss': 92.66554745286703, 'macs': 35820523752, 'params': 183156968, 'model_size': 698.6883850097656, 'inference_time': 0}
2024-10-12 13:45:48,189 Experiment finished
