2024-10-12 02:10:42,412 Starting experiment outputs/adaptive/vit_b_32/proj000
2024-10-12 02:10:42,412 Loading the original model
2024-10-12 02:10:42,841 Gathering metrics of the original model
2024-10-12 02:11:07,535 {'acc1': 0.8004331683168316, 'acc5': 0.943069306930693, 'loss': 90.91573594510555, 'macs': 4367292136, 'params': 88224232, 'model_size': 336.5487365722656, 'inference_time': 0}
2024-10-12 02:11:07,549 Pruning 128 in layer 11
2024-10-12 02:11:13,316 Gathering metrics
2024-10-12 02:11:37,336 {'acc1': 0.8001237623762376, 'acc5': 0.9433787128712872, 'loss': 88.49138095229864, 'macs': 4357455336, 'params': 88027496, 'model_size': 335.7982482910156, 'inference_time': 0}
2024-10-12 02:11:37,450 Pruning 256 in layer 11
2024-10-12 02:11:42,690 Gathering metrics
2024-10-12 02:12:06,460 {'acc1': 0.7976485148514851, 'acc5': 0.943069306930693, 'loss': 91.95578010752797, 'macs': 4347618536, 'params': 87830760, 'model_size': 335.0477600097656, 'inference_time': 0}
2024-10-12 02:12:06,474 Pruning 384 in layer 11
2024-10-12 02:12:11,215 Gathering metrics
2024-10-12 02:12:34,804 {'acc1': 0.7964108910891089, 'acc5': 0.9387376237623762, 'loss': 97.82020258530974, 'macs': 4337781736, 'params': 87634024, 'model_size': 334.2972717285156, 'inference_time': 0}
2024-10-12 02:12:34,819 Pruning 512 in layer 11
2024-10-12 02:12:38,981 Gathering metrics
2024-10-12 02:13:03,171 {'acc1': 0.7914603960396039, 'acc5': 0.9381188118811881, 'loss': 100.76009344309568, 'macs': 4327944936, 'params': 87437288, 'model_size': 333.5467834472656, 'inference_time': 0}
2024-10-12 02:13:03,185 Pruning 128 in layer 10
2024-10-12 02:13:08,889 Gathering metrics
2024-10-12 02:13:32,507 {'acc1': 0.7930074257425742, 'acc5': 0.937809405940594, 'loss': 100.44278183951974, 'macs': 4327944936, 'params': 87437288, 'model_size': 333.5467834472656, 'inference_time': 0}
2024-10-12 02:13:32,522 Pruning 256 in layer 10
2024-10-12 02:13:37,800 Gathering metrics
2024-10-12 02:14:02,179 {'acc1': 0.7902227722772277, 'acc5': 0.9365717821782178, 'loss': 104.93440420925617, 'macs': 4318108136, 'params': 87240552, 'model_size': 332.7962951660156, 'inference_time': 0}
2024-10-12 02:14:02,195 Pruning 384 in layer 10
2024-10-12 02:14:06,943 Gathering metrics
2024-10-12 02:14:30,490 {'acc1': 0.7843440594059405, 'acc5': 0.9337871287128713, 'loss': 110.99089007079601, 'macs': 4308271336, 'params': 87043816, 'model_size': 332.0458068847656, 'inference_time': 0}
2024-10-12 02:14:30,505 Pruning 128 in layer 9
2024-10-12 02:14:36,171 Gathering metrics
2024-10-12 02:14:59,689 {'acc1': 0.7883663366336634, 'acc5': 0.9365717821782178, 'loss': 105.99752189964056, 'macs': 4308271336, 'params': 87043816, 'model_size': 332.0458068847656, 'inference_time': 0}
2024-10-12 02:14:59,703 Pruning 256 in layer 9
2024-10-12 02:15:04,938 Gathering metrics
2024-10-12 02:15:29,052 {'acc1': 0.7855816831683168, 'acc5': 0.9359529702970297, 'loss': 107.14858698099852, 'macs': 4298434536, 'params': 86847080, 'model_size': 331.2953186035156, 'inference_time': 0}
2024-10-12 02:15:29,068 Pruning 384 in layer 9
2024-10-12 02:15:33,846 Gathering metrics
2024-10-12 02:15:57,660 {'acc1': 0.7834158415841584, 'acc5': 0.9356435643564357, 'loss': 107.7379243299365, 'macs': 4288597736, 'params': 86650344, 'model_size': 330.5448303222656, 'inference_time': 0}
2024-10-12 02:15:57,676 Pruning 512 in layer 9
2024-10-12 02:16:01,919 Gathering metrics
2024-10-12 02:16:25,724 {'acc1': 0.7837252475247525, 'acc5': 0.9362623762376238, 'loss': 108.34886199980974, 'macs': 4278760936, 'params': 86453608, 'model_size': 329.7943420410156, 'inference_time': 0}
2024-10-12 02:16:25,741 Pruning 640 in layer 9
2024-10-12 02:16:29,592 Gathering metrics
2024-10-12 02:16:53,542 {'acc1': 0.7803217821782178, 'acc5': 0.937190594059406, 'loss': 108.76934841275215, 'macs': 4268924136, 'params': 86256872, 'model_size': 329.0438537597656, 'inference_time': 0}
2024-10-12 02:16:53,560 Pruning 128 in layer 8
2024-10-12 02:16:59,589 Gathering metrics
2024-10-12 02:17:23,840 {'acc1': 0.7843440594059405, 'acc5': 0.9362623762376238, 'loss': 108.83214125037193, 'macs': 4268924136, 'params': 86256872, 'model_size': 329.0438537597656, 'inference_time': 0}
2024-10-12 02:17:23,854 Pruning 256 in layer 8
2024-10-12 02:17:29,151 Gathering metrics
2024-10-12 02:17:53,763 {'acc1': 0.7800123762376238, 'acc5': 0.9328589108910891, 'loss': 110.42850159108639, 'macs': 4259087336, 'params': 86060136, 'model_size': 328.2933654785156, 'inference_time': 0}
2024-10-12 02:17:53,778 Pruning 384 in layer 8
2024-10-12 02:17:58,566 Gathering metrics
2024-10-12 02:18:22,585 {'acc1': 0.7784653465346535, 'acc5': 0.9313118811881188, 'loss': 111.50610822439194, 'macs': 4249250536, 'params': 85863400, 'model_size': 327.5428771972656, 'inference_time': 0}
2024-10-12 02:18:22,602 Pruning 512 in layer 8
2024-10-12 02:18:27,102 Gathering metrics
2024-10-12 02:18:50,804 {'acc1': 0.775990099009901, 'acc5': 0.932549504950495, 'loss': 111.51353867352009, 'macs': 4239413736, 'params': 85666664, 'model_size': 326.7923889160156, 'inference_time': 0}
2024-10-12 02:18:50,820 Pruning 128 in layer 7
2024-10-12 02:18:56,540 Gathering metrics
2024-10-12 02:19:20,743 {'acc1': 0.7778465346534653, 'acc5': 0.931930693069307, 'loss': 111.6276291385293, 'macs': 4239413736, 'params': 85666664, 'model_size': 326.7923889160156, 'inference_time': 0}
2024-10-12 02:19:20,760 Pruning 256 in layer 7
2024-10-12 02:19:26,382 Gathering metrics
2024-10-12 02:19:50,065 {'acc1': 0.7781559405940595, 'acc5': 0.9303836633663366, 'loss': 111.94193474948406, 'macs': 4229576936, 'params': 85469928, 'model_size': 326.0419006347656, 'inference_time': 0}
2024-10-12 02:19:50,079 Pruning 384 in layer 7
2024-10-12 02:19:54,801 Gathering metrics
2024-10-12 02:20:18,667 {'acc1': 0.776299504950495, 'acc5': 0.9306930693069307, 'loss': 112.28301757574081, 'macs': 4219740136, 'params': 85273192, 'model_size': 325.2914123535156, 'inference_time': 0}
2024-10-12 02:20:18,682 Pruning 512 in layer 7
2024-10-12 02:20:23,090 Gathering metrics
2024-10-12 02:20:46,639 {'acc1': 0.7732054455445545, 'acc5': 0.9297648514851485, 'loss': 112.85623297840357, 'macs': 4209903336, 'params': 85076456, 'model_size': 324.5409240722656, 'inference_time': 0}
2024-10-12 02:20:46,653 Pruning 640 in layer 7
2024-10-12 02:20:50,492 Gathering metrics
2024-10-12 02:21:13,929 {'acc1': 0.7713490099009901, 'acc5': 0.9306930693069307, 'loss': 113.64810470491648, 'macs': 4200066536, 'params': 84879720, 'model_size': 323.7904357910156, 'inference_time': 0}
2024-10-12 02:21:13,944 Pruning 128 in layer 6
2024-10-12 02:21:19,637 Gathering metrics
2024-10-12 02:21:43,384 {'acc1': 0.7732054455445545, 'acc5': 0.9313118811881188, 'loss': 112.99788536131382, 'macs': 4200066536, 'params': 84879720, 'model_size': 323.7904357910156, 'inference_time': 0}
2024-10-12 02:21:43,398 Pruning 256 in layer 6
2024-10-12 02:21:48,701 Gathering metrics
2024-10-12 02:22:12,361 {'acc1': 0.7716584158415841, 'acc5': 0.9297648514851485, 'loss': 113.49734462797642, 'macs': 4190229736, 'params': 84682984, 'model_size': 323.0399475097656, 'inference_time': 0}
2024-10-12 02:22:12,375 Pruning 384 in layer 6
2024-10-12 02:22:17,096 Gathering metrics
2024-10-12 02:22:40,763 {'acc1': 0.7732054455445545, 'acc5': 0.9300742574257426, 'loss': 114.34543387591839, 'macs': 4180392936, 'params': 84486248, 'model_size': 322.2894592285156, 'inference_time': 0}
2024-10-12 02:22:40,777 Pruning 512 in layer 6
2024-10-12 02:22:44,955 Gathering metrics
2024-10-12 02:23:08,271 {'acc1': 0.7750618811881188, 'acc5': 0.9285272277227723, 'loss': 114.19275022298098, 'macs': 4170556136, 'params': 84289512, 'model_size': 321.5389709472656, 'inference_time': 0}
2024-10-12 02:23:08,285 Pruning 640 in layer 6
2024-10-12 02:23:12,102 Gathering metrics
2024-10-12 02:23:35,366 {'acc1': 0.7722772277227723, 'acc5': 0.926980198019802, 'loss': 115.07235463708639, 'macs': 4160719336, 'params': 84092776, 'model_size': 320.7884826660156, 'inference_time': 0}
2024-10-12 02:23:35,380 Pruning 768 in layer 6
2024-10-12 02:23:38,824 Gathering metrics
2024-10-12 02:24:02,694 {'acc1': 0.7728960396039604, 'acc5': 0.9266707920792079, 'loss': 115.20971354842186, 'macs': 4150882536, 'params': 83896040, 'model_size': 320.0379943847656, 'inference_time': 0}
2024-10-12 02:24:02,710 Pruning 896 in layer 6
2024-10-12 02:24:05,651 Gathering metrics
2024-10-12 02:24:28,850 {'acc1': 0.7728960396039604, 'acc5': 0.9248143564356436, 'loss': 116.47196588665247, 'macs': 4141045736, 'params': 83699304, 'model_size': 319.2875061035156, 'inference_time': 0}
2024-10-12 02:24:28,864 Pruning 1024 in layer 6
2024-10-12 02:24:31,435 Gathering metrics
2024-10-12 02:24:55,399 {'acc1': 0.7667079207920792, 'acc5': 0.9266707920792079, 'loss': 116.63196066021919, 'macs': 4131208936, 'params': 83502568, 'model_size': 318.5370178222656, 'inference_time': 0}
2024-10-12 02:24:55,413 Pruning 1152 in layer 6
2024-10-12 02:24:57,674 Gathering metrics
2024-10-12 02:25:20,713 {'acc1': 0.7645420792079208, 'acc5': 0.9245049504950495, 'loss': 117.64281688630581, 'macs': 4121372136, 'params': 83305832, 'model_size': 317.7865295410156, 'inference_time': 0}
2024-10-12 02:25:20,729 Pruning 128 in layer 5
2024-10-12 02:25:26,394 Gathering metrics
2024-10-12 02:25:50,309 {'acc1': 0.7636138613861386, 'acc5': 0.9241955445544554, 'loss': 117.835005402565, 'macs': 4121372136, 'params': 83305832, 'model_size': 317.7865295410156, 'inference_time': 0}
2024-10-12 02:25:50,324 Pruning 256 in layer 5
2024-10-12 02:25:55,579 Gathering metrics
2024-10-12 02:26:18,973 {'acc1': 0.760519801980198, 'acc5': 0.9223391089108911, 'loss': 118.89930851757526, 'macs': 4111535336, 'params': 83109096, 'model_size': 317.0360412597656, 'inference_time': 0}
2024-10-12 02:26:18,989 Pruning 384 in layer 5
2024-10-12 02:26:23,701 Gathering metrics
2024-10-12 02:26:46,453 {'acc1': 0.7611386138613861, 'acc5': 0.9176980198019802, 'loss': 120.27684958279133, 'macs': 4101698536, 'params': 82912360, 'model_size': 316.2855529785156, 'inference_time': 0}
2024-10-12 02:26:46,468 Pruning 512 in layer 5
2024-10-12 02:26:50,661 Gathering metrics
2024-10-12 02:27:13,857 {'acc1': 0.760519801980198, 'acc5': 0.9183168316831684, 'loss': 121.22847448289394, 'macs': 4091861736, 'params': 82715624, 'model_size': 315.5350646972656, 'inference_time': 0}
2024-10-12 02:27:13,871 Pruning 640 in layer 5
2024-10-12 02:27:17,676 Gathering metrics
2024-10-12 02:27:41,342 {'acc1': 0.7580445544554455, 'acc5': 0.9176980198019802, 'loss': 122.41682977974415, 'macs': 4082024936, 'params': 82518888, 'model_size': 314.7845764160156, 'inference_time': 0}
2024-10-12 02:27:41,358 Pruning 128 in layer 4
2024-10-12 02:27:47,038 Gathering metrics
2024-10-12 02:28:10,702 {'acc1': 0.7577351485148515, 'acc5': 0.9180074257425742, 'loss': 122.15722496807575, 'macs': 4082024936, 'params': 82518888, 'model_size': 314.7845764160156, 'inference_time': 0}
2024-10-12 02:28:10,716 Pruning 256 in layer 4
2024-10-12 02:28:15,972 Gathering metrics
2024-10-12 02:28:39,105 {'acc1': 0.7527846534653465, 'acc5': 0.9155321782178217, 'loss': 123.30068746209145, 'macs': 4072188136, 'params': 82322152, 'model_size': 314.0340881347656, 'inference_time': 0}
2024-10-12 02:28:39,221 Pruning 128 in layer 3
2024-10-12 02:28:44,872 Gathering metrics
2024-10-12 02:29:08,119 {'acc1': 0.7527846534653465, 'acc5': 0.916769801980198, 'loss': 122.84826721251011, 'macs': 4072188136, 'params': 82322152, 'model_size': 314.0340881347656, 'inference_time': 0}
2024-10-12 02:29:08,134 Pruning 256 in layer 3
2024-10-12 02:29:13,393 Gathering metrics
2024-10-12 02:29:36,792 {'acc1': 0.7487623762376238, 'acc5': 0.9164603960396039, 'loss': 124.93396492302418, 'macs': 4062351336, 'params': 82125416, 'model_size': 313.2835998535156, 'inference_time': 0}
2024-10-12 02:29:36,806 Pruning 128 in layer 2
2024-10-12 02:29:42,487 Gathering metrics
2024-10-12 02:30:05,708 {'acc1': 0.75, 'acc5': 0.9155321782178217, 'loss': 123.73049104213715, 'macs': 4062351336, 'params': 82125416, 'model_size': 313.2835998535156, 'inference_time': 0}
2024-10-12 02:30:05,724 Pruning 256 in layer 2
2024-10-12 02:30:11,004 Gathering metrics
2024-10-12 02:30:34,617 {'acc1': 0.7487623762376238, 'acc5': 0.9155321782178217, 'loss': 124.84350176155567, 'macs': 4052514536, 'params': 81928680, 'model_size': 312.5331115722656, 'inference_time': 0}
2024-10-12 02:30:34,633 Pruning 384 in layer 2
2024-10-12 02:30:39,412 Gathering metrics
2024-10-12 02:31:05,090 {'acc1': 0.7441212871287128, 'acc5': 0.9105816831683168, 'loss': 127.63241778314114, 'macs': 4042677736, 'params': 81731944, 'model_size': 311.7826232910156, 'inference_time': 0}
2024-10-12 02:31:05,104 Pruning 128 in layer 1
2024-10-12 02:31:10,798 Gathering metrics
2024-10-12 02:31:33,913 {'acc1': 0.7233910891089109, 'acc5': 0.8944925742574258, 'loss': 141.63325376808643, 'macs': 4042677736, 'params': 81731944, 'model_size': 311.7826232910156, 'inference_time': 0}
2024-10-12 02:31:33,928 Pruning 128 in layer 0
2024-10-12 02:31:39,572 Gathering metrics
2024-10-12 02:32:02,922 {'acc1': 0.7410272277227723, 'acc5': 0.911200495049505, 'loss': 130.7989099919796, 'macs': 4042677736, 'params': 81731944, 'model_size': 311.7826232910156, 'inference_time': 0}
2024-10-12 02:32:02,937 Experiment finished
