2024-10-14 02:13:41,966 Starting experiment outputs/adaptive/vit_h_14/proj550
2024-10-14 02:13:41,966 Loading the original model
2024-10-14 02:13:44,678 Gathering metrics of the original model
2024-10-14 02:16:05,535 {'acc1': 0.9634615384615385, 'acc5': 0.9951923076923077, 'loss': 10.94629063270986, 'macs': 863467906280, 'params': 633470440, 'model_size': 2416.4979553222656, 'inference_time': 0}
2024-10-14 02:16:05,568 Pruning 512 in layer 0
2024-10-14 02:16:17,464 Gathering metrics
2024-10-14 02:18:37,293 {'acc1': 0.9625, 'acc5': 0.9951923076923077, 'loss': 11.07469357829541, 'macs': 861671518440, 'params': 632159208, 'model_size': 2411.4960021972656, 'inference_time': 0}
2024-10-14 02:18:37,329 Pruning 1024 in layer 0
2024-10-14 02:18:46,866 Gathering metrics
2024-10-14 02:21:06,623 {'acc1': 0.9615384615384616, 'acc5': 0.9951923076923077, 'loss': 11.123173262923956, 'macs': 859875130600, 'params': 630847976, 'model_size': 2406.4940490722656, 'inference_time': 0}
2024-10-14 02:21:06,655 Pruning 1536 in layer 0
2024-10-14 02:21:14,031 Gathering metrics
2024-10-14 02:23:33,427 {'acc1': 0.9605769230769231, 'acc5': 0.9951923076923077, 'loss': 10.899367092177272, 'macs': 858078742760, 'params': 629536744, 'model_size': 2401.4920959472656, 'inference_time': 0}
2024-10-14 02:23:33,460 Pruning 2048 in layer 0
2024-10-14 02:23:39,126 Gathering metrics
2024-10-14 02:25:58,375 {'acc1': 0.9625, 'acc5': 0.9942307692307693, 'loss': 10.674267118796706, 'macs': 856282354920, 'params': 628225512, 'model_size': 2396.4901428222656, 'inference_time': 0}
2024-10-14 02:25:58,407 Pruning 2560 in layer 0
2024-10-14 02:26:02,728 Gathering metrics
2024-10-14 02:28:21,788 {'acc1': 0.9653846153846154, 'acc5': 0.9951923076923077, 'loss': 10.761243526823819, 'macs': 854485967080, 'params': 626914280, 'model_size': 2391.4881896972656, 'inference_time': 0}
2024-10-14 02:28:21,821 Pruning 3072 in layer 0
2024-10-14 02:28:25,177 Gathering metrics
2024-10-14 02:30:44,076 {'acc1': 0.9557692307692308, 'acc5': 0.9961538461538462, 'loss': 10.967434870544821, 'macs': 852689579240, 'params': 625603048, 'model_size': 2386.4862365722656, 'inference_time': 0}
2024-10-14 02:30:44,109 Pruning 512 in layer 1
2024-10-14 02:30:55,994 Gathering metrics
2024-10-14 02:33:14,972 {'acc1': 0.9586538461538462, 'acc5': 0.9951923076923077, 'loss': 11.118595343083143, 'macs': 852689579240, 'params': 625603048, 'model_size': 2386.4862365722656, 'inference_time': 0}
2024-10-14 02:33:15,005 Pruning 512 in layer 2
2024-10-14 02:33:26,915 Gathering metrics
2024-10-14 02:35:45,889 {'acc1': 0.9605769230769231, 'acc5': 0.9942307692307693, 'loss': 10.804117771796882, 'macs': 852689579240, 'params': 625603048, 'model_size': 2386.4862365722656, 'inference_time': 0}
2024-10-14 02:35:46,006 Pruning 512 in layer 3
2024-10-14 02:35:57,835 Gathering metrics
2024-10-14 02:38:16,754 {'acc1': 0.9615384615384616, 'acc5': 0.9951923076923077, 'loss': 10.625391226261854, 'macs': 852689579240, 'params': 625603048, 'model_size': 2386.4862365722656, 'inference_time': 0}
2024-10-14 02:38:16,787 Pruning 512 in layer 4
2024-10-14 02:38:28,677 Gathering metrics
2024-10-14 02:40:47,537 {'acc1': 0.9615384615384616, 'acc5': 0.9951923076923077, 'loss': 10.760209541767836, 'macs': 852689579240, 'params': 625603048, 'model_size': 2386.4862365722656, 'inference_time': 0}
2024-10-14 02:40:47,571 Pruning 512 in layer 5
2024-10-14 02:40:59,475 Gathering metrics
2024-10-14 02:43:18,550 {'acc1': 0.9634615384615385, 'acc5': 0.9942307692307693, 'loss': 10.641988661140203, 'macs': 852689579240, 'params': 625603048, 'model_size': 2386.4862365722656, 'inference_time': 0}
2024-10-14 02:43:18,584 Pruning 1024 in layer 5
2024-10-14 02:43:28,107 Gathering metrics
2024-10-14 02:45:46,748 {'acc1': 0.9634615384615385, 'acc5': 0.9942307692307693, 'loss': 10.592041491996497, 'macs': 850893191400, 'params': 624291816, 'model_size': 2381.4842834472656, 'inference_time': 0}
2024-10-14 02:45:46,782 Pruning 1536 in layer 5
2024-10-14 02:45:54,177 Gathering metrics
2024-10-14 02:48:12,698 {'acc1': 0.9615384615384616, 'acc5': 0.9942307692307693, 'loss': 10.610603970009834, 'macs': 849096803560, 'params': 622980584, 'model_size': 2376.4823303222656, 'inference_time': 0}
2024-10-14 02:48:12,731 Pruning 512 in layer 6
2024-10-14 02:48:24,641 Gathering metrics
2024-10-14 02:50:43,069 {'acc1': 0.9596153846153846, 'acc5': 0.9942307692307693, 'loss': 10.583545685280114, 'macs': 849096803560, 'params': 622980584, 'model_size': 2376.4823303222656, 'inference_time': 0}
2024-10-14 02:50:43,103 Pruning 512 in layer 7
2024-10-14 02:50:55,018 Gathering metrics
2024-10-14 02:53:13,523 {'acc1': 0.9605769230769231, 'acc5': 0.9951923076923077, 'loss': 10.55182695761323, 'macs': 849096803560, 'params': 622980584, 'model_size': 2376.4823303222656, 'inference_time': 0}
2024-10-14 02:53:13,557 Pruning 1024 in layer 7
2024-10-14 02:53:23,102 Gathering metrics
2024-10-14 02:55:41,290 {'acc1': 0.9615384615384616, 'acc5': 0.9951923076923077, 'loss': 10.61505528865382, 'macs': 847300415720, 'params': 621669352, 'model_size': 2371.4803771972656, 'inference_time': 0}
2024-10-14 02:55:41,414 Pruning 1536 in layer 7
2024-10-14 02:55:48,716 Gathering metrics
2024-10-14 02:58:06,775 {'acc1': 0.9567307692307693, 'acc5': 0.9951923076923077, 'loss': 10.49068570509553, 'macs': 845504027880, 'params': 620358120, 'model_size': 2366.4784240722656, 'inference_time': 0}
2024-10-14 02:58:06,808 Pruning 512 in layer 8
2024-10-14 02:58:18,719 Gathering metrics
2024-10-14 03:00:36,596 {'acc1': 0.9586538461538462, 'acc5': 0.9942307692307693, 'loss': 10.542929778341204, 'macs': 845504027880, 'params': 620358120, 'model_size': 2366.4784240722656, 'inference_time': 0}
2024-10-14 03:00:36,637 Pruning 1024 in layer 8
2024-10-14 03:00:46,154 Gathering metrics
2024-10-14 03:03:04,055 {'acc1': 0.9596153846153846, 'acc5': 0.9951923076923077, 'loss': 10.508407741319388, 'macs': 843707640040, 'params': 619046888, 'model_size': 2361.4764709472656, 'inference_time': 0}
2024-10-14 03:03:04,089 Pruning 1536 in layer 8
2024-10-14 03:03:11,478 Gathering metrics
2024-10-14 03:05:29,134 {'acc1': 0.9605769230769231, 'acc5': 0.9961538461538462, 'loss': 10.368143730331212, 'macs': 841911252200, 'params': 617735656, 'model_size': 2356.4745178222656, 'inference_time': 0}
2024-10-14 03:05:29,167 Pruning 2048 in layer 8
2024-10-14 03:05:34,840 Gathering metrics
2024-10-14 03:07:52,158 {'acc1': 0.9557692307692308, 'acc5': 0.9961538461538462, 'loss': 10.577216476667672, 'macs': 840114864360, 'params': 616424424, 'model_size': 2351.4725646972656, 'inference_time': 0}
2024-10-14 03:07:52,191 Pruning 512 in layer 9
2024-10-14 03:08:04,061 Gathering metrics
2024-10-14 03:10:21,224 {'acc1': 0.9557692307692308, 'acc5': 0.9971153846153846, 'loss': 10.566472138743848, 'macs': 840114864360, 'params': 616424424, 'model_size': 2351.4725646972656, 'inference_time': 0}
2024-10-14 03:10:21,257 Pruning 512 in layer 10
2024-10-14 03:10:33,140 Gathering metrics
2024-10-14 03:12:50,644 {'acc1': 0.9586538461538462, 'acc5': 0.9961538461538462, 'loss': 10.680379139725119, 'macs': 840114864360, 'params': 616424424, 'model_size': 2351.4725646972656, 'inference_time': 0}
2024-10-14 03:12:50,677 Pruning 1024 in layer 10
2024-10-14 03:13:00,194 Gathering metrics
2024-10-14 03:15:17,544 {'acc1': 0.9538461538461539, 'acc5': 0.9961538461538462, 'loss': 10.81679759779945, 'macs': 838318476520, 'params': 615113192, 'model_size': 2346.4706115722656, 'inference_time': 0}
2024-10-14 03:15:17,663 Pruning 512 in layer 11
2024-10-14 03:15:29,478 Gathering metrics
2024-10-14 03:17:46,384 {'acc1': 0.9538461538461539, 'acc5': 0.9961538461538462, 'loss': 11.006531412247568, 'macs': 838318476520, 'params': 615113192, 'model_size': 2346.4706115722656, 'inference_time': 0}
2024-10-14 03:17:46,417 Pruning 512 in layer 12
2024-10-14 03:17:58,338 Gathering metrics
2024-10-14 03:20:15,553 {'acc1': 0.9538461538461539, 'acc5': 0.9961538461538462, 'loss': 10.830810589715838, 'macs': 838318476520, 'params': 615113192, 'model_size': 2346.4706115722656, 'inference_time': 0}
2024-10-14 03:20:15,586 Pruning 512 in layer 13
2024-10-14 03:20:27,480 Gathering metrics
2024-10-14 03:22:44,539 {'acc1': 0.9586538461538462, 'acc5': 0.9961538461538462, 'loss': 10.76172594120726, 'macs': 838318476520, 'params': 615113192, 'model_size': 2346.4706115722656, 'inference_time': 0}
2024-10-14 03:22:44,572 Pruning 1024 in layer 13
2024-10-14 03:22:54,096 Gathering metrics
2024-10-14 03:25:10,975 {'acc1': 0.9567307692307693, 'acc5': 0.9961538461538462, 'loss': 10.841121149482206, 'macs': 836522088680, 'params': 613801960, 'model_size': 2341.4686584472656, 'inference_time': 0}
2024-10-14 03:25:11,008 Pruning 1536 in layer 13
2024-10-14 03:25:18,399 Gathering metrics
2024-10-14 03:27:35,079 {'acc1': 0.9567307692307693, 'acc5': 0.9961538461538462, 'loss': 10.929274850990623, 'macs': 834725700840, 'params': 612490728, 'model_size': 2336.4667053222656, 'inference_time': 0}
2024-10-14 03:27:35,116 Pruning 2048 in layer 13
2024-10-14 03:27:40,776 Gathering metrics
2024-10-14 03:29:57,359 {'acc1': 0.9557692307692308, 'acc5': 0.9961538461538462, 'loss': 10.910359244095162, 'macs': 832929313000, 'params': 611179496, 'model_size': 2331.4647521972656, 'inference_time': 0}
2024-10-14 03:29:57,393 Pruning 2560 in layer 13
2024-10-14 03:30:01,728 Gathering metrics
2024-10-14 03:32:17,979 {'acc1': 0.9538461538461539, 'acc5': 0.9961538461538462, 'loss': 11.045781636377797, 'macs': 831132925160, 'params': 609868264, 'model_size': 2326.4627990722656, 'inference_time': 0}
2024-10-14 03:32:18,013 Pruning 512 in layer 14
2024-10-14 03:32:29,895 Gathering metrics
2024-10-14 03:34:46,247 {'acc1': 0.9557692307692308, 'acc5': 0.9961538461538462, 'loss': 10.9500915564131, 'macs': 831132925160, 'params': 609868264, 'model_size': 2326.4627990722656, 'inference_time': 0}
2024-10-14 03:34:46,280 Pruning 1024 in layer 14
2024-10-14 03:34:55,806 Gathering metrics
2024-10-14 03:37:11,886 {'acc1': 0.9567307692307693, 'acc5': 0.9961538461538462, 'loss': 10.91255447268486, 'macs': 829336537320, 'params': 608557032, 'model_size': 2321.4608459472656, 'inference_time': 0}
2024-10-14 03:37:12,011 Pruning 1536 in layer 14
2024-10-14 03:37:19,324 Gathering metrics
2024-10-14 03:39:35,253 {'acc1': 0.9576923076923077, 'acc5': 0.9961538461538462, 'loss': 11.097023646812886, 'macs': 827540149480, 'params': 607245800, 'model_size': 2316.4588928222656, 'inference_time': 0}
2024-10-14 03:39:35,287 Pruning 2048 in layer 14
2024-10-14 03:39:40,947 Gathering metrics
2024-10-14 03:41:56,703 {'acc1': 0.9538461538461539, 'acc5': 0.9961538461538462, 'loss': 11.072752336738631, 'macs': 825743761640, 'params': 605934568, 'model_size': 2311.4569396972656, 'inference_time': 0}
2024-10-14 03:41:56,737 Pruning 2560 in layer 14
2024-10-14 03:42:01,081 Gathering metrics
2024-10-14 03:44:16,464 {'acc1': 0.9538461538461539, 'acc5': 0.9951923076923077, 'loss': 11.101645920192823, 'macs': 823947373800, 'params': 604623336, 'model_size': 2306.4549865722656, 'inference_time': 0}
2024-10-14 03:44:16,498 Pruning 3072 in layer 14
2024-10-14 03:44:19,845 Gathering metrics
2024-10-14 03:46:35,143 {'acc1': 0.9548076923076924, 'acc5': 0.9951923076923077, 'loss': 11.381622372427955, 'macs': 822150985960, 'params': 603312104, 'model_size': 2301.4530334472656, 'inference_time': 0}
2024-10-14 03:46:35,176 Pruning 3584 in layer 14
2024-10-14 03:46:37,589 Gathering metrics
2024-10-14 03:48:52,509 {'acc1': 0.9528846153846153, 'acc5': 0.9942307692307693, 'loss': 11.743969421833754, 'macs': 820354598120, 'params': 602000872, 'model_size': 2296.4510803222656, 'inference_time': 0}
2024-10-14 03:48:52,542 Pruning 4096 in layer 14
2024-10-14 03:48:54,356 Gathering metrics
2024-10-14 03:51:08,967 {'acc1': 0.9519230769230769, 'acc5': 0.9961538461538462, 'loss': 12.08709015045315, 'macs': 818558210280, 'params': 600689640, 'model_size': 2291.4491271972656, 'inference_time': 0}
2024-10-14 03:51:09,000 Pruning 512 in layer 15
2024-10-14 03:51:20,841 Gathering metrics
2024-10-14 03:53:35,684 {'acc1': 0.9509615384615384, 'acc5': 0.9951923076923077, 'loss': 11.89609286072664, 'macs': 818558210280, 'params': 600689640, 'model_size': 2291.4491271972656, 'inference_time': 0}
2024-10-14 03:53:35,717 Pruning 1024 in layer 15
2024-10-14 03:53:45,217 Gathering metrics
2024-10-14 03:55:59,654 {'acc1': 0.9509615384615384, 'acc5': 0.9942307692307693, 'loss': 11.936109269037843, 'macs': 816761822440, 'params': 599378408, 'model_size': 2286.4471740722656, 'inference_time': 0}
2024-10-14 03:55:59,688 Pruning 1536 in layer 15
2024-10-14 03:56:07,063 Gathering metrics
2024-10-14 03:58:21,258 {'acc1': 0.9451923076923077, 'acc5': 0.9942307692307693, 'loss': 12.224707504967228, 'macs': 814965434600, 'params': 598067176, 'model_size': 2281.4452209472656, 'inference_time': 0}
2024-10-14 03:58:21,291 Pruning 512 in layer 16
2024-10-14 03:58:33,198 Gathering metrics
2024-10-14 04:00:47,478 {'acc1': 0.9471153846153846, 'acc5': 0.9932692307692308, 'loss': 12.19755085092038, 'macs': 814965434600, 'params': 598067176, 'model_size': 2281.4452209472656, 'inference_time': 0}
2024-10-14 04:00:47,597 Pruning 512 in layer 17
2024-10-14 04:00:59,437 Gathering metrics
2024-10-14 04:03:13,668 {'acc1': 0.9490384615384615, 'acc5': 0.9942307692307693, 'loss': 12.225174078252167, 'macs': 814965434600, 'params': 598067176, 'model_size': 2281.4452209472656, 'inference_time': 0}
2024-10-14 04:03:13,701 Pruning 1024 in layer 17
2024-10-14 04:03:23,208 Gathering metrics
2024-10-14 04:05:37,270 {'acc1': 0.9490384615384615, 'acc5': 0.9942307692307693, 'loss': 12.347776122624055, 'macs': 813169046760, 'params': 596755944, 'model_size': 2276.4432678222656, 'inference_time': 0}
2024-10-14 04:05:37,304 Pruning 1536 in layer 17
2024-10-14 04:05:44,721 Gathering metrics
2024-10-14 04:07:58,604 {'acc1': 0.948076923076923, 'acc5': 0.9932692307692308, 'loss': 12.371024202788249, 'macs': 811372658920, 'params': 595444712, 'model_size': 2271.4413146972656, 'inference_time': 0}
2024-10-14 04:07:58,638 Pruning 2048 in layer 17
2024-10-14 04:08:04,291 Gathering metrics
2024-10-14 04:10:17,998 {'acc1': 0.9471153846153846, 'acc5': 0.9942307692307693, 'loss': 12.493471942143515, 'macs': 809576271080, 'params': 594133480, 'model_size': 2266.4393615722656, 'inference_time': 0}
2024-10-14 04:10:18,032 Pruning 512 in layer 18
2024-10-14 04:10:29,891 Gathering metrics
2024-10-14 04:12:43,570 {'acc1': 0.948076923076923, 'acc5': 0.9932692307692308, 'loss': 12.799888201989233, 'macs': 809576271080, 'params': 594133480, 'model_size': 2266.4393615722656, 'inference_time': 0}
2024-10-14 04:12:43,604 Pruning 1024 in layer 18
2024-10-14 04:12:53,146 Gathering metrics
2024-10-14 04:15:06,565 {'acc1': 0.9461538461538461, 'acc5': 0.9932692307692308, 'loss': 13.093758437316865, 'macs': 807779883240, 'params': 592822248, 'model_size': 2261.4374084472656, 'inference_time': 0}
2024-10-14 04:15:06,599 Pruning 1536 in layer 18
2024-10-14 04:15:13,972 Gathering metrics
2024-10-14 04:17:27,092 {'acc1': 0.9490384615384615, 'acc5': 0.9942307692307693, 'loss': 13.241279110312462, 'macs': 805983495400, 'params': 591511016, 'model_size': 2256.4354553222656, 'inference_time': 0}
2024-10-14 04:17:27,127 Pruning 2048 in layer 18
2024-10-14 04:17:32,776 Gathering metrics
2024-10-14 04:19:45,843 {'acc1': 0.9442307692307692, 'acc5': 0.9942307692307693, 'loss': 13.493752742186189, 'macs': 804187107560, 'params': 590199784, 'model_size': 2251.4335021972656, 'inference_time': 0}
2024-10-14 04:19:45,876 Pruning 512 in layer 19
2024-10-14 04:19:57,787 Gathering metrics
2024-10-14 04:22:10,666 {'acc1': 0.9461538461538461, 'acc5': 0.9942307692307693, 'loss': 13.74568358855322, 'macs': 804187107560, 'params': 590199784, 'model_size': 2251.4335021972656, 'inference_time': 0}
2024-10-14 04:22:10,788 Pruning 1024 in layer 19
2024-10-14 04:22:20,275 Gathering metrics
2024-10-14 04:24:33,268 {'acc1': 0.9413461538461538, 'acc5': 0.9942307692307693, 'loss': 13.939039388904348, 'macs': 802390719720, 'params': 588888552, 'model_size': 2246.4315490722656, 'inference_time': 0}
2024-10-14 04:24:33,302 Pruning 512 in layer 20
2024-10-14 04:24:45,183 Gathering metrics
2024-10-14 04:26:57,819 {'acc1': 0.9451923076923077, 'acc5': 0.9942307692307693, 'loss': 13.84704596339725, 'macs': 802390719720, 'params': 588888552, 'model_size': 2246.4315490722656, 'inference_time': 0}
2024-10-14 04:26:57,852 Pruning 1024 in layer 20
2024-10-14 04:27:07,376 Gathering metrics
2024-10-14 04:29:19,874 {'acc1': 0.9432692307692307, 'acc5': 0.9932692307692308, 'loss': 14.034661379642785, 'macs': 800594331880, 'params': 587577320, 'model_size': 2241.4295959472656, 'inference_time': 0}
2024-10-14 04:29:19,908 Pruning 1536 in layer 20
2024-10-14 04:29:27,288 Gathering metrics
2024-10-14 04:31:40,130 {'acc1': 0.9432692307692307, 'acc5': 0.9932692307692308, 'loss': 13.87264850991778, 'macs': 798797944040, 'params': 586266088, 'model_size': 2236.4276428222656, 'inference_time': 0}
2024-10-14 04:31:40,164 Pruning 2048 in layer 20
2024-10-14 04:31:45,841 Gathering metrics
2024-10-14 04:33:58,001 {'acc1': 0.9403846153846154, 'acc5': 0.9932692307692308, 'loss': 14.184193356661126, 'macs': 797001556200, 'params': 584954856, 'model_size': 2231.4256896972656, 'inference_time': 0}
2024-10-14 04:33:58,036 Pruning 512 in layer 21
2024-10-14 04:34:09,914 Gathering metrics
2024-10-14 04:36:21,869 {'acc1': 0.9403846153846154, 'acc5': 0.9923076923076923, 'loss': 13.90844399179332, 'macs': 797001556200, 'params': 584954856, 'model_size': 2231.4256896972656, 'inference_time': 0}
2024-10-14 04:36:21,903 Pruning 1024 in layer 21
2024-10-14 04:36:31,436 Gathering metrics
2024-10-14 04:38:43,144 {'acc1': 0.9432692307692307, 'acc5': 0.9913461538461539, 'loss': 13.895445057656616, 'macs': 795205168360, 'params': 583643624, 'model_size': 2226.4237365722656, 'inference_time': 0}
2024-10-14 04:38:43,181 Pruning 1536 in layer 21
2024-10-14 04:38:50,572 Gathering metrics
2024-10-14 04:41:02,293 {'acc1': 0.9413461538461538, 'acc5': 0.9913461538461539, 'loss': 13.965702224522829, 'macs': 793408780520, 'params': 582332392, 'model_size': 2221.4217834472656, 'inference_time': 0}
2024-10-14 04:41:02,327 Pruning 2048 in layer 21
2024-10-14 04:41:07,977 Gathering metrics
2024-10-14 04:43:19,421 {'acc1': 0.9403846153846154, 'acc5': 0.9913461538461539, 'loss': 13.950585135258734, 'macs': 791612392680, 'params': 581021160, 'model_size': 2216.4198303222656, 'inference_time': 0}
2024-10-14 04:43:19,544 Pruning 2560 in layer 21
2024-10-14 04:43:23,819 Gathering metrics
2024-10-14 04:45:34,974 {'acc1': 0.9394230769230769, 'acc5': 0.9913461538461539, 'loss': 13.99902524612844, 'macs': 789816004840, 'params': 579709928, 'model_size': 2211.4178771972656, 'inference_time': 0}
2024-10-14 04:45:35,007 Pruning 512 in layer 22
2024-10-14 04:45:46,871 Gathering metrics
2024-10-14 04:47:57,741 {'acc1': 0.9355769230769231, 'acc5': 0.9923076923076923, 'loss': 13.867221856955439, 'macs': 789816004840, 'params': 579709928, 'model_size': 2211.4178771972656, 'inference_time': 0}
2024-10-14 04:47:57,775 Pruning 512 in layer 23
2024-10-14 04:48:09,635 Gathering metrics
2024-10-14 04:50:20,632 {'acc1': 0.9403846153846154, 'acc5': 0.9903846153846154, 'loss': 13.900030824588612, 'macs': 789816004840, 'params': 579709928, 'model_size': 2211.4178771972656, 'inference_time': 0}
2024-10-14 04:50:20,666 Pruning 1024 in layer 23
2024-10-14 04:50:30,207 Gathering metrics
2024-10-14 04:52:40,968 {'acc1': 0.9394230769230769, 'acc5': 0.9903846153846154, 'loss': 14.067801382625476, 'macs': 788019617000, 'params': 578398696, 'model_size': 2206.4159240722656, 'inference_time': 0}
2024-10-14 04:52:41,003 Pruning 1536 in layer 23
2024-10-14 04:52:48,373 Gathering metrics
2024-10-14 04:54:59,066 {'acc1': 0.9394230769230769, 'acc5': 0.989423076923077, 'loss': 14.424035906093195, 'macs': 786223229160, 'params': 577087464, 'model_size': 2201.4139709472656, 'inference_time': 0}
2024-10-14 04:54:59,101 Pruning 2048 in layer 23
2024-10-14 04:55:04,761 Gathering metrics
2024-10-14 04:57:15,209 {'acc1': 0.9355769230769231, 'acc5': 0.9903846153846154, 'loss': 14.951992044458166, 'macs': 784426841320, 'params': 575776232, 'model_size': 2196.4120178222656, 'inference_time': 0}
2024-10-14 04:57:15,243 Pruning 512 in layer 24
2024-10-14 04:57:27,136 Gathering metrics
2024-10-14 04:59:37,423 {'acc1': 0.9384615384615385, 'acc5': 0.9903846153846154, 'loss': 14.651410334045067, 'macs': 784426841320, 'params': 575776232, 'model_size': 2196.4120178222656, 'inference_time': 0}
2024-10-14 04:59:37,457 Pruning 1024 in layer 24
2024-10-14 04:59:46,966 Gathering metrics
2024-10-14 05:01:57,225 {'acc1': 0.9336538461538462, 'acc5': 0.9923076923076923, 'loss': 15.622739917365834, 'macs': 782630453480, 'params': 574465000, 'model_size': 2191.4100646972656, 'inference_time': 0}
2024-10-14 05:01:57,259 Pruning 512 in layer 25
2024-10-14 05:02:09,157 Gathering metrics
2024-10-14 05:04:19,394 {'acc1': 0.9394230769230769, 'acc5': 0.9913461538461539, 'loss': 14.496934404596686, 'macs': 782630453480, 'params': 574465000, 'model_size': 2191.4100646972656, 'inference_time': 0}
2024-10-14 05:04:19,428 Pruning 1024 in layer 25
2024-10-14 05:04:28,957 Gathering metrics
2024-10-14 05:06:39,045 {'acc1': 0.9384615384615385, 'acc5': 0.9913461538461539, 'loss': 14.552973943995312, 'macs': 780834065640, 'params': 573153768, 'model_size': 2186.4081115722656, 'inference_time': 0}
2024-10-14 05:06:39,169 Pruning 1536 in layer 25
2024-10-14 05:06:46,497 Gathering metrics
2024-10-14 05:08:56,451 {'acc1': 0.9365384615384615, 'acc5': 0.9913461538461539, 'loss': 14.902480608550832, 'macs': 779037677800, 'params': 571842536, 'model_size': 2181.4061584472656, 'inference_time': 0}
2024-10-14 05:08:56,485 Pruning 2048 in layer 25
2024-10-14 05:09:02,142 Gathering metrics
2024-10-14 05:11:11,794 {'acc1': 0.9307692307692308, 'acc5': 0.9913461538461539, 'loss': 16.722559774527326, 'macs': 777241289960, 'params': 570531304, 'model_size': 2176.4042053222656, 'inference_time': 0}
2024-10-14 05:11:11,828 Pruning 512 in layer 26
2024-10-14 05:11:23,724 Gathering metrics
2024-10-14 05:13:33,360 {'acc1': 0.9394230769230769, 'acc5': 0.9913461538461539, 'loss': 15.131028353935108, 'macs': 777241289960, 'params': 570531304, 'model_size': 2176.4042053222656, 'inference_time': 0}
2024-10-14 05:13:33,393 Pruning 1024 in layer 26
2024-10-14 05:13:42,917 Gathering metrics
2024-10-14 05:15:52,231 {'acc1': 0.9355769230769231, 'acc5': 0.9903846153846154, 'loss': 15.624537251191214, 'macs': 775444902120, 'params': 569220072, 'model_size': 2171.4022521972656, 'inference_time': 0}
2024-10-14 05:15:52,266 Pruning 1536 in layer 26
2024-10-14 05:15:59,654 Gathering metrics
2024-10-14 05:18:08,885 {'acc1': 0.9365384615384615, 'acc5': 0.989423076923077, 'loss': 15.726735419826582, 'macs': 773648514280, 'params': 567908840, 'model_size': 2166.4002990722656, 'inference_time': 0}
2024-10-14 05:18:08,920 Pruning 2048 in layer 26
2024-10-14 05:18:14,576 Gathering metrics
2024-10-14 05:20:23,475 {'acc1': 0.9394230769230769, 'acc5': 0.9884615384615385, 'loss': 16.124070290010422, 'macs': 771852126440, 'params': 566597608, 'model_size': 2161.3983459472656, 'inference_time': 0}
2024-10-14 05:20:23,509 Pruning 2560 in layer 26
2024-10-14 05:20:27,840 Gathering metrics
2024-10-14 05:22:36,604 {'acc1': 0.9336538461538462, 'acc5': 0.9884615384615385, 'loss': 16.65233333269134, 'macs': 770055738600, 'params': 565286376, 'model_size': 2156.3963928222656, 'inference_time': 0}
2024-10-14 05:22:36,638 Pruning 3072 in layer 26
2024-10-14 05:22:39,965 Gathering metrics
2024-10-14 05:24:48,587 {'acc1': 0.9288461538461539, 'acc5': 0.9903846153846154, 'loss': 17.535262430552393, 'macs': 768259350760, 'params': 563975144, 'model_size': 2151.3944396972656, 'inference_time': 0}
2024-10-14 05:24:48,621 Pruning 512 in layer 27
2024-10-14 05:25:00,513 Gathering metrics
2024-10-14 05:27:09,194 {'acc1': 0.9326923076923077, 'acc5': 0.9903846153846154, 'loss': 16.90655946615152, 'macs': 768259350760, 'params': 563975144, 'model_size': 2151.3944396972656, 'inference_time': 0}
2024-10-14 05:27:09,314 Pruning 1024 in layer 27
2024-10-14 05:27:18,761 Gathering metrics
2024-10-14 05:29:27,131 {'acc1': 0.9298076923076923, 'acc5': 0.989423076923077, 'loss': 17.061530974926427, 'macs': 766462962920, 'params': 562663912, 'model_size': 2146.3924865722656, 'inference_time': 0}
2024-10-14 05:29:27,166 Pruning 512 in layer 28
2024-10-14 05:29:39,057 Gathering metrics
2024-10-14 05:31:47,494 {'acc1': 0.9278846153846154, 'acc5': 0.989423076923077, 'loss': 17.349036949686706, 'macs': 766462962920, 'params': 562663912, 'model_size': 2146.3924865722656, 'inference_time': 0}
2024-10-14 05:31:47,527 Pruning 512 in layer 29
2024-10-14 05:31:59,412 Gathering metrics
2024-10-14 05:34:07,744 {'acc1': 0.9288461538461539, 'acc5': 0.9903846153846154, 'loss': 16.963727448135614, 'macs': 766462962920, 'params': 562663912, 'model_size': 2146.3924865722656, 'inference_time': 0}
2024-10-14 05:34:07,778 Pruning 512 in layer 30
2024-10-14 05:34:19,679 Gathering metrics
2024-10-14 05:36:28,099 {'acc1': 0.9317307692307693, 'acc5': 0.9903846153846154, 'loss': 17.32198926899582, 'macs': 766462962920, 'params': 562663912, 'model_size': 2146.3924865722656, 'inference_time': 0}
2024-10-14 05:36:28,132 Pruning 1024 in layer 30
2024-10-14 05:36:37,656 Gathering metrics
2024-10-14 05:38:45,918 {'acc1': 0.9336538461538462, 'acc5': 0.9884615384615385, 'loss': 17.567465127445757, 'macs': 764666575080, 'params': 561352680, 'model_size': 2141.3905334472656, 'inference_time': 0}
2024-10-14 05:38:45,953 Pruning 1536 in layer 30
2024-10-14 05:38:53,347 Gathering metrics
2024-10-14 05:41:01,212 {'acc1': 0.9326923076923077, 'acc5': 0.9884615384615385, 'loss': 17.64101263694465, 'macs': 762870187240, 'params': 560041448, 'model_size': 2136.3885803222656, 'inference_time': 0}
2024-10-14 05:41:01,246 Pruning 2048 in layer 30
2024-10-14 05:41:06,910 Gathering metrics
2024-10-14 05:43:14,639 {'acc1': 0.9298076923076923, 'acc5': 0.9884615384615385, 'loss': 18.288519063964486, 'macs': 761073799400, 'params': 558730216, 'model_size': 2131.3866271972656, 'inference_time': 0}
2024-10-14 05:43:14,673 Pruning 2560 in layer 30
2024-10-14 05:43:19,000 Gathering metrics
2024-10-14 05:45:26,497 {'acc1': 0.9278846153846154, 'acc5': 0.989423076923077, 'loss': 19.130011081695557, 'macs': 759277411560, 'params': 557418984, 'model_size': 2126.3846740722656, 'inference_time': 0}
2024-10-14 05:45:26,532 Pruning 512 in layer 31
2024-10-14 05:45:38,426 Gathering metrics
2024-10-14 05:47:45,919 {'acc1': 0.9336538461538462, 'acc5': 0.9884615384615385, 'loss': 18.71566218417138, 'macs': 759277411560, 'params': 557418984, 'model_size': 2126.3846740722656, 'inference_time': 0}
2024-10-14 05:47:46,043 Pruning 1024 in layer 31
2024-10-14 05:47:55,509 Gathering metrics
2024-10-14 05:50:02,968 {'acc1': 0.9326923076923077, 'acc5': 0.9884615384615385, 'loss': 19.347108790650964, 'macs': 757481023720, 'params': 556107752, 'model_size': 2121.3827209472656, 'inference_time': 0}
2024-10-14 05:50:03,002 Pruning 1536 in layer 31
2024-10-14 05:50:10,361 Gathering metrics
2024-10-14 05:52:17,505 {'acc1': 0.9336538461538462, 'acc5': 0.9884615384615385, 'loss': 19.233932498842478, 'macs': 755684635880, 'params': 554796520, 'model_size': 2116.3807678222656, 'inference_time': 0}
2024-10-14 05:52:17,539 Pruning 2048 in layer 31
2024-10-14 05:52:23,195 Gathering metrics
2024-10-14 05:54:29,999 {'acc1': 0.9336538461538462, 'acc5': 0.9884615384615385, 'loss': 19.552540991455317, 'macs': 753888248040, 'params': 553485288, 'model_size': 2111.3788146972656, 'inference_time': 0}
2024-10-14 05:54:30,033 Pruning 2560 in layer 31
2024-10-14 05:54:34,367 Gathering metrics
2024-10-14 05:56:41,152 {'acc1': 0.9326923076923077, 'acc5': 0.989423076923077, 'loss': 19.620726814493537, 'macs': 752091860200, 'params': 552174056, 'model_size': 2106.3768615722656, 'inference_time': 0}
2024-10-14 05:56:41,187 Pruning 3072 in layer 31
2024-10-14 05:56:44,518 Gathering metrics
2024-10-14 05:58:50,996 {'acc1': 0.9326923076923077, 'acc5': 0.989423076923077, 'loss': 19.69494325108826, 'macs': 750295472360, 'params': 550862824, 'model_size': 2101.3749084472656, 'inference_time': 0}
2024-10-14 05:58:51,030 Pruning 3584 in layer 31
2024-10-14 05:58:53,418 Gathering metrics
2024-10-14 06:01:00,035 {'acc1': 0.9317307692307693, 'acc5': 0.9884615384615385, 'loss': 20.405539395287633, 'macs': 748499084520, 'params': 549551592, 'model_size': 2096.3729553222656, 'inference_time': 0}
2024-10-14 06:01:00,069 Pruning 4096 in layer 31
2024-10-14 06:01:01,834 Gathering metrics
2024-10-14 06:03:08,031 {'acc1': 0.9278846153846154, 'acc5': 0.9884615384615385, 'loss': 21.51129513606429, 'macs': 746702696680, 'params': 548240360, 'model_size': 2091.3710021972656, 'inference_time': 0}
2024-10-14 06:03:08,066 Pruning 4608 in layer 31
2024-10-14 06:03:09,389 Gathering metrics
2024-10-14 06:05:15,169 {'acc1': 0.9307692307692308, 'acc5': 0.9875, 'loss': 22.955055989325047, 'macs': 744906308840, 'params': 546929128, 'model_size': 2086.3690490722656, 'inference_time': 0}
2024-10-14 06:05:15,186 Experiment finished
