2024-10-13 15:25:48,398 Starting experiment outputs/adaptive/vit_l_16/proj550
2024-10-13 15:25:48,398 Loading the original model
2024-10-13 15:25:49,639 Gathering metrics of the original model
2024-10-13 15:26:34,806 {'acc1': 0.8428217821782178, 'acc5': 0.968440594059406, 'loss': 72.06224512308836, 'macs': 59690947560, 'params': 304326632, 'model_size': 1160.9139709472656, 'inference_time': 0}
2024-10-13 15:26:34,831 Pruning 256 in layer 0
2024-10-13 15:26:40,339 Gathering metrics
2024-10-13 15:27:22,998 {'acc1': 0.8403465346534653, 'acc5': 0.96875, 'loss': 72.88423182070255, 'macs': 59587612392, 'params': 303802088, 'model_size': 1158.9129943847656, 'inference_time': 0}
2024-10-13 15:27:23,028 Pruning 512 in layer 0
2024-10-13 15:27:27,736 Gathering metrics
2024-10-13 15:28:10,071 {'acc1': 0.8366336633663366, 'acc5': 0.9653465346534653, 'loss': 74.64010068029165, 'macs': 59484277224, 'params': 303277544, 'model_size': 1156.9120178222656, 'inference_time': 0}
2024-10-13 15:28:10,096 Pruning 256 in layer 1
2024-10-13 15:28:15,515 Gathering metrics
2024-10-13 15:28:57,734 {'acc1': 0.8400371287128713, 'acc5': 0.968440594059406, 'loss': 73.34878179430962, 'macs': 59484277224, 'params': 303277544, 'model_size': 1156.9120178222656, 'inference_time': 0}
2024-10-13 15:28:57,758 Pruning 512 in layer 1
2024-10-13 15:29:02,465 Gathering metrics
2024-10-13 15:29:44,458 {'acc1': 0.838180693069307, 'acc5': 0.9681311881188119, 'loss': 73.70205769687891, 'macs': 59380942056, 'params': 302753000, 'model_size': 1154.9110412597656, 'inference_time': 0}
2024-10-13 15:29:44,483 Pruning 768 in layer 1
2024-10-13 15:29:48,600 Gathering metrics
2024-10-13 15:30:30,764 {'acc1': 0.8375618811881188, 'acc5': 0.9665841584158416, 'loss': 74.19177071005106, 'macs': 59277606888, 'params': 302228456, 'model_size': 1152.9100646972656, 'inference_time': 0}
2024-10-13 15:30:30,789 Pruning 1024 in layer 1
2024-10-13 15:30:34,371 Gathering metrics
2024-10-13 15:31:16,695 {'acc1': 0.8357054455445545, 'acc5': 0.9662747524752475, 'loss': 74.72968901693821, 'macs': 59174271720, 'params': 301703912, 'model_size': 1150.9090881347656, 'inference_time': 0}
2024-10-13 15:31:16,720 Pruning 256 in layer 2
2024-10-13 15:31:22,181 Gathering metrics
2024-10-13 15:32:04,707 {'acc1': 0.8363242574257426, 'acc5': 0.9665841584158416, 'loss': 74.34076976776123, 'macs': 59174271720, 'params': 301703912, 'model_size': 1150.9090881347656, 'inference_time': 0}
2024-10-13 15:32:04,732 Pruning 512 in layer 2
2024-10-13 15:32:09,455 Gathering metrics
2024-10-13 15:32:51,450 {'acc1': 0.8347772277227723, 'acc5': 0.9672029702970297, 'loss': 74.42678645253181, 'macs': 59070936552, 'params': 301179368, 'model_size': 1148.9081115722656, 'inference_time': 0}
2024-10-13 15:32:51,474 Pruning 768 in layer 2
2024-10-13 15:32:55,571 Gathering metrics
2024-10-13 15:33:37,477 {'acc1': 0.8344678217821783, 'acc5': 0.9665841584158416, 'loss': 74.45867579430342, 'macs': 58967601384, 'params': 300654824, 'model_size': 1146.9071350097656, 'inference_time': 0}
2024-10-13 15:33:37,502 Pruning 1024 in layer 2
2024-10-13 15:33:41,078 Gathering metrics
2024-10-13 15:34:22,929 {'acc1': 0.8341584158415841, 'acc5': 0.9653465346534653, 'loss': 74.67603288590908, 'macs': 58864266216, 'params': 300130280, 'model_size': 1144.9061584472656, 'inference_time': 0}
2024-10-13 15:34:22,955 Pruning 1280 in layer 2
2024-10-13 15:34:26,056 Gathering metrics
2024-10-13 15:35:08,382 {'acc1': 0.8344678217821783, 'acc5': 0.9647277227722773, 'loss': 74.7981877475977, 'macs': 58760931048, 'params': 299605736, 'model_size': 1142.9051818847656, 'inference_time': 0}
2024-10-13 15:35:08,494 Pruning 1536 in layer 2
2024-10-13 15:35:11,229 Gathering metrics
2024-10-13 15:35:53,206 {'acc1': 0.8335396039603961, 'acc5': 0.9641089108910891, 'loss': 75.1775212585926, 'macs': 58657595880, 'params': 299081192, 'model_size': 1140.9042053222656, 'inference_time': 0}
2024-10-13 15:35:53,231 Pruning 256 in layer 3
2024-10-13 15:35:58,715 Gathering metrics
2024-10-13 15:36:41,051 {'acc1': 0.8329207920792079, 'acc5': 0.9650371287128713, 'loss': 74.9878743737936, 'macs': 58657595880, 'params': 299081192, 'model_size': 1140.9042053222656, 'inference_time': 0}
2024-10-13 15:36:41,077 Pruning 512 in layer 3
2024-10-13 15:36:45,775 Gathering metrics
2024-10-13 15:37:27,662 {'acc1': 0.8329207920792079, 'acc5': 0.9644183168316832, 'loss': 75.17173724621534, 'macs': 58554260712, 'params': 298556648, 'model_size': 1138.9032287597656, 'inference_time': 0}
2024-10-13 15:37:27,688 Pruning 768 in layer 3
2024-10-13 15:37:31,826 Gathering metrics
2024-10-13 15:38:13,883 {'acc1': 0.8316831683168316, 'acc5': 0.9647277227722773, 'loss': 75.48651413619518, 'macs': 58450925544, 'params': 298032104, 'model_size': 1136.9022521972656, 'inference_time': 0}
2024-10-13 15:38:13,908 Pruning 1024 in layer 3
2024-10-13 15:38:17,499 Gathering metrics
2024-10-13 15:38:59,629 {'acc1': 0.8313737623762376, 'acc5': 0.9641089108910891, 'loss': 75.52885795384645, 'macs': 58347590376, 'params': 297507560, 'model_size': 1134.9012756347656, 'inference_time': 0}
2024-10-13 15:38:59,655 Pruning 1280 in layer 3
2024-10-13 15:39:02,779 Gathering metrics
2024-10-13 15:39:44,938 {'acc1': 0.8295173267326733, 'acc5': 0.9650371287128713, 'loss': 75.74792627990246, 'macs': 58244255208, 'params': 296983016, 'model_size': 1132.9002990722656, 'inference_time': 0}
2024-10-13 15:39:44,964 Pruning 256 in layer 4
2024-10-13 15:39:50,431 Gathering metrics
2024-10-13 15:40:32,210 {'acc1': 0.8313737623762376, 'acc5': 0.9641089108910891, 'loss': 75.860654912889, 'macs': 58244255208, 'params': 296983016, 'model_size': 1132.9002990722656, 'inference_time': 0}
2024-10-13 15:40:32,235 Pruning 512 in layer 4
2024-10-13 15:40:36,924 Gathering metrics
2024-10-13 15:41:18,437 {'acc1': 0.8282797029702971, 'acc5': 0.9647277227722773, 'loss': 76.06135372817516, 'macs': 58140920040, 'params': 296458472, 'model_size': 1130.8993225097656, 'inference_time': 0}
2024-10-13 15:41:18,462 Pruning 768 in layer 4
2024-10-13 15:41:22,572 Gathering metrics
2024-10-13 15:42:04,212 {'acc1': 0.8273514851485149, 'acc5': 0.963799504950495, 'loss': 76.35922807455063, 'macs': 58037584872, 'params': 295933928, 'model_size': 1128.8983459472656, 'inference_time': 0}
2024-10-13 15:42:04,237 Pruning 256 in layer 5
2024-10-13 15:42:09,707 Gathering metrics
2024-10-13 15:42:51,586 {'acc1': 0.8276608910891089, 'acc5': 0.963490099009901, 'loss': 76.17724038660526, 'macs': 58037584872, 'params': 295933928, 'model_size': 1128.8983459472656, 'inference_time': 0}
2024-10-13 15:42:51,612 Pruning 512 in layer 5
2024-10-13 15:42:56,337 Gathering metrics
2024-10-13 15:43:38,332 {'acc1': 0.8285891089108911, 'acc5': 0.9647277227722773, 'loss': 76.48916629701853, 'macs': 57934249704, 'params': 295409384, 'model_size': 1126.8973693847656, 'inference_time': 0}
2024-10-13 15:43:38,358 Pruning 768 in layer 5
2024-10-13 15:43:42,488 Gathering metrics
2024-10-13 15:44:24,274 {'acc1': 0.8288985148514851, 'acc5': 0.963490099009901, 'loss': 76.82642149180174, 'macs': 57830914536, 'params': 294884840, 'model_size': 1124.8963928222656, 'inference_time': 0}
2024-10-13 15:44:24,299 Pruning 1024 in layer 5
2024-10-13 15:44:27,893 Gathering metrics
2024-10-13 15:45:09,666 {'acc1': 0.8285891089108911, 'acc5': 0.963180693069307, 'loss': 77.0663837864995, 'macs': 57727579368, 'params': 294360296, 'model_size': 1122.8954162597656, 'inference_time': 0}
2024-10-13 15:45:09,778 Pruning 1280 in layer 5
2024-10-13 15:45:12,888 Gathering metrics
2024-10-13 15:45:54,424 {'acc1': 0.8288985148514851, 'acc5': 0.963180693069307, 'loss': 77.29288601130247, 'macs': 57624244200, 'params': 293835752, 'model_size': 1120.8944396972656, 'inference_time': 0}
2024-10-13 15:45:54,450 Pruning 1536 in layer 5
2024-10-13 15:45:57,167 Gathering metrics
2024-10-13 15:46:38,535 {'acc1': 0.8295173267326733, 'acc5': 0.9622524752475248, 'loss': 77.49650885909796, 'macs': 57520909032, 'params': 293311208, 'model_size': 1118.8934631347656, 'inference_time': 0}
2024-10-13 15:46:38,562 Pruning 1792 in layer 5
2024-10-13 15:46:40,867 Gathering metrics
2024-10-13 15:47:22,236 {'acc1': 0.8292079207920792, 'acc5': 0.9610148514851485, 'loss': 77.77535119652748, 'macs': 57417573864, 'params': 292786664, 'model_size': 1116.8924865722656, 'inference_time': 0}
2024-10-13 15:47:22,262 Pruning 2048 in layer 5
2024-10-13 15:47:24,232 Gathering metrics
2024-10-13 15:48:05,834 {'acc1': 0.8282797029702971, 'acc5': 0.9607054455445545, 'loss': 78.04187871515751, 'macs': 57314238696, 'params': 292262120, 'model_size': 1114.8915100097656, 'inference_time': 0}
2024-10-13 15:48:05,860 Pruning 2304 in layer 5
2024-10-13 15:48:07,554 Gathering metrics
2024-10-13 15:48:48,929 {'acc1': 0.8282797029702971, 'acc5': 0.9607054455445545, 'loss': 78.13578042387962, 'macs': 57210903528, 'params': 291737576, 'model_size': 1112.8905334472656, 'inference_time': 0}
2024-10-13 15:48:48,955 Pruning 2560 in layer 5
2024-10-13 15:48:50,368 Gathering metrics
2024-10-13 15:49:31,651 {'acc1': 0.8276608910891089, 'acc5': 0.9607054455445545, 'loss': 78.20771833509207, 'macs': 57107568360, 'params': 291213032, 'model_size': 1110.8895568847656, 'inference_time': 0}
2024-10-13 15:49:31,677 Pruning 2816 in layer 5
2024-10-13 15:49:32,882 Gathering metrics
2024-10-13 15:50:14,362 {'acc1': 0.8267326732673267, 'acc5': 0.9613242574257426, 'loss': 78.4271772801876, 'macs': 57004233192, 'params': 290688488, 'model_size': 1108.8885803222656, 'inference_time': 0}
2024-10-13 15:50:14,387 Pruning 3072 in layer 5
2024-10-13 15:50:15,414 Gathering metrics
2024-10-13 15:50:56,571 {'acc1': 0.8267326732673267, 'acc5': 0.9603960396039604, 'loss': 78.91032306849957, 'macs': 56900898024, 'params': 290163944, 'model_size': 1106.8876037597656, 'inference_time': 0}
2024-10-13 15:50:56,596 Pruning 3328 in layer 5
2024-10-13 15:50:57,448 Gathering metrics
2024-10-13 15:51:38,608 {'acc1': 0.8248762376237624, 'acc5': 0.9597772277227723, 'loss': 79.48687670379877, 'macs': 56797562856, 'params': 289639400, 'model_size': 1104.8866271972656, 'inference_time': 0}
2024-10-13 15:51:38,634 Pruning 3584 in layer 5
2024-10-13 15:51:39,349 Gathering metrics
2024-10-13 15:52:20,677 {'acc1': 0.823019801980198, 'acc5': 0.9591584158415841, 'loss': 79.95542214810848, 'macs': 56694227688, 'params': 289114856, 'model_size': 1102.8856506347656, 'inference_time': 0}
2024-10-13 15:52:20,702 Pruning 256 in layer 6
2024-10-13 15:52:26,158 Gathering metrics
2024-10-13 15:53:07,530 {'acc1': 0.8239480198019802, 'acc5': 0.9594678217821783, 'loss': 79.86266446113586, 'macs': 56694227688, 'params': 289114856, 'model_size': 1102.8856506347656, 'inference_time': 0}
2024-10-13 15:53:07,556 Pruning 512 in layer 6
2024-10-13 15:53:12,277 Gathering metrics
2024-10-13 15:53:53,483 {'acc1': 0.8233292079207921, 'acc5': 0.9597772277227723, 'loss': 80.03953165560961, 'macs': 56590892520, 'params': 288590312, 'model_size': 1100.8846740722656, 'inference_time': 0}
2024-10-13 15:53:53,509 Pruning 768 in layer 6
2024-10-13 15:53:57,640 Gathering metrics
2024-10-13 15:54:38,913 {'acc1': 0.8236386138613861, 'acc5': 0.9588490099009901, 'loss': 80.42305485904217, 'macs': 56487557352, 'params': 288065768, 'model_size': 1098.8836975097656, 'inference_time': 0}
2024-10-13 15:54:38,938 Pruning 1024 in layer 6
2024-10-13 15:54:42,519 Gathering metrics
2024-10-13 15:55:23,462 {'acc1': 0.8242574257425742, 'acc5': 0.9585396039603961, 'loss': 80.6797376126051, 'macs': 56384222184, 'params': 287541224, 'model_size': 1096.8827209472656, 'inference_time': 0}
2024-10-13 15:55:23,574 Pruning 1280 in layer 6
2024-10-13 15:55:26,702 Gathering metrics
2024-10-13 15:56:07,729 {'acc1': 0.8236386138613861, 'acc5': 0.9591584158415841, 'loss': 80.9609614983201, 'macs': 56280887016, 'params': 287016680, 'model_size': 1094.8817443847656, 'inference_time': 0}
2024-10-13 15:56:07,755 Pruning 1536 in layer 6
2024-10-13 15:56:10,485 Gathering metrics
2024-10-13 15:56:51,554 {'acc1': 0.8220915841584159, 'acc5': 0.958230198019802, 'loss': 81.40893858671188, 'macs': 56177551848, 'params': 286492136, 'model_size': 1092.8807678222656, 'inference_time': 0}
2024-10-13 15:56:51,580 Pruning 1792 in layer 6
2024-10-13 15:56:53,870 Gathering metrics
2024-10-13 15:57:34,880 {'acc1': 0.8217821782178217, 'acc5': 0.9588490099009901, 'loss': 81.51141051203012, 'macs': 56074216680, 'params': 285967592, 'model_size': 1090.8797912597656, 'inference_time': 0}
2024-10-13 15:57:34,905 Pruning 2048 in layer 6
2024-10-13 15:57:36,858 Gathering metrics
2024-10-13 15:58:17,636 {'acc1': 0.8214727722772277, 'acc5': 0.9576113861386139, 'loss': 81.81660133600235, 'macs': 55970881512, 'params': 285443048, 'model_size': 1088.8788146972656, 'inference_time': 0}
2024-10-13 15:58:17,661 Pruning 2304 in layer 6
2024-10-13 15:58:19,344 Gathering metrics
2024-10-13 15:59:02,452 {'acc1': 0.8227103960396039, 'acc5': 0.9579207920792079, 'loss': 82.23057113587856, 'macs': 55867546344, 'params': 284918504, 'model_size': 1086.8778381347656, 'inference_time': 0}
2024-10-13 15:59:02,490 Pruning 2560 in layer 6
2024-10-13 15:59:04,114 Gathering metrics
2024-10-13 15:59:48,733 {'acc1': 0.8211633663366337, 'acc5': 0.9573019801980198, 'loss': 83.02220879495144, 'macs': 55764211176, 'params': 284393960, 'model_size': 1084.8768615722656, 'inference_time': 0}
2024-10-13 15:59:48,761 Pruning 256 in layer 7
2024-10-13 15:59:54,234 Gathering metrics
2024-10-13 16:00:35,602 {'acc1': 0.8214727722772277, 'acc5': 0.9576113861386139, 'loss': 82.42468617856503, 'macs': 55764211176, 'params': 284393960, 'model_size': 1084.8768615722656, 'inference_time': 0}
2024-10-13 16:00:35,628 Pruning 512 in layer 7
2024-10-13 16:00:40,363 Gathering metrics
2024-10-13 16:01:21,173 {'acc1': 0.8217821782178217, 'acc5': 0.9576113861386139, 'loss': 82.64648164063692, 'macs': 55660876008, 'params': 283869416, 'model_size': 1082.8758850097656, 'inference_time': 0}
2024-10-13 16:01:21,200 Pruning 768 in layer 7
2024-10-13 16:01:25,334 Gathering metrics
2024-10-13 16:02:06,263 {'acc1': 0.8214727722772277, 'acc5': 0.9566831683168316, 'loss': 82.74335274845362, 'macs': 55557540840, 'params': 283344872, 'model_size': 1080.8749084472656, 'inference_time': 0}
2024-10-13 16:02:06,288 Pruning 1024 in layer 7
2024-10-13 16:02:09,870 Gathering metrics
2024-10-13 16:02:50,625 {'acc1': 0.8220915841584159, 'acc5': 0.9569925742574258, 'loss': 82.86288440227509, 'macs': 55454205672, 'params': 282820328, 'model_size': 1078.8739318847656, 'inference_time': 0}
2024-10-13 16:02:50,651 Pruning 1280 in layer 7
2024-10-13 16:02:53,772 Gathering metrics
2024-10-13 16:03:34,548 {'acc1': 0.8220915841584159, 'acc5': 0.9560643564356436, 'loss': 83.12522902339697, 'macs': 55350870504, 'params': 282295784, 'model_size': 1076.8729553222656, 'inference_time': 0}
2024-10-13 16:03:34,574 Pruning 1536 in layer 7
2024-10-13 16:03:37,306 Gathering metrics
2024-10-13 16:04:17,906 {'acc1': 0.8208539603960396, 'acc5': 0.9573019801980198, 'loss': 83.31384694576263, 'macs': 55247535336, 'params': 281771240, 'model_size': 1074.8719787597656, 'inference_time': 0}
2024-10-13 16:04:17,933 Pruning 1792 in layer 7
2024-10-13 16:04:20,242 Gathering metrics
2024-10-13 16:05:01,053 {'acc1': 0.8205445544554455, 'acc5': 0.9573019801980198, 'loss': 83.6625811085105, 'macs': 55144200168, 'params': 281246696, 'model_size': 1072.8710021972656, 'inference_time': 0}
2024-10-13 16:05:01,079 Pruning 2048 in layer 7
2024-10-13 16:05:03,045 Gathering metrics
2024-10-13 16:05:43,719 {'acc1': 0.8205445544554455, 'acc5': 0.9569925742574258, 'loss': 83.93272711336613, 'macs': 55040865000, 'params': 280722152, 'model_size': 1070.8700256347656, 'inference_time': 0}
2024-10-13 16:05:43,832 Pruning 2304 in layer 7
2024-10-13 16:05:45,513 Gathering metrics
2024-10-13 16:06:25,914 {'acc1': 0.8193069306930693, 'acc5': 0.9557549504950495, 'loss': 84.34934756159782, 'macs': 54937529832, 'params': 280197608, 'model_size': 1068.8690490722656, 'inference_time': 0}
2024-10-13 16:06:25,940 Pruning 2560 in layer 7
2024-10-13 16:06:27,339 Gathering metrics
2024-10-13 16:07:07,713 {'acc1': 0.818069306930693, 'acc5': 0.9554455445544554, 'loss': 84.60738713294268, 'macs': 54834194664, 'params': 279673064, 'model_size': 1066.8680725097656, 'inference_time': 0}
2024-10-13 16:07:07,739 Pruning 256 in layer 8
2024-10-13 16:07:13,206 Gathering metrics
2024-10-13 16:07:53,638 {'acc1': 0.818069306930693, 'acc5': 0.9560643564356436, 'loss': 84.48762868344784, 'macs': 54834194664, 'params': 279673064, 'model_size': 1066.8680725097656, 'inference_time': 0}
2024-10-13 16:07:53,665 Pruning 512 in layer 8
2024-10-13 16:07:58,389 Gathering metrics
2024-10-13 16:08:38,727 {'acc1': 0.817450495049505, 'acc5': 0.9551361386138614, 'loss': 84.8319913521409, 'macs': 54730859496, 'params': 279148520, 'model_size': 1064.8670959472656, 'inference_time': 0}
2024-10-13 16:08:38,753 Pruning 768 in layer 8
2024-10-13 16:08:42,885 Gathering metrics
2024-10-13 16:09:23,181 {'acc1': 0.8155940594059405, 'acc5': 0.9535891089108911, 'loss': 85.29367007315159, 'macs': 54627524328, 'params': 278623976, 'model_size': 1062.8661193847656, 'inference_time': 0}
2024-10-13 16:09:23,207 Pruning 256 in layer 9
2024-10-13 16:09:28,642 Gathering metrics
2024-10-13 16:10:09,041 {'acc1': 0.817759900990099, 'acc5': 0.9560643564356436, 'loss': 84.90995443612337, 'macs': 54627524328, 'params': 278623976, 'model_size': 1062.8661193847656, 'inference_time': 0}
2024-10-13 16:10:09,068 Pruning 512 in layer 9
2024-10-13 16:10:13,766 Gathering metrics
2024-10-13 16:10:54,429 {'acc1': 0.8171410891089109, 'acc5': 0.9557549504950495, 'loss': 84.97415532171726, 'macs': 54524189160, 'params': 278099432, 'model_size': 1060.8651428222656, 'inference_time': 0}
2024-10-13 16:10:54,456 Pruning 768 in layer 9
2024-10-13 16:10:58,587 Gathering metrics
2024-10-13 16:11:39,045 {'acc1': 0.8168316831683168, 'acc5': 0.9545173267326733, 'loss': 84.92627570778131, 'macs': 54420853992, 'params': 277574888, 'model_size': 1058.8641662597656, 'inference_time': 0}
2024-10-13 16:11:39,071 Pruning 1024 in layer 9
2024-10-13 16:11:42,673 Gathering metrics
2024-10-13 16:12:22,971 {'acc1': 0.8155940594059405, 'acc5': 0.9548267326732673, 'loss': 85.00542571395636, 'macs': 54317518824, 'params': 277050344, 'model_size': 1056.8631896972656, 'inference_time': 0}
2024-10-13 16:12:22,999 Pruning 1280 in layer 9
2024-10-13 16:12:26,126 Gathering metrics
2024-10-13 16:13:06,444 {'acc1': 0.8140470297029703, 'acc5': 0.9551361386138614, 'loss': 85.1456211656332, 'macs': 54214183656, 'params': 276525800, 'model_size': 1054.8622131347656, 'inference_time': 0}
2024-10-13 16:13:06,470 Pruning 1536 in layer 9
2024-10-13 16:13:09,205 Gathering metrics
2024-10-13 16:13:49,654 {'acc1': 0.8149752475247525, 'acc5': 0.9542079207920792, 'loss': 85.23265078663826, 'macs': 54110848488, 'params': 276001256, 'model_size': 1052.8612365722656, 'inference_time': 0}
2024-10-13 16:13:49,680 Pruning 1792 in layer 9
2024-10-13 16:13:51,993 Gathering metrics
2024-10-13 16:14:32,047 {'acc1': 0.8146658415841584, 'acc5': 0.9545173267326733, 'loss': 85.30922297388315, 'macs': 54007513320, 'params': 275476712, 'model_size': 1050.8602600097656, 'inference_time': 0}
2024-10-13 16:14:32,073 Pruning 2048 in layer 9
2024-10-13 16:14:34,036 Gathering metrics
2024-10-13 16:15:14,004 {'acc1': 0.8140470297029703, 'acc5': 0.9538985148514851, 'loss': 85.37506178766489, 'macs': 53904178152, 'params': 274952168, 'model_size': 1048.8592834472656, 'inference_time': 0}
2024-10-13 16:15:14,116 Pruning 2304 in layer 9
2024-10-13 16:15:15,795 Gathering metrics
2024-10-13 16:15:55,907 {'acc1': 0.8140470297029703, 'acc5': 0.9538985148514851, 'loss': 85.60497824847698, 'macs': 53800842984, 'params': 274427624, 'model_size': 1046.8583068847656, 'inference_time': 0}
2024-10-13 16:15:55,933 Pruning 2560 in layer 9
2024-10-13 16:15:57,348 Gathering metrics
2024-10-13 16:16:38,134 {'acc1': 0.8125, 'acc5': 0.9529702970297029, 'loss': 85.61290620267391, 'macs': 53697507816, 'params': 273903080, 'model_size': 1044.8573303222656, 'inference_time': 0}
2024-10-13 16:16:38,172 Pruning 256 in layer 10
2024-10-13 16:16:44,034 Gathering metrics
2024-10-13 16:17:29,920 {'acc1': 0.8137376237623762, 'acc5': 0.9545173267326733, 'loss': 85.64842340350151, 'macs': 53697507816, 'params': 273903080, 'model_size': 1044.8573303222656, 'inference_time': 0}
2024-10-13 16:17:29,949 Pruning 512 in layer 10
2024-10-13 16:17:34,671 Gathering metrics
2024-10-13 16:18:14,928 {'acc1': 0.8143564356435643, 'acc5': 0.9532797029702971, 'loss': 85.69848320633173, 'macs': 53594172648, 'params': 273378536, 'model_size': 1042.8563537597656, 'inference_time': 0}
2024-10-13 16:18:14,955 Pruning 768 in layer 10
2024-10-13 16:18:19,077 Gathering metrics
2024-10-13 16:18:59,291 {'acc1': 0.8152846534653465, 'acc5': 0.9532797029702971, 'loss': 85.78081388771534, 'macs': 53490837480, 'params': 272853992, 'model_size': 1040.8553771972656, 'inference_time': 0}
2024-10-13 16:18:59,317 Pruning 1024 in layer 10
2024-10-13 16:19:02,891 Gathering metrics
2024-10-13 16:19:42,984 {'acc1': 0.8149752475247525, 'acc5': 0.9526608910891089, 'loss': 85.79007451981306, 'macs': 53387502312, 'params': 272329448, 'model_size': 1038.8544006347656, 'inference_time': 0}
2024-10-13 16:19:43,011 Pruning 1280 in layer 10
2024-10-13 16:19:46,126 Gathering metrics
2024-10-13 16:20:26,190 {'acc1': 0.8137376237623762, 'acc5': 0.9526608910891089, 'loss': 86.11090061068535, 'macs': 53284167144, 'params': 271804904, 'model_size': 1036.8534240722656, 'inference_time': 0}
2024-10-13 16:20:26,217 Pruning 1536 in layer 10
2024-10-13 16:20:28,949 Gathering metrics
2024-10-13 16:21:08,909 {'acc1': 0.8140470297029703, 'acc5': 0.9520420792079208, 'loss': 86.18657571077347, 'macs': 53180831976, 'params': 271280360, 'model_size': 1034.8524475097656, 'inference_time': 0}
2024-10-13 16:21:08,935 Pruning 1792 in layer 10
2024-10-13 16:21:11,258 Gathering metrics
2024-10-13 16:21:51,761 {'acc1': 0.8118811881188119, 'acc5': 0.9520420792079208, 'loss': 86.23406808823347, 'macs': 53077496808, 'params': 270755816, 'model_size': 1032.8514709472656, 'inference_time': 0}
2024-10-13 16:21:51,787 Pruning 2048 in layer 10
2024-10-13 16:21:53,750 Gathering metrics
2024-10-13 16:22:34,830 {'acc1': 0.812190594059406, 'acc5': 0.9526608910891089, 'loss': 86.23921975493431, 'macs': 52974161640, 'params': 270231272, 'model_size': 1030.8504943847656, 'inference_time': 0}
2024-10-13 16:22:34,856 Pruning 2304 in layer 10
2024-10-13 16:22:36,537 Gathering metrics
2024-10-13 16:23:16,328 {'acc1': 0.8118811881188119, 'acc5': 0.9520420792079208, 'loss': 86.42681679874659, 'macs': 52870826472, 'params': 269706728, 'model_size': 1028.8495178222656, 'inference_time': 0}
2024-10-13 16:23:16,355 Pruning 2560 in layer 10
2024-10-13 16:23:17,756 Gathering metrics
2024-10-13 16:23:57,309 {'acc1': 0.8118811881188119, 'acc5': 0.9520420792079208, 'loss': 86.50047716498375, 'macs': 52767491304, 'params': 269182184, 'model_size': 1026.8485412597656, 'inference_time': 0}
2024-10-13 16:23:57,336 Pruning 2816 in layer 10
2024-10-13 16:23:58,534 Gathering metrics
2024-10-13 16:24:41,222 {'acc1': 0.8143564356435643, 'acc5': 0.9520420792079208, 'loss': 86.57320424169302, 'macs': 52664156136, 'params': 268657640, 'model_size': 1024.8475646972656, 'inference_time': 0}
2024-10-13 16:24:41,261 Pruning 3072 in layer 10
2024-10-13 16:24:42,440 Gathering metrics
2024-10-13 16:25:24,352 {'acc1': 0.8112623762376238, 'acc5': 0.9517326732673267, 'loss': 86.55004109442234, 'macs': 52560820968, 'params': 268133096, 'model_size': 1022.8465881347656, 'inference_time': 0}
2024-10-13 16:25:24,467 Pruning 3328 in layer 10
2024-10-13 16:25:25,309 Gathering metrics
2024-10-13 16:26:04,975 {'acc1': 0.812190594059406, 'acc5': 0.9511138613861386, 'loss': 86.52620659023523, 'macs': 52457485800, 'params': 267608552, 'model_size': 1020.8456115722656, 'inference_time': 0}
2024-10-13 16:26:05,001 Pruning 3584 in layer 10
2024-10-13 16:26:05,706 Gathering metrics
2024-10-13 16:26:45,231 {'acc1': 0.8097153465346535, 'acc5': 0.9508044554455446, 'loss': 87.06183474510908, 'macs': 52354150632, 'params': 267084008, 'model_size': 1018.8446350097656, 'inference_time': 0}
2024-10-13 16:26:45,258 Pruning 256 in layer 11
2024-10-13 16:26:50,736 Gathering metrics
2024-10-13 16:27:30,380 {'acc1': 0.8115717821782178, 'acc5': 0.9511138613861386, 'loss': 86.70962922275066, 'macs': 52354150632, 'params': 267084008, 'model_size': 1018.8446350097656, 'inference_time': 0}
2024-10-13 16:27:30,407 Pruning 512 in layer 11
2024-10-13 16:27:35,150 Gathering metrics
2024-10-13 16:28:14,603 {'acc1': 0.8112623762376238, 'acc5': 0.9511138613861386, 'loss': 86.67487057298422, 'macs': 52250815464, 'params': 266559464, 'model_size': 1016.8436584472656, 'inference_time': 0}
2024-10-13 16:28:14,629 Pruning 768 in layer 11
2024-10-13 16:28:18,745 Gathering metrics
2024-10-13 16:28:58,170 {'acc1': 0.8112623762376238, 'acc5': 0.9511138613861386, 'loss': 86.67544060945511, 'macs': 52147480296, 'params': 266034920, 'model_size': 1014.8426818847656, 'inference_time': 0}
2024-10-13 16:28:58,196 Pruning 1024 in layer 11
2024-10-13 16:29:01,790 Gathering metrics
2024-10-13 16:29:41,404 {'acc1': 0.8109529702970297, 'acc5': 0.9514232673267327, 'loss': 86.71288415789604, 'macs': 52044145128, 'params': 265510376, 'model_size': 1012.8417053222656, 'inference_time': 0}
2024-10-13 16:29:41,430 Pruning 1280 in layer 11
2024-10-13 16:29:44,547 Gathering metrics
2024-10-13 16:30:23,749 {'acc1': 0.8112623762376238, 'acc5': 0.9508044554455446, 'loss': 86.96324670314789, 'macs': 51940809960, 'params': 264985832, 'model_size': 1010.8407287597656, 'inference_time': 0}
2024-10-13 16:30:23,776 Pruning 1536 in layer 11
2024-10-13 16:30:26,501 Gathering metrics
2024-10-13 16:31:05,908 {'acc1': 0.8109529702970297, 'acc5': 0.9501856435643564, 'loss': 86.97104167193174, 'macs': 51837474792, 'params': 264461288, 'model_size': 1008.8397521972656, 'inference_time': 0}
2024-10-13 16:31:05,934 Pruning 1792 in layer 11
2024-10-13 16:31:08,258 Gathering metrics
2024-10-13 16:31:47,789 {'acc1': 0.8106435643564357, 'acc5': 0.9508044554455446, 'loss': 86.9588169530034, 'macs': 51734139624, 'params': 263936744, 'model_size': 1006.8387756347656, 'inference_time': 0}
2024-10-13 16:31:47,815 Pruning 2048 in layer 11
2024-10-13 16:31:49,778 Gathering metrics
2024-10-13 16:32:29,004 {'acc1': 0.8109529702970297, 'acc5': 0.9508044554455446, 'loss': 87.02844788134098, 'macs': 51630804456, 'params': 263412200, 'model_size': 1004.8377990722656, 'inference_time': 0}
2024-10-13 16:32:29,030 Pruning 2304 in layer 11
2024-10-13 16:32:30,695 Gathering metrics
2024-10-13 16:33:09,678 {'acc1': 0.8097153465346535, 'acc5': 0.9498762376237624, 'loss': 87.07029974460602, 'macs': 51527469288, 'params': 262887656, 'model_size': 1002.8368225097656, 'inference_time': 0}
2024-10-13 16:33:09,705 Pruning 2560 in layer 11
2024-10-13 16:33:11,105 Gathering metrics
2024-10-13 16:33:50,002 {'acc1': 0.8100247524752475, 'acc5': 0.9492574257425742, 'loss': 87.11362785845995, 'macs': 51424134120, 'params': 262363112, 'model_size': 1000.8358459472656, 'inference_time': 0}
2024-10-13 16:33:50,029 Pruning 2816 in layer 11
2024-10-13 16:33:51,214 Gathering metrics
2024-10-13 16:34:30,392 {'acc1': 0.8112623762376238, 'acc5': 0.9492574257425742, 'loss': 87.38696655631065, 'macs': 51320798952, 'params': 261838568, 'model_size': 998.8348693847656, 'inference_time': 0}
2024-10-13 16:34:30,418 Pruning 3072 in layer 11
2024-10-13 16:34:31,433 Gathering metrics
2024-10-13 16:35:10,742 {'acc1': 0.8103341584158416, 'acc5': 0.9498762376237624, 'loss': 87.66800313442945, 'macs': 51217463784, 'params': 261314024, 'model_size': 996.8338928222656, 'inference_time': 0}
2024-10-13 16:35:10,855 Pruning 3328 in layer 11
2024-10-13 16:35:11,695 Gathering metrics
2024-10-13 16:35:50,543 {'acc1': 0.8090965346534653, 'acc5': 0.9483292079207921, 'loss': 87.69824701547623, 'macs': 51114128616, 'params': 260789480, 'model_size': 994.8329162597656, 'inference_time': 0}
2024-10-13 16:35:50,569 Pruning 3584 in layer 11
2024-10-13 16:35:51,266 Gathering metrics
2024-10-13 16:36:30,232 {'acc1': 0.8097153465346535, 'acc5': 0.9498762376237624, 'loss': 88.0480062738061, 'macs': 51010793448, 'params': 260264936, 'model_size': 992.8319396972656, 'inference_time': 0}
2024-10-13 16:36:30,259 Pruning 3840 in layer 11
2024-10-13 16:36:30,839 Gathering metrics
2024-10-13 16:37:09,941 {'acc1': 0.801980198019802, 'acc5': 0.9477103960396039, 'loss': 89.08399268984795, 'macs': 50907458280, 'params': 259740392, 'model_size': 990.8309631347656, 'inference_time': 0}
2024-10-13 16:37:09,968 Pruning 256 in layer 12
2024-10-13 16:37:15,414 Gathering metrics
2024-10-13 16:37:54,620 {'acc1': 0.8090965346534653, 'acc5': 0.9504950495049505, 'loss': 88.05079261958599, 'macs': 50907458280, 'params': 259740392, 'model_size': 990.8309631347656, 'inference_time': 0}
2024-10-13 16:37:54,647 Pruning 512 in layer 12
2024-10-13 16:37:59,371 Gathering metrics
2024-10-13 16:38:40,380 {'acc1': 0.8084777227722773, 'acc5': 0.9489480198019802, 'loss': 88.12043379992247, 'macs': 50804123112, 'params': 259215848, 'model_size': 988.8299865722656, 'inference_time': 0}
2024-10-13 16:38:40,407 Pruning 768 in layer 12
2024-10-13 16:38:44,508 Gathering metrics
2024-10-13 16:39:23,151 {'acc1': 0.8081683168316832, 'acc5': 0.9495668316831684, 'loss': 88.18443199247122, 'macs': 50700787944, 'params': 258691304, 'model_size': 986.8290100097656, 'inference_time': 0}
2024-10-13 16:39:23,176 Pruning 1024 in layer 12
2024-10-13 16:39:26,763 Gathering metrics
2024-10-13 16:40:05,474 {'acc1': 0.807549504950495, 'acc5': 0.9498762376237624, 'loss': 88.2114745080471, 'macs': 50597452776, 'params': 258166760, 'model_size': 984.8280334472656, 'inference_time': 0}
2024-10-13 16:40:05,500 Pruning 1280 in layer 12
2024-10-13 16:40:08,630 Gathering metrics
2024-10-13 16:40:47,564 {'acc1': 0.8063118811881188, 'acc5': 0.9501856435643564, 'loss': 88.28022711724043, 'macs': 50494117608, 'params': 257642216, 'model_size': 982.8270568847656, 'inference_time': 0}
2024-10-13 16:40:47,591 Pruning 1536 in layer 12
2024-10-13 16:40:50,319 Gathering metrics
2024-10-13 16:41:28,894 {'acc1': 0.807240099009901, 'acc5': 0.9495668316831684, 'loss': 88.30500470846891, 'macs': 50390782440, 'params': 257117672, 'model_size': 980.8260803222656, 'inference_time': 0}
2024-10-13 16:41:28,921 Pruning 1792 in layer 12
2024-10-13 16:41:31,233 Gathering metrics
2024-10-13 16:42:10,131 {'acc1': 0.8053836633663366, 'acc5': 0.9495668316831684, 'loss': 88.20533518493176, 'macs': 50287447272, 'params': 256593128, 'model_size': 978.8251037597656, 'inference_time': 0}
2024-10-13 16:42:10,158 Pruning 256 in layer 13
2024-10-13 16:42:15,605 Gathering metrics
2024-10-13 16:42:54,539 {'acc1': 0.8078589108910891, 'acc5': 0.9495668316831684, 'loss': 88.4270907342434, 'macs': 50287447272, 'params': 256593128, 'model_size': 978.8251037597656, 'inference_time': 0}
2024-10-13 16:42:54,565 Pruning 512 in layer 13
2024-10-13 16:42:59,291 Gathering metrics
2024-10-13 16:43:38,026 {'acc1': 0.806930693069307, 'acc5': 0.9495668316831684, 'loss': 88.4852606356144, 'macs': 50184112104, 'params': 256068584, 'model_size': 976.8241271972656, 'inference_time': 0}
2024-10-13 16:43:38,052 Pruning 768 in layer 13
2024-10-13 16:43:42,198 Gathering metrics
2024-10-13 16:44:20,585 {'acc1': 0.807240099009901, 'acc5': 0.9489480198019802, 'loss': 88.54313493520021, 'macs': 50080776936, 'params': 255544040, 'model_size': 974.8231506347656, 'inference_time': 0}
2024-10-13 16:44:20,699 Pruning 1024 in layer 13
2024-10-13 16:44:24,293 Gathering metrics
2024-10-13 16:45:02,733 {'acc1': 0.8066212871287128, 'acc5': 0.9492574257425742, 'loss': 88.7050111964345, 'macs': 49977441768, 'params': 255019496, 'model_size': 972.8221740722656, 'inference_time': 0}
2024-10-13 16:45:02,759 Pruning 1280 in layer 13
2024-10-13 16:45:05,879 Gathering metrics
2024-10-13 16:45:44,296 {'acc1': 0.8053836633663366, 'acc5': 0.9483292079207921, 'loss': 88.82211311906576, 'macs': 49874106600, 'params': 254494952, 'model_size': 970.8211975097656, 'inference_time': 0}
2024-10-13 16:45:44,323 Pruning 1536 in layer 13
2024-10-13 16:45:47,059 Gathering metrics
2024-10-13 16:46:25,407 {'acc1': 0.8063118811881188, 'acc5': 0.9477103960396039, 'loss': 89.13490901887417, 'macs': 49770771432, 'params': 253970408, 'model_size': 968.8202209472656, 'inference_time': 0}
2024-10-13 16:46:25,433 Pruning 1792 in layer 13
2024-10-13 16:46:27,746 Gathering metrics
2024-10-13 16:47:06,000 {'acc1': 0.8056930693069307, 'acc5': 0.9477103960396039, 'loss': 89.15327749401331, 'macs': 49667436264, 'params': 253445864, 'model_size': 966.8192443847656, 'inference_time': 0}
2024-10-13 16:47:06,026 Pruning 2048 in layer 13
2024-10-13 16:47:07,982 Gathering metrics
2024-10-13 16:47:46,379 {'acc1': 0.8035272277227723, 'acc5': 0.948019801980198, 'loss': 89.07212728261948, 'macs': 49564101096, 'params': 252921320, 'model_size': 964.8182678222656, 'inference_time': 0}
2024-10-13 16:47:46,405 Pruning 256 in layer 14
2024-10-13 16:47:51,852 Gathering metrics
2024-10-13 16:48:30,356 {'acc1': 0.806930693069307, 'acc5': 0.9470915841584159, 'loss': 89.37663642317057, 'macs': 49564101096, 'params': 252921320, 'model_size': 964.8182678222656, 'inference_time': 0}
2024-10-13 16:48:30,383 Pruning 512 in layer 14
2024-10-13 16:48:35,108 Gathering metrics
2024-10-13 16:49:13,578 {'acc1': 0.8047648514851485, 'acc5': 0.9470915841584159, 'loss': 89.52050354331732, 'macs': 49460765928, 'params': 252396776, 'model_size': 962.8172912597656, 'inference_time': 0}
2024-10-13 16:49:13,604 Pruning 768 in layer 14
2024-10-13 16:49:17,742 Gathering metrics
2024-10-13 16:49:56,795 {'acc1': 0.8022896039603961, 'acc5': 0.9470915841584159, 'loss': 89.6129891872406, 'macs': 49357430760, 'params': 251872232, 'model_size': 960.8163146972656, 'inference_time': 0}
2024-10-13 16:49:56,825 Pruning 1024 in layer 14
2024-10-13 16:50:00,422 Gathering metrics
2024-10-13 16:50:40,320 {'acc1': 0.8022896039603961, 'acc5': 0.948019801980198, 'loss': 89.84913662821054, 'macs': 49254095592, 'params': 251347688, 'model_size': 958.8153381347656, 'inference_time': 0}
2024-10-13 16:50:40,347 Pruning 1280 in layer 14
2024-10-13 16:50:43,468 Gathering metrics
2024-10-13 16:51:21,756 {'acc1': 0.8032178217821783, 'acc5': 0.948019801980198, 'loss': 89.77446111291647, 'macs': 49150760424, 'params': 250823144, 'model_size': 956.8143615722656, 'inference_time': 0}
2024-10-13 16:51:21,783 Pruning 1536 in layer 14
2024-10-13 16:51:24,517 Gathering metrics
2024-10-13 16:52:02,926 {'acc1': 0.8025990099009901, 'acc5': 0.9477103960396039, 'loss': 89.68460259586573, 'macs': 49047425256, 'params': 250298600, 'model_size': 954.8133850097656, 'inference_time': 0}
2024-10-13 16:52:02,953 Pruning 1792 in layer 14
2024-10-13 16:52:05,257 Gathering metrics
2024-10-13 16:52:43,500 {'acc1': 0.8025990099009901, 'acc5': 0.9470915841584159, 'loss': 90.03873734176159, 'macs': 48944090088, 'params': 249774056, 'model_size': 952.8124084472656, 'inference_time': 0}
2024-10-13 16:52:43,527 Pruning 2048 in layer 14
2024-10-13 16:52:45,483 Gathering metrics
2024-10-13 16:53:23,696 {'acc1': 0.8025990099009901, 'acc5': 0.948019801980198, 'loss': 90.14830466359854, 'macs': 48840754920, 'params': 249249512, 'model_size': 950.8114318847656, 'inference_time': 0}
2024-10-13 16:53:23,723 Pruning 2304 in layer 14
2024-10-13 16:53:25,386 Gathering metrics
2024-10-13 16:54:03,101 {'acc1': 0.8035272277227723, 'acc5': 0.948019801980198, 'loss': 89.972337000072, 'macs': 48737419752, 'params': 248724968, 'model_size': 948.8104553222656, 'inference_time': 0}
2024-10-13 16:54:03,213 Pruning 2560 in layer 14
2024-10-13 16:54:04,610 Gathering metrics
2024-10-13 16:54:42,577 {'acc1': 0.8025990099009901, 'acc5': 0.9483292079207921, 'loss': 90.13214287161827, 'macs': 48634084584, 'params': 248200424, 'model_size': 946.8094787597656, 'inference_time': 0}
2024-10-13 16:54:42,604 Pruning 2816 in layer 14
2024-10-13 16:54:43,801 Gathering metrics
2024-10-13 16:55:21,592 {'acc1': 0.8001237623762376, 'acc5': 0.9492574257425742, 'loss': 89.89718031138182, 'macs': 48530749416, 'params': 247675880, 'model_size': 944.8085021972656, 'inference_time': 0}
2024-10-13 16:55:21,618 Pruning 256 in layer 15
2024-10-13 16:55:27,079 Gathering metrics
2024-10-13 16:56:05,290 {'acc1': 0.8016707920792079, 'acc5': 0.9477103960396039, 'loss': 90.19267681986094, 'macs': 48530749416, 'params': 247675880, 'model_size': 944.8085021972656, 'inference_time': 0}
2024-10-13 16:56:05,316 Pruning 512 in layer 15
2024-10-13 16:56:10,042 Gathering metrics
2024-10-13 16:56:48,070 {'acc1': 0.8010519801980198, 'acc5': 0.9474009900990099, 'loss': 90.32346250116825, 'macs': 48427414248, 'params': 247151336, 'model_size': 942.8075256347656, 'inference_time': 0}
2024-10-13 16:56:48,097 Pruning 768 in layer 15
2024-10-13 16:56:52,226 Gathering metrics
2024-10-13 16:57:30,215 {'acc1': 0.8010519801980198, 'acc5': 0.9483292079207921, 'loss': 90.54538606107235, 'macs': 48324079080, 'params': 246626792, 'model_size': 940.8065490722656, 'inference_time': 0}
2024-10-13 16:57:30,241 Pruning 1024 in layer 15
2024-10-13 16:57:33,841 Gathering metrics
2024-10-13 16:58:11,696 {'acc1': 0.8010519801980198, 'acc5': 0.9483292079207921, 'loss': 90.90143352746964, 'macs': 48220743912, 'params': 246102248, 'model_size': 938.8055725097656, 'inference_time': 0}
2024-10-13 16:58:11,722 Pruning 1280 in layer 15
2024-10-13 16:58:14,840 Gathering metrics
2024-10-13 16:58:52,479 {'acc1': 0.7991955445544554, 'acc5': 0.9477103960396039, 'loss': 90.96400510519743, 'macs': 48117408744, 'params': 245577704, 'model_size': 936.8045959472656, 'inference_time': 0}
2024-10-13 16:58:52,505 Pruning 1536 in layer 15
2024-10-13 16:58:55,238 Gathering metrics
2024-10-13 16:59:32,997 {'acc1': 0.7995049504950495, 'acc5': 0.9483292079207921, 'loss': 90.93157568573952, 'macs': 48014073576, 'params': 245053160, 'model_size': 934.8036193847656, 'inference_time': 0}
2024-10-13 16:59:33,024 Pruning 1792 in layer 15
2024-10-13 16:59:35,334 Gathering metrics
2024-10-13 17:00:12,950 {'acc1': 0.7995049504950495, 'acc5': 0.948019801980198, 'loss': 91.23130578547716, 'macs': 47910738408, 'params': 244528616, 'model_size': 932.8026428222656, 'inference_time': 0}
2024-10-13 17:00:12,975 Pruning 2048 in layer 15
2024-10-13 17:00:14,932 Gathering metrics
2024-10-13 17:00:52,521 {'acc1': 0.7982673267326733, 'acc5': 0.9474009900990099, 'loss': 91.51812487840652, 'macs': 47807403240, 'params': 244004072, 'model_size': 930.8016662597656, 'inference_time': 0}
2024-10-13 17:00:52,548 Pruning 256 in layer 16
2024-10-13 17:00:58,004 Gathering metrics
2024-10-13 17:01:35,925 {'acc1': 0.8001237623762376, 'acc5': 0.9474009900990099, 'loss': 91.37143720686436, 'macs': 47807403240, 'params': 244004072, 'model_size': 930.8016662597656, 'inference_time': 0}
2024-10-13 17:01:35,950 Pruning 512 in layer 16
2024-10-13 17:01:40,672 Gathering metrics
2024-10-13 17:02:18,352 {'acc1': 0.7976485148514851, 'acc5': 0.9483292079207921, 'loss': 91.41348491609097, 'macs': 47704068072, 'params': 243479528, 'model_size': 928.8006896972656, 'inference_time': 0}
2024-10-13 17:02:18,378 Pruning 768 in layer 16
2024-10-13 17:02:22,518 Gathering metrics
2024-10-13 17:03:00,235 {'acc1': 0.7979579207920792, 'acc5': 0.9474009900990099, 'loss': 91.42291490733624, 'macs': 47600732904, 'params': 242954984, 'model_size': 926.7997131347656, 'inference_time': 0}
2024-10-13 17:03:00,349 Pruning 1024 in layer 16
2024-10-13 17:03:03,954 Gathering metrics
2024-10-13 17:03:41,553 {'acc1': 0.7979579207920792, 'acc5': 0.9467821782178217, 'loss': 91.51790080964565, 'macs': 47497397736, 'params': 242430440, 'model_size': 924.7987365722656, 'inference_time': 0}
2024-10-13 17:03:41,580 Pruning 1280 in layer 16
2024-10-13 17:03:44,686 Gathering metrics
2024-10-13 17:04:22,932 {'acc1': 0.7982673267326733, 'acc5': 0.9470915841584159, 'loss': 91.49006847292185, 'macs': 47394062568, 'params': 241905896, 'model_size': 922.7977600097656, 'inference_time': 0}
2024-10-13 17:04:22,960 Pruning 1536 in layer 16
2024-10-13 17:04:25,690 Gathering metrics
2024-10-13 17:05:04,818 {'acc1': 0.7985767326732673, 'acc5': 0.9474009900990099, 'loss': 91.52835857868195, 'macs': 47290727400, 'params': 241381352, 'model_size': 920.7967834472656, 'inference_time': 0}
2024-10-13 17:05:04,844 Pruning 1792 in layer 16
2024-10-13 17:05:07,147 Gathering metrics
2024-10-13 17:05:45,914 {'acc1': 0.7988861386138614, 'acc5': 0.948019801980198, 'loss': 91.52900333702564, 'macs': 47187392232, 'params': 240856808, 'model_size': 918.7958068847656, 'inference_time': 0}
2024-10-13 17:05:45,947 Pruning 2048 in layer 16
2024-10-13 17:05:47,911 Gathering metrics
2024-10-13 17:06:25,392 {'acc1': 0.7979579207920792, 'acc5': 0.948019801980198, 'loss': 91.84892158210278, 'macs': 47084057064, 'params': 240332264, 'model_size': 916.7948303222656, 'inference_time': 0}
2024-10-13 17:06:25,419 Pruning 2304 in layer 16
2024-10-13 17:06:27,118 Gathering metrics
2024-10-13 17:07:04,330 {'acc1': 0.7973391089108911, 'acc5': 0.9474009900990099, 'loss': 92.22542325407267, 'macs': 46980721896, 'params': 239807720, 'model_size': 914.7938537597656, 'inference_time': 0}
2024-10-13 17:07:04,357 Pruning 2560 in layer 16
2024-10-13 17:07:05,775 Gathering metrics
2024-10-13 17:07:43,023 {'acc1': 0.7964108910891089, 'acc5': 0.9474009900990099, 'loss': 92.52457535266876, 'macs': 46877386728, 'params': 239283176, 'model_size': 912.7928771972656, 'inference_time': 0}
2024-10-13 17:07:43,050 Pruning 2816 in layer 16
2024-10-13 17:07:44,248 Gathering metrics
2024-10-13 17:08:21,515 {'acc1': 0.7964108910891089, 'acc5': 0.9461633663366337, 'loss': 92.64655920118093, 'macs': 46774051560, 'params': 238758632, 'model_size': 910.7919006347656, 'inference_time': 0}
2024-10-13 17:08:21,543 Pruning 3072 in layer 16
2024-10-13 17:08:22,549 Gathering metrics
2024-10-13 17:08:59,650 {'acc1': 0.7964108910891089, 'acc5': 0.9470915841584159, 'loss': 93.01645352691412, 'macs': 46670716392, 'params': 238234088, 'model_size': 908.7909240722656, 'inference_time': 0}
2024-10-13 17:08:59,677 Pruning 3328 in layer 16
2024-10-13 17:09:00,521 Gathering metrics
2024-10-13 17:09:37,725 {'acc1': 0.7948638613861386, 'acc5': 0.9458539603960396, 'loss': 93.96019218116999, 'macs': 46567381224, 'params': 237709544, 'model_size': 906.7899475097656, 'inference_time': 0}
2024-10-13 17:09:37,751 Pruning 256 in layer 17
2024-10-13 17:09:43,193 Gathering metrics
2024-10-13 17:10:20,447 {'acc1': 0.7961014851485149, 'acc5': 0.9467821782178217, 'loss': 93.08997016400099, 'macs': 46567381224, 'params': 237709544, 'model_size': 906.7899475097656, 'inference_time': 0}
2024-10-13 17:10:20,474 Pruning 512 in layer 17
2024-10-13 17:10:25,189 Gathering metrics
2024-10-13 17:11:02,285 {'acc1': 0.7961014851485149, 'acc5': 0.9470915841584159, 'loss': 93.09929470717907, 'macs': 46464046056, 'params': 237185000, 'model_size': 904.7889709472656, 'inference_time': 0}
2024-10-13 17:11:02,313 Pruning 768 in layer 17
2024-10-13 17:11:06,453 Gathering metrics
2024-10-13 17:11:43,720 {'acc1': 0.7957920792079208, 'acc5': 0.9474009900990099, 'loss': 93.12535247951746, 'macs': 46360710888, 'params': 236660456, 'model_size': 902.7879943847656, 'inference_time': 0}
2024-10-13 17:11:43,746 Pruning 1024 in layer 17
2024-10-13 17:11:47,344 Gathering metrics
2024-10-13 17:12:24,273 {'acc1': 0.7961014851485149, 'acc5': 0.9467821782178217, 'loss': 93.12494472414255, 'macs': 46257375720, 'params': 236135912, 'model_size': 900.7870178222656, 'inference_time': 0}
2024-10-13 17:12:24,387 Pruning 1280 in layer 17
2024-10-13 17:12:27,505 Gathering metrics
2024-10-13 17:13:04,625 {'acc1': 0.7961014851485149, 'acc5': 0.9467821782178217, 'loss': 93.08674740046263, 'macs': 46154040552, 'params': 235611368, 'model_size': 898.7860412597656, 'inference_time': 0}
2024-10-13 17:13:04,652 Pruning 1536 in layer 17
2024-10-13 17:13:07,373 Gathering metrics
2024-10-13 17:13:44,287 {'acc1': 0.7964108910891089, 'acc5': 0.9458539603960396, 'loss': 93.23788215219975, 'macs': 46050705384, 'params': 235086824, 'model_size': 896.7850646972656, 'inference_time': 0}
2024-10-13 17:13:44,314 Pruning 1792 in layer 17
2024-10-13 17:13:46,619 Gathering metrics
2024-10-13 17:14:23,550 {'acc1': 0.7967202970297029, 'acc5': 0.9452351485148515, 'loss': 93.10156082361937, 'macs': 45947370216, 'params': 234562280, 'model_size': 894.7840881347656, 'inference_time': 0}
2024-10-13 17:14:23,576 Pruning 2048 in layer 17
2024-10-13 17:14:25,532 Gathering metrics
2024-10-13 17:15:02,432 {'acc1': 0.7970297029702971, 'acc5': 0.9458539603960396, 'loss': 93.14735250174999, 'macs': 45844035048, 'params': 234037736, 'model_size': 892.7831115722656, 'inference_time': 0}
2024-10-13 17:15:02,459 Pruning 2304 in layer 17
2024-10-13 17:15:04,142 Gathering metrics
2024-10-13 17:15:40,940 {'acc1': 0.7951732673267327, 'acc5': 0.9464727722772277, 'loss': 93.03622858226299, 'macs': 45740699880, 'params': 233513192, 'model_size': 890.7821350097656, 'inference_time': 0}
2024-10-13 17:15:40,968 Pruning 2560 in layer 17
2024-10-13 17:15:42,389 Gathering metrics
2024-10-13 17:16:19,332 {'acc1': 0.7951732673267327, 'acc5': 0.9452351485148515, 'loss': 93.37258249521255, 'macs': 45637364712, 'params': 232988648, 'model_size': 888.7811584472656, 'inference_time': 0}
2024-10-13 17:16:19,360 Pruning 2816 in layer 17
2024-10-13 17:16:20,551 Gathering metrics
2024-10-13 17:16:57,466 {'acc1': 0.7951732673267327, 'acc5': 0.9455445544554455, 'loss': 93.43067111074924, 'macs': 45534029544, 'params': 232464104, 'model_size': 886.7801818847656, 'inference_time': 0}
2024-10-13 17:16:57,492 Pruning 3072 in layer 17
2024-10-13 17:16:58,494 Gathering metrics
2024-10-13 17:17:35,274 {'acc1': 0.7948638613861386, 'acc5': 0.9449257425742574, 'loss': 93.43418152630329, 'macs': 45430694376, 'params': 231939560, 'model_size': 884.7792053222656, 'inference_time': 0}
2024-10-13 17:17:35,300 Pruning 3328 in layer 17
2024-10-13 17:17:36,140 Gathering metrics
2024-10-13 17:18:12,955 {'acc1': 0.7923886138613861, 'acc5': 0.9467821782178217, 'loss': 93.71613811701536, 'macs': 45327359208, 'params': 231415016, 'model_size': 882.7782287597656, 'inference_time': 0}
2024-10-13 17:18:12,982 Pruning 256 in layer 18
2024-10-13 17:18:18,443 Gathering metrics
2024-10-13 17:18:55,241 {'acc1': 0.7942450495049505, 'acc5': 0.9452351485148515, 'loss': 94.05185765773058, 'macs': 45327359208, 'params': 231415016, 'model_size': 882.7782287597656, 'inference_time': 0}
2024-10-13 17:18:55,268 Pruning 512 in layer 18
2024-10-13 17:18:59,990 Gathering metrics
2024-10-13 17:19:36,463 {'acc1': 0.7936262376237624, 'acc5': 0.9449257425742574, 'loss': 94.80617059022188, 'macs': 45224024040, 'params': 230890472, 'model_size': 880.7772521972656, 'inference_time': 0}
2024-10-13 17:19:36,490 Pruning 768 in layer 18
2024-10-13 17:19:40,608 Gathering metrics
2024-10-13 17:20:17,430 {'acc1': 0.7939356435643564, 'acc5': 0.9446163366336634, 'loss': 95.65421207994223, 'macs': 45120688872, 'params': 230365928, 'model_size': 878.7762756347656, 'inference_time': 0}
2024-10-13 17:20:17,457 Pruning 1024 in layer 18
2024-10-13 17:20:21,064 Gathering metrics
2024-10-13 17:20:57,387 {'acc1': 0.7939356435643564, 'acc5': 0.9446163366336634, 'loss': 96.61534528434277, 'macs': 45017353704, 'params': 229841384, 'model_size': 876.7752990722656, 'inference_time': 0}
2024-10-13 17:20:57,413 Pruning 1280 in layer 18
2024-10-13 17:21:00,533 Gathering metrics
2024-10-13 17:21:37,077 {'acc1': 0.7942450495049505, 'acc5': 0.9439975247524752, 'loss': 97.0822774618864, 'macs': 44914018536, 'params': 229316840, 'model_size': 874.7743225097656, 'inference_time': 0}
2024-10-13 17:21:37,192 Pruning 1536 in layer 18
2024-10-13 17:21:39,919 Gathering metrics
2024-10-13 17:22:16,510 {'acc1': 0.7942450495049505, 'acc5': 0.9439975247524752, 'loss': 97.53546580672264, 'macs': 44810683368, 'params': 228792296, 'model_size': 872.7733459472656, 'inference_time': 0}
2024-10-13 17:22:16,536 Pruning 1792 in layer 18
2024-10-13 17:22:18,851 Gathering metrics
2024-10-13 17:22:55,503 {'acc1': 0.7942450495049505, 'acc5': 0.9443069306930693, 'loss': 97.84880293905735, 'macs': 44707348200, 'params': 228267752, 'model_size': 870.7723693847656, 'inference_time': 0}
2024-10-13 17:22:55,531 Pruning 2048 in layer 18
2024-10-13 17:22:57,492 Gathering metrics
2024-10-13 17:23:33,805 {'acc1': 0.7936262376237624, 'acc5': 0.9443069306930693, 'loss': 98.33703562617302, 'macs': 44604013032, 'params': 227743208, 'model_size': 868.7713928222656, 'inference_time': 0}
2024-10-13 17:23:33,831 Pruning 2304 in layer 18
2024-10-13 17:23:35,509 Gathering metrics
2024-10-13 17:24:12,024 {'acc1': 0.7942450495049505, 'acc5': 0.9446163366336634, 'loss': 98.36262951791286, 'macs': 44500677864, 'params': 227218664, 'model_size': 866.7704162597656, 'inference_time': 0}
2024-10-13 17:24:12,052 Pruning 2560 in layer 18
2024-10-13 17:24:13,456 Gathering metrics
2024-10-13 17:24:49,587 {'acc1': 0.7942450495049505, 'acc5': 0.9449257425742574, 'loss': 98.35081009566784, 'macs': 44397342696, 'params': 226694120, 'model_size': 864.7694396972656, 'inference_time': 0}
2024-10-13 17:24:49,614 Pruning 2816 in layer 18
2024-10-13 17:24:50,800 Gathering metrics
2024-10-13 17:25:26,877 {'acc1': 0.7945544554455446, 'acc5': 0.9455445544554455, 'loss': 97.77231230586767, 'macs': 44294007528, 'params': 226169576, 'model_size': 862.7684631347656, 'inference_time': 0}
2024-10-13 17:25:26,904 Pruning 3072 in layer 18
2024-10-13 17:25:27,900 Gathering metrics
2024-10-13 17:26:04,021 {'acc1': 0.7951732673267327, 'acc5': 0.9452351485148515, 'loss': 97.54190500825644, 'macs': 44190672360, 'params': 225645032, 'model_size': 860.7674865722656, 'inference_time': 0}
2024-10-13 17:26:04,047 Pruning 3328 in layer 18
2024-10-13 17:26:04,893 Gathering metrics
2024-10-13 17:26:41,285 {'acc1': 0.7948638613861386, 'acc5': 0.9455445544554455, 'loss': 99.33305278420448, 'macs': 44087337192, 'params': 225120488, 'model_size': 858.7665100097656, 'inference_time': 0}
2024-10-13 17:26:41,312 Pruning 3584 in layer 18
2024-10-13 17:26:42,008 Gathering metrics
2024-10-13 17:27:17,934 {'acc1': 0.7948638613861386, 'acc5': 0.9455445544554455, 'loss': 101.10489828139544, 'macs': 43984002024, 'params': 224595944, 'model_size': 856.7655334472656, 'inference_time': 0}
2024-10-13 17:27:17,961 Pruning 3840 in layer 18
2024-10-13 17:27:18,525 Gathering metrics
2024-10-13 17:27:54,537 {'acc1': 0.7954826732673267, 'acc5': 0.9449257425742574, 'loss': 102.00088193267584, 'macs': 43880666856, 'params': 224071400, 'model_size': 854.7645568847656, 'inference_time': 0}
2024-10-13 17:27:54,564 Pruning 256 in layer 19
2024-10-13 17:28:00,024 Gathering metrics
2024-10-13 17:28:36,270 {'acc1': 0.7948638613861386, 'acc5': 0.9455445544554455, 'loss': 101.10607060790062, 'macs': 43880666856, 'params': 224071400, 'model_size': 854.7645568847656, 'inference_time': 0}
2024-10-13 17:28:36,297 Pruning 512 in layer 19
2024-10-13 17:28:41,017 Gathering metrics
2024-10-13 17:29:17,141 {'acc1': 0.7948638613861386, 'acc5': 0.9455445544554455, 'loss': 101.11320039629936, 'macs': 43777331688, 'params': 223546856, 'model_size': 852.7635803222656, 'inference_time': 0}
2024-10-13 17:29:17,168 Pruning 768 in layer 19
2024-10-13 17:29:21,308 Gathering metrics
2024-10-13 17:29:57,370 {'acc1': 0.7948638613861386, 'acc5': 0.9455445544554455, 'loss': 101.12830483168364, 'macs': 43673996520, 'params': 223022312, 'model_size': 850.7626037597656, 'inference_time': 0}
2024-10-13 17:29:57,396 Pruning 1024 in layer 19
2024-10-13 17:30:01,003 Gathering metrics
2024-10-13 17:30:37,094 {'acc1': 0.7948638613861386, 'acc5': 0.9455445544554455, 'loss': 101.14964184165001, 'macs': 43570661352, 'params': 222497768, 'model_size': 848.7616271972656, 'inference_time': 0}
2024-10-13 17:30:37,208 Pruning 1280 in layer 19
2024-10-13 17:30:40,335 Gathering metrics
2024-10-13 17:31:16,465 {'acc1': 0.7951732673267327, 'acc5': 0.9455445544554455, 'loss': 101.1772159487009, 'macs': 43467326184, 'params': 221973224, 'model_size': 846.7606506347656, 'inference_time': 0}
2024-10-13 17:31:16,492 Pruning 1536 in layer 19
2024-10-13 17:31:19,223 Gathering metrics
2024-10-13 17:31:55,132 {'acc1': 0.7951732673267327, 'acc5': 0.9455445544554455, 'loss': 101.21208952367306, 'macs': 43363991016, 'params': 221448680, 'model_size': 844.7596740722656, 'inference_time': 0}
2024-10-13 17:31:55,160 Pruning 1792 in layer 19
2024-10-13 17:31:57,455 Gathering metrics
2024-10-13 17:32:33,106 {'acc1': 0.7951732673267327, 'acc5': 0.9458539603960396, 'loss': 101.27158351242542, 'macs': 43260655848, 'params': 220924136, 'model_size': 842.7586975097656, 'inference_time': 0}
2024-10-13 17:32:33,134 Pruning 2048 in layer 19
2024-10-13 17:32:35,087 Gathering metrics
2024-10-13 17:33:10,894 {'acc1': 0.7951732673267327, 'acc5': 0.9455445544554455, 'loss': 101.29487642645836, 'macs': 43157320680, 'params': 220399592, 'model_size': 840.7577209472656, 'inference_time': 0}
2024-10-13 17:33:10,920 Pruning 2304 in layer 19
2024-10-13 17:33:12,596 Gathering metrics
2024-10-13 17:33:48,282 {'acc1': 0.7954826732673267, 'acc5': 0.9452351485148515, 'loss': 101.25169940292835, 'macs': 43053985512, 'params': 219875048, 'model_size': 838.7567443847656, 'inference_time': 0}
2024-10-13 17:33:48,309 Pruning 2560 in layer 19
2024-10-13 17:33:49,717 Gathering metrics
2024-10-13 17:34:25,416 {'acc1': 0.7954826732673267, 'acc5': 0.9449257425742574, 'loss': 101.09805366396904, 'macs': 42950650344, 'params': 219350504, 'model_size': 836.7557678222656, 'inference_time': 0}
2024-10-13 17:34:25,444 Pruning 2816 in layer 19
2024-10-13 17:34:26,638 Gathering metrics
2024-10-13 17:35:02,544 {'acc1': 0.7948638613861386, 'acc5': 0.9455445544554455, 'loss': 101.36085084825754, 'macs': 42847315176, 'params': 218825960, 'model_size': 834.7547912597656, 'inference_time': 0}
2024-10-13 17:35:02,571 Pruning 3072 in layer 19
2024-10-13 17:35:03,587 Gathering metrics
2024-10-13 17:35:39,240 {'acc1': 0.7951732673267327, 'acc5': 0.9458539603960396, 'loss': 102.05166217684746, 'macs': 42743980008, 'params': 218301416, 'model_size': 832.7538146972656, 'inference_time': 0}
2024-10-13 17:35:39,267 Pruning 3328 in layer 19
2024-10-13 17:35:40,110 Gathering metrics
2024-10-13 17:36:15,720 {'acc1': 0.7939356435643564, 'acc5': 0.9452351485148515, 'loss': 102.83642753958702, 'macs': 42640644840, 'params': 217776872, 'model_size': 830.7528381347656, 'inference_time': 0}
2024-10-13 17:36:15,747 Pruning 3584 in layer 19
2024-10-13 17:36:16,444 Gathering metrics
2024-10-13 17:36:51,807 {'acc1': 0.7926980198019802, 'acc5': 0.9446163366336634, 'loss': 105.20118421316147, 'macs': 42537309672, 'params': 217252328, 'model_size': 828.7518615722656, 'inference_time': 0}
2024-10-13 17:36:51,835 Pruning 3840 in layer 19
2024-10-13 17:36:52,399 Gathering metrics
2024-10-13 17:37:27,878 {'acc1': 0.7926980198019802, 'acc5': 0.9452351485148515, 'loss': 104.209701128304, 'macs': 42433974504, 'params': 216727784, 'model_size': 826.7508850097656, 'inference_time': 0}
2024-10-13 17:37:27,905 Pruning 256 in layer 20
2024-10-13 17:37:33,353 Gathering metrics
2024-10-13 17:38:08,751 {'acc1': 0.7926980198019802, 'acc5': 0.9446163366336634, 'loss': 105.20146295428276, 'macs': 42433974504, 'params': 216727784, 'model_size': 826.7508850097656, 'inference_time': 0}
2024-10-13 17:38:08,778 Pruning 512 in layer 20
2024-10-13 17:38:13,486 Gathering metrics
2024-10-13 17:38:48,942 {'acc1': 0.7926980198019802, 'acc5': 0.9446163366336634, 'loss': 105.20404629409313, 'macs': 42330639336, 'params': 216203240, 'model_size': 824.7499084472656, 'inference_time': 0}
2024-10-13 17:38:48,970 Pruning 768 in layer 20
2024-10-13 17:38:53,107 Gathering metrics
2024-10-13 17:39:28,448 {'acc1': 0.7926980198019802, 'acc5': 0.9446163366336634, 'loss': 105.21018889546394, 'macs': 42227304168, 'params': 215678696, 'model_size': 822.7489318847656, 'inference_time': 0}
2024-10-13 17:39:28,562 Pruning 1024 in layer 20
2024-10-13 17:39:32,148 Gathering metrics
2024-10-13 17:40:07,411 {'acc1': 0.7926980198019802, 'acc5': 0.9446163366336634, 'loss': 105.21922560036182, 'macs': 42123969000, 'params': 215154152, 'model_size': 820.7479553222656, 'inference_time': 0}
2024-10-13 17:40:07,438 Pruning 1280 in layer 20
2024-10-13 17:40:10,549 Gathering metrics
2024-10-13 17:40:45,834 {'acc1': 0.7926980198019802, 'acc5': 0.9446163366336634, 'loss': 105.23149558901787, 'macs': 42020633832, 'params': 214629608, 'model_size': 818.7469787597656, 'inference_time': 0}
2024-10-13 17:40:45,862 Pruning 1536 in layer 20
2024-10-13 17:40:48,588 Gathering metrics
2024-10-13 17:41:23,774 {'acc1': 0.7926980198019802, 'acc5': 0.9446163366336634, 'loss': 105.2469584196806, 'macs': 41917298664, 'params': 214105064, 'model_size': 816.7460021972656, 'inference_time': 0}
2024-10-13 17:41:23,802 Pruning 1792 in layer 20
2024-10-13 17:41:26,105 Gathering metrics
2024-10-13 17:42:01,515 {'acc1': 0.7926980198019802, 'acc5': 0.9446163366336634, 'loss': 105.26545318961143, 'macs': 41813963496, 'params': 213580520, 'model_size': 814.7450256347656, 'inference_time': 0}
2024-10-13 17:42:01,541 Pruning 2048 in layer 20
2024-10-13 17:42:03,490 Gathering metrics
2024-10-13 17:42:38,654 {'acc1': 0.7926980198019802, 'acc5': 0.9446163366336634, 'loss': 105.28502306342125, 'macs': 41710628328, 'params': 213055976, 'model_size': 812.7440490722656, 'inference_time': 0}
2024-10-13 17:42:38,681 Pruning 2304 in layer 20
2024-10-13 17:42:40,365 Gathering metrics
2024-10-13 17:43:15,520 {'acc1': 0.7926980198019802, 'acc5': 0.9446163366336634, 'loss': 105.30551153421402, 'macs': 41607293160, 'params': 212531432, 'model_size': 810.7430725097656, 'inference_time': 0}
2024-10-13 17:43:15,547 Pruning 2560 in layer 20
2024-10-13 17:43:16,940 Gathering metrics
2024-10-13 17:43:51,877 {'acc1': 0.7926980198019802, 'acc5': 0.9446163366336634, 'loss': 105.32804556190968, 'macs': 41503957992, 'params': 212006888, 'model_size': 808.7420959472656, 'inference_time': 0}
2024-10-13 17:43:51,904 Pruning 2816 in layer 20
2024-10-13 17:43:53,100 Gathering metrics
2024-10-13 17:44:28,033 {'acc1': 0.7926980198019802, 'acc5': 0.9446163366336634, 'loss': 105.34791000187397, 'macs': 41400622824, 'params': 211482344, 'model_size': 806.7411193847656, 'inference_time': 0}
2024-10-13 17:44:28,060 Pruning 3072 in layer 20
2024-10-13 17:44:29,056 Gathering metrics
2024-10-13 17:45:04,191 {'acc1': 0.7926980198019802, 'acc5': 0.9446163366336634, 'loss': 105.36406488716602, 'macs': 41297287656, 'params': 210957800, 'model_size': 804.7401428222656, 'inference_time': 0}
2024-10-13 17:45:04,218 Pruning 3328 in layer 20
2024-10-13 17:45:05,066 Gathering metrics
2024-10-13 17:45:40,329 {'acc1': 0.7926980198019802, 'acc5': 0.9446163366336634, 'loss': 105.52598506212234, 'macs': 41193952488, 'params': 210433256, 'model_size': 802.7391662597656, 'inference_time': 0}
2024-10-13 17:45:40,356 Pruning 3584 in layer 20
2024-10-13 17:45:41,050 Gathering metrics
2024-10-13 17:46:16,253 {'acc1': 0.7930074257425742, 'acc5': 0.9446163366336634, 'loss': 106.6429063975811, 'macs': 41090617320, 'params': 209908712, 'model_size': 800.7381896972656, 'inference_time': 0}
2024-10-13 17:46:16,280 Pruning 3840 in layer 20
2024-10-13 17:46:16,845 Gathering metrics
2024-10-13 17:46:51,966 {'acc1': 0.7923886138613861, 'acc5': 0.9446163366336634, 'loss': 110.00486560165882, 'macs': 40987282152, 'params': 209384168, 'model_size': 798.7372131347656, 'inference_time': 0}
2024-10-13 17:46:51,993 Pruning 256 in layer 21
2024-10-13 17:46:57,428 Gathering metrics
2024-10-13 17:47:32,413 {'acc1': 0.7930074257425742, 'acc5': 0.9446163366336634, 'loss': 106.73553481698036, 'macs': 40987282152, 'params': 209384168, 'model_size': 798.7372131347656, 'inference_time': 0}
2024-10-13 17:47:32,529 Pruning 512 in layer 21
2024-10-13 17:47:37,223 Gathering metrics
2024-10-13 17:48:12,257 {'acc1': 0.7930074257425742, 'acc5': 0.9446163366336634, 'loss': 106.99671195447445, 'macs': 40883946984, 'params': 208859624, 'model_size': 796.7362365722656, 'inference_time': 0}
2024-10-13 17:48:12,284 Pruning 768 in layer 21
2024-10-13 17:48:16,414 Gathering metrics
2024-10-13 17:48:51,088 {'acc1': 0.7930074257425742, 'acc5': 0.9446163366336634, 'loss': 107.39305554330349, 'macs': 40780611816, 'params': 208335080, 'model_size': 794.7352600097656, 'inference_time': 0}
2024-10-13 17:48:51,114 Pruning 1024 in layer 21
2024-10-13 17:48:54,692 Gathering metrics
2024-10-13 17:49:29,309 {'acc1': 0.7930074257425742, 'acc5': 0.9446163366336634, 'loss': 107.93174204230309, 'macs': 40677276648, 'params': 207810536, 'model_size': 792.7342834472656, 'inference_time': 0}
2024-10-13 17:49:29,336 Pruning 1280 in layer 21
2024-10-13 17:49:32,439 Gathering metrics
2024-10-13 17:50:07,277 {'acc1': 0.7930074257425742, 'acc5': 0.9446163366336634, 'loss': 108.59775711596012, 'macs': 40573941480, 'params': 207285992, 'model_size': 790.7333068847656, 'inference_time': 0}
2024-10-13 17:50:07,305 Pruning 1536 in layer 21
2024-10-13 17:50:10,040 Gathering metrics
2024-10-13 17:50:44,852 {'acc1': 0.7930074257425742, 'acc5': 0.9446163366336634, 'loss': 109.40422028303146, 'macs': 40470606312, 'params': 206761448, 'model_size': 788.7323303222656, 'inference_time': 0}
2024-10-13 17:50:44,880 Pruning 1792 in layer 21
2024-10-13 17:50:47,189 Gathering metrics
2024-10-13 17:51:21,946 {'acc1': 0.7930074257425742, 'acc5': 0.9446163366336634, 'loss': 110.37784385681152, 'macs': 40367271144, 'params': 206236904, 'model_size': 786.7313537597656, 'inference_time': 0}
2024-10-13 17:51:21,972 Pruning 2048 in layer 21
2024-10-13 17:51:23,936 Gathering metrics
2024-10-13 17:51:58,932 {'acc1': 0.7930074257425742, 'acc5': 0.9446163366336634, 'loss': 111.43216727674007, 'macs': 40263935976, 'params': 205712360, 'model_size': 784.7303771972656, 'inference_time': 0}
2024-10-13 17:51:58,960 Pruning 2304 in layer 21
2024-10-13 17:52:00,647 Gathering metrics
2024-10-13 17:52:35,428 {'acc1': 0.7930074257425742, 'acc5': 0.9446163366336634, 'loss': 112.68707340955734, 'macs': 40160600808, 'params': 205187816, 'model_size': 782.7294006347656, 'inference_time': 0}
2024-10-13 17:52:35,456 Pruning 2560 in layer 21
2024-10-13 17:52:36,867 Gathering metrics
2024-10-13 17:53:11,491 {'acc1': 0.7930074257425742, 'acc5': 0.9446163366336634, 'loss': 114.20367322862148, 'macs': 40057265640, 'params': 204663272, 'model_size': 780.7284240722656, 'inference_time': 0}
2024-10-13 17:53:11,518 Pruning 2816 in layer 21
2024-10-13 17:53:12,700 Gathering metrics
2024-10-13 17:53:47,127 {'acc1': 0.7930074257425742, 'acc5': 0.9446163366336634, 'loss': 116.06750027835369, 'macs': 39953930472, 'params': 204138728, 'model_size': 778.7274475097656, 'inference_time': 0}
2024-10-13 17:53:47,154 Pruning 3072 in layer 21
2024-10-13 17:53:48,171 Gathering metrics
2024-10-13 17:54:22,980 {'acc1': 0.7930074257425742, 'acc5': 0.9446163366336634, 'loss': 118.48513787984848, 'macs': 39850595304, 'params': 203614184, 'model_size': 776.7264709472656, 'inference_time': 0}
2024-10-13 17:54:23,008 Pruning 3328 in layer 21
2024-10-13 17:54:23,848 Gathering metrics
2024-10-13 17:54:58,431 {'acc1': 0.7930074257425742, 'acc5': 0.9443069306930693, 'loss': 121.51977394521236, 'macs': 39747260136, 'params': 203089640, 'model_size': 774.7254943847656, 'inference_time': 0}
2024-10-13 17:54:58,458 Pruning 3584 in layer 21
2024-10-13 17:54:59,155 Gathering metrics
2024-10-13 17:55:33,720 {'acc1': 0.7926980198019802, 'acc5': 0.9443069306930693, 'loss': 125.749072894454, 'macs': 39643924968, 'params': 202565096, 'model_size': 772.7245178222656, 'inference_time': 0}
2024-10-13 17:55:33,748 Pruning 3840 in layer 21
2024-10-13 17:55:34,317 Gathering metrics
2024-10-13 17:56:08,699 {'acc1': 0.7923886138613861, 'acc5': 0.9443069306930693, 'loss': 132.1825724542141, 'macs': 39540589800, 'params': 202040552, 'model_size': 770.7235412597656, 'inference_time': 0}
2024-10-13 17:56:08,814 Pruning 256 in layer 22
2024-10-13 17:56:14,259 Gathering metrics
2024-10-13 17:56:48,514 {'acc1': 0.7926980198019802, 'acc5': 0.9443069306930693, 'loss': 125.74891060590744, 'macs': 39540589800, 'params': 202040552, 'model_size': 770.7235412597656, 'inference_time': 0}
2024-10-13 17:56:48,541 Pruning 512 in layer 22
2024-10-13 17:56:53,252 Gathering metrics
2024-10-13 17:57:27,517 {'acc1': 0.7926980198019802, 'acc5': 0.9443069306930693, 'loss': 125.74892561137676, 'macs': 39437254632, 'params': 201516008, 'model_size': 768.7225646972656, 'inference_time': 0}
2024-10-13 17:57:27,545 Pruning 768 in layer 22
2024-10-13 17:57:31,696 Gathering metrics
2024-10-13 17:58:06,039 {'acc1': 0.7926980198019802, 'acc5': 0.9443069306930693, 'loss': 125.7494760453701, 'macs': 39333919464, 'params': 200991464, 'model_size': 766.7215881347656, 'inference_time': 0}
2024-10-13 17:58:06,066 Pruning 1024 in layer 22
2024-10-13 17:58:09,658 Gathering metrics
2024-10-13 17:58:43,794 {'acc1': 0.7926980198019802, 'acc5': 0.9443069306930693, 'loss': 125.75166416168213, 'macs': 39230584296, 'params': 200466920, 'model_size': 764.7206115722656, 'inference_time': 0}
2024-10-13 17:58:43,821 Pruning 1280 in layer 22
2024-10-13 17:58:46,951 Gathering metrics
2024-10-13 17:59:21,137 {'acc1': 0.7926980198019802, 'acc5': 0.9443069306930693, 'loss': 125.75601240992546, 'macs': 39127249128, 'params': 199942376, 'model_size': 762.7196350097656, 'inference_time': 0}
2024-10-13 17:59:21,165 Pruning 1536 in layer 22
2024-10-13 17:59:23,899 Gathering metrics
2024-10-13 17:59:58,233 {'acc1': 0.7926980198019802, 'acc5': 0.9443069306930693, 'loss': 125.76308652758598, 'macs': 39023913960, 'params': 199417832, 'model_size': 760.7186584472656, 'inference_time': 0}
2024-10-13 17:59:58,260 Pruning 1792 in layer 22
2024-10-13 18:00:00,567 Gathering metrics
2024-10-13 18:00:34,570 {'acc1': 0.7926980198019802, 'acc5': 0.9443069306930693, 'loss': 125.77468430995941, 'macs': 38920578792, 'params': 198893288, 'model_size': 758.7176818847656, 'inference_time': 0}
2024-10-13 18:00:34,597 Pruning 2048 in layer 22
2024-10-13 18:00:36,549 Gathering metrics
2024-10-13 18:01:10,885 {'acc1': 0.7926980198019802, 'acc5': 0.9443069306930693, 'loss': 125.79070381820202, 'macs': 38817243624, 'params': 198368744, 'model_size': 756.7167053222656, 'inference_time': 0}
2024-10-13 18:01:10,912 Pruning 2304 in layer 22
2024-10-13 18:01:12,591 Gathering metrics
2024-10-13 18:01:46,545 {'acc1': 0.7926980198019802, 'acc5': 0.9443069306930693, 'loss': 125.81233702600002, 'macs': 38713908456, 'params': 197844200, 'model_size': 754.7157287597656, 'inference_time': 0}
2024-10-13 18:01:46,572 Pruning 2560 in layer 22
2024-10-13 18:01:47,979 Gathering metrics
2024-10-13 18:02:21,967 {'acc1': 0.7926980198019802, 'acc5': 0.9443069306930693, 'loss': 125.84279942512512, 'macs': 38610573288, 'params': 197319656, 'model_size': 752.7147521972656, 'inference_time': 0}
2024-10-13 18:02:21,995 Pruning 2816 in layer 22
2024-10-13 18:02:23,185 Gathering metrics
2024-10-13 18:02:57,132 {'acc1': 0.7926980198019802, 'acc5': 0.9443069306930693, 'loss': 125.88109609484673, 'macs': 38507238120, 'params': 196795112, 'model_size': 750.7137756347656, 'inference_time': 0}
2024-10-13 18:02:57,158 Pruning 3072 in layer 22
2024-10-13 18:02:58,169 Gathering metrics
2024-10-13 18:03:32,250 {'acc1': 0.7926980198019802, 'acc5': 0.9443069306930693, 'loss': 125.92570786178112, 'macs': 38403902952, 'params': 196270568, 'model_size': 748.7127990722656, 'inference_time': 0}
2024-10-13 18:03:32,278 Pruning 3328 in layer 22
2024-10-13 18:03:33,118 Gathering metrics
2024-10-13 18:04:07,221 {'acc1': 0.7926980198019802, 'acc5': 0.9443069306930693, 'loss': 125.97240717709064, 'macs': 38300567784, 'params': 195746024, 'model_size': 746.7118225097656, 'inference_time': 0}
2024-10-13 18:04:07,249 Pruning 3584 in layer 22
2024-10-13 18:04:07,950 Gathering metrics
2024-10-13 18:04:41,796 {'acc1': 0.7926980198019802, 'acc5': 0.9443069306930693, 'loss': 125.94677267968655, 'macs': 38197232616, 'params': 195221480, 'model_size': 744.7108459472656, 'inference_time': 0}
2024-10-13 18:04:41,824 Pruning 3840 in layer 22
2024-10-13 18:04:42,397 Gathering metrics
2024-10-13 18:05:16,328 {'acc1': 0.7926980198019802, 'acc5': 0.9443069306930693, 'loss': 123.402392745018, 'macs': 38093897448, 'params': 194696936, 'model_size': 742.7098693847656, 'inference_time': 0}
2024-10-13 18:05:16,446 Pruning 256 in layer 23
2024-10-13 18:05:21,916 Gathering metrics
2024-10-13 18:05:55,619 {'acc1': 0.7926980198019802, 'acc5': 0.9443069306930693, 'loss': 125.9467726200819, 'macs': 38093897448, 'params': 194696936, 'model_size': 742.7098693847656, 'inference_time': 0}
2024-10-13 18:05:55,646 Pruning 512 in layer 23
2024-10-13 18:06:00,369 Gathering metrics
2024-10-13 18:06:34,374 {'acc1': 0.7926980198019802, 'acc5': 0.9443069306930693, 'loss': 125.9467722773552, 'macs': 37990562280, 'params': 194172392, 'model_size': 740.7088928222656, 'inference_time': 0}
2024-10-13 18:06:34,401 Pruning 768 in layer 23
2024-10-13 18:06:38,530 Gathering metrics
2024-10-13 18:07:12,070 {'acc1': 0.7926980198019802, 'acc5': 0.9443069306930693, 'loss': 125.94677180051804, 'macs': 37887227112, 'params': 193647848, 'model_size': 738.7079162597656, 'inference_time': 0}
2024-10-13 18:07:12,098 Pruning 1024 in layer 23
2024-10-13 18:07:15,693 Gathering metrics
2024-10-13 18:07:49,246 {'acc1': 0.7926980198019802, 'acc5': 0.9443069306930693, 'loss': 125.94677139818668, 'macs': 37783891944, 'params': 193123304, 'model_size': 736.7069396972656, 'inference_time': 0}
2024-10-13 18:07:49,274 Pruning 1280 in layer 23
2024-10-13 18:07:52,394 Gathering metrics
2024-10-13 18:08:25,928 {'acc1': 0.7926980198019802, 'acc5': 0.9443069306930693, 'loss': 125.9467708915472, 'macs': 37680556776, 'params': 192598760, 'model_size': 734.7059631347656, 'inference_time': 0}
2024-10-13 18:08:25,955 Pruning 1536 in layer 23
2024-10-13 18:08:28,676 Gathering metrics
2024-10-13 18:09:02,246 {'acc1': 0.7926980198019802, 'acc5': 0.9443069306930693, 'loss': 125.94677051901817, 'macs': 37577221608, 'params': 192074216, 'model_size': 732.7049865722656, 'inference_time': 0}
2024-10-13 18:09:02,272 Pruning 1792 in layer 23
2024-10-13 18:09:04,581 Gathering metrics
2024-10-13 18:09:38,338 {'acc1': 0.7926980198019802, 'acc5': 0.9443069306930693, 'loss': 125.94676958024502, 'macs': 37473886440, 'params': 191549672, 'model_size': 730.7040100097656, 'inference_time': 0}
2024-10-13 18:09:38,365 Pruning 2048 in layer 23
2024-10-13 18:09:40,320 Gathering metrics
2024-10-13 18:10:13,827 {'acc1': 0.7926980198019802, 'acc5': 0.9443069306930693, 'loss': 125.94676858186722, 'macs': 37370551272, 'params': 191025128, 'model_size': 728.7030334472656, 'inference_time': 0}
2024-10-13 18:10:13,855 Pruning 2304 in layer 23
2024-10-13 18:10:15,530 Gathering metrics
2024-10-13 18:10:48,830 {'acc1': 0.7926980198019802, 'acc5': 0.9443069306930693, 'loss': 125.94676786661148, 'macs': 37267216104, 'params': 190500584, 'model_size': 726.7020568847656, 'inference_time': 0}
2024-10-13 18:10:48,858 Pruning 2560 in layer 23
2024-10-13 18:10:50,278 Gathering metrics
2024-10-13 18:11:23,911 {'acc1': 0.7926980198019802, 'acc5': 0.9443069306930693, 'loss': 125.9467662870884, 'macs': 37163880936, 'params': 189976040, 'model_size': 724.7010803222656, 'inference_time': 0}
2024-10-13 18:11:23,937 Pruning 2816 in layer 23
2024-10-13 18:11:25,126 Gathering metrics
2024-10-13 18:11:58,443 {'acc1': 0.7926980198019802, 'acc5': 0.9443069306930693, 'loss': 125.94676460325718, 'macs': 37060545768, 'params': 189451496, 'model_size': 722.7001037597656, 'inference_time': 0}
2024-10-13 18:11:58,471 Pruning 3072 in layer 23
2024-10-13 18:11:59,482 Gathering metrics
2024-10-13 18:12:32,960 {'acc1': 0.7926980198019802, 'acc5': 0.9443069306930693, 'loss': 125.9467622935772, 'macs': 36957210600, 'params': 188926952, 'model_size': 720.6991271972656, 'inference_time': 0}
2024-10-13 18:12:32,988 Pruning 3328 in layer 23
2024-10-13 18:12:33,835 Gathering metrics
2024-10-13 18:13:07,338 {'acc1': 0.7926980198019802, 'acc5': 0.9443069306930693, 'loss': 125.94676071405411, 'macs': 36853875432, 'params': 188402408, 'model_size': 718.6981506347656, 'inference_time': 0}
2024-10-13 18:13:07,456 Pruning 3584 in layer 23
2024-10-13 18:13:08,162 Gathering metrics
2024-10-13 18:13:41,394 {'acc1': 0.7926980198019802, 'acc5': 0.9443069306930693, 'loss': 125.9467592984438, 'macs': 36750540264, 'params': 187877864, 'model_size': 716.6971740722656, 'inference_time': 0}
2024-10-13 18:13:41,422 Pruning 3840 in layer 23
2024-10-13 18:13:41,985 Gathering metrics
2024-10-13 18:14:15,168 {'acc1': 0.7926980198019802, 'acc5': 0.9443069306930693, 'loss': 125.94675467908382, 'macs': 36647205096, 'params': 187353320, 'model_size': 714.6961975097656, 'inference_time': 0}
2024-10-13 18:14:15,185 Experiment finished
