2024-10-12 01:50:40,513 Starting experiment outputs/uniform/vit_h_14/proj550
2024-10-12 01:50:40,513 Pruning 0...
2024-10-12 01:54:19,218 Gathering metrics...
2024-10-12 02:01:33,915 {'acc1': 0.8997524752475248, 'acc5': 0.9904084158415841, 'loss': 36.79553114529699, 'macs': 863467906280, 'params': 633470440, 'model_size': 2416.4979553222656, 'inference_time': 0}
2024-10-12 02:01:33,916 Pruning 50...
2024-10-12 02:05:29,972 Gathering metrics...
2024-10-12 02:12:44,312 {'acc1': 0.8969678217821783, 'acc5': 0.989480198019802, 'loss': 36.8251868635416, 'macs': 857854194280, 'params': 629372840, 'model_size': 2400.8668518066406, 'inference_time': 0}
2024-10-12 02:12:44,312 Pruning 107...
2024-10-12 02:16:58,851 Gathering metrics...
2024-10-12 02:24:11,878 {'acc1': 0.8975866336633663, 'acc5': 0.9891707920792079, 'loss': 36.987806600518525, 'macs': 851454562600, 'params': 624701576, 'model_size': 2383.047393798828, 'inference_time': 0}
2024-10-12 02:24:11,878 Pruning 167...
2024-10-12 02:28:45,594 Gathering metrics...
2024-10-12 02:35:55,087 {'acc1': 0.8994430693069307, 'acc5': 0.9897896039603961, 'loss': 37.49086580052972, 'macs': 844718108200, 'params': 619784456, 'model_size': 2364.290069580078, 'inference_time': 0}
2024-10-12 02:35:55,087 Pruning 230...
2024-10-12 02:40:49,372 Gathering metrics...
2024-10-12 02:47:57,605 {'acc1': 0.8975866336633663, 'acc5': 0.9904084158415841, 'loss': 37.78082522563636, 'macs': 837644831080, 'params': 614621480, 'model_size': 2344.5948791503906, 'inference_time': 0}
2024-10-12 02:47:57,605 Pruning 294...
2024-10-12 02:53:12,087 Gathering metrics...
2024-10-12 03:00:16,125 {'acc1': 0.8963490099009901, 'acc5': 0.9900990099009901, 'loss': 37.619865144602954, 'macs': 830459279720, 'params': 609376552, 'model_size': 2324.5870666503906, 'inference_time': 0}
2024-10-12 03:00:16,125 Pruning 359...
2024-10-12 03:05:50,104 Gathering metrics...
2024-10-12 03:12:52,091 {'acc1': 0.8923267326732673, 'acc5': 0.9897896039603961, 'loss': 38.23466396611184, 'macs': 823161454120, 'params': 604049672, 'model_size': 2304.266632080078, 'inference_time': 0}
2024-10-12 03:12:52,092 Pruning 425...
2024-10-12 03:18:46,587 Gathering metrics...
2024-10-12 03:25:44,124 {'acc1': 0.8870668316831684, 'acc5': 0.989480198019802, 'loss': 39.34742937097326, 'macs': 815751354280, 'params': 598640840, 'model_size': 2283.633575439453, 'inference_time': 0}
2024-10-12 03:25:44,124 Pruning 492...
2024-10-12 03:31:59,532 Gathering metrics...
2024-10-12 03:38:55,839 {'acc1': 0.8833539603960396, 'acc5': 0.9891707920792079, 'loss': 41.28093253914267, 'macs': 808228980200, 'params': 593150056, 'model_size': 2262.6878967285156, 'inference_time': 0}
2024-10-12 03:38:55,839 Pruning 561...
2024-10-12 03:45:31,419 Gathering metrics...
2024-10-12 03:52:23,949 {'acc1': 0.874690594059406, 'acc5': 0.9888613861386139, 'loss': 43.46219190210104, 'macs': 800482057640, 'params': 587495368, 'model_size': 2241.116973876953, 'inference_time': 0}
2024-10-12 03:52:23,950 Pruning 629...
2024-10-12 03:59:20,807 Gathering metrics...
2024-10-12 04:06:11,946 {'acc1': 0.8685024752475248, 'acc5': 0.9836014851485149, 'loss': 47.96525213494897, 'macs': 792847409320, 'params': 581922632, 'model_size': 2219.858673095703, 'inference_time': 0}
2024-10-12 04:06:11,946 Pruning 699...
2024-10-12 04:13:29,908 Gathering metrics...
2024-10-12 04:20:16,816 {'acc1': 0.8456064356435643, 'acc5': 0.9730816831683168, 'loss': 56.45349727012217, 'macs': 784988212520, 'params': 576185992, 'model_size': 2197.975128173828, 'inference_time': 0}
2024-10-12 04:20:16,816 Pruning 769...
2024-10-12 04:27:54,063 Gathering metrics...
2024-10-12 04:34:37,084 {'acc1': 0.807240099009901, 'acc5': 0.9504950495049505, 'loss': 76.23906274419278, 'macs': 777129015720, 'params': 570449352, 'model_size': 2176.091583251953, 'inference_time': 0}
2024-10-12 04:34:37,085 Pruning 840...
2024-10-12 04:42:35,082 Gathering metrics...
2024-10-12 04:49:17,595 {'acc1': 0.7202970297029703, 'acc5': 0.8960396039603961, 'loss': 118.24202846363187, 'macs': 769157544680, 'params': 564630760, 'model_size': 2153.8954162597656, 'inference_time': 0}
2024-10-12 04:49:17,595 Pruning 911...
2024-10-12 04:57:35,158 Gathering metrics...
2024-10-12 05:04:12,306 {'acc1': 0.530940594059406, 'acc5': 0.7308168316831684, 'loss': 433.16936376690865, 'macs': 761186073640, 'params': 558812168, 'model_size': 2131.699249267578, 'inference_time': 0}
2024-10-12 05:04:12,306 Pruning 983...
2024-10-12 05:12:48,968 Gathering metrics...
2024-10-12 05:19:24,439 {'acc1': 0.1494430693069307, 'acc5': 0.2527846534653465, 'loss': 1076.0548093318939, 'macs': 753102328360, 'params': 552911624, 'model_size': 2109.190460205078, 'inference_time': 0}
2024-10-12 05:19:24,439 Pruning 1056...
2024-10-12 05:28:22,329 Gathering metrics...
2024-10-12 05:34:52,317 {'acc1': 0.0, 'acc5': 0.0, 'loss': 1368.612786769867, 'macs': 744906308840, 'params': 546929128, 'model_size': 2086.3690490722656, 'inference_time': 0}
2024-10-12 05:34:52,317 Pruning 1128...
2024-10-12 05:44:08,462 Gathering metrics...
2024-10-12 05:50:37,008 {'acc1': 0.0, 'acc5': 0.0, 'loss': 1353.7207970619202, 'macs': 736822563560, 'params': 541028584, 'model_size': 2063.8602600097656, 'inference_time': 0}
2024-10-12 05:50:37,008 Pruning 1202...
2024-10-12 06:00:13,105 Gathering metrics...
2024-10-12 06:06:37,931 {'acc1': 0.0, 'acc5': 0.0, 'loss': 1345.0092306137085, 'macs': 728514269800, 'params': 534964136, 'model_size': 2040.7262268066406, 'inference_time': 0}
2024-10-12 06:06:37,931 Pruning 1275...
2024-10-12 06:16:33,496 Gathering metrics...
2024-10-12 06:22:56,905 {'acc1': 0.0, 'acc5': 0.0, 'loss': 1337.9686388969421, 'macs': 720318250280, 'params': 528981640, 'model_size': 2017.9048156738281, 'inference_time': 0}
2024-10-12 06:22:56,905 Pruning 1349...
2024-10-12 06:33:09,883 Gathering metrics...
2024-10-12 06:39:29,076 {'acc1': 0.0, 'acc5': 0.0, 'loss': 1312.9758009910583, 'macs': 712009956520, 'params': 522917192, 'model_size': 1994.7707824707031, 'inference_time': 0}
2024-10-12 06:39:29,076 Pruning 1424...
2024-10-12 06:49:59,612 Gathering metrics...
2024-10-12 06:56:13,827 {'acc1': 0.0, 'acc5': 0.0, 'loss': 1317.3016810417175, 'macs': 703589388520, 'params': 516770792, 'model_size': 1971.3241271972656, 'inference_time': 0}
2024-10-12 06:56:13,827 Pruning 1498...
2024-10-12 07:07:01,421 Gathering metrics...
2024-10-12 07:13:15,707 {'acc1': 0.0, 'acc5': 0.0, 'loss': 1302.7705564498901, 'macs': 695281094760, 'params': 510706344, 'model_size': 1948.1900939941406, 'inference_time': 0}
2024-10-12 07:13:15,707 Pruning 1574...
2024-10-12 07:24:22,522 Gathering metrics...
2024-10-12 07:30:31,261 {'acc1': 0.0, 'acc5': 0.0, 'loss': 1303.2167463302612, 'macs': 686748252520, 'params': 504477992, 'model_size': 1924.4308166503906, 'inference_time': 0}
2024-10-12 07:30:31,275 Experiment finished
