2024-10-12 17:08:02,426 Starting experiment outputs/adaptive/vit_l_32/proj500
2024-10-12 17:08:02,426 Loading the original model
2024-10-12 17:08:03,546 Gathering metrics of the original model
2024-10-12 17:08:38,655 {'acc1': 0.8016707920792079, 'acc5': 0.9452351485148515, 'loss': 89.4243591800332, 'macs': 15265769448, 'params': 306535400, 'model_size': 1169.3397521972656, 'inference_time': 0}
2024-10-12 17:08:38,683 Pruning 256 in layer 23
2024-10-12 17:08:51,965 Gathering metrics
2024-10-12 17:09:26,868 {'acc1': 0.8007425742574258, 'acc5': 0.9477103960396039, 'loss': 95.0668177306652, 'macs': 15239542248, 'params': 306010856, 'model_size': 1167.3387756347656, 'inference_time': 0}
2024-10-12 17:09:26,905 Pruning 512 in layer 23
2024-10-12 17:09:38,770 Gathering metrics
2024-10-12 17:10:13,469 {'acc1': 0.8016707920792079, 'acc5': 0.948019801980198, 'loss': 93.60146753489971, 'macs': 15213315048, 'params': 305486312, 'model_size': 1165.3377990722656, 'inference_time': 0}
2024-10-12 17:10:13,499 Pruning 768 in layer 23
2024-10-12 17:10:23,123 Gathering metrics
2024-10-12 17:10:57,932 {'acc1': 0.8010519801980198, 'acc5': 0.9477103960396039, 'loss': 92.78990052640438, 'macs': 15187087848, 'params': 304961768, 'model_size': 1163.3368225097656, 'inference_time': 0}
2024-10-12 17:10:57,962 Pruning 1024 in layer 23
2024-10-12 17:11:06,251 Gathering metrics
2024-10-12 17:11:41,445 {'acc1': 0.8013613861386139, 'acc5': 0.9477103960396039, 'loss': 90.8637285977602, 'macs': 15160860648, 'params': 304437224, 'model_size': 1161.3358459472656, 'inference_time': 0}
2024-10-12 17:11:41,476 Pruning 1280 in layer 23
2024-10-12 17:11:48,394 Gathering metrics
2024-10-12 17:12:23,034 {'acc1': 0.801980198019802, 'acc5': 0.9477103960396039, 'loss': 91.10616920143366, 'macs': 15134633448, 'params': 303912680, 'model_size': 1159.3348693847656, 'inference_time': 0}
2024-10-12 17:12:23,063 Pruning 1536 in layer 23
2024-10-12 17:12:28,906 Gathering metrics
2024-10-12 17:13:03,383 {'acc1': 0.8016707920792079, 'acc5': 0.9486386138613861, 'loss': 90.53398344665766, 'macs': 15108406248, 'params': 303388136, 'model_size': 1157.3338928222656, 'inference_time': 0}
2024-10-12 17:13:03,412 Pruning 1792 in layer 23
2024-10-12 17:13:08,051 Gathering metrics
2024-10-12 17:13:42,782 {'acc1': 0.8001237623762376, 'acc5': 0.948019801980198, 'loss': 90.26399303227663, 'macs': 15082179048, 'params': 302863592, 'model_size': 1155.3329162597656, 'inference_time': 0}
2024-10-12 17:13:42,811 Pruning 2048 in layer 23
2024-10-12 17:13:46,577 Gathering metrics
2024-10-12 17:14:20,979 {'acc1': 0.801980198019802, 'acc5': 0.9474009900990099, 'loss': 89.18453846499324, 'macs': 15055951848, 'params': 302339048, 'model_size': 1153.3319396972656, 'inference_time': 0}
2024-10-12 17:14:21,008 Pruning 2304 in layer 23
2024-10-12 17:14:24,030 Gathering metrics
2024-10-12 17:14:58,542 {'acc1': 0.8016707920792079, 'acc5': 0.9464727722772277, 'loss': 88.72523534670472, 'macs': 15029724648, 'params': 301814504, 'model_size': 1151.3309631347656, 'inference_time': 0}
2024-10-12 17:14:58,569 Pruning 2560 in layer 23
2024-10-12 17:15:00,776 Gathering metrics
2024-10-12 17:15:35,480 {'acc1': 0.8016707920792079, 'acc5': 0.9464727722772277, 'loss': 88.11511684209108, 'macs': 15003497448, 'params': 301289960, 'model_size': 1149.3299865722656, 'inference_time': 0}
2024-10-12 17:15:35,509 Pruning 2816 in layer 23
2024-10-12 17:15:37,254 Gathering metrics
2024-10-12 17:16:11,863 {'acc1': 0.7998143564356436, 'acc5': 0.9458539603960396, 'loss': 88.00458262115717, 'macs': 14977270248, 'params': 300765416, 'model_size': 1147.3290100097656, 'inference_time': 0}
2024-10-12 17:16:11,889 Pruning 3072 in layer 23
2024-10-12 17:16:13,209 Gathering metrics
2024-10-12 17:16:48,092 {'acc1': 0.7995049504950495, 'acc5': 0.9446163366336634, 'loss': 88.63758706301451, 'macs': 14951043048, 'params': 300240872, 'model_size': 1145.3280334472656, 'inference_time': 0}
2024-10-12 17:16:48,121 Pruning 3328 in layer 23
2024-10-12 17:16:49,107 Gathering metrics
2024-10-12 17:17:23,704 {'acc1': 0.8004331683168316, 'acc5': 0.9452351485148515, 'loss': 89.3400760255754, 'macs': 14924815848, 'params': 299716328, 'model_size': 1143.3270568847656, 'inference_time': 0}
2024-10-12 17:17:23,837 Pruning 3584 in layer 23
2024-10-12 17:17:24,579 Gathering metrics
2024-10-12 17:17:58,794 {'acc1': 0.7979579207920792, 'acc5': 0.9446163366336634, 'loss': 90.60801434516907, 'macs': 14898588648, 'params': 299191784, 'model_size': 1141.3260803222656, 'inference_time': 0}
2024-10-12 17:17:58,820 Pruning 256 in layer 22
2024-10-12 17:18:12,016 Gathering metrics
2024-10-12 17:18:46,564 {'acc1': 0.7926980198019802, 'acc5': 0.9418316831683168, 'loss': 93.8813055716455, 'macs': 14898588648, 'params': 299191784, 'model_size': 1141.3260803222656, 'inference_time': 0}
2024-10-12 17:18:46,591 Pruning 256 in layer 21
2024-10-12 17:18:59,826 Gathering metrics
2024-10-12 17:19:34,314 {'acc1': 0.7988861386138614, 'acc5': 0.9452351485148515, 'loss': 89.80131208896637, 'macs': 14898588648, 'params': 299191784, 'model_size': 1141.3260803222656, 'inference_time': 0}
2024-10-12 17:19:34,342 Pruning 512 in layer 21
2024-10-12 17:19:46,266 Gathering metrics
2024-10-12 17:20:20,596 {'acc1': 0.7967202970297029, 'acc5': 0.9464727722772277, 'loss': 90.53593039140105, 'macs': 14872361448, 'params': 298667240, 'model_size': 1139.3251037597656, 'inference_time': 0}
2024-10-12 17:20:20,626 Pruning 256 in layer 20
2024-10-12 17:20:33,906 Gathering metrics
2024-10-12 17:21:08,057 {'acc1': 0.7979579207920792, 'acc5': 0.9439975247524752, 'loss': 90.74599676951766, 'macs': 14872361448, 'params': 298667240, 'model_size': 1139.3251037597656, 'inference_time': 0}
2024-10-12 17:21:08,084 Pruning 512 in layer 20
2024-10-12 17:21:19,997 Gathering metrics
2024-10-12 17:21:54,497 {'acc1': 0.7954826732673267, 'acc5': 0.9449257425742574, 'loss': 90.85305099189281, 'macs': 14846134248, 'params': 298142696, 'model_size': 1137.3241271972656, 'inference_time': 0}
2024-10-12 17:21:54,525 Pruning 768 in layer 20
2024-10-12 17:22:04,169 Gathering metrics
2024-10-12 17:22:38,563 {'acc1': 0.7970297029702971, 'acc5': 0.943069306930693, 'loss': 91.44977366179228, 'macs': 14819907048, 'params': 297618152, 'model_size': 1135.3231506347656, 'inference_time': 0}
2024-10-12 17:22:38,593 Pruning 1024 in layer 20
2024-10-12 17:22:46,885 Gathering metrics
2024-10-12 17:23:21,194 {'acc1': 0.7976485148514851, 'acc5': 0.943069306930693, 'loss': 91.57490085065365, 'macs': 14793679848, 'params': 297093608, 'model_size': 1133.3221740722656, 'inference_time': 0}
2024-10-12 17:23:21,224 Pruning 1280 in layer 20
2024-10-12 17:23:28,122 Gathering metrics
2024-10-12 17:24:02,544 {'acc1': 0.7988861386138614, 'acc5': 0.9433787128712872, 'loss': 91.64649307355285, 'macs': 14767452648, 'params': 296569064, 'model_size': 1131.3211975097656, 'inference_time': 0}
2024-10-12 17:24:02,570 Pruning 1536 in layer 20
2024-10-12 17:24:08,400 Gathering metrics
2024-10-12 17:24:42,874 {'acc1': 0.7954826732673267, 'acc5': 0.9439975247524752, 'loss': 91.87177867814898, 'macs': 14741225448, 'params': 296044520, 'model_size': 1129.3202209472656, 'inference_time': 0}
2024-10-12 17:24:42,901 Pruning 1792 in layer 20
2024-10-12 17:24:47,509 Gathering metrics
2024-10-12 17:25:21,457 {'acc1': 0.7970297029702971, 'acc5': 0.942759900990099, 'loss': 91.96211640909314, 'macs': 14714998248, 'params': 295519976, 'model_size': 1127.3192443847656, 'inference_time': 0}
2024-10-12 17:25:21,487 Pruning 2048 in layer 20
2024-10-12 17:25:25,269 Gathering metrics
2024-10-12 17:25:59,213 {'acc1': 0.7970297029702971, 'acc5': 0.9421410891089109, 'loss': 92.22203106060624, 'macs': 14688771048, 'params': 294995432, 'model_size': 1125.3182678222656, 'inference_time': 0}
2024-10-12 17:25:59,342 Pruning 2304 in layer 20
2024-10-12 17:26:02,360 Gathering metrics
2024-10-12 17:26:36,057 {'acc1': 0.7933168316831684, 'acc5': 0.9415222772277227, 'loss': 92.65615794435143, 'macs': 14662543848, 'params': 294470888, 'model_size': 1123.3172912597656, 'inference_time': 0}
2024-10-12 17:26:36,083 Pruning 256 in layer 19
2024-10-12 17:26:49,318 Gathering metrics
2024-10-12 17:27:23,503 {'acc1': 0.7902227722772277, 'acc5': 0.9399752475247525, 'loss': 94.89472473040223, 'macs': 14662543848, 'params': 294470888, 'model_size': 1123.3172912597656, 'inference_time': 0}
2024-10-12 17:27:23,530 Pruning 256 in layer 18
2024-10-12 17:27:36,760 Gathering metrics
2024-10-12 17:28:10,957 {'acc1': 0.7914603960396039, 'acc5': 0.9418316831683168, 'loss': 93.71645419299603, 'macs': 14662543848, 'params': 294470888, 'model_size': 1123.3172912597656, 'inference_time': 0}
2024-10-12 17:28:10,987 Pruning 256 in layer 17
2024-10-12 17:28:24,232 Gathering metrics
2024-10-12 17:28:58,418 {'acc1': 0.6775990099009901, 'acc5': 0.8759282178217822, 'loss': 261.6073830127716, 'macs': 14662543848, 'params': 294470888, 'model_size': 1123.3172912597656, 'inference_time': 0}
2024-10-12 17:28:58,446 Pruning 256 in layer 16
2024-10-12 17:29:11,658 Gathering metrics
2024-10-12 17:29:45,740 {'acc1': 0.20080445544554457, 'acc5': 0.3527227722772277, 'loss': 554.6800155639648, 'macs': 14662543848, 'params': 294470888, 'model_size': 1123.3172912597656, 'inference_time': 0}
2024-10-12 17:29:45,767 Pruning 256 in layer 15
2024-10-12 17:29:59,027 Gathering metrics
2024-10-12 17:30:33,385 {'acc1': 0.4885519801980198, 'acc5': 0.6989480198019802, 'loss': 413.66306352615356, 'macs': 14662543848, 'params': 294470888, 'model_size': 1123.3172912597656, 'inference_time': 0}
2024-10-12 17:30:33,414 Pruning 256 in layer 14
2024-10-12 17:30:46,621 Gathering metrics
2024-10-12 17:31:20,689 {'acc1': 0.0, 'acc5': 0.0, 'loss': 738.2859120368958, 'macs': 14662543848, 'params': 294470888, 'model_size': 1123.3172912597656, 'inference_time': 0}
2024-10-12 17:31:20,715 Pruning 256 in layer 13
2024-10-12 17:31:33,888 Gathering metrics
2024-10-12 17:32:07,963 {'acc1': 0.0, 'acc5': 0.0012376237623762376, 'loss': 720.0175013542175, 'macs': 14662543848, 'params': 294470888, 'model_size': 1123.3172912597656, 'inference_time': 0}
2024-10-12 17:32:07,992 Pruning 256 in layer 12
2024-10-12 17:32:21,236 Gathering metrics
2024-10-12 17:32:55,370 {'acc1': 0.0, 'acc5': 0.0, 'loss': 735.9003305435181, 'macs': 14662543848, 'params': 294470888, 'model_size': 1123.3172912597656, 'inference_time': 0}
2024-10-12 17:32:55,398 Pruning 256 in layer 11
2024-10-12 17:33:08,643 Gathering metrics
2024-10-12 17:33:42,894 {'acc1': 0.0, 'acc5': 0.0, 'loss': 734.7946825027466, 'macs': 14662543848, 'params': 294470888, 'model_size': 1123.3172912597656, 'inference_time': 0}
2024-10-12 17:33:42,921 Pruning 256 in layer 10
2024-10-12 17:33:56,163 Gathering metrics
2024-10-12 17:34:30,263 {'acc1': 0.0, 'acc5': 0.0, 'loss': 733.6624283790588, 'macs': 14662543848, 'params': 294470888, 'model_size': 1123.3172912597656, 'inference_time': 0}
2024-10-12 17:34:30,292 Pruning 256 in layer 9
2024-10-12 17:34:43,539 Gathering metrics
2024-10-12 17:35:17,527 {'acc1': 0.7772277227722773, 'acc5': 0.9291460396039604, 'loss': 105.29851236566901, 'macs': 14662543848, 'params': 294470888, 'model_size': 1123.3172912597656, 'inference_time': 0}
2024-10-12 17:35:17,654 Pruning 256 in layer 8
2024-10-12 17:35:30,898 Gathering metrics
2024-10-12 17:36:05,223 {'acc1': 0.7957920792079208, 'acc5': 0.9409034653465347, 'loss': 94.49985821545124, 'macs': 14662543848, 'params': 294470888, 'model_size': 1123.3172912597656, 'inference_time': 0}
2024-10-12 17:36:05,252 Pruning 512 in layer 8
2024-10-12 17:36:17,140 Gathering metrics
2024-10-12 17:36:51,358 {'acc1': 0.7896039603960396, 'acc5': 0.9396658415841584, 'loss': 96.00366407632828, 'macs': 14636316648, 'params': 293946344, 'model_size': 1121.3163146972656, 'inference_time': 0}
2024-10-12 17:36:51,384 Pruning 256 in layer 7
2024-10-12 17:37:04,640 Gathering metrics
2024-10-12 17:37:38,469 {'acc1': 0.7874381188118812, 'acc5': 0.9387376237623762, 'loss': 97.25347910821438, 'macs': 14636316648, 'params': 293946344, 'model_size': 1121.3163146972656, 'inference_time': 0}
2024-10-12 17:37:38,499 Pruning 256 in layer 6
2024-10-12 17:37:51,751 Gathering metrics
2024-10-12 17:38:25,594 {'acc1': 0.7852722772277227, 'acc5': 0.932240099009901, 'loss': 100.22216879203916, 'macs': 14636316648, 'params': 293946344, 'model_size': 1121.3163146972656, 'inference_time': 0}
2024-10-12 17:38:25,622 Pruning 256 in layer 5
2024-10-12 17:38:38,866 Gathering metrics
2024-10-12 17:39:12,821 {'acc1': 0.6519183168316832, 'acc5': 0.8576732673267327, 'loss': 245.80856215953827, 'macs': 14636316648, 'params': 293946344, 'model_size': 1121.3163146972656, 'inference_time': 0}
2024-10-12 17:39:12,851 Pruning 256 in layer 4
2024-10-12 17:39:26,101 Gathering metrics
2024-10-12 17:40:00,671 {'acc1': 0.791769801980198, 'acc5': 0.9409034653465347, 'loss': 95.73081524297595, 'macs': 14636316648, 'params': 293946344, 'model_size': 1121.3163146972656, 'inference_time': 0}
2024-10-12 17:40:00,700 Pruning 256 in layer 3
2024-10-12 17:40:13,923 Gathering metrics
2024-10-12 17:40:47,872 {'acc1': 0.7713490099009901, 'acc5': 0.9260519801980198, 'loss': 107.71504618227482, 'macs': 14636316648, 'params': 293946344, 'model_size': 1121.3163146972656, 'inference_time': 0}
2024-10-12 17:40:47,902 Pruning 256 in layer 2
2024-10-12 17:41:01,278 Gathering metrics
2024-10-12 17:41:35,217 {'acc1': 0.7750618811881188, 'acc5': 0.9288366336633663, 'loss': 102.49627093970776, 'macs': 14636316648, 'params': 293946344, 'model_size': 1121.3163146972656, 'inference_time': 0}
2024-10-12 17:41:35,244 Pruning 256 in layer 1
2024-10-12 17:41:48,517 Gathering metrics
2024-10-12 17:42:22,620 {'acc1': 0.7926980198019802, 'acc5': 0.9405940594059405, 'loss': 95.47742481902242, 'macs': 14636316648, 'params': 293946344, 'model_size': 1121.3163146972656, 'inference_time': 0}
2024-10-12 17:42:22,648 Pruning 512 in layer 1
2024-10-12 17:42:34,543 Gathering metrics
2024-10-12 17:43:08,596 {'acc1': 0.7880569306930693, 'acc5': 0.9412128712871287, 'loss': 96.46760239452124, 'macs': 14610089448, 'params': 293421800, 'model_size': 1119.3153381347656, 'inference_time': 0}
2024-10-12 17:43:08,623 Pruning 256 in layer 0
2024-10-12 17:43:21,872 Gathering metrics
2024-10-12 17:43:55,785 {'acc1': 0.786200495049505, 'acc5': 0.9353341584158416, 'loss': 99.00991544499993, 'macs': 14610089448, 'params': 293421800, 'model_size': 1119.3153381347656, 'inference_time': 0}
2024-10-12 17:43:55,798 Experiment finished
