2024-10-11 20:36:45,707 Starting experiment outputs/uniform/vit_h_14/proj500
2024-10-11 20:36:45,707 Pruning 0...
2024-10-11 20:40:25,248 Gathering metrics...
2024-10-11 20:47:40,019 {'acc1': 0.8997524752475248, 'acc5': 0.9904084158415841, 'loss': 36.79553114529699, 'macs': 863467906280, 'params': 633470440, 'model_size': 2416.4979553222656, 'inference_time': 0}
2024-10-11 20:47:40,019 Pruning 50...
2024-10-11 20:51:36,930 Gathering metrics...
2024-10-11 20:58:50,080 {'acc1': 0.8975866336633663, 'acc5': 0.9891707920792079, 'loss': 36.74649843480438, 'macs': 857854194280, 'params': 629372840, 'model_size': 2400.8668518066406, 'inference_time': 0}
2024-10-11 20:58:50,080 Pruning 107...
2024-10-11 21:03:05,249 Gathering metrics...
2024-10-11 21:10:17,053 {'acc1': 0.8988242574257426, 'acc5': 0.9897896039603961, 'loss': 36.87389064859599, 'macs': 851454562600, 'params': 624701576, 'model_size': 2383.047393798828, 'inference_time': 0}
2024-10-11 21:10:17,053 Pruning 167...
2024-10-11 21:14:51,866 Gathering metrics...
2024-10-11 21:21:59,918 {'acc1': 0.8994430693069307, 'acc5': 0.9897896039603961, 'loss': 37.284227861091495, 'macs': 844718108200, 'params': 619784456, 'model_size': 2364.290069580078, 'inference_time': 0}
2024-10-11 21:21:59,919 Pruning 230...
2024-10-11 21:26:54,855 Gathering metrics...
2024-10-11 21:34:02,348 {'acc1': 0.8966584158415841, 'acc5': 0.9897896039603961, 'loss': 37.489558501169086, 'macs': 837644831080, 'params': 614621480, 'model_size': 2344.5948791503906, 'inference_time': 0}
2024-10-11 21:34:02,348 Pruning 294...
2024-10-11 21:39:17,758 Gathering metrics...
2024-10-11 21:46:20,098 {'acc1': 0.8944925742574258, 'acc5': 0.9900990099009901, 'loss': 37.310048040002584, 'macs': 830459279720, 'params': 609376552, 'model_size': 2324.5870666503906, 'inference_time': 0}
2024-10-11 21:46:20,098 Pruning 359...
2024-10-11 21:51:55,199 Gathering metrics...
2024-10-11 21:58:55,868 {'acc1': 0.8929455445544554, 'acc5': 0.9907178217821783, 'loss': 38.06524189375341, 'macs': 823161454120, 'params': 604049672, 'model_size': 2304.266632080078, 'inference_time': 0}
2024-10-11 21:58:55,868 Pruning 425...
2024-10-11 22:04:52,474 Gathering metrics...
2024-10-11 22:11:49,199 {'acc1': 0.8864480198019802, 'acc5': 0.9907178217821783, 'loss': 39.295333550311625, 'macs': 815751354280, 'params': 598640840, 'model_size': 2283.633575439453, 'inference_time': 0}
2024-10-11 22:11:49,200 Pruning 492...
2024-10-11 22:18:06,572 Gathering metrics...
2024-10-11 22:25:01,164 {'acc1': 0.8836633663366337, 'acc5': 0.9891707920792079, 'loss': 41.31163613498211, 'macs': 808228980200, 'params': 593150056, 'model_size': 2262.6878967285156, 'inference_time': 0}
2024-10-11 22:25:01,164 Pruning 561...
2024-10-11 22:31:37,910 Gathering metrics...
2024-10-11 22:38:29,412 {'acc1': 0.8771658415841584, 'acc5': 0.9866955445544554, 'loss': 43.76655726414174, 'macs': 800482057640, 'params': 587495368, 'model_size': 2241.116973876953, 'inference_time': 0}
2024-10-11 22:38:29,412 Pruning 629...
2024-10-11 22:45:27,857 Gathering metrics...
2024-10-11 22:52:17,308 {'acc1': 0.8669554455445545, 'acc5': 0.9823638613861386, 'loss': 48.38871592702344, 'macs': 792847409320, 'params': 581922632, 'model_size': 2219.858673095703, 'inference_time': 0}
2024-10-11 22:52:17,308 Pruning 699...
2024-10-11 22:59:35,872 Gathering metrics...
2024-10-11 23:06:21,780 {'acc1': 0.8508663366336634, 'acc5': 0.9749381188118812, 'loss': 55.41264538373798, 'macs': 784988212520, 'params': 576185992, 'model_size': 2197.975128173828, 'inference_time': 0}
2024-10-11 23:06:21,780 Pruning 769...
2024-10-11 23:13:59,185 Gathering metrics...
2024-10-11 23:20:41,361 {'acc1': 0.8131188118811881, 'acc5': 0.9520420792079208, 'loss': 74.06085138767958, 'macs': 777129015720, 'params': 570449352, 'model_size': 2176.091583251953, 'inference_time': 0}
2024-10-11 23:20:41,362 Pruning 840...
2024-10-11 23:28:39,248 Gathering metrics...
2024-10-11 23:35:20,280 {'acc1': 0.7357673267326733, 'acc5': 0.9090346534653465, 'loss': 112.47840768098831, 'macs': 769157544680, 'params': 564630760, 'model_size': 2153.8954162597656, 'inference_time': 0}
2024-10-11 23:35:20,280 Pruning 911...
2024-10-11 23:43:37,309 Gathering metrics...
2024-10-11 23:50:12,814 {'acc1': 0.6376856435643564, 'acc5': 0.8338490099009901, 'loss': 168.51407254487276, 'macs': 761186073640, 'params': 558812168, 'model_size': 2131.699249267578, 'inference_time': 0}
2024-10-11 23:50:12,814 Pruning 983...
2024-10-11 23:58:50,024 Gathering metrics...
2024-10-12 00:05:26,507 {'acc1': 0.4594678217821782, 'acc5': 0.6624381188118812, 'loss': 298.12111431360245, 'macs': 753102328360, 'params': 552911624, 'model_size': 2109.190460205078, 'inference_time': 0}
2024-10-12 00:05:26,507 Pruning 1056...
2024-10-12 00:14:24,175 Gathering metrics...
2024-10-12 00:20:55,148 {'acc1': 0.12283415841584158, 'acc5': 0.21534653465346534, 'loss': 1094.9500210285187, 'macs': 744906308840, 'params': 546929128, 'model_size': 2086.3690490722656, 'inference_time': 0}
2024-10-12 00:20:55,148 Pruning 1128...
2024-10-12 00:30:11,432 Gathering metrics...
2024-10-12 00:36:41,893 {'acc1': 0.03063118811881188, 'acc5': 0.0724009900990099, 'loss': 1276.8593826293945, 'macs': 736822563560, 'params': 541028584, 'model_size': 2063.8602600097656, 'inference_time': 0}
2024-10-12 00:36:41,893 Pruning 1202...
2024-10-12 00:46:18,854 Gathering metrics...
2024-10-12 00:52:43,498 {'acc1': 0.0, 'acc5': 0.0003094059405940594, 'loss': 1336.939600944519, 'macs': 728514269800, 'params': 534964136, 'model_size': 2040.7262268066406, 'inference_time': 0}
2024-10-12 00:52:43,498 Pruning 1275...
2024-10-12 01:02:39,275 Gathering metrics...
2024-10-12 01:09:02,423 {'acc1': 0.0, 'acc5': 0.0, 'loss': 1361.5780782699585, 'macs': 720318250280, 'params': 528981640, 'model_size': 2017.9048156738281, 'inference_time': 0}
2024-10-12 01:09:02,423 Pruning 1349...
2024-10-12 01:19:15,553 Gathering metrics...
2024-10-12 01:25:34,557 {'acc1': 0.0, 'acc5': 0.0, 'loss': 1344.7397513389587, 'macs': 712009956520, 'params': 522917192, 'model_size': 1994.7707824707031, 'inference_time': 0}
2024-10-12 01:25:34,557 Pruning 1424...
2024-10-12 01:36:05,526 Gathering metrics...
2024-10-12 01:42:19,451 {'acc1': 0.0, 'acc5': 0.0, 'loss': 1347.2357540130615, 'macs': 703589388520, 'params': 516770792, 'model_size': 1971.3241271972656, 'inference_time': 0}
2024-10-12 01:42:19,451 Pruning 1498...
2024-10-12 01:53:08,676 Gathering metrics...
2024-10-12 01:59:22,056 {'acc1': 0.0, 'acc5': 0.0, 'loss': 1322.6166129112244, 'macs': 695281094760, 'params': 510706344, 'model_size': 1948.1900939941406, 'inference_time': 0}
2024-10-12 01:59:22,056 Pruning 1574...
2024-10-12 02:10:31,444 Gathering metrics...
2024-10-12 02:16:39,284 {'acc1': 0.0, 'acc5': 0.0, 'loss': 1415.8162355422974, 'macs': 686748252520, 'params': 504477992, 'model_size': 1924.4308166503906, 'inference_time': 0}
2024-10-12 02:16:39,297 Experiment finished
