2024-10-13 12:40:22,650 Starting experiment outputs/adaptive/vit_b_32/proj5n50
2024-10-13 12:40:22,650 Loading the original model
2024-10-13 12:40:23,075 Gathering metrics of the original model
2024-10-13 12:40:47,787 {'acc1': 0.8004331683168316, 'acc5': 0.943069306930693, 'loss': 90.91573594510555, 'macs': 4367292136, 'params': 88224232, 'model_size': 336.5487365722656, 'inference_time': 0}
2024-10-13 12:40:47,801 Pruning 256 in layer 0
2024-10-13 12:40:54,402 Gathering metrics
2024-10-13 12:41:18,343 {'acc1': 0.8007425742574258, 'acc5': 0.9399752475247525, 'loss': 93.75001458823681, 'macs': 4347618536, 'params': 87830760, 'model_size': 335.0477600097656, 'inference_time': 0}
2024-10-13 12:41:18,456 Pruning 512 in layer 0
2024-10-13 12:41:23,971 Gathering metrics
2024-10-13 12:41:47,801 {'acc1': 0.7982673267326733, 'acc5': 0.9387376237623762, 'loss': 94.24681502580643, 'macs': 4327944936, 'params': 87437288, 'model_size': 333.5467834472656, 'inference_time': 0}
2024-10-13 12:41:47,816 Pruning 768 in layer 0
2024-10-13 12:41:52,358 Gathering metrics
2024-10-13 12:42:16,747 {'acc1': 0.6726485148514851, 'acc5': 0.8709777227722773, 'loss': 171.98431846499443, 'macs': 4308271336, 'params': 87043816, 'model_size': 332.0458068847656, 'inference_time': 0}
2024-10-13 12:42:16,761 Pruning 256 in layer 1
2024-10-13 12:42:23,297 Gathering metrics
2024-10-13 12:42:47,308 {'acc1': 0.7385519801980198, 'acc5': 0.9000618811881188, 'loss': 123.28374694287777, 'macs': 4308271336, 'params': 87043816, 'model_size': 332.0458068847656, 'inference_time': 0}
2024-10-13 12:42:47,324 Pruning 256 in layer 2
2024-10-13 12:42:53,826 Gathering metrics
2024-10-13 12:43:17,769 {'acc1': 0.791769801980198, 'acc5': 0.932549504950495, 'loss': 97.98611037433147, 'macs': 4308271336, 'params': 87043816, 'model_size': 332.0458068847656, 'inference_time': 0}
2024-10-13 12:43:17,784 Pruning 512 in layer 2
2024-10-13 12:43:23,322 Gathering metrics
2024-10-13 12:43:47,860 {'acc1': 0.46008663366336633, 'acc5': 0.7156559405940595, 'loss': 329.24687707424164, 'macs': 4288597736, 'params': 86650344, 'model_size': 330.5448303222656, 'inference_time': 0}
2024-10-13 12:43:47,875 Pruning 256 in layer 3
2024-10-13 12:43:54,435 Gathering metrics
2024-10-13 12:44:18,129 {'acc1': 0.7840346534653465, 'acc5': 0.9306930693069307, 'loss': 99.09696353971958, 'macs': 4288597736, 'params': 86650344, 'model_size': 330.5448303222656, 'inference_time': 0}
2024-10-13 12:44:18,143 Pruning 256 in layer 4
2024-10-13 12:44:24,665 Gathering metrics
2024-10-13 12:44:48,320 {'acc1': 0.7837252475247525, 'acc5': 0.9275990099009901, 'loss': 100.41555069386959, 'macs': 4288597736, 'params': 86650344, 'model_size': 330.5448303222656, 'inference_time': 0}
2024-10-13 12:44:48,334 Pruning 256 in layer 5
2024-10-13 12:44:54,815 Gathering metrics
2024-10-13 12:45:18,882 {'acc1': 0.786200495049505, 'acc5': 0.9303836633663366, 'loss': 98.10493806004524, 'macs': 4288597736, 'params': 86650344, 'model_size': 330.5448303222656, 'inference_time': 0}
2024-10-13 12:45:18,898 Pruning 512 in layer 5
2024-10-13 12:45:24,373 Gathering metrics
2024-10-13 12:45:47,835 {'acc1': 0.7840346534653465, 'acc5': 0.9279084158415841, 'loss': 99.75771628320217, 'macs': 4268924136, 'params': 86256872, 'model_size': 329.0438537597656, 'inference_time': 0}
2024-10-13 12:45:47,850 Pruning 256 in layer 6
2024-10-13 12:45:54,472 Gathering metrics
2024-10-13 12:46:18,058 {'acc1': 0.7858910891089109, 'acc5': 0.9297648514851485, 'loss': 98.27549909055233, 'macs': 4268924136, 'params': 86256872, 'model_size': 329.0438537597656, 'inference_time': 0}
2024-10-13 12:46:18,074 Pruning 512 in layer 6
2024-10-13 12:46:23,561 Gathering metrics
2024-10-13 12:46:47,446 {'acc1': 0.7886757425742574, 'acc5': 0.926980198019802, 'loss': 99.97488313913345, 'macs': 4249250536, 'params': 85863400, 'model_size': 327.5428771972656, 'inference_time': 0}
2024-10-13 12:46:47,462 Pruning 768 in layer 6
2024-10-13 12:46:51,995 Gathering metrics
2024-10-13 12:47:15,359 {'acc1': 0.7797029702970297, 'acc5': 0.9254331683168316, 'loss': 102.20867386460304, 'macs': 4229576936, 'params': 85469928, 'model_size': 326.0419006347656, 'inference_time': 0}
2024-10-13 12:47:15,373 Pruning 1024 in layer 6
2024-10-13 12:47:18,760 Gathering metrics
2024-10-13 12:47:41,993 {'acc1': 0.7667079207920792, 'acc5': 0.9155321782178217, 'loss': 107.14403216540813, 'macs': 4209903336, 'params': 85076456, 'model_size': 324.5409240722656, 'inference_time': 0}
2024-10-13 12:47:42,009 Pruning 256 in layer 7
2024-10-13 12:47:48,428 Gathering metrics
2024-10-13 12:48:12,086 {'acc1': 0.776299504950495, 'acc5': 0.9241955445544554, 'loss': 104.14522282779217, 'macs': 4209903336, 'params': 85076456, 'model_size': 324.5409240722656, 'inference_time': 0}
2024-10-13 12:48:12,101 Pruning 512 in layer 7
2024-10-13 12:48:17,593 Gathering metrics
2024-10-13 12:48:40,882 {'acc1': 0.7722772277227723, 'acc5': 0.9183168316831684, 'loss': 106.11221382021904, 'macs': 4190229736, 'params': 84682984, 'model_size': 323.0399475097656, 'inference_time': 0}
2024-10-13 12:48:40,897 Pruning 256 in layer 8
2024-10-13 12:48:47,397 Gathering metrics
2024-10-13 12:49:11,091 {'acc1': 0.7728960396039604, 'acc5': 0.9195544554455446, 'loss': 105.64048521220684, 'macs': 4190229736, 'params': 84682984, 'model_size': 323.0399475097656, 'inference_time': 0}
2024-10-13 12:49:11,105 Pruning 512 in layer 8
2024-10-13 12:49:16,612 Gathering metrics
2024-10-13 12:49:40,190 {'acc1': 0.7716584158415841, 'acc5': 0.9161509900990099, 'loss': 108.8769997805357, 'macs': 4170556136, 'params': 84289512, 'model_size': 321.5389709472656, 'inference_time': 0}
2024-10-13 12:49:40,206 Pruning 768 in layer 8
2024-10-13 12:49:44,760 Gathering metrics
2024-10-13 12:50:08,441 {'acc1': 0.7676361386138614, 'acc5': 0.9152227722772277, 'loss': 111.36730600893497, 'macs': 4150882536, 'params': 83896040, 'model_size': 320.0379943847656, 'inference_time': 0}
2024-10-13 12:50:08,456 Pruning 256 in layer 9
2024-10-13 12:50:14,976 Gathering metrics
2024-10-13 12:50:39,021 {'acc1': 0.7592821782178217, 'acc5': 0.9176980198019802, 'loss': 110.03030861914158, 'macs': 4150882536, 'params': 83896040, 'model_size': 320.0379943847656, 'inference_time': 0}
2024-10-13 12:50:39,034 Pruning 256 in layer 10
2024-10-13 12:50:45,540 Gathering metrics
2024-10-13 12:51:09,123 {'acc1': 0.7682549504950495, 'acc5': 0.9142945544554455, 'loss': 115.7991446852684, 'macs': 4150882536, 'params': 83896040, 'model_size': 320.0379943847656, 'inference_time': 0}
2024-10-13 12:51:09,139 Pruning 512 in layer 10
2024-10-13 12:51:14,676 Gathering metrics
2024-10-13 12:51:38,164 {'acc1': 0.7540222772277227, 'acc5': 0.9043935643564357, 'loss': 134.7334727048874, 'macs': 4131208936, 'params': 83502568, 'model_size': 318.5370178222656, 'inference_time': 0}
2024-10-13 12:51:38,179 Pruning 256 in layer 11
2024-10-13 12:51:44,656 Gathering metrics
2024-10-13 12:52:08,191 {'acc1': 0.7462871287128713, 'acc5': 0.9068688118811881, 'loss': 129.94253115355968, 'macs': 4131208936, 'params': 83502568, 'model_size': 318.5370178222656, 'inference_time': 0}
2024-10-13 12:52:08,203 Experiment finished
