2024-10-13 12:41:32,839 Starting experiment outputs/adaptive/vit_l_16/l1
2024-10-13 12:41:32,839 Loading the original model
2024-10-13 12:41:34,067 Gathering metrics of the original model
2024-10-13 12:42:16,247 {'acc1': 0.8428217821782178, 'acc5': 0.968440594059406, 'loss': 72.06224512308836, 'macs': 59690947560, 'params': 304326632, 'model_size': 1160.9139709472656, 'inference_time': 0}
2024-10-13 12:42:16,271 Pruning 256 in layer 0
2024-10-13 12:42:16,289 Gathering metrics
2024-10-13 12:42:58,620 {'acc1': 0.8270420792079208, 'acc5': 0.9622524752475248, 'loss': 80.00945223867893, 'macs': 59587612392, 'params': 303802088, 'model_size': 1158.9129943847656, 'inference_time': 0}
2024-10-13 12:42:58,645 Pruning 256 in layer 1
2024-10-13 12:42:58,646 Gathering metrics
2024-10-13 12:43:41,130 {'acc1': 0.8428217821782178, 'acc5': 0.96875, 'loss': 72.16968719661236, 'macs': 59587612392, 'params': 303802088, 'model_size': 1158.9129943847656, 'inference_time': 0}
2024-10-13 12:43:41,162 Pruning 512 in layer 1
2024-10-13 12:43:41,163 Gathering metrics
2024-10-13 12:44:23,826 {'acc1': 0.8397277227722773, 'acc5': 0.9672029702970297, 'loss': 72.63876987248659, 'macs': 59484277224, 'params': 303277544, 'model_size': 1156.9120178222656, 'inference_time': 0}
2024-10-13 12:44:23,851 Pruning 768 in layer 1
2024-10-13 12:44:23,852 Gathering metrics
2024-10-13 12:45:06,571 {'acc1': 0.838180693069307, 'acc5': 0.9665841584158416, 'loss': 73.18926684558392, 'macs': 59380942056, 'params': 302753000, 'model_size': 1154.9110412597656, 'inference_time': 0}
2024-10-13 12:45:06,596 Pruning 256 in layer 2
2024-10-13 12:45:06,597 Gathering metrics
2024-10-13 12:45:49,139 {'acc1': 0.8415841584158416, 'acc5': 0.9672029702970297, 'loss': 72.39802940934896, 'macs': 59380942056, 'params': 302753000, 'model_size': 1154.9110412597656, 'inference_time': 0}
2024-10-13 12:45:49,164 Pruning 512 in layer 2
2024-10-13 12:45:49,165 Gathering metrics
2024-10-13 12:46:31,597 {'acc1': 0.8394183168316832, 'acc5': 0.9668935643564357, 'loss': 72.55031346529722, 'macs': 59277606888, 'params': 302228456, 'model_size': 1152.9100646972656, 'inference_time': 0}
2024-10-13 12:46:31,622 Pruning 768 in layer 2
2024-10-13 12:46:31,624 Gathering metrics
2024-10-13 12:47:13,838 {'acc1': 0.838799504950495, 'acc5': 0.9662747524752475, 'loss': 72.71686112880707, 'macs': 59174271720, 'params': 301703912, 'model_size': 1150.9090881347656, 'inference_time': 0}
2024-10-13 12:47:13,864 Pruning 1024 in layer 2
2024-10-13 12:47:13,865 Gathering metrics
2024-10-13 12:47:56,397 {'acc1': 0.8378712871287128, 'acc5': 0.9662747524752475, 'loss': 73.02495109289885, 'macs': 59070936552, 'params': 301179368, 'model_size': 1148.9081115722656, 'inference_time': 0}
2024-10-13 12:47:56,422 Pruning 1280 in layer 2
2024-10-13 12:47:56,424 Gathering metrics
2024-10-13 12:48:38,738 {'acc1': 0.8372524752475248, 'acc5': 0.9672029702970297, 'loss': 73.34482407569885, 'macs': 58967601384, 'params': 300654824, 'model_size': 1146.9071350097656, 'inference_time': 0}
2024-10-13 12:48:38,763 Pruning 1536 in layer 2
2024-10-13 12:48:38,765 Gathering metrics
2024-10-13 12:49:21,369 {'acc1': 0.8366336633663366, 'acc5': 0.9659653465346535, 'loss': 73.58364316821098, 'macs': 58864266216, 'params': 300130280, 'model_size': 1144.9061584472656, 'inference_time': 0}
2024-10-13 12:49:21,395 Pruning 1792 in layer 2
2024-10-13 12:49:21,397 Gathering metrics
2024-10-13 12:50:03,596 {'acc1': 0.8353960396039604, 'acc5': 0.9653465346534653, 'loss': 73.88550243526697, 'macs': 58760931048, 'params': 299605736, 'model_size': 1142.9051818847656, 'inference_time': 0}
2024-10-13 12:50:03,707 Pruning 256 in layer 3
2024-10-13 12:50:03,708 Gathering metrics
2024-10-13 12:50:46,166 {'acc1': 0.8366336633663366, 'acc5': 0.9662747524752475, 'loss': 73.4961471259594, 'macs': 58760931048, 'params': 299605736, 'model_size': 1142.9051818847656, 'inference_time': 0}
2024-10-13 12:50:46,191 Pruning 512 in layer 3
2024-10-13 12:50:46,193 Gathering metrics
2024-10-13 12:51:28,194 {'acc1': 0.8347772277227723, 'acc5': 0.9665841584158416, 'loss': 73.68481001257896, 'macs': 58657595880, 'params': 299081192, 'model_size': 1140.9042053222656, 'inference_time': 0}
2024-10-13 12:51:28,220 Pruning 768 in layer 3
2024-10-13 12:51:28,222 Gathering metrics
2024-10-13 12:52:10,441 {'acc1': 0.8338490099009901, 'acc5': 0.9647277227722773, 'loss': 73.90207108855247, 'macs': 58554260712, 'params': 298556648, 'model_size': 1138.9032287597656, 'inference_time': 0}
2024-10-13 12:52:10,466 Pruning 1024 in layer 3
2024-10-13 12:52:10,467 Gathering metrics
2024-10-13 12:52:52,594 {'acc1': 0.8341584158415841, 'acc5': 0.9647277227722773, 'loss': 74.13630170375109, 'macs': 58450925544, 'params': 298032104, 'model_size': 1136.9022521972656, 'inference_time': 0}
2024-10-13 12:52:52,620 Pruning 1280 in layer 3
2024-10-13 12:52:52,622 Gathering metrics
2024-10-13 12:53:35,032 {'acc1': 0.8338490099009901, 'acc5': 0.9641089108910891, 'loss': 74.34541364759207, 'macs': 58347590376, 'params': 297507560, 'model_size': 1134.9012756347656, 'inference_time': 0}
2024-10-13 12:53:35,058 Pruning 1536 in layer 3
2024-10-13 12:53:35,060 Gathering metrics
2024-10-13 12:54:17,045 {'acc1': 0.8338490099009901, 'acc5': 0.9628712871287128, 'loss': 74.5381236821413, 'macs': 58244255208, 'params': 296983016, 'model_size': 1132.9002990722656, 'inference_time': 0}
2024-10-13 12:54:17,071 Pruning 1792 in layer 3
2024-10-13 12:54:17,072 Gathering metrics
2024-10-13 12:54:58,821 {'acc1': 0.8319925742574258, 'acc5': 0.9641089108910891, 'loss': 74.89960396289825, 'macs': 58140920040, 'params': 296458472, 'model_size': 1130.8993225097656, 'inference_time': 0}
2024-10-13 12:54:58,847 Pruning 256 in layer 4
2024-10-13 12:54:58,848 Gathering metrics
2024-10-13 12:55:41,109 {'acc1': 0.8338490099009901, 'acc5': 0.963180693069307, 'loss': 74.54635521024466, 'macs': 58140920040, 'params': 296458472, 'model_size': 1130.8993225097656, 'inference_time': 0}
2024-10-13 12:55:41,135 Pruning 512 in layer 4
2024-10-13 12:55:41,136 Gathering metrics
2024-10-13 12:56:23,245 {'acc1': 0.8323019801980198, 'acc5': 0.9628712871287128, 'loss': 74.74488339573145, 'macs': 58037584872, 'params': 295933928, 'model_size': 1128.8983459472656, 'inference_time': 0}
2024-10-13 12:56:23,270 Pruning 768 in layer 4
2024-10-13 12:56:23,271 Gathering metrics
2024-10-13 12:57:05,290 {'acc1': 0.8307549504950495, 'acc5': 0.963490099009901, 'loss': 74.92350385338068, 'macs': 57934249704, 'params': 295409384, 'model_size': 1126.8973693847656, 'inference_time': 0}
2024-10-13 12:57:05,316 Pruning 1024 in layer 4
2024-10-13 12:57:05,317 Gathering metrics
2024-10-13 12:57:47,255 {'acc1': 0.8307549504950495, 'acc5': 0.963490099009901, 'loss': 75.10580702126026, 'macs': 57830914536, 'params': 294884840, 'model_size': 1124.8963928222656, 'inference_time': 0}
2024-10-13 12:57:47,281 Pruning 1280 in layer 4
2024-10-13 12:57:47,283 Gathering metrics
2024-10-13 12:58:29,201 {'acc1': 0.8319925742574258, 'acc5': 0.9628712871287128, 'loss': 75.24822472780943, 'macs': 57727579368, 'params': 294360296, 'model_size': 1122.8954162597656, 'inference_time': 0}
2024-10-13 12:58:29,227 Pruning 1536 in layer 4
2024-10-13 12:58:29,229 Gathering metrics
2024-10-13 12:59:11,224 {'acc1': 0.8307549504950495, 'acc5': 0.963799504950495, 'loss': 75.55631858855486, 'macs': 57624244200, 'params': 293835752, 'model_size': 1120.8944396972656, 'inference_time': 0}
2024-10-13 12:59:11,249 Pruning 1792 in layer 4
2024-10-13 12:59:11,251 Gathering metrics
2024-10-13 12:59:53,251 {'acc1': 0.8298267326732673, 'acc5': 0.963490099009901, 'loss': 75.75704409182072, 'macs': 57520909032, 'params': 293311208, 'model_size': 1118.8934631347656, 'inference_time': 0}
2024-10-13 12:59:53,362 Pruning 256 in layer 5
2024-10-13 12:59:53,363 Gathering metrics
2024-10-13 13:00:35,283 {'acc1': 0.8307549504950495, 'acc5': 0.9628712871287128, 'loss': 75.81283627450466, 'macs': 57520909032, 'params': 293311208, 'model_size': 1118.8934631347656, 'inference_time': 0}
2024-10-13 13:00:35,310 Pruning 512 in layer 5
2024-10-13 13:00:35,311 Gathering metrics
2024-10-13 13:01:17,068 {'acc1': 0.8301361386138614, 'acc5': 0.9622524752475248, 'loss': 76.12365747243166, 'macs': 57417573864, 'params': 292786664, 'model_size': 1116.8924865722656, 'inference_time': 0}
2024-10-13 13:01:17,094 Pruning 768 in layer 5
2024-10-13 13:01:17,095 Gathering metrics
2024-10-13 13:01:58,864 {'acc1': 0.8295173267326733, 'acc5': 0.9619430693069307, 'loss': 76.48819373548031, 'macs': 57314238696, 'params': 292262120, 'model_size': 1114.8915100097656, 'inference_time': 0}
2024-10-13 13:01:58,891 Pruning 1024 in layer 5
2024-10-13 13:01:58,892 Gathering metrics
2024-10-13 13:02:40,622 {'acc1': 0.8295173267326733, 'acc5': 0.9622524752475248, 'loss': 76.6276665404439, 'macs': 57210903528, 'params': 291737576, 'model_size': 1112.8905334472656, 'inference_time': 0}
2024-10-13 13:02:40,648 Pruning 1280 in layer 5
2024-10-13 13:02:40,650 Gathering metrics
2024-10-13 13:03:22,039 {'acc1': 0.8288985148514851, 'acc5': 0.9610148514851485, 'loss': 76.89317258447409, 'macs': 57107568360, 'params': 291213032, 'model_size': 1110.8895568847656, 'inference_time': 0}
2024-10-13 13:03:22,065 Pruning 1536 in layer 5
2024-10-13 13:03:22,067 Gathering metrics
2024-10-13 13:04:03,707 {'acc1': 0.8270420792079208, 'acc5': 0.9616336633663366, 'loss': 77.19418592005968, 'macs': 57004233192, 'params': 290688488, 'model_size': 1108.8885803222656, 'inference_time': 0}
2024-10-13 13:04:03,734 Pruning 256 in layer 6
2024-10-13 13:04:03,735 Gathering metrics
2024-10-13 13:04:45,775 {'acc1': 0.8279702970297029, 'acc5': 0.9610148514851485, 'loss': 77.21202120929956, 'macs': 57004233192, 'params': 290688488, 'model_size': 1108.8885803222656, 'inference_time': 0}
2024-10-13 13:04:45,800 Pruning 512 in layer 6
2024-10-13 13:04:45,802 Gathering metrics
2024-10-13 13:05:27,481 {'acc1': 0.8279702970297029, 'acc5': 0.9607054455445545, 'loss': 77.49804928153753, 'macs': 56900898024, 'params': 290163944, 'model_size': 1106.8876037597656, 'inference_time': 0}
2024-10-13 13:05:27,507 Pruning 768 in layer 6
2024-10-13 13:05:27,508 Gathering metrics
2024-10-13 13:06:09,316 {'acc1': 0.8270420792079208, 'acc5': 0.9610148514851485, 'loss': 77.77465955168009, 'macs': 56797562856, 'params': 289639400, 'model_size': 1104.8866271972656, 'inference_time': 0}
2024-10-13 13:06:09,342 Pruning 1024 in layer 6
2024-10-13 13:06:09,344 Gathering metrics
2024-10-13 13:06:51,343 {'acc1': 0.8267326732673267, 'acc5': 0.9591584158415841, 'loss': 78.05312820523977, 'macs': 56694227688, 'params': 289114856, 'model_size': 1102.8856506347656, 'inference_time': 0}
2024-10-13 13:06:51,369 Pruning 1280 in layer 6
2024-10-13 13:06:51,371 Gathering metrics
2024-10-13 13:07:32,790 {'acc1': 0.8279702970297029, 'acc5': 0.9594678217821783, 'loss': 78.24753224104643, 'macs': 56590892520, 'params': 288590312, 'model_size': 1100.8846740722656, 'inference_time': 0}
2024-10-13 13:07:32,817 Pruning 1536 in layer 6
2024-10-13 13:07:32,818 Gathering metrics
2024-10-13 13:08:14,382 {'acc1': 0.8261138613861386, 'acc5': 0.9594678217821783, 'loss': 78.58820030838251, 'macs': 56487557352, 'params': 288065768, 'model_size': 1098.8836975097656, 'inference_time': 0}
2024-10-13 13:08:14,407 Pruning 1792 in layer 6
2024-10-13 13:08:14,409 Gathering metrics
2024-10-13 13:08:55,633 {'acc1': 0.8251856435643564, 'acc5': 0.9594678217821783, 'loss': 78.83282797038555, 'macs': 56384222184, 'params': 287541224, 'model_size': 1096.8827209472656, 'inference_time': 0}
2024-10-13 13:08:55,749 Pruning 256 in layer 7
2024-10-13 13:08:55,750 Gathering metrics
2024-10-13 13:09:37,095 {'acc1': 0.8267326732673267, 'acc5': 0.9588490099009901, 'loss': 78.74036987125874, 'macs': 56384222184, 'params': 287541224, 'model_size': 1096.8827209472656, 'inference_time': 0}
2024-10-13 13:09:37,120 Pruning 512 in layer 7
2024-10-13 13:09:37,122 Gathering metrics
2024-10-13 13:10:18,351 {'acc1': 0.8261138613861386, 'acc5': 0.9585396039603961, 'loss': 78.81980909407139, 'macs': 56280887016, 'params': 287016680, 'model_size': 1094.8817443847656, 'inference_time': 0}
2024-10-13 13:10:18,378 Pruning 768 in layer 7
2024-10-13 13:10:18,379 Gathering metrics
2024-10-13 13:10:59,812 {'acc1': 0.8245668316831684, 'acc5': 0.9588490099009901, 'loss': 78.96109902858734, 'macs': 56177551848, 'params': 286492136, 'model_size': 1092.8807678222656, 'inference_time': 0}
2024-10-13 13:10:59,838 Pruning 1024 in layer 7
2024-10-13 13:10:59,840 Gathering metrics
2024-10-13 13:11:40,848 {'acc1': 0.8214727722772277, 'acc5': 0.9591584158415841, 'loss': 79.08588752150536, 'macs': 56074216680, 'params': 285967592, 'model_size': 1090.8797912597656, 'inference_time': 0}
2024-10-13 13:11:40,874 Pruning 256 in layer 8
2024-10-13 13:11:40,875 Gathering metrics
2024-10-13 13:12:21,894 {'acc1': 0.8239480198019802, 'acc5': 0.9591584158415841, 'loss': 79.2671410292387, 'macs': 56074216680, 'params': 285967592, 'model_size': 1090.8797912597656, 'inference_time': 0}
2024-10-13 13:12:21,920 Pruning 512 in layer 8
2024-10-13 13:12:21,921 Gathering metrics
2024-10-13 13:13:03,091 {'acc1': 0.8233292079207921, 'acc5': 0.9585396039603961, 'loss': 79.54095654189587, 'macs': 55970881512, 'params': 285443048, 'model_size': 1088.8788146972656, 'inference_time': 0}
2024-10-13 13:13:03,118 Pruning 768 in layer 8
2024-10-13 13:13:03,119 Gathering metrics
2024-10-13 13:13:44,241 {'acc1': 0.8220915841584159, 'acc5': 0.9588490099009901, 'loss': 79.83217787742615, 'macs': 55867546344, 'params': 284918504, 'model_size': 1086.8778381347656, 'inference_time': 0}
2024-10-13 13:13:44,267 Pruning 1024 in layer 8
2024-10-13 13:13:44,268 Gathering metrics
2024-10-13 13:14:25,593 {'acc1': 0.8220915841584159, 'acc5': 0.9585396039603961, 'loss': 80.05937278270721, 'macs': 55764211176, 'params': 284393960, 'model_size': 1084.8768615722656, 'inference_time': 0}
2024-10-13 13:14:25,619 Pruning 1280 in layer 8
2024-10-13 13:14:25,621 Gathering metrics
2024-10-13 13:15:06,532 {'acc1': 0.8217821782178217, 'acc5': 0.9585396039603961, 'loss': 80.13005306571722, 'macs': 55660876008, 'params': 283869416, 'model_size': 1082.8758850097656, 'inference_time': 0}
2024-10-13 13:15:06,558 Pruning 1536 in layer 8
2024-10-13 13:15:06,560 Gathering metrics
2024-10-13 13:15:47,595 {'acc1': 0.8208539603960396, 'acc5': 0.9585396039603961, 'loss': 80.41450212150812, 'macs': 55557540840, 'params': 283344872, 'model_size': 1080.8749084472656, 'inference_time': 0}
2024-10-13 13:15:47,621 Pruning 256 in layer 9
2024-10-13 13:15:47,623 Gathering metrics
2024-10-13 13:16:28,706 {'acc1': 0.8217821782178217, 'acc5': 0.9594678217821783, 'loss': 80.06961289048195, 'macs': 55557540840, 'params': 283344872, 'model_size': 1080.8749084472656, 'inference_time': 0}
2024-10-13 13:16:28,732 Pruning 512 in layer 9
2024-10-13 13:16:28,734 Gathering metrics
2024-10-13 13:17:09,891 {'acc1': 0.8220915841584159, 'acc5': 0.9594678217821783, 'loss': 80.04863706976175, 'macs': 55454205672, 'params': 282820328, 'model_size': 1078.8739318847656, 'inference_time': 0}
2024-10-13 13:17:10,005 Pruning 768 in layer 9
2024-10-13 13:17:10,007 Gathering metrics
2024-10-13 13:17:50,914 {'acc1': 0.8220915841584159, 'acc5': 0.9585396039603961, 'loss': 80.08863509446383, 'macs': 55350870504, 'params': 282295784, 'model_size': 1076.8729553222656, 'inference_time': 0}
2024-10-13 13:17:50,940 Pruning 1024 in layer 9
2024-10-13 13:17:50,942 Gathering metrics
2024-10-13 13:18:31,542 {'acc1': 0.8196163366336634, 'acc5': 0.9585396039603961, 'loss': 80.14655619114637, 'macs': 55247535336, 'params': 281771240, 'model_size': 1074.8719787597656, 'inference_time': 0}
2024-10-13 13:18:31,567 Pruning 1280 in layer 9
2024-10-13 13:18:31,569 Gathering metrics
2024-10-13 13:19:12,407 {'acc1': 0.8205445544554455, 'acc5': 0.958230198019802, 'loss': 80.0428486391902, 'macs': 55144200168, 'params': 281246696, 'model_size': 1072.8710021972656, 'inference_time': 0}
2024-10-13 13:19:12,434 Pruning 1536 in layer 9
2024-10-13 13:19:12,435 Gathering metrics
2024-10-13 13:19:52,982 {'acc1': 0.8193069306930693, 'acc5': 0.958230198019802, 'loss': 80.0480951294303, 'macs': 55040865000, 'params': 280722152, 'model_size': 1070.8700256347656, 'inference_time': 0}
2024-10-13 13:19:53,009 Pruning 1792 in layer 9
2024-10-13 13:19:53,010 Gathering metrics
2024-10-13 13:20:33,857 {'acc1': 0.8205445544554455, 'acc5': 0.9585396039603961, 'loss': 80.07046392560005, 'macs': 54937529832, 'params': 280197608, 'model_size': 1068.8690490722656, 'inference_time': 0}
2024-10-13 13:20:33,884 Pruning 2048 in layer 9
2024-10-13 13:20:33,886 Gathering metrics
2024-10-13 13:21:14,633 {'acc1': 0.8199257425742574, 'acc5': 0.9579207920792079, 'loss': 80.23338082432747, 'macs': 54834194664, 'params': 279673064, 'model_size': 1066.8680725097656, 'inference_time': 0}
2024-10-13 13:21:14,658 Pruning 2304 in layer 9
2024-10-13 13:21:14,660 Gathering metrics
2024-10-13 13:21:55,547 {'acc1': 0.8202351485148515, 'acc5': 0.9585396039603961, 'loss': 80.3599044457078, 'macs': 54730859496, 'params': 279148520, 'model_size': 1064.8670959472656, 'inference_time': 0}
2024-10-13 13:21:55,573 Pruning 2560 in layer 9
2024-10-13 13:21:55,575 Gathering metrics
2024-10-13 13:22:36,290 {'acc1': 0.8202351485148515, 'acc5': 0.9591584158415841, 'loss': 80.44131361693144, 'macs': 54627524328, 'params': 278623976, 'model_size': 1062.8661193847656, 'inference_time': 0}
2024-10-13 13:22:36,316 Pruning 2816 in layer 9
2024-10-13 13:22:36,318 Gathering metrics
2024-10-13 13:23:17,112 {'acc1': 0.8208539603960396, 'acc5': 0.9585396039603961, 'loss': 80.60261648148298, 'macs': 54524189160, 'params': 278099432, 'model_size': 1060.8651428222656, 'inference_time': 0}
2024-10-13 13:23:17,139 Pruning 3072 in layer 9
2024-10-13 13:23:17,140 Gathering metrics
2024-10-13 13:23:57,928 {'acc1': 0.8193069306930693, 'acc5': 0.9569925742574258, 'loss': 80.8620438054204, 'macs': 54420853992, 'params': 277574888, 'model_size': 1058.8641662597656, 'inference_time': 0}
2024-10-13 13:23:57,953 Pruning 3328 in layer 9
2024-10-13 13:23:57,954 Gathering metrics
2024-10-13 13:24:38,687 {'acc1': 0.8186881188118812, 'acc5': 0.9579207920792079, 'loss': 80.95970091968775, 'macs': 54317518824, 'params': 277050344, 'model_size': 1056.8631896972656, 'inference_time': 0}
2024-10-13 13:24:38,713 Pruning 3584 in layer 9
2024-10-13 13:24:38,715 Gathering metrics
2024-10-13 13:25:19,042 {'acc1': 0.8186881188118812, 'acc5': 0.9557549504950495, 'loss': 81.42308460921049, 'macs': 54214183656, 'params': 276525800, 'model_size': 1054.8622131347656, 'inference_time': 0}
2024-10-13 13:25:19,068 Pruning 3840 in layer 9
2024-10-13 13:25:19,069 Gathering metrics
2024-10-13 13:25:59,794 {'acc1': 0.8186881188118812, 'acc5': 0.9560643564356436, 'loss': 82.0910495147109, 'macs': 54110848488, 'params': 276001256, 'model_size': 1052.8612365722656, 'inference_time': 0}
2024-10-13 13:25:59,820 Pruning 256 in layer 10
2024-10-13 13:25:59,822 Gathering metrics
2024-10-13 13:26:40,255 {'acc1': 0.8193069306930693, 'acc5': 0.9557549504950495, 'loss': 81.41030468046665, 'macs': 54110848488, 'params': 276001256, 'model_size': 1052.8612365722656, 'inference_time': 0}
2024-10-13 13:26:40,368 Pruning 512 in layer 10
2024-10-13 13:26:40,370 Gathering metrics
2024-10-13 13:27:20,679 {'acc1': 0.8183787128712872, 'acc5': 0.9560643564356436, 'loss': 81.40427759289742, 'macs': 54007513320, 'params': 275476712, 'model_size': 1050.8602600097656, 'inference_time': 0}
2024-10-13 13:27:20,706 Pruning 768 in layer 10
2024-10-13 13:27:20,707 Gathering metrics
2024-10-13 13:28:01,187 {'acc1': 0.8183787128712872, 'acc5': 0.9566831683168316, 'loss': 81.45478069782257, 'macs': 53904178152, 'params': 274952168, 'model_size': 1048.8592834472656, 'inference_time': 0}
2024-10-13 13:28:01,212 Pruning 1024 in layer 10
2024-10-13 13:28:01,214 Gathering metrics
2024-10-13 13:28:41,420 {'acc1': 0.8193069306930693, 'acc5': 0.9576113861386139, 'loss': 81.2943942323327, 'macs': 53800842984, 'params': 274427624, 'model_size': 1046.8583068847656, 'inference_time': 0}
2024-10-13 13:28:41,446 Pruning 1280 in layer 10
2024-10-13 13:28:41,447 Gathering metrics
2024-10-13 13:29:21,972 {'acc1': 0.8199257425742574, 'acc5': 0.9569925742574258, 'loss': 81.38875839114189, 'macs': 53697507816, 'params': 273903080, 'model_size': 1044.8573303222656, 'inference_time': 0}
2024-10-13 13:29:21,998 Pruning 1536 in layer 10
2024-10-13 13:29:21,999 Gathering metrics
2024-10-13 13:30:02,087 {'acc1': 0.8205445544554455, 'acc5': 0.9566831683168316, 'loss': 81.3295147716999, 'macs': 53594172648, 'params': 273378536, 'model_size': 1042.8563537597656, 'inference_time': 0}
2024-10-13 13:30:02,113 Pruning 1792 in layer 10
2024-10-13 13:30:02,115 Gathering metrics
2024-10-13 13:30:42,233 {'acc1': 0.8208539603960396, 'acc5': 0.9566831683168316, 'loss': 81.38394861668348, 'macs': 53490837480, 'params': 272853992, 'model_size': 1040.8553771972656, 'inference_time': 0}
2024-10-13 13:30:42,259 Pruning 2048 in layer 10
2024-10-13 13:30:42,260 Gathering metrics
2024-10-13 13:31:22,310 {'acc1': 0.8217821782178217, 'acc5': 0.9560643564356436, 'loss': 81.32075219601393, 'macs': 53387502312, 'params': 272329448, 'model_size': 1038.8544006347656, 'inference_time': 0}
2024-10-13 13:31:22,336 Pruning 2304 in layer 10
2024-10-13 13:31:22,338 Gathering metrics
2024-10-13 13:32:02,322 {'acc1': 0.8214727722772277, 'acc5': 0.9569925742574258, 'loss': 81.40449715405703, 'macs': 53284167144, 'params': 271804904, 'model_size': 1036.8534240722656, 'inference_time': 0}
2024-10-13 13:32:02,348 Pruning 2560 in layer 10
2024-10-13 13:32:02,349 Gathering metrics
2024-10-13 13:32:45,417 {'acc1': 0.8214727722772277, 'acc5': 0.9573019801980198, 'loss': 81.34113129973412, 'macs': 53180831976, 'params': 271280360, 'model_size': 1034.8524475097656, 'inference_time': 0}
2024-10-13 13:32:45,455 Pruning 2816 in layer 10
2024-10-13 13:32:45,458 Gathering metrics
2024-10-13 13:33:30,897 {'acc1': 0.8227103960396039, 'acc5': 0.9560643564356436, 'loss': 81.21285716444254, 'macs': 53077496808, 'params': 270755816, 'model_size': 1032.8514709472656, 'inference_time': 0}
2024-10-13 13:33:30,937 Pruning 3072 in layer 10
2024-10-13 13:33:30,939 Gathering metrics
2024-10-13 13:34:16,207 {'acc1': 0.823019801980198, 'acc5': 0.9557549504950495, 'loss': 81.45939730852842, 'macs': 52974161640, 'params': 270231272, 'model_size': 1030.8504943847656, 'inference_time': 0}
2024-10-13 13:34:16,244 Pruning 3328 in layer 10
2024-10-13 13:34:16,245 Gathering metrics
2024-10-13 13:34:56,940 {'acc1': 0.8217821782178217, 'acc5': 0.9557549504950495, 'loss': 81.59492594748735, 'macs': 52870826472, 'params': 269706728, 'model_size': 1028.8495178222656, 'inference_time': 0}
2024-10-13 13:34:56,968 Pruning 3584 in layer 10
2024-10-13 13:34:56,970 Gathering metrics
2024-10-13 13:35:36,966 {'acc1': 0.8217821782178217, 'acc5': 0.9560643564356436, 'loss': 81.6964226514101, 'macs': 52767491304, 'params': 269182184, 'model_size': 1026.8485412597656, 'inference_time': 0}
2024-10-13 13:35:36,993 Pruning 3840 in layer 10
2024-10-13 13:35:36,994 Gathering metrics
2024-10-13 13:36:16,765 {'acc1': 0.8202351485148515, 'acc5': 0.9563737623762376, 'loss': 82.12561352550983, 'macs': 52664156136, 'params': 268657640, 'model_size': 1024.8475646972656, 'inference_time': 0}
2024-10-13 13:36:16,883 Pruning 256 in layer 11
2024-10-13 13:36:16,884 Gathering metrics
2024-10-13 13:37:02,899 {'acc1': 0.8211633663366337, 'acc5': 0.9573019801980198, 'loss': 81.82436784356833, 'macs': 52664156136, 'params': 268657640, 'model_size': 1024.8475646972656, 'inference_time': 0}
2024-10-13 13:37:02,938 Pruning 512 in layer 11
2024-10-13 13:37:02,941 Gathering metrics
2024-10-13 13:37:47,318 {'acc1': 0.8208539603960396, 'acc5': 0.9569925742574258, 'loss': 82.07417903840542, 'macs': 52560820968, 'params': 268133096, 'model_size': 1022.8465881347656, 'inference_time': 0}
2024-10-13 13:37:47,348 Pruning 768 in layer 11
2024-10-13 13:37:47,349 Gathering metrics
2024-10-13 13:38:27,470 {'acc1': 0.8211633663366337, 'acc5': 0.9560643564356436, 'loss': 82.18089605867863, 'macs': 52457485800, 'params': 267608552, 'model_size': 1020.8456115722656, 'inference_time': 0}
2024-10-13 13:38:27,496 Pruning 1024 in layer 11
2024-10-13 13:38:27,497 Gathering metrics
2024-10-13 13:39:07,370 {'acc1': 0.8196163366336634, 'acc5': 0.9548267326732673, 'loss': 82.40066850185394, 'macs': 52354150632, 'params': 267084008, 'model_size': 1018.8446350097656, 'inference_time': 0}
2024-10-13 13:39:07,397 Pruning 1280 in layer 11
2024-10-13 13:39:07,398 Gathering metrics
2024-10-13 13:39:47,409 {'acc1': 0.8205445544554455, 'acc5': 0.9560643564356436, 'loss': 82.51661597192287, 'macs': 52250815464, 'params': 266559464, 'model_size': 1016.8436584472656, 'inference_time': 0}
2024-10-13 13:39:47,435 Pruning 1536 in layer 11
2024-10-13 13:39:47,437 Gathering metrics
2024-10-13 13:40:29,076 {'acc1': 0.8205445544554455, 'acc5': 0.9557549504950495, 'loss': 82.7812836766243, 'macs': 52147480296, 'params': 266034920, 'model_size': 1014.8426818847656, 'inference_time': 0}
2024-10-13 13:40:29,113 Pruning 1792 in layer 11
2024-10-13 13:40:29,115 Gathering metrics
2024-10-13 13:41:13,444 {'acc1': 0.8196163366336634, 'acc5': 0.9557549504950495, 'loss': 83.09119901806116, 'macs': 52044145128, 'params': 265510376, 'model_size': 1012.8417053222656, 'inference_time': 0}
2024-10-13 13:41:13,471 Pruning 2048 in layer 11
2024-10-13 13:41:13,473 Gathering metrics
2024-10-13 13:41:53,383 {'acc1': 0.817450495049505, 'acc5': 0.9563737623762376, 'loss': 83.29862013459206, 'macs': 51940809960, 'params': 264985832, 'model_size': 1010.8407287597656, 'inference_time': 0}
2024-10-13 13:41:53,410 Pruning 256 in layer 12
2024-10-13 13:41:53,411 Gathering metrics
2024-10-13 13:42:32,966 {'acc1': 0.8199257425742574, 'acc5': 0.9560643564356436, 'loss': 83.24612154811621, 'macs': 51940809960, 'params': 264985832, 'model_size': 1010.8407287597656, 'inference_time': 0}
2024-10-13 13:42:32,992 Pruning 512 in layer 12
2024-10-13 13:42:32,993 Gathering metrics
2024-10-13 13:43:12,510 {'acc1': 0.8189975247524752, 'acc5': 0.9551361386138614, 'loss': 83.29235523939133, 'macs': 51837474792, 'params': 264461288, 'model_size': 1008.8397521972656, 'inference_time': 0}
2024-10-13 13:43:12,536 Pruning 768 in layer 12
2024-10-13 13:43:12,538 Gathering metrics
2024-10-13 13:43:52,166 {'acc1': 0.8186881188118812, 'acc5': 0.9557549504950495, 'loss': 83.22056248784065, 'macs': 51734139624, 'params': 263936744, 'model_size': 1006.8387756347656, 'inference_time': 0}
2024-10-13 13:43:52,193 Pruning 1024 in layer 12
2024-10-13 13:43:52,194 Gathering metrics
2024-10-13 13:44:31,669 {'acc1': 0.8186881188118812, 'acc5': 0.9551361386138614, 'loss': 83.38781242072582, 'macs': 51630804456, 'params': 263412200, 'model_size': 1004.8377990722656, 'inference_time': 0}
2024-10-13 13:44:31,697 Pruning 1280 in layer 12
2024-10-13 13:44:31,698 Gathering metrics
2024-10-13 13:45:10,858 {'acc1': 0.8186881188118812, 'acc5': 0.9554455445544554, 'loss': 83.46865668147802, 'macs': 51527469288, 'params': 262887656, 'model_size': 1002.8368225097656, 'inference_time': 0}
2024-10-13 13:45:10,884 Pruning 1536 in layer 12
2024-10-13 13:45:10,886 Gathering metrics
2024-10-13 13:45:50,390 {'acc1': 0.817759900990099, 'acc5': 0.9557549504950495, 'loss': 83.5909130051732, 'macs': 51424134120, 'params': 262363112, 'model_size': 1000.8358459472656, 'inference_time': 0}
2024-10-13 13:45:50,502 Pruning 1792 in layer 12
2024-10-13 13:45:50,504 Gathering metrics
2024-10-13 13:46:30,477 {'acc1': 0.817759900990099, 'acc5': 0.9551361386138614, 'loss': 83.7289234623313, 'macs': 51320798952, 'params': 261838568, 'model_size': 998.8348693847656, 'inference_time': 0}
2024-10-13 13:46:30,504 Pruning 2048 in layer 12
2024-10-13 13:46:30,505 Gathering metrics
2024-10-13 13:47:15,053 {'acc1': 0.818069306930693, 'acc5': 0.9545173267326733, 'loss': 83.61862056702375, 'macs': 51217463784, 'params': 261314024, 'model_size': 996.8338928222656, 'inference_time': 0}
2024-10-13 13:47:15,094 Pruning 2304 in layer 12
2024-10-13 13:47:15,097 Gathering metrics
2024-10-13 13:47:55,087 {'acc1': 0.8196163366336634, 'acc5': 0.9551361386138614, 'loss': 83.67360458523035, 'macs': 51114128616, 'params': 260789480, 'model_size': 994.8329162597656, 'inference_time': 0}
2024-10-13 13:47:55,115 Pruning 2560 in layer 12
2024-10-13 13:47:55,116 Gathering metrics
2024-10-13 13:48:34,514 {'acc1': 0.8183787128712872, 'acc5': 0.9560643564356436, 'loss': 83.86398739367723, 'macs': 51010793448, 'params': 260264936, 'model_size': 992.8319396972656, 'inference_time': 0}
2024-10-13 13:48:34,540 Pruning 2816 in layer 12
2024-10-13 13:48:34,542 Gathering metrics
2024-10-13 13:49:13,891 {'acc1': 0.8186881188118812, 'acc5': 0.9554455445544554, 'loss': 84.05269473046064, 'macs': 50907458280, 'params': 259740392, 'model_size': 990.8309631347656, 'inference_time': 0}
2024-10-13 13:49:13,918 Pruning 3072 in layer 12
2024-10-13 13:49:13,919 Gathering metrics
2024-10-13 13:49:52,867 {'acc1': 0.8165222772277227, 'acc5': 0.9557549504950495, 'loss': 84.36019034683704, 'macs': 50804123112, 'params': 259215848, 'model_size': 988.8299865722656, 'inference_time': 0}
2024-10-13 13:49:52,894 Pruning 3328 in layer 12
2024-10-13 13:49:52,895 Gathering metrics
2024-10-13 13:50:32,234 {'acc1': 0.8140470297029703, 'acc5': 0.9557549504950495, 'loss': 84.36640816181898, 'macs': 50700787944, 'params': 258691304, 'model_size': 986.8290100097656, 'inference_time': 0}
2024-10-13 13:50:32,260 Pruning 256 in layer 13
2024-10-13 13:50:32,262 Gathering metrics
2024-10-13 13:51:11,409 {'acc1': 0.817759900990099, 'acc5': 0.9545173267326733, 'loss': 84.38758836686611, 'macs': 50700787944, 'params': 258691304, 'model_size': 986.8290100097656, 'inference_time': 0}
2024-10-13 13:51:11,436 Pruning 512 in layer 13
2024-10-13 13:51:11,437 Gathering metrics
2024-10-13 13:51:50,474 {'acc1': 0.8159034653465347, 'acc5': 0.9545173267326733, 'loss': 84.36417900770903, 'macs': 50597452776, 'params': 258166760, 'model_size': 984.8280334472656, 'inference_time': 0}
2024-10-13 13:51:50,500 Pruning 768 in layer 13
2024-10-13 13:51:50,501 Gathering metrics
2024-10-13 13:52:29,427 {'acc1': 0.8159034653465347, 'acc5': 0.9538985148514851, 'loss': 84.4593848735094, 'macs': 50494117608, 'params': 257642216, 'model_size': 982.8270568847656, 'inference_time': 0}
2024-10-13 13:52:29,453 Pruning 1024 in layer 13
2024-10-13 13:52:29,455 Gathering metrics
2024-10-13 13:53:08,249 {'acc1': 0.8165222772277227, 'acc5': 0.9542079207920792, 'loss': 84.29737915843725, 'macs': 50390782440, 'params': 257117672, 'model_size': 980.8260803222656, 'inference_time': 0}
2024-10-13 13:53:08,276 Pruning 1280 in layer 13
2024-10-13 13:53:08,277 Gathering metrics
2024-10-13 13:53:47,049 {'acc1': 0.8162128712871287, 'acc5': 0.9545173267326733, 'loss': 84.32305134832859, 'macs': 50287447272, 'params': 256593128, 'model_size': 978.8251037597656, 'inference_time': 0}
2024-10-13 13:53:47,075 Pruning 1536 in layer 13
2024-10-13 13:53:47,077 Gathering metrics
2024-10-13 13:54:25,996 {'acc1': 0.8159034653465347, 'acc5': 0.9554455445544554, 'loss': 84.24866096675396, 'macs': 50184112104, 'params': 256068584, 'model_size': 976.8241271972656, 'inference_time': 0}
2024-10-13 13:54:26,022 Pruning 1792 in layer 13
2024-10-13 13:54:26,023 Gathering metrics
2024-10-13 13:55:04,842 {'acc1': 0.817759900990099, 'acc5': 0.9529702970297029, 'loss': 84.1425150334835, 'macs': 50080776936, 'params': 255544040, 'model_size': 974.8231506347656, 'inference_time': 0}
2024-10-13 13:55:04,955 Pruning 2048 in layer 13
2024-10-13 13:55:04,957 Gathering metrics
2024-10-13 13:55:43,648 {'acc1': 0.8171410891089109, 'acc5': 0.9545173267326733, 'loss': 84.23067987710238, 'macs': 49977441768, 'params': 255019496, 'model_size': 972.8221740722656, 'inference_time': 0}
2024-10-13 13:55:43,674 Pruning 2304 in layer 13
2024-10-13 13:55:43,676 Gathering metrics
2024-10-13 13:56:22,382 {'acc1': 0.8159034653465347, 'acc5': 0.9538985148514851, 'loss': 84.39252396672964, 'macs': 49874106600, 'params': 254494952, 'model_size': 970.8211975097656, 'inference_time': 0}
2024-10-13 13:56:22,409 Pruning 2560 in layer 13
2024-10-13 13:56:22,410 Gathering metrics
2024-10-13 13:57:01,073 {'acc1': 0.8183787128712872, 'acc5': 0.9538985148514851, 'loss': 84.42549655586481, 'macs': 49770771432, 'params': 253970408, 'model_size': 968.8202209472656, 'inference_time': 0}
2024-10-13 13:57:01,100 Pruning 2816 in layer 13
2024-10-13 13:57:01,101 Gathering metrics
2024-10-13 13:57:39,861 {'acc1': 0.8168316831683168, 'acc5': 0.9545173267326733, 'loss': 84.45130717754364, 'macs': 49667436264, 'params': 253445864, 'model_size': 966.8192443847656, 'inference_time': 0}
2024-10-13 13:57:39,887 Pruning 3072 in layer 13
2024-10-13 13:57:39,889 Gathering metrics
2024-10-13 13:58:18,697 {'acc1': 0.8165222772277227, 'acc5': 0.9535891089108911, 'loss': 84.18374486267567, 'macs': 49564101096, 'params': 252921320, 'model_size': 964.8182678222656, 'inference_time': 0}
2024-10-13 13:58:18,723 Pruning 3328 in layer 13
2024-10-13 13:58:18,725 Gathering metrics
2024-10-13 13:58:57,354 {'acc1': 0.8159034653465347, 'acc5': 0.9535891089108911, 'loss': 84.47960778325796, 'macs': 49460765928, 'params': 252396776, 'model_size': 962.8172912597656, 'inference_time': 0}
2024-10-13 13:58:57,381 Pruning 3584 in layer 13
2024-10-13 13:58:57,383 Gathering metrics
2024-10-13 13:59:35,903 {'acc1': 0.8171410891089109, 'acc5': 0.9514232673267327, 'loss': 84.61740703880787, 'macs': 49357430760, 'params': 251872232, 'model_size': 960.8163146972656, 'inference_time': 0}
2024-10-13 13:59:35,930 Pruning 3840 in layer 13
2024-10-13 13:59:35,932 Gathering metrics
2024-10-13 14:00:14,391 {'acc1': 0.8159034653465347, 'acc5': 0.9514232673267327, 'loss': 84.75408916175365, 'macs': 49254095592, 'params': 251347688, 'model_size': 958.8153381347656, 'inference_time': 0}
2024-10-13 14:00:14,417 Pruning 256 in layer 14
2024-10-13 14:00:14,419 Gathering metrics
2024-10-13 14:00:53,048 {'acc1': 0.8168316831683168, 'acc5': 0.9517326732673267, 'loss': 84.54591684788465, 'macs': 49254095592, 'params': 251347688, 'model_size': 958.8153381347656, 'inference_time': 0}
2024-10-13 14:00:53,075 Pruning 512 in layer 14
2024-10-13 14:00:53,077 Gathering metrics
2024-10-13 14:01:31,525 {'acc1': 0.8162128712871287, 'acc5': 0.9523514851485149, 'loss': 84.52176684886217, 'macs': 49150760424, 'params': 250823144, 'model_size': 956.8143615722656, 'inference_time': 0}
2024-10-13 14:01:31,552 Pruning 768 in layer 14
2024-10-13 14:01:31,553 Gathering metrics
2024-10-13 14:02:10,141 {'acc1': 0.8159034653465347, 'acc5': 0.9511138613861386, 'loss': 84.66426602751017, 'macs': 49047425256, 'params': 250298600, 'model_size': 954.8133850097656, 'inference_time': 0}
2024-10-13 14:02:10,168 Pruning 1024 in layer 14
2024-10-13 14:02:10,170 Gathering metrics
2024-10-13 14:02:48,529 {'acc1': 0.8155940594059405, 'acc5': 0.9508044554455446, 'loss': 84.8165064305067, 'macs': 48944090088, 'params': 249774056, 'model_size': 952.8124084472656, 'inference_time': 0}
2024-10-13 14:02:48,556 Pruning 1280 in layer 14
2024-10-13 14:02:48,557 Gathering metrics
2024-10-13 14:03:27,177 {'acc1': 0.8146658415841584, 'acc5': 0.9508044554455446, 'loss': 84.91632653027773, 'macs': 48840754920, 'params': 249249512, 'model_size': 950.8114318847656, 'inference_time': 0}
2024-10-13 14:03:27,204 Pruning 1536 in layer 14
2024-10-13 14:03:27,205 Gathering metrics
2024-10-13 14:04:05,403 {'acc1': 0.8155940594059405, 'acc5': 0.9508044554455446, 'loss': 84.8674640133977, 'macs': 48737419752, 'params': 248724968, 'model_size': 948.8104553222656, 'inference_time': 0}
2024-10-13 14:04:05,516 Pruning 1792 in layer 14
2024-10-13 14:04:05,517 Gathering metrics
2024-10-13 14:04:43,875 {'acc1': 0.8146658415841584, 'acc5': 0.9523514851485149, 'loss': 84.80687419325113, 'macs': 48634084584, 'params': 248200424, 'model_size': 946.8094787597656, 'inference_time': 0}
2024-10-13 14:04:43,902 Pruning 2048 in layer 14
2024-10-13 14:04:43,903 Gathering metrics
2024-10-13 14:05:22,050 {'acc1': 0.8155940594059405, 'acc5': 0.9529702970297029, 'loss': 84.83670476078987, 'macs': 48530749416, 'params': 247675880, 'model_size': 944.8085021972656, 'inference_time': 0}
2024-10-13 14:05:22,082 Pruning 2304 in layer 14
2024-10-13 14:05:22,084 Gathering metrics
2024-10-13 14:06:00,304 {'acc1': 0.8146658415841584, 'acc5': 0.9514232673267327, 'loss': 85.00408688187599, 'macs': 48427414248, 'params': 247151336, 'model_size': 942.8075256347656, 'inference_time': 0}
2024-10-13 14:06:00,331 Pruning 2560 in layer 14
2024-10-13 14:06:00,333 Gathering metrics
2024-10-13 14:06:38,545 {'acc1': 0.8149752475247525, 'acc5': 0.9514232673267327, 'loss': 85.0983642861247, 'macs': 48324079080, 'params': 246626792, 'model_size': 940.8065490722656, 'inference_time': 0}
2024-10-13 14:06:38,572 Pruning 2816 in layer 14
2024-10-13 14:06:38,573 Gathering metrics
2024-10-13 14:07:16,696 {'acc1': 0.8134282178217822, 'acc5': 0.9504950495049505, 'loss': 85.47412191331387, 'macs': 48220743912, 'params': 246102248, 'model_size': 938.8055725097656, 'inference_time': 0}
2024-10-13 14:07:16,722 Pruning 256 in layer 15
2024-10-13 14:07:16,724 Gathering metrics
2024-10-13 14:07:54,677 {'acc1': 0.8140470297029703, 'acc5': 0.9514232673267327, 'loss': 85.09953985363245, 'macs': 48220743912, 'params': 246102248, 'model_size': 938.8055725097656, 'inference_time': 0}
2024-10-13 14:07:54,703 Pruning 512 in layer 15
2024-10-13 14:07:54,704 Gathering metrics
2024-10-13 14:08:32,737 {'acc1': 0.8137376237623762, 'acc5': 0.9511138613861386, 'loss': 85.04417114704847, 'macs': 48117408744, 'params': 245577704, 'model_size': 936.8045959472656, 'inference_time': 0}
2024-10-13 14:08:32,763 Pruning 768 in layer 15
2024-10-13 14:08:32,765 Gathering metrics
2024-10-13 14:09:10,809 {'acc1': 0.8125, 'acc5': 0.9508044554455446, 'loss': 84.99253567308187, 'macs': 48014073576, 'params': 245053160, 'model_size': 934.8036193847656, 'inference_time': 0}
2024-10-13 14:09:10,836 Pruning 1024 in layer 15
2024-10-13 14:09:10,837 Gathering metrics
2024-10-13 14:09:48,643 {'acc1': 0.8131188118811881, 'acc5': 0.9508044554455446, 'loss': 84.91761126369238, 'macs': 47910738408, 'params': 244528616, 'model_size': 932.8026428222656, 'inference_time': 0}
2024-10-13 14:09:48,670 Pruning 1280 in layer 15
2024-10-13 14:09:48,671 Gathering metrics
2024-10-13 14:10:26,380 {'acc1': 0.8140470297029703, 'acc5': 0.9511138613861386, 'loss': 84.66999736428261, 'macs': 47807403240, 'params': 244004072, 'model_size': 930.8016662597656, 'inference_time': 0}
2024-10-13 14:10:26,407 Pruning 1536 in layer 15
2024-10-13 14:10:26,408 Gathering metrics
2024-10-13 14:11:04,324 {'acc1': 0.8134282178217822, 'acc5': 0.9511138613861386, 'loss': 84.55618830025196, 'macs': 47704068072, 'params': 243479528, 'model_size': 928.8006896972656, 'inference_time': 0}
2024-10-13 14:11:04,350 Pruning 1792 in layer 15
2024-10-13 14:11:04,351 Gathering metrics
2024-10-13 14:11:42,154 {'acc1': 0.812190594059406, 'acc5': 0.9517326732673267, 'loss': 84.65258123725653, 'macs': 47600732904, 'params': 242954984, 'model_size': 926.7997131347656, 'inference_time': 0}
2024-10-13 14:11:42,181 Pruning 2048 in layer 15
2024-10-13 14:11:42,183 Gathering metrics
2024-10-13 14:12:28,716 {'acc1': 0.8100247524752475, 'acc5': 0.9514232673267327, 'loss': 84.65259989351034, 'macs': 47497397736, 'params': 242430440, 'model_size': 924.7987365722656, 'inference_time': 0}
2024-10-13 14:12:29,137 Pruning 256 in layer 16
2024-10-13 14:12:29,140 Gathering metrics
2024-10-13 14:13:12,754 {'acc1': 0.8109529702970297, 'acc5': 0.9508044554455446, 'loss': 84.80856341868639, 'macs': 47497397736, 'params': 242430440, 'model_size': 924.7987365722656, 'inference_time': 0}
2024-10-13 14:13:12,791 Pruning 512 in layer 16
2024-10-13 14:13:12,793 Gathering metrics
2024-10-13 14:13:57,449 {'acc1': 0.8109529702970297, 'acc5': 0.9508044554455446, 'loss': 84.70232703536749, 'macs': 47394062568, 'params': 241905896, 'model_size': 922.7977600097656, 'inference_time': 0}
2024-10-13 14:13:57,488 Pruning 768 in layer 16
2024-10-13 14:13:57,491 Gathering metrics
2024-10-13 14:14:42,206 {'acc1': 0.8106435643564357, 'acc5': 0.9508044554455446, 'loss': 84.50556293129921, 'macs': 47290727400, 'params': 241381352, 'model_size': 920.7967834472656, 'inference_time': 0}
2024-10-13 14:14:42,247 Pruning 1024 in layer 16
2024-10-13 14:14:42,250 Gathering metrics
2024-10-13 14:15:26,574 {'acc1': 0.8103341584158416, 'acc5': 0.9508044554455446, 'loss': 84.45183814316988, 'macs': 47187392232, 'params': 240856808, 'model_size': 918.7958068847656, 'inference_time': 0}
2024-10-13 14:15:26,613 Pruning 1280 in layer 16
2024-10-13 14:15:26,616 Gathering metrics
2024-10-13 14:16:11,976 {'acc1': 0.8097153465346535, 'acc5': 0.9511138613861386, 'loss': 84.4024761095643, 'macs': 47084057064, 'params': 240332264, 'model_size': 916.7948303222656, 'inference_time': 0}
2024-10-13 14:16:12,016 Pruning 1536 in layer 16
2024-10-13 14:16:12,019 Gathering metrics
2024-10-13 14:16:56,183 {'acc1': 0.8097153465346535, 'acc5': 0.9511138613861386, 'loss': 84.49634540081024, 'macs': 46980721896, 'params': 239807720, 'model_size': 914.7938537597656, 'inference_time': 0}
2024-10-13 14:16:56,224 Pruning 1792 in layer 16
2024-10-13 14:16:56,227 Gathering metrics
2024-10-13 14:17:41,113 {'acc1': 0.8087871287128713, 'acc5': 0.9508044554455446, 'loss': 84.54995822906494, 'macs': 46877386728, 'params': 239283176, 'model_size': 912.7928771972656, 'inference_time': 0}
2024-10-13 14:17:41,154 Pruning 2048 in layer 16
2024-10-13 14:17:41,156 Gathering metrics
2024-10-13 14:18:25,061 {'acc1': 0.8084777227722773, 'acc5': 0.9483292079207921, 'loss': 84.80340497940779, 'macs': 46774051560, 'params': 238758632, 'model_size': 910.7919006347656, 'inference_time': 0}
2024-10-13 14:18:25,097 Pruning 256 in layer 17
2024-10-13 14:18:25,099 Gathering metrics
2024-10-13 14:19:08,351 {'acc1': 0.8094059405940595, 'acc5': 0.9504950495049505, 'loss': 84.57203992456198, 'macs': 46774051560, 'params': 238758632, 'model_size': 910.7919006347656, 'inference_time': 0}
2024-10-13 14:19:08,389 Pruning 512 in layer 17
2024-10-13 14:19:08,391 Gathering metrics
2024-10-13 14:19:51,882 {'acc1': 0.8087871287128713, 'acc5': 0.9501856435643564, 'loss': 84.62110511958599, 'macs': 46670716392, 'params': 238234088, 'model_size': 908.7909240722656, 'inference_time': 0}
2024-10-13 14:19:51,921 Pruning 768 in layer 17
2024-10-13 14:19:51,924 Gathering metrics
2024-10-13 14:20:35,734 {'acc1': 0.8100247524752475, 'acc5': 0.9495668316831684, 'loss': 84.73766151070595, 'macs': 46567381224, 'params': 237709544, 'model_size': 906.7899475097656, 'inference_time': 0}
2024-10-13 14:20:35,772 Pruning 1024 in layer 17
2024-10-13 14:20:35,774 Gathering metrics
2024-10-13 14:21:17,686 {'acc1': 0.8097153465346535, 'acc5': 0.9501856435643564, 'loss': 84.64627100527287, 'macs': 46464046056, 'params': 237185000, 'model_size': 904.7889709472656, 'inference_time': 0}
2024-10-13 14:21:17,715 Pruning 1280 in layer 17
2024-10-13 14:21:17,716 Gathering metrics
2024-10-13 14:22:00,270 {'acc1': 0.8094059405940595, 'acc5': 0.9498762376237624, 'loss': 84.73860231786966, 'macs': 46360710888, 'params': 236660456, 'model_size': 902.7879943847656, 'inference_time': 0}
2024-10-13 14:22:00,307 Pruning 1536 in layer 17
2024-10-13 14:22:00,309 Gathering metrics
2024-10-13 14:22:43,771 {'acc1': 0.8094059405940595, 'acc5': 0.9495668316831684, 'loss': 84.61321651935577, 'macs': 46257375720, 'params': 236135912, 'model_size': 900.7870178222656, 'inference_time': 0}
2024-10-13 14:22:44,208 Pruning 1792 in layer 17
2024-10-13 14:22:44,211 Gathering metrics
2024-10-13 14:23:28,409 {'acc1': 0.8094059405940595, 'acc5': 0.9492574257425742, 'loss': 84.62119563668966, 'macs': 46154040552, 'params': 235611368, 'model_size': 898.7860412597656, 'inference_time': 0}
2024-10-13 14:23:28,448 Pruning 2048 in layer 17
2024-10-13 14:23:28,451 Gathering metrics
2024-10-13 14:24:12,029 {'acc1': 0.8109529702970297, 'acc5': 0.9486386138613861, 'loss': 84.55196060985327, 'macs': 46050705384, 'params': 235086824, 'model_size': 896.7850646972656, 'inference_time': 0}
2024-10-13 14:24:12,073 Pruning 2304 in layer 17
2024-10-13 14:24:12,076 Gathering metrics
2024-10-13 14:24:55,260 {'acc1': 0.8100247524752475, 'acc5': 0.9486386138613861, 'loss': 84.2683572769165, 'macs': 45947370216, 'params': 234562280, 'model_size': 894.7840881347656, 'inference_time': 0}
2024-10-13 14:24:55,299 Pruning 2560 in layer 17
2024-10-13 14:24:55,302 Gathering metrics
2024-10-13 14:25:39,425 {'acc1': 0.8106435643564357, 'acc5': 0.9477103960396039, 'loss': 83.99874349683523, 'macs': 45844035048, 'params': 234037736, 'model_size': 892.7831115722656, 'inference_time': 0}
2024-10-13 14:25:39,461 Pruning 2816 in layer 17
2024-10-13 14:25:39,463 Gathering metrics
2024-10-13 14:26:22,723 {'acc1': 0.8109529702970297, 'acc5': 0.9489480198019802, 'loss': 83.80590581893921, 'macs': 45740699880, 'params': 233513192, 'model_size': 890.7821350097656, 'inference_time': 0}
2024-10-13 14:26:22,766 Pruning 3072 in layer 17
2024-10-13 14:26:22,769 Gathering metrics
2024-10-13 14:27:06,261 {'acc1': 0.8115717821782178, 'acc5': 0.9489480198019802, 'loss': 83.91260531544685, 'macs': 45637364712, 'params': 232988648, 'model_size': 888.7811584472656, 'inference_time': 0}
2024-10-13 14:27:06,303 Pruning 3328 in layer 17
2024-10-13 14:27:06,305 Gathering metrics
2024-10-13 14:27:49,979 {'acc1': 0.8097153465346535, 'acc5': 0.9486386138613861, 'loss': 84.02674412727356, 'macs': 45534029544, 'params': 232464104, 'model_size': 886.7801818847656, 'inference_time': 0}
2024-10-13 14:27:50,022 Pruning 3584 in layer 17
2024-10-13 14:27:50,025 Gathering metrics
2024-10-13 14:28:32,340 {'acc1': 0.8097153465346535, 'acc5': 0.9495668316831684, 'loss': 83.97569288313389, 'macs': 45430694376, 'params': 231939560, 'model_size': 884.7792053222656, 'inference_time': 0}
2024-10-13 14:28:32,386 Pruning 3840 in layer 17
2024-10-13 14:28:32,389 Gathering metrics
2024-10-13 14:29:15,533 {'acc1': 0.8106435643564357, 'acc5': 0.9504950495049505, 'loss': 83.71240178495646, 'macs': 45327359208, 'params': 231415016, 'model_size': 882.7782287597656, 'inference_time': 0}
2024-10-13 14:29:15,575 Pruning 256 in layer 18
2024-10-13 14:29:15,578 Gathering metrics
2024-10-13 14:29:57,118 {'acc1': 0.8094059405940595, 'acc5': 0.9495668316831684, 'loss': 85.39862363040447, 'macs': 45327359208, 'params': 231415016, 'model_size': 882.7782287597656, 'inference_time': 0}
2024-10-13 14:29:57,146 Pruning 512 in layer 18
2024-10-13 14:29:57,148 Gathering metrics
2024-10-13 14:30:34,528 {'acc1': 0.8090965346534653, 'acc5': 0.9495668316831684, 'loss': 86.29341516643763, 'macs': 45224024040, 'params': 230890472, 'model_size': 880.7772521972656, 'inference_time': 0}
2024-10-13 14:30:34,555 Pruning 768 in layer 18
2024-10-13 14:30:34,556 Gathering metrics
2024-10-13 14:31:11,518 {'acc1': 0.8094059405940595, 'acc5': 0.9492574257425742, 'loss': 86.31927336007357, 'macs': 45120688872, 'params': 230365928, 'model_size': 878.7762756347656, 'inference_time': 0}
2024-10-13 14:31:11,545 Pruning 1024 in layer 18
2024-10-13 14:31:11,546 Gathering metrics
2024-10-13 14:31:50,987 {'acc1': 0.8097153465346535, 'acc5': 0.9489480198019802, 'loss': 86.62275549769402, 'macs': 45017353704, 'params': 229841384, 'model_size': 876.7752990722656, 'inference_time': 0}
2024-10-13 14:31:51,181 Pruning 1280 in layer 18
2024-10-13 14:31:51,183 Gathering metrics
2024-10-13 14:32:28,567 {'acc1': 0.8084777227722773, 'acc5': 0.9486386138613861, 'loss': 86.38650915771723, 'macs': 44914018536, 'params': 229316840, 'model_size': 874.7743225097656, 'inference_time': 0}
2024-10-13 14:32:28,593 Pruning 1536 in layer 18
2024-10-13 14:32:28,595 Gathering metrics
2024-10-13 14:33:07,184 {'acc1': 0.8078589108910891, 'acc5': 0.9483292079207921, 'loss': 86.45755771547556, 'macs': 44810683368, 'params': 228792296, 'model_size': 872.7733459472656, 'inference_time': 0}
2024-10-13 14:33:07,211 Pruning 1792 in layer 18
2024-10-13 14:33:07,212 Gathering metrics
2024-10-13 14:33:44,407 {'acc1': 0.8087871287128713, 'acc5': 0.9483292079207921, 'loss': 86.24797054380178, 'macs': 44707348200, 'params': 228267752, 'model_size': 870.7723693847656, 'inference_time': 0}
2024-10-13 14:33:44,434 Pruning 2048 in layer 18
2024-10-13 14:33:44,436 Gathering metrics
2024-10-13 14:34:21,471 {'acc1': 0.8084777227722773, 'acc5': 0.9483292079207921, 'loss': 86.24312349408865, 'macs': 44604013032, 'params': 227743208, 'model_size': 868.7713928222656, 'inference_time': 0}
2024-10-13 14:34:21,498 Pruning 2304 in layer 18
2024-10-13 14:34:21,499 Gathering metrics
2024-10-13 14:35:01,979 {'acc1': 0.8094059405940595, 'acc5': 0.9486386138613861, 'loss': 85.42648965120316, 'macs': 44500677864, 'params': 227218664, 'model_size': 866.7704162597656, 'inference_time': 0}
2024-10-13 14:35:02,020 Pruning 2560 in layer 18
2024-10-13 14:35:02,022 Gathering metrics
2024-10-13 14:35:44,796 {'acc1': 0.8087871287128713, 'acc5': 0.9486386138613861, 'loss': 84.63552361726761, 'macs': 44397342696, 'params': 226694120, 'model_size': 864.7694396972656, 'inference_time': 0}
2024-10-13 14:35:44,836 Pruning 2816 in layer 18
2024-10-13 14:35:44,839 Gathering metrics
2024-10-13 14:36:28,790 {'acc1': 0.8094059405940595, 'acc5': 0.9492574257425742, 'loss': 84.22537782043219, 'macs': 44294007528, 'params': 226169576, 'model_size': 862.7684631347656, 'inference_time': 0}
2024-10-13 14:36:28,834 Pruning 3072 in layer 18
2024-10-13 14:36:28,837 Gathering metrics
2024-10-13 14:37:11,267 {'acc1': 0.8094059405940595, 'acc5': 0.9498762376237624, 'loss': 83.6041884496808, 'macs': 44190672360, 'params': 225645032, 'model_size': 860.7674865722656, 'inference_time': 0}
2024-10-13 14:37:11,308 Pruning 3328 in layer 18
2024-10-13 14:37:11,310 Gathering metrics
2024-10-13 14:37:53,712 {'acc1': 0.8097153465346535, 'acc5': 0.9492574257425742, 'loss': 82.37499578297138, 'macs': 44087337192, 'params': 225120488, 'model_size': 858.7665100097656, 'inference_time': 0}
2024-10-13 14:37:53,757 Pruning 3584 in layer 18
2024-10-13 14:37:53,761 Gathering metrics
2024-10-13 14:38:37,333 {'acc1': 0.8087871287128713, 'acc5': 0.9495668316831684, 'loss': 81.51946258917451, 'macs': 43984002024, 'params': 224595944, 'model_size': 856.7655334472656, 'inference_time': 0}
2024-10-13 14:38:37,372 Pruning 3840 in layer 18
2024-10-13 14:38:37,374 Gathering metrics
2024-10-13 14:39:18,559 {'acc1': 0.8094059405940595, 'acc5': 0.9498762376237624, 'loss': 80.734415050596, 'macs': 43880666856, 'params': 224071400, 'model_size': 854.7645568847656, 'inference_time': 0}
2024-10-13 14:39:18,588 Pruning 256 in layer 19
2024-10-13 14:39:18,589 Gathering metrics
2024-10-13 14:39:55,226 {'acc1': 0.8087871287128713, 'acc5': 0.9495668316831684, 'loss': 81.51964396610856, 'macs': 43880666856, 'params': 224071400, 'model_size': 854.7645568847656, 'inference_time': 0}
2024-10-13 14:39:55,252 Pruning 512 in layer 19
2024-10-13 14:39:55,253 Gathering metrics
2024-10-13 14:40:31,700 {'acc1': 0.8087871287128713, 'acc5': 0.9495668316831684, 'loss': 81.52062084525824, 'macs': 43777331688, 'params': 223546856, 'model_size': 852.7635803222656, 'inference_time': 0}
2024-10-13 14:40:31,727 Pruning 768 in layer 19
2024-10-13 14:40:31,729 Gathering metrics
2024-10-13 14:41:10,821 {'acc1': 0.8087871287128713, 'acc5': 0.9495668316831684, 'loss': 81.52261903136969, 'macs': 43673996520, 'params': 223022312, 'model_size': 850.7626037597656, 'inference_time': 0}
2024-10-13 14:41:10,943 Pruning 1024 in layer 19
2024-10-13 14:41:10,944 Gathering metrics
2024-10-13 14:41:49,541 {'acc1': 0.8087871287128713, 'acc5': 0.9495668316831684, 'loss': 81.52557872235775, 'macs': 43570661352, 'params': 222497768, 'model_size': 848.7616271972656, 'inference_time': 0}
2024-10-13 14:41:49,568 Pruning 1280 in layer 19
2024-10-13 14:41:49,570 Gathering metrics
2024-10-13 14:42:26,989 {'acc1': 0.8087871287128713, 'acc5': 0.9495668316831684, 'loss': 81.52970641851425, 'macs': 43467326184, 'params': 221973224, 'model_size': 846.7606506347656, 'inference_time': 0}
2024-10-13 14:42:27,017 Pruning 1536 in layer 19
2024-10-13 14:42:27,018 Gathering metrics
2024-10-13 14:43:03,102 {'acc1': 0.8087871287128713, 'acc5': 0.9495668316831684, 'loss': 81.53610978648067, 'macs': 43363991016, 'params': 221448680, 'model_size': 844.7596740722656, 'inference_time': 0}
2024-10-13 14:43:03,128 Pruning 1792 in layer 19
2024-10-13 14:43:03,129 Gathering metrics
2024-10-13 14:43:40,590 {'acc1': 0.8087871287128713, 'acc5': 0.9495668316831684, 'loss': 81.5559101589024, 'macs': 43260655848, 'params': 220924136, 'model_size': 842.7586975097656, 'inference_time': 0}
2024-10-13 14:43:40,618 Pruning 2048 in layer 19
2024-10-13 14:43:40,619 Gathering metrics
2024-10-13 14:44:19,181 {'acc1': 0.8090965346534653, 'acc5': 0.9495668316831684, 'loss': 81.8138395473361, 'macs': 43157320680, 'params': 220399592, 'model_size': 840.7577209472656, 'inference_time': 0}
2024-10-13 14:44:19,208 Pruning 2304 in layer 19
2024-10-13 14:44:19,209 Gathering metrics
2024-10-13 14:44:55,964 {'acc1': 0.8090965346534653, 'acc5': 0.9492574257425742, 'loss': 81.96445205062628, 'macs': 43053985512, 'params': 219875048, 'model_size': 838.7567443847656, 'inference_time': 0}
2024-10-13 14:44:55,991 Pruning 2560 in layer 19
2024-10-13 14:44:55,992 Gathering metrics
2024-10-13 14:45:32,121 {'acc1': 0.8090965346534653, 'acc5': 0.9489480198019802, 'loss': 82.16474338620901, 'macs': 42950650344, 'params': 219350504, 'model_size': 836.7557678222656, 'inference_time': 0}
2024-10-13 14:45:32,147 Pruning 2816 in layer 19
2024-10-13 14:45:32,149 Gathering metrics
2024-10-13 14:46:08,345 {'acc1': 0.8090965346534653, 'acc5': 0.9492574257425742, 'loss': 82.20820004492998, 'macs': 42847315176, 'params': 218825960, 'model_size': 834.7547912597656, 'inference_time': 0}
2024-10-13 14:46:08,373 Pruning 3072 in layer 19
2024-10-13 14:46:08,374 Gathering metrics
2024-10-13 14:46:44,339 {'acc1': 0.8090965346534653, 'acc5': 0.9486386138613861, 'loss': 82.33718057721853, 'macs': 42743980008, 'params': 218301416, 'model_size': 832.7538146972656, 'inference_time': 0}
2024-10-13 14:46:44,367 Pruning 3328 in layer 19
2024-10-13 14:46:44,368 Gathering metrics
2024-10-13 14:47:20,244 {'acc1': 0.8084777227722773, 'acc5': 0.9489480198019802, 'loss': 82.40813278406858, 'macs': 42640644840, 'params': 217776872, 'model_size': 830.7528381347656, 'inference_time': 0}
2024-10-13 14:47:20,271 Pruning 3584 in layer 19
2024-10-13 14:47:20,272 Gathering metrics
2024-10-13 14:47:57,207 {'acc1': 0.8081683168316832, 'acc5': 0.9495668316831684, 'loss': 82.14215707033873, 'macs': 42537309672, 'params': 217252328, 'model_size': 828.7518615722656, 'inference_time': 0}
2024-10-13 14:47:57,234 Pruning 3840 in layer 19
2024-10-13 14:47:57,235 Gathering metrics
2024-10-13 14:48:37,199 {'acc1': 0.807549504950495, 'acc5': 0.9492574257425742, 'loss': 82.05044277012348, 'macs': 42433974504, 'params': 216727784, 'model_size': 826.7508850097656, 'inference_time': 0}
2024-10-13 14:48:37,226 Pruning 256 in layer 20
2024-10-13 14:48:37,228 Gathering metrics
2024-10-13 14:49:15,489 {'acc1': 0.8081683168316832, 'acc5': 0.9495668316831684, 'loss': 82.14216350018978, 'macs': 42433974504, 'params': 216727784, 'model_size': 826.7508850097656, 'inference_time': 0}
2024-10-13 14:49:15,515 Pruning 512 in layer 20
2024-10-13 14:49:15,516 Gathering metrics
2024-10-13 14:49:53,792 {'acc1': 0.8081683168316832, 'acc5': 0.9495668316831684, 'loss': 82.14216722548008, 'macs': 42330639336, 'params': 216203240, 'model_size': 824.7499084472656, 'inference_time': 0}
2024-10-13 14:49:53,916 Pruning 768 in layer 20
2024-10-13 14:49:53,917 Gathering metrics
2024-10-13 14:50:32,190 {'acc1': 0.8081683168316832, 'acc5': 0.9495668316831684, 'loss': 82.14217725396156, 'macs': 42227304168, 'params': 215678696, 'model_size': 822.7489318847656, 'inference_time': 0}
2024-10-13 14:50:32,217 Pruning 1024 in layer 20
2024-10-13 14:50:32,219 Gathering metrics
2024-10-13 14:51:09,295 {'acc1': 0.8081683168316832, 'acc5': 0.9495668316831684, 'loss': 82.14219749718904, 'macs': 42123969000, 'params': 215154152, 'model_size': 820.7479553222656, 'inference_time': 0}
2024-10-13 14:51:09,322 Pruning 1280 in layer 20
2024-10-13 14:51:09,324 Gathering metrics
2024-10-13 14:51:48,366 {'acc1': 0.8081683168316832, 'acc5': 0.9495668316831684, 'loss': 82.14222365990281, 'macs': 42020633832, 'params': 214629608, 'model_size': 818.7469787597656, 'inference_time': 0}
2024-10-13 14:51:48,404 Pruning 1536 in layer 20
2024-10-13 14:51:48,407 Gathering metrics
2024-10-13 14:52:26,297 {'acc1': 0.8081683168316832, 'acc5': 0.9495668316831684, 'loss': 82.1422592997551, 'macs': 41917298664, 'params': 214105064, 'model_size': 816.7460021972656, 'inference_time': 0}
2024-10-13 14:52:26,326 Pruning 1792 in layer 20
2024-10-13 14:52:26,327 Gathering metrics
2024-10-13 14:53:02,069 {'acc1': 0.8081683168316832, 'acc5': 0.9495668316831684, 'loss': 82.14230622723699, 'macs': 41813963496, 'params': 213580520, 'model_size': 814.7450256347656, 'inference_time': 0}
2024-10-13 14:53:02,096 Pruning 2048 in layer 20
2024-10-13 14:53:02,098 Gathering metrics
2024-10-13 14:53:37,862 {'acc1': 0.8081683168316832, 'acc5': 0.9495668316831684, 'loss': 82.14236294478178, 'macs': 41710628328, 'params': 213055976, 'model_size': 812.7440490722656, 'inference_time': 0}
2024-10-13 14:53:37,890 Pruning 2304 in layer 20
2024-10-13 14:53:37,891 Gathering metrics
2024-10-13 14:54:16,655 {'acc1': 0.8081683168316832, 'acc5': 0.9495668316831684, 'loss': 82.14243609085679, 'macs': 41607293160, 'params': 212531432, 'model_size': 810.7430725097656, 'inference_time': 0}
2024-10-13 14:54:16,692 Pruning 2560 in layer 20
2024-10-13 14:54:16,694 Gathering metrics
2024-10-13 14:54:59,060 {'acc1': 0.8081683168316832, 'acc5': 0.9495668316831684, 'loss': 82.14254466816783, 'macs': 41503957992, 'params': 212006888, 'model_size': 808.7420959472656, 'inference_time': 0}
2024-10-13 14:54:59,101 Pruning 2816 in layer 20
2024-10-13 14:54:59,103 Gathering metrics
2024-10-13 14:55:36,028 {'acc1': 0.8081683168316832, 'acc5': 0.9495668316831684, 'loss': 82.14274127408862, 'macs': 41400622824, 'params': 211482344, 'model_size': 806.7411193847656, 'inference_time': 0}
2024-10-13 14:55:36,058 Pruning 3072 in layer 20
2024-10-13 14:55:36,059 Gathering metrics
2024-10-13 14:56:11,495 {'acc1': 0.8081683168316832, 'acc5': 0.9495668316831684, 'loss': 82.14351271092892, 'macs': 41297287656, 'params': 210957800, 'model_size': 804.7401428222656, 'inference_time': 0}
2024-10-13 14:56:11,523 Pruning 3328 in layer 20
2024-10-13 14:56:11,524 Gathering metrics
2024-10-13 14:56:46,940 {'acc1': 0.8081683168316832, 'acc5': 0.9495668316831684, 'loss': 82.15335920080543, 'macs': 41193952488, 'params': 210433256, 'model_size': 802.7391662597656, 'inference_time': 0}
2024-10-13 14:56:46,967 Pruning 3584 in layer 20
2024-10-13 14:56:46,968 Gathering metrics
2024-10-13 14:57:22,165 {'acc1': 0.8081683168316832, 'acc5': 0.9495668316831684, 'loss': 82.23921823874116, 'macs': 41090617320, 'params': 209908712, 'model_size': 800.7381896972656, 'inference_time': 0}
2024-10-13 14:57:22,192 Pruning 3840 in layer 20
2024-10-13 14:57:22,193 Gathering metrics
2024-10-13 14:57:58,423 {'acc1': 0.8081683168316832, 'acc5': 0.9489480198019802, 'loss': 82.27444655448198, 'macs': 40987282152, 'params': 209384168, 'model_size': 798.7372131347656, 'inference_time': 0}
2024-10-13 14:57:58,450 Pruning 256 in layer 21
2024-10-13 14:57:58,451 Gathering metrics
2024-10-13 14:58:39,998 {'acc1': 0.8081683168316832, 'acc5': 0.9495668316831684, 'loss': 82.25046893209219, 'macs': 40987282152, 'params': 209384168, 'model_size': 798.7372131347656, 'inference_time': 0}
2024-10-13 14:58:40,418 Pruning 512 in layer 21
2024-10-13 14:58:40,420 Gathering metrics
2024-10-13 14:59:21,572 {'acc1': 0.8081683168316832, 'acc5': 0.9495668316831684, 'loss': 82.30727469921112, 'macs': 40883946984, 'params': 208859624, 'model_size': 796.7362365722656, 'inference_time': 0}
2024-10-13 14:59:21,611 Pruning 768 in layer 21
2024-10-13 14:59:21,613 Gathering metrics
2024-10-13 15:00:05,106 {'acc1': 0.8084777227722773, 'acc5': 0.9495668316831684, 'loss': 82.40937643498182, 'macs': 40780611816, 'params': 208335080, 'model_size': 794.7352600097656, 'inference_time': 0}
2024-10-13 15:00:05,150 Pruning 1024 in layer 21
2024-10-13 15:00:05,152 Gathering metrics
2024-10-13 15:00:46,940 {'acc1': 0.8084777227722773, 'acc5': 0.9495668316831684, 'loss': 82.55181742459536, 'macs': 40677276648, 'params': 207810536, 'model_size': 792.7342834472656, 'inference_time': 0}
2024-10-13 15:00:46,982 Pruning 1280 in layer 21
2024-10-13 15:00:46,984 Gathering metrics
2024-10-13 15:01:23,109 {'acc1': 0.8087871287128713, 'acc5': 0.9495668316831684, 'loss': 82.73658970743418, 'macs': 40573941480, 'params': 207285992, 'model_size': 790.7333068847656, 'inference_time': 0}
2024-10-13 15:01:23,139 Pruning 1536 in layer 21
2024-10-13 15:01:23,140 Gathering metrics
2024-10-13 15:02:04,021 {'acc1': 0.8090965346534653, 'acc5': 0.9495668316831684, 'loss': 82.97025492787361, 'macs': 40470606312, 'params': 206761448, 'model_size': 788.7323303222656, 'inference_time': 0}
2024-10-13 15:02:04,069 Pruning 1792 in layer 21
2024-10-13 15:02:04,072 Gathering metrics
2024-10-13 15:02:47,304 {'acc1': 0.8087871287128713, 'acc5': 0.9495668316831684, 'loss': 83.26213394850492, 'macs': 40367271144, 'params': 206236904, 'model_size': 786.7313537597656, 'inference_time': 0}
2024-10-13 15:02:47,334 Pruning 2048 in layer 21
2024-10-13 15:02:47,336 Gathering metrics
2024-10-13 15:03:23,285 {'acc1': 0.8087871287128713, 'acc5': 0.9495668316831684, 'loss': 83.6231692135334, 'macs': 40263935976, 'params': 205712360, 'model_size': 784.7303771972656, 'inference_time': 0}
2024-10-13 15:03:23,312 Pruning 2304 in layer 21
2024-10-13 15:03:23,313 Gathering metrics
2024-10-13 15:04:01,193 {'acc1': 0.8087871287128713, 'acc5': 0.9495668316831684, 'loss': 84.06739922612906, 'macs': 40160600808, 'params': 205187816, 'model_size': 782.7294006347656, 'inference_time': 0}
2024-10-13 15:04:01,220 Pruning 2560 in layer 21
2024-10-13 15:04:01,222 Gathering metrics
2024-10-13 15:04:38,167 {'acc1': 0.8087871287128713, 'acc5': 0.9495668316831684, 'loss': 84.61258002370596, 'macs': 40057265640, 'params': 204663272, 'model_size': 780.7284240722656, 'inference_time': 0}
2024-10-13 15:04:38,207 Pruning 2816 in layer 21
2024-10-13 15:04:38,209 Gathering metrics
2024-10-13 15:05:19,840 {'acc1': 0.8087871287128713, 'acc5': 0.9495668316831684, 'loss': 85.28286296874285, 'macs': 39953930472, 'params': 204138728, 'model_size': 778.7274475097656, 'inference_time': 0}
2024-10-13 15:05:19,884 Pruning 3072 in layer 21
2024-10-13 15:05:19,887 Gathering metrics
2024-10-13 15:06:06,491 {'acc1': 0.8087871287128713, 'acc5': 0.9495668316831684, 'loss': 86.1018842086196, 'macs': 39850595304, 'params': 203614184, 'model_size': 776.7264709472656, 'inference_time': 0}
2024-10-13 15:06:06,536 Pruning 3328 in layer 21
2024-10-13 15:06:06,539 Gathering metrics
2024-10-13 15:06:50,803 {'acc1': 0.8087871287128713, 'acc5': 0.9492574257425742, 'loss': 87.09426552057266, 'macs': 39747260136, 'params': 203089640, 'model_size': 774.7254943847656, 'inference_time': 0}
2024-10-13 15:06:50,846 Pruning 3584 in layer 21
2024-10-13 15:06:50,849 Gathering metrics
2024-10-13 15:07:29,089 {'acc1': 0.8087871287128713, 'acc5': 0.9492574257425742, 'loss': 89.02854757010937, 'macs': 39643924968, 'params': 202565096, 'model_size': 772.7245178222656, 'inference_time': 0}
2024-10-13 15:07:29,118 Pruning 3840 in layer 21
2024-10-13 15:07:29,120 Gathering metrics
2024-10-13 15:08:08,344 {'acc1': 0.8084777227722773, 'acc5': 0.9492574257425742, 'loss': 92.99859059602022, 'macs': 39540589800, 'params': 202040552, 'model_size': 770.7235412597656, 'inference_time': 0}
2024-10-13 15:08:08,794 Pruning 256 in layer 22
2024-10-13 15:08:08,796 Gathering metrics
2024-10-13 15:08:49,127 {'acc1': 0.8087871287128713, 'acc5': 0.9492574257425742, 'loss': 89.0285187959671, 'macs': 39540589800, 'params': 202040552, 'model_size': 770.7235412597656, 'inference_time': 0}
2024-10-13 15:08:49,157 Pruning 512 in layer 22
2024-10-13 15:08:49,158 Gathering metrics
2024-10-13 15:09:26,092 {'acc1': 0.8087871287128713, 'acc5': 0.9492574257425742, 'loss': 89.02841154485941, 'macs': 39437254632, 'params': 201516008, 'model_size': 768.7225646972656, 'inference_time': 0}
2024-10-13 15:09:26,120 Pruning 768 in layer 22
2024-10-13 15:09:26,122 Gathering metrics
2024-10-13 15:10:00,892 {'acc1': 0.8087871287128713, 'acc5': 0.9492574257425742, 'loss': 89.02797904610634, 'macs': 39333919464, 'params': 200991464, 'model_size': 766.7215881347656, 'inference_time': 0}
2024-10-13 15:10:00,920 Pruning 1024 in layer 22
2024-10-13 15:10:00,921 Gathering metrics
2024-10-13 15:10:37,485 {'acc1': 0.8087871287128713, 'acc5': 0.9492574257425742, 'loss': 89.0273283496499, 'macs': 39230584296, 'params': 200466920, 'model_size': 764.7206115722656, 'inference_time': 0}
2024-10-13 15:10:37,513 Pruning 1280 in layer 22
2024-10-13 15:10:37,514 Gathering metrics
2024-10-13 15:11:12,964 {'acc1': 0.8087871287128713, 'acc5': 0.9492574257425742, 'loss': 89.02640728652477, 'macs': 39127249128, 'params': 199942376, 'model_size': 762.7196350097656, 'inference_time': 0}
2024-10-13 15:11:12,992 Pruning 1536 in layer 22
2024-10-13 15:11:12,993 Gathering metrics
2024-10-13 15:11:47,498 {'acc1': 0.8087871287128713, 'acc5': 0.9492574257425742, 'loss': 89.02525885403156, 'macs': 39023913960, 'params': 199417832, 'model_size': 760.7186584472656, 'inference_time': 0}
2024-10-13 15:11:47,525 Pruning 1792 in layer 22
2024-10-13 15:11:47,527 Gathering metrics
2024-10-13 15:12:21,726 {'acc1': 0.8087871287128713, 'acc5': 0.9492574257425742, 'loss': 89.02385319024324, 'macs': 38920578792, 'params': 198893288, 'model_size': 758.7176818847656, 'inference_time': 0}
2024-10-13 15:12:21,754 Pruning 2048 in layer 22
2024-10-13 15:12:21,756 Gathering metrics
2024-10-13 15:12:56,114 {'acc1': 0.8087871287128713, 'acc5': 0.9492574257425742, 'loss': 89.02220693975687, 'macs': 38817243624, 'params': 198368744, 'model_size': 756.7167053222656, 'inference_time': 0}
2024-10-13 15:12:56,140 Pruning 2304 in layer 22
2024-10-13 15:12:56,142 Gathering metrics
2024-10-13 15:13:30,700 {'acc1': 0.8087871287128713, 'acc5': 0.9492574257425742, 'loss': 89.02036537230015, 'macs': 38713908456, 'params': 197844200, 'model_size': 754.7157287597656, 'inference_time': 0}
2024-10-13 15:13:30,728 Pruning 2560 in layer 22
2024-10-13 15:13:30,729 Gathering metrics
2024-10-13 15:14:05,047 {'acc1': 0.8087871287128713, 'acc5': 0.9492574257425742, 'loss': 89.01831067353487, 'macs': 38610573288, 'params': 197319656, 'model_size': 752.7147521972656, 'inference_time': 0}
2024-10-13 15:14:05,075 Pruning 2816 in layer 22
2024-10-13 15:14:05,076 Gathering metrics
2024-10-13 15:14:39,330 {'acc1': 0.8087871287128713, 'acc5': 0.9492574257425742, 'loss': 89.01602526009083, 'macs': 38507238120, 'params': 196795112, 'model_size': 750.7137756347656, 'inference_time': 0}
2024-10-13 15:14:39,358 Pruning 3072 in layer 22
2024-10-13 15:14:39,359 Gathering metrics
2024-10-13 15:15:13,500 {'acc1': 0.8087871287128713, 'acc5': 0.9492574257425742, 'loss': 89.01341288536787, 'macs': 38403902952, 'params': 196270568, 'model_size': 748.7127990722656, 'inference_time': 0}
2024-10-13 15:15:13,527 Pruning 3328 in layer 22
2024-10-13 15:15:13,528 Gathering metrics
2024-10-13 15:15:47,742 {'acc1': 0.8087871287128713, 'acc5': 0.9492574257425742, 'loss': 89.01019950211048, 'macs': 38300567784, 'params': 195746024, 'model_size': 746.7118225097656, 'inference_time': 0}
2024-10-13 15:15:47,770 Pruning 3584 in layer 22
2024-10-13 15:15:47,771 Gathering metrics
2024-10-13 15:16:21,830 {'acc1': 0.8087871287128713, 'acc5': 0.9492574257425742, 'loss': 89.0037949681282, 'macs': 38197232616, 'params': 195221480, 'model_size': 744.7108459472656, 'inference_time': 0}
2024-10-13 15:16:22,024 Pruning 3840 in layer 22
2024-10-13 15:16:22,025 Gathering metrics
2024-10-13 15:16:56,195 {'acc1': 0.8087871287128713, 'acc5': 0.9495668316831684, 'loss': 88.62795972824097, 'macs': 38093897448, 'params': 194696936, 'model_size': 742.7098693847656, 'inference_time': 0}
2024-10-13 15:16:56,223 Pruning 256 in layer 23
2024-10-13 15:16:56,224 Gathering metrics
2024-10-13 15:17:32,435 {'acc1': 0.8087871287128713, 'acc5': 0.9492574257425742, 'loss': 89.00379498302937, 'macs': 38093897448, 'params': 194696936, 'model_size': 742.7098693847656, 'inference_time': 0}
2024-10-13 15:17:32,475 Pruning 512 in layer 23
2024-10-13 15:17:32,477 Gathering metrics
2024-10-13 15:18:13,333 {'acc1': 0.8087871287128713, 'acc5': 0.9492574257425742, 'loss': 89.00379498302937, 'macs': 37990562280, 'params': 194172392, 'model_size': 740.7088928222656, 'inference_time': 0}
2024-10-13 15:18:13,373 Pruning 768 in layer 23
2024-10-13 15:18:13,375 Gathering metrics
2024-10-13 15:18:51,312 {'acc1': 0.8087871287128713, 'acc5': 0.9492574257425742, 'loss': 89.00379519164562, 'macs': 37887227112, 'params': 193647848, 'model_size': 738.7079162597656, 'inference_time': 0}
2024-10-13 15:18:51,343 Pruning 1024 in layer 23
2024-10-13 15:18:51,344 Gathering metrics
2024-10-13 15:19:27,121 {'acc1': 0.8087871287128713, 'acc5': 0.9492574257425742, 'loss': 89.00379444658756, 'macs': 37783891944, 'params': 193123304, 'model_size': 736.7069396972656, 'inference_time': 0}
2024-10-13 15:19:27,148 Pruning 1280 in layer 23
2024-10-13 15:19:27,150 Gathering metrics
2024-10-13 15:20:01,888 {'acc1': 0.8087871287128713, 'acc5': 0.9492574257425742, 'loss': 89.00379498302937, 'macs': 37680556776, 'params': 192598760, 'model_size': 734.7059631347656, 'inference_time': 0}
2024-10-13 15:20:01,916 Pruning 1536 in layer 23
2024-10-13 15:20:01,917 Gathering metrics
2024-10-13 15:20:38,107 {'acc1': 0.8087871287128713, 'acc5': 0.9492574257425742, 'loss': 89.00379447638988, 'macs': 37577221608, 'params': 192074216, 'model_size': 732.7049865722656, 'inference_time': 0}
2024-10-13 15:20:38,135 Pruning 1792 in layer 23
2024-10-13 15:20:38,137 Gathering metrics
2024-10-13 15:21:12,095 {'acc1': 0.8087871287128713, 'acc5': 0.9492574257425742, 'loss': 89.00379472970963, 'macs': 37473886440, 'params': 191549672, 'model_size': 730.7040100097656, 'inference_time': 0}
2024-10-13 15:21:12,123 Pruning 2048 in layer 23
2024-10-13 15:21:12,125 Gathering metrics
2024-10-13 15:21:46,260 {'acc1': 0.8087871287128713, 'acc5': 0.9492574257425742, 'loss': 89.00379419326782, 'macs': 37370551272, 'params': 191025128, 'model_size': 728.7030334472656, 'inference_time': 0}
2024-10-13 15:21:46,288 Pruning 2304 in layer 23
2024-10-13 15:21:46,289 Gathering metrics
2024-10-13 15:22:20,049 {'acc1': 0.8087871287128713, 'acc5': 0.9492574257425742, 'loss': 89.00379472225904, 'macs': 37267216104, 'params': 190500584, 'model_size': 726.7020568847656, 'inference_time': 0}
2024-10-13 15:22:20,076 Pruning 2560 in layer 23
2024-10-13 15:22:20,078 Gathering metrics
2024-10-13 15:22:53,917 {'acc1': 0.8087871287128713, 'acc5': 0.9492574257425742, 'loss': 89.00379410386086, 'macs': 37163880936, 'params': 189976040, 'model_size': 724.7010803222656, 'inference_time': 0}
2024-10-13 15:22:53,945 Pruning 2816 in layer 23
2024-10-13 15:22:53,946 Gathering metrics
2024-10-13 15:23:27,516 {'acc1': 0.8087871287128713, 'acc5': 0.9492574257425742, 'loss': 89.0037940889597, 'macs': 37060545768, 'params': 189451496, 'model_size': 722.7001037597656, 'inference_time': 0}
2024-10-13 15:23:27,544 Pruning 3072 in layer 23
2024-10-13 15:23:27,546 Gathering metrics
2024-10-13 15:24:01,416 {'acc1': 0.8087871287128713, 'acc5': 0.9492574257425742, 'loss': 89.00379411876202, 'macs': 36957210600, 'params': 188926952, 'model_size': 720.6991271972656, 'inference_time': 0}
2024-10-13 15:24:01,443 Pruning 3328 in layer 23
2024-10-13 15:24:01,445 Gathering metrics
2024-10-13 15:24:34,909 {'acc1': 0.8087871287128713, 'acc5': 0.9492574257425742, 'loss': 89.00379300117493, 'macs': 36853875432, 'params': 188402408, 'model_size': 718.6981506347656, 'inference_time': 0}
2024-10-13 15:24:35,025 Pruning 3584 in layer 23
2024-10-13 15:24:35,026 Gathering metrics
2024-10-13 15:25:08,950 {'acc1': 0.8087871287128713, 'acc5': 0.9492574257425742, 'loss': 89.00379260629416, 'macs': 36750540264, 'params': 187877864, 'model_size': 716.6971740722656, 'inference_time': 0}
2024-10-13 15:25:08,978 Pruning 3840 in layer 23
2024-10-13 15:25:08,979 Gathering metrics
2024-10-13 15:25:42,705 {'acc1': 0.8087871287128713, 'acc5': 0.9492574257425742, 'loss': 89.00379110127687, 'macs': 36647205096, 'params': 187353320, 'model_size': 714.6961975097656, 'inference_time': 0}
2024-10-13 15:25:42,726 Experiment finished
