2024-10-13 11:47:46,831 Starting experiment outputs/adaptive/vit_b_16/l2
2024-10-13 11:47:46,831 Loading the original model
2024-10-13 11:47:47,248 Gathering metrics of the original model
2024-10-13 11:48:27,311 {'acc1': 0.8415841584158416, 'acc5': 0.968440594059406, 'loss': 71.7905719652772, 'macs': 16864992232, 'params': 86567656, 'model_size': 330.2294006347656, 'inference_time': 0}
2024-10-13 11:48:27,325 Pruning 256 in layer 0
2024-10-13 11:48:27,363 Gathering metrics
2024-10-13 11:49:05,162 {'acc1': 0.8403465346534653, 'acc5': 0.96875, 'loss': 72.06306204944849, 'macs': 16787478248, 'params': 86174184, 'model_size': 328.7284240722656, 'inference_time': 0}
2024-10-13 11:49:05,275 Pruning 512 in layer 0
2024-10-13 11:49:05,276 Gathering metrics
2024-10-13 11:49:42,858 {'acc1': 0.8403465346534653, 'acc5': 0.96875, 'loss': 72.05984926968813, 'macs': 16709964264, 'params': 85780712, 'model_size': 327.2274475097656, 'inference_time': 0}
2024-10-13 11:49:42,873 Pruning 768 in layer 0
2024-10-13 11:49:42,874 Gathering metrics
2024-10-13 11:50:20,716 {'acc1': 0.8400371287128713, 'acc5': 0.96875, 'loss': 72.16426466405392, 'macs': 16632450280, 'params': 85387240, 'model_size': 325.7264709472656, 'inference_time': 0}
2024-10-13 11:50:20,732 Pruning 1024 in layer 0
2024-10-13 11:50:20,733 Gathering metrics
2024-10-13 11:50:58,060 {'acc1': 0.8397277227722773, 'acc5': 0.969059405940594, 'loss': 72.16143448650837, 'macs': 16554936296, 'params': 84993768, 'model_size': 324.2254943847656, 'inference_time': 0}
2024-10-13 11:50:58,074 Pruning 1280 in layer 0
2024-10-13 11:50:58,075 Gathering metrics
2024-10-13 11:51:35,387 {'acc1': 0.8292079207920792, 'acc5': 0.963180693069307, 'loss': 77.10297459363937, 'macs': 16477422312, 'params': 84600296, 'model_size': 322.7245178222656, 'inference_time': 0}
2024-10-13 11:51:35,400 Pruning 256 in layer 1
2024-10-13 11:51:35,401 Gathering metrics
2024-10-13 11:52:12,894 {'acc1': 0.8341584158415841, 'acc5': 0.9659653465346535, 'loss': 73.45210178941488, 'macs': 16477422312, 'params': 84600296, 'model_size': 322.7245178222656, 'inference_time': 0}
2024-10-13 11:52:12,910 Pruning 512 in layer 1
2024-10-13 11:52:12,911 Gathering metrics
2024-10-13 11:52:50,493 {'acc1': 0.8273514851485149, 'acc5': 0.9616336633663366, 'loss': 75.90732730180025, 'macs': 16399908328, 'params': 84206824, 'model_size': 321.2235412597656, 'inference_time': 0}
2024-10-13 11:52:50,508 Pruning 256 in layer 2
2024-10-13 11:52:50,509 Gathering metrics
2024-10-13 11:53:27,957 {'acc1': 0.8313737623762376, 'acc5': 0.9641089108910891, 'loss': 74.16321475803852, 'macs': 16399908328, 'params': 84206824, 'model_size': 321.2235412597656, 'inference_time': 0}
2024-10-13 11:53:27,974 Pruning 512 in layer 2
2024-10-13 11:53:27,975 Gathering metrics
2024-10-13 11:54:05,202 {'acc1': 0.8279702970297029, 'acc5': 0.9603960396039604, 'loss': 77.31821212172508, 'macs': 16322394344, 'params': 83813352, 'model_size': 319.7225646972656, 'inference_time': 0}
2024-10-13 11:54:05,218 Pruning 768 in layer 2
2024-10-13 11:54:05,219 Gathering metrics
2024-10-13 11:54:42,361 {'acc1': 0.8118811881188119, 'acc5': 0.9551361386138614, 'loss': 82.78494799882174, 'macs': 16244880360, 'params': 83419880, 'model_size': 318.2215881347656, 'inference_time': 0}
2024-10-13 11:54:42,375 Pruning 256 in layer 3
2024-10-13 11:54:42,376 Gathering metrics
2024-10-13 11:55:19,681 {'acc1': 0.823019801980198, 'acc5': 0.9610148514851485, 'loss': 78.13859992474318, 'macs': 16244880360, 'params': 83419880, 'model_size': 318.2215881347656, 'inference_time': 0}
2024-10-13 11:55:19,695 Pruning 512 in layer 3
2024-10-13 11:55:19,696 Gathering metrics
2024-10-13 11:55:56,916 {'acc1': 0.8236386138613861, 'acc5': 0.9594678217821783, 'loss': 78.65776891261339, 'macs': 16167366376, 'params': 83026408, 'model_size': 316.7206115722656, 'inference_time': 0}
2024-10-13 11:55:56,930 Pruning 768 in layer 3
2024-10-13 11:55:56,930 Gathering metrics
2024-10-13 11:56:34,084 {'acc1': 0.8193069306930693, 'acc5': 0.9566831683168316, 'loss': 80.29827451705933, 'macs': 16089852392, 'params': 82632936, 'model_size': 315.2196350097656, 'inference_time': 0}
2024-10-13 11:56:34,098 Pruning 256 in layer 4
2024-10-13 11:56:34,099 Gathering metrics
2024-10-13 11:57:11,119 {'acc1': 0.8165222772277227, 'acc5': 0.9573019801980198, 'loss': 80.95955962687731, 'macs': 16089852392, 'params': 82632936, 'model_size': 315.2196350097656, 'inference_time': 0}
2024-10-13 11:57:11,135 Pruning 512 in layer 4
2024-10-13 11:57:11,136 Gathering metrics
2024-10-13 11:57:48,226 {'acc1': 0.8159034653465347, 'acc5': 0.9551361386138614, 'loss': 81.48780749738216, 'macs': 16012338408, 'params': 82239464, 'model_size': 313.7186584472656, 'inference_time': 0}
2024-10-13 11:57:48,241 Pruning 256 in layer 5
2024-10-13 11:57:48,242 Gathering metrics
2024-10-13 11:58:25,249 {'acc1': 0.8134282178217822, 'acc5': 0.9542079207920792, 'loss': 82.3117204234004, 'macs': 16012338408, 'params': 82239464, 'model_size': 313.7186584472656, 'inference_time': 0}
2024-10-13 11:58:25,264 Pruning 512 in layer 5
2024-10-13 11:58:25,265 Gathering metrics
2024-10-13 11:59:02,519 {'acc1': 0.8100247524752475, 'acc5': 0.9538985148514851, 'loss': 83.70397064834833, 'macs': 15934824424, 'params': 81845992, 'model_size': 312.2176818847656, 'inference_time': 0}
2024-10-13 11:59:02,534 Pruning 768 in layer 5
2024-10-13 11:59:02,535 Gathering metrics
2024-10-13 11:59:39,708 {'acc1': 0.807549504950495, 'acc5': 0.9526608910891089, 'loss': 84.74256399273872, 'macs': 15857310440, 'params': 81452520, 'model_size': 310.7167053222656, 'inference_time': 0}
2024-10-13 11:59:39,723 Pruning 256 in layer 6
2024-10-13 11:59:39,724 Gathering metrics
2024-10-13 12:00:16,539 {'acc1': 0.8090965346534653, 'acc5': 0.9508044554455446, 'loss': 85.27861338853836, 'macs': 15857310440, 'params': 81452520, 'model_size': 310.7167053222656, 'inference_time': 0}
2024-10-13 12:00:16,555 Pruning 512 in layer 6
2024-10-13 12:00:16,556 Gathering metrics
2024-10-13 12:00:53,286 {'acc1': 0.8060024752475248, 'acc5': 0.9489480198019802, 'loss': 87.01678018271923, 'macs': 15779796456, 'params': 81059048, 'model_size': 309.2157287597656, 'inference_time': 0}
2024-10-13 12:00:53,302 Pruning 768 in layer 6
2024-10-13 12:00:53,304 Gathering metrics
2024-10-13 12:01:30,441 {'acc1': 0.8041460396039604, 'acc5': 0.948019801980198, 'loss': 87.46849310398102, 'macs': 15702282472, 'params': 80665576, 'model_size': 307.7147521972656, 'inference_time': 0}
2024-10-13 12:01:30,456 Pruning 1024 in layer 6
2024-10-13 12:01:30,457 Gathering metrics
2024-10-13 12:02:07,274 {'acc1': 0.7991955445544554, 'acc5': 0.9467821782178217, 'loss': 88.85658550262451, 'macs': 15624768488, 'params': 80272104, 'model_size': 306.2137756347656, 'inference_time': 0}
2024-10-13 12:02:07,290 Pruning 256 in layer 7
2024-10-13 12:02:07,291 Gathering metrics
2024-10-13 12:02:44,277 {'acc1': 0.7976485148514851, 'acc5': 0.9452351485148515, 'loss': 89.41691713035107, 'macs': 15624768488, 'params': 80272104, 'model_size': 306.2137756347656, 'inference_time': 0}
2024-10-13 12:02:44,293 Pruning 512 in layer 7
2024-10-13 12:02:44,294 Gathering metrics
2024-10-13 12:03:21,183 {'acc1': 0.791769801980198, 'acc5': 0.9443069306930693, 'loss': 90.78637397289276, 'macs': 15547254504, 'params': 79878632, 'model_size': 304.7127990722656, 'inference_time': 0}
2024-10-13 12:03:21,198 Pruning 256 in layer 8
2024-10-13 12:03:21,199 Gathering metrics
2024-10-13 12:03:57,608 {'acc1': 0.7926980198019802, 'acc5': 0.942759900990099, 'loss': 90.2827535122633, 'macs': 15547254504, 'params': 79878632, 'model_size': 304.7127990722656, 'inference_time': 0}
2024-10-13 12:03:57,624 Pruning 512 in layer 8
2024-10-13 12:03:57,625 Gathering metrics
2024-10-13 12:04:34,183 {'acc1': 0.7930074257425742, 'acc5': 0.942450495049505, 'loss': 91.64900377392769, 'macs': 15469740520, 'params': 79485160, 'model_size': 303.2118225097656, 'inference_time': 0}
2024-10-13 12:04:34,198 Pruning 768 in layer 8
2024-10-13 12:04:34,199 Gathering metrics
2024-10-13 12:05:10,673 {'acc1': 0.7852722772277227, 'acc5': 0.9396658415841584, 'loss': 93.19679175317287, 'macs': 15392226536, 'params': 79091688, 'model_size': 301.7108459472656, 'inference_time': 0}
2024-10-13 12:05:10,688 Pruning 256 in layer 9
2024-10-13 12:05:10,689 Gathering metrics
2024-10-13 12:05:47,242 {'acc1': 0.7908415841584159, 'acc5': 0.9421410891089109, 'loss': 92.56469608843327, 'macs': 15392226536, 'params': 79091688, 'model_size': 301.7108459472656, 'inference_time': 0}
2024-10-13 12:05:47,256 Pruning 512 in layer 9
2024-10-13 12:05:47,257 Gathering metrics
2024-10-13 12:06:23,418 {'acc1': 0.7831064356435643, 'acc5': 0.9402846534653465, 'loss': 94.2440183609724, 'macs': 15314712552, 'params': 78698216, 'model_size': 300.2098693847656, 'inference_time': 0}
2024-10-13 12:06:23,434 Pruning 256 in layer 10
2024-10-13 12:06:23,435 Gathering metrics
2024-10-13 12:06:59,409 {'acc1': 0.7858910891089109, 'acc5': 0.9393564356435643, 'loss': 94.0859092772007, 'macs': 15314712552, 'params': 78698216, 'model_size': 300.2098693847656, 'inference_time': 0}
2024-10-13 12:06:59,423 Pruning 512 in layer 10
2024-10-13 12:06:59,424 Gathering metrics
2024-10-13 12:07:35,577 {'acc1': 0.7874381188118812, 'acc5': 0.9381188118811881, 'loss': 95.49755685031414, 'macs': 15237198568, 'params': 78304744, 'model_size': 298.7088928222656, 'inference_time': 0}
2024-10-13 12:07:35,591 Pruning 768 in layer 10
2024-10-13 12:07:35,592 Gathering metrics
2024-10-13 12:08:11,705 {'acc1': 0.7834158415841584, 'acc5': 0.9350247524752475, 'loss': 98.14725908637047, 'macs': 15159684584, 'params': 77911272, 'model_size': 297.2079162597656, 'inference_time': 0}
2024-10-13 12:08:11,813 Pruning 256 in layer 11
2024-10-13 12:08:11,814 Gathering metrics
2024-10-13 12:08:47,712 {'acc1': 0.7883663366336634, 'acc5': 0.9384282178217822, 'loss': 93.06592139601707, 'macs': 15159684584, 'params': 77911272, 'model_size': 297.2079162597656, 'inference_time': 0}
2024-10-13 12:08:47,726 Pruning 512 in layer 11
2024-10-13 12:08:47,727 Gathering metrics
2024-10-13 12:09:23,712 {'acc1': 0.7886757425742574, 'acc5': 0.9396658415841584, 'loss': 90.19839514791965, 'macs': 15082170600, 'params': 77517800, 'model_size': 295.7069396972656, 'inference_time': 0}
2024-10-13 12:09:23,726 Pruning 768 in layer 11
2024-10-13 12:09:23,727 Gathering metrics
2024-10-13 12:09:59,533 {'acc1': 0.7883663366336634, 'acc5': 0.9390470297029703, 'loss': 89.81236949190497, 'macs': 15004656616, 'params': 77124328, 'model_size': 294.2059631347656, 'inference_time': 0}
2024-10-13 12:09:59,548 Pruning 1024 in layer 11
2024-10-13 12:09:59,549 Gathering metrics
2024-10-13 12:10:35,247 {'acc1': 0.7877475247524752, 'acc5': 0.9405940594059405, 'loss': 89.23408031463623, 'macs': 14927142632, 'params': 76730856, 'model_size': 292.7049865722656, 'inference_time': 0}
2024-10-13 12:10:35,261 Pruning 1280 in layer 11
2024-10-13 12:10:35,262 Gathering metrics
2024-10-13 12:11:11,167 {'acc1': 0.7874381188118812, 'acc5': 0.9412128712871287, 'loss': 88.08569376170635, 'macs': 14849628648, 'params': 76337384, 'model_size': 291.2040100097656, 'inference_time': 0}
2024-10-13 12:11:11,182 Pruning 1536 in layer 11
2024-10-13 12:11:11,183 Gathering metrics
2024-10-13 12:11:46,828 {'acc1': 0.7883663366336634, 'acc5': 0.9409034653465347, 'loss': 87.71630744636059, 'macs': 14772114664, 'params': 75943912, 'model_size': 289.7030334472656, 'inference_time': 0}
2024-10-13 12:11:46,841 Pruning 1792 in layer 11
2024-10-13 12:11:46,842 Gathering metrics
2024-10-13 12:12:22,429 {'acc1': 0.7889851485148515, 'acc5': 0.9402846534653465, 'loss': 87.47840309515595, 'macs': 14694600680, 'params': 75550440, 'model_size': 288.2020568847656, 'inference_time': 0}
2024-10-13 12:12:22,443 Pruning 2048 in layer 11
2024-10-13 12:12:22,444 Gathering metrics
2024-10-13 12:12:58,194 {'acc1': 0.7877475247524752, 'acc5': 0.9409034653465347, 'loss': 87.4356621094048, 'macs': 14617086696, 'params': 75156968, 'model_size': 286.7010803222656, 'inference_time': 0}
2024-10-13 12:12:58,208 Pruning 2304 in layer 11
2024-10-13 12:12:58,209 Gathering metrics
2024-10-13 12:13:33,929 {'acc1': 0.7886757425742574, 'acc5': 0.9405940594059405, 'loss': 87.42036952450871, 'macs': 14539572712, 'params': 74763496, 'model_size': 285.2001037597656, 'inference_time': 0}
2024-10-13 12:13:33,944 Pruning 2560 in layer 11
2024-10-13 12:13:33,945 Gathering metrics
2024-10-13 12:14:09,370 {'acc1': 0.7883663366336634, 'acc5': 0.9412128712871287, 'loss': 87.41918567940593, 'macs': 14462058728, 'params': 74370024, 'model_size': 283.6991271972656, 'inference_time': 0}
2024-10-13 12:14:09,384 Pruning 2816 in layer 11
2024-10-13 12:14:09,385 Gathering metrics
2024-10-13 12:14:45,138 {'acc1': 0.7886757425742574, 'acc5': 0.9405940594059405, 'loss': 87.40052410960197, 'macs': 14384544744, 'params': 73976552, 'model_size': 282.1981506347656, 'inference_time': 0}
2024-10-13 12:14:45,155 Experiment finished
