2024-10-13 12:37:03,544 Starting experiment outputs/adaptive/vit_b_32/proj500
2024-10-13 12:37:03,545 Loading the original model
2024-10-13 12:37:04,052 Gathering metrics of the original model
2024-10-13 12:37:23,380 {'acc1': 0.8004331683168316, 'acc5': 0.943069306930693, 'loss': 90.91504348814487, 'macs': 4367292136, 'params': 88224232, 'model_size': 336.5487365722656, 'inference_time': 0}
2024-10-13 12:37:23,393 Pruning 256 in layer 0
2024-10-13 12:37:26,435 Gathering metrics
2024-10-13 12:37:45,373 {'acc1': 0.8010519801980198, 'acc5': 0.9399752475247525, 'loss': 93.34695027768612, 'macs': 4347618536, 'params': 87830760, 'model_size': 335.0477600097656, 'inference_time': 0}
2024-10-13 12:37:45,468 Pruning 512 in layer 0
2024-10-13 12:37:48,067 Gathering metrics
2024-10-13 12:38:06,598 {'acc1': 0.7076113861386139, 'acc5': 0.8944925742574258, 'loss': 145.9231296479702, 'macs': 4327944936, 'params': 87437288, 'model_size': 333.5467834472656, 'inference_time': 0}
2024-10-13 12:38:06,610 Pruning 256 in layer 1
2024-10-13 12:38:09,595 Gathering metrics
2024-10-13 12:38:28,676 {'acc1': 0.7636138613861386, 'acc5': 0.9229579207920792, 'loss': 110.07719202339649, 'macs': 4327944936, 'params': 87437288, 'model_size': 333.5467834472656, 'inference_time': 0}
2024-10-13 12:38:28,689 Pruning 256 in layer 2
2024-10-13 12:38:31,669 Gathering metrics
2024-10-13 12:38:50,274 {'acc1': 0.7633044554455446, 'acc5': 0.9245049504950495, 'loss': 109.90547667443752, 'macs': 4327944936, 'params': 87437288, 'model_size': 333.5467834472656, 'inference_time': 0}
2024-10-13 12:38:50,287 Pruning 256 in layer 3
2024-10-13 12:38:53,269 Gathering metrics
2024-10-13 12:39:12,173 {'acc1': 0.7976485148514851, 'acc5': 0.9415222772277227, 'loss': 94.98492869734764, 'macs': 4327944936, 'params': 87437288, 'model_size': 333.5467834472656, 'inference_time': 0}
2024-10-13 12:39:12,186 Pruning 512 in layer 3
2024-10-13 12:39:14,773 Gathering metrics
2024-10-13 12:39:33,365 {'acc1': 0.7945544554455446, 'acc5': 0.9350247524752475, 'loss': 97.46974115073681, 'macs': 4308271336, 'params': 87043816, 'model_size': 332.0458068847656, 'inference_time': 0}
2024-10-13 12:39:33,378 Pruning 768 in layer 3
2024-10-13 12:39:35,622 Gathering metrics
2024-10-13 12:39:54,558 {'acc1': 0.7846534653465347, 'acc5': 0.932549504950495, 'loss': 101.8909515440464, 'macs': 4288597736, 'params': 86650344, 'model_size': 330.5448303222656, 'inference_time': 0}
2024-10-13 12:39:54,572 Pruning 256 in layer 4
2024-10-13 12:39:57,858 Gathering metrics
2024-10-13 12:40:16,653 {'acc1': 0.7920792079207921, 'acc5': 0.9356435643564357, 'loss': 97.06379628181458, 'macs': 4288597736, 'params': 86650344, 'model_size': 330.5448303222656, 'inference_time': 0}
2024-10-13 12:40:16,666 Pruning 512 in layer 4
2024-10-13 12:40:19,276 Gathering metrics
2024-10-13 12:40:37,802 {'acc1': 0.7926980198019802, 'acc5': 0.9350247524752475, 'loss': 98.08645616471767, 'macs': 4268924136, 'params': 86256872, 'model_size': 329.0438537597656, 'inference_time': 0}
2024-10-13 12:40:37,815 Pruning 768 in layer 4
2024-10-13 12:40:40,058 Gathering metrics
2024-10-13 12:40:58,682 {'acc1': 0.7908415841584159, 'acc5': 0.931930693069307, 'loss': 98.56124559044838, 'macs': 4249250536, 'params': 85863400, 'model_size': 327.5428771972656, 'inference_time': 0}
2024-10-13 12:40:58,695 Pruning 1024 in layer 4
2024-10-13 12:41:00,601 Gathering metrics
2024-10-13 12:41:19,480 {'acc1': 0.7877475247524752, 'acc5': 0.9300742574257426, 'loss': 99.28132954239845, 'macs': 4229576936, 'params': 85469928, 'model_size': 326.0419006347656, 'inference_time': 0}
2024-10-13 12:41:19,493 Pruning 1280 in layer 4
2024-10-13 12:41:21,137 Gathering metrics
2024-10-13 12:41:39,993 {'acc1': 0.7787747524752475, 'acc5': 0.9266707920792079, 'loss': 102.53934113681316, 'macs': 4209903336, 'params': 85076456, 'model_size': 324.5409240722656, 'inference_time': 0}
2024-10-13 12:41:40,009 Pruning 256 in layer 5
2024-10-13 12:41:42,985 Gathering metrics
2024-10-13 12:42:01,914 {'acc1': 0.7837252475247525, 'acc5': 0.9294554455445545, 'loss': 101.17436173558235, 'macs': 4209903336, 'params': 85076456, 'model_size': 324.5409240722656, 'inference_time': 0}
2024-10-13 12:42:01,928 Pruning 512 in layer 5
2024-10-13 12:42:04,808 Gathering metrics
2024-10-13 12:42:23,935 {'acc1': 0.7790841584158416, 'acc5': 0.9272896039603961, 'loss': 102.75589591264725, 'macs': 4190229736, 'params': 84682984, 'model_size': 323.0399475097656, 'inference_time': 0}
2024-10-13 12:42:23,948 Pruning 256 in layer 6
2024-10-13 12:42:26,937 Gathering metrics
2024-10-13 12:42:45,802 {'acc1': 0.78125, 'acc5': 0.9288366336633663, 'loss': 101.32883828878403, 'macs': 4190229736, 'params': 84682984, 'model_size': 323.0399475097656, 'inference_time': 0}
2024-10-13 12:42:45,815 Pruning 512 in layer 6
2024-10-13 12:42:48,413 Gathering metrics
2024-10-13 12:43:07,231 {'acc1': 0.7775371287128713, 'acc5': 0.9257425742574258, 'loss': 103.10246928036213, 'macs': 4170556136, 'params': 84289512, 'model_size': 321.5389709472656, 'inference_time': 0}
2024-10-13 12:43:07,244 Pruning 768 in layer 6
2024-10-13 12:43:09,488 Gathering metrics
2024-10-13 12:43:28,300 {'acc1': 0.7725866336633663, 'acc5': 0.9217202970297029, 'loss': 105.1045930236578, 'macs': 4150882536, 'params': 83896040, 'model_size': 320.0379943847656, 'inference_time': 0}
2024-10-13 12:43:28,313 Pruning 256 in layer 7
2024-10-13 12:43:31,308 Gathering metrics
2024-10-13 12:43:50,252 {'acc1': 0.7710396039603961, 'acc5': 0.9207920792079208, 'loss': 105.20216038823128, 'macs': 4150882536, 'params': 83896040, 'model_size': 320.0379943847656, 'inference_time': 0}
2024-10-13 12:43:50,265 Pruning 512 in layer 7
2024-10-13 12:43:52,877 Gathering metrics
2024-10-13 12:44:11,710 {'acc1': 0.7639232673267327, 'acc5': 0.9180074257425742, 'loss': 107.6787161976099, 'macs': 4131208936, 'params': 83502568, 'model_size': 318.5370178222656, 'inference_time': 0}
2024-10-13 12:44:11,723 Pruning 256 in layer 8
2024-10-13 12:44:14,716 Gathering metrics
2024-10-13 12:44:33,485 {'acc1': 0.7713490099009901, 'acc5': 0.9223391089108911, 'loss': 106.26814585924149, 'macs': 4131208936, 'params': 83502568, 'model_size': 318.5370178222656, 'inference_time': 0}
2024-10-13 12:44:33,498 Pruning 512 in layer 8
2024-10-13 12:44:36,100 Gathering metrics
2024-10-13 12:44:54,936 {'acc1': 0.7673267326732673, 'acc5': 0.9211014851485149, 'loss': 107.13385184109211, 'macs': 4111535336, 'params': 83109096, 'model_size': 317.0360412597656, 'inference_time': 0}
2024-10-13 12:44:54,949 Pruning 768 in layer 8
2024-10-13 12:44:57,200 Gathering metrics
2024-10-13 12:45:16,321 {'acc1': 0.7608292079207921, 'acc5': 0.9176980198019802, 'loss': 110.64721009135246, 'macs': 4091861736, 'params': 82715624, 'model_size': 315.5350646972656, 'inference_time': 0}
2024-10-13 12:45:16,334 Pruning 256 in layer 9
2024-10-13 12:45:19,314 Gathering metrics
2024-10-13 12:45:38,130 {'acc1': 0.7608292079207921, 'acc5': 0.9211014851485149, 'loss': 107.82703979313374, 'macs': 4091861736, 'params': 82715624, 'model_size': 315.5350646972656, 'inference_time': 0}
2024-10-13 12:45:38,143 Pruning 512 in layer 9
2024-10-13 12:45:40,756 Gathering metrics
2024-10-13 12:45:59,488 {'acc1': 0.7558787128712872, 'acc5': 0.9201732673267327, 'loss': 108.84609468281269, 'macs': 4072188136, 'params': 82322152, 'model_size': 314.0340881347656, 'inference_time': 0}
2024-10-13 12:45:59,501 Pruning 256 in layer 10
2024-10-13 12:46:02,498 Gathering metrics
2024-10-13 12:46:21,302 {'acc1': 0.7577351485148515, 'acc5': 0.9173886138613861, 'loss': 116.3909611850977, 'macs': 4072188136, 'params': 82322152, 'model_size': 314.0340881347656, 'inference_time': 0}
2024-10-13 12:46:21,314 Pruning 512 in layer 10
2024-10-13 12:46:23,913 Gathering metrics
2024-10-13 12:46:42,575 {'acc1': 0.7527846534653465, 'acc5': 0.911509900990099, 'loss': 127.84591707587242, 'macs': 4052514536, 'params': 81928680, 'model_size': 312.5331115722656, 'inference_time': 0}
2024-10-13 12:46:42,588 Pruning 256 in layer 11
2024-10-13 12:46:45,560 Gathering metrics
2024-10-13 12:47:04,573 {'acc1': 0.7422648514851485, 'acc5': 0.9047029702970297, 'loss': 133.13203919306397, 'macs': 4052514536, 'params': 81928680, 'model_size': 312.5331115722656, 'inference_time': 0}
2024-10-13 12:47:04,586 Experiment finished
