2024-10-11 23:31:11,266 Starting experiment outputs/adaptive/vit_b_16/l2
2024-10-11 23:31:11,266 Loading the original model
2024-10-11 23:31:11,695 Gathering metrics of the original model
2024-10-11 23:31:51,897 {'acc1': 0.8415841584158416, 'acc5': 0.968440594059406, 'loss': 71.7905719652772, 'macs': 16864992232, 'params': 86567656, 'model_size': 330.2294006347656, 'inference_time': 0}
2024-10-11 23:31:51,911 Pruning 128 in layer 11
2024-10-11 23:31:51,951 Gathering metrics
2024-10-11 23:32:29,975 {'acc1': 0.8400371287128713, 'acc5': 0.96875, 'loss': 70.19462598115206, 'macs': 16826235240, 'params': 86370920, 'model_size': 329.4789123535156, 'inference_time': 0}
2024-10-11 23:32:30,091 Pruning 256 in layer 11
2024-10-11 23:32:30,092 Gathering metrics
2024-10-11 23:33:07,725 {'acc1': 0.8391089108910891, 'acc5': 0.9678217821782178, 'loss': 70.0403255596757, 'macs': 16787478248, 'params': 86174184, 'model_size': 328.7284240722656, 'inference_time': 0}
2024-10-11 23:33:07,739 Pruning 384 in layer 11
2024-10-11 23:33:07,740 Gathering metrics
2024-10-11 23:33:45,442 {'acc1': 0.838799504950495, 'acc5': 0.968440594059406, 'loss': 69.08657340332866, 'macs': 16748721256, 'params': 85977448, 'model_size': 327.9779357910156, 'inference_time': 0}
2024-10-11 23:33:45,458 Pruning 512 in layer 11
2024-10-11 23:33:45,459 Gathering metrics
2024-10-11 23:34:23,023 {'acc1': 0.8391089108910891, 'acc5': 0.969059405940594, 'loss': 68.20364380255342, 'macs': 16709964264, 'params': 85780712, 'model_size': 327.2274475097656, 'inference_time': 0}
2024-10-11 23:34:23,037 Pruning 640 in layer 11
2024-10-11 23:34:23,038 Gathering metrics
2024-10-11 23:35:00,683 {'acc1': 0.8378712871287128, 'acc5': 0.9681311881188119, 'loss': 67.50896801613271, 'macs': 16671207272, 'params': 85583976, 'model_size': 326.4769592285156, 'inference_time': 0}
2024-10-11 23:35:00,697 Pruning 768 in layer 11
2024-10-11 23:35:00,698 Gathering metrics
2024-10-11 23:35:38,087 {'acc1': 0.838180693069307, 'acc5': 0.96875, 'loss': 67.29936128854752, 'macs': 16632450280, 'params': 85387240, 'model_size': 325.7264709472656, 'inference_time': 0}
2024-10-11 23:35:38,102 Pruning 896 in layer 11
2024-10-11 23:35:38,103 Gathering metrics
2024-10-11 23:36:15,441 {'acc1': 0.8397277227722773, 'acc5': 0.969059405940594, 'loss': 66.89893045276403, 'macs': 16593693288, 'params': 85190504, 'model_size': 324.9759826660156, 'inference_time': 0}
2024-10-11 23:36:15,454 Pruning 1024 in layer 11
2024-10-11 23:36:15,455 Gathering metrics
2024-10-11 23:36:52,733 {'acc1': 0.8394183168316832, 'acc5': 0.96875, 'loss': 66.50588317401707, 'macs': 16554936296, 'params': 84993768, 'model_size': 324.2254943847656, 'inference_time': 0}
2024-10-11 23:36:52,749 Pruning 1152 in layer 11
2024-10-11 23:36:52,750 Gathering metrics
2024-10-11 23:37:30,429 {'acc1': 0.8403465346534653, 'acc5': 0.9681311881188119, 'loss': 66.01075058244169, 'macs': 16516179304, 'params': 84797032, 'model_size': 323.4750061035156, 'inference_time': 0}
2024-10-11 23:37:30,445 Pruning 1280 in layer 11
2024-10-11 23:37:30,446 Gathering metrics
2024-10-11 23:38:07,847 {'acc1': 0.8397277227722773, 'acc5': 0.96875, 'loss': 65.40296840108931, 'macs': 16477422312, 'params': 84600296, 'model_size': 322.7245178222656, 'inference_time': 0}
2024-10-11 23:38:07,862 Pruning 1408 in layer 11
2024-10-11 23:38:07,863 Gathering metrics
2024-10-11 23:38:45,192 {'acc1': 0.8403465346534653, 'acc5': 0.968440594059406, 'loss': 65.21127951703966, 'macs': 16438665320, 'params': 84403560, 'model_size': 321.9740295410156, 'inference_time': 0}
2024-10-11 23:38:45,207 Pruning 1536 in layer 11
2024-10-11 23:38:45,208 Gathering metrics
2024-10-11 23:39:22,383 {'acc1': 0.8409653465346535, 'acc5': 0.96875, 'loss': 64.88649927079678, 'macs': 16399908328, 'params': 84206824, 'model_size': 321.2235412597656, 'inference_time': 0}
2024-10-11 23:39:22,399 Pruning 1664 in layer 11
2024-10-11 23:39:22,400 Gathering metrics
2024-10-11 23:39:59,510 {'acc1': 0.8415841584158416, 'acc5': 0.969059405940594, 'loss': 64.8427772372961, 'macs': 16361151336, 'params': 84010088, 'model_size': 320.4730529785156, 'inference_time': 0}
2024-10-11 23:39:59,523 Pruning 1792 in layer 11
2024-10-11 23:39:59,524 Gathering metrics
2024-10-11 23:40:36,791 {'acc1': 0.8412747524752475, 'acc5': 0.96875, 'loss': 64.66795143857598, 'macs': 16322394344, 'params': 83813352, 'model_size': 319.7225646972656, 'inference_time': 0}
2024-10-11 23:40:36,806 Pruning 1920 in layer 11
2024-10-11 23:40:36,807 Gathering metrics
2024-10-11 23:41:14,258 {'acc1': 0.8412747524752475, 'acc5': 0.969059405940594, 'loss': 64.68900996632874, 'macs': 16283637352, 'params': 83616616, 'model_size': 318.9720764160156, 'inference_time': 0}
2024-10-11 23:41:14,273 Pruning 2048 in layer 11
2024-10-11 23:41:14,274 Gathering metrics
2024-10-11 23:41:51,511 {'acc1': 0.8406559405940595, 'acc5': 0.9693688118811881, 'loss': 64.63760350458324, 'macs': 16244880360, 'params': 83419880, 'model_size': 318.2215881347656, 'inference_time': 0}
2024-10-11 23:41:51,526 Pruning 2176 in layer 11
2024-10-11 23:41:51,527 Gathering metrics
2024-10-11 23:42:28,631 {'acc1': 0.8412747524752475, 'acc5': 0.96875, 'loss': 64.50867775455117, 'macs': 16206123368, 'params': 83223144, 'model_size': 317.4710998535156, 'inference_time': 0}
2024-10-11 23:42:28,646 Pruning 2304 in layer 11
2024-10-11 23:42:28,647 Gathering metrics
2024-10-11 23:43:05,485 {'acc1': 0.8409653465346535, 'acc5': 0.96875, 'loss': 64.46431331336498, 'macs': 16167366376, 'params': 83026408, 'model_size': 316.7206115722656, 'inference_time': 0}
2024-10-11 23:43:05,499 Pruning 2432 in layer 11
2024-10-11 23:43:05,500 Gathering metrics
2024-10-11 23:43:42,439 {'acc1': 0.8415841584158416, 'acc5': 0.969059405940594, 'loss': 64.39780655689538, 'macs': 16128609384, 'params': 82829672, 'model_size': 315.9701232910156, 'inference_time': 0}
2024-10-11 23:43:42,453 Pruning 2560 in layer 11
2024-10-11 23:43:42,454 Gathering metrics
2024-10-11 23:44:19,336 {'acc1': 0.8415841584158416, 'acc5': 0.96875, 'loss': 64.39986858703196, 'macs': 16089852392, 'params': 82632936, 'model_size': 315.2196350097656, 'inference_time': 0}
2024-10-11 23:44:19,352 Pruning 2688 in layer 11
2024-10-11 23:44:19,353 Gathering metrics
2024-10-11 23:44:56,230 {'acc1': 0.8415841584158416, 'acc5': 0.969059405940594, 'loss': 64.36352002806962, 'macs': 16051095400, 'params': 82436200, 'model_size': 314.4691467285156, 'inference_time': 0}
2024-10-11 23:44:56,244 Pruning 2816 in layer 11
2024-10-11 23:44:56,245 Gathering metrics
2024-10-11 23:45:33,289 {'acc1': 0.8415841584158416, 'acc5': 0.969059405940594, 'loss': 64.41430692374706, 'macs': 16012338408, 'params': 82239464, 'model_size': 313.7186584472656, 'inference_time': 0}
2024-10-11 23:45:33,302 Pruning 2944 in layer 11
2024-10-11 23:45:33,303 Gathering metrics
2024-10-11 23:46:10,292 {'acc1': 0.8415841584158416, 'acc5': 0.968440594059406, 'loss': 64.47715435363352, 'macs': 15973581416, 'params': 82042728, 'model_size': 312.9681701660156, 'inference_time': 0}
2024-10-11 23:46:10,307 Pruning 128 in layer 10
2024-10-11 23:46:10,308 Gathering metrics
2024-10-11 23:46:47,214 {'acc1': 0.8397277227722773, 'acc5': 0.9665841584158416, 'loss': 66.80409427732229, 'macs': 15973581416, 'params': 82042728, 'model_size': 312.9681701660156, 'inference_time': 0}
2024-10-11 23:46:47,228 Pruning 256 in layer 10
2024-10-11 23:46:47,230 Gathering metrics
2024-10-11 23:47:23,884 {'acc1': 0.8400371287128713, 'acc5': 0.9668935643564357, 'loss': 65.5143078789115, 'macs': 15934824424, 'params': 81845992, 'model_size': 312.2176818847656, 'inference_time': 0}
2024-10-11 23:47:23,899 Pruning 384 in layer 10
2024-10-11 23:47:23,900 Gathering metrics
2024-10-11 23:48:00,449 {'acc1': 0.8400371287128713, 'acc5': 0.9668935643564357, 'loss': 65.61967660114169, 'macs': 15896067432, 'params': 81649256, 'model_size': 311.4671936035156, 'inference_time': 0}
2024-10-11 23:48:00,464 Pruning 512 in layer 10
2024-10-11 23:48:00,464 Gathering metrics
2024-10-11 23:48:37,061 {'acc1': 0.8406559405940595, 'acc5': 0.9662747524752475, 'loss': 65.44848254136741, 'macs': 15857310440, 'params': 81452520, 'model_size': 310.7167053222656, 'inference_time': 0}
2024-10-11 23:48:37,077 Pruning 640 in layer 10
2024-10-11 23:48:37,078 Gathering metrics
2024-10-11 23:49:13,917 {'acc1': 0.8409653465346535, 'acc5': 0.9665841584158416, 'loss': 65.92468791268766, 'macs': 15818553448, 'params': 81255784, 'model_size': 309.9662170410156, 'inference_time': 0}
2024-10-11 23:49:13,932 Pruning 768 in layer 10
2024-10-11 23:49:13,933 Gathering metrics
2024-10-11 23:49:50,879 {'acc1': 0.8378712871287128, 'acc5': 0.9665841584158416, 'loss': 66.20652379840612, 'macs': 15779796456, 'params': 81059048, 'model_size': 309.2157287597656, 'inference_time': 0}
2024-10-11 23:49:50,894 Pruning 896 in layer 10
2024-10-11 23:49:50,895 Gathering metrics
2024-10-11 23:50:27,495 {'acc1': 0.8375618811881188, 'acc5': 0.9668935643564357, 'loss': 66.258380709216, 'macs': 15741039464, 'params': 80862312, 'model_size': 308.4652404785156, 'inference_time': 0}
2024-10-11 23:50:27,510 Pruning 1024 in layer 10
2024-10-11 23:50:27,511 Gathering metrics
2024-10-11 23:51:04,153 {'acc1': 0.8338490099009901, 'acc5': 0.9659653465346535, 'loss': 66.92678873147815, 'macs': 15702282472, 'params': 80665576, 'model_size': 307.7147521972656, 'inference_time': 0}
2024-10-11 23:51:04,168 Pruning 128 in layer 9
2024-10-11 23:51:04,169 Gathering metrics
2024-10-11 23:51:40,916 {'acc1': 0.8363242574257426, 'acc5': 0.9668935643564357, 'loss': 66.06727030593902, 'macs': 15702282472, 'params': 80665576, 'model_size': 307.7147521972656, 'inference_time': 0}
2024-10-11 23:51:40,931 Pruning 256 in layer 9
2024-10-11 23:51:40,932 Gathering metrics
2024-10-11 23:52:17,189 {'acc1': 0.8360148514851485, 'acc5': 0.9668935643564357, 'loss': 66.38890882581472, 'macs': 15663525480, 'params': 80468840, 'model_size': 306.9642639160156, 'inference_time': 0}
2024-10-11 23:52:17,203 Pruning 384 in layer 9
2024-10-11 23:52:17,204 Gathering metrics
2024-10-11 23:52:53,818 {'acc1': 0.8338490099009901, 'acc5': 0.9653465346534653, 'loss': 66.60151779372245, 'macs': 15624768488, 'params': 80272104, 'model_size': 306.2137756347656, 'inference_time': 0}
2024-10-11 23:52:53,832 Pruning 512 in layer 9
2024-10-11 23:52:53,833 Gathering metrics
2024-10-11 23:53:30,403 {'acc1': 0.8288985148514851, 'acc5': 0.9659653465346535, 'loss': 67.44433665741235, 'macs': 15586011496, 'params': 80075368, 'model_size': 305.4632873535156, 'inference_time': 0}
2024-10-11 23:53:30,418 Pruning 128 in layer 8
2024-10-11 23:53:30,419 Gathering metrics
2024-10-11 23:54:07,007 {'acc1': 0.8344678217821783, 'acc5': 0.9668935643564357, 'loss': 66.36412763642147, 'macs': 15586011496, 'params': 80075368, 'model_size': 305.4632873535156, 'inference_time': 0}
2024-10-11 23:54:07,023 Pruning 256 in layer 8
2024-10-11 23:54:07,024 Gathering metrics
2024-10-11 23:54:43,606 {'acc1': 0.8338490099009901, 'acc5': 0.9662747524752475, 'loss': 66.55324493581429, 'macs': 15547254504, 'params': 79878632, 'model_size': 304.7127990722656, 'inference_time': 0}
2024-10-11 23:54:43,721 Pruning 384 in layer 8
2024-10-11 23:54:43,722 Gathering metrics
2024-10-11 23:55:20,307 {'acc1': 0.8341584158415841, 'acc5': 0.9662747524752475, 'loss': 66.80349097494036, 'macs': 15508497512, 'params': 79681896, 'model_size': 303.9623107910156, 'inference_time': 0}
2024-10-11 23:55:20,321 Pruning 512 in layer 8
2024-10-11 23:55:20,322 Gathering metrics
2024-10-11 23:55:56,888 {'acc1': 0.8344678217821783, 'acc5': 0.9650371287128713, 'loss': 67.42432839423418, 'macs': 15469740520, 'params': 79485160, 'model_size': 303.2118225097656, 'inference_time': 0}
2024-10-11 23:55:56,903 Pruning 640 in layer 8
2024-10-11 23:55:56,904 Gathering metrics
2024-10-11 23:56:33,341 {'acc1': 0.8329207920792079, 'acc5': 0.9653465346534653, 'loss': 67.77960542961955, 'macs': 15430983528, 'params': 79288424, 'model_size': 302.4613342285156, 'inference_time': 0}
2024-10-11 23:56:33,356 Pruning 768 in layer 8
2024-10-11 23:56:33,357 Gathering metrics
2024-10-11 23:57:09,635 {'acc1': 0.8335396039603961, 'acc5': 0.9650371287128713, 'loss': 68.2161731175147, 'macs': 15392226536, 'params': 79091688, 'model_size': 301.7108459472656, 'inference_time': 0}
2024-10-11 23:57:09,651 Pruning 896 in layer 8
2024-10-11 23:57:09,652 Gathering metrics
2024-10-11 23:57:46,138 {'acc1': 0.8313737623762376, 'acc5': 0.9650371287128713, 'loss': 68.3378373417072, 'macs': 15353469544, 'params': 78894952, 'model_size': 300.9603576660156, 'inference_time': 0}
2024-10-11 23:57:46,152 Pruning 1024 in layer 8
2024-10-11 23:57:46,153 Gathering metrics
2024-10-11 23:58:22,463 {'acc1': 0.8295173267326733, 'acc5': 0.9616336633663366, 'loss': 68.86877548042685, 'macs': 15314712552, 'params': 78698216, 'model_size': 300.2098693847656, 'inference_time': 0}
2024-10-11 23:58:22,478 Pruning 1152 in layer 8
2024-10-11 23:58:22,479 Gathering metrics
2024-10-11 23:58:58,707 {'acc1': 0.8273514851485149, 'acc5': 0.9610148514851485, 'loss': 69.33175913244486, 'macs': 15275955560, 'params': 78501480, 'model_size': 299.4593811035156, 'inference_time': 0}
2024-10-11 23:58:58,722 Pruning 1280 in layer 8
2024-10-11 23:58:58,723 Gathering metrics
2024-10-11 23:59:34,980 {'acc1': 0.8258044554455446, 'acc5': 0.9610148514851485, 'loss': 70.48135842941701, 'macs': 15237198568, 'params': 78304744, 'model_size': 298.7088928222656, 'inference_time': 0}
2024-10-11 23:59:34,995 Pruning 128 in layer 7
2024-10-11 23:59:34,996 Gathering metrics
2024-10-12 00:00:12,896 {'acc1': 0.8273514851485149, 'acc5': 0.963180693069307, 'loss': 69.22962375171483, 'macs': 15237198568, 'params': 78304744, 'model_size': 298.7088928222656, 'inference_time': 0}
2024-10-12 00:00:12,911 Pruning 256 in layer 7
2024-10-12 00:00:12,912 Gathering metrics
2024-10-12 00:00:51,243 {'acc1': 0.8270420792079208, 'acc5': 0.963180693069307, 'loss': 69.5742798964493, 'macs': 15198441576, 'params': 78108008, 'model_size': 297.9584045410156, 'inference_time': 0}
2024-10-12 00:00:51,256 Pruning 384 in layer 7
2024-10-12 00:00:51,257 Gathering metrics
2024-10-12 00:01:28,715 {'acc1': 0.8267326732673267, 'acc5': 0.963490099009901, 'loss': 69.7642899658531, 'macs': 15159684584, 'params': 77911272, 'model_size': 297.2079162597656, 'inference_time': 0}
2024-10-12 00:01:28,732 Pruning 512 in layer 7
2024-10-12 00:01:28,733 Gathering metrics
2024-10-12 00:02:07,137 {'acc1': 0.8211633663366337, 'acc5': 0.9625618811881188, 'loss': 70.37309064203873, 'macs': 15120927592, 'params': 77714536, 'model_size': 296.4574279785156, 'inference_time': 0}
2024-10-12 00:02:07,151 Pruning 640 in layer 7
2024-10-12 00:02:07,152 Gathering metrics
2024-10-12 00:02:47,222 {'acc1': 0.8227103960396039, 'acc5': 0.9616336633663366, 'loss': 70.55099069792777, 'macs': 15082170600, 'params': 77517800, 'model_size': 295.7069396972656, 'inference_time': 0}
2024-10-12 00:02:47,236 Pruning 768 in layer 7
2024-10-12 00:02:47,237 Gathering metrics
2024-10-12 00:03:25,897 {'acc1': 0.8193069306930693, 'acc5': 0.9622524752475248, 'loss': 71.23073140764609, 'macs': 15043413608, 'params': 77321064, 'model_size': 294.9564514160156, 'inference_time': 0}
2024-10-12 00:03:25,912 Pruning 128 in layer 6
2024-10-12 00:03:25,913 Gathering metrics
2024-10-12 00:04:05,655 {'acc1': 0.817759900990099, 'acc5': 0.9622524752475248, 'loss': 71.3590134466067, 'macs': 15043413608, 'params': 77321064, 'model_size': 294.9564514160156, 'inference_time': 0}
2024-10-12 00:04:05,669 Pruning 256 in layer 6
2024-10-12 00:04:05,670 Gathering metrics
2024-10-12 00:04:44,758 {'acc1': 0.818069306930693, 'acc5': 0.9625618811881188, 'loss': 71.673473700881, 'macs': 15004656616, 'params': 77124328, 'model_size': 294.2059631347656, 'inference_time': 0}
2024-10-12 00:04:44,773 Pruning 384 in layer 6
2024-10-12 00:04:44,774 Gathering metrics
2024-10-12 00:05:23,157 {'acc1': 0.8159034653465347, 'acc5': 0.9619430693069307, 'loss': 72.14739868696779, 'macs': 14965899624, 'params': 76927592, 'model_size': 293.4554748535156, 'inference_time': 0}
2024-10-12 00:05:23,172 Pruning 512 in layer 6
2024-10-12 00:05:23,173 Gathering metrics
2024-10-12 00:06:01,619 {'acc1': 0.8168316831683168, 'acc5': 0.9610148514851485, 'loss': 72.97134304512292, 'macs': 14927142632, 'params': 76730856, 'model_size': 292.7049865722656, 'inference_time': 0}
2024-10-12 00:06:01,634 Pruning 640 in layer 6
2024-10-12 00:06:01,635 Gathering metrics
2024-10-12 00:06:39,638 {'acc1': 0.818069306930693, 'acc5': 0.9603960396039604, 'loss': 73.20826542843133, 'macs': 14888385640, 'params': 76534120, 'model_size': 291.9544982910156, 'inference_time': 0}
2024-10-12 00:06:39,654 Pruning 768 in layer 6
2024-10-12 00:06:39,655 Gathering metrics
2024-10-12 00:07:18,427 {'acc1': 0.8149752475247525, 'acc5': 0.9619430693069307, 'loss': 73.04465538170189, 'macs': 14849628648, 'params': 76337384, 'model_size': 291.2040100097656, 'inference_time': 0}
2024-10-12 00:07:18,444 Pruning 128 in layer 5
2024-10-12 00:07:18,445 Gathering metrics
2024-10-12 00:07:57,070 {'acc1': 0.8137376237623762, 'acc5': 0.9607054455445545, 'loss': 73.89006521366537, 'macs': 14849628648, 'params': 76337384, 'model_size': 291.2040100097656, 'inference_time': 0}
2024-10-12 00:07:57,086 Pruning 256 in layer 5
2024-10-12 00:07:57,087 Gathering metrics
2024-10-12 00:08:35,178 {'acc1': 0.8112623762376238, 'acc5': 0.9588490099009901, 'loss': 74.81936821714044, 'macs': 14810871656, 'params': 76140648, 'model_size': 290.4535217285156, 'inference_time': 0}
2024-10-12 00:08:35,194 Pruning 384 in layer 5
2024-10-12 00:08:35,195 Gathering metrics
2024-10-12 00:09:13,217 {'acc1': 0.8094059405940595, 'acc5': 0.9579207920792079, 'loss': 75.8368671555072, 'macs': 14772114664, 'params': 75943912, 'model_size': 289.7030334472656, 'inference_time': 0}
2024-10-12 00:09:13,232 Pruning 128 in layer 4
2024-10-12 00:09:13,232 Gathering metrics
2024-10-12 00:09:49,683 {'acc1': 0.8084777227722773, 'acc5': 0.9573019801980198, 'loss': 76.02002289611846, 'macs': 14772114664, 'params': 75943912, 'model_size': 289.7030334472656, 'inference_time': 0}
2024-10-12 00:09:49,699 Pruning 256 in layer 4
2024-10-12 00:09:49,700 Gathering metrics
2024-10-12 00:10:25,588 {'acc1': 0.8097153465346535, 'acc5': 0.9566831683168316, 'loss': 76.63884545117617, 'macs': 14733357672, 'params': 75747176, 'model_size': 288.9525451660156, 'inference_time': 0}
2024-10-12 00:10:25,603 Pruning 384 in layer 4
2024-10-12 00:10:25,604 Gathering metrics
2024-10-12 00:11:01,481 {'acc1': 0.8081683168316832, 'acc5': 0.9557549504950495, 'loss': 76.96317983046174, 'macs': 14694600680, 'params': 75550440, 'model_size': 288.2020568847656, 'inference_time': 0}
2024-10-12 00:11:01,495 Pruning 512 in layer 4
2024-10-12 00:11:01,496 Gathering metrics
2024-10-12 00:11:37,475 {'acc1': 0.8044554455445545, 'acc5': 0.9554455445544554, 'loss': 77.51568988524377, 'macs': 14655843688, 'params': 75353704, 'model_size': 287.4515686035156, 'inference_time': 0}
2024-10-12 00:11:37,490 Pruning 640 in layer 4
2024-10-12 00:11:37,491 Gathering metrics
2024-10-12 00:12:13,431 {'acc1': 0.8032178217821783, 'acc5': 0.9532797029702971, 'loss': 79.07412493228912, 'macs': 14617086696, 'params': 75156968, 'model_size': 286.7010803222656, 'inference_time': 0}
2024-10-12 00:12:13,447 Pruning 128 in layer 3
2024-10-12 00:12:13,448 Gathering metrics
2024-10-12 00:12:49,386 {'acc1': 0.8035272277227723, 'acc5': 0.9535891089108911, 'loss': 79.65372647717595, 'macs': 14617086696, 'params': 75156968, 'model_size': 286.7010803222656, 'inference_time': 0}
2024-10-12 00:12:49,402 Pruning 256 in layer 3
2024-10-12 00:12:49,403 Gathering metrics
2024-10-12 00:13:25,196 {'acc1': 0.7991955445544554, 'acc5': 0.9517326732673267, 'loss': 81.63149164617062, 'macs': 14578329704, 'params': 74960232, 'model_size': 285.9505920410156, 'inference_time': 0}
2024-10-12 00:13:25,212 Pruning 384 in layer 3
2024-10-12 00:13:25,213 Gathering metrics
2024-10-12 00:14:01,144 {'acc1': 0.7942450495049505, 'acc5': 0.9517326732673267, 'loss': 83.9211799018085, 'macs': 14539572712, 'params': 74763496, 'model_size': 285.2001037597656, 'inference_time': 0}
2024-10-12 00:14:01,159 Pruning 128 in layer 2
2024-10-12 00:14:01,160 Gathering metrics
2024-10-12 00:14:36,662 {'acc1': 0.8022896039603961, 'acc5': 0.9526608910891089, 'loss': 81.91940181143582, 'macs': 14539572712, 'params': 74763496, 'model_size': 285.2001037597656, 'inference_time': 0}
2024-10-12 00:14:36,677 Pruning 256 in layer 2
2024-10-12 00:14:36,678 Gathering metrics
2024-10-12 00:15:12,393 {'acc1': 0.7982673267326733, 'acc5': 0.9511138613861386, 'loss': 82.55084685981274, 'macs': 14500815720, 'params': 74566760, 'model_size': 284.4496154785156, 'inference_time': 0}
2024-10-12 00:15:12,409 Pruning 384 in layer 2
2024-10-12 00:15:12,410 Gathering metrics
2024-10-12 00:15:49,121 {'acc1': 0.7945544554455446, 'acc5': 0.9492574257425742, 'loss': 83.81598041951656, 'macs': 14462058728, 'params': 74370024, 'model_size': 283.6991271972656, 'inference_time': 0}
2024-10-12 00:15:49,137 Pruning 512 in layer 2
2024-10-12 00:15:49,138 Gathering metrics
2024-10-12 00:16:27,197 {'acc1': 0.7911509900990099, 'acc5': 0.9498762376237624, 'loss': 85.18092480301857, 'macs': 14423301736, 'params': 74173288, 'model_size': 282.9486389160156, 'inference_time': 0}
2024-10-12 00:16:27,213 Pruning 128 in layer 1
2024-10-12 00:16:27,214 Gathering metrics
2024-10-12 00:17:05,117 {'acc1': 0.7880569306930693, 'acc5': 0.9483292079207921, 'loss': 85.76612689346075, 'macs': 14423301736, 'params': 74173288, 'model_size': 282.9486389160156, 'inference_time': 0}
2024-10-12 00:17:05,132 Pruning 256 in layer 1
2024-10-12 00:17:05,133 Gathering metrics
2024-10-12 00:17:41,321 {'acc1': 0.7852722772277227, 'acc5': 0.948019801980198, 'loss': 87.91973037272692, 'macs': 14384544744, 'params': 73976552, 'model_size': 282.1981506347656, 'inference_time': 0}
2024-10-12 00:17:41,434 Pruning 128 in layer 0
2024-10-12 00:17:41,435 Gathering metrics
2024-10-12 00:18:17,159 {'acc1': 0.7858910891089109, 'acc5': 0.9492574257425742, 'loss': 86.59919564798474, 'macs': 14384544744, 'params': 73976552, 'model_size': 282.1981506347656, 'inference_time': 0}
2024-10-12 00:18:17,175 Pruning 256 in layer 0
2024-10-12 00:18:17,176 Gathering metrics
2024-10-12 00:18:52,533 {'acc1': 0.786509900990099, 'acc5': 0.9489480198019802, 'loss': 86.69028295576572, 'macs': 14345787752, 'params': 73779816, 'model_size': 281.4476623535156, 'inference_time': 0}
2024-10-12 00:18:52,549 Pruning 384 in layer 0
2024-10-12 00:18:52,550 Gathering metrics
2024-10-12 00:19:28,116 {'acc1': 0.786509900990099, 'acc5': 0.9489480198019802, 'loss': 86.7071787044406, 'macs': 14307030760, 'params': 73583080, 'model_size': 280.6971740722656, 'inference_time': 0}
2024-10-12 00:19:28,131 Pruning 512 in layer 0
2024-10-12 00:19:28,132 Gathering metrics
2024-10-12 00:20:03,432 {'acc1': 0.786819306930693, 'acc5': 0.9489480198019802, 'loss': 86.71868628636003, 'macs': 14268273768, 'params': 73386344, 'model_size': 279.9466857910156, 'inference_time': 0}
2024-10-12 00:20:03,447 Pruning 640 in layer 0
2024-10-12 00:20:03,448 Gathering metrics
2024-10-12 00:20:38,691 {'acc1': 0.7874381188118812, 'acc5': 0.9489480198019802, 'loss': 86.72450393810868, 'macs': 14229516776, 'params': 73189608, 'model_size': 279.1961975097656, 'inference_time': 0}
2024-10-12 00:20:38,705 Pruning 768 in layer 0
2024-10-12 00:20:38,706 Gathering metrics
2024-10-12 00:21:13,967 {'acc1': 0.7886757425742574, 'acc5': 0.9492574257425742, 'loss': 87.00020799413323, 'macs': 14190759784, 'params': 72992872, 'model_size': 278.4457092285156, 'inference_time': 0}
2024-10-12 00:21:13,982 Pruning 896 in layer 0
2024-10-12 00:21:13,983 Gathering metrics
2024-10-12 00:21:50,587 {'acc1': 0.7892945544554455, 'acc5': 0.9483292079207921, 'loss': 87.05434646829963, 'macs': 14152002792, 'params': 72796136, 'model_size': 277.6952209472656, 'inference_time': 0}
2024-10-12 00:21:50,603 Pruning 1024 in layer 0
2024-10-12 00:21:50,604 Gathering metrics
2024-10-12 00:22:26,385 {'acc1': 0.7889851485148515, 'acc5': 0.948019801980198, 'loss': 87.07582740113139, 'macs': 14113245800, 'params': 72599400, 'model_size': 276.9447326660156, 'inference_time': 0}
2024-10-12 00:22:26,401 Pruning 1152 in layer 0
2024-10-12 00:22:26,402 Gathering metrics
2024-10-12 00:23:03,265 {'acc1': 0.7889851485148515, 'acc5': 0.9483292079207921, 'loss': 87.09020292758942, 'macs': 14074488808, 'params': 72402664, 'model_size': 276.1942443847656, 'inference_time': 0}
2024-10-12 00:23:03,281 Pruning 1280 in layer 0
2024-10-12 00:23:03,282 Gathering metrics
2024-10-12 00:23:38,840 {'acc1': 0.7682549504950495, 'acc5': 0.9362623762376238, 'loss': 98.68374199420214, 'macs': 14035731816, 'params': 72205928, 'model_size': 275.4437561035156, 'inference_time': 0}
2024-10-12 00:23:38,856 Experiment finished
