2024-10-11 02:41:46,200 Starting experiment outputs/uniform/vit_h_14/l2
2024-10-11 02:41:46,200 Pruning 0...
2024-10-11 02:41:53,151 Gathering metrics...
2024-10-11 02:56:29,444 {'acc1': 0.9085820895522388, 'acc5': 0.9909825870646766, 'loss': 67.59540007729083, 'macs': 863467906280, 'params': 633470440, 'model_size': 2416.4979553222656, 'inference_time': 0}
2024-10-11 02:56:29,444 Pruning 50...
2024-10-11 02:56:31,315 Gathering metrics...
2024-10-11 03:11:06,716 {'acc1': 0.9067164179104478, 'acc5': 0.9905161691542289, 'loss': 68.00846197688952, 'macs': 857854194280, 'params': 629372840, 'model_size': 2400.8668518066406, 'inference_time': 0}
2024-10-11 03:11:06,716 Pruning 107...
2024-10-11 03:11:08,578 Gathering metrics...
2024-10-11 03:25:42,451 {'acc1': 0.904228855721393, 'acc5': 0.9898942786069652, 'loss': 68.45553243532777, 'macs': 851454562600, 'params': 624701576, 'model_size': 2383.047393798828, 'inference_time': 0}
2024-10-11 03:25:42,451 Pruning 167...
2024-10-11 03:25:44,232 Gathering metrics...
2024-10-11 03:40:11,640 {'acc1': 0.900497512437811, 'acc5': 0.9891169154228856, 'loss': 69.7529060752131, 'macs': 844718108200, 'params': 619784456, 'model_size': 2364.290069580078, 'inference_time': 0}
2024-10-11 03:40:11,641 Pruning 230...
2024-10-11 03:40:13,429 Gathering metrics...
2024-10-11 03:54:35,153 {'acc1': 0.8958333333333334, 'acc5': 0.9891169154228856, 'loss': 73.50654753204435, 'macs': 837644831080, 'params': 614621480, 'model_size': 2344.5948791503906, 'inference_time': 0}
2024-10-11 03:54:35,153 Pruning 294...
2024-10-11 03:54:36,900 Gathering metrics...
2024-10-11 04:08:51,628 {'acc1': 0.8905472636815921, 'acc5': 0.9881840796019901, 'loss': 77.30351107334718, 'macs': 830459279720, 'params': 609376552, 'model_size': 2324.5870666503906, 'inference_time': 0}
2024-10-11 04:08:51,628 Pruning 359...
2024-10-11 04:08:53,378 Gathering metrics...
2024-10-11 04:23:05,184 {'acc1': 0.8835509950248757, 'acc5': 0.986318407960199, 'loss': 82.64780348911881, 'macs': 823161454120, 'params': 604049672, 'model_size': 2304.266632080078, 'inference_time': 0}
2024-10-11 04:23:05,184 Pruning 425...
2024-10-11 04:23:06,893 Gathering metrics...
2024-10-11 04:37:00,635 {'acc1': 0.877021144278607, 'acc5': 0.9846082089552238, 'loss': 87.70937097538263, 'macs': 815751354280, 'params': 598640840, 'model_size': 2283.633575439453, 'inference_time': 0}
2024-10-11 04:37:00,635 Pruning 492...
2024-10-11 04:37:02,363 Gathering metrics...
2024-10-11 04:50:52,860 {'acc1': 0.8638059701492538, 'acc5': 0.9800995024875622, 'loss': 97.4896688517183, 'macs': 808228980200, 'params': 593150056, 'model_size': 2262.6878967285156, 'inference_time': 0}
2024-10-11 04:50:52,861 Pruning 561...
2024-10-11 04:50:54,587 Gathering metrics...
2024-10-11 05:04:47,007 {'acc1': 0.8418843283582089, 'acc5': 0.9696828358208955, 'loss': 119.62025912292302, 'macs': 800482057640, 'params': 587495368, 'model_size': 2241.116973876953, 'inference_time': 0}
2024-10-11 05:04:47,007 Pruning 629...
2024-10-11 05:04:48,845 Gathering metrics...
2024-10-11 05:18:40,223 {'acc1': 0.7821828358208955, 'acc5': 0.9311256218905473, 'loss': 195.35922633484006, 'macs': 792847409320, 'params': 581922632, 'model_size': 2219.858673095703, 'inference_time': 0}
2024-10-11 05:18:40,223 Pruning 699...
2024-10-11 05:18:41,991 Gathering metrics...
2024-10-11 05:32:23,609 {'acc1': 0.6691542288557214, 'acc5': 0.8563432835820896, 'loss': 364.35515609383583, 'macs': 784988212520, 'params': 576185992, 'model_size': 2197.975128173828, 'inference_time': 0}
2024-10-11 05:32:23,609 Pruning 769...
2024-10-11 05:32:25,359 Gathering metrics...
2024-10-11 05:45:59,171 {'acc1': 0.4479166666666667, 'acc5': 0.6671330845771144, 'loss': 705.8808497786522, 'macs': 777129015720, 'params': 570449352, 'model_size': 2176.091583251953, 'inference_time': 0}
2024-10-11 05:45:59,171 Pruning 840...
2024-10-11 05:46:00,913 Gathering metrics...
2024-10-11 05:59:31,850 {'acc1': 0.29524253731343286, 'acc5': 0.5180348258706468, 'loss': 980.0812183618546, 'macs': 769157544680, 'params': 564630760, 'model_size': 2153.8954162597656, 'inference_time': 0}
2024-10-11 05:59:31,850 Pruning 911...
2024-10-11 05:59:33,564 Gathering metrics...
2024-10-11 06:12:45,610 {'acc1': 0.14894278606965175, 'acc5': 0.3179415422885572, 'loss': 1180.4283246994019, 'macs': 761186073640, 'params': 558812168, 'model_size': 2131.699249267578, 'inference_time': 0}
2024-10-11 06:12:45,611 Pruning 983...
2024-10-11 06:12:47,063 Gathering metrics...
2024-10-11 06:25:55,468 {'acc1': 0.052394278606965175, 'acc5': 0.11986940298507463, 'loss': 1299.5003108978271, 'macs': 753102328360, 'params': 552911624, 'model_size': 2109.190460205078, 'inference_time': 0}
2024-10-11 06:25:55,468 Pruning 1056...
2024-10-11 06:25:56,910 Gathering metrics...
2024-10-11 06:38:54,887 {'acc1': 0.022077114427860697, 'acc5': 0.060167910447761194, 'loss': 1331.2700357437134, 'macs': 744906308840, 'params': 546929128, 'model_size': 2086.3690490722656, 'inference_time': 0}
2024-10-11 06:38:54,887 Pruning 1128...
2024-10-11 06:38:56,326 Gathering metrics...
2024-10-11 06:51:50,527 {'acc1': 0.014303482587064677, 'acc5': 0.04337686567164179, 'loss': 1324.5994391441345, 'macs': 736822563560, 'params': 541028584, 'model_size': 2063.8602600097656, 'inference_time': 0}
2024-10-11 06:51:50,527 Pruning 1202...
2024-10-11 06:51:51,951 Gathering metrics...
2024-10-11 07:04:39,781 {'acc1': 0.00792910447761194, 'acc5': 0.024098258706467663, 'loss': 1336.5109305381775, 'macs': 728514269800, 'params': 534964136, 'model_size': 2040.7262268066406, 'inference_time': 0}
2024-10-11 07:04:39,782 Pruning 1275...
2024-10-11 07:04:41,202 Gathering metrics...
2024-10-11 07:17:25,484 {'acc1': 0.004819651741293532, 'acc5': 0.015236318407960199, 'loss': 1344.5739455223083, 'macs': 720318250280, 'params': 528981640, 'model_size': 2017.9048156738281, 'inference_time': 0}
2024-10-11 07:17:25,484 Pruning 1349...
2024-10-11 07:17:26,937 Gathering metrics...
2024-10-11 07:30:02,781 {'acc1': 0.0003109452736318408, 'acc5': 0.005441542288557214, 'loss': 1359.0281109809875, 'macs': 712009956520, 'params': 522917192, 'model_size': 1994.7707824707031, 'inference_time': 0}
2024-10-11 07:30:02,781 Pruning 1424...
2024-10-11 07:30:04,213 Gathering metrics...
2024-10-11 07:42:30,702 {'acc1': 0.0, 'acc5': 0.0012437810945273632, 'loss': 1368.9629182815552, 'macs': 703589388520, 'params': 516770792, 'model_size': 1971.3241271972656, 'inference_time': 0}
2024-10-11 07:42:30,702 Pruning 1498...
2024-10-11 07:42:32,110 Gathering metrics...
2024-10-11 07:54:58,627 {'acc1': 0.0, 'acc5': 0.000777363184079602, 'loss': 1379.5413670539856, 'macs': 695281094760, 'params': 510706344, 'model_size': 1948.1900939941406, 'inference_time': 0}
2024-10-11 07:54:58,627 Pruning 1574...
2024-10-11 07:55:00,056 Gathering metrics...
2024-10-11 08:07:16,071 {'acc1': 0.0004664179104477612, 'acc5': 0.0013992537313432835, 'loss': 1390.3313727378845, 'macs': 686748252520, 'params': 504477992, 'model_size': 1924.4308166503906, 'inference_time': 0}
2024-10-11 08:07:16,084 Experiment finished
