2024-10-13 12:14:50,834 Starting experiment outputs/adaptive/vit_b_16/proj5n50
2024-10-13 12:14:50,834 Loading the original model
2024-10-13 12:14:51,268 Gathering metrics of the original model
2024-10-13 12:15:29,409 {'acc1': 0.8415841584158416, 'acc5': 0.968440594059406, 'loss': 71.7905719652772, 'macs': 16864992232, 'params': 86567656, 'model_size': 330.2294006347656, 'inference_time': 0}
2024-10-13 12:15:29,423 Pruning 256 in layer 0
2024-10-13 12:15:35,972 Gathering metrics
2024-10-13 12:16:13,425 {'acc1': 0.838180693069307, 'acc5': 0.969059405940594, 'loss': 72.75224447250366, 'macs': 16787478248, 'params': 86174184, 'model_size': 328.7284240722656, 'inference_time': 0}
2024-10-13 12:16:13,535 Pruning 512 in layer 0
2024-10-13 12:16:19,036 Gathering metrics
2024-10-13 12:16:56,286 {'acc1': 0.8313737623762376, 'acc5': 0.9600866336633663, 'loss': 78.79677055776119, 'macs': 16709964264, 'params': 85780712, 'model_size': 327.2274475097656, 'inference_time': 0}
2024-10-13 12:16:56,301 Pruning 256 in layer 1
2024-10-13 12:17:02,863 Gathering metrics
2024-10-13 12:17:40,123 {'acc1': 0.8329207920792079, 'acc5': 0.9650371287128713, 'loss': 74.7434545531869, 'macs': 16709964264, 'params': 85780712, 'model_size': 327.2274475097656, 'inference_time': 0}
2024-10-13 12:17:40,137 Pruning 512 in layer 1
2024-10-13 12:17:45,645 Gathering metrics
2024-10-13 12:18:22,585 {'acc1': 0.8149752475247525, 'acc5': 0.9557549504950495, 'loss': 81.39796986430883, 'macs': 16632450280, 'params': 85387240, 'model_size': 325.7264709472656, 'inference_time': 0}
2024-10-13 12:18:22,599 Pruning 256 in layer 2
2024-10-13 12:18:29,075 Gathering metrics
2024-10-13 12:19:06,044 {'acc1': 0.8323019801980198, 'acc5': 0.9600866336633663, 'loss': 75.34640273451805, 'macs': 16632450280, 'params': 85387240, 'model_size': 325.7264709472656, 'inference_time': 0}
2024-10-13 12:19:06,059 Pruning 512 in layer 2
2024-10-13 12:19:11,553 Gathering metrics
2024-10-13 12:19:48,575 {'acc1': 0.03712871287128713, 'acc5': 0.08972772277227722, 'loss': 655.4368529319763, 'macs': 16554936296, 'params': 84993768, 'model_size': 324.2254943847656, 'inference_time': 0}
2024-10-13 12:19:48,590 Pruning 256 in layer 3
2024-10-13 12:19:55,057 Gathering metrics
2024-10-13 12:20:32,053 {'acc1': 0.8258044554455446, 'acc5': 0.9585396039603961, 'loss': 76.89781943708658, 'macs': 16554936296, 'params': 84993768, 'model_size': 324.2254943847656, 'inference_time': 0}
2024-10-13 12:20:32,068 Pruning 512 in layer 3
2024-10-13 12:20:37,540 Gathering metrics
2024-10-13 12:21:14,278 {'acc1': 0.8066212871287128, 'acc5': 0.9532797029702971, 'loss': 83.48246377706528, 'macs': 16477422312, 'params': 84600296, 'model_size': 322.7245178222656, 'inference_time': 0}
2024-10-13 12:21:14,292 Pruning 256 in layer 4
2024-10-13 12:21:20,770 Gathering metrics
2024-10-13 12:21:57,918 {'acc1': 0.8196163366336634, 'acc5': 0.9569925742574258, 'loss': 78.77017311006784, 'macs': 16477422312, 'params': 84600296, 'model_size': 322.7245178222656, 'inference_time': 0}
2024-10-13 12:21:57,932 Pruning 512 in layer 4
2024-10-13 12:22:03,439 Gathering metrics
2024-10-13 12:22:40,218 {'acc1': 0.8168316831683168, 'acc5': 0.9557549504950495, 'loss': 80.95233385264874, 'macs': 16399908328, 'params': 84206824, 'model_size': 321.2235412597656, 'inference_time': 0}
2024-10-13 12:22:40,232 Pruning 256 in layer 5
2024-10-13 12:22:46,735 Gathering metrics
2024-10-13 12:23:23,867 {'acc1': 0.8146658415841584, 'acc5': 0.9566831683168316, 'loss': 80.08532953262329, 'macs': 16399908328, 'params': 84206824, 'model_size': 321.2235412597656, 'inference_time': 0}
2024-10-13 12:23:23,881 Pruning 512 in layer 5
2024-10-13 12:23:29,375 Gathering metrics
2024-10-13 12:24:05,981 {'acc1': 0.8137376237623762, 'acc5': 0.9554455445544554, 'loss': 81.18091364949942, 'macs': 16322394344, 'params': 83813352, 'model_size': 319.7225646972656, 'inference_time': 0}
2024-10-13 12:24:05,996 Pruning 768 in layer 5
2024-10-13 12:24:10,517 Gathering metrics
2024-10-13 12:24:47,423 {'acc1': 0.8143564356435643, 'acc5': 0.9548267326732673, 'loss': 81.96879299730062, 'macs': 16244880360, 'params': 83419880, 'model_size': 318.2215881347656, 'inference_time': 0}
2024-10-13 12:24:47,437 Pruning 1024 in layer 5
2024-10-13 12:24:50,814 Gathering metrics
2024-10-13 12:25:27,403 {'acc1': 0.8140470297029703, 'acc5': 0.9554455445544554, 'loss': 82.03288022428751, 'macs': 16167366376, 'params': 83026408, 'model_size': 316.7206115722656, 'inference_time': 0}
2024-10-13 12:25:27,417 Pruning 1280 in layer 5
2024-10-13 12:25:30,113 Gathering metrics
2024-10-13 12:26:06,562 {'acc1': 0.8097153465346535, 'acc5': 0.9508044554455446, 'loss': 84.206622838974, 'macs': 16089852392, 'params': 82632936, 'model_size': 315.2196350097656, 'inference_time': 0}
2024-10-13 12:26:06,577 Pruning 256 in layer 6
2024-10-13 12:26:13,074 Gathering metrics
2024-10-13 12:26:49,872 {'acc1': 0.8125, 'acc5': 0.9520420792079208, 'loss': 83.76179559528828, 'macs': 16089852392, 'params': 82632936, 'model_size': 315.2196350097656, 'inference_time': 0}
2024-10-13 12:26:49,886 Pruning 512 in layer 6
2024-10-13 12:26:55,387 Gathering metrics
2024-10-13 12:27:31,644 {'acc1': 0.8109529702970297, 'acc5': 0.9508044554455446, 'loss': 85.45429074019194, 'macs': 16012338408, 'params': 82239464, 'model_size': 313.7186584472656, 'inference_time': 0}
2024-10-13 12:27:31,658 Pruning 768 in layer 6
2024-10-13 12:27:36,166 Gathering metrics
2024-10-13 12:28:12,504 {'acc1': 0.8063118811881188, 'acc5': 0.9492574257425742, 'loss': 86.22286309301853, 'macs': 15934824424, 'params': 81845992, 'model_size': 312.2176818847656, 'inference_time': 0}
2024-10-13 12:28:12,518 Pruning 256 in layer 7
2024-10-13 12:28:18,991 Gathering metrics
2024-10-13 12:28:55,399 {'acc1': 0.8063118811881188, 'acc5': 0.9483292079207921, 'loss': 86.8183832988143, 'macs': 15934824424, 'params': 81845992, 'model_size': 312.2176818847656, 'inference_time': 0}
2024-10-13 12:28:55,413 Pruning 512 in layer 7
2024-10-13 12:29:00,879 Gathering metrics
2024-10-13 12:29:36,946 {'acc1': 0.7970297029702971, 'acc5': 0.9452351485148515, 'loss': 89.90743762999773, 'macs': 15857310440, 'params': 81452520, 'model_size': 310.7167053222656, 'inference_time': 0}
2024-10-13 12:29:36,960 Pruning 256 in layer 8
2024-10-13 12:29:43,401 Gathering metrics
2024-10-13 12:30:19,870 {'acc1': 0.8004331683168316, 'acc5': 0.9464727722772277, 'loss': 89.28717591613531, 'macs': 15857310440, 'params': 81452520, 'model_size': 310.7167053222656, 'inference_time': 0}
2024-10-13 12:30:19,884 Pruning 512 in layer 8
2024-10-13 12:30:25,389 Gathering metrics
2024-10-13 12:31:01,768 {'acc1': 0.7979579207920792, 'acc5': 0.9433787128712872, 'loss': 91.4652561917901, 'macs': 15779796456, 'params': 81059048, 'model_size': 309.2157287597656, 'inference_time': 0}
2024-10-13 12:31:01,783 Pruning 256 in layer 9
2024-10-13 12:31:08,299 Gathering metrics
2024-10-13 12:31:44,632 {'acc1': 0.8010519801980198, 'acc5': 0.9452351485148515, 'loss': 90.79295413196087, 'macs': 15779796456, 'params': 81059048, 'model_size': 309.2157287597656, 'inference_time': 0}
2024-10-13 12:31:44,647 Pruning 512 in layer 9
2024-10-13 12:31:50,210 Gathering metrics
2024-10-13 12:32:26,413 {'acc1': 0.7967202970297029, 'acc5': 0.9393564356435643, 'loss': 93.3664890229702, 'macs': 15702282472, 'params': 80665576, 'model_size': 307.7147521972656, 'inference_time': 0}
2024-10-13 12:32:26,427 Pruning 768 in layer 9
2024-10-13 12:32:30,916 Gathering metrics
2024-10-13 12:33:07,072 {'acc1': 0.7896039603960396, 'acc5': 0.9375, 'loss': 96.50781881809235, 'macs': 15624768488, 'params': 80272104, 'model_size': 306.2137756347656, 'inference_time': 0}
2024-10-13 12:33:07,085 Pruning 256 in layer 10
2024-10-13 12:33:13,515 Gathering metrics
2024-10-13 12:33:49,583 {'acc1': 0.7889851485148515, 'acc5': 0.9384282178217822, 'loss': 96.55716349184513, 'macs': 15624768488, 'params': 80272104, 'model_size': 306.2137756347656, 'inference_time': 0}
2024-10-13 12:33:49,598 Pruning 256 in layer 11
2024-10-13 12:33:56,070 Gathering metrics
2024-10-13 12:34:32,302 {'acc1': 0.7970297029702971, 'acc5': 0.9409034653465347, 'loss': 89.96006192266941, 'macs': 15624768488, 'params': 80272104, 'model_size': 306.2137756347656, 'inference_time': 0}
2024-10-13 12:34:32,317 Pruning 512 in layer 11
2024-10-13 12:34:37,805 Gathering metrics
2024-10-13 12:35:13,901 {'acc1': 0.7979579207920792, 'acc5': 0.9412128712871287, 'loss': 87.98442471958697, 'macs': 15547254504, 'params': 79878632, 'model_size': 304.7127990722656, 'inference_time': 0}
2024-10-13 12:35:13,918 Pruning 768 in layer 11
2024-10-13 12:35:18,415 Gathering metrics
2024-10-13 12:35:54,626 {'acc1': 0.7998143564356436, 'acc5': 0.9433787128712872, 'loss': 87.15170794539154, 'macs': 15469740520, 'params': 79485160, 'model_size': 303.2118225097656, 'inference_time': 0}
2024-10-13 12:35:54,641 Pruning 1024 in layer 11
2024-10-13 12:35:58,029 Gathering metrics
2024-10-13 12:36:34,093 {'acc1': 0.7979579207920792, 'acc5': 0.943069306930693, 'loss': 86.75392538681626, 'macs': 15392226536, 'params': 79091688, 'model_size': 301.7108459472656, 'inference_time': 0}
2024-10-13 12:36:34,109 Pruning 1280 in layer 11
2024-10-13 12:36:36,817 Gathering metrics
2024-10-13 12:37:12,707 {'acc1': 0.7995049504950495, 'acc5': 0.9443069306930693, 'loss': 86.55504485219717, 'macs': 15314712552, 'params': 78698216, 'model_size': 300.2098693847656, 'inference_time': 0}
2024-10-13 12:37:12,721 Pruning 1536 in layer 11
2024-10-13 12:37:14,815 Gathering metrics
2024-10-13 12:37:50,282 {'acc1': 0.8001237623762376, 'acc5': 0.9449257425742574, 'loss': 86.03460044972599, 'macs': 15237198568, 'params': 78304744, 'model_size': 298.7088928222656, 'inference_time': 0}
2024-10-13 12:37:50,394 Pruning 1792 in layer 11
2024-10-13 12:37:51,998 Gathering metrics
2024-10-13 12:38:27,764 {'acc1': 0.8004331683168316, 'acc5': 0.9443069306930693, 'loss': 85.82638353668153, 'macs': 15159684584, 'params': 77911272, 'model_size': 297.2079162597656, 'inference_time': 0}
2024-10-13 12:38:27,778 Pruning 2048 in layer 11
2024-10-13 12:38:29,022 Gathering metrics
2024-10-13 12:39:04,346 {'acc1': 0.7998143564356436, 'acc5': 0.9446163366336634, 'loss': 85.38949741609395, 'macs': 15082170600, 'params': 77517800, 'model_size': 295.7069396972656, 'inference_time': 0}
2024-10-13 12:39:04,360 Pruning 2304 in layer 11
2024-10-13 12:39:05,296 Gathering metrics
2024-10-13 12:39:40,816 {'acc1': 0.8007425742574258, 'acc5': 0.9439975247524752, 'loss': 85.4266380444169, 'macs': 15004656616, 'params': 77124328, 'model_size': 294.2059631347656, 'inference_time': 0}
2024-10-13 12:39:40,830 Pruning 2560 in layer 11
2024-10-13 12:39:41,532 Gathering metrics
2024-10-13 12:40:16,766 {'acc1': 0.557549504950495, 'acc5': 0.8189975247524752, 'loss': 407.8487436771393, 'macs': 14927142632, 'params': 76730856, 'model_size': 292.7049865722656, 'inference_time': 0}
2024-10-13 12:40:16,780 Experiment finished
