2024-10-12 11:32:03,696 Starting experiment outputs/adaptive/vit_l_16/proj500
2024-10-12 11:32:03,696 Loading the original model
2024-10-12 11:32:04,910 Gathering metrics of the original model
2024-10-12 11:32:49,867 {'acc1': 0.8428217821782178, 'acc5': 0.968440594059406, 'loss': 72.06224512308836, 'macs': 59690947560, 'params': 304326632, 'model_size': 1160.9139709472656, 'inference_time': 0}
2024-10-12 11:32:49,892 Pruning 256 in layer 23
2024-10-12 11:32:55,394 Gathering metrics
2024-10-12 11:33:37,989 {'acc1': 0.8428217821782178, 'acc5': 0.968440594059406, 'loss': 72.06224509328604, 'macs': 59587612392, 'params': 303802088, 'model_size': 1158.9129943847656, 'inference_time': 0}
2024-10-12 11:33:38,018 Pruning 512 in layer 23
2024-10-12 11:33:42,754 Gathering metrics
2024-10-12 11:34:25,596 {'acc1': 0.8428217821782178, 'acc5': 0.968440594059406, 'loss': 72.06224507838488, 'macs': 59484277224, 'params': 303277544, 'model_size': 1156.9120178222656, 'inference_time': 0}
2024-10-12 11:34:25,621 Pruning 768 in layer 23
2024-10-12 11:34:29,766 Gathering metrics
2024-10-12 11:35:12,175 {'acc1': 0.8428217821782178, 'acc5': 0.968440594059406, 'loss': 72.06224512308836, 'macs': 59380942056, 'params': 302753000, 'model_size': 1154.9110412597656, 'inference_time': 0}
2024-10-12 11:35:12,200 Pruning 1024 in layer 23
2024-10-12 11:35:15,829 Gathering metrics
2024-10-12 11:35:58,283 {'acc1': 0.8428217821782178, 'acc5': 0.968440594059406, 'loss': 72.06224509328604, 'macs': 59277606888, 'params': 302228456, 'model_size': 1152.9100646972656, 'inference_time': 0}
2024-10-12 11:35:58,308 Pruning 1280 in layer 23
2024-10-12 11:36:01,436 Gathering metrics
2024-10-12 11:36:43,570 {'acc1': 0.8428217821782178, 'acc5': 0.968440594059406, 'loss': 72.06224507838488, 'macs': 59174271720, 'params': 301703912, 'model_size': 1150.9090881347656, 'inference_time': 0}
2024-10-12 11:36:43,595 Pruning 1536 in layer 23
2024-10-12 11:36:46,323 Gathering metrics
2024-10-12 11:37:28,296 {'acc1': 0.8428217821782178, 'acc5': 0.968440594059406, 'loss': 72.06224538385868, 'macs': 59070936552, 'params': 301179368, 'model_size': 1148.9081115722656, 'inference_time': 0}
2024-10-12 11:37:28,322 Pruning 1792 in layer 23
2024-10-12 11:37:30,655 Gathering metrics
2024-10-12 11:38:12,788 {'acc1': 0.8428217821782178, 'acc5': 0.968440594059406, 'loss': 72.06224505603313, 'macs': 58967601384, 'params': 300654824, 'model_size': 1146.9071350097656, 'inference_time': 0}
2024-10-12 11:38:12,814 Pruning 2048 in layer 23
2024-10-12 11:38:14,787 Gathering metrics
2024-10-12 11:38:56,842 {'acc1': 0.8428217821782178, 'acc5': 0.968440594059406, 'loss': 72.06224473565817, 'macs': 58864266216, 'params': 300130280, 'model_size': 1144.9061584472656, 'inference_time': 0}
2024-10-12 11:38:56,867 Pruning 2304 in layer 23
2024-10-12 11:38:58,570 Gathering metrics
2024-10-12 11:39:40,563 {'acc1': 0.8428217821782178, 'acc5': 0.968440594059406, 'loss': 72.06224475055933, 'macs': 58760931048, 'params': 299605736, 'model_size': 1142.9051818847656, 'inference_time': 0}
2024-10-12 11:39:40,589 Pruning 2560 in layer 23
2024-10-12 11:39:42,018 Gathering metrics
2024-10-12 11:40:23,978 {'acc1': 0.8428217821782178, 'acc5': 0.968440594059406, 'loss': 72.06224427372217, 'macs': 58657595880, 'params': 299081192, 'model_size': 1140.9042053222656, 'inference_time': 0}
2024-10-12 11:40:24,004 Pruning 2816 in layer 23
2024-10-12 11:40:25,223 Gathering metrics
2024-10-12 11:41:07,340 {'acc1': 0.8428217821782178, 'acc5': 0.968440594059406, 'loss': 72.06224409490824, 'macs': 58554260712, 'params': 298556648, 'model_size': 1138.9032287597656, 'inference_time': 0}
2024-10-12 11:41:07,366 Pruning 3072 in layer 23
2024-10-12 11:41:08,396 Gathering metrics
2024-10-12 11:41:50,296 {'acc1': 0.8428217821782178, 'acc5': 0.968440594059406, 'loss': 72.06224320828915, 'macs': 58450925544, 'params': 298032104, 'model_size': 1136.9022521972656, 'inference_time': 0}
2024-10-12 11:41:50,320 Pruning 3328 in layer 23
2024-10-12 11:41:51,187 Gathering metrics
2024-10-12 11:42:33,248 {'acc1': 0.8428217821782178, 'acc5': 0.968440594059406, 'loss': 72.06224314123392, 'macs': 58347590376, 'params': 297507560, 'model_size': 1134.9012756347656, 'inference_time': 0}
2024-10-12 11:42:33,357 Pruning 3584 in layer 23
2024-10-12 11:42:34,077 Gathering metrics
2024-10-12 11:43:15,876 {'acc1': 0.8428217821782178, 'acc5': 0.968440594059406, 'loss': 72.06224256753922, 'macs': 58244255208, 'params': 296983016, 'model_size': 1132.9002990722656, 'inference_time': 0}
2024-10-12 11:43:15,901 Pruning 3840 in layer 23
2024-10-12 11:43:16,498 Gathering metrics
2024-10-12 11:43:58,400 {'acc1': 0.8428217821782178, 'acc5': 0.968440594059406, 'loss': 72.06224204599857, 'macs': 58140920040, 'params': 296458472, 'model_size': 1130.8993225097656, 'inference_time': 0}
2024-10-12 11:43:58,425 Pruning 256 in layer 22
2024-10-12 11:44:03,919 Gathering metrics
2024-10-12 11:44:46,018 {'acc1': 0.8428217821782178, 'acc5': 0.968440594059406, 'loss': 72.06222833693027, 'macs': 58140920040, 'params': 296458472, 'model_size': 1130.8993225097656, 'inference_time': 0}
2024-10-12 11:44:46,043 Pruning 512 in layer 22
2024-10-12 11:44:50,803 Gathering metrics
2024-10-12 11:45:32,668 {'acc1': 0.8428217821782178, 'acc5': 0.968440594059406, 'loss': 72.06211391091347, 'macs': 58037584872, 'params': 295933928, 'model_size': 1128.8983459472656, 'inference_time': 0}
2024-10-12 11:45:32,694 Pruning 768 in layer 22
2024-10-12 11:45:36,820 Gathering metrics
2024-10-12 11:46:18,314 {'acc1': 0.8428217821782178, 'acc5': 0.968440594059406, 'loss': 72.06187583506107, 'macs': 57934249704, 'params': 295409384, 'model_size': 1126.8973693847656, 'inference_time': 0}
2024-10-12 11:46:18,339 Pruning 1024 in layer 22
2024-10-12 11:46:21,944 Gathering metrics
2024-10-12 11:47:03,835 {'acc1': 0.8428217821782178, 'acc5': 0.968440594059406, 'loss': 72.06145330518484, 'macs': 57830914536, 'params': 294884840, 'model_size': 1124.8963928222656, 'inference_time': 0}
2024-10-12 11:47:03,861 Pruning 1280 in layer 22
2024-10-12 11:47:07,002 Gathering metrics
2024-10-12 11:47:48,949 {'acc1': 0.8428217821782178, 'acc5': 0.968440594059406, 'loss': 72.06092420965433, 'macs': 57727579368, 'params': 294360296, 'model_size': 1122.8954162597656, 'inference_time': 0}
2024-10-12 11:47:48,975 Pruning 1536 in layer 22
2024-10-12 11:47:51,722 Gathering metrics
2024-10-12 11:48:33,616 {'acc1': 0.8428217821782178, 'acc5': 0.968440594059406, 'loss': 72.06026318669319, 'macs': 57624244200, 'params': 293835752, 'model_size': 1120.8944396972656, 'inference_time': 0}
2024-10-12 11:48:33,642 Pruning 1792 in layer 22
2024-10-12 11:48:35,975 Gathering metrics
2024-10-12 11:49:17,439 {'acc1': 0.8428217821782178, 'acc5': 0.968440594059406, 'loss': 72.05947630107403, 'macs': 57520909032, 'params': 293311208, 'model_size': 1118.8934631347656, 'inference_time': 0}
2024-10-12 11:49:17,464 Pruning 2048 in layer 22
2024-10-12 11:49:19,428 Gathering metrics
2024-10-12 11:50:01,050 {'acc1': 0.8428217821782178, 'acc5': 0.968440594059406, 'loss': 72.05860503017902, 'macs': 57417573864, 'params': 292786664, 'model_size': 1116.8924865722656, 'inference_time': 0}
2024-10-12 11:50:01,076 Pruning 2304 in layer 22
2024-10-12 11:50:02,764 Gathering metrics
2024-10-12 11:50:44,047 {'acc1': 0.8428217821782178, 'acc5': 0.968440594059406, 'loss': 72.05763930082321, 'macs': 57314238696, 'params': 292262120, 'model_size': 1114.8915100097656, 'inference_time': 0}
2024-10-12 11:50:44,073 Pruning 2560 in layer 22
2024-10-12 11:50:45,499 Gathering metrics
2024-10-12 11:51:26,926 {'acc1': 0.8428217821782178, 'acc5': 0.968440594059406, 'loss': 72.05652645230293, 'macs': 57210903528, 'params': 291737576, 'model_size': 1112.8905334472656, 'inference_time': 0}
2024-10-12 11:51:26,952 Pruning 2816 in layer 22
2024-10-12 11:51:28,151 Gathering metrics
2024-10-12 11:52:09,747 {'acc1': 0.8428217821782178, 'acc5': 0.968440594059406, 'loss': 72.05533112585545, 'macs': 57107568360, 'params': 291213032, 'model_size': 1110.8895568847656, 'inference_time': 0}
2024-10-12 11:52:09,773 Pruning 3072 in layer 22
2024-10-12 11:52:10,800 Gathering metrics
2024-10-12 11:52:52,421 {'acc1': 0.8428217821782178, 'acc5': 0.968440594059406, 'loss': 72.05408401787281, 'macs': 57004233192, 'params': 290688488, 'model_size': 1108.8885803222656, 'inference_time': 0}
2024-10-12 11:52:52,532 Pruning 3328 in layer 22
2024-10-12 11:52:53,388 Gathering metrics
2024-10-12 11:53:34,573 {'acc1': 0.8428217821782178, 'acc5': 0.968440594059406, 'loss': 72.05282354354858, 'macs': 56900898024, 'params': 290163944, 'model_size': 1106.8876037597656, 'inference_time': 0}
2024-10-12 11:53:34,598 Pruning 3584 in layer 22
2024-10-12 11:53:35,302 Gathering metrics
2024-10-12 11:54:16,702 {'acc1': 0.8428217821782178, 'acc5': 0.968440594059406, 'loss': 72.04266287386417, 'macs': 56797562856, 'params': 289639400, 'model_size': 1104.8866271972656, 'inference_time': 0}
2024-10-12 11:54:16,728 Pruning 3840 in layer 22
2024-10-12 11:54:17,298 Gathering metrics
2024-10-12 11:54:58,333 {'acc1': 0.8428217821782178, 'acc5': 0.968440594059406, 'loss': 71.81589148938656, 'macs': 56694227688, 'params': 289114856, 'model_size': 1102.8856506347656, 'inference_time': 0}
2024-10-12 11:54:58,358 Pruning 256 in layer 21
2024-10-12 11:55:03,842 Gathering metrics
2024-10-12 11:55:45,205 {'acc1': 0.8428217821782178, 'acc5': 0.968440594059406, 'loss': 72.09141302108765, 'macs': 56694227688, 'params': 289114856, 'model_size': 1102.8856506347656, 'inference_time': 0}
2024-10-12 11:55:45,230 Pruning 512 in layer 21
2024-10-12 11:55:49,944 Gathering metrics
2024-10-12 11:56:30,959 {'acc1': 0.8428217821782178, 'acc5': 0.968440594059406, 'loss': 72.25336737185717, 'macs': 56590892520, 'params': 288590312, 'model_size': 1100.8846740722656, 'inference_time': 0}
2024-10-12 11:56:30,985 Pruning 768 in layer 21
2024-10-12 11:56:35,145 Gathering metrics
2024-10-12 11:57:16,486 {'acc1': 0.8428217821782178, 'acc5': 0.968440594059406, 'loss': 72.51529359817505, 'macs': 56487557352, 'params': 288065768, 'model_size': 1098.8836975097656, 'inference_time': 0}
2024-10-12 11:57:16,511 Pruning 1024 in layer 21
2024-10-12 11:57:20,129 Gathering metrics
2024-10-12 11:58:01,102 {'acc1': 0.8428217821782178, 'acc5': 0.968440594059406, 'loss': 72.88866727799177, 'macs': 56384222184, 'params': 287541224, 'model_size': 1096.8827209472656, 'inference_time': 0}
2024-10-12 11:58:01,128 Pruning 1280 in layer 21
2024-10-12 11:58:04,259 Gathering metrics
2024-10-12 11:58:45,427 {'acc1': 0.8428217821782178, 'acc5': 0.968440594059406, 'loss': 73.37434100359678, 'macs': 56280887016, 'params': 287016680, 'model_size': 1094.8817443847656, 'inference_time': 0}
2024-10-12 11:58:45,453 Pruning 1536 in layer 21
2024-10-12 11:58:48,186 Gathering metrics
2024-10-12 11:59:29,333 {'acc1': 0.8428217821782178, 'acc5': 0.968440594059406, 'loss': 73.99042862653732, 'macs': 56177551848, 'params': 286492136, 'model_size': 1092.8807678222656, 'inference_time': 0}
2024-10-12 11:59:29,359 Pruning 1792 in layer 21
2024-10-12 11:59:31,684 Gathering metrics
2024-10-12 12:00:12,935 {'acc1': 0.8428217821782178, 'acc5': 0.968440594059406, 'loss': 74.76278284192085, 'macs': 56074216680, 'params': 285967592, 'model_size': 1090.8797912597656, 'inference_time': 0}
2024-10-12 12:00:12,960 Pruning 2048 in layer 21
2024-10-12 12:00:14,926 Gathering metrics
2024-10-12 12:00:56,020 {'acc1': 0.8428217821782178, 'acc5': 0.968440594059406, 'loss': 75.66613537073135, 'macs': 55970881512, 'params': 285443048, 'model_size': 1088.8788146972656, 'inference_time': 0}
2024-10-12 12:00:56,046 Pruning 2304 in layer 21
2024-10-12 12:00:57,739 Gathering metrics
2024-10-12 12:01:38,456 {'acc1': 0.8428217821782178, 'acc5': 0.968440594059406, 'loss': 76.78040884435177, 'macs': 55867546344, 'params': 284918504, 'model_size': 1086.8778381347656, 'inference_time': 0}
2024-10-12 12:01:38,482 Pruning 2560 in layer 21
2024-10-12 12:01:39,888 Gathering metrics
2024-10-12 12:02:20,838 {'acc1': 0.8428217821782178, 'acc5': 0.968440594059406, 'loss': 78.17223301529884, 'macs': 55764211176, 'params': 284393960, 'model_size': 1084.8768615722656, 'inference_time': 0}
2024-10-12 12:02:20,864 Pruning 2816 in layer 21
2024-10-12 12:02:22,055 Gathering metrics
2024-10-12 12:03:02,898 {'acc1': 0.8428217821782178, 'acc5': 0.968440594059406, 'loss': 79.91601060330868, 'macs': 55660876008, 'params': 283869416, 'model_size': 1082.8758850097656, 'inference_time': 0}
2024-10-12 12:03:03,010 Pruning 3072 in layer 21
2024-10-12 12:03:04,032 Gathering metrics
2024-10-12 12:03:45,010 {'acc1': 0.8425123762376238, 'acc5': 0.9681311881188119, 'loss': 82.21011671423912, 'macs': 55557540840, 'params': 283344872, 'model_size': 1080.8749084472656, 'inference_time': 0}
2024-10-12 12:03:45,036 Pruning 3328 in layer 21
2024-10-12 12:03:45,875 Gathering metrics
2024-10-12 12:04:26,633 {'acc1': 0.8425123762376238, 'acc5': 0.9681311881188119, 'loss': 85.09937325119972, 'macs': 55454205672, 'params': 282820328, 'model_size': 1078.8739318847656, 'inference_time': 0}
2024-10-12 12:04:26,660 Pruning 3584 in layer 21
2024-10-12 12:04:27,367 Gathering metrics
2024-10-12 12:05:08,022 {'acc1': 0.8422029702970297, 'acc5': 0.9681311881188119, 'loss': 88.93567672371864, 'macs': 55350870504, 'params': 282295784, 'model_size': 1076.8729553222656, 'inference_time': 0}
2024-10-12 12:05:08,048 Pruning 3840 in layer 21
2024-10-12 12:05:08,626 Gathering metrics
2024-10-12 12:05:49,368 {'acc1': 0.8425123762376238, 'acc5': 0.9681311881188119, 'loss': 94.28569960594177, 'macs': 55247535336, 'params': 281771240, 'model_size': 1074.8719787597656, 'inference_time': 0}
2024-10-12 12:05:49,394 Pruning 256 in layer 20
2024-10-12 12:05:54,887 Gathering metrics
2024-10-12 12:06:35,599 {'acc1': 0.8422029702970297, 'acc5': 0.9681311881188119, 'loss': 88.93602913618088, 'macs': 55247535336, 'params': 281771240, 'model_size': 1074.8719787597656, 'inference_time': 0}
2024-10-12 12:06:35,625 Pruning 512 in layer 20
2024-10-12 12:06:40,380 Gathering metrics
2024-10-12 12:07:21,092 {'acc1': 0.8422029702970297, 'acc5': 0.9681311881188119, 'loss': 88.93962159752846, 'macs': 55144200168, 'params': 281246696, 'model_size': 1072.8710021972656, 'inference_time': 0}
2024-10-12 12:07:21,117 Pruning 768 in layer 20
2024-10-12 12:07:25,238 Gathering metrics
2024-10-12 12:08:05,809 {'acc1': 0.8422029702970297, 'acc5': 0.9681311881188119, 'loss': 88.94812566041946, 'macs': 55040865000, 'params': 280722152, 'model_size': 1070.8700256347656, 'inference_time': 0}
2024-10-12 12:08:05,835 Pruning 1024 in layer 20
2024-10-12 12:08:09,456 Gathering metrics
2024-10-12 12:08:50,044 {'acc1': 0.8422029702970297, 'acc5': 0.9681311881188119, 'loss': 88.96082356572151, 'macs': 54937529832, 'params': 280197608, 'model_size': 1068.8690490722656, 'inference_time': 0}
2024-10-12 12:08:50,070 Pruning 1280 in layer 20
2024-10-12 12:08:53,210 Gathering metrics
2024-10-12 12:09:34,036 {'acc1': 0.8422029702970297, 'acc5': 0.9681311881188119, 'loss': 88.97811883687973, 'macs': 54834194664, 'params': 279673064, 'model_size': 1066.8680725097656, 'inference_time': 0}
2024-10-12 12:09:34,062 Pruning 1536 in layer 20
2024-10-12 12:09:36,799 Gathering metrics
2024-10-12 12:10:17,131 {'acc1': 0.8422029702970297, 'acc5': 0.9681311881188119, 'loss': 89.00002127885818, 'macs': 54730859496, 'params': 279148520, 'model_size': 1064.8670959472656, 'inference_time': 0}
2024-10-12 12:10:17,156 Pruning 1792 in layer 20
2024-10-12 12:10:19,487 Gathering metrics
2024-10-12 12:11:00,018 {'acc1': 0.8422029702970297, 'acc5': 0.9681311881188119, 'loss': 89.02641573548317, 'macs': 54627524328, 'params': 278623976, 'model_size': 1062.8661193847656, 'inference_time': 0}
2024-10-12 12:11:00,043 Pruning 2048 in layer 20
2024-10-12 12:11:01,999 Gathering metrics
2024-10-12 12:11:42,342 {'acc1': 0.8422029702970297, 'acc5': 0.9681311881188119, 'loss': 89.05468806624413, 'macs': 54524189160, 'params': 278099432, 'model_size': 1060.8651428222656, 'inference_time': 0}
2024-10-12 12:11:42,368 Pruning 2304 in layer 20
2024-10-12 12:11:44,051 Gathering metrics
2024-10-12 12:12:24,552 {'acc1': 0.8422029702970297, 'acc5': 0.9681311881188119, 'loss': 89.08483153581619, 'macs': 54420853992, 'params': 277574888, 'model_size': 1058.8641662597656, 'inference_time': 0}
2024-10-12 12:12:24,666 Pruning 2560 in layer 20
2024-10-12 12:12:26,092 Gathering metrics
2024-10-12 12:13:06,253 {'acc1': 0.8422029702970297, 'acc5': 0.9681311881188119, 'loss': 89.11919742822647, 'macs': 54317518824, 'params': 277050344, 'model_size': 1056.8631896972656, 'inference_time': 0}
2024-10-12 12:13:06,279 Pruning 2816 in layer 20
2024-10-12 12:13:07,476 Gathering metrics
2024-10-12 12:13:47,895 {'acc1': 0.8422029702970297, 'acc5': 0.9681311881188119, 'loss': 89.15372034907341, 'macs': 54214183656, 'params': 276525800, 'model_size': 1054.8622131347656, 'inference_time': 0}
2024-10-12 12:13:47,920 Pruning 3072 in layer 20
2024-10-12 12:13:48,933 Gathering metrics
2024-10-12 12:14:29,067 {'acc1': 0.8422029702970297, 'acc5': 0.9681311881188119, 'loss': 89.206622838974, 'macs': 54110848488, 'params': 276001256, 'model_size': 1052.8612365722656, 'inference_time': 0}
2024-10-12 12:14:29,093 Pruning 3328 in layer 20
2024-10-12 12:14:29,945 Gathering metrics
2024-10-12 12:15:10,084 {'acc1': 0.8422029702970297, 'acc5': 0.9681311881188119, 'loss': 89.77987438440323, 'macs': 54007513320, 'params': 275476712, 'model_size': 1050.8602600097656, 'inference_time': 0}
2024-10-12 12:15:10,111 Pruning 3584 in layer 20
2024-10-12 12:15:10,825 Gathering metrics
2024-10-12 12:15:50,957 {'acc1': 0.8422029702970297, 'acc5': 0.9681311881188119, 'loss': 95.86048319935799, 'macs': 53904178152, 'params': 274952168, 'model_size': 1048.8592834472656, 'inference_time': 0}
2024-10-12 12:15:50,983 Pruning 3840 in layer 20
2024-10-12 12:15:51,557 Gathering metrics
2024-10-12 12:16:31,817 {'acc1': 0.8418935643564357, 'acc5': 0.968440594059406, 'loss': 105.60154742002487, 'macs': 53800842984, 'params': 274427624, 'model_size': 1046.8583068847656, 'inference_time': 0}
2024-10-12 12:16:31,843 Pruning 256 in layer 19
2024-10-12 12:16:37,330 Gathering metrics
2024-10-12 12:17:17,509 {'acc1': 0.8422029702970297, 'acc5': 0.9681311881188119, 'loss': 95.86465573310852, 'macs': 53800842984, 'params': 274427624, 'model_size': 1046.8583068847656, 'inference_time': 0}
2024-10-12 12:17:17,536 Pruning 512 in layer 19
2024-10-12 12:17:22,299 Gathering metrics
2024-10-12 12:18:02,400 {'acc1': 0.8422029702970297, 'acc5': 0.9681311881188119, 'loss': 95.893580108881, 'macs': 53697507816, 'params': 273903080, 'model_size': 1044.8573303222656, 'inference_time': 0}
2024-10-12 12:18:02,425 Pruning 768 in layer 19
2024-10-12 12:18:06,552 Gathering metrics
2024-10-12 12:18:46,419 {'acc1': 0.8422029702970297, 'acc5': 0.9681311881188119, 'loss': 95.95510911941528, 'macs': 53594172648, 'params': 273378536, 'model_size': 1042.8563537597656, 'inference_time': 0}
2024-10-12 12:18:46,446 Pruning 1024 in layer 19
2024-10-12 12:18:50,051 Gathering metrics
2024-10-12 12:19:29,882 {'acc1': 0.8422029702970297, 'acc5': 0.9681311881188119, 'loss': 96.03982245922089, 'macs': 53490837480, 'params': 272853992, 'model_size': 1040.8553771972656, 'inference_time': 0}
2024-10-12 12:19:29,909 Pruning 1280 in layer 19
2024-10-12 12:19:33,048 Gathering metrics
2024-10-12 12:20:12,914 {'acc1': 0.8422029702970297, 'acc5': 0.9681311881188119, 'loss': 96.14381664991379, 'macs': 53387502312, 'params': 272329448, 'model_size': 1038.8544006347656, 'inference_time': 0}
2024-10-12 12:20:12,941 Pruning 1536 in layer 19
2024-10-12 12:20:15,683 Gathering metrics
2024-10-12 12:20:55,541 {'acc1': 0.8422029702970297, 'acc5': 0.9681311881188119, 'loss': 96.26343441009521, 'macs': 53284167144, 'params': 271804904, 'model_size': 1036.8534240722656, 'inference_time': 0}
2024-10-12 12:20:55,567 Pruning 1792 in layer 19
2024-10-12 12:20:57,893 Gathering metrics
2024-10-12 12:21:37,745 {'acc1': 0.8422029702970297, 'acc5': 0.9681311881188119, 'loss': 96.3873698413372, 'macs': 53180831976, 'params': 271280360, 'model_size': 1034.8524475097656, 'inference_time': 0}
2024-10-12 12:21:37,771 Pruning 2048 in layer 19
2024-10-12 12:21:39,747 Gathering metrics
2024-10-12 12:22:19,515 {'acc1': 0.8418935643564357, 'acc5': 0.968440594059406, 'loss': 96.76457646489143, 'macs': 53077496808, 'params': 270755816, 'model_size': 1032.8514709472656, 'inference_time': 0}
2024-10-12 12:22:19,632 Pruning 2304 in layer 19
2024-10-12 12:22:21,321 Gathering metrics
2024-10-12 12:23:01,016 {'acc1': 0.8425123762376238, 'acc5': 0.9675123762376238, 'loss': 98.12561917304993, 'macs': 52974161640, 'params': 270231272, 'model_size': 1030.8504943847656, 'inference_time': 0}
2024-10-12 12:23:01,042 Pruning 2560 in layer 19
2024-10-12 12:23:02,460 Gathering metrics
2024-10-12 12:23:42,293 {'acc1': 0.8425123762376238, 'acc5': 0.9675123762376238, 'loss': 100.08417645096779, 'macs': 52870826472, 'params': 269706728, 'model_size': 1028.8495178222656, 'inference_time': 0}
2024-10-12 12:23:42,319 Pruning 2816 in layer 19
2024-10-12 12:23:43,525 Gathering metrics
2024-10-12 12:24:23,248 {'acc1': 0.8425123762376238, 'acc5': 0.9678217821782178, 'loss': 101.10622400045395, 'macs': 52767491304, 'params': 269182184, 'model_size': 1026.8485412597656, 'inference_time': 0}
2024-10-12 12:24:23,274 Pruning 3072 in layer 19
2024-10-12 12:24:24,300 Gathering metrics
2024-10-12 12:25:04,012 {'acc1': 0.8428217821782178, 'acc5': 0.9672029702970297, 'loss': 103.98228722810745, 'macs': 52664156136, 'params': 268657640, 'model_size': 1024.8475646972656, 'inference_time': 0}
2024-10-12 12:25:04,039 Pruning 3328 in layer 19
2024-10-12 12:25:04,880 Gathering metrics
2024-10-12 12:25:44,302 {'acc1': 0.8415841584158416, 'acc5': 0.9672029702970297, 'loss': 105.36551082134247, 'macs': 52560820968, 'params': 268133096, 'model_size': 1022.8465881347656, 'inference_time': 0}
2024-10-12 12:25:44,328 Pruning 3584 in layer 19
2024-10-12 12:25:45,037 Gathering metrics
2024-10-12 12:26:24,345 {'acc1': 0.8418935643564357, 'acc5': 0.9672029702970297, 'loss': 102.8142957687378, 'macs': 52457485800, 'params': 267608552, 'model_size': 1020.8456115722656, 'inference_time': 0}
2024-10-12 12:26:24,371 Pruning 3840 in layer 19
2024-10-12 12:26:24,944 Gathering metrics
2024-10-12 12:27:04,473 {'acc1': 0.8418935643564357, 'acc5': 0.9678217821782178, 'loss': 99.98414897918701, 'macs': 52354150632, 'params': 267084008, 'model_size': 1018.8446350097656, 'inference_time': 0}
2024-10-12 12:27:04,499 Pruning 256 in layer 18
2024-10-12 12:27:09,988 Gathering metrics
2024-10-12 12:27:49,627 {'acc1': 0.8418935643564357, 'acc5': 0.9672029702970297, 'loss': 107.87108844518661, 'macs': 52354150632, 'params': 267084008, 'model_size': 1018.8446350097656, 'inference_time': 0}
2024-10-12 12:27:49,652 Pruning 512 in layer 18
2024-10-12 12:27:54,375 Gathering metrics
2024-10-12 12:28:33,836 {'acc1': 0.8422029702970297, 'acc5': 0.9672029702970297, 'loss': 113.40554994344711, 'macs': 52250815464, 'params': 266559464, 'model_size': 1016.8436584472656, 'inference_time': 0}
2024-10-12 12:28:33,862 Pruning 768 in layer 18
2024-10-12 12:28:37,989 Gathering metrics
2024-10-12 12:29:17,653 {'acc1': 0.8422029702970297, 'acc5': 0.9668935643564357, 'loss': 118.5829593539238, 'macs': 52147480296, 'params': 266034920, 'model_size': 1014.8426818847656, 'inference_time': 0}
2024-10-12 12:29:17,680 Pruning 1024 in layer 18
2024-10-12 12:29:21,293 Gathering metrics
2024-10-12 12:30:00,946 {'acc1': 0.8425123762376238, 'acc5': 0.9668935643564357, 'loss': 123.22131407260895, 'macs': 52044145128, 'params': 265510376, 'model_size': 1012.8417053222656, 'inference_time': 0}
2024-10-12 12:30:00,978 Pruning 1280 in layer 18
2024-10-12 12:30:04,116 Gathering metrics
2024-10-12 12:30:43,756 {'acc1': 0.8428217821782178, 'acc5': 0.9672029702970297, 'loss': 125.07482242584229, 'macs': 51940809960, 'params': 264985832, 'model_size': 1010.8407287597656, 'inference_time': 0}
2024-10-12 12:30:43,782 Pruning 1536 in layer 18
2024-10-12 12:30:46,523 Gathering metrics
2024-10-12 12:31:25,776 {'acc1': 0.8428217821782178, 'acc5': 0.9672029702970297, 'loss': 126.44557571411133, 'macs': 51837474792, 'params': 264461288, 'model_size': 1008.8397521972656, 'inference_time': 0}
2024-10-12 12:31:25,803 Pruning 1792 in layer 18
2024-10-12 12:31:28,132 Gathering metrics
2024-10-12 12:32:07,571 {'acc1': 0.8425123762376238, 'acc5': 0.9668935643564357, 'loss': 125.30207288265228, 'macs': 51734139624, 'params': 263936744, 'model_size': 1006.8387756347656, 'inference_time': 0}
2024-10-12 12:32:07,683 Pruning 2048 in layer 18
2024-10-12 12:32:09,643 Gathering metrics
2024-10-12 12:32:48,829 {'acc1': 0.8425123762376238, 'acc5': 0.9665841584158416, 'loss': 123.44063931703568, 'macs': 51630804456, 'params': 263412200, 'model_size': 1004.8377990722656, 'inference_time': 0}
2024-10-12 12:32:48,855 Pruning 2304 in layer 18
2024-10-12 12:32:50,540 Gathering metrics
2024-10-12 12:33:29,862 {'acc1': 0.8428217821782178, 'acc5': 0.9665841584158416, 'loss': 118.65090256929398, 'macs': 51527469288, 'params': 262887656, 'model_size': 1002.8368225097656, 'inference_time': 0}
2024-10-12 12:33:29,889 Pruning 2560 in layer 18
2024-10-12 12:33:31,316 Gathering metrics
2024-10-12 12:34:10,796 {'acc1': 0.8428217821782178, 'acc5': 0.9668935643564357, 'loss': 113.85508894920349, 'macs': 51424134120, 'params': 262363112, 'model_size': 1000.8358459472656, 'inference_time': 0}
2024-10-12 12:34:10,821 Pruning 2816 in layer 18
2024-10-12 12:34:12,020 Gathering metrics
2024-10-12 12:34:51,067 {'acc1': 0.8431311881188119, 'acc5': 0.9665841584158416, 'loss': 106.65081402659416, 'macs': 51320798952, 'params': 261838568, 'model_size': 998.8348693847656, 'inference_time': 0}
2024-10-12 12:34:51,094 Pruning 3072 in layer 18
2024-10-12 12:34:52,101 Gathering metrics
2024-10-12 12:35:31,156 {'acc1': 0.84375, 'acc5': 0.9672029702970297, 'loss': 99.71734544634819, 'macs': 51217463784, 'params': 261314024, 'model_size': 996.8338928222656, 'inference_time': 0}
2024-10-12 12:35:31,183 Pruning 3328 in layer 18
2024-10-12 12:35:32,028 Gathering metrics
2024-10-12 12:36:11,376 {'acc1': 0.8431311881188119, 'acc5': 0.9672029702970297, 'loss': 93.36462232470512, 'macs': 51114128616, 'params': 260789480, 'model_size': 994.8329162597656, 'inference_time': 0}
2024-10-12 12:36:11,403 Pruning 3584 in layer 18
2024-10-12 12:36:12,111 Gathering metrics
2024-10-12 12:36:51,258 {'acc1': 0.8431311881188119, 'acc5': 0.9672029702970297, 'loss': 87.03017312288284, 'macs': 51010793448, 'params': 260264936, 'model_size': 992.8319396972656, 'inference_time': 0}
2024-10-12 12:36:51,284 Pruning 3840 in layer 18
2024-10-12 12:36:51,857 Gathering metrics
2024-10-12 12:37:30,888 {'acc1': 0.8431311881188119, 'acc5': 0.9678217821782178, 'loss': 80.48285906761885, 'macs': 50907458280, 'params': 259740392, 'model_size': 990.8309631347656, 'inference_time': 0}
2024-10-12 12:37:30,915 Pruning 256 in layer 17
2024-10-12 12:37:36,377 Gathering metrics
2024-10-12 12:38:15,382 {'acc1': 0.8431311881188119, 'acc5': 0.9672029702970297, 'loss': 88.707738250494, 'macs': 50907458280, 'params': 259740392, 'model_size': 990.8309631347656, 'inference_time': 0}
2024-10-12 12:38:15,407 Pruning 512 in layer 17
2024-10-12 12:38:20,158 Gathering metrics
2024-10-12 12:38:59,348 {'acc1': 0.8431311881188119, 'acc5': 0.9672029702970297, 'loss': 91.15504968166351, 'macs': 50804123112, 'params': 259215848, 'model_size': 988.8299865722656, 'inference_time': 0}
2024-10-12 12:38:59,374 Pruning 768 in layer 17
2024-10-12 12:39:03,511 Gathering metrics
2024-10-12 12:39:42,530 {'acc1': 0.8431311881188119, 'acc5': 0.9675123762376238, 'loss': 92.19379279017448, 'macs': 50700787944, 'params': 258691304, 'model_size': 986.8290100097656, 'inference_time': 0}
2024-10-12 12:39:42,557 Pruning 1024 in layer 17
2024-10-12 12:39:46,172 Gathering metrics
2024-10-12 12:40:24,977 {'acc1': 0.8431311881188119, 'acc5': 0.9672029702970297, 'loss': 92.74798598885536, 'macs': 50597452776, 'params': 258166760, 'model_size': 984.8280334472656, 'inference_time': 0}
2024-10-12 12:40:25,003 Pruning 1280 in layer 17
2024-10-12 12:40:28,134 Gathering metrics
2024-10-12 12:41:07,272 {'acc1': 0.843440594059406, 'acc5': 0.9675123762376238, 'loss': 92.88102349638939, 'macs': 50494117608, 'params': 257642216, 'model_size': 982.8270568847656, 'inference_time': 0}
2024-10-12 12:41:07,298 Pruning 1536 in layer 17
2024-10-12 12:41:10,031 Gathering metrics
2024-10-12 12:41:49,011 {'acc1': 0.8431311881188119, 'acc5': 0.9675123762376238, 'loss': 94.31946411728859, 'macs': 50390782440, 'params': 257117672, 'model_size': 980.8260803222656, 'inference_time': 0}
2024-10-12 12:41:49,127 Pruning 1792 in layer 17
2024-10-12 12:41:51,453 Gathering metrics
2024-10-12 12:42:30,387 {'acc1': 0.843440594059406, 'acc5': 0.9681311881188119, 'loss': 94.96634483337402, 'macs': 50287447272, 'params': 256593128, 'model_size': 978.8251037597656, 'inference_time': 0}
2024-10-12 12:42:30,413 Pruning 2048 in layer 17
2024-10-12 12:42:32,371 Gathering metrics
2024-10-12 12:43:11,331 {'acc1': 0.844059405940594, 'acc5': 0.9675123762376238, 'loss': 95.37829828262329, 'macs': 50184112104, 'params': 256068584, 'model_size': 976.8241271972656, 'inference_time': 0}
2024-10-12 12:43:11,357 Pruning 2304 in layer 17
2024-10-12 12:43:13,047 Gathering metrics
2024-10-12 12:43:51,769 {'acc1': 0.844059405940594, 'acc5': 0.9675123762376238, 'loss': 96.64360511302948, 'macs': 50080776936, 'params': 255544040, 'model_size': 974.8231506347656, 'inference_time': 0}
2024-10-12 12:43:51,795 Pruning 2560 in layer 17
2024-10-12 12:43:53,214 Gathering metrics
2024-10-12 12:44:31,909 {'acc1': 0.8428217821782178, 'acc5': 0.9672029702970297, 'loss': 96.92243367433548, 'macs': 49977441768, 'params': 255019496, 'model_size': 972.8221740722656, 'inference_time': 0}
2024-10-12 12:44:31,935 Pruning 2816 in layer 17
2024-10-12 12:44:33,133 Gathering metrics
2024-10-12 12:45:11,712 {'acc1': 0.8428217821782178, 'acc5': 0.9675123762376238, 'loss': 95.32650050520897, 'macs': 49874106600, 'params': 254494952, 'model_size': 970.8211975097656, 'inference_time': 0}
2024-10-12 12:45:11,739 Pruning 3072 in layer 17
2024-10-12 12:45:12,763 Gathering metrics
2024-10-12 12:45:51,255 {'acc1': 0.844059405940594, 'acc5': 0.9678217821782178, 'loss': 93.83621397614479, 'macs': 49770771432, 'params': 253970408, 'model_size': 968.8202209472656, 'inference_time': 0}
2024-10-12 12:45:51,281 Pruning 3328 in layer 17
2024-10-12 12:45:52,134 Gathering metrics
2024-10-12 12:46:30,954 {'acc1': 0.8431311881188119, 'acc5': 0.9675123762376238, 'loss': 93.09050610661507, 'macs': 49667436264, 'params': 253445864, 'model_size': 966.8192443847656, 'inference_time': 0}
2024-10-12 12:46:30,980 Pruning 3584 in layer 17
2024-10-12 12:46:31,687 Gathering metrics
2024-10-12 12:47:10,013 {'acc1': 0.8431311881188119, 'acc5': 0.9678217821782178, 'loss': 92.14139595627785, 'macs': 49564101096, 'params': 252921320, 'model_size': 964.8182678222656, 'inference_time': 0}
2024-10-12 12:47:10,040 Pruning 3840 in layer 17
2024-10-12 12:47:10,615 Gathering metrics
2024-10-12 12:47:49,343 {'acc1': 0.8428217821782178, 'acc5': 0.9678217821782178, 'loss': 96.63021555542946, 'macs': 49460765928, 'params': 252396776, 'model_size': 962.8172912597656, 'inference_time': 0}
2024-10-12 12:47:49,369 Pruning 256 in layer 16
2024-10-12 12:47:54,833 Gathering metrics
2024-10-12 12:48:33,288 {'acc1': 0.843440594059406, 'acc5': 0.9675123762376238, 'loss': 91.5215637087822, 'macs': 49460765928, 'params': 252396776, 'model_size': 962.8172912597656, 'inference_time': 0}
2024-10-12 12:48:33,314 Pruning 512 in layer 16
2024-10-12 12:48:38,059 Gathering metrics
2024-10-12 12:49:16,623 {'acc1': 0.8425123762376238, 'acc5': 0.9675123762376238, 'loss': 90.84929129481316, 'macs': 49357430760, 'params': 251872232, 'model_size': 960.8163146972656, 'inference_time': 0}
2024-10-12 12:49:16,650 Pruning 768 in layer 16
2024-10-12 12:49:20,799 Gathering metrics
2024-10-12 12:49:59,224 {'acc1': 0.843440594059406, 'acc5': 0.9678217821782178, 'loss': 90.11555325984955, 'macs': 49254095592, 'params': 251347688, 'model_size': 958.8153381347656, 'inference_time': 0}
2024-10-12 12:49:59,251 Pruning 1024 in layer 16
2024-10-12 12:50:02,878 Gathering metrics
2024-10-12 12:50:41,163 {'acc1': 0.8428217821782178, 'acc5': 0.9678217821782178, 'loss': 89.67864838242531, 'macs': 49150760424, 'params': 250823144, 'model_size': 956.8143615722656, 'inference_time': 0}
2024-10-12 12:50:41,189 Pruning 1280 in layer 16
2024-10-12 12:50:44,307 Gathering metrics
2024-10-12 12:51:22,412 {'acc1': 0.8431311881188119, 'acc5': 0.9681311881188119, 'loss': 88.98929813504219, 'macs': 49047425256, 'params': 250298600, 'model_size': 954.8133850097656, 'inference_time': 0}
2024-10-12 12:51:22,524 Pruning 1536 in layer 16
2024-10-12 12:51:25,251 Gathering metrics
2024-10-12 12:52:03,480 {'acc1': 0.8422029702970297, 'acc5': 0.96875, 'loss': 88.75919944047928, 'macs': 48944090088, 'params': 249774056, 'model_size': 952.8124084472656, 'inference_time': 0}
2024-10-12 12:52:03,511 Pruning 1792 in layer 16
2024-10-12 12:52:05,842 Gathering metrics
2024-10-12 12:52:43,972 {'acc1': 0.8418935643564357, 'acc5': 0.9693688118811881, 'loss': 88.02755507826805, 'macs': 48840754920, 'params': 249249512, 'model_size': 950.8114318847656, 'inference_time': 0}
2024-10-12 12:52:43,999 Pruning 2048 in layer 16
2024-10-12 12:52:45,990 Gathering metrics
2024-10-12 12:53:24,369 {'acc1': 0.843440594059406, 'acc5': 0.9699876237623762, 'loss': 87.3608832359314, 'macs': 48737419752, 'params': 248724968, 'model_size': 948.8104553222656, 'inference_time': 0}
2024-10-12 12:53:24,395 Pruning 2304 in layer 16
2024-10-12 12:53:26,094 Gathering metrics
2024-10-12 12:54:04,199 {'acc1': 0.8431311881188119, 'acc5': 0.9699876237623762, 'loss': 86.6102853268385, 'macs': 48634084584, 'params': 248200424, 'model_size': 946.8094787597656, 'inference_time': 0}
2024-10-12 12:54:04,226 Pruning 2560 in layer 16
2024-10-12 12:54:05,645 Gathering metrics
2024-10-12 12:54:43,699 {'acc1': 0.8428217821782178, 'acc5': 0.9696782178217822, 'loss': 86.36155073344707, 'macs': 48530749416, 'params': 247675880, 'model_size': 944.8085021972656, 'inference_time': 0}
2024-10-12 12:54:43,726 Pruning 2816 in layer 16
2024-10-12 12:54:44,921 Gathering metrics
2024-10-12 12:55:23,041 {'acc1': 0.843440594059406, 'acc5': 0.9699876237623762, 'loss': 85.70080696046352, 'macs': 48427414248, 'params': 247151336, 'model_size': 942.8075256347656, 'inference_time': 0}
2024-10-12 12:55:23,073 Pruning 3072 in layer 16
2024-10-12 12:55:24,084 Gathering metrics
2024-10-12 12:56:02,155 {'acc1': 0.8428217821782178, 'acc5': 0.9693688118811881, 'loss': 84.73512333631516, 'macs': 48324079080, 'params': 246626792, 'model_size': 940.8065490722656, 'inference_time': 0}
2024-10-12 12:56:02,181 Pruning 3328 in layer 16
2024-10-12 12:56:03,024 Gathering metrics
2024-10-12 12:56:40,915 {'acc1': 0.8431311881188119, 'acc5': 0.968440594059406, 'loss': 83.66857594251633, 'macs': 48220743912, 'params': 246102248, 'model_size': 938.8055725097656, 'inference_time': 0}
2024-10-12 12:56:40,941 Pruning 3584 in layer 16
2024-10-12 12:56:41,649 Gathering metrics
2024-10-12 12:57:19,650 {'acc1': 0.8406559405940595, 'acc5': 0.968440594059406, 'loss': 83.71812306344509, 'macs': 48117408744, 'params': 245577704, 'model_size': 936.8045959472656, 'inference_time': 0}
2024-10-12 12:57:19,677 Pruning 3840 in layer 16
2024-10-12 12:57:20,253 Gathering metrics
2024-10-12 12:57:57,988 {'acc1': 0.8394183168316832, 'acc5': 0.9675123762376238, 'loss': 81.96772818267345, 'macs': 48014073576, 'params': 245053160, 'model_size': 934.8036193847656, 'inference_time': 0}
2024-10-12 12:57:58,014 Pruning 256 in layer 15
2024-10-12 12:58:03,504 Gathering metrics
2024-10-12 12:58:41,270 {'acc1': 0.8409653465346535, 'acc5': 0.968440594059406, 'loss': 83.4628049582243, 'macs': 48014073576, 'params': 245053160, 'model_size': 934.8036193847656, 'inference_time': 0}
2024-10-12 12:58:41,296 Pruning 512 in layer 15
2024-10-12 12:58:46,044 Gathering metrics
2024-10-12 12:59:23,779 {'acc1': 0.8415841584158416, 'acc5': 0.9675123762376238, 'loss': 83.22272892296314, 'macs': 47910738408, 'params': 244528616, 'model_size': 932.8026428222656, 'inference_time': 0}
2024-10-12 12:59:23,806 Pruning 768 in layer 15
2024-10-12 12:59:27,947 Gathering metrics
2024-10-12 13:00:05,925 {'acc1': 0.8406559405940595, 'acc5': 0.9678217821782178, 'loss': 83.13704274594784, 'macs': 47807403240, 'params': 244004072, 'model_size': 930.8016662597656, 'inference_time': 0}
2024-10-12 13:00:05,951 Pruning 1024 in layer 15
2024-10-12 13:00:09,567 Gathering metrics
2024-10-12 13:00:47,240 {'acc1': 0.8406559405940595, 'acc5': 0.9675123762376238, 'loss': 83.04857738316059, 'macs': 47704068072, 'params': 243479528, 'model_size': 928.8006896972656, 'inference_time': 0}
2024-10-12 13:00:47,358 Pruning 1280 in layer 15
2024-10-12 13:00:50,492 Gathering metrics
2024-10-12 13:01:28,368 {'acc1': 0.8403465346534653, 'acc5': 0.9675123762376238, 'loss': 82.63324737548828, 'macs': 47600732904, 'params': 242954984, 'model_size': 926.7997131347656, 'inference_time': 0}
2024-10-12 13:01:28,395 Pruning 1536 in layer 15
2024-10-12 13:01:31,128 Gathering metrics
2024-10-12 13:02:08,622 {'acc1': 0.8403465346534653, 'acc5': 0.9681311881188119, 'loss': 82.13264879584312, 'macs': 47497397736, 'params': 242430440, 'model_size': 924.7987365722656, 'inference_time': 0}
2024-10-12 13:02:08,649 Pruning 1792 in layer 15
2024-10-12 13:02:10,971 Gathering metrics
2024-10-12 13:02:48,513 {'acc1': 0.8406559405940595, 'acc5': 0.9675123762376238, 'loss': 81.91635359823704, 'macs': 47394062568, 'params': 241905896, 'model_size': 922.7977600097656, 'inference_time': 0}
2024-10-12 13:02:48,540 Pruning 2048 in layer 15
2024-10-12 13:02:50,517 Gathering metrics
2024-10-12 13:03:27,980 {'acc1': 0.8394183168316832, 'acc5': 0.9675123762376238, 'loss': 81.783308416605, 'macs': 47290727400, 'params': 241381352, 'model_size': 920.7967834472656, 'inference_time': 0}
2024-10-12 13:03:28,006 Pruning 2304 in layer 15
2024-10-12 13:03:29,717 Gathering metrics
2024-10-12 13:04:07,454 {'acc1': 0.8397277227722773, 'acc5': 0.9668935643564357, 'loss': 81.42836466431618, 'macs': 47187392232, 'params': 240856808, 'model_size': 918.7958068847656, 'inference_time': 0}
2024-10-12 13:04:07,482 Pruning 2560 in layer 15
2024-10-12 13:04:08,911 Gathering metrics
2024-10-12 13:04:46,498 {'acc1': 0.8394183168316832, 'acc5': 0.96875, 'loss': 81.05183425545692, 'macs': 47084057064, 'params': 240332264, 'model_size': 916.7948303222656, 'inference_time': 0}
2024-10-12 13:04:46,525 Pruning 2816 in layer 15
2024-10-12 13:04:47,736 Gathering metrics
2024-10-12 13:05:25,148 {'acc1': 0.8391089108910891, 'acc5': 0.968440594059406, 'loss': 80.73182791471481, 'macs': 46980721896, 'params': 239807720, 'model_size': 914.7938537597656, 'inference_time': 0}
2024-10-12 13:05:25,175 Pruning 3072 in layer 15
2024-10-12 13:05:26,203 Gathering metrics
2024-10-12 13:06:03,742 {'acc1': 0.8344678217821783, 'acc5': 0.9678217821782178, 'loss': 80.91065998375416, 'macs': 46877386728, 'params': 239283176, 'model_size': 912.7928771972656, 'inference_time': 0}
2024-10-12 13:06:03,769 Pruning 256 in layer 14
2024-10-12 13:06:09,260 Gathering metrics
2024-10-12 13:06:46,605 {'acc1': 0.838490099009901, 'acc5': 0.9678217821782178, 'loss': 80.7124071419239, 'macs': 46877386728, 'params': 239283176, 'model_size': 912.7928771972656, 'inference_time': 0}
2024-10-12 13:06:46,632 Pruning 512 in layer 14
2024-10-12 13:06:51,350 Gathering metrics
2024-10-12 13:07:28,592 {'acc1': 0.8378712871287128, 'acc5': 0.9675123762376238, 'loss': 80.73150998353958, 'macs': 46774051560, 'params': 238758632, 'model_size': 910.7919006347656, 'inference_time': 0}
2024-10-12 13:07:28,618 Pruning 768 in layer 14
2024-10-12 13:07:32,757 Gathering metrics
2024-10-12 13:08:09,975 {'acc1': 0.8378712871287128, 'acc5': 0.9681311881188119, 'loss': 80.66949346661568, 'macs': 46670716392, 'params': 238234088, 'model_size': 908.7909240722656, 'inference_time': 0}
2024-10-12 13:08:10,002 Pruning 1024 in layer 14
2024-10-12 13:08:13,608 Gathering metrics
2024-10-12 13:08:50,783 {'acc1': 0.8363242574257426, 'acc5': 0.9672029702970297, 'loss': 80.77405451238155, 'macs': 46567381224, 'params': 237709544, 'model_size': 906.7899475097656, 'inference_time': 0}
2024-10-12 13:08:50,810 Pruning 1280 in layer 14
2024-10-12 13:08:53,953 Gathering metrics
2024-10-12 13:09:31,310 {'acc1': 0.8375618811881188, 'acc5': 0.9668935643564357, 'loss': 80.72392559051514, 'macs': 46464046056, 'params': 237185000, 'model_size': 904.7889709472656, 'inference_time': 0}
2024-10-12 13:09:31,337 Pruning 1536 in layer 14
2024-10-12 13:09:34,087 Gathering metrics
2024-10-12 13:10:11,271 {'acc1': 0.8363242574257426, 'acc5': 0.9675123762376238, 'loss': 80.62017550319433, 'macs': 46360710888, 'params': 236660456, 'model_size': 902.7879943847656, 'inference_time': 0}
2024-10-12 13:10:11,392 Pruning 1792 in layer 14
2024-10-12 13:10:13,711 Gathering metrics
2024-10-12 13:10:50,753 {'acc1': 0.8375618811881188, 'acc5': 0.96875, 'loss': 80.70527221262455, 'macs': 46257375720, 'params': 236135912, 'model_size': 900.7870178222656, 'inference_time': 0}
2024-10-12 13:10:50,779 Pruning 2048 in layer 14
2024-10-12 13:10:52,755 Gathering metrics
2024-10-12 13:11:29,725 {'acc1': 0.8372524752475248, 'acc5': 0.9681311881188119, 'loss': 80.68416755646467, 'macs': 46154040552, 'params': 235611368, 'model_size': 898.7860412597656, 'inference_time': 0}
2024-10-12 13:11:29,752 Pruning 2304 in layer 14
2024-10-12 13:11:31,441 Gathering metrics
2024-10-12 13:12:08,489 {'acc1': 0.8353960396039604, 'acc5': 0.96875, 'loss': 80.6180964037776, 'macs': 46050705384, 'params': 235086824, 'model_size': 896.7850646972656, 'inference_time': 0}
2024-10-12 13:12:08,515 Pruning 256 in layer 13
2024-10-12 13:12:14,005 Gathering metrics
2024-10-12 13:12:51,219 {'acc1': 0.8353960396039604, 'acc5': 0.968440594059406, 'loss': 80.66146599501371, 'macs': 46050705384, 'params': 235086824, 'model_size': 896.7850646972656, 'inference_time': 0}
2024-10-12 13:12:51,246 Pruning 512 in layer 13
2024-10-12 13:12:55,967 Gathering metrics
2024-10-12 13:13:33,097 {'acc1': 0.8366336633663366, 'acc5': 0.9681311881188119, 'loss': 80.56677421182394, 'macs': 45947370216, 'params': 234562280, 'model_size': 894.7840881347656, 'inference_time': 0}
2024-10-12 13:13:33,123 Pruning 768 in layer 13
2024-10-12 13:13:37,264 Gathering metrics
2024-10-12 13:14:14,268 {'acc1': 0.8366336633663366, 'acc5': 0.9678217821782178, 'loss': 80.58802792429924, 'macs': 45844035048, 'params': 234037736, 'model_size': 892.7831115722656, 'inference_time': 0}
2024-10-12 13:14:14,294 Pruning 1024 in layer 13
2024-10-12 13:14:17,912 Gathering metrics
2024-10-12 13:14:55,030 {'acc1': 0.8369430693069307, 'acc5': 0.9678217821782178, 'loss': 80.56366984546185, 'macs': 45740699880, 'params': 233513192, 'model_size': 890.7821350097656, 'inference_time': 0}
2024-10-12 13:14:55,057 Pruning 1280 in layer 13
2024-10-12 13:14:58,192 Gathering metrics
2024-10-12 13:15:35,066 {'acc1': 0.8363242574257426, 'acc5': 0.9665841584158416, 'loss': 80.75398427993059, 'macs': 45637364712, 'params': 232988648, 'model_size': 888.7811584472656, 'inference_time': 0}
2024-10-12 13:15:35,093 Pruning 1536 in layer 13
2024-10-12 13:15:37,845 Gathering metrics
2024-10-12 13:16:14,958 {'acc1': 0.8357054455445545, 'acc5': 0.9668935643564357, 'loss': 80.82071489095688, 'macs': 45534029544, 'params': 232464104, 'model_size': 886.7801818847656, 'inference_time': 0}
2024-10-12 13:16:14,985 Pruning 1792 in layer 13
2024-10-12 13:16:17,308 Gathering metrics
2024-10-12 13:16:54,266 {'acc1': 0.8363242574257426, 'acc5': 0.9659653465346535, 'loss': 80.72256325185299, 'macs': 45430694376, 'params': 231939560, 'model_size': 884.7792053222656, 'inference_time': 0}
2024-10-12 13:16:54,292 Pruning 2048 in layer 13
2024-10-12 13:16:56,268 Gathering metrics
2024-10-12 13:17:33,163 {'acc1': 0.8350866336633663, 'acc5': 0.9665841584158416, 'loss': 80.6470460742712, 'macs': 45327359208, 'params': 231415016, 'model_size': 882.7782287597656, 'inference_time': 0}
2024-10-12 13:17:33,190 Pruning 2304 in layer 13
2024-10-12 13:17:34,871 Gathering metrics
2024-10-12 13:18:11,745 {'acc1': 0.8366336633663366, 'acc5': 0.9665841584158416, 'loss': 80.72254568338394, 'macs': 45224024040, 'params': 230890472, 'model_size': 880.7772521972656, 'inference_time': 0}
2024-10-12 13:18:11,772 Pruning 2560 in layer 13
2024-10-12 13:18:13,190 Gathering metrics
2024-10-12 13:18:50,042 {'acc1': 0.8347772277227723, 'acc5': 0.9665841584158416, 'loss': 80.78633308410645, 'macs': 45120688872, 'params': 230365928, 'model_size': 878.7762756347656, 'inference_time': 0}
2024-10-12 13:18:50,158 Pruning 2816 in layer 13
2024-10-12 13:18:51,352 Gathering metrics
2024-10-12 13:19:28,008 {'acc1': 0.8341584158415841, 'acc5': 0.9665841584158416, 'loss': 80.8416969999671, 'macs': 45017353704, 'params': 229841384, 'model_size': 876.7752990722656, 'inference_time': 0}
2024-10-12 13:19:28,035 Pruning 3072 in layer 13
2024-10-12 13:19:29,057 Gathering metrics
2024-10-12 13:20:05,608 {'acc1': 0.8341584158415841, 'acc5': 0.9665841584158416, 'loss': 80.85842863470316, 'macs': 44914018536, 'params': 229316840, 'model_size': 874.7743225097656, 'inference_time': 0}
2024-10-12 13:20:05,634 Pruning 3328 in layer 13
2024-10-12 13:20:06,487 Gathering metrics
2024-10-12 13:20:43,406 {'acc1': 0.8350866336633663, 'acc5': 0.9653465346534653, 'loss': 80.9099392965436, 'macs': 44810683368, 'params': 228792296, 'model_size': 872.7733459472656, 'inference_time': 0}
2024-10-12 13:20:43,433 Pruning 3584 in layer 13
2024-10-12 13:20:44,148 Gathering metrics
2024-10-12 13:21:20,719 {'acc1': 0.8338490099009901, 'acc5': 0.9653465346534653, 'loss': 80.82373031228781, 'macs': 44707348200, 'params': 228267752, 'model_size': 870.7723693847656, 'inference_time': 0}
2024-10-12 13:21:20,746 Pruning 3840 in layer 13
2024-10-12 13:21:21,324 Gathering metrics
2024-10-12 13:21:57,751 {'acc1': 0.8313737623762376, 'acc5': 0.9659653465346535, 'loss': 80.84505727887154, 'macs': 44604013032, 'params': 227743208, 'model_size': 868.7713928222656, 'inference_time': 0}
2024-10-12 13:21:57,778 Pruning 256 in layer 12
2024-10-12 13:22:03,267 Gathering metrics
2024-10-12 13:22:39,782 {'acc1': 0.8335396039603961, 'acc5': 0.9653465346534653, 'loss': 80.92273693531752, 'macs': 44604013032, 'params': 227743208, 'model_size': 868.7713928222656, 'inference_time': 0}
2024-10-12 13:22:39,808 Pruning 512 in layer 12
2024-10-12 13:22:44,557 Gathering metrics
2024-10-12 13:23:21,053 {'acc1': 0.8319925742574258, 'acc5': 0.9653465346534653, 'loss': 80.96497868746519, 'macs': 44500677864, 'params': 227218664, 'model_size': 866.7704162597656, 'inference_time': 0}
2024-10-12 13:23:21,080 Pruning 768 in layer 12
2024-10-12 13:23:25,221 Gathering metrics
2024-10-12 13:24:01,591 {'acc1': 0.833230198019802, 'acc5': 0.9650371287128713, 'loss': 81.0227324962616, 'macs': 44397342696, 'params': 226694120, 'model_size': 864.7694396972656, 'inference_time': 0}
2024-10-12 13:24:01,616 Pruning 1024 in layer 12
2024-10-12 13:24:05,216 Gathering metrics
2024-10-12 13:24:41,371 {'acc1': 0.8319925742574258, 'acc5': 0.9647277227722773, 'loss': 81.13485573232174, 'macs': 44294007528, 'params': 226169576, 'model_size': 862.7684631347656, 'inference_time': 0}
2024-10-12 13:24:41,397 Pruning 1280 in layer 12
2024-10-12 13:24:44,533 Gathering metrics
2024-10-12 13:25:21,076 {'acc1': 0.8329207920792079, 'acc5': 0.9653465346534653, 'loss': 81.1522453352809, 'macs': 44190672360, 'params': 225645032, 'model_size': 860.7674865722656, 'inference_time': 0}
2024-10-12 13:25:21,103 Pruning 1536 in layer 12
2024-10-12 13:25:23,846 Gathering metrics
2024-10-12 13:26:00,212 {'acc1': 0.8338490099009901, 'acc5': 0.9653465346534653, 'loss': 81.24544335901737, 'macs': 44087337192, 'params': 225120488, 'model_size': 858.7665100097656, 'inference_time': 0}
2024-10-12 13:26:00,240 Pruning 1792 in layer 12
2024-10-12 13:26:02,580 Gathering metrics
2024-10-12 13:26:38,955 {'acc1': 0.8347772277227723, 'acc5': 0.9659653465346535, 'loss': 81.16312047094107, 'macs': 43984002024, 'params': 224595944, 'model_size': 856.7655334472656, 'inference_time': 0}
2024-10-12 13:26:38,981 Pruning 2048 in layer 12
2024-10-12 13:26:40,953 Gathering metrics
2024-10-12 13:27:17,230 {'acc1': 0.8338490099009901, 'acc5': 0.9662747524752475, 'loss': 81.21067281067371, 'macs': 43880666856, 'params': 224071400, 'model_size': 854.7645568847656, 'inference_time': 0}
2024-10-12 13:27:17,256 Pruning 2304 in layer 12
2024-10-12 13:27:18,937 Gathering metrics
2024-10-12 13:27:55,133 {'acc1': 0.8335396039603961, 'acc5': 0.9668935643564357, 'loss': 81.31146363914013, 'macs': 43777331688, 'params': 223546856, 'model_size': 852.7635803222656, 'inference_time': 0}
2024-10-12 13:27:55,251 Pruning 2560 in layer 12
2024-10-12 13:27:56,660 Gathering metrics
2024-10-12 13:28:32,942 {'acc1': 0.8316831683168316, 'acc5': 0.9659653465346535, 'loss': 81.46614965051413, 'macs': 43673996520, 'params': 223022312, 'model_size': 850.7626037597656, 'inference_time': 0}
2024-10-12 13:28:32,969 Pruning 2816 in layer 12
2024-10-12 13:28:34,176 Gathering metrics
2024-10-12 13:29:10,654 {'acc1': 0.8304455445544554, 'acc5': 0.9659653465346535, 'loss': 81.64830447733402, 'macs': 43570661352, 'params': 222497768, 'model_size': 848.7616271972656, 'inference_time': 0}
2024-10-12 13:29:10,680 Pruning 3072 in layer 12
2024-10-12 13:29:11,695 Gathering metrics
2024-10-12 13:29:47,782 {'acc1': 0.8292079207920792, 'acc5': 0.9656559405940595, 'loss': 81.9086951315403, 'macs': 43467326184, 'params': 221973224, 'model_size': 846.7606506347656, 'inference_time': 0}
2024-10-12 13:29:47,808 Pruning 256 in layer 11
2024-10-12 13:29:53,306 Gathering metrics
2024-10-12 13:30:29,528 {'acc1': 0.8313737623762376, 'acc5': 0.9656559405940595, 'loss': 81.80073045939207, 'macs': 43467326184, 'params': 221973224, 'model_size': 846.7606506347656, 'inference_time': 0}
2024-10-12 13:30:29,554 Pruning 512 in layer 11
2024-10-12 13:30:34,294 Gathering metrics
2024-10-12 13:31:10,220 {'acc1': 0.8295173267326733, 'acc5': 0.9659653465346535, 'loss': 81.73426453024149, 'macs': 43363991016, 'params': 221448680, 'model_size': 844.7596740722656, 'inference_time': 0}
2024-10-12 13:31:10,246 Pruning 768 in layer 11
2024-10-12 13:31:14,400 Gathering metrics
2024-10-12 13:31:50,431 {'acc1': 0.8292079207920792, 'acc5': 0.9650371287128713, 'loss': 81.80378937721252, 'macs': 43260655848, 'params': 220924136, 'model_size': 842.7586975097656, 'inference_time': 0}
2024-10-12 13:31:50,458 Pruning 1024 in layer 11
2024-10-12 13:31:54,074 Gathering metrics
2024-10-12 13:32:29,943 {'acc1': 0.8292079207920792, 'acc5': 0.9656559405940595, 'loss': 81.93343729525805, 'macs': 43157320680, 'params': 220399592, 'model_size': 840.7577209472656, 'inference_time': 0}
2024-10-12 13:32:29,971 Pruning 1280 in layer 11
2024-10-12 13:32:33,100 Gathering metrics
2024-10-12 13:33:09,164 {'acc1': 0.8301361386138614, 'acc5': 0.9653465346534653, 'loss': 82.17069417983294, 'macs': 43053985512, 'params': 219875048, 'model_size': 838.7567443847656, 'inference_time': 0}
2024-10-12 13:33:09,191 Pruning 1536 in layer 11
2024-10-12 13:33:11,931 Gathering metrics
2024-10-12 13:33:47,726 {'acc1': 0.8288985148514851, 'acc5': 0.9653465346534653, 'loss': 82.17725289613008, 'macs': 42950650344, 'params': 219350504, 'model_size': 836.7557678222656, 'inference_time': 0}
2024-10-12 13:33:47,756 Pruning 1792 in layer 11
2024-10-12 13:33:50,097 Gathering metrics
2024-10-12 13:34:26,154 {'acc1': 0.8307549504950495, 'acc5': 0.9653465346534653, 'loss': 82.23430423438549, 'macs': 42847315176, 'params': 218825960, 'model_size': 834.7547912597656, 'inference_time': 0}
2024-10-12 13:34:26,181 Pruning 2048 in layer 11
2024-10-12 13:34:28,140 Gathering metrics
2024-10-12 13:35:03,873 {'acc1': 0.8295173267326733, 'acc5': 0.9647277227722773, 'loss': 82.54680856317282, 'macs': 42743980008, 'params': 218301416, 'model_size': 832.7538146972656, 'inference_time': 0}
2024-10-12 13:35:03,900 Pruning 2304 in layer 11
2024-10-12 13:35:05,573 Gathering metrics
2024-10-12 13:35:43,512 {'acc1': 0.8282797029702971, 'acc5': 0.9653465346534653, 'loss': 82.63424061983824, 'macs': 42640644840, 'params': 217776872, 'model_size': 830.7528381347656, 'inference_time': 0}
2024-10-12 13:35:43,540 Pruning 2560 in layer 11
2024-10-12 13:35:44,946 Gathering metrics
2024-10-12 13:36:21,071 {'acc1': 0.8285891089108911, 'acc5': 0.9653465346534653, 'loss': 82.7430314719677, 'macs': 42537309672, 'params': 217252328, 'model_size': 828.7518615722656, 'inference_time': 0}
2024-10-12 13:36:21,096 Pruning 2816 in layer 11
2024-10-12 13:36:22,286 Gathering metrics
2024-10-12 13:36:57,748 {'acc1': 0.8292079207920792, 'acc5': 0.9650371287128713, 'loss': 83.00925666838884, 'macs': 42433974504, 'params': 216727784, 'model_size': 826.7508850097656, 'inference_time': 0}
2024-10-12 13:36:57,863 Pruning 3072 in layer 11
2024-10-12 13:36:58,869 Gathering metrics
2024-10-12 13:37:34,659 {'acc1': 0.8276608910891089, 'acc5': 0.9644183168316832, 'loss': 83.14756379276514, 'macs': 42330639336, 'params': 216203240, 'model_size': 824.7499084472656, 'inference_time': 0}
2024-10-12 13:37:34,686 Pruning 3328 in layer 11
2024-10-12 13:37:35,532 Gathering metrics
2024-10-12 13:38:10,966 {'acc1': 0.8279702970297029, 'acc5': 0.9641089108910891, 'loss': 83.25980892032385, 'macs': 42227304168, 'params': 215678696, 'model_size': 822.7489318847656, 'inference_time': 0}
2024-10-12 13:38:10,993 Pruning 3584 in layer 11
2024-10-12 13:38:11,701 Gathering metrics
2024-10-12 13:38:47,137 {'acc1': 0.8254950495049505, 'acc5': 0.963490099009901, 'loss': 83.78498165309429, 'macs': 42123969000, 'params': 215154152, 'model_size': 820.7479553222656, 'inference_time': 0}
2024-10-12 13:38:47,164 Pruning 256 in layer 10
2024-10-12 13:38:52,647 Gathering metrics
2024-10-12 13:39:28,482 {'acc1': 0.8285891089108911, 'acc5': 0.963799504950495, 'loss': 83.25493566691875, 'macs': 42123969000, 'params': 215154152, 'model_size': 820.7479553222656, 'inference_time': 0}
2024-10-12 13:39:28,509 Pruning 512 in layer 10
2024-10-12 13:39:33,249 Gathering metrics
2024-10-12 13:40:08,605 {'acc1': 0.8288985148514851, 'acc5': 0.9641089108910891, 'loss': 83.30742756277323, 'macs': 42020633832, 'params': 214629608, 'model_size': 818.7469787597656, 'inference_time': 0}
2024-10-12 13:40:08,632 Pruning 768 in layer 10
2024-10-12 13:40:12,793 Gathering metrics
2024-10-12 13:40:48,288 {'acc1': 0.8288985148514851, 'acc5': 0.963799504950495, 'loss': 83.27308665961027, 'macs': 41917298664, 'params': 214105064, 'model_size': 816.7460021972656, 'inference_time': 0}
2024-10-12 13:40:48,314 Pruning 1024 in layer 10
2024-10-12 13:40:51,930 Gathering metrics
2024-10-12 13:41:27,501 {'acc1': 0.8288985148514851, 'acc5': 0.963490099009901, 'loss': 83.30518860369921, 'macs': 41813963496, 'params': 213580520, 'model_size': 814.7450256347656, 'inference_time': 0}
2024-10-12 13:41:27,528 Pruning 1280 in layer 10
2024-10-12 13:41:30,675 Gathering metrics
2024-10-12 13:42:06,243 {'acc1': 0.8288985148514851, 'acc5': 0.9644183168316832, 'loss': 83.39820371568203, 'macs': 41710628328, 'params': 213055976, 'model_size': 812.7440490722656, 'inference_time': 0}
2024-10-12 13:42:06,270 Pruning 1536 in layer 10
2024-10-12 13:42:08,994 Gathering metrics
2024-10-12 13:42:47,778 {'acc1': 0.8267326732673267, 'acc5': 0.963799504950495, 'loss': 83.51859694719315, 'macs': 41607293160, 'params': 212531432, 'model_size': 810.7430725097656, 'inference_time': 0}
2024-10-12 13:42:47,821 Pruning 1792 in layer 10
2024-10-12 13:42:50,411 Gathering metrics
2024-10-12 13:43:30,030 {'acc1': 0.8267326732673267, 'acc5': 0.963180693069307, 'loss': 83.69339919090271, 'macs': 41503957992, 'params': 212006888, 'model_size': 808.7420959472656, 'inference_time': 0}
2024-10-12 13:43:30,059 Pruning 2048 in layer 10
2024-10-12 13:43:32,024 Gathering metrics
2024-10-12 13:44:07,341 {'acc1': 0.8276608910891089, 'acc5': 0.963490099009901, 'loss': 83.7372510433197, 'macs': 41400622824, 'params': 211482344, 'model_size': 806.7411193847656, 'inference_time': 0}
2024-10-12 13:44:07,369 Pruning 2304 in layer 10
2024-10-12 13:44:09,070 Gathering metrics
2024-10-12 13:44:44,490 {'acc1': 0.8264232673267327, 'acc5': 0.963799504950495, 'loss': 83.88911963999271, 'macs': 41297287656, 'params': 210957800, 'model_size': 804.7401428222656, 'inference_time': 0}
2024-10-12 13:44:44,517 Pruning 2560 in layer 10
2024-10-12 13:44:45,935 Gathering metrics
2024-10-12 13:45:21,455 {'acc1': 0.8258044554455446, 'acc5': 0.963490099009901, 'loss': 84.02984556555748, 'macs': 41193952488, 'params': 210433256, 'model_size': 802.7391662597656, 'inference_time': 0}
2024-10-12 13:45:21,482 Pruning 2816 in layer 10
2024-10-12 13:45:22,695 Gathering metrics
2024-10-12 13:45:57,629 {'acc1': 0.8261138613861386, 'acc5': 0.963799504950495, 'loss': 84.14646746963263, 'macs': 41090617320, 'params': 209908712, 'model_size': 800.7381896972656, 'inference_time': 0}
2024-10-12 13:45:57,743 Pruning 3072 in layer 10
2024-10-12 13:45:58,751 Gathering metrics
2024-10-12 13:46:33,845 {'acc1': 0.8264232673267327, 'acc5': 0.963180693069307, 'loss': 84.2805358543992, 'macs': 40987282152, 'params': 209384168, 'model_size': 798.7372131347656, 'inference_time': 0}
2024-10-12 13:46:33,871 Pruning 3328 in layer 10
2024-10-12 13:46:34,718 Gathering metrics
2024-10-12 13:47:09,985 {'acc1': 0.8270420792079208, 'acc5': 0.9622524752475248, 'loss': 84.53296480327845, 'macs': 40883946984, 'params': 208859624, 'model_size': 796.7362365722656, 'inference_time': 0}
2024-10-12 13:47:10,012 Pruning 3584 in layer 10
2024-10-12 13:47:10,724 Gathering metrics
2024-10-12 13:47:45,665 {'acc1': 0.8261138613861386, 'acc5': 0.963799504950495, 'loss': 84.60861117392778, 'macs': 40780611816, 'params': 208335080, 'model_size': 794.7352600097656, 'inference_time': 0}
2024-10-12 13:47:45,691 Pruning 3840 in layer 10
2024-10-12 13:47:46,270 Gathering metrics
2024-10-12 13:48:21,284 {'acc1': 0.8233292079207921, 'acc5': 0.9628712871287128, 'loss': 84.98011798411608, 'macs': 40677276648, 'params': 207810536, 'model_size': 792.7342834472656, 'inference_time': 0}
2024-10-12 13:48:21,311 Pruning 256 in layer 9
2024-10-12 13:48:26,793 Gathering metrics
2024-10-12 13:49:01,696 {'acc1': 0.8251856435643564, 'acc5': 0.963180693069307, 'loss': 84.7460144162178, 'macs': 40677276648, 'params': 207810536, 'model_size': 792.7342834472656, 'inference_time': 0}
2024-10-12 13:49:01,722 Pruning 512 in layer 9
2024-10-12 13:49:06,444 Gathering metrics
2024-10-12 13:49:41,368 {'acc1': 0.8242574257425742, 'acc5': 0.963180693069307, 'loss': 84.87649808824062, 'macs': 40573941480, 'params': 207285992, 'model_size': 790.7333068847656, 'inference_time': 0}
2024-10-12 13:49:41,395 Pruning 768 in layer 9
2024-10-12 13:49:45,528 Gathering metrics
2024-10-12 13:50:20,196 {'acc1': 0.8258044554455446, 'acc5': 0.9628712871287128, 'loss': 84.96983335912228, 'macs': 40470606312, 'params': 206761448, 'model_size': 788.7323303222656, 'inference_time': 0}
2024-10-12 13:50:20,223 Pruning 1024 in layer 9
2024-10-12 13:50:23,847 Gathering metrics
2024-10-12 13:50:58,593 {'acc1': 0.8267326732673267, 'acc5': 0.963490099009901, 'loss': 85.09720513224602, 'macs': 40367271144, 'params': 206236904, 'model_size': 786.7313537597656, 'inference_time': 0}
2024-10-12 13:50:58,620 Pruning 1280 in layer 9
2024-10-12 13:51:01,772 Gathering metrics
2024-10-12 13:51:36,496 {'acc1': 0.8267326732673267, 'acc5': 0.963180693069307, 'loss': 85.25176931917667, 'macs': 40263935976, 'params': 205712360, 'model_size': 784.7303771972656, 'inference_time': 0}
2024-10-12 13:51:36,523 Pruning 1536 in layer 9
2024-10-12 13:51:39,262 Gathering metrics
2024-10-12 13:52:14,084 {'acc1': 0.8270420792079208, 'acc5': 0.9628712871287128, 'loss': 85.36787798255682, 'macs': 40160600808, 'params': 205187816, 'model_size': 782.7294006347656, 'inference_time': 0}
2024-10-12 13:52:14,110 Pruning 1792 in layer 9
2024-10-12 13:52:16,431 Gathering metrics
2024-10-12 13:52:51,324 {'acc1': 0.8258044554455446, 'acc5': 0.9625618811881188, 'loss': 85.52257693558931, 'macs': 40057265640, 'params': 204663272, 'model_size': 780.7284240722656, 'inference_time': 0}
2024-10-12 13:52:51,351 Pruning 2048 in layer 9
2024-10-12 13:52:53,317 Gathering metrics
2024-10-12 13:53:30,162 {'acc1': 0.8251856435643564, 'acc5': 0.9622524752475248, 'loss': 85.73811407387257, 'macs': 39953930472, 'params': 204138728, 'model_size': 778.7274475097656, 'inference_time': 0}
2024-10-12 13:53:30,201 Pruning 2304 in layer 9
2024-10-12 13:53:32,076 Gathering metrics
2024-10-12 13:54:11,287 {'acc1': 0.8239480198019802, 'acc5': 0.9619430693069307, 'loss': 86.01475805789232, 'macs': 39850595304, 'params': 203614184, 'model_size': 776.7264709472656, 'inference_time': 0}
2024-10-12 13:54:11,329 Pruning 2560 in layer 9
2024-10-12 13:54:12,975 Gathering metrics
2024-10-12 13:54:48,749 {'acc1': 0.8239480198019802, 'acc5': 0.9619430693069307, 'loss': 86.20422136038542, 'macs': 39747260136, 'params': 203089640, 'model_size': 774.7254943847656, 'inference_time': 0}
2024-10-12 13:54:48,867 Pruning 2816 in layer 9
2024-10-12 13:54:50,069 Gathering metrics
2024-10-12 13:55:24,657 {'acc1': 0.8236386138613861, 'acc5': 0.9616336633663366, 'loss': 86.56323753297329, 'macs': 39643924968, 'params': 202565096, 'model_size': 772.7245178222656, 'inference_time': 0}
2024-10-12 13:55:24,684 Pruning 3072 in layer 9
2024-10-12 13:55:25,695 Gathering metrics
2024-10-12 13:56:00,274 {'acc1': 0.8236386138613861, 'acc5': 0.9597772277227723, 'loss': 87.17452661693096, 'macs': 39540589800, 'params': 202040552, 'model_size': 770.7235412597656, 'inference_time': 0}
2024-10-12 13:56:00,301 Pruning 3328 in layer 9
2024-10-12 13:56:01,157 Gathering metrics
2024-10-12 13:56:35,604 {'acc1': 0.8214727722772277, 'acc5': 0.9591584158415841, 'loss': 87.85488160699606, 'macs': 39437254632, 'params': 201516008, 'model_size': 768.7225646972656, 'inference_time': 0}
2024-10-12 13:56:35,632 Pruning 256 in layer 8
2024-10-12 13:56:41,083 Gathering metrics
2024-10-12 13:57:15,516 {'acc1': 0.823019801980198, 'acc5': 0.9600866336633663, 'loss': 87.43575559556484, 'macs': 39437254632, 'params': 201516008, 'model_size': 768.7225646972656, 'inference_time': 0}
2024-10-12 13:57:15,543 Pruning 512 in layer 8
2024-10-12 13:57:20,281 Gathering metrics
2024-10-12 13:57:54,808 {'acc1': 0.8217821782178217, 'acc5': 0.9594678217821783, 'loss': 87.68256784975529, 'macs': 39333919464, 'params': 200991464, 'model_size': 766.7215881347656, 'inference_time': 0}
2024-10-12 13:57:54,836 Pruning 768 in layer 8
2024-10-12 13:57:58,983 Gathering metrics
2024-10-12 13:58:33,236 {'acc1': 0.8211633663366337, 'acc5': 0.9594678217821783, 'loss': 88.0382766649127, 'macs': 39230584296, 'params': 200466920, 'model_size': 764.7206115722656, 'inference_time': 0}
2024-10-12 13:58:33,262 Pruning 1024 in layer 8
2024-10-12 13:58:36,876 Gathering metrics
2024-10-12 13:59:11,128 {'acc1': 0.8211633663366337, 'acc5': 0.9591584158415841, 'loss': 88.32700159400702, 'macs': 39127249128, 'params': 199942376, 'model_size': 762.7196350097656, 'inference_time': 0}
2024-10-12 13:59:11,155 Pruning 1280 in layer 8
2024-10-12 13:59:14,317 Gathering metrics
2024-10-12 13:59:48,534 {'acc1': 0.8205445544554455, 'acc5': 0.9579207920792079, 'loss': 88.68098648637533, 'macs': 39023913960, 'params': 199417832, 'model_size': 760.7186584472656, 'inference_time': 0}
2024-10-12 13:59:48,561 Pruning 1536 in layer 8
2024-10-12 13:59:51,300 Gathering metrics
2024-10-12 14:00:25,556 {'acc1': 0.8199257425742574, 'acc5': 0.9569925742574258, 'loss': 89.07569902390242, 'macs': 38920578792, 'params': 198893288, 'model_size': 758.7176818847656, 'inference_time': 0}
2024-10-12 14:00:25,583 Pruning 256 in layer 7
2024-10-12 14:00:31,061 Gathering metrics
2024-10-12 14:01:05,355 {'acc1': 0.8193069306930693, 'acc5': 0.9576113861386139, 'loss': 88.68149486929178, 'macs': 38920578792, 'params': 198893288, 'model_size': 758.7176818847656, 'inference_time': 0}
2024-10-12 14:01:05,382 Pruning 512 in layer 7
2024-10-12 14:01:10,129 Gathering metrics
2024-10-12 14:01:44,491 {'acc1': 0.8196163366336634, 'acc5': 0.9573019801980198, 'loss': 88.74947521835566, 'macs': 38817243624, 'params': 198368744, 'model_size': 756.7167053222656, 'inference_time': 0}
2024-10-12 14:01:44,519 Pruning 768 in layer 7
2024-10-12 14:01:48,680 Gathering metrics
2024-10-12 14:02:22,742 {'acc1': 0.8193069306930693, 'acc5': 0.9576113861386139, 'loss': 88.88910534232855, 'macs': 38713908456, 'params': 197844200, 'model_size': 754.7157287597656, 'inference_time': 0}
2024-10-12 14:02:22,768 Pruning 1024 in layer 7
2024-10-12 14:02:26,367 Gathering metrics
2024-10-12 14:03:00,701 {'acc1': 0.8183787128712872, 'acc5': 0.9566831683168316, 'loss': 89.03834664821625, 'macs': 38610573288, 'params': 197319656, 'model_size': 752.7147521972656, 'inference_time': 0}
2024-10-12 14:03:00,817 Pruning 1280 in layer 7
2024-10-12 14:03:03,957 Gathering metrics
2024-10-12 14:03:37,986 {'acc1': 0.818069306930693, 'acc5': 0.9560643564356436, 'loss': 89.22096944600344, 'macs': 38507238120, 'params': 196795112, 'model_size': 750.7137756347656, 'inference_time': 0}
2024-10-12 14:03:38,014 Pruning 1536 in layer 7
2024-10-12 14:03:40,761 Gathering metrics
2024-10-12 14:04:14,894 {'acc1': 0.817450495049505, 'acc5': 0.9557549504950495, 'loss': 89.4095817655325, 'macs': 38403902952, 'params': 196270568, 'model_size': 748.7127990722656, 'inference_time': 0}
2024-10-12 14:04:14,922 Pruning 1792 in layer 7
2024-10-12 14:04:17,248 Gathering metrics
2024-10-12 14:04:51,481 {'acc1': 0.8168316831683168, 'acc5': 0.9557549504950495, 'loss': 89.64489328116179, 'macs': 38300567784, 'params': 195746024, 'model_size': 746.7118225097656, 'inference_time': 0}
2024-10-12 14:04:51,509 Pruning 256 in layer 6
2024-10-12 14:04:57,000 Gathering metrics
2024-10-12 14:05:32,872 {'acc1': 0.817450495049505, 'acc5': 0.9551361386138614, 'loss': 89.3850482031703, 'macs': 38300567784, 'params': 195746024, 'model_size': 746.7118225097656, 'inference_time': 0}
2024-10-12 14:05:32,911 Pruning 512 in layer 6
2024-10-12 14:05:37,838 Gathering metrics
2024-10-12 14:06:17,765 {'acc1': 0.817759900990099, 'acc5': 0.9551361386138614, 'loss': 89.35785038769245, 'macs': 38197232616, 'params': 195221480, 'model_size': 744.7108459472656, 'inference_time': 0}
2024-10-12 14:06:17,803 Pruning 768 in layer 6
2024-10-12 14:06:22,333 Gathering metrics
2024-10-12 14:07:02,693 {'acc1': 0.8162128712871287, 'acc5': 0.9545173267326733, 'loss': 89.56534383445978, 'macs': 38093897448, 'params': 194696936, 'model_size': 742.7098693847656, 'inference_time': 0}
2024-10-12 14:07:02,732 Pruning 1024 in layer 6
2024-10-12 14:07:06,685 Gathering metrics
2024-10-12 14:07:47,731 {'acc1': 0.8152846534653465, 'acc5': 0.9545173267326733, 'loss': 89.564174734056, 'macs': 37990562280, 'params': 194172392, 'model_size': 740.7088928222656, 'inference_time': 0}
2024-10-12 14:07:47,773 Pruning 1280 in layer 6
2024-10-12 14:07:51,260 Gathering metrics
2024-10-12 14:08:31,278 {'acc1': 0.8159034653465347, 'acc5': 0.9542079207920792, 'loss': 89.5375817194581, 'macs': 37887227112, 'params': 193647848, 'model_size': 738.7079162597656, 'inference_time': 0}
2024-10-12 14:08:31,319 Pruning 1536 in layer 6
2024-10-12 14:08:34,341 Gathering metrics
2024-10-12 14:09:15,726 {'acc1': 0.8155940594059405, 'acc5': 0.9538985148514851, 'loss': 89.55435737222433, 'macs': 37783891944, 'params': 193123304, 'model_size': 736.7069396972656, 'inference_time': 0}
2024-10-12 14:09:15,766 Pruning 1792 in layer 6
2024-10-12 14:09:18,359 Gathering metrics
2024-10-12 14:09:58,733 {'acc1': 0.8155940594059405, 'acc5': 0.9542079207920792, 'loss': 89.73062461614609, 'macs': 37680556776, 'params': 192598760, 'model_size': 734.7059631347656, 'inference_time': 0}
2024-10-12 14:09:58,774 Pruning 2048 in layer 6
2024-10-12 14:10:01,022 Gathering metrics
2024-10-12 14:10:42,027 {'acc1': 0.8165222772277227, 'acc5': 0.9538985148514851, 'loss': 90.03136820346117, 'macs': 37577221608, 'params': 192074216, 'model_size': 732.7049865722656, 'inference_time': 0}
2024-10-12 14:10:42,067 Pruning 2304 in layer 6
2024-10-12 14:10:43,975 Gathering metrics
2024-10-12 14:11:23,671 {'acc1': 0.8146658415841584, 'acc5': 0.9542079207920792, 'loss': 90.38581448048353, 'macs': 37473886440, 'params': 191549672, 'model_size': 730.7040100097656, 'inference_time': 0}
2024-10-12 14:11:23,711 Pruning 2560 in layer 6
2024-10-12 14:11:25,350 Gathering metrics
2024-10-12 14:12:04,019 {'acc1': 0.8137376237623762, 'acc5': 0.9542079207920792, 'loss': 90.74471204727888, 'macs': 37370551272, 'params': 191025128, 'model_size': 728.7030334472656, 'inference_time': 0}
2024-10-12 14:12:04,137 Pruning 256 in layer 5
2024-10-12 14:12:09,604 Gathering metrics
2024-10-12 14:12:43,617 {'acc1': 0.8155940594059405, 'acc5': 0.9538985148514851, 'loss': 90.6067991182208, 'macs': 37370551272, 'params': 191025128, 'model_size': 728.7030334472656, 'inference_time': 0}
2024-10-12 14:12:43,645 Pruning 512 in layer 5
2024-10-12 14:12:48,402 Gathering metrics
2024-10-12 14:13:22,106 {'acc1': 0.8143564356435643, 'acc5': 0.9542079207920792, 'loss': 90.88159762322903, 'macs': 37267216104, 'params': 190500584, 'model_size': 726.7020568847656, 'inference_time': 0}
2024-10-12 14:13:22,134 Pruning 768 in layer 5
2024-10-12 14:13:26,287 Gathering metrics
2024-10-12 14:13:59,851 {'acc1': 0.8149752475247525, 'acc5': 0.9548267326732673, 'loss': 91.32416263222694, 'macs': 37163880936, 'params': 189976040, 'model_size': 724.7010803222656, 'inference_time': 0}
2024-10-12 14:13:59,877 Pruning 1024 in layer 5
2024-10-12 14:14:03,500 Gathering metrics
2024-10-12 14:14:37,206 {'acc1': 0.8143564356435643, 'acc5': 0.9542079207920792, 'loss': 91.67226260900497, 'macs': 37060545768, 'params': 189451496, 'model_size': 722.7001037597656, 'inference_time': 0}
2024-10-12 14:14:37,234 Pruning 1280 in layer 5
2024-10-12 14:14:40,377 Gathering metrics
2024-10-12 14:15:14,061 {'acc1': 0.8137376237623762, 'acc5': 0.9538985148514851, 'loss': 91.9292506724596, 'macs': 36957210600, 'params': 188926952, 'model_size': 720.6991271972656, 'inference_time': 0}
2024-10-12 14:15:14,088 Pruning 1536 in layer 5
2024-10-12 14:15:16,829 Gathering metrics
2024-10-12 14:15:50,547 {'acc1': 0.8112623762376238, 'acc5': 0.9532797029702971, 'loss': 92.23462124168873, 'macs': 36853875432, 'params': 188402408, 'model_size': 718.6981506347656, 'inference_time': 0}
2024-10-12 14:15:50,575 Pruning 1792 in layer 5
2024-10-12 14:15:52,884 Gathering metrics
2024-10-12 14:16:26,112 {'acc1': 0.812190594059406, 'acc5': 0.9535891089108911, 'loss': 92.53431355953217, 'macs': 36750540264, 'params': 187877864, 'model_size': 716.6971740722656, 'inference_time': 0}
2024-10-12 14:16:26,139 Pruning 2048 in layer 5
2024-10-12 14:16:28,112 Gathering metrics
2024-10-12 14:17:01,796 {'acc1': 0.8118811881188119, 'acc5': 0.9542079207920792, 'loss': 92.97156877815723, 'macs': 36647205096, 'params': 187353320, 'model_size': 714.6961975097656, 'inference_time': 0}
2024-10-12 14:17:01,823 Pruning 2304 in layer 5
2024-10-12 14:17:03,521 Gathering metrics
2024-10-12 14:17:36,938 {'acc1': 0.8112623762376238, 'acc5': 0.9532797029702971, 'loss': 93.23049519956112, 'macs': 36543869928, 'params': 186828776, 'model_size': 712.6952209472656, 'inference_time': 0}
2024-10-12 14:17:36,966 Pruning 2560 in layer 5
2024-10-12 14:17:38,389 Gathering metrics
2024-10-12 14:18:11,989 {'acc1': 0.8118811881188119, 'acc5': 0.9529702970297029, 'loss': 93.57085981220007, 'macs': 36440534760, 'params': 186304232, 'model_size': 710.6942443847656, 'inference_time': 0}
2024-10-12 14:18:12,017 Pruning 2816 in layer 5
2024-10-12 14:18:13,214 Gathering metrics
2024-10-12 14:18:46,450 {'acc1': 0.8100247524752475, 'acc5': 0.9535891089108911, 'loss': 93.99146346747875, 'macs': 36337199592, 'params': 185779688, 'model_size': 708.6932678222656, 'inference_time': 0}
2024-10-12 14:18:46,477 Pruning 256 in layer 4
2024-10-12 14:18:51,964 Gathering metrics
2024-10-12 14:19:26,984 {'acc1': 0.8106435643564357, 'acc5': 0.9535891089108911, 'loss': 93.8277726918459, 'macs': 36337199592, 'params': 185779688, 'model_size': 708.6932678222656, 'inference_time': 0}
2024-10-12 14:19:27,011 Pruning 512 in layer 4
2024-10-12 14:19:31,735 Gathering metrics
2024-10-12 14:20:07,957 {'acc1': 0.8106435643564357, 'acc5': 0.9535891089108911, 'loss': 94.11410503089428, 'macs': 36233864424, 'params': 185255144, 'model_size': 706.6922912597656, 'inference_time': 0}
2024-10-12 14:20:07,984 Pruning 768 in layer 4
2024-10-12 14:20:12,155 Gathering metrics
2024-10-12 14:20:49,312 {'acc1': 0.8084777227722773, 'acc5': 0.9523514851485149, 'loss': 94.34088414907455, 'macs': 36130529256, 'params': 184730600, 'model_size': 704.6913146972656, 'inference_time': 0}
2024-10-12 14:20:49,696 Pruning 1024 in layer 4
2024-10-12 14:20:53,632 Gathering metrics
2024-10-12 14:21:31,220 {'acc1': 0.807549504950495, 'acc5': 0.9529702970297029, 'loss': 94.59468784928322, 'macs': 36027194088, 'params': 184206056, 'model_size': 702.6903381347656, 'inference_time': 0}
2024-10-12 14:21:31,250 Pruning 256 in layer 3
2024-10-12 14:21:36,737 Gathering metrics
2024-10-12 14:22:10,189 {'acc1': 0.806930693069307, 'acc5': 0.9532797029702971, 'loss': 94.46391970664263, 'macs': 36027194088, 'params': 184206056, 'model_size': 702.6903381347656, 'inference_time': 0}
2024-10-12 14:22:10,216 Pruning 512 in layer 3
2024-10-12 14:22:14,938 Gathering metrics
2024-10-12 14:22:48,023 {'acc1': 0.8056930693069307, 'acc5': 0.9520420792079208, 'loss': 94.57542300224304, 'macs': 35923858920, 'params': 183681512, 'model_size': 700.6893615722656, 'inference_time': 0}
2024-10-12 14:22:48,051 Pruning 768 in layer 3
2024-10-12 14:22:52,180 Gathering metrics
2024-10-12 14:23:25,151 {'acc1': 0.8047648514851485, 'acc5': 0.9511138613861386, 'loss': 94.8221016228199, 'macs': 35820523752, 'params': 183156968, 'model_size': 698.6883850097656, 'inference_time': 0}
2024-10-12 14:23:25,179 Pruning 256 in layer 2
2024-10-12 14:23:30,641 Gathering metrics
2024-10-12 14:24:09,451 {'acc1': 0.8078589108910891, 'acc5': 0.9526608910891089, 'loss': 94.6851415336132, 'macs': 35820523752, 'params': 183156968, 'model_size': 698.6883850097656, 'inference_time': 0}
2024-10-12 14:24:09,490 Pruning 512 in layer 2
2024-10-12 14:24:14,638 Gathering metrics
2024-10-12 14:24:54,812 {'acc1': 0.8066212871287128, 'acc5': 0.9526608910891089, 'loss': 94.8133926987648, 'macs': 35717188584, 'params': 182632424, 'model_size': 696.6874084472656, 'inference_time': 0}
2024-10-12 14:24:54,853 Pruning 768 in layer 2
2024-10-12 14:24:59,357 Gathering metrics
2024-10-12 14:25:35,775 {'acc1': 0.8053836633663366, 'acc5': 0.9517326732673267, 'loss': 94.91542035341263, 'macs': 35613853416, 'params': 182107880, 'model_size': 694.6864318847656, 'inference_time': 0}
2024-10-12 14:25:35,804 Pruning 1024 in layer 2
2024-10-12 14:25:39,411 Gathering metrics
2024-10-12 14:26:12,677 {'acc1': 0.8038366336633663, 'acc5': 0.9517326732673267, 'loss': 95.21453166007996, 'macs': 35510518248, 'params': 181583336, 'model_size': 692.6854553222656, 'inference_time': 0}
2024-10-12 14:26:12,705 Pruning 1280 in layer 2
2024-10-12 14:26:15,845 Gathering metrics
2024-10-12 14:26:48,789 {'acc1': 0.8041460396039604, 'acc5': 0.9489480198019802, 'loss': 95.63282907009125, 'macs': 35407183080, 'params': 181058792, 'model_size': 690.6844787597656, 'inference_time': 0}
2024-10-12 14:26:48,817 Pruning 1536 in layer 2
2024-10-12 14:26:51,565 Gathering metrics
2024-10-12 14:27:24,863 {'acc1': 0.8025990099009901, 'acc5': 0.9489480198019802, 'loss': 96.07102720439434, 'macs': 35303847912, 'params': 180534248, 'model_size': 688.6835021972656, 'inference_time': 0}
2024-10-12 14:27:24,891 Pruning 1792 in layer 2
2024-10-12 14:27:27,219 Gathering metrics
2024-10-12 14:28:00,026 {'acc1': 0.8010519801980198, 'acc5': 0.9464727722772277, 'loss': 96.34063738584518, 'macs': 35200512744, 'params': 180009704, 'model_size': 686.6825256347656, 'inference_time': 0}
2024-10-12 14:28:00,054 Pruning 256 in layer 1
2024-10-12 14:28:05,539 Gathering metrics
2024-10-12 14:28:38,343 {'acc1': 0.8038366336633663, 'acc5': 0.9483292079207921, 'loss': 96.9590132534504, 'macs': 35200512744, 'params': 180009704, 'model_size': 686.6825256347656, 'inference_time': 0}
2024-10-12 14:28:38,529 Pruning 512 in layer 1
2024-10-12 14:28:43,262 Gathering metrics
2024-10-12 14:29:15,907 {'acc1': 0.8022896039603961, 'acc5': 0.948019801980198, 'loss': 97.85720638930798, 'macs': 35097177576, 'params': 179485160, 'model_size': 684.6815490722656, 'inference_time': 0}
2024-10-12 14:29:15,934 Pruning 768 in layer 1
2024-10-12 14:29:20,074 Gathering metrics
2024-10-12 14:29:52,676 {'acc1': 0.7991955445544554, 'acc5': 0.9458539603960396, 'loss': 99.04393541812897, 'macs': 34993842408, 'params': 178960616, 'model_size': 682.6805725097656, 'inference_time': 0}
2024-10-12 14:29:52,702 Pruning 1024 in layer 1
2024-10-12 14:29:56,353 Gathering metrics
2024-10-12 14:30:29,203 {'acc1': 0.7979579207920792, 'acc5': 0.9449257425742574, 'loss': 100.32963059842587, 'macs': 34890507240, 'params': 178436072, 'model_size': 680.6795959472656, 'inference_time': 0}
2024-10-12 14:30:29,231 Pruning 256 in layer 0
2024-10-12 14:30:34,709 Gathering metrics
2024-10-12 14:31:07,649 {'acc1': 0.7967202970297029, 'acc5': 0.9433787128712872, 'loss': 101.41541494429111, 'macs': 34890507240, 'params': 178436072, 'model_size': 680.6795959472656, 'inference_time': 0}
2024-10-12 14:31:07,676 Pruning 512 in layer 0
2024-10-12 14:31:12,420 Gathering metrics
2024-10-12 14:31:44,958 {'acc1': 0.7911509900990099, 'acc5': 0.942759900990099, 'loss': 105.5927354991436, 'macs': 34787172072, 'params': 177911528, 'model_size': 678.6786193847656, 'inference_time': 0}
2024-10-12 14:31:44,978 Experiment finished
