2024-10-12 10:53:49,588 Starting experiment outputs/adaptive/vit_l_16/l1
2024-10-12 10:53:49,588 Loading the original model
2024-10-12 10:53:50,682 Gathering metrics of the original model
2024-10-12 10:55:14,062 {'acc1': 0.8428217821782178, 'acc5': 0.968440594059406, 'loss': 72.06203799694777, 'macs': 59690947560, 'params': 304326632, 'model_size': 1160.9139709472656, 'inference_time': 0}
2024-10-12 10:55:14,092 Pruning 256 in layer 23
2024-10-12 10:55:14,111 Gathering metrics
2024-10-12 10:56:36,037 {'acc1': 0.8428217821782178, 'acc5': 0.968440594059406, 'loss': 72.06203801184893, 'macs': 59587612392, 'params': 303802088, 'model_size': 1158.9129943847656, 'inference_time': 0}
2024-10-12 10:56:36,072 Pruning 512 in layer 23
2024-10-12 10:56:36,073 Gathering metrics
2024-10-12 10:57:57,462 {'acc1': 0.8428217821782178, 'acc5': 0.968440594059406, 'loss': 72.06203801184893, 'macs': 59484277224, 'params': 303277544, 'model_size': 1156.9120178222656, 'inference_time': 0}
2024-10-12 10:57:57,492 Pruning 768 in layer 23
2024-10-12 10:57:57,494 Gathering metrics
2024-10-12 10:59:18,305 {'acc1': 0.8428217821782178, 'acc5': 0.968440594059406, 'loss': 72.06203795224428, 'macs': 59380942056, 'params': 302753000, 'model_size': 1154.9110412597656, 'inference_time': 0}
2024-10-12 10:59:18,333 Pruning 1024 in layer 23
2024-10-12 10:59:18,335 Gathering metrics
2024-10-12 11:00:39,200 {'acc1': 0.8428217821782178, 'acc5': 0.968440594059406, 'loss': 72.06203784048557, 'macs': 59277606888, 'params': 302228456, 'model_size': 1152.9100646972656, 'inference_time': 0}
2024-10-12 11:00:39,227 Pruning 1280 in layer 23
2024-10-12 11:00:39,229 Gathering metrics
2024-10-12 11:02:00,352 {'acc1': 0.8428217821782178, 'acc5': 0.968440594059406, 'loss': 72.06203716248274, 'macs': 59174271720, 'params': 301703912, 'model_size': 1150.9090881347656, 'inference_time': 0}
2024-10-12 11:02:00,379 Pruning 1536 in layer 23
2024-10-12 11:02:00,380 Gathering metrics
2024-10-12 11:03:21,263 {'acc1': 0.8428217821782178, 'acc5': 0.968440594059406, 'loss': 72.06203720718622, 'macs': 59070936552, 'params': 301179368, 'model_size': 1148.9081115722656, 'inference_time': 0}
2024-10-12 11:03:21,290 Pruning 1792 in layer 23
2024-10-12 11:03:21,292 Gathering metrics
2024-10-12 11:04:42,189 {'acc1': 0.8428217821782178, 'acc5': 0.968440594059406, 'loss': 72.06203757971525, 'macs': 58967601384, 'params': 300654824, 'model_size': 1146.9071350097656, 'inference_time': 0}
2024-10-12 11:04:42,219 Pruning 2048 in layer 23
2024-10-12 11:04:42,221 Gathering metrics
2024-10-12 11:06:03,222 {'acc1': 0.8428217821782178, 'acc5': 0.968440594059406, 'loss': 72.06203701347113, 'macs': 58864266216, 'params': 300130280, 'model_size': 1144.9061584472656, 'inference_time': 0}
2024-10-12 11:06:03,248 Pruning 2304 in layer 23
2024-10-12 11:06:03,249 Gathering metrics
2024-10-12 11:07:23,633 {'acc1': 0.8428217821782178, 'acc5': 0.968440594059406, 'loss': 72.06203646212816, 'macs': 58760931048, 'params': 299605736, 'model_size': 1142.9051818847656, 'inference_time': 0}
2024-10-12 11:07:23,661 Pruning 2560 in layer 23
2024-10-12 11:07:23,662 Gathering metrics
2024-10-12 11:08:43,623 {'acc1': 0.8428217821782178, 'acc5': 0.968440594059406, 'loss': 72.06203655898571, 'macs': 58657595880, 'params': 299081192, 'model_size': 1140.9042053222656, 'inference_time': 0}
2024-10-12 11:08:43,653 Pruning 2816 in layer 23
2024-10-12 11:08:43,654 Gathering metrics
2024-10-12 11:10:04,275 {'acc1': 0.8428217821782178, 'acc5': 0.968440594059406, 'loss': 72.0620366036892, 'macs': 58554260712, 'params': 298556648, 'model_size': 1138.9032287597656, 'inference_time': 0}
2024-10-12 11:10:04,303 Pruning 3072 in layer 23
2024-10-12 11:10:04,304 Gathering metrics
2024-10-12 11:11:24,586 {'acc1': 0.8428217821782178, 'acc5': 0.968440594059406, 'loss': 72.06203635036945, 'macs': 58450925544, 'params': 298032104, 'model_size': 1136.9022521972656, 'inference_time': 0}
2024-10-12 11:11:24,614 Pruning 3328 in layer 23
2024-10-12 11:11:24,615 Gathering metrics
2024-10-12 11:12:44,516 {'acc1': 0.8428217821782178, 'acc5': 0.968440594059406, 'loss': 72.06203626096249, 'macs': 58347590376, 'params': 297507560, 'model_size': 1134.9012756347656, 'inference_time': 0}
2024-10-12 11:12:44,644 Pruning 3584 in layer 23
2024-10-12 11:12:44,646 Gathering metrics
2024-10-12 11:14:04,961 {'acc1': 0.8428217821782178, 'acc5': 0.968440594059406, 'loss': 72.06203541904688, 'macs': 58244255208, 'params': 296983016, 'model_size': 1132.9002990722656, 'inference_time': 0}
2024-10-12 11:14:04,991 Pruning 3840 in layer 23
2024-10-12 11:14:04,992 Gathering metrics
2024-10-12 11:15:24,959 {'acc1': 0.8428217821782178, 'acc5': 0.968440594059406, 'loss': 72.06203457713127, 'macs': 58140920040, 'params': 296458472, 'model_size': 1130.8993225097656, 'inference_time': 0}
2024-10-12 11:15:24,988 Pruning 256 in layer 22
2024-10-12 11:15:24,989 Gathering metrics
2024-10-12 11:16:44,871 {'acc1': 0.8428217821782178, 'acc5': 0.968440594059406, 'loss': 72.06203281879425, 'macs': 58140920040, 'params': 296458472, 'model_size': 1130.8993225097656, 'inference_time': 0}
2024-10-12 11:16:44,899 Pruning 512 in layer 22
2024-10-12 11:16:44,900 Gathering metrics
2024-10-12 11:18:04,871 {'acc1': 0.8428217821782178, 'acc5': 0.968440594059406, 'loss': 72.06198562681675, 'macs': 58037584872, 'params': 295933928, 'model_size': 1128.8983459472656, 'inference_time': 0}
2024-10-12 11:18:04,900 Pruning 768 in layer 22
2024-10-12 11:18:04,901 Gathering metrics
2024-10-12 11:19:24,701 {'acc1': 0.8428217821782178, 'acc5': 0.968440594059406, 'loss': 72.06185976415873, 'macs': 57934249704, 'params': 295409384, 'model_size': 1126.8973693847656, 'inference_time': 0}
2024-10-12 11:19:24,731 Pruning 1024 in layer 22
2024-10-12 11:19:24,733 Gathering metrics
2024-10-12 11:20:44,021 {'acc1': 0.8428217821782178, 'acc5': 0.968440594059406, 'loss': 72.06165765970945, 'macs': 57830914536, 'params': 294884840, 'model_size': 1124.8963928222656, 'inference_time': 0}
2024-10-12 11:20:44,050 Pruning 1280 in layer 22
2024-10-12 11:20:44,051 Gathering metrics
2024-10-12 11:22:03,775 {'acc1': 0.8428217821782178, 'acc5': 0.968440594059406, 'loss': 72.06138018518686, 'macs': 57727579368, 'params': 294360296, 'model_size': 1122.8954162597656, 'inference_time': 0}
2024-10-12 11:22:03,803 Pruning 1536 in layer 22
2024-10-12 11:22:03,805 Gathering metrics
2024-10-12 11:23:22,960 {'acc1': 0.8428217821782178, 'acc5': 0.968440594059406, 'loss': 72.0610276684165, 'macs': 57624244200, 'params': 293835752, 'model_size': 1120.8944396972656, 'inference_time': 0}
2024-10-12 11:23:22,990 Pruning 1792 in layer 22
2024-10-12 11:23:22,991 Gathering metrics
2024-10-12 11:24:42,138 {'acc1': 0.8428217821782178, 'acc5': 0.968440594059406, 'loss': 72.06059857457876, 'macs': 57520909032, 'params': 293311208, 'model_size': 1118.8934631347656, 'inference_time': 0}
2024-10-12 11:24:42,167 Pruning 2048 in layer 22
2024-10-12 11:24:42,169 Gathering metrics
2024-10-12 11:26:01,349 {'acc1': 0.8428217821782178, 'acc5': 0.968440594059406, 'loss': 72.06009197235107, 'macs': 57417573864, 'params': 292786664, 'model_size': 1116.8924865722656, 'inference_time': 0}
2024-10-12 11:26:01,379 Pruning 2304 in layer 22
2024-10-12 11:26:01,381 Gathering metrics
2024-10-12 11:27:21,036 {'acc1': 0.8428217821782178, 'acc5': 0.968440594059406, 'loss': 72.05952826887369, 'macs': 57314238696, 'params': 292262120, 'model_size': 1114.8915100097656, 'inference_time': 0}
2024-10-12 11:27:21,067 Pruning 2560 in layer 22
2024-10-12 11:27:21,068 Gathering metrics
2024-10-12 11:28:40,110 {'acc1': 0.8428217821782178, 'acc5': 0.968440594059406, 'loss': 72.0588985234499, 'macs': 57210903528, 'params': 291737576, 'model_size': 1112.8905334472656, 'inference_time': 0}
2024-10-12 11:28:40,139 Pruning 2816 in layer 22
2024-10-12 11:28:40,141 Gathering metrics
2024-10-12 11:29:59,301 {'acc1': 0.8428217821782178, 'acc5': 0.968440594059406, 'loss': 72.05819912999868, 'macs': 57107568360, 'params': 291213032, 'model_size': 1110.8895568847656, 'inference_time': 0}
2024-10-12 11:29:59,331 Pruning 3072 in layer 22
2024-10-12 11:29:59,333 Gathering metrics
2024-10-12 11:31:18,555 {'acc1': 0.8428217821782178, 'acc5': 0.968440594059406, 'loss': 72.05739682912827, 'macs': 57004233192, 'params': 290688488, 'model_size': 1108.8885803222656, 'inference_time': 0}
2024-10-12 11:31:18,683 Pruning 3328 in layer 22
2024-10-12 11:31:18,684 Gathering metrics
2024-10-12 11:32:37,354 {'acc1': 0.8428217821782178, 'acc5': 0.968440594059406, 'loss': 72.05641034245491, 'macs': 56900898024, 'params': 290163944, 'model_size': 1106.8876037597656, 'inference_time': 0}
2024-10-12 11:32:37,385 Pruning 3584 in layer 22
2024-10-12 11:32:37,386 Gathering metrics
2024-10-12 11:33:56,001 {'acc1': 0.8428217821782178, 'acc5': 0.968440594059406, 'loss': 72.05447047203779, 'macs': 56797562856, 'params': 289639400, 'model_size': 1104.8866271972656, 'inference_time': 0}
2024-10-12 11:33:56,029 Pruning 3840 in layer 22
2024-10-12 11:33:56,031 Gathering metrics
2024-10-12 11:35:15,438 {'acc1': 0.8428217821782178, 'acc5': 0.968440594059406, 'loss': 71.95808112621307, 'macs': 56694227688, 'params': 289114856, 'model_size': 1102.8856506347656, 'inference_time': 0}
2024-10-12 11:35:15,469 Pruning 256 in layer 21
2024-10-12 11:35:15,470 Gathering metrics
2024-10-12 11:36:34,007 {'acc1': 0.8428217821782178, 'acc5': 0.968440594059406, 'loss': 72.09203756600618, 'macs': 56694227688, 'params': 289114856, 'model_size': 1102.8856506347656, 'inference_time': 0}
2024-10-12 11:36:34,036 Pruning 512 in layer 21
2024-10-12 11:36:34,037 Gathering metrics
2024-10-12 11:37:52,322 {'acc1': 0.8428217821782178, 'acc5': 0.968440594059406, 'loss': 72.27240017801523, 'macs': 56590892520, 'params': 288590312, 'model_size': 1100.8846740722656, 'inference_time': 0}
2024-10-12 11:37:52,353 Pruning 768 in layer 21
2024-10-12 11:37:52,355 Gathering metrics
2024-10-12 11:39:10,889 {'acc1': 0.8428217821782178, 'acc5': 0.968440594059406, 'loss': 72.58126045018435, 'macs': 56487557352, 'params': 288065768, 'model_size': 1098.8836975097656, 'inference_time': 0}
2024-10-12 11:39:10,918 Pruning 1024 in layer 21
2024-10-12 11:39:10,919 Gathering metrics
2024-10-12 11:40:29,048 {'acc1': 0.8428217821782178, 'acc5': 0.968440594059406, 'loss': 72.99298680573702, 'macs': 56384222184, 'params': 287541224, 'model_size': 1096.8827209472656, 'inference_time': 0}
2024-10-12 11:40:29,077 Pruning 1280 in layer 21
2024-10-12 11:40:29,079 Gathering metrics
2024-10-12 11:41:47,024 {'acc1': 0.8428217821782178, 'acc5': 0.968440594059406, 'loss': 73.50408343970776, 'macs': 56280887016, 'params': 287016680, 'model_size': 1094.8817443847656, 'inference_time': 0}
2024-10-12 11:41:47,052 Pruning 1536 in layer 21
2024-10-12 11:41:47,054 Gathering metrics
2024-10-12 11:43:05,081 {'acc1': 0.8428217821782178, 'acc5': 0.968440594059406, 'loss': 74.12165935337543, 'macs': 56177551848, 'params': 286492136, 'model_size': 1092.8807678222656, 'inference_time': 0}
2024-10-12 11:43:05,108 Pruning 1792 in layer 21
2024-10-12 11:43:05,109 Gathering metrics
2024-10-12 11:44:23,455 {'acc1': 0.8428217821782178, 'acc5': 0.968440594059406, 'loss': 74.85836778581142, 'macs': 56074216680, 'params': 285967592, 'model_size': 1090.8797912597656, 'inference_time': 0}
2024-10-12 11:44:23,484 Pruning 2048 in layer 21
2024-10-12 11:44:23,486 Gathering metrics
2024-10-12 11:45:41,232 {'acc1': 0.8428217821782178, 'acc5': 0.968440594059406, 'loss': 75.72804820537567, 'macs': 55970881512, 'params': 285443048, 'model_size': 1088.8788146972656, 'inference_time': 0}
2024-10-12 11:45:41,262 Pruning 2304 in layer 21
2024-10-12 11:45:41,263 Gathering metrics
2024-10-12 11:46:58,955 {'acc1': 0.8428217821782178, 'acc5': 0.968440594059406, 'loss': 76.74724735319614, 'macs': 55867546344, 'params': 284918504, 'model_size': 1086.8778381347656, 'inference_time': 0}
2024-10-12 11:46:58,987 Pruning 2560 in layer 21
2024-10-12 11:46:58,988 Gathering metrics
2024-10-12 11:48:16,886 {'acc1': 0.8428217821782178, 'acc5': 0.968440594059406, 'loss': 77.93658043444157, 'macs': 55764211176, 'params': 284393960, 'model_size': 1084.8768615722656, 'inference_time': 0}
2024-10-12 11:48:16,917 Pruning 2816 in layer 21
2024-10-12 11:48:16,919 Gathering metrics
2024-10-12 11:49:34,602 {'acc1': 0.8428217821782178, 'acc5': 0.968440594059406, 'loss': 79.32408425211906, 'macs': 55660876008, 'params': 283869416, 'model_size': 1082.8758850097656, 'inference_time': 0}
2024-10-12 11:49:34,730 Pruning 3072 in layer 21
2024-10-12 11:49:34,732 Gathering metrics
2024-10-12 11:50:52,286 {'acc1': 0.8425123762376238, 'acc5': 0.9681311881188119, 'loss': 80.93685871362686, 'macs': 55557540840, 'params': 283344872, 'model_size': 1080.8749084472656, 'inference_time': 0}
2024-10-12 11:50:52,316 Pruning 3328 in layer 21
2024-10-12 11:50:52,317 Gathering metrics
2024-10-12 11:52:09,424 {'acc1': 0.8422029702970297, 'acc5': 0.9681311881188119, 'loss': 82.82112441956997, 'macs': 55454205672, 'params': 282820328, 'model_size': 1078.8739318847656, 'inference_time': 0}
2024-10-12 11:52:09,452 Pruning 3584 in layer 21
2024-10-12 11:52:09,454 Gathering metrics
2024-10-12 11:53:26,954 {'acc1': 0.8422029702970297, 'acc5': 0.9681311881188119, 'loss': 87.22198778390884, 'macs': 55350870504, 'params': 282295784, 'model_size': 1076.8729553222656, 'inference_time': 0}
2024-10-12 11:53:26,983 Pruning 3840 in layer 21
2024-10-12 11:53:26,984 Gathering metrics
2024-10-12 11:54:43,857 {'acc1': 0.8425123762376238, 'acc5': 0.9681311881188119, 'loss': 96.78152367472649, 'macs': 55247535336, 'params': 281771240, 'model_size': 1074.8719787597656, 'inference_time': 0}
2024-10-12 11:54:43,884 Pruning 256 in layer 20
2024-10-12 11:54:43,885 Gathering metrics
2024-10-12 11:56:00,869 {'acc1': 0.8422029702970297, 'acc5': 0.9681311881188119, 'loss': 87.22201669216156, 'macs': 55247535336, 'params': 281771240, 'model_size': 1074.8719787597656, 'inference_time': 0}
2024-10-12 11:56:00,899 Pruning 512 in layer 20
2024-10-12 11:56:00,900 Gathering metrics
2024-10-12 11:57:17,696 {'acc1': 0.8422029702970297, 'acc5': 0.9681311881188119, 'loss': 87.2221964597702, 'macs': 55144200168, 'params': 281246696, 'model_size': 1072.8710021972656, 'inference_time': 0}
2024-10-12 11:57:17,723 Pruning 768 in layer 20
2024-10-12 11:57:17,724 Gathering metrics
2024-10-12 11:58:35,015 {'acc1': 0.8422029702970297, 'acc5': 0.9681311881188119, 'loss': 87.22266358137131, 'macs': 55040865000, 'params': 280722152, 'model_size': 1070.8700256347656, 'inference_time': 0}
2024-10-12 11:58:35,046 Pruning 1024 in layer 20
2024-10-12 11:58:35,048 Gathering metrics
2024-10-12 11:59:51,753 {'acc1': 0.8422029702970297, 'acc5': 0.9681311881188119, 'loss': 87.22343873977661, 'macs': 54937529832, 'params': 280197608, 'model_size': 1068.8690490722656, 'inference_time': 0}
2024-10-12 11:59:51,782 Pruning 1280 in layer 20
2024-10-12 11:59:51,784 Gathering metrics
2024-10-12 12:01:08,542 {'acc1': 0.8422029702970297, 'acc5': 0.9681311881188119, 'loss': 87.22453600168228, 'macs': 54834194664, 'params': 279673064, 'model_size': 1066.8680725097656, 'inference_time': 0}
2024-10-12 12:01:08,573 Pruning 1536 in layer 20
2024-10-12 12:01:08,574 Gathering metrics
2024-10-12 12:02:25,083 {'acc1': 0.8422029702970297, 'acc5': 0.9681311881188119, 'loss': 87.22596821188927, 'macs': 54730859496, 'params': 279148520, 'model_size': 1064.8670959472656, 'inference_time': 0}
2024-10-12 12:02:25,111 Pruning 1792 in layer 20
2024-10-12 12:02:25,112 Gathering metrics
2024-10-12 12:03:41,829 {'acc1': 0.8422029702970297, 'acc5': 0.9681311881188119, 'loss': 87.22775056958199, 'macs': 54627524328, 'params': 278623976, 'model_size': 1062.8661193847656, 'inference_time': 0}
2024-10-12 12:03:41,858 Pruning 2048 in layer 20
2024-10-12 12:03:41,860 Gathering metrics
2024-10-12 12:04:58,307 {'acc1': 0.8422029702970297, 'acc5': 0.9681311881188119, 'loss': 87.22994926571846, 'macs': 54524189160, 'params': 278099432, 'model_size': 1060.8651428222656, 'inference_time': 0}
2024-10-12 12:04:58,336 Pruning 2304 in layer 20
2024-10-12 12:04:58,338 Gathering metrics
2024-10-12 12:06:14,348 {'acc1': 0.8422029702970297, 'acc5': 0.9681311881188119, 'loss': 87.23283442854881, 'macs': 54420853992, 'params': 277574888, 'model_size': 1058.8641662597656, 'inference_time': 0}
2024-10-12 12:06:14,482 Pruning 2560 in layer 20
2024-10-12 12:06:14,484 Gathering metrics
2024-10-12 12:07:30,874 {'acc1': 0.8422029702970297, 'acc5': 0.9681311881188119, 'loss': 87.23694634437561, 'macs': 54317518824, 'params': 277050344, 'model_size': 1056.8631896972656, 'inference_time': 0}
2024-10-12 12:07:30,903 Pruning 2816 in layer 20
2024-10-12 12:07:30,905 Gathering metrics
2024-10-12 12:08:46,912 {'acc1': 0.8422029702970297, 'acc5': 0.9681311881188119, 'loss': 87.24460968375206, 'macs': 54214183656, 'params': 276525800, 'model_size': 1054.8622131347656, 'inference_time': 0}
2024-10-12 12:08:46,941 Pruning 3072 in layer 20
2024-10-12 12:08:46,942 Gathering metrics
2024-10-12 12:10:02,649 {'acc1': 0.8422029702970297, 'acc5': 0.9681311881188119, 'loss': 87.2743259370327, 'macs': 54110848488, 'params': 276001256, 'model_size': 1052.8612365722656, 'inference_time': 0}
2024-10-12 12:10:02,681 Pruning 3328 in layer 20
2024-10-12 12:10:02,683 Gathering metrics
2024-10-12 12:11:18,581 {'acc1': 0.8422029702970297, 'acc5': 0.9681311881188119, 'loss': 87.60902404785156, 'macs': 54007513320, 'params': 275476712, 'model_size': 1050.8602600097656, 'inference_time': 0}
2024-10-12 12:11:18,611 Pruning 3584 in layer 20
2024-10-12 12:11:18,612 Gathering metrics
2024-10-12 12:12:34,564 {'acc1': 0.8425123762376238, 'acc5': 0.968440594059406, 'loss': 92.21394157409668, 'macs': 53904178152, 'params': 274952168, 'model_size': 1048.8592834472656, 'inference_time': 0}
2024-10-12 12:12:34,595 Pruning 3840 in layer 20
2024-10-12 12:12:34,597 Gathering metrics
2024-10-12 12:13:50,144 {'acc1': 0.8418935643564357, 'acc5': 0.9681311881188119, 'loss': 102.25379011034966, 'macs': 53800842984, 'params': 274427624, 'model_size': 1046.8583068847656, 'inference_time': 0}
2024-10-12 12:13:50,175 Pruning 256 in layer 19
2024-10-12 12:13:50,176 Gathering metrics
2024-10-12 12:15:05,699 {'acc1': 0.8425123762376238, 'acc5': 0.968440594059406, 'loss': 92.21448382735252, 'macs': 53800842984, 'params': 274427624, 'model_size': 1046.8583068847656, 'inference_time': 0}
2024-10-12 12:15:05,729 Pruning 512 in layer 19
2024-10-12 12:15:05,731 Gathering metrics
2024-10-12 12:16:21,511 {'acc1': 0.8425123762376238, 'acc5': 0.968440594059406, 'loss': 92.21731945872307, 'macs': 53697507816, 'params': 273903080, 'model_size': 1044.8573303222656, 'inference_time': 0}
2024-10-12 12:16:21,539 Pruning 768 in layer 19
2024-10-12 12:16:21,541 Gathering metrics
2024-10-12 12:17:37,414 {'acc1': 0.8425123762376238, 'acc5': 0.968440594059406, 'loss': 92.22301661968231, 'macs': 53594172648, 'params': 273378536, 'model_size': 1042.8563537597656, 'inference_time': 0}
2024-10-12 12:17:37,444 Pruning 1024 in layer 19
2024-10-12 12:17:37,446 Gathering metrics
2024-10-12 12:18:52,733 {'acc1': 0.8425123762376238, 'acc5': 0.968440594059406, 'loss': 92.23133724927902, 'macs': 53490837480, 'params': 272853992, 'model_size': 1040.8553771972656, 'inference_time': 0}
2024-10-12 12:18:52,763 Pruning 1280 in layer 19
2024-10-12 12:18:52,765 Gathering metrics
2024-10-12 12:20:07,834 {'acc1': 0.8425123762376238, 'acc5': 0.9681311881188119, 'loss': 92.24276748299599, 'macs': 53387502312, 'params': 272329448, 'model_size': 1038.8544006347656, 'inference_time': 0}
2024-10-12 12:20:07,864 Pruning 1536 in layer 19
2024-10-12 12:20:07,865 Gathering metrics
2024-10-12 12:21:23,159 {'acc1': 0.8425123762376238, 'acc5': 0.9681311881188119, 'loss': 92.2602604329586, 'macs': 53284167144, 'params': 271804904, 'model_size': 1036.8534240722656, 'inference_time': 0}
2024-10-12 12:21:23,189 Pruning 1792 in layer 19
2024-10-12 12:21:23,191 Gathering metrics
2024-10-12 12:22:38,138 {'acc1': 0.8425123762376238, 'acc5': 0.9681311881188119, 'loss': 92.31336969137192, 'macs': 53180831976, 'params': 271280360, 'model_size': 1034.8524475097656, 'inference_time': 0}
2024-10-12 12:22:38,169 Pruning 2048 in layer 19
2024-10-12 12:22:38,170 Gathering metrics
2024-10-12 12:23:53,151 {'acc1': 0.8425123762376238, 'acc5': 0.9681311881188119, 'loss': 93.25216111540794, 'macs': 53077496808, 'params': 270755816, 'model_size': 1032.8514709472656, 'inference_time': 0}
2024-10-12 12:23:53,282 Pruning 2304 in layer 19
2024-10-12 12:23:53,284 Gathering metrics
2024-10-12 12:25:08,109 {'acc1': 0.8428217821782178, 'acc5': 0.9675123762376238, 'loss': 94.54125416278839, 'macs': 52974161640, 'params': 270231272, 'model_size': 1030.8504943847656, 'inference_time': 0}
2024-10-12 12:25:08,140 Pruning 2560 in layer 19
2024-10-12 12:25:08,141 Gathering metrics
2024-10-12 12:26:23,202 {'acc1': 0.8428217821782178, 'acc5': 0.9675123762376238, 'loss': 96.33508196473122, 'macs': 52870826472, 'params': 269706728, 'model_size': 1028.8495178222656, 'inference_time': 0}
2024-10-12 12:26:23,233 Pruning 2816 in layer 19
2024-10-12 12:26:23,234 Gathering metrics
2024-10-12 12:27:38,040 {'acc1': 0.8428217821782178, 'acc5': 0.9675123762376238, 'loss': 97.28481683135033, 'macs': 52767491304, 'params': 269182184, 'model_size': 1026.8485412597656, 'inference_time': 0}
2024-10-12 12:27:38,072 Pruning 3072 in layer 19
2024-10-12 12:27:38,074 Gathering metrics
2024-10-12 12:28:52,734 {'acc1': 0.8418935643564357, 'acc5': 0.9678217821782178, 'loss': 100.48766955733299, 'macs': 52664156136, 'params': 268657640, 'model_size': 1024.8475646972656, 'inference_time': 0}
2024-10-12 12:28:52,765 Pruning 3328 in layer 19
2024-10-12 12:28:52,766 Gathering metrics
2024-10-12 12:30:07,549 {'acc1': 0.8425123762376238, 'acc5': 0.9678217821782178, 'loss': 103.66072562336922, 'macs': 52560820968, 'params': 268133096, 'model_size': 1022.8465881347656, 'inference_time': 0}
2024-10-12 12:30:07,582 Pruning 3584 in layer 19
2024-10-12 12:30:07,583 Gathering metrics
2024-10-12 12:31:21,934 {'acc1': 0.8425123762376238, 'acc5': 0.9678217821782178, 'loss': 99.65410649776459, 'macs': 52457485800, 'params': 267608552, 'model_size': 1020.8456115722656, 'inference_time': 0}
2024-10-12 12:31:21,961 Pruning 3840 in layer 19
2024-10-12 12:31:21,962 Gathering metrics
2024-10-12 12:32:36,977 {'acc1': 0.8425123762376238, 'acc5': 0.9675123762376238, 'loss': 97.15211457014084, 'macs': 52354150632, 'params': 267084008, 'model_size': 1018.8446350097656, 'inference_time': 0}
2024-10-12 12:32:37,007 Pruning 256 in layer 18
2024-10-12 12:32:37,009 Gathering metrics
2024-10-12 12:33:51,196 {'acc1': 0.8415841584158416, 'acc5': 0.9675123762376238, 'loss': 107.52508300542831, 'macs': 52354150632, 'params': 267084008, 'model_size': 1018.8446350097656, 'inference_time': 0}
2024-10-12 12:33:51,226 Pruning 512 in layer 18
2024-10-12 12:33:51,228 Gathering metrics
2024-10-12 12:35:05,241 {'acc1': 0.8415841584158416, 'acc5': 0.9672029702970297, 'loss': 112.80382469296455, 'macs': 52250815464, 'params': 266559464, 'model_size': 1016.8436584472656, 'inference_time': 0}
2024-10-12 12:35:05,268 Pruning 768 in layer 18
2024-10-12 12:35:05,269 Gathering metrics
2024-10-12 12:36:19,405 {'acc1': 0.8415841584158416, 'acc5': 0.9672029702970297, 'loss': 117.24994486570358, 'macs': 52147480296, 'params': 266034920, 'model_size': 1014.8426818847656, 'inference_time': 0}
2024-10-12 12:36:19,437 Pruning 1024 in layer 18
2024-10-12 12:36:19,439 Gathering metrics
2024-10-12 12:37:33,866 {'acc1': 0.8422029702970297, 'acc5': 0.9665841584158416, 'loss': 125.74562782049179, 'macs': 52044145128, 'params': 265510376, 'model_size': 1012.8417053222656, 'inference_time': 0}
2024-10-12 12:37:33,900 Pruning 1280 in layer 18
2024-10-12 12:37:33,901 Gathering metrics
2024-10-12 12:38:47,822 {'acc1': 0.8415841584158416, 'acc5': 0.9662747524752475, 'loss': 131.12159651517868, 'macs': 51940809960, 'params': 264985832, 'model_size': 1010.8407287597656, 'inference_time': 0}
2024-10-12 12:38:47,851 Pruning 1536 in layer 18
2024-10-12 12:38:47,853 Gathering metrics
2024-10-12 12:40:02,066 {'acc1': 0.8412747524752475, 'acc5': 0.9659653465346535, 'loss': 133.552388548851, 'macs': 51837474792, 'params': 264461288, 'model_size': 1008.8397521972656, 'inference_time': 0}
2024-10-12 12:40:02,100 Pruning 1792 in layer 18
2024-10-12 12:40:02,102 Gathering metrics
2024-10-12 12:41:15,935 {'acc1': 0.8412747524752475, 'acc5': 0.9662747524752475, 'loss': 134.14687758684158, 'macs': 51734139624, 'params': 263936744, 'model_size': 1006.8387756347656, 'inference_time': 0}
2024-10-12 12:41:16,067 Pruning 2048 in layer 18
2024-10-12 12:41:16,068 Gathering metrics
2024-10-12 12:42:29,469 {'acc1': 0.8409653465346535, 'acc5': 0.9662747524752475, 'loss': 133.73316252231598, 'macs': 51630804456, 'params': 263412200, 'model_size': 1004.8377990722656, 'inference_time': 0}
2024-10-12 12:42:29,500 Pruning 2304 in layer 18
2024-10-12 12:42:29,502 Gathering metrics
2024-10-12 12:43:43,428 {'acc1': 0.8418935643564357, 'acc5': 0.9668935643564357, 'loss': 127.9518421292305, 'macs': 51527469288, 'params': 262887656, 'model_size': 1002.8368225097656, 'inference_time': 0}
2024-10-12 12:43:43,459 Pruning 2560 in layer 18
2024-10-12 12:43:43,461 Gathering metrics
2024-10-12 12:44:57,208 {'acc1': 0.8422029702970297, 'acc5': 0.9665841584158416, 'loss': 119.13034504652023, 'macs': 51424134120, 'params': 262363112, 'model_size': 1000.8358459472656, 'inference_time': 0}
2024-10-12 12:44:57,239 Pruning 2816 in layer 18
2024-10-12 12:44:57,241 Gathering metrics
2024-10-12 12:46:10,551 {'acc1': 0.8428217821782178, 'acc5': 0.9665841584158416, 'loss': 110.33162471652031, 'macs': 51320798952, 'params': 261838568, 'model_size': 998.8348693847656, 'inference_time': 0}
2024-10-12 12:46:10,587 Pruning 3072 in layer 18
2024-10-12 12:46:10,589 Gathering metrics
2024-10-12 12:47:23,507 {'acc1': 0.8431311881188119, 'acc5': 0.9662747524752475, 'loss': 100.81079685688019, 'macs': 51217463784, 'params': 261314024, 'model_size': 996.8338928222656, 'inference_time': 0}
2024-10-12 12:47:23,536 Pruning 3328 in layer 18
2024-10-12 12:47:23,538 Gathering metrics
2024-10-12 12:48:36,537 {'acc1': 0.8428217821782178, 'acc5': 0.9672029702970297, 'loss': 88.39697555452585, 'macs': 51114128616, 'params': 260789480, 'model_size': 994.8329162597656, 'inference_time': 0}
2024-10-12 12:48:36,575 Pruning 3584 in layer 18
2024-10-12 12:48:36,577 Gathering metrics
2024-10-12 12:49:50,079 {'acc1': 0.8428217821782178, 'acc5': 0.9678217821782178, 'loss': 80.48129049688578, 'macs': 51010793448, 'params': 260264936, 'model_size': 992.8319396972656, 'inference_time': 0}
2024-10-12 12:49:50,107 Pruning 3840 in layer 18
2024-10-12 12:49:50,108 Gathering metrics
2024-10-12 12:51:02,934 {'acc1': 0.843440594059406, 'acc5': 0.9681311881188119, 'loss': 73.67836866155267, 'macs': 50907458280, 'params': 259740392, 'model_size': 990.8309631347656, 'inference_time': 0}
2024-10-12 12:51:02,962 Pruning 256 in layer 17
2024-10-12 12:51:02,964 Gathering metrics
2024-10-12 12:52:15,997 {'acc1': 0.8431311881188119, 'acc5': 0.9678217821782178, 'loss': 83.60852790623903, 'macs': 50907458280, 'params': 259740392, 'model_size': 990.8309631347656, 'inference_time': 0}
2024-10-12 12:52:16,030 Pruning 512 in layer 17
2024-10-12 12:52:16,032 Gathering metrics
2024-10-12 12:53:28,630 {'acc1': 0.843440594059406, 'acc5': 0.9672029702970297, 'loss': 90.51225434243679, 'macs': 50804123112, 'params': 259215848, 'model_size': 988.8299865722656, 'inference_time': 0}
2024-10-12 12:53:28,663 Pruning 768 in layer 17
2024-10-12 12:53:28,665 Gathering metrics
2024-10-12 12:54:41,721 {'acc1': 0.84375, 'acc5': 0.9668935643564357, 'loss': 93.07368433475494, 'macs': 50700787944, 'params': 258691304, 'model_size': 986.8290100097656, 'inference_time': 0}
2024-10-12 12:54:41,752 Pruning 1024 in layer 17
2024-10-12 12:54:41,753 Gathering metrics
2024-10-12 12:55:54,680 {'acc1': 0.8431311881188119, 'acc5': 0.9668935643564357, 'loss': 93.34614361822605, 'macs': 50597452776, 'params': 258166760, 'model_size': 984.8280334472656, 'inference_time': 0}
2024-10-12 12:55:54,713 Pruning 1280 in layer 17
2024-10-12 12:55:54,714 Gathering metrics
2024-10-12 12:57:07,220 {'acc1': 0.8428217821782178, 'acc5': 0.9665841584158416, 'loss': 92.5595316439867, 'macs': 50494117608, 'params': 257642216, 'model_size': 982.8270568847656, 'inference_time': 0}
2024-10-12 12:57:07,250 Pruning 1536 in layer 17
2024-10-12 12:57:07,252 Gathering metrics
2024-10-12 12:58:19,981 {'acc1': 0.8422029702970297, 'acc5': 0.9665841584158416, 'loss': 92.73470783233643, 'macs': 50390782440, 'params': 257117672, 'model_size': 980.8260803222656, 'inference_time': 0}
2024-10-12 12:58:20,118 Pruning 1792 in layer 17
2024-10-12 12:58:20,120 Gathering metrics
2024-10-12 12:59:32,944 {'acc1': 0.8428217821782178, 'acc5': 0.9665841584158416, 'loss': 93.05528880655766, 'macs': 50287447272, 'params': 256593128, 'model_size': 978.8251037597656, 'inference_time': 0}
2024-10-12 12:59:32,977 Pruning 2048 in layer 17
2024-10-12 12:59:32,979 Gathering metrics
2024-10-12 13:00:45,485 {'acc1': 0.844059405940594, 'acc5': 0.9662747524752475, 'loss': 95.48320581018925, 'macs': 50184112104, 'params': 256068584, 'model_size': 976.8241271972656, 'inference_time': 0}
2024-10-12 13:00:45,515 Pruning 2304 in layer 17
2024-10-12 13:00:45,516 Gathering metrics
2024-10-12 13:01:57,622 {'acc1': 0.843440594059406, 'acc5': 0.9668935643564357, 'loss': 93.37312619388103, 'macs': 50080776936, 'params': 255544040, 'model_size': 974.8231506347656, 'inference_time': 0}
2024-10-12 13:01:57,649 Pruning 2560 in layer 17
2024-10-12 13:01:57,650 Gathering metrics
2024-10-12 13:03:09,755 {'acc1': 0.844059405940594, 'acc5': 0.9672029702970297, 'loss': 94.21364790201187, 'macs': 49977441768, 'params': 255019496, 'model_size': 972.8221740722656, 'inference_time': 0}
2024-10-12 13:03:09,786 Pruning 2816 in layer 17
2024-10-12 13:03:09,788 Gathering metrics
2024-10-12 13:04:21,823 {'acc1': 0.8431311881188119, 'acc5': 0.9668935643564357, 'loss': 96.61063908040524, 'macs': 49874106600, 'params': 254494952, 'model_size': 970.8211975097656, 'inference_time': 0}
2024-10-12 13:04:21,853 Pruning 3072 in layer 17
2024-10-12 13:04:21,854 Gathering metrics
2024-10-12 13:05:33,685 {'acc1': 0.843440594059406, 'acc5': 0.9672029702970297, 'loss': 96.53384397923946, 'macs': 49770771432, 'params': 253970408, 'model_size': 968.8202209472656, 'inference_time': 0}
2024-10-12 13:05:33,717 Pruning 3328 in layer 17
2024-10-12 13:05:33,719 Gathering metrics
2024-10-12 13:06:45,741 {'acc1': 0.8422029702970297, 'acc5': 0.9678217821782178, 'loss': 96.42257153987885, 'macs': 49667436264, 'params': 253445864, 'model_size': 966.8192443847656, 'inference_time': 0}
2024-10-12 13:06:45,771 Pruning 3584 in layer 17
2024-10-12 13:06:45,773 Gathering metrics
2024-10-12 13:07:57,643 {'acc1': 0.8418935643564357, 'acc5': 0.9675123762376238, 'loss': 100.49205587804317, 'macs': 49564101096, 'params': 252921320, 'model_size': 964.8182678222656, 'inference_time': 0}
2024-10-12 13:07:57,674 Pruning 3840 in layer 17
2024-10-12 13:07:57,675 Gathering metrics
2024-10-12 13:09:08,966 {'acc1': 0.8412747524752475, 'acc5': 0.9675123762376238, 'loss': 102.82521089911461, 'macs': 49460765928, 'params': 252396776, 'model_size': 962.8172912597656, 'inference_time': 0}
2024-10-12 13:09:08,996 Pruning 256 in layer 16
2024-10-12 13:09:08,997 Gathering metrics
2024-10-12 13:10:20,471 {'acc1': 0.8418935643564357, 'acc5': 0.9668935643564357, 'loss': 101.8927490413189, 'macs': 49460765928, 'params': 252396776, 'model_size': 962.8172912597656, 'inference_time': 0}
2024-10-12 13:10:20,499 Pruning 512 in layer 16
2024-10-12 13:10:20,500 Gathering metrics
2024-10-12 13:11:31,809 {'acc1': 0.8415841584158416, 'acc5': 0.9672029702970297, 'loss': 97.23491163551807, 'macs': 49357430760, 'params': 251872232, 'model_size': 960.8163146972656, 'inference_time': 0}
2024-10-12 13:11:31,839 Pruning 768 in layer 16
2024-10-12 13:11:31,841 Gathering metrics
2024-10-12 13:12:43,083 {'acc1': 0.8412747524752475, 'acc5': 0.9675123762376238, 'loss': 95.10941517353058, 'macs': 49254095592, 'params': 251347688, 'model_size': 958.8153381347656, 'inference_time': 0}
2024-10-12 13:12:43,113 Pruning 1024 in layer 16
2024-10-12 13:12:43,115 Gathering metrics
2024-10-12 13:13:54,761 {'acc1': 0.843440594059406, 'acc5': 0.9675123762376238, 'loss': 93.02755457162857, 'macs': 49150760424, 'params': 250823144, 'model_size': 956.8143615722656, 'inference_time': 0}
2024-10-12 13:13:54,789 Pruning 1280 in layer 16
2024-10-12 13:13:54,791 Gathering metrics
2024-10-12 13:15:06,003 {'acc1': 0.84375, 'acc5': 0.9681311881188119, 'loss': 91.85490611195564, 'macs': 49047425256, 'params': 250298600, 'model_size': 954.8133850097656, 'inference_time': 0}
2024-10-12 13:15:06,138 Pruning 1536 in layer 16
2024-10-12 13:15:06,140 Gathering metrics
2024-10-12 13:16:17,295 {'acc1': 0.8431311881188119, 'acc5': 0.968440594059406, 'loss': 89.2143866121769, 'macs': 48944090088, 'params': 249774056, 'model_size': 952.8124084472656, 'inference_time': 0}
2024-10-12 13:16:17,327 Pruning 1792 in layer 16
2024-10-12 13:16:17,328 Gathering metrics
2024-10-12 13:17:28,259 {'acc1': 0.8431311881188119, 'acc5': 0.968440594059406, 'loss': 86.57844851911068, 'macs': 48840754920, 'params': 249249512, 'model_size': 950.8114318847656, 'inference_time': 0}
2024-10-12 13:17:28,291 Pruning 2048 in layer 16
2024-10-12 13:17:28,292 Gathering metrics
2024-10-12 13:18:39,454 {'acc1': 0.8431311881188119, 'acc5': 0.96875, 'loss': 85.36055977642536, 'macs': 48737419752, 'params': 248724968, 'model_size': 948.8104553222656, 'inference_time': 0}
2024-10-12 13:18:39,485 Pruning 2304 in layer 16
2024-10-12 13:18:39,487 Gathering metrics
2024-10-12 13:19:50,445 {'acc1': 0.8425123762376238, 'acc5': 0.96875, 'loss': 84.63468126952648, 'macs': 48634084584, 'params': 248200424, 'model_size': 946.8094787597656, 'inference_time': 0}
2024-10-12 13:19:50,477 Pruning 2560 in layer 16
2024-10-12 13:19:50,478 Gathering metrics
2024-10-12 13:21:01,682 {'acc1': 0.8412747524752475, 'acc5': 0.968440594059406, 'loss': 83.74130472540855, 'macs': 48530749416, 'params': 247675880, 'model_size': 944.8085021972656, 'inference_time': 0}
2024-10-12 13:21:01,714 Pruning 2816 in layer 16
2024-10-12 13:21:01,716 Gathering metrics
2024-10-12 13:22:12,428 {'acc1': 0.8400371287128713, 'acc5': 0.969059405940594, 'loss': 83.35716392099857, 'macs': 48427414248, 'params': 247151336, 'model_size': 942.8075256347656, 'inference_time': 0}
2024-10-12 13:22:12,465 Pruning 3072 in layer 16
2024-10-12 13:22:12,467 Gathering metrics
2024-10-12 13:23:23,214 {'acc1': 0.8403465346534653, 'acc5': 0.96875, 'loss': 82.72388748824596, 'macs': 48324079080, 'params': 246626792, 'model_size': 940.8065490722656, 'inference_time': 0}
2024-10-12 13:23:23,247 Pruning 3328 in layer 16
2024-10-12 13:23:23,249 Gathering metrics
2024-10-12 13:24:33,745 {'acc1': 0.8397277227722773, 'acc5': 0.968440594059406, 'loss': 82.01329465210438, 'macs': 48220743912, 'params': 246102248, 'model_size': 938.8055725097656, 'inference_time': 0}
2024-10-12 13:24:33,777 Pruning 3584 in layer 16
2024-10-12 13:24:33,779 Gathering metrics
2024-10-12 13:25:43,951 {'acc1': 0.8406559405940595, 'acc5': 0.968440594059406, 'loss': 81.25046698749065, 'macs': 48117408744, 'params': 245577704, 'model_size': 936.8045959472656, 'inference_time': 0}
2024-10-12 13:25:43,983 Pruning 3840 in layer 16
2024-10-12 13:25:43,985 Gathering metrics
2024-10-12 13:26:54,043 {'acc1': 0.8418935643564357, 'acc5': 0.968440594059406, 'loss': 81.12560558319092, 'macs': 48014073576, 'params': 245053160, 'model_size': 934.8036193847656, 'inference_time': 0}
2024-10-12 13:26:54,073 Pruning 256 in layer 15
2024-10-12 13:26:54,075 Gathering metrics
2024-10-12 13:28:04,192 {'acc1': 0.8409653465346535, 'acc5': 0.9681311881188119, 'loss': 83.38563071191311, 'macs': 48014073576, 'params': 245053160, 'model_size': 934.8036193847656, 'inference_time': 0}
2024-10-12 13:28:04,221 Pruning 512 in layer 15
2024-10-12 13:28:04,222 Gathering metrics
2024-10-12 13:29:14,362 {'acc1': 0.8409653465346535, 'acc5': 0.96875, 'loss': 82.72008900344372, 'macs': 47910738408, 'params': 244528616, 'model_size': 932.8026428222656, 'inference_time': 0}
2024-10-12 13:29:14,391 Pruning 768 in layer 15
2024-10-12 13:29:14,393 Gathering metrics
2024-10-12 13:30:24,003 {'acc1': 0.8409653465346535, 'acc5': 0.96875, 'loss': 81.93342657387257, 'macs': 47807403240, 'params': 244004072, 'model_size': 930.8016662597656, 'inference_time': 0}
2024-10-12 13:30:24,034 Pruning 1024 in layer 15
2024-10-12 13:30:24,036 Gathering metrics
2024-10-12 13:31:33,938 {'acc1': 0.8409653465346535, 'acc5': 0.969059405940594, 'loss': 80.6535759717226, 'macs': 47704068072, 'params': 243479528, 'model_size': 928.8006896972656, 'inference_time': 0}
2024-10-12 13:31:34,073 Pruning 1280 in layer 15
2024-10-12 13:31:34,075 Gathering metrics
2024-10-12 13:32:44,004 {'acc1': 0.8418935643564357, 'acc5': 0.968440594059406, 'loss': 80.27589492499828, 'macs': 47600732904, 'params': 242954984, 'model_size': 926.7997131347656, 'inference_time': 0}
2024-10-12 13:32:44,037 Pruning 1536 in layer 15
2024-10-12 13:32:44,038 Gathering metrics
2024-10-12 13:33:53,280 {'acc1': 0.8415841584158416, 'acc5': 0.9678217821782178, 'loss': 79.87497434020042, 'macs': 47497397736, 'params': 242430440, 'model_size': 924.7987365722656, 'inference_time': 0}
2024-10-12 13:33:53,309 Pruning 1792 in layer 15
2024-10-12 13:33:53,311 Gathering metrics
2024-10-12 13:35:02,876 {'acc1': 0.8397277227722773, 'acc5': 0.969059405940594, 'loss': 79.17582333087921, 'macs': 47394062568, 'params': 241905896, 'model_size': 922.7977600097656, 'inference_time': 0}
2024-10-12 13:35:02,907 Pruning 2048 in layer 15
2024-10-12 13:35:02,908 Gathering metrics
2024-10-12 13:36:13,894 {'acc1': 0.838490099009901, 'acc5': 0.968440594059406, 'loss': 78.38205927610397, 'macs': 47290727400, 'params': 241381352, 'model_size': 920.7967834472656, 'inference_time': 0}
2024-10-12 13:36:13,921 Pruning 2304 in layer 15
2024-10-12 13:36:13,923 Gathering metrics
2024-10-12 13:37:23,185 {'acc1': 0.8372524752475248, 'acc5': 0.9681311881188119, 'loss': 77.50263610482216, 'macs': 47187392232, 'params': 240856808, 'model_size': 918.7958068847656, 'inference_time': 0}
2024-10-12 13:37:23,216 Pruning 2560 in layer 15
2024-10-12 13:37:23,218 Gathering metrics
2024-10-12 13:38:32,102 {'acc1': 0.8378712871287128, 'acc5': 0.9681311881188119, 'loss': 76.77366665005684, 'macs': 47084057064, 'params': 240332264, 'model_size': 916.7948303222656, 'inference_time': 0}
2024-10-12 13:38:32,134 Pruning 2816 in layer 15
2024-10-12 13:38:32,136 Gathering metrics
2024-10-12 13:39:41,042 {'acc1': 0.8363242574257426, 'acc5': 0.9681311881188119, 'loss': 76.6887950450182, 'macs': 46980721896, 'params': 239807720, 'model_size': 914.7938537597656, 'inference_time': 0}
2024-10-12 13:39:41,072 Pruning 256 in layer 14
2024-10-12 13:39:41,074 Gathering metrics
2024-10-12 13:40:50,198 {'acc1': 0.8372524752475248, 'acc5': 0.968440594059406, 'loss': 76.5996125638485, 'macs': 46980721896, 'params': 239807720, 'model_size': 914.7938537597656, 'inference_time': 0}
2024-10-12 13:40:50,228 Pruning 512 in layer 14
2024-10-12 13:40:50,230 Gathering metrics
2024-10-12 13:41:59,127 {'acc1': 0.838180693069307, 'acc5': 0.9678217821782178, 'loss': 76.66005629301071, 'macs': 46877386728, 'params': 239283176, 'model_size': 912.7928771972656, 'inference_time': 0}
2024-10-12 13:41:59,157 Pruning 768 in layer 14
2024-10-12 13:41:59,158 Gathering metrics
2024-10-12 13:43:09,115 {'acc1': 0.838180693069307, 'acc5': 0.9681311881188119, 'loss': 76.48034499585629, 'macs': 46774051560, 'params': 238758632, 'model_size': 910.7919006347656, 'inference_time': 0}
2024-10-12 13:43:09,146 Pruning 1024 in layer 14
2024-10-12 13:43:09,147 Gathering metrics
2024-10-12 13:44:18,611 {'acc1': 0.8366336633663366, 'acc5': 0.9681311881188119, 'loss': 76.42310924828053, 'macs': 46670716392, 'params': 238234088, 'model_size': 908.7909240722656, 'inference_time': 0}
2024-10-12 13:44:18,641 Pruning 1280 in layer 14
2024-10-12 13:44:18,643 Gathering metrics
2024-10-12 13:45:27,832 {'acc1': 0.8366336633663366, 'acc5': 0.96875, 'loss': 76.26341599225998, 'macs': 46567381224, 'params': 237709544, 'model_size': 906.7899475097656, 'inference_time': 0}
2024-10-12 13:45:27,864 Pruning 1536 in layer 14
2024-10-12 13:45:27,865 Gathering metrics
2024-10-12 13:46:36,494 {'acc1': 0.8363242574257426, 'acc5': 0.9681311881188119, 'loss': 76.2223843485117, 'macs': 46464046056, 'params': 237185000, 'model_size': 904.7889709472656, 'inference_time': 0}
2024-10-12 13:46:36,525 Pruning 1792 in layer 14
2024-10-12 13:46:36,527 Gathering metrics
2024-10-12 13:47:45,445 {'acc1': 0.8372524752475248, 'acc5': 0.96875, 'loss': 75.86847279965878, 'macs': 46360710888, 'params': 236660456, 'model_size': 902.7879943847656, 'inference_time': 0}
2024-10-12 13:47:45,578 Pruning 2048 in layer 14
2024-10-12 13:47:45,580 Gathering metrics
2024-10-12 13:48:54,055 {'acc1': 0.8366336633663366, 'acc5': 0.96875, 'loss': 75.66309124231339, 'macs': 46257375720, 'params': 236135912, 'model_size': 900.7870178222656, 'inference_time': 0}
2024-10-12 13:48:54,086 Pruning 2304 in layer 14
2024-10-12 13:48:54,087 Gathering metrics
2024-10-12 13:50:02,650 {'acc1': 0.838180693069307, 'acc5': 0.968440594059406, 'loss': 75.66059567034245, 'macs': 46154040552, 'params': 235611368, 'model_size': 898.7860412597656, 'inference_time': 0}
2024-10-12 13:50:02,682 Pruning 2560 in layer 14
2024-10-12 13:50:02,684 Gathering metrics
2024-10-12 13:51:10,979 {'acc1': 0.8378712871287128, 'acc5': 0.9675123762376238, 'loss': 75.64613735675812, 'macs': 46050705384, 'params': 235086824, 'model_size': 896.7850646972656, 'inference_time': 0}
2024-10-12 13:51:11,009 Pruning 2816 in layer 14
2024-10-12 13:51:11,011 Gathering metrics
2024-10-12 13:52:19,461 {'acc1': 0.8372524752475248, 'acc5': 0.9668935643564357, 'loss': 75.89151932299137, 'macs': 45947370216, 'params': 234562280, 'model_size': 894.7840881347656, 'inference_time': 0}
2024-10-12 13:52:19,489 Pruning 3072 in layer 14
2024-10-12 13:52:19,490 Gathering metrics
2024-10-12 13:53:27,891 {'acc1': 0.8369430693069307, 'acc5': 0.9672029702970297, 'loss': 75.93239286541939, 'macs': 45844035048, 'params': 234037736, 'model_size': 892.7831115722656, 'inference_time': 0}
2024-10-12 13:53:27,923 Pruning 3328 in layer 14
2024-10-12 13:53:27,924 Gathering metrics
2024-10-12 13:54:37,529 {'acc1': 0.8375618811881188, 'acc5': 0.9678217821782178, 'loss': 75.36320658028126, 'macs': 45740699880, 'params': 233513192, 'model_size': 890.7821350097656, 'inference_time': 0}
2024-10-12 13:54:37,561 Pruning 3584 in layer 14
2024-10-12 13:54:37,562 Gathering metrics
2024-10-12 13:55:45,468 {'acc1': 0.838490099009901, 'acc5': 0.9668935643564357, 'loss': 75.34665174782276, 'macs': 45637364712, 'params': 232988648, 'model_size': 888.7811584472656, 'inference_time': 0}
2024-10-12 13:55:45,500 Pruning 3840 in layer 14
2024-10-12 13:55:45,502 Gathering metrics
2024-10-12 13:56:53,796 {'acc1': 0.8357054455445545, 'acc5': 0.9665841584158416, 'loss': 75.15639659762383, 'macs': 45534029544, 'params': 232464104, 'model_size': 886.7801818847656, 'inference_time': 0}
2024-10-12 13:56:53,829 Pruning 256 in layer 13
2024-10-12 13:56:53,830 Gathering metrics
2024-10-12 13:58:02,180 {'acc1': 0.8369430693069307, 'acc5': 0.9672029702970297, 'loss': 75.31188859045506, 'macs': 45534029544, 'params': 232464104, 'model_size': 886.7801818847656, 'inference_time': 0}
2024-10-12 13:58:02,211 Pruning 512 in layer 13
2024-10-12 13:58:02,213 Gathering metrics
2024-10-12 13:59:10,527 {'acc1': 0.8366336633663366, 'acc5': 0.9668935643564357, 'loss': 75.25023719668388, 'macs': 45430694376, 'params': 231939560, 'model_size': 884.7792053222656, 'inference_time': 0}
2024-10-12 13:59:10,558 Pruning 768 in layer 13
2024-10-12 13:59:10,560 Gathering metrics
2024-10-12 14:00:18,611 {'acc1': 0.8341584158415841, 'acc5': 0.9665841584158416, 'loss': 75.2497373521328, 'macs': 45327359208, 'params': 231415016, 'model_size': 882.7782287597656, 'inference_time': 0}
2024-10-12 14:00:18,652 Pruning 256 in layer 12
2024-10-12 14:00:18,654 Gathering metrics
2024-10-12 14:01:27,042 {'acc1': 0.8344678217821783, 'acc5': 0.9672029702970297, 'loss': 75.16303378343582, 'macs': 45327359208, 'params': 231415016, 'model_size': 882.7782287597656, 'inference_time': 0}
2024-10-12 14:01:27,072 Pruning 512 in layer 12
2024-10-12 14:01:27,074 Gathering metrics
2024-10-12 14:02:35,069 {'acc1': 0.8350866336633663, 'acc5': 0.9675123762376238, 'loss': 75.16798141598701, 'macs': 45224024040, 'params': 230890472, 'model_size': 880.7772521972656, 'inference_time': 0}
2024-10-12 14:02:35,204 Pruning 768 in layer 12
2024-10-12 14:02:35,205 Gathering metrics
2024-10-12 14:03:42,997 {'acc1': 0.8357054455445545, 'acc5': 0.9672029702970297, 'loss': 75.10342973470688, 'macs': 45120688872, 'params': 230365928, 'model_size': 878.7762756347656, 'inference_time': 0}
2024-10-12 14:03:43,027 Pruning 1024 in layer 12
2024-10-12 14:03:43,029 Gathering metrics
2024-10-12 14:04:50,592 {'acc1': 0.8353960396039604, 'acc5': 0.9672029702970297, 'loss': 75.0223583728075, 'macs': 45017353704, 'params': 229841384, 'model_size': 876.7752990722656, 'inference_time': 0}
2024-10-12 14:04:50,624 Pruning 1280 in layer 12
2024-10-12 14:04:50,626 Gathering metrics
2024-10-12 14:05:59,316 {'acc1': 0.8350866336633663, 'acc5': 0.9668935643564357, 'loss': 74.99027828872204, 'macs': 44914018536, 'params': 229316840, 'model_size': 874.7743225097656, 'inference_time': 0}
2024-10-12 14:05:59,348 Pruning 1536 in layer 12
2024-10-12 14:05:59,349 Gathering metrics
2024-10-12 14:07:08,748 {'acc1': 0.8335396039603961, 'acc5': 0.9672029702970297, 'loss': 75.02401807904243, 'macs': 44810683368, 'params': 228792296, 'model_size': 872.7733459472656, 'inference_time': 0}
2024-10-12 14:07:08,777 Pruning 1792 in layer 12
2024-10-12 14:07:08,778 Gathering metrics
2024-10-12 14:08:17,633 {'acc1': 0.8347772277227723, 'acc5': 0.9672029702970297, 'loss': 75.00223824381828, 'macs': 44707348200, 'params': 228267752, 'model_size': 870.7723693847656, 'inference_time': 0}
2024-10-12 14:08:17,666 Pruning 2048 in layer 12
2024-10-12 14:08:17,667 Gathering metrics
2024-10-12 14:09:26,864 {'acc1': 0.8344678217821783, 'acc5': 0.9668935643564357, 'loss': 74.91282515227795, 'macs': 44604013032, 'params': 227743208, 'model_size': 868.7713928222656, 'inference_time': 0}
2024-10-12 14:09:26,896 Pruning 2304 in layer 12
2024-10-12 14:09:26,898 Gathering metrics
2024-10-12 14:10:35,936 {'acc1': 0.8350866336633663, 'acc5': 0.9675123762376238, 'loss': 74.89219053089619, 'macs': 44500677864, 'params': 227218664, 'model_size': 866.7704162597656, 'inference_time': 0}
2024-10-12 14:10:35,970 Pruning 2560 in layer 12
2024-10-12 14:10:35,972 Gathering metrics
2024-10-12 14:11:44,945 {'acc1': 0.8360148514851485, 'acc5': 0.9668935643564357, 'loss': 75.00059278309345, 'macs': 44397342696, 'params': 226694120, 'model_size': 864.7694396972656, 'inference_time': 0}
2024-10-12 14:11:44,979 Pruning 2816 in layer 12
2024-10-12 14:11:44,980 Gathering metrics
2024-10-12 14:12:52,676 {'acc1': 0.8350866336633663, 'acc5': 0.9668935643564357, 'loss': 74.90773713588715, 'macs': 44294007528, 'params': 226169576, 'model_size': 862.7684631347656, 'inference_time': 0}
2024-10-12 14:12:52,709 Pruning 3072 in layer 12
2024-10-12 14:12:52,711 Gathering metrics
2024-10-12 14:13:59,817 {'acc1': 0.8344678217821783, 'acc5': 0.9665841584158416, 'loss': 74.98804764449596, 'macs': 44190672360, 'params': 225645032, 'model_size': 860.7674865722656, 'inference_time': 0}
2024-10-12 14:13:59,849 Pruning 3328 in layer 12
2024-10-12 14:13:59,851 Gathering metrics
2024-10-12 14:15:06,518 {'acc1': 0.8350866336633663, 'acc5': 0.9672029702970297, 'loss': 74.98750211298466, 'macs': 44087337192, 'params': 225120488, 'model_size': 858.7665100097656, 'inference_time': 0}
2024-10-12 14:15:06,550 Pruning 3584 in layer 12
2024-10-12 14:15:06,551 Gathering metrics
2024-10-12 14:16:13,275 {'acc1': 0.8341584158415841, 'acc5': 0.9662747524752475, 'loss': 74.92200018465519, 'macs': 43984002024, 'params': 224595944, 'model_size': 856.7655334472656, 'inference_time': 0}
2024-10-12 14:16:13,307 Pruning 3840 in layer 12
2024-10-12 14:16:13,309 Gathering metrics
2024-10-12 14:17:20,158 {'acc1': 0.8350866336633663, 'acc5': 0.9656559405940595, 'loss': 75.08129492402077, 'macs': 43880666856, 'params': 224071400, 'model_size': 854.7645568847656, 'inference_time': 0}
2024-10-12 14:17:20,197 Pruning 256 in layer 11
2024-10-12 14:17:20,199 Gathering metrics
2024-10-12 14:18:26,940 {'acc1': 0.8338490099009901, 'acc5': 0.9662747524752475, 'loss': 74.75328563153744, 'macs': 43880666856, 'params': 224071400, 'model_size': 854.7645568847656, 'inference_time': 0}
2024-10-12 14:18:27,078 Pruning 512 in layer 11
2024-10-12 14:18:27,079 Gathering metrics
2024-10-12 14:19:35,039 {'acc1': 0.8360148514851485, 'acc5': 0.9656559405940595, 'loss': 74.89986169338226, 'macs': 43777331688, 'params': 223546856, 'model_size': 852.7635803222656, 'inference_time': 0}
2024-10-12 14:19:35,070 Pruning 768 in layer 11
2024-10-12 14:19:35,072 Gathering metrics
2024-10-12 14:20:43,391 {'acc1': 0.8350866336633663, 'acc5': 0.9659653465346535, 'loss': 74.90363693237305, 'macs': 43673996520, 'params': 223022312, 'model_size': 850.7626037597656, 'inference_time': 0}
2024-10-12 14:20:43,422 Pruning 1024 in layer 11
2024-10-12 14:20:43,424 Gathering metrics
2024-10-12 14:21:50,928 {'acc1': 0.8338490099009901, 'acc5': 0.9659653465346535, 'loss': 75.02850903570652, 'macs': 43570661352, 'params': 222497768, 'model_size': 848.7616271972656, 'inference_time': 0}
2024-10-12 14:21:50,959 Pruning 1280 in layer 11
2024-10-12 14:21:50,961 Gathering metrics
2024-10-12 14:22:56,673 {'acc1': 0.8329207920792079, 'acc5': 0.9659653465346535, 'loss': 75.07064954936504, 'macs': 43467326184, 'params': 221973224, 'model_size': 846.7606506347656, 'inference_time': 0}
2024-10-12 14:22:56,703 Pruning 1536 in layer 11
2024-10-12 14:22:56,705 Gathering metrics
2024-10-12 14:24:03,166 {'acc1': 0.8335396039603961, 'acc5': 0.9668935643564357, 'loss': 75.17135652899742, 'macs': 43363991016, 'params': 221448680, 'model_size': 844.7596740722656, 'inference_time': 0}
2024-10-12 14:24:03,198 Pruning 1792 in layer 11
2024-10-12 14:24:03,200 Gathering metrics
2024-10-12 14:25:10,876 {'acc1': 0.8338490099009901, 'acc5': 0.9668935643564357, 'loss': 75.36838921904564, 'macs': 43260655848, 'params': 220924136, 'model_size': 842.7586975097656, 'inference_time': 0}
2024-10-12 14:25:10,904 Pruning 2048 in layer 11
2024-10-12 14:25:10,906 Gathering metrics
2024-10-12 14:26:16,914 {'acc1': 0.8344678217821783, 'acc5': 0.9668935643564357, 'loss': 75.4712011963129, 'macs': 43157320680, 'params': 220399592, 'model_size': 840.7577209472656, 'inference_time': 0}
2024-10-12 14:26:16,945 Pruning 2304 in layer 11
2024-10-12 14:26:16,947 Gathering metrics
2024-10-12 14:27:22,314 {'acc1': 0.8347772277227723, 'acc5': 0.9672029702970297, 'loss': 75.55894711613655, 'macs': 43053985512, 'params': 219875048, 'model_size': 838.7567443847656, 'inference_time': 0}
2024-10-12 14:27:22,344 Pruning 2560 in layer 11
2024-10-12 14:27:22,346 Gathering metrics
2024-10-12 14:28:27,508 {'acc1': 0.8338490099009901, 'acc5': 0.9656559405940595, 'loss': 75.67654126882553, 'macs': 42950650344, 'params': 219350504, 'model_size': 836.7557678222656, 'inference_time': 0}
2024-10-12 14:28:27,537 Pruning 2816 in layer 11
2024-10-12 14:28:27,539 Gathering metrics
2024-10-12 14:29:32,662 {'acc1': 0.8350866336633663, 'acc5': 0.9659653465346535, 'loss': 75.71241603791714, 'macs': 42847315176, 'params': 218825960, 'model_size': 834.7547912597656, 'inference_time': 0}
2024-10-12 14:29:32,694 Pruning 3072 in layer 11
2024-10-12 14:29:32,696 Gathering metrics
2024-10-12 14:30:37,759 {'acc1': 0.8338490099009901, 'acc5': 0.9656559405940595, 'loss': 75.7609671652317, 'macs': 42743980008, 'params': 218301416, 'model_size': 832.7538146972656, 'inference_time': 0}
2024-10-12 14:30:37,792 Pruning 3328 in layer 11
2024-10-12 14:30:37,793 Gathering metrics
2024-10-12 14:31:42,794 {'acc1': 0.833230198019802, 'acc5': 0.9653465346534653, 'loss': 75.94112005829811, 'macs': 42640644840, 'params': 217776872, 'model_size': 830.7528381347656, 'inference_time': 0}
2024-10-12 14:31:42,824 Pruning 3584 in layer 11
2024-10-12 14:31:42,826 Gathering metrics
2024-10-12 14:32:47,311 {'acc1': 0.8323019801980198, 'acc5': 0.9659653465346535, 'loss': 76.00780741870403, 'macs': 42537309672, 'params': 217252328, 'model_size': 828.7518615722656, 'inference_time': 0}
2024-10-12 14:32:47,344 Pruning 3840 in layer 11
2024-10-12 14:32:47,346 Gathering metrics
2024-10-12 14:33:51,993 {'acc1': 0.8335396039603961, 'acc5': 0.9653465346534653, 'loss': 75.9887071698904, 'macs': 42433974504, 'params': 216727784, 'model_size': 826.7508850097656, 'inference_time': 0}
2024-10-12 14:33:52,124 Pruning 256 in layer 10
2024-10-12 14:33:52,126 Gathering metrics
2024-10-12 14:34:57,060 {'acc1': 0.833230198019802, 'acc5': 0.9650371287128713, 'loss': 75.89045828580856, 'macs': 42433974504, 'params': 216727784, 'model_size': 826.7508850097656, 'inference_time': 0}
2024-10-12 14:34:57,090 Pruning 512 in layer 10
2024-10-12 14:34:57,092 Gathering metrics
2024-10-12 14:36:01,603 {'acc1': 0.8335396039603961, 'acc5': 0.9653465346534653, 'loss': 75.92702166736126, 'macs': 42330639336, 'params': 216203240, 'model_size': 824.7499084472656, 'inference_time': 0}
2024-10-12 14:36:01,632 Pruning 768 in layer 10
2024-10-12 14:36:01,634 Gathering metrics
2024-10-12 14:37:05,944 {'acc1': 0.8338490099009901, 'acc5': 0.9656559405940595, 'loss': 75.94445623457432, 'macs': 42227304168, 'params': 215678696, 'model_size': 822.7489318847656, 'inference_time': 0}
2024-10-12 14:37:05,976 Pruning 1024 in layer 10
2024-10-12 14:37:05,977 Gathering metrics
2024-10-12 14:38:11,095 {'acc1': 0.8335396039603961, 'acc5': 0.9659653465346535, 'loss': 75.965531244874, 'macs': 42123969000, 'params': 215154152, 'model_size': 820.7479553222656, 'inference_time': 0}
2024-10-12 14:38:11,129 Pruning 1280 in layer 10
2024-10-12 14:38:11,131 Gathering metrics
2024-10-12 14:39:17,096 {'acc1': 0.8347772277227723, 'acc5': 0.9662747524752475, 'loss': 76.0793893635273, 'macs': 42020633832, 'params': 214629608, 'model_size': 818.7469787597656, 'inference_time': 0}
2024-10-12 14:39:17,126 Pruning 1536 in layer 10
2024-10-12 14:39:17,128 Gathering metrics
2024-10-12 14:40:23,135 {'acc1': 0.8338490099009901, 'acc5': 0.9659653465346535, 'loss': 76.08861370384693, 'macs': 41917298664, 'params': 214105064, 'model_size': 816.7460021972656, 'inference_time': 0}
2024-10-12 14:40:23,165 Pruning 1792 in layer 10
2024-10-12 14:40:23,166 Gathering metrics
2024-10-12 14:41:29,104 {'acc1': 0.8335396039603961, 'acc5': 0.9650371287128713, 'loss': 76.12391071021557, 'macs': 41813963496, 'params': 213580520, 'model_size': 814.7450256347656, 'inference_time': 0}
2024-10-12 14:41:29,137 Pruning 2048 in layer 10
2024-10-12 14:41:29,138 Gathering metrics
2024-10-12 14:42:35,322 {'acc1': 0.833230198019802, 'acc5': 0.9647277227722773, 'loss': 76.15194700658321, 'macs': 41710628328, 'params': 213055976, 'model_size': 812.7440490722656, 'inference_time': 0}
2024-10-12 14:42:35,359 Pruning 2304 in layer 10
2024-10-12 14:42:35,361 Gathering metrics
2024-10-12 14:43:41,371 {'acc1': 0.8335396039603961, 'acc5': 0.9662747524752475, 'loss': 76.24421852827072, 'macs': 41607293160, 'params': 212531432, 'model_size': 810.7430725097656, 'inference_time': 0}
2024-10-12 14:43:41,403 Pruning 2560 in layer 10
2024-10-12 14:43:41,404 Gathering metrics
2024-10-12 14:44:47,388 {'acc1': 0.8329207920792079, 'acc5': 0.9659653465346535, 'loss': 76.11072097718716, 'macs': 41503957992, 'params': 212006888, 'model_size': 808.7420959472656, 'inference_time': 0}
2024-10-12 14:44:47,421 Pruning 2816 in layer 10
2024-10-12 14:44:47,422 Gathering metrics
2024-10-12 14:45:51,393 {'acc1': 0.833230198019802, 'acc5': 0.9656559405940595, 'loss': 76.12168230116367, 'macs': 41400622824, 'params': 211482344, 'model_size': 806.7411193847656, 'inference_time': 0}
2024-10-12 14:45:51,424 Pruning 3072 in layer 10
2024-10-12 14:45:51,426 Gathering metrics
2024-10-12 14:46:56,461 {'acc1': 0.8323019801980198, 'acc5': 0.9644183168316832, 'loss': 76.25749845802784, 'macs': 41297287656, 'params': 210957800, 'model_size': 804.7401428222656, 'inference_time': 0}
2024-10-12 14:46:56,492 Pruning 3328 in layer 10
2024-10-12 14:46:56,494 Gathering metrics
2024-10-12 14:48:02,055 {'acc1': 0.8335396039603961, 'acc5': 0.963799504950495, 'loss': 76.35975128412247, 'macs': 41193952488, 'params': 210433256, 'model_size': 802.7391662597656, 'inference_time': 0}
2024-10-12 14:48:02,087 Pruning 3584 in layer 10
2024-10-12 14:48:02,089 Gathering metrics
2024-10-12 14:49:08,316 {'acc1': 0.8319925742574258, 'acc5': 0.963180693069307, 'loss': 76.48418694734573, 'macs': 41090617320, 'params': 209908712, 'model_size': 800.7381896972656, 'inference_time': 0}
2024-10-12 14:49:08,452 Pruning 3840 in layer 10
2024-10-12 14:49:08,453 Gathering metrics
2024-10-12 14:50:13,960 {'acc1': 0.8304455445544554, 'acc5': 0.9625618811881188, 'loss': 76.77703486382961, 'macs': 40987282152, 'params': 209384168, 'model_size': 798.7372131347656, 'inference_time': 0}
2024-10-12 14:50:13,993 Pruning 256 in layer 9
2024-10-12 14:50:13,994 Gathering metrics
2024-10-12 14:51:18,128 {'acc1': 0.8316831683168316, 'acc5': 0.9628712871287128, 'loss': 76.50197298824787, 'macs': 40987282152, 'params': 209384168, 'model_size': 798.7372131347656, 'inference_time': 0}
2024-10-12 14:51:18,160 Pruning 512 in layer 9
2024-10-12 14:51:18,161 Gathering metrics
2024-10-12 14:52:21,512 {'acc1': 0.8323019801980198, 'acc5': 0.9625618811881188, 'loss': 76.62614442408085, 'macs': 40883946984, 'params': 208859624, 'model_size': 796.7362365722656, 'inference_time': 0}
2024-10-12 14:52:21,541 Pruning 768 in layer 9
2024-10-12 14:52:21,542 Gathering metrics
2024-10-12 14:53:27,008 {'acc1': 0.8316831683168316, 'acc5': 0.9625618811881188, 'loss': 76.75107724964619, 'macs': 40780611816, 'params': 208335080, 'model_size': 794.7352600097656, 'inference_time': 0}
2024-10-12 14:53:27,039 Pruning 1024 in layer 9
2024-10-12 14:53:27,040 Gathering metrics
2024-10-12 14:54:32,272 {'acc1': 0.8319925742574258, 'acc5': 0.9622524752475248, 'loss': 76.86323568224907, 'macs': 40677276648, 'params': 207810536, 'model_size': 792.7342834472656, 'inference_time': 0}
2024-10-12 14:54:32,303 Pruning 1280 in layer 9
2024-10-12 14:54:32,305 Gathering metrics
2024-10-12 14:55:37,444 {'acc1': 0.8304455445544554, 'acc5': 0.9622524752475248, 'loss': 76.89434838294983, 'macs': 40573941480, 'params': 207285992, 'model_size': 790.7333068847656, 'inference_time': 0}
2024-10-12 14:55:37,477 Pruning 1536 in layer 9
2024-10-12 14:55:37,478 Gathering metrics
2024-10-12 14:56:42,615 {'acc1': 0.8307549504950495, 'acc5': 0.963180693069307, 'loss': 76.94945994019508, 'macs': 40470606312, 'params': 206761448, 'model_size': 788.7323303222656, 'inference_time': 0}
2024-10-12 14:56:42,647 Pruning 1792 in layer 9
2024-10-12 14:56:42,649 Gathering metrics
2024-10-12 14:57:47,397 {'acc1': 0.8316831683168316, 'acc5': 0.9610148514851485, 'loss': 77.08449153602123, 'macs': 40367271144, 'params': 206236904, 'model_size': 786.7313537597656, 'inference_time': 0}
2024-10-12 14:57:47,430 Pruning 2048 in layer 9
2024-10-12 14:57:47,432 Gathering metrics
2024-10-12 14:58:52,245 {'acc1': 0.8298267326732673, 'acc5': 0.9616336633663366, 'loss': 77.3943033516407, 'macs': 40263935976, 'params': 205712360, 'model_size': 784.7303771972656, 'inference_time': 0}
2024-10-12 14:58:52,278 Pruning 2304 in layer 9
2024-10-12 14:58:52,280 Gathering metrics
2024-10-12 14:59:56,718 {'acc1': 0.8301361386138614, 'acc5': 0.9616336633663366, 'loss': 77.53061375021935, 'macs': 40160600808, 'params': 205187816, 'model_size': 782.7294006347656, 'inference_time': 0}
2024-10-12 14:59:56,751 Pruning 2560 in layer 9
2024-10-12 14:59:56,753 Gathering metrics
2024-10-12 15:00:59,606 {'acc1': 0.8301361386138614, 'acc5': 0.9613242574257426, 'loss': 77.64966647326946, 'macs': 40057265640, 'params': 204663272, 'model_size': 780.7284240722656, 'inference_time': 0}
2024-10-12 15:00:59,642 Pruning 2816 in layer 9
2024-10-12 15:00:59,643 Gathering metrics
2024-10-12 15:02:01,773 {'acc1': 0.8292079207920792, 'acc5': 0.9603960396039604, 'loss': 77.97464536130428, 'macs': 39953930472, 'params': 204138728, 'model_size': 778.7274475097656, 'inference_time': 0}
2024-10-12 15:02:01,804 Pruning 3072 in layer 9
2024-10-12 15:02:01,805 Gathering metrics
2024-10-12 15:03:03,620 {'acc1': 0.8288985148514851, 'acc5': 0.9607054455445545, 'loss': 78.28409691154957, 'macs': 39850595304, 'params': 203614184, 'model_size': 776.7264709472656, 'inference_time': 0}
2024-10-12 15:03:03,650 Pruning 3328 in layer 9
2024-10-12 15:03:03,652 Gathering metrics
2024-10-12 15:04:05,529 {'acc1': 0.8282797029702971, 'acc5': 0.9600866336633663, 'loss': 78.64269933104515, 'macs': 39747260136, 'params': 203089640, 'model_size': 774.7254943847656, 'inference_time': 0}
2024-10-12 15:04:05,670 Pruning 256 in layer 8
2024-10-12 15:04:05,672 Gathering metrics
2024-10-12 15:05:09,183 {'acc1': 0.8279702970297029, 'acc5': 0.9600866336633663, 'loss': 78.56311137974262, 'macs': 39747260136, 'params': 203089640, 'model_size': 774.7254943847656, 'inference_time': 0}
2024-10-12 15:05:09,213 Pruning 512 in layer 8
2024-10-12 15:05:09,215 Gathering metrics
2024-10-12 15:06:12,865 {'acc1': 0.8267326732673267, 'acc5': 0.9607054455445545, 'loss': 78.86401085555553, 'macs': 39643924968, 'params': 202565096, 'model_size': 772.7245178222656, 'inference_time': 0}
2024-10-12 15:06:12,897 Pruning 768 in layer 8
2024-10-12 15:06:12,898 Gathering metrics
2024-10-12 15:07:16,823 {'acc1': 0.8276608910891089, 'acc5': 0.9597772277227723, 'loss': 79.17478302121162, 'macs': 39540589800, 'params': 202040552, 'model_size': 770.7235412597656, 'inference_time': 0}
2024-10-12 15:07:16,855 Pruning 1024 in layer 8
2024-10-12 15:07:16,856 Gathering metrics
2024-10-12 15:08:18,909 {'acc1': 0.8270420792079208, 'acc5': 0.9597772277227723, 'loss': 79.45436380803585, 'macs': 39437254632, 'params': 201516008, 'model_size': 768.7225646972656, 'inference_time': 0}
2024-10-12 15:08:18,940 Pruning 1280 in layer 8
2024-10-12 15:08:18,942 Gathering metrics
2024-10-12 15:09:20,595 {'acc1': 0.8251856435643564, 'acc5': 0.9600866336633663, 'loss': 79.58802025020123, 'macs': 39333919464, 'params': 200991464, 'model_size': 766.7215881347656, 'inference_time': 0}
2024-10-12 15:09:20,625 Pruning 256 in layer 7
2024-10-12 15:09:20,627 Gathering metrics
2024-10-12 15:10:22,165 {'acc1': 0.8264232673267327, 'acc5': 0.9600866336633663, 'loss': 79.32641853392124, 'macs': 39333919464, 'params': 200991464, 'model_size': 766.7215881347656, 'inference_time': 0}
2024-10-12 15:10:22,196 Pruning 512 in layer 7
2024-10-12 15:10:22,198 Gathering metrics
2024-10-12 15:11:23,402 {'acc1': 0.8261138613861386, 'acc5': 0.9591584158415841, 'loss': 79.42594756186008, 'macs': 39230584296, 'params': 200466920, 'model_size': 764.7206115722656, 'inference_time': 0}
2024-10-12 15:11:23,431 Pruning 768 in layer 7
2024-10-12 15:11:23,433 Gathering metrics
2024-10-12 15:12:24,845 {'acc1': 0.8264232673267327, 'acc5': 0.9591584158415841, 'loss': 79.68383134901524, 'macs': 39127249128, 'params': 199942376, 'model_size': 762.7196350097656, 'inference_time': 0}
2024-10-12 15:12:24,875 Pruning 1024 in layer 7
2024-10-12 15:12:24,877 Gathering metrics
2024-10-12 15:13:26,116 {'acc1': 0.8264232673267327, 'acc5': 0.9585396039603961, 'loss': 79.90267504751682, 'macs': 39023913960, 'params': 199417832, 'model_size': 760.7186584472656, 'inference_time': 0}
2024-10-12 15:13:26,147 Pruning 1280 in layer 7
2024-10-12 15:13:26,148 Gathering metrics
2024-10-12 15:14:27,180 {'acc1': 0.8264232673267327, 'acc5': 0.9591584158415841, 'loss': 80.15190064907074, 'macs': 38920578792, 'params': 198893288, 'model_size': 758.7176818847656, 'inference_time': 0}
2024-10-12 15:14:27,210 Pruning 1536 in layer 7
2024-10-12 15:14:27,212 Gathering metrics
2024-10-12 15:15:28,608 {'acc1': 0.8254950495049505, 'acc5': 0.9585396039603961, 'loss': 80.48588149249554, 'macs': 38817243624, 'params': 198368744, 'model_size': 756.7167053222656, 'inference_time': 0}
2024-10-12 15:15:28,638 Pruning 1792 in layer 7
2024-10-12 15:15:28,640 Gathering metrics
2024-10-12 15:16:31,970 {'acc1': 0.8251856435643564, 'acc5': 0.9588490099009901, 'loss': 80.73625175654888, 'macs': 38713908456, 'params': 197844200, 'model_size': 754.7157287597656, 'inference_time': 0}
2024-10-12 15:16:32,004 Pruning 2048 in layer 7
2024-10-12 15:16:32,005 Gathering metrics
2024-10-12 15:17:34,676 {'acc1': 0.8242574257425742, 'acc5': 0.9585396039603961, 'loss': 80.95763355493546, 'macs': 38610573288, 'params': 197319656, 'model_size': 752.7147521972656, 'inference_time': 0}
2024-10-12 15:17:34,813 Pruning 2304 in layer 7
2024-10-12 15:17:34,815 Gathering metrics
2024-10-12 15:18:35,687 {'acc1': 0.8242574257425742, 'acc5': 0.9585396039603961, 'loss': 81.19968588650227, 'macs': 38507238120, 'params': 196795112, 'model_size': 750.7137756347656, 'inference_time': 0}
2024-10-12 15:18:35,716 Pruning 2560 in layer 7
2024-10-12 15:18:35,718 Gathering metrics
2024-10-12 15:19:36,124 {'acc1': 0.8211633663366337, 'acc5': 0.9573019801980198, 'loss': 81.47544766962528, 'macs': 38403902952, 'params': 196270568, 'model_size': 748.7127990722656, 'inference_time': 0}
2024-10-12 15:19:36,155 Pruning 256 in layer 6
2024-10-12 15:19:36,157 Gathering metrics
2024-10-12 15:20:36,813 {'acc1': 0.823019801980198, 'acc5': 0.9573019801980198, 'loss': 81.4463175535202, 'macs': 38403902952, 'params': 196270568, 'model_size': 748.7127990722656, 'inference_time': 0}
2024-10-12 15:20:36,844 Pruning 512 in layer 6
2024-10-12 15:20:36,846 Gathering metrics
2024-10-12 15:21:38,816 {'acc1': 0.8227103960396039, 'acc5': 0.9569925742574258, 'loss': 81.644456371665, 'macs': 38300567784, 'params': 195746024, 'model_size': 746.7118225097656, 'inference_time': 0}
2024-10-12 15:21:38,848 Pruning 768 in layer 6
2024-10-12 15:21:38,850 Gathering metrics
2024-10-12 15:22:40,274 {'acc1': 0.8224009900990099, 'acc5': 0.9569925742574258, 'loss': 81.86924807727337, 'macs': 38197232616, 'params': 195221480, 'model_size': 744.7108459472656, 'inference_time': 0}
2024-10-12 15:22:40,304 Pruning 1024 in layer 6
2024-10-12 15:22:40,305 Gathering metrics
2024-10-12 15:23:40,723 {'acc1': 0.8217821782178217, 'acc5': 0.9566831683168316, 'loss': 82.029804199934, 'macs': 38093897448, 'params': 194696936, 'model_size': 742.7098693847656, 'inference_time': 0}
2024-10-12 15:23:40,753 Pruning 1280 in layer 6
2024-10-12 15:23:40,754 Gathering metrics
2024-10-12 15:24:41,216 {'acc1': 0.8202351485148515, 'acc5': 0.9569925742574258, 'loss': 82.2371956706047, 'macs': 37990562280, 'params': 194172392, 'model_size': 740.7088928222656, 'inference_time': 0}
2024-10-12 15:24:41,249 Pruning 256 in layer 5
2024-10-12 15:24:41,251 Gathering metrics
2024-10-12 15:25:41,982 {'acc1': 0.8196163366336634, 'acc5': 0.9563737623762376, 'loss': 82.27994586527348, 'macs': 37990562280, 'params': 194172392, 'model_size': 740.7088928222656, 'inference_time': 0}
2024-10-12 15:25:42,018 Pruning 512 in layer 5
2024-10-12 15:25:42,020 Gathering metrics
2024-10-12 15:26:42,504 {'acc1': 0.8183787128712872, 'acc5': 0.9560643564356436, 'loss': 82.51918624341488, 'macs': 37887227112, 'params': 193647848, 'model_size': 738.7079162597656, 'inference_time': 0}
2024-10-12 15:26:42,534 Pruning 768 in layer 5
2024-10-12 15:26:42,535 Gathering metrics
2024-10-12 15:27:42,464 {'acc1': 0.8189975247524752, 'acc5': 0.9566831683168316, 'loss': 82.75531113147736, 'macs': 37783891944, 'params': 193123304, 'model_size': 736.7069396972656, 'inference_time': 0}
2024-10-12 15:27:42,495 Pruning 1024 in layer 5
2024-10-12 15:27:42,497 Gathering metrics
2024-10-12 15:28:42,453 {'acc1': 0.818069306930693, 'acc5': 0.9554455445544554, 'loss': 82.8672731667757, 'macs': 37680556776, 'params': 192598760, 'model_size': 734.7059631347656, 'inference_time': 0}
2024-10-12 15:28:42,482 Pruning 256 in layer 4
2024-10-12 15:28:42,483 Gathering metrics
2024-10-12 15:29:42,568 {'acc1': 0.8183787128712872, 'acc5': 0.9566831683168316, 'loss': 82.67120978236198, 'macs': 37680556776, 'params': 192598760, 'model_size': 734.7059631347656, 'inference_time': 0}
2024-10-12 15:29:42,700 Pruning 512 in layer 4
2024-10-12 15:29:42,702 Gathering metrics
2024-10-12 15:30:42,413 {'acc1': 0.817759900990099, 'acc5': 0.9554455445544554, 'loss': 82.83753243088722, 'macs': 37577221608, 'params': 192074216, 'model_size': 732.7049865722656, 'inference_time': 0}
2024-10-12 15:30:42,444 Pruning 768 in layer 4
2024-10-12 15:30:42,446 Gathering metrics
2024-10-12 15:31:42,071 {'acc1': 0.817759900990099, 'acc5': 0.9548267326732673, 'loss': 82.96454058587551, 'macs': 37473886440, 'params': 191549672, 'model_size': 730.7040100097656, 'inference_time': 0}
2024-10-12 15:31:42,102 Pruning 1024 in layer 4
2024-10-12 15:31:42,104 Gathering metrics
2024-10-12 15:32:41,725 {'acc1': 0.8171410891089109, 'acc5': 0.9545173267326733, 'loss': 83.20571957528591, 'macs': 37370551272, 'params': 191025128, 'model_size': 728.7030334472656, 'inference_time': 0}
2024-10-12 15:32:41,755 Pruning 1280 in layer 4
2024-10-12 15:32:41,757 Gathering metrics
2024-10-12 15:33:41,173 {'acc1': 0.817450495049505, 'acc5': 0.9538985148514851, 'loss': 83.36110137403011, 'macs': 37267216104, 'params': 190500584, 'model_size': 726.7020568847656, 'inference_time': 0}
2024-10-12 15:33:41,206 Pruning 1536 in layer 4
2024-10-12 15:33:41,207 Gathering metrics
2024-10-12 15:34:40,838 {'acc1': 0.8155940594059405, 'acc5': 0.9542079207920792, 'loss': 83.56739036738873, 'macs': 37163880936, 'params': 189976040, 'model_size': 724.7010803222656, 'inference_time': 0}
2024-10-12 15:34:40,874 Pruning 1792 in layer 4
2024-10-12 15:34:40,876 Gathering metrics
2024-10-12 15:35:40,418 {'acc1': 0.8137376237623762, 'acc5': 0.9520420792079208, 'loss': 83.82178804278374, 'macs': 37060545768, 'params': 189451496, 'model_size': 722.7001037597656, 'inference_time': 0}
2024-10-12 15:35:40,455 Pruning 256 in layer 3
2024-10-12 15:35:40,457 Gathering metrics
2024-10-12 15:36:39,877 {'acc1': 0.8162128712871287, 'acc5': 0.9542079207920792, 'loss': 83.02882072329521, 'macs': 37060545768, 'params': 189451496, 'model_size': 722.7001037597656, 'inference_time': 0}
2024-10-12 15:36:39,909 Pruning 512 in layer 3
2024-10-12 15:36:39,911 Gathering metrics
2024-10-12 15:37:39,538 {'acc1': 0.8155940594059405, 'acc5': 0.9535891089108911, 'loss': 82.93765322864056, 'macs': 36957210600, 'params': 188926952, 'model_size': 720.6991271972656, 'inference_time': 0}
2024-10-12 15:37:39,569 Pruning 768 in layer 3
2024-10-12 15:37:39,571 Gathering metrics
2024-10-12 15:38:38,795 {'acc1': 0.8140470297029703, 'acc5': 0.9538985148514851, 'loss': 83.07898101210594, 'macs': 36853875432, 'params': 188402408, 'model_size': 718.6981506347656, 'inference_time': 0}
2024-10-12 15:38:38,828 Pruning 1024 in layer 3
2024-10-12 15:38:38,829 Gathering metrics
2024-10-12 15:39:37,802 {'acc1': 0.812809405940594, 'acc5': 0.9526608910891089, 'loss': 83.25051462650299, 'macs': 36750540264, 'params': 187877864, 'model_size': 716.6971740722656, 'inference_time': 0}
2024-10-12 15:39:37,835 Pruning 1280 in layer 3
2024-10-12 15:39:37,837 Gathering metrics
2024-10-12 15:40:36,933 {'acc1': 0.812190594059406, 'acc5': 0.9520420792079208, 'loss': 83.4285348802805, 'macs': 36647205096, 'params': 187353320, 'model_size': 714.6961975097656, 'inference_time': 0}
2024-10-12 15:40:36,964 Pruning 1536 in layer 3
2024-10-12 15:40:36,965 Gathering metrics
2024-10-12 15:41:35,816 {'acc1': 0.812190594059406, 'acc5': 0.9526608910891089, 'loss': 83.5429555773735, 'macs': 36543869928, 'params': 186828776, 'model_size': 712.6952209472656, 'inference_time': 0}
2024-10-12 15:41:35,848 Pruning 1792 in layer 3
2024-10-12 15:41:35,850 Gathering metrics
2024-10-12 15:42:34,800 {'acc1': 0.8103341584158416, 'acc5': 0.9517326732673267, 'loss': 83.92930912971497, 'macs': 36440534760, 'params': 186304232, 'model_size': 710.6942443847656, 'inference_time': 0}
2024-10-12 15:42:34,834 Pruning 256 in layer 2
2024-10-12 15:42:34,836 Gathering metrics
2024-10-12 15:43:33,518 {'acc1': 0.8146658415841584, 'acc5': 0.9520420792079208, 'loss': 83.05000188946724, 'macs': 36440534760, 'params': 186304232, 'model_size': 710.6942443847656, 'inference_time': 0}
2024-10-12 15:43:33,649 Pruning 512 in layer 2
2024-10-12 15:43:33,651 Gathering metrics
2024-10-12 15:44:32,363 {'acc1': 0.8140470297029703, 'acc5': 0.9514232673267327, 'loss': 83.04417018592358, 'macs': 36337199592, 'params': 185779688, 'model_size': 708.6932678222656, 'inference_time': 0}
2024-10-12 15:44:32,391 Pruning 768 in layer 2
2024-10-12 15:44:32,393 Gathering metrics
2024-10-12 15:45:30,940 {'acc1': 0.8137376237623762, 'acc5': 0.9517326732673267, 'loss': 83.25642205774784, 'macs': 36233864424, 'params': 185255144, 'model_size': 706.6922912597656, 'inference_time': 0}
2024-10-12 15:45:30,970 Pruning 1024 in layer 2
2024-10-12 15:45:30,971 Gathering metrics
2024-10-12 15:46:29,019 {'acc1': 0.812190594059406, 'acc5': 0.9514232673267327, 'loss': 83.63298924267292, 'macs': 36130529256, 'params': 184730600, 'model_size': 704.6913146972656, 'inference_time': 0}
2024-10-12 15:46:29,052 Pruning 1280 in layer 2
2024-10-12 15:46:29,054 Gathering metrics
2024-10-12 15:47:27,160 {'acc1': 0.8118811881188119, 'acc5': 0.9498762376237624, 'loss': 84.14262020587921, 'macs': 36027194088, 'params': 184206056, 'model_size': 702.6903381347656, 'inference_time': 0}
2024-10-12 15:47:27,191 Pruning 1536 in layer 2
2024-10-12 15:47:27,193 Gathering metrics
2024-10-12 15:48:25,187 {'acc1': 0.8097153465346535, 'acc5': 0.9489480198019802, 'loss': 84.54597981274128, 'macs': 35923858920, 'params': 183681512, 'model_size': 700.6893615722656, 'inference_time': 0}
2024-10-12 15:48:25,217 Pruning 1792 in layer 2
2024-10-12 15:48:25,219 Gathering metrics
2024-10-12 15:49:23,205 {'acc1': 0.8090965346534653, 'acc5': 0.948019801980198, 'loss': 85.11107030510902, 'macs': 35820523752, 'params': 183156968, 'model_size': 698.6883850097656, 'inference_time': 0}
2024-10-12 15:49:23,234 Pruning 2048 in layer 2
2024-10-12 15:49:23,236 Gathering metrics
2024-10-12 15:50:21,260 {'acc1': 0.807240099009901, 'acc5': 0.9470915841584159, 'loss': 85.80087535083294, 'macs': 35717188584, 'params': 182632424, 'model_size': 696.6874084472656, 'inference_time': 0}
2024-10-12 15:50:21,297 Pruning 256 in layer 1
2024-10-12 15:50:21,299 Gathering metrics
2024-10-12 15:51:19,473 {'acc1': 0.8087871287128713, 'acc5': 0.9477103960396039, 'loss': 85.58226649463177, 'macs': 35717188584, 'params': 182632424, 'model_size': 696.6874084472656, 'inference_time': 0}
2024-10-12 15:51:19,505 Pruning 512 in layer 1
2024-10-12 15:51:19,507 Gathering metrics
2024-10-12 15:52:17,434 {'acc1': 0.8066212871287128, 'acc5': 0.9467821782178217, 'loss': 86.85433939099312, 'macs': 35613853416, 'params': 182107880, 'model_size': 694.6864318847656, 'inference_time': 0}
2024-10-12 15:52:17,466 Pruning 768 in layer 1
2024-10-12 15:52:17,468 Gathering metrics
2024-10-12 15:53:15,327 {'acc1': 0.8025990099009901, 'acc5': 0.9452351485148515, 'loss': 88.387182995677, 'macs': 35510518248, 'params': 181583336, 'model_size': 692.6854553222656, 'inference_time': 0}
2024-10-12 15:53:15,357 Pruning 256 in layer 0
2024-10-12 15:53:15,359 Gathering metrics
2024-10-12 15:54:12,943 {'acc1': 0.7831064356435643, 'acc5': 0.9347153465346535, 'loss': 103.58983053267002, 'macs': 35510518248, 'params': 181583336, 'model_size': 692.6854553222656, 'inference_time': 0}
2024-10-12 15:54:12,963 Experiment finished
