2024-10-13 18:08:50,675 Starting experiment outputs/adaptive/vit_l_32/l1
2024-10-13 18:08:50,675 Loading the original model
2024-10-13 18:08:51,764 Gathering metrics of the original model
2024-10-13 18:09:26,947 {'acc1': 0.8016707920792079, 'acc5': 0.9452351485148515, 'loss': 89.4243591800332, 'macs': 15265769448, 'params': 306535400, 'model_size': 1169.3397521972656, 'inference_time': 0}
2024-10-13 18:09:26,976 Pruning 256 in layer 0
2024-10-13 18:09:26,996 Gathering metrics
2024-10-13 18:10:02,067 {'acc1': 0.7487623762376238, 'acc5': 0.9081064356435643, 'loss': 120.19883526861668, 'macs': 15239542248, 'params': 306010856, 'model_size': 1167.3387756347656, 'inference_time': 0}
2024-10-13 18:10:02,098 Pruning 256 in layer 1
2024-10-13 18:10:02,099 Gathering metrics
2024-10-13 18:10:37,107 {'acc1': 0.7973391089108911, 'acc5': 0.9439975247524752, 'loss': 90.8104448467493, 'macs': 15239542248, 'params': 306010856, 'model_size': 1167.3387756347656, 'inference_time': 0}
2024-10-13 18:10:37,137 Pruning 256 in layer 2
2024-10-13 18:10:37,138 Gathering metrics
2024-10-13 18:11:12,361 {'acc1': 0.7957920792079208, 'acc5': 0.9449257425742574, 'loss': 91.79256841540337, 'macs': 15239542248, 'params': 306010856, 'model_size': 1167.3387756347656, 'inference_time': 0}
2024-10-13 18:11:12,390 Pruning 256 in layer 3
2024-10-13 18:11:12,392 Gathering metrics
2024-10-13 18:11:47,554 {'acc1': 0.8022896039603961, 'acc5': 0.9474009900990099, 'loss': 89.73791915178299, 'macs': 15239542248, 'params': 306010856, 'model_size': 1167.3387756347656, 'inference_time': 0}
2024-10-13 18:11:47,594 Pruning 512 in layer 3
2024-10-13 18:11:47,596 Gathering metrics
2024-10-13 18:12:22,634 {'acc1': 0.7998143564356436, 'acc5': 0.9464727722772277, 'loss': 90.15075959265232, 'macs': 15213315048, 'params': 305486312, 'model_size': 1165.3377990722656, 'inference_time': 0}
2024-10-13 18:12:22,663 Pruning 768 in layer 3
2024-10-13 18:12:22,665 Gathering metrics
2024-10-13 18:12:57,903 {'acc1': 0.7939356435643564, 'acc5': 0.9458539603960396, 'loss': 90.65134005993605, 'macs': 15187087848, 'params': 304961768, 'model_size': 1163.3368225097656, 'inference_time': 0}
2024-10-13 18:12:57,932 Pruning 256 in layer 4
2024-10-13 18:12:57,933 Gathering metrics
2024-10-13 18:13:32,950 {'acc1': 0.7964108910891089, 'acc5': 0.9452351485148515, 'loss': 90.88432525843382, 'macs': 15187087848, 'params': 304961768, 'model_size': 1163.3368225097656, 'inference_time': 0}
2024-10-13 18:13:32,980 Pruning 512 in layer 4
2024-10-13 18:13:32,982 Gathering metrics
2024-10-13 18:14:07,981 {'acc1': 0.7951732673267327, 'acc5': 0.9433787128712872, 'loss': 91.2475783675909, 'macs': 15160860648, 'params': 304437224, 'model_size': 1161.3358459472656, 'inference_time': 0}
2024-10-13 18:14:08,010 Pruning 256 in layer 5
2024-10-13 18:14:08,012 Gathering metrics
2024-10-13 18:14:43,298 {'acc1': 0.7988861386138614, 'acc5': 0.9436881188118812, 'loss': 90.5610917583108, 'macs': 15160860648, 'params': 304437224, 'model_size': 1161.3358459472656, 'inference_time': 0}
2024-10-13 18:14:43,329 Pruning 512 in layer 5
2024-10-13 18:14:43,330 Gathering metrics
2024-10-13 18:15:18,676 {'acc1': 0.8004331683168316, 'acc5': 0.9436881188118812, 'loss': 90.5796983614564, 'macs': 15134633448, 'params': 303912680, 'model_size': 1159.3348693847656, 'inference_time': 0}
2024-10-13 18:15:18,706 Pruning 768 in layer 5
2024-10-13 18:15:18,707 Gathering metrics
2024-10-13 18:15:54,023 {'acc1': 0.7979579207920792, 'acc5': 0.9433787128712872, 'loss': 90.60619077831507, 'macs': 15108406248, 'params': 303388136, 'model_size': 1157.3338928222656, 'inference_time': 0}
2024-10-13 18:15:54,158 Pruning 1024 in layer 5
2024-10-13 18:15:54,160 Gathering metrics
2024-10-13 18:16:29,076 {'acc1': 0.7985767326732673, 'acc5': 0.9433787128712872, 'loss': 90.77346951514482, 'macs': 15082179048, 'params': 302863592, 'model_size': 1155.3329162597656, 'inference_time': 0}
2024-10-13 18:16:29,105 Pruning 1280 in layer 5
2024-10-13 18:16:29,106 Gathering metrics
2024-10-13 18:17:03,966 {'acc1': 0.7995049504950495, 'acc5': 0.9446163366336634, 'loss': 91.07402367144823, 'macs': 15055951848, 'params': 302339048, 'model_size': 1153.3319396972656, 'inference_time': 0}
2024-10-13 18:17:03,995 Pruning 1536 in layer 5
2024-10-13 18:17:03,997 Gathering metrics
2024-10-13 18:17:38,771 {'acc1': 0.7976485148514851, 'acc5': 0.9436881188118812, 'loss': 91.36865014582872, 'macs': 15029724648, 'params': 301814504, 'model_size': 1151.3309631347656, 'inference_time': 0}
2024-10-13 18:17:38,801 Pruning 1792 in layer 5
2024-10-13 18:17:38,803 Gathering metrics
2024-10-13 18:18:14,023 {'acc1': 0.7970297029702971, 'acc5': 0.943069306930693, 'loss': 91.71519529819489, 'macs': 15003497448, 'params': 301289960, 'model_size': 1149.3299865722656, 'inference_time': 0}
2024-10-13 18:18:14,052 Pruning 2048 in layer 5
2024-10-13 18:18:14,053 Gathering metrics
2024-10-13 18:18:48,884 {'acc1': 0.7954826732673267, 'acc5': 0.9443069306930693, 'loss': 92.25267844647169, 'macs': 14977270248, 'params': 300765416, 'model_size': 1147.3290100097656, 'inference_time': 0}
2024-10-13 18:18:48,915 Pruning 2304 in layer 5
2024-10-13 18:18:48,917 Gathering metrics
2024-10-13 18:19:23,762 {'acc1': 0.7939356435643564, 'acc5': 0.9433787128712872, 'loss': 93.17267472296953, 'macs': 14951043048, 'params': 300240872, 'model_size': 1145.3280334472656, 'inference_time': 0}
2024-10-13 18:19:23,790 Pruning 2560 in layer 5
2024-10-13 18:19:23,792 Gathering metrics
2024-10-13 18:20:00,419 {'acc1': 0.7930074257425742, 'acc5': 0.9418316831683168, 'loss': 93.77721840888262, 'macs': 14924815848, 'params': 299716328, 'model_size': 1143.3270568847656, 'inference_time': 0}
2024-10-13 18:20:00,449 Pruning 2816 in layer 5
2024-10-13 18:20:00,451 Gathering metrics
2024-10-13 18:20:35,580 {'acc1': 0.7923886138613861, 'acc5': 0.9418316831683168, 'loss': 93.86014018952847, 'macs': 14898588648, 'params': 299191784, 'model_size': 1141.3260803222656, 'inference_time': 0}
2024-10-13 18:20:35,610 Pruning 256 in layer 6
2024-10-13 18:20:35,611 Gathering metrics
2024-10-13 18:21:10,302 {'acc1': 0.7923886138613861, 'acc5': 0.9409034653465347, 'loss': 94.25287968665361, 'macs': 14898588648, 'params': 299191784, 'model_size': 1141.3260803222656, 'inference_time': 0}
2024-10-13 18:21:10,331 Pruning 512 in layer 6
2024-10-13 18:21:10,333 Gathering metrics
2024-10-13 18:21:45,054 {'acc1': 0.7896039603960396, 'acc5': 0.9399752475247525, 'loss': 95.06098638474941, 'macs': 14872361448, 'params': 298667240, 'model_size': 1139.3251037597656, 'inference_time': 0}
2024-10-13 18:21:45,084 Pruning 768 in layer 6
2024-10-13 18:21:45,086 Gathering metrics
2024-10-13 18:22:20,168 {'acc1': 0.7880569306930693, 'acc5': 0.9402846534653465, 'loss': 95.42704084515572, 'macs': 14846134248, 'params': 298142696, 'model_size': 1137.3241271972656, 'inference_time': 0}
2024-10-13 18:22:20,198 Pruning 256 in layer 7
2024-10-13 18:22:20,199 Gathering metrics
2024-10-13 18:22:55,140 {'acc1': 0.7874381188118812, 'acc5': 0.9381188118811881, 'loss': 96.02358286082745, 'macs': 14846134248, 'params': 298142696, 'model_size': 1137.3241271972656, 'inference_time': 0}
2024-10-13 18:22:55,170 Pruning 512 in layer 7
2024-10-13 18:22:55,172 Gathering metrics
2024-10-13 18:23:29,600 {'acc1': 0.7852722772277227, 'acc5': 0.9384282178217822, 'loss': 96.45781557261944, 'macs': 14819907048, 'params': 297618152, 'model_size': 1135.3231506347656, 'inference_time': 0}
2024-10-13 18:23:29,733 Pruning 256 in layer 8
2024-10-13 18:23:29,735 Gathering metrics
2024-10-13 18:24:04,759 {'acc1': 0.7883663366336634, 'acc5': 0.937190594059406, 'loss': 96.4025346711278, 'macs': 14819907048, 'params': 297618152, 'model_size': 1135.3231506347656, 'inference_time': 0}
2024-10-13 18:24:04,788 Pruning 512 in layer 8
2024-10-13 18:24:04,790 Gathering metrics
2024-10-13 18:24:39,777 {'acc1': 0.7871287128712872, 'acc5': 0.9365717821782178, 'loss': 96.37747432291508, 'macs': 14793679848, 'params': 297093608, 'model_size': 1133.3221740722656, 'inference_time': 0}
2024-10-13 18:24:39,807 Pruning 768 in layer 8
2024-10-13 18:24:39,808 Gathering metrics
2024-10-13 18:25:14,728 {'acc1': 0.7874381188118812, 'acc5': 0.937190594059406, 'loss': 96.39719553291798, 'macs': 14767452648, 'params': 296569064, 'model_size': 1131.3211975097656, 'inference_time': 0}
2024-10-13 18:25:14,757 Pruning 1024 in layer 8
2024-10-13 18:25:14,758 Gathering metrics
2024-10-13 18:25:49,479 {'acc1': 0.786200495049505, 'acc5': 0.9375, 'loss': 96.69648589938879, 'macs': 14741225448, 'params': 296044520, 'model_size': 1129.3202209472656, 'inference_time': 0}
2024-10-13 18:25:49,510 Pruning 1280 in layer 8
2024-10-13 18:25:49,511 Gathering metrics
2024-10-13 18:26:24,529 {'acc1': 0.786200495049505, 'acc5': 0.9368811881188119, 'loss': 96.73444552719593, 'macs': 14714998248, 'params': 295519976, 'model_size': 1127.3192443847656, 'inference_time': 0}
2024-10-13 18:26:24,559 Pruning 1536 in layer 8
2024-10-13 18:26:24,561 Gathering metrics
2024-10-13 18:26:59,249 {'acc1': 0.7855816831683168, 'acc5': 0.9381188118811881, 'loss': 96.64109965413809, 'macs': 14688771048, 'params': 294995432, 'model_size': 1125.3182678222656, 'inference_time': 0}
2024-10-13 18:26:59,279 Pruning 1792 in layer 8
2024-10-13 18:26:59,281 Gathering metrics
2024-10-13 18:27:34,206 {'acc1': 0.7852722772277227, 'acc5': 0.937809405940594, 'loss': 96.71010428667068, 'macs': 14662543848, 'params': 294470888, 'model_size': 1123.3172912597656, 'inference_time': 0}
2024-10-13 18:27:34,237 Pruning 2048 in layer 8
2024-10-13 18:27:34,239 Gathering metrics
2024-10-13 18:28:09,028 {'acc1': 0.7852722772277227, 'acc5': 0.9375, 'loss': 96.92520402371883, 'macs': 14636316648, 'params': 293946344, 'model_size': 1121.3163146972656, 'inference_time': 0}
2024-10-13 18:28:09,058 Pruning 2304 in layer 8
2024-10-13 18:28:09,060 Gathering metrics
2024-10-13 18:28:43,710 {'acc1': 0.7855816831683168, 'acc5': 0.9375, 'loss': 97.09901785105467, 'macs': 14610089448, 'params': 293421800, 'model_size': 1119.3153381347656, 'inference_time': 0}
2024-10-13 18:28:43,738 Pruning 2560 in layer 8
2024-10-13 18:28:43,739 Gathering metrics
2024-10-13 18:29:18,030 {'acc1': 0.7858910891089109, 'acc5': 0.9362623762376238, 'loss': 97.0824962630868, 'macs': 14583862248, 'params': 292897256, 'model_size': 1117.3143615722656, 'inference_time': 0}
2024-10-13 18:29:18,059 Pruning 2816 in layer 8
2024-10-13 18:29:18,061 Gathering metrics
2024-10-13 18:29:52,791 {'acc1': 0.7871287128712872, 'acc5': 0.9365717821782178, 'loss': 97.25741511583328, 'macs': 14557635048, 'params': 292372712, 'model_size': 1115.3133850097656, 'inference_time': 0}
2024-10-13 18:29:52,819 Pruning 3072 in layer 8
2024-10-13 18:29:52,820 Gathering metrics
2024-10-13 18:30:27,064 {'acc1': 0.7849628712871287, 'acc5': 0.9359529702970297, 'loss': 97.56181420385838, 'macs': 14531407848, 'params': 291848168, 'model_size': 1113.3124084472656, 'inference_time': 0}
2024-10-13 18:30:27,092 Pruning 3328 in layer 8
2024-10-13 18:30:27,093 Gathering metrics
2024-10-13 18:31:01,723 {'acc1': 0.7849628712871287, 'acc5': 0.9356435643564357, 'loss': 97.66054511070251, 'macs': 14505180648, 'params': 291323624, 'model_size': 1111.3114318847656, 'inference_time': 0}
2024-10-13 18:31:01,751 Pruning 3584 in layer 8
2024-10-13 18:31:01,752 Gathering metrics
2024-10-13 18:31:36,301 {'acc1': 0.786200495049505, 'acc5': 0.9359529702970297, 'loss': 97.70678350329399, 'macs': 14478953448, 'params': 290799080, 'model_size': 1109.3104553222656, 'inference_time': 0}
2024-10-13 18:31:36,430 Pruning 3840 in layer 8
2024-10-13 18:31:36,432 Gathering metrics
2024-10-13 18:32:12,585 {'acc1': 0.7877475247524752, 'acc5': 0.9362623762376238, 'loss': 97.65102200210094, 'macs': 14452726248, 'params': 290274536, 'model_size': 1107.3094787597656, 'inference_time': 0}
2024-10-13 18:32:12,615 Pruning 256 in layer 9
2024-10-13 18:32:12,617 Gathering metrics
2024-10-13 18:32:47,486 {'acc1': 0.786509900990099, 'acc5': 0.9368811881188119, 'loss': 97.7046500891447, 'macs': 14452726248, 'params': 290274536, 'model_size': 1107.3094787597656, 'inference_time': 0}
2024-10-13 18:32:47,514 Pruning 512 in layer 9
2024-10-13 18:32:47,516 Gathering metrics
2024-10-13 18:33:22,146 {'acc1': 0.7849628712871287, 'acc5': 0.9356435643564357, 'loss': 98.01412166655064, 'macs': 14426499048, 'params': 289749992, 'model_size': 1105.3085021972656, 'inference_time': 0}
2024-10-13 18:33:22,177 Pruning 768 in layer 9
2024-10-13 18:33:22,179 Gathering metrics
2024-10-13 18:33:56,557 {'acc1': 0.7843440594059405, 'acc5': 0.9353341584158416, 'loss': 98.39990605413914, 'macs': 14400271848, 'params': 289225448, 'model_size': 1103.3075256347656, 'inference_time': 0}
2024-10-13 18:33:56,587 Pruning 1024 in layer 9
2024-10-13 18:33:56,588 Gathering metrics
2024-10-13 18:34:30,750 {'acc1': 0.7827970297029703, 'acc5': 0.9350247524752475, 'loss': 98.51347315311432, 'macs': 14374044648, 'params': 288700904, 'model_size': 1101.3065490722656, 'inference_time': 0}
2024-10-13 18:34:30,779 Pruning 1280 in layer 9
2024-10-13 18:34:30,780 Gathering metrics
2024-10-13 18:35:05,249 {'acc1': 0.7840346534653465, 'acc5': 0.9350247524752475, 'loss': 98.79641325771809, 'macs': 14347817448, 'params': 288176360, 'model_size': 1099.3055725097656, 'inference_time': 0}
2024-10-13 18:35:05,279 Pruning 1536 in layer 9
2024-10-13 18:35:05,281 Gathering metrics
2024-10-13 18:35:39,345 {'acc1': 0.7831064356435643, 'acc5': 0.9350247524752475, 'loss': 99.14128775894642, 'macs': 14321590248, 'params': 287651816, 'model_size': 1097.3045959472656, 'inference_time': 0}
2024-10-13 18:35:39,374 Pruning 1792 in layer 9
2024-10-13 18:35:39,376 Gathering metrics
2024-10-13 18:36:13,467 {'acc1': 0.781559405940594, 'acc5': 0.9347153465346535, 'loss': 99.36252589523792, 'macs': 14295363048, 'params': 287127272, 'model_size': 1095.3036193847656, 'inference_time': 0}
2024-10-13 18:36:13,496 Pruning 256 in layer 10
2024-10-13 18:36:13,498 Gathering metrics
2024-10-13 18:36:47,595 {'acc1': 0.7781559405940595, 'acc5': 0.9344059405940595, 'loss': 100.3052704334259, 'macs': 14295363048, 'params': 287127272, 'model_size': 1095.3036193847656, 'inference_time': 0}
2024-10-13 18:36:47,623 Pruning 256 in layer 11
2024-10-13 18:36:47,625 Gathering metrics
2024-10-13 18:37:21,693 {'acc1': 0.7834158415841584, 'acc5': 0.9347153465346535, 'loss': 99.26983526349068, 'macs': 14295363048, 'params': 287127272, 'model_size': 1095.3036193847656, 'inference_time': 0}
2024-10-13 18:37:21,721 Pruning 512 in layer 11
2024-10-13 18:37:21,723 Gathering metrics
2024-10-13 18:37:55,809 {'acc1': 0.7831064356435643, 'acc5': 0.9347153465346535, 'loss': 99.38128878176212, 'macs': 14269135848, 'params': 286602728, 'model_size': 1093.3026428222656, 'inference_time': 0}
2024-10-13 18:37:55,837 Pruning 768 in layer 11
2024-10-13 18:37:55,839 Gathering metrics
2024-10-13 18:38:29,971 {'acc1': 0.7824876237623762, 'acc5': 0.9356435643564357, 'loss': 99.43842013180256, 'macs': 14242908648, 'params': 286078184, 'model_size': 1091.3016662597656, 'inference_time': 0}
2024-10-13 18:38:30,109 Pruning 1024 in layer 11
2024-10-13 18:38:30,111 Gathering metrics
2024-10-13 18:39:04,054 {'acc1': 0.7831064356435643, 'acc5': 0.9368811881188119, 'loss': 99.59441573917866, 'macs': 14216681448, 'params': 285553640, 'model_size': 1089.3006896972656, 'inference_time': 0}
2024-10-13 18:39:04,085 Pruning 1280 in layer 11
2024-10-13 18:39:04,086 Gathering metrics
2024-10-13 18:39:38,105 {'acc1': 0.78125, 'acc5': 0.9362623762376238, 'loss': 99.8114600032568, 'macs': 14190454248, 'params': 285029096, 'model_size': 1087.2997131347656, 'inference_time': 0}
2024-10-13 18:39:38,133 Pruning 1536 in layer 11
2024-10-13 18:39:38,134 Gathering metrics
2024-10-13 18:40:12,292 {'acc1': 0.7803217821782178, 'acc5': 0.9347153465346535, 'loss': 100.1288920789957, 'macs': 14164227048, 'params': 284504552, 'model_size': 1085.2987365722656, 'inference_time': 0}
2024-10-13 18:40:12,320 Pruning 1792 in layer 11
2024-10-13 18:40:12,321 Gathering metrics
2024-10-13 18:40:46,682 {'acc1': 0.7781559405940595, 'acc5': 0.9337871287128713, 'loss': 100.57859694957733, 'macs': 14137999848, 'params': 283980008, 'model_size': 1083.2977600097656, 'inference_time': 0}
2024-10-13 18:40:46,712 Pruning 256 in layer 12
2024-10-13 18:40:46,714 Gathering metrics
2024-10-13 18:41:21,011 {'acc1': 0.7800123762376238, 'acc5': 0.9340965346534653, 'loss': 100.07964588701725, 'macs': 14137999848, 'params': 283980008, 'model_size': 1083.2977600097656, 'inference_time': 0}
2024-10-13 18:41:21,041 Pruning 512 in layer 12
2024-10-13 18:41:21,042 Gathering metrics
2024-10-13 18:41:55,127 {'acc1': 0.7784653465346535, 'acc5': 0.9340965346534653, 'loss': 100.61615873873234, 'macs': 14111772648, 'params': 283455464, 'model_size': 1081.2967834472656, 'inference_time': 0}
2024-10-13 18:41:55,158 Pruning 768 in layer 12
2024-10-13 18:41:55,160 Gathering metrics
2024-10-13 18:42:29,145 {'acc1': 0.7784653465346535, 'acc5': 0.9331683168316832, 'loss': 101.16573964059353, 'macs': 14085545448, 'params': 282930920, 'model_size': 1079.2958068847656, 'inference_time': 0}
2024-10-13 18:42:29,181 Pruning 1024 in layer 12
2024-10-13 18:42:29,182 Gathering metrics
2024-10-13 18:43:03,148 {'acc1': 0.7778465346534653, 'acc5': 0.9328589108910891, 'loss': 101.94400922954082, 'macs': 14059318248, 'params': 282406376, 'model_size': 1077.2948303222656, 'inference_time': 0}
2024-10-13 18:43:03,177 Pruning 1280 in layer 12
2024-10-13 18:43:03,178 Gathering metrics
2024-10-13 18:43:37,346 {'acc1': 0.7778465346534653, 'acc5': 0.932240099009901, 'loss': 102.46091274917126, 'macs': 14033091048, 'params': 281881832, 'model_size': 1075.2938537597656, 'inference_time': 0}
2024-10-13 18:43:37,378 Pruning 1536 in layer 12
2024-10-13 18:43:37,380 Gathering metrics
2024-10-13 18:44:11,212 {'acc1': 0.7766089108910891, 'acc5': 0.931930693069307, 'loss': 102.7850399762392, 'macs': 14006863848, 'params': 281357288, 'model_size': 1073.2928771972656, 'inference_time': 0}
2024-10-13 18:44:11,242 Pruning 256 in layer 13
2024-10-13 18:44:11,244 Gathering metrics
2024-10-13 18:44:45,207 {'acc1': 0.7775371287128713, 'acc5': 0.932240099009901, 'loss': 102.52268198132515, 'macs': 14006863848, 'params': 281357288, 'model_size': 1073.2928771972656, 'inference_time': 0}
2024-10-13 18:44:45,238 Pruning 512 in layer 13
2024-10-13 18:44:45,239 Gathering metrics
2024-10-13 18:45:18,976 {'acc1': 0.7787747524752475, 'acc5': 0.932240099009901, 'loss': 102.80600549280643, 'macs': 13980636648, 'params': 280832744, 'model_size': 1071.2919006347656, 'inference_time': 0}
2024-10-13 18:45:19,005 Pruning 768 in layer 13
2024-10-13 18:45:19,006 Gathering metrics
2024-10-13 18:45:52,986 {'acc1': 0.7778465346534653, 'acc5': 0.9313118811881188, 'loss': 103.1380486190319, 'macs': 13954409448, 'params': 280308200, 'model_size': 1069.2909240722656, 'inference_time': 0}
2024-10-13 18:45:53,018 Pruning 1024 in layer 13
2024-10-13 18:45:53,020 Gathering metrics
2024-10-13 18:46:26,773 {'acc1': 0.7750618811881188, 'acc5': 0.9313118811881188, 'loss': 103.93628300726414, 'macs': 13928182248, 'params': 279783656, 'model_size': 1067.2899475097656, 'inference_time': 0}
2024-10-13 18:46:26,904 Pruning 1280 in layer 13
2024-10-13 18:46:26,906 Gathering metrics
2024-10-13 18:47:00,785 {'acc1': 0.7741336633663366, 'acc5': 0.9294554455445545, 'loss': 104.59642438590527, 'macs': 13901955048, 'params': 279259112, 'model_size': 1065.2889709472656, 'inference_time': 0}
2024-10-13 18:47:00,815 Pruning 256 in layer 14
2024-10-13 18:47:00,817 Gathering metrics
2024-10-13 18:47:34,775 {'acc1': 0.7728960396039604, 'acc5': 0.9300742574257426, 'loss': 104.25516602396965, 'macs': 13901955048, 'params': 279259112, 'model_size': 1065.2889709472656, 'inference_time': 0}
2024-10-13 18:47:34,803 Pruning 512 in layer 14
2024-10-13 18:47:34,805 Gathering metrics
2024-10-13 18:48:08,813 {'acc1': 0.7735148514851485, 'acc5': 0.9300742574257426, 'loss': 104.26277400553226, 'macs': 13875727848, 'params': 278734568, 'model_size': 1063.2879943847656, 'inference_time': 0}
2024-10-13 18:48:08,843 Pruning 768 in layer 14
2024-10-13 18:48:08,845 Gathering metrics
2024-10-13 18:48:42,779 {'acc1': 0.7728960396039604, 'acc5': 0.9285272277227723, 'loss': 104.62030018866062, 'macs': 13849500648, 'params': 278210024, 'model_size': 1061.2870178222656, 'inference_time': 0}
2024-10-13 18:48:42,807 Pruning 1024 in layer 14
2024-10-13 18:48:42,809 Gathering metrics
2024-10-13 18:49:16,672 {'acc1': 0.7744430693069307, 'acc5': 0.9275990099009901, 'loss': 104.89761400222778, 'macs': 13823273448, 'params': 277685480, 'model_size': 1059.2860412597656, 'inference_time': 0}
2024-10-13 18:49:16,702 Pruning 1280 in layer 14
2024-10-13 18:49:16,704 Gathering metrics
2024-10-13 18:49:50,487 {'acc1': 0.7713490099009901, 'acc5': 0.9282178217821783, 'loss': 105.13963016867638, 'macs': 13797046248, 'params': 277160936, 'model_size': 1057.2850646972656, 'inference_time': 0}
2024-10-13 18:49:50,516 Pruning 256 in layer 15
2024-10-13 18:49:50,518 Gathering metrics
2024-10-13 18:50:24,539 {'acc1': 0.7713490099009901, 'acc5': 0.9275990099009901, 'loss': 105.15446731448174, 'macs': 13797046248, 'params': 277160936, 'model_size': 1057.2850646972656, 'inference_time': 0}
2024-10-13 18:50:24,569 Pruning 512 in layer 15
2024-10-13 18:50:24,571 Gathering metrics
2024-10-13 18:50:58,561 {'acc1': 0.7704207920792079, 'acc5': 0.926980198019802, 'loss': 105.80177973210812, 'macs': 13770819048, 'params': 276636392, 'model_size': 1055.2840881347656, 'inference_time': 0}
2024-10-13 18:50:58,591 Pruning 256 in layer 16
2024-10-13 18:50:58,592 Gathering metrics
2024-10-13 18:51:32,493 {'acc1': 0.7716584158415841, 'acc5': 0.9288366336633663, 'loss': 105.76796472072601, 'macs': 13770819048, 'params': 276636392, 'model_size': 1055.2840881347656, 'inference_time': 0}
2024-10-13 18:51:32,524 Pruning 512 in layer 16
2024-10-13 18:51:32,525 Gathering metrics
2024-10-13 18:52:06,158 {'acc1': 0.7713490099009901, 'acc5': 0.9275990099009901, 'loss': 106.15977081656456, 'macs': 13744591848, 'params': 276111848, 'model_size': 1053.2831115722656, 'inference_time': 0}
2024-10-13 18:52:06,187 Pruning 768 in layer 16
2024-10-13 18:52:06,189 Gathering metrics
2024-10-13 18:52:39,868 {'acc1': 0.7719678217821783, 'acc5': 0.9260519801980198, 'loss': 106.3048026561737, 'macs': 13718364648, 'params': 275587304, 'model_size': 1051.2821350097656, 'inference_time': 0}
2024-10-13 18:52:39,899 Pruning 1024 in layer 16
2024-10-13 18:52:39,901 Gathering metrics
2024-10-13 18:53:13,581 {'acc1': 0.7713490099009901, 'acc5': 0.9248143564356436, 'loss': 106.86702075600624, 'macs': 13692137448, 'params': 275062760, 'model_size': 1049.2811584472656, 'inference_time': 0}
2024-10-13 18:53:13,708 Pruning 1280 in layer 16
2024-10-13 18:53:13,709 Gathering metrics
2024-10-13 18:53:47,386 {'acc1': 0.7704207920792079, 'acc5': 0.9220297029702971, 'loss': 107.45953851938248, 'macs': 13665910248, 'params': 274538216, 'model_size': 1047.2801818847656, 'inference_time': 0}
2024-10-13 18:53:47,415 Pruning 1536 in layer 16
2024-10-13 18:53:47,417 Gathering metrics
2024-10-13 18:54:20,961 {'acc1': 0.7670173267326733, 'acc5': 0.9211014851485149, 'loss': 107.98461002111435, 'macs': 13639683048, 'params': 274013672, 'model_size': 1045.2792053222656, 'inference_time': 0}
2024-10-13 18:54:20,991 Pruning 256 in layer 17
2024-10-13 18:54:20,993 Gathering metrics
2024-10-13 18:54:54,759 {'acc1': 0.7701113861386139, 'acc5': 0.9235767326732673, 'loss': 107.57875154912472, 'macs': 13639683048, 'params': 274013672, 'model_size': 1045.2792053222656, 'inference_time': 0}
2024-10-13 18:54:54,789 Pruning 512 in layer 17
2024-10-13 18:54:54,791 Gathering metrics
2024-10-13 18:55:28,347 {'acc1': 0.7704207920792079, 'acc5': 0.9229579207920792, 'loss': 107.89579510688782, 'macs': 13613455848, 'params': 273489128, 'model_size': 1043.2782287597656, 'inference_time': 0}
2024-10-13 18:55:28,377 Pruning 768 in layer 17
2024-10-13 18:55:28,379 Gathering metrics
2024-10-13 18:56:01,768 {'acc1': 0.7670173267326733, 'acc5': 0.9226485148514851, 'loss': 108.10276599228382, 'macs': 13587228648, 'params': 272964584, 'model_size': 1041.2772521972656, 'inference_time': 0}
2024-10-13 18:56:01,799 Pruning 256 in layer 18
2024-10-13 18:56:01,800 Gathering metrics
2024-10-13 18:56:35,104 {'acc1': 0.7694925742574258, 'acc5': 0.9232673267326733, 'loss': 108.03370822966099, 'macs': 13587228648, 'params': 272964584, 'model_size': 1041.2772521972656, 'inference_time': 0}
2024-10-13 18:56:35,132 Pruning 512 in layer 18
2024-10-13 18:56:35,134 Gathering metrics
2024-10-13 18:57:08,912 {'acc1': 0.7701113861386139, 'acc5': 0.9229579207920792, 'loss': 108.16290247440338, 'macs': 13561001448, 'params': 272440040, 'model_size': 1039.2762756347656, 'inference_time': 0}
2024-10-13 18:57:08,941 Pruning 768 in layer 18
2024-10-13 18:57:08,943 Gathering metrics
2024-10-13 18:57:42,304 {'acc1': 0.7682549504950495, 'acc5': 0.9241955445544554, 'loss': 108.19811272621155, 'macs': 13534774248, 'params': 271915496, 'model_size': 1037.2752990722656, 'inference_time': 0}
2024-10-13 18:57:42,339 Pruning 1024 in layer 18
2024-10-13 18:57:42,341 Gathering metrics
2024-10-13 18:58:15,786 {'acc1': 0.7682549504950495, 'acc5': 0.9235767326732673, 'loss': 108.41961424052715, 'macs': 13508547048, 'params': 271390952, 'model_size': 1035.2743225097656, 'inference_time': 0}
2024-10-13 18:58:15,816 Pruning 1280 in layer 18
2024-10-13 18:58:15,818 Gathering metrics
2024-10-13 18:58:51,349 {'acc1': 0.7663985148514851, 'acc5': 0.9235767326732673, 'loss': 108.64260965585709, 'macs': 13482319848, 'params': 270866408, 'model_size': 1033.2733459472656, 'inference_time': 0}
2024-10-13 18:58:51,380 Pruning 256 in layer 19
2024-10-13 18:58:51,382 Gathering metrics
2024-10-13 18:59:26,135 {'acc1': 0.7694925742574258, 'acc5': 0.9232673267326733, 'loss': 108.95529393851757, 'macs': 13482319848, 'params': 270866408, 'model_size': 1033.2733459472656, 'inference_time': 0}
2024-10-13 18:59:26,167 Pruning 512 in layer 19
2024-10-13 18:59:26,169 Gathering metrics
2024-10-13 18:59:59,593 {'acc1': 0.7673267326732673, 'acc5': 0.9235767326732673, 'loss': 109.19526027143002, 'macs': 13456092648, 'params': 270341864, 'model_size': 1031.2723693847656, 'inference_time': 0}
2024-10-13 18:59:59,623 Pruning 768 in layer 19
2024-10-13 18:59:59,625 Gathering metrics
2024-10-13 19:00:32,936 {'acc1': 0.7673267326732673, 'acc5': 0.9217202970297029, 'loss': 109.36646834015846, 'macs': 13429865448, 'params': 269817320, 'model_size': 1029.2713928222656, 'inference_time': 0}
2024-10-13 19:00:33,073 Pruning 1024 in layer 19
2024-10-13 19:00:33,075 Gathering metrics
2024-10-13 19:01:06,480 {'acc1': 0.7654702970297029, 'acc5': 0.9211014851485149, 'loss': 109.66292929649353, 'macs': 13403638248, 'params': 269292776, 'model_size': 1027.2704162597656, 'inference_time': 0}
2024-10-13 19:01:06,511 Pruning 1280 in layer 19
2024-10-13 19:01:06,512 Gathering metrics
2024-10-13 19:01:39,974 {'acc1': 0.7670173267326733, 'acc5': 0.9229579207920792, 'loss': 110.10130812227726, 'macs': 13377411048, 'params': 268768232, 'model_size': 1025.2694396972656, 'inference_time': 0}
2024-10-13 19:01:40,006 Pruning 1536 in layer 19
2024-10-13 19:01:40,008 Gathering metrics
2024-10-13 19:02:14,158 {'acc1': 0.7648514851485149, 'acc5': 0.9211014851485149, 'loss': 110.62607391178608, 'macs': 13351183848, 'params': 268243688, 'model_size': 1023.2684631347656, 'inference_time': 0}
2024-10-13 19:02:14,189 Pruning 256 in layer 20
2024-10-13 19:02:14,190 Gathering metrics
2024-10-13 19:02:49,726 {'acc1': 0.7657797029702971, 'acc5': 0.9198638613861386, 'loss': 111.33285050094128, 'macs': 13351183848, 'params': 268243688, 'model_size': 1023.2684631347656, 'inference_time': 0}
2024-10-13 19:02:49,754 Pruning 512 in layer 20
2024-10-13 19:02:49,756 Gathering metrics
2024-10-13 19:03:23,829 {'acc1': 0.7651608910891089, 'acc5': 0.9204826732673267, 'loss': 112.04028788208961, 'macs': 13324956648, 'params': 267719144, 'model_size': 1021.2674865722656, 'inference_time': 0}
2024-10-13 19:03:23,859 Pruning 768 in layer 20
2024-10-13 19:03:23,861 Gathering metrics
2024-10-13 19:03:57,335 {'acc1': 0.7636138613861386, 'acc5': 0.9195544554455446, 'loss': 112.61450919508934, 'macs': 13298729448, 'params': 267194600, 'model_size': 1019.2665100097656, 'inference_time': 0}
2024-10-13 19:03:57,367 Pruning 256 in layer 21
2024-10-13 19:03:57,369 Gathering metrics
2024-10-13 19:04:30,623 {'acc1': 0.7654702970297029, 'acc5': 0.9198638613861386, 'loss': 113.26784491539001, 'macs': 13298729448, 'params': 267194600, 'model_size': 1019.2665100097656, 'inference_time': 0}
2024-10-13 19:04:30,653 Pruning 512 in layer 21
2024-10-13 19:04:30,655 Gathering metrics
2024-10-13 19:05:03,812 {'acc1': 0.7648514851485149, 'acc5': 0.9189356435643564, 'loss': 114.15092445909977, 'macs': 13272502248, 'params': 266670056, 'model_size': 1017.2655334472656, 'inference_time': 0}
2024-10-13 19:05:03,842 Pruning 768 in layer 21
2024-10-13 19:05:03,844 Gathering metrics
2024-10-13 19:05:36,964 {'acc1': 0.7620668316831684, 'acc5': 0.9192450495049505, 'loss': 115.26822589337826, 'macs': 13246275048, 'params': 266145512, 'model_size': 1015.2645568847656, 'inference_time': 0}
2024-10-13 19:05:36,996 Pruning 1024 in layer 21
2024-10-13 19:05:36,998 Gathering metrics
2024-10-13 19:06:10,215 {'acc1': 0.7589727722772277, 'acc5': 0.9186262376237624, 'loss': 116.54641430079937, 'macs': 13220047848, 'params': 265620968, 'model_size': 1013.2635803222656, 'inference_time': 0}
2024-10-13 19:06:10,246 Pruning 256 in layer 22
2024-10-13 19:06:10,247 Gathering metrics
2024-10-13 19:06:43,309 {'acc1': 0.7592821782178217, 'acc5': 0.9170792079207921, 'loss': 118.41791146993637, 'macs': 13220047848, 'params': 265620968, 'model_size': 1013.2635803222656, 'inference_time': 0}
2024-10-13 19:06:43,339 Pruning 512 in layer 22
2024-10-13 19:06:43,341 Gathering metrics
2024-10-13 19:07:16,567 {'acc1': 0.7599009900990099, 'acc5': 0.916769801980198, 'loss': 118.21373431384563, 'macs': 13193820648, 'params': 265096424, 'model_size': 1011.2626037597656, 'inference_time': 0}
2024-10-13 19:07:16,706 Pruning 768 in layer 22
2024-10-13 19:07:16,707 Gathering metrics
2024-10-13 19:07:50,020 {'acc1': 0.7595915841584159, 'acc5': 0.916769801980198, 'loss': 118.72546581923962, 'macs': 13167593448, 'params': 264571880, 'model_size': 1009.2616271972656, 'inference_time': 0}
2024-10-13 19:07:50,050 Pruning 1024 in layer 22
2024-10-13 19:07:50,052 Gathering metrics
2024-10-13 19:08:23,118 {'acc1': 0.760519801980198, 'acc5': 0.9149133663366337, 'loss': 120.2650255560875, 'macs': 13141366248, 'params': 264047336, 'model_size': 1007.2606506347656, 'inference_time': 0}
2024-10-13 19:08:23,150 Pruning 1280 in layer 22
2024-10-13 19:08:23,152 Gathering metrics
2024-10-13 19:08:56,071 {'acc1': 0.7583539603960396, 'acc5': 0.9139851485148515, 'loss': 121.68113754689693, 'macs': 13115139048, 'params': 263522792, 'model_size': 1005.2596740722656, 'inference_time': 0}
2024-10-13 19:08:56,102 Pruning 256 in layer 23
2024-10-13 19:08:56,104 Gathering metrics
2024-10-13 19:09:29,154 {'acc1': 0.7586633663366337, 'acc5': 0.9133663366336634, 'loss': 122.56206549704075, 'macs': 13115139048, 'params': 263522792, 'model_size': 1005.2596740722656, 'inference_time': 0}
2024-10-13 19:09:29,182 Pruning 512 in layer 23
2024-10-13 19:09:29,184 Gathering metrics
2024-10-13 19:10:03,630 {'acc1': 0.7571163366336634, 'acc5': 0.9161509900990099, 'loss': 115.36628592014313, 'macs': 13088911848, 'params': 262998248, 'model_size': 1003.2586975097656, 'inference_time': 0}
2024-10-13 19:10:03,645 Experiment finished
