2024-10-13 12:05:41,592 Starting experiment outputs/adaptive/vit_b_16/proj500
2024-10-13 12:05:41,592 Loading the original model
2024-10-13 12:05:42,031 Gathering metrics of the original model
2024-10-13 12:06:06,607 {'acc1': 0.8412747524752475, 'acc5': 0.968440594059406, 'loss': 71.7917678207159, 'macs': 16864992232, 'params': 86567656, 'model_size': 330.2294006347656, 'inference_time': 0}
2024-10-13 12:06:06,619 Pruning 256 in layer 0
2024-10-13 12:06:09,720 Gathering metrics
2024-10-13 12:06:33,701 {'acc1': 0.8391089108910891, 'acc5': 0.968440594059406, 'loss': 72.85594177991152, 'macs': 16787478248, 'params': 86174184, 'model_size': 328.7284240722656, 'inference_time': 0}
2024-10-13 12:06:33,795 Pruning 512 in layer 0
2024-10-13 12:06:36,406 Gathering metrics
2024-10-13 12:07:00,619 {'acc1': 0.8304455445544554, 'acc5': 0.9603960396039604, 'loss': 78.73298764228821, 'macs': 16709964264, 'params': 85780712, 'model_size': 327.2274475097656, 'inference_time': 0}
2024-10-13 12:07:00,631 Pruning 256 in layer 1
2024-10-13 12:07:03,631 Gathering metrics
2024-10-13 12:07:27,608 {'acc1': 0.8363242574257426, 'acc5': 0.9656559405940595, 'loss': 73.81117581576109, 'macs': 16709964264, 'params': 85780712, 'model_size': 327.2274475097656, 'inference_time': 0}
2024-10-13 12:07:27,621 Pruning 512 in layer 1
2024-10-13 12:07:30,243 Gathering metrics
2024-10-13 12:07:54,480 {'acc1': 0.8301361386138614, 'acc5': 0.963180693069307, 'loss': 76.67664933204651, 'macs': 16632450280, 'params': 85387240, 'model_size': 325.7264709472656, 'inference_time': 0}
2024-10-13 12:07:54,493 Pruning 256 in layer 2
2024-10-13 12:07:57,787 Gathering metrics
2024-10-13 12:08:22,100 {'acc1': 0.8350866336633663, 'acc5': 0.9641089108910891, 'loss': 73.75098121166229, 'macs': 16632450280, 'params': 85387240, 'model_size': 325.7264709472656, 'inference_time': 0}
2024-10-13 12:08:22,115 Pruning 512 in layer 2
2024-10-13 12:08:25,006 Gathering metrics
2024-10-13 12:08:49,128 {'acc1': 0.786509900990099, 'acc5': 0.9405940594059405, 'loss': 93.47618414461613, 'macs': 16554936296, 'params': 84993768, 'model_size': 324.2254943847656, 'inference_time': 0}
2024-10-13 12:08:49,142 Pruning 256 in layer 3
2024-10-13 12:08:52,430 Gathering metrics
2024-10-13 12:09:16,685 {'acc1': 0.8313737623762376, 'acc5': 0.9641089108910891, 'loss': 75.06358446925879, 'macs': 16554936296, 'params': 84993768, 'model_size': 324.2254943847656, 'inference_time': 0}
2024-10-13 12:09:16,700 Pruning 512 in layer 3
2024-10-13 12:09:19,589 Gathering metrics
2024-10-13 12:09:43,893 {'acc1': 0.8264232673267327, 'acc5': 0.9625618811881188, 'loss': 77.18287394195795, 'macs': 16477422312, 'params': 84600296, 'model_size': 322.7245178222656, 'inference_time': 0}
2024-10-13 12:09:43,906 Pruning 256 in layer 4
2024-10-13 12:09:46,895 Gathering metrics
2024-10-13 12:10:11,073 {'acc1': 0.8276608910891089, 'acc5': 0.963180693069307, 'loss': 76.60053092986345, 'macs': 16477422312, 'params': 84600296, 'model_size': 322.7245178222656, 'inference_time': 0}
2024-10-13 12:10:11,086 Pruning 512 in layer 4
2024-10-13 12:10:13,705 Gathering metrics
2024-10-13 12:10:37,522 {'acc1': 0.8245668316831684, 'acc5': 0.9603960396039604, 'loss': 78.25138290971518, 'macs': 16399908328, 'params': 84206824, 'model_size': 321.2235412597656, 'inference_time': 0}
2024-10-13 12:10:37,535 Pruning 768 in layer 4
2024-10-13 12:10:39,804 Gathering metrics
2024-10-13 12:11:03,834 {'acc1': 0.8236386138613861, 'acc5': 0.9573019801980198, 'loss': 79.59185147285461, 'macs': 16322394344, 'params': 83813352, 'model_size': 319.7225646972656, 'inference_time': 0}
2024-10-13 12:11:03,847 Pruning 256 in layer 5
2024-10-13 12:11:06,858 Gathering metrics
2024-10-13 12:11:30,817 {'acc1': 0.8245668316831684, 'acc5': 0.9573019801980198, 'loss': 78.74335841089487, 'macs': 16322394344, 'params': 83813352, 'model_size': 319.7225646972656, 'inference_time': 0}
2024-10-13 12:11:30,830 Pruning 512 in layer 5
2024-10-13 12:11:33,449 Gathering metrics
2024-10-13 12:11:57,035 {'acc1': 0.818069306930693, 'acc5': 0.9526608910891089, 'loss': 81.46094164252281, 'macs': 16244880360, 'params': 83419880, 'model_size': 318.2215881347656, 'inference_time': 0}
2024-10-13 12:11:57,048 Pruning 768 in layer 5
2024-10-13 12:11:59,289 Gathering metrics
2024-10-13 12:12:23,175 {'acc1': 0.818069306930693, 'acc5': 0.9511138613861386, 'loss': 82.05614550411701, 'macs': 16167366376, 'params': 83026408, 'model_size': 316.7206115722656, 'inference_time': 0}
2024-10-13 12:12:23,188 Pruning 1024 in layer 5
2024-10-13 12:12:25,118 Gathering metrics
2024-10-13 12:12:48,879 {'acc1': 0.8162128712871287, 'acc5': 0.9504950495049505, 'loss': 83.4467044249177, 'macs': 16089852392, 'params': 82632936, 'model_size': 315.2196350097656, 'inference_time': 0}
2024-10-13 12:12:48,893 Pruning 256 in layer 6
2024-10-13 12:12:52,192 Gathering metrics
2024-10-13 12:13:16,213 {'acc1': 0.8146658415841584, 'acc5': 0.9508044554455446, 'loss': 83.69590634852648, 'macs': 16089852392, 'params': 82632936, 'model_size': 315.2196350097656, 'inference_time': 0}
2024-10-13 12:13:16,225 Pruning 512 in layer 6
2024-10-13 12:13:18,843 Gathering metrics
2024-10-13 12:13:42,455 {'acc1': 0.8118811881188119, 'acc5': 0.9495668316831684, 'loss': 84.44134020805359, 'macs': 16012338408, 'params': 82239464, 'model_size': 313.7186584472656, 'inference_time': 0}
2024-10-13 12:13:42,469 Pruning 768 in layer 6
2024-10-13 12:13:44,726 Gathering metrics
2024-10-13 12:14:08,549 {'acc1': 0.8125, 'acc5': 0.9501856435643564, 'loss': 85.70851829648018, 'macs': 15934824424, 'params': 81845992, 'model_size': 312.2176818847656, 'inference_time': 0}
2024-10-13 12:14:08,562 Pruning 1024 in layer 6
2024-10-13 12:14:10,461 Gathering metrics
2024-10-13 12:14:33,851 {'acc1': 0.8097153465346535, 'acc5': 0.9464727722772277, 'loss': 86.52959877252579, 'macs': 15857310440, 'params': 81452520, 'model_size': 310.7167053222656, 'inference_time': 0}
2024-10-13 12:14:33,865 Pruning 256 in layer 7
2024-10-13 12:14:36,860 Gathering metrics
2024-10-13 12:15:00,477 {'acc1': 0.8106435643564357, 'acc5': 0.9492574257425742, 'loss': 86.9304406195879, 'macs': 15857310440, 'params': 81452520, 'model_size': 310.7167053222656, 'inference_time': 0}
2024-10-13 12:15:00,490 Pruning 512 in layer 7
2024-10-13 12:15:03,120 Gathering metrics
2024-10-13 12:15:26,896 {'acc1': 0.8053836633663366, 'acc5': 0.9458539603960396, 'loss': 88.50697019696236, 'macs': 15779796456, 'params': 81059048, 'model_size': 309.2157287597656, 'inference_time': 0}
2024-10-13 12:15:26,910 Pruning 256 in layer 8
2024-10-13 12:15:30,210 Gathering metrics
2024-10-13 12:15:53,726 {'acc1': 0.8050742574257426, 'acc5': 0.9467821782178217, 'loss': 88.1078867316246, 'macs': 15779796456, 'params': 81059048, 'model_size': 309.2157287597656, 'inference_time': 0}
2024-10-13 12:15:53,739 Pruning 512 in layer 8
2024-10-13 12:15:56,354 Gathering metrics
2024-10-13 12:16:19,799 {'acc1': 0.8022896039603961, 'acc5': 0.9446163366336634, 'loss': 89.63781664520502, 'macs': 15702282472, 'params': 80665576, 'model_size': 307.7147521972656, 'inference_time': 0}
2024-10-13 12:16:19,812 Pruning 256 in layer 9
2024-10-13 12:16:22,807 Gathering metrics
2024-10-13 12:16:46,327 {'acc1': 0.7985767326732673, 'acc5': 0.943069306930693, 'loss': 90.34769210219383, 'macs': 15702282472, 'params': 80665576, 'model_size': 307.7147521972656, 'inference_time': 0}
2024-10-13 12:16:46,341 Pruning 512 in layer 9
2024-10-13 12:16:49,228 Gathering metrics
2024-10-13 12:17:12,993 {'acc1': 0.7945544554455446, 'acc5': 0.9421410891089109, 'loss': 92.48933896422386, 'macs': 15624768488, 'params': 80272104, 'model_size': 306.2137756347656, 'inference_time': 0}
2024-10-13 12:17:13,007 Pruning 256 in layer 10
2024-10-13 12:17:16,294 Gathering metrics
2024-10-13 12:17:39,948 {'acc1': 0.7933168316831684, 'acc5': 0.9418316831683168, 'loss': 94.39361122250557, 'macs': 15624768488, 'params': 80272104, 'model_size': 306.2137756347656, 'inference_time': 0}
2024-10-13 12:17:39,963 Pruning 512 in layer 10
2024-10-13 12:17:42,853 Gathering metrics
2024-10-13 12:18:06,379 {'acc1': 0.7923886138613861, 'acc5': 0.9405940594059405, 'loss': 95.89060398936272, 'macs': 15547254504, 'params': 79878632, 'model_size': 304.7127990722656, 'inference_time': 0}
2024-10-13 12:18:06,392 Pruning 768 in layer 10
2024-10-13 12:18:08,649 Gathering metrics
2024-10-13 12:18:32,102 {'acc1': 0.786819306930693, 'acc5': 0.9412128712871287, 'loss': 98.25682504475117, 'macs': 15469740520, 'params': 79485160, 'model_size': 303.2118225097656, 'inference_time': 0}
2024-10-13 12:18:32,116 Pruning 256 in layer 11
2024-10-13 12:18:35,115 Gathering metrics
2024-10-13 12:18:58,527 {'acc1': 0.7930074257425742, 'acc5': 0.942450495049505, 'loss': 91.70090858638287, 'macs': 15469740520, 'params': 79485160, 'model_size': 303.2118225097656, 'inference_time': 0}
2024-10-13 12:18:58,623 Pruning 512 in layer 11
2024-10-13 12:19:01,254 Gathering metrics
2024-10-13 12:19:24,994 {'acc1': 0.7936262376237624, 'acc5': 0.9421410891089109, 'loss': 91.88016944378614, 'macs': 15392226536, 'params': 79091688, 'model_size': 301.7108459472656, 'inference_time': 0}
2024-10-13 12:19:25,006 Pruning 768 in layer 11
2024-10-13 12:19:27,256 Gathering metrics
2024-10-13 12:19:50,572 {'acc1': 0.7920792079207921, 'acc5': 0.9402846534653465, 'loss': 92.34752689301968, 'macs': 15314712552, 'params': 78698216, 'model_size': 300.2098693847656, 'inference_time': 0}
2024-10-13 12:19:50,586 Pruning 1024 in layer 11
2024-10-13 12:19:52,487 Gathering metrics
2024-10-13 12:20:15,843 {'acc1': 0.7920792079207921, 'acc5': 0.9399752475247525, 'loss': 93.10351673513651, 'macs': 15237198568, 'params': 78304744, 'model_size': 298.7088928222656, 'inference_time': 0}
2024-10-13 12:20:15,856 Pruning 1280 in layer 11
2024-10-13 12:20:17,487 Gathering metrics
2024-10-13 12:20:40,791 {'acc1': 0.7926980198019802, 'acc5': 0.9409034653465347, 'loss': 93.07913376390934, 'macs': 15159684584, 'params': 77911272, 'model_size': 297.2079162597656, 'inference_time': 0}
2024-10-13 12:20:40,805 Pruning 1536 in layer 11
2024-10-13 12:20:42,196 Gathering metrics
2024-10-13 12:21:05,575 {'acc1': 0.7936262376237624, 'acc5': 0.9412128712871287, 'loss': 92.75243183970451, 'macs': 15082170600, 'params': 77517800, 'model_size': 295.7069396972656, 'inference_time': 0}
2024-10-13 12:21:05,588 Pruning 1792 in layer 11
2024-10-13 12:21:06,769 Gathering metrics
2024-10-13 12:21:30,201 {'acc1': 0.7945544554455446, 'acc5': 0.9421410891089109, 'loss': 93.23145983368158, 'macs': 15004656616, 'params': 77124328, 'model_size': 294.2059631347656, 'inference_time': 0}
2024-10-13 12:21:30,214 Pruning 2048 in layer 11
2024-10-13 12:21:31,214 Gathering metrics
2024-10-13 12:21:54,457 {'acc1': 0.7939356435643564, 'acc5': 0.9418316831683168, 'loss': 94.6523602232337, 'macs': 14927142632, 'params': 76730856, 'model_size': 292.7049865722656, 'inference_time': 0}
2024-10-13 12:21:54,470 Pruning 2304 in layer 11
2024-10-13 12:21:55,324 Gathering metrics
2024-10-13 12:22:18,591 {'acc1': 0.7936262376237624, 'acc5': 0.943069306930693, 'loss': 93.74232038855553, 'macs': 14849628648, 'params': 76337384, 'model_size': 291.2040100097656, 'inference_time': 0}
2024-10-13 12:22:18,605 Pruning 2560 in layer 11
2024-10-13 12:22:19,325 Gathering metrics
2024-10-13 12:22:42,615 {'acc1': 0.7886757425742574, 'acc5': 0.9365717821782178, 'loss': 102.00336617603898, 'macs': 14772114664, 'params': 75943912, 'model_size': 289.7030334472656, 'inference_time': 0}
2024-10-13 12:22:42,628 Pruning 2816 in layer 11
2024-10-13 12:22:43,216 Gathering metrics
2024-10-13 12:23:06,312 {'acc1': 0.7905321782178217, 'acc5': 0.9421410891089109, 'loss': 93.48170913755894, 'macs': 14694600680, 'params': 75550440, 'model_size': 288.2020568847656, 'inference_time': 0}
2024-10-13 12:23:06,328 Experiment finished
