2024-10-13 12:23:12,069 Starting experiment outputs/adaptive/vit_b_32/l1
2024-10-13 12:23:12,069 Loading the original model
2024-10-13 12:23:12,575 Gathering metrics of the original model
2024-10-13 12:23:31,953 {'acc1': 0.8004331683168316, 'acc5': 0.943069306930693, 'loss': 90.91504348814487, 'macs': 4367292136, 'params': 88224232, 'model_size': 336.5487365722656, 'inference_time': 0}
2024-10-13 12:23:31,966 Pruning 256 in layer 0
2024-10-13 12:23:32,002 Gathering metrics
2024-10-13 12:23:51,390 {'acc1': 0.26392326732673266, 'acc5': 0.4622524752475248, 'loss': 448.7708673477173, 'macs': 4347618536, 'params': 87830760, 'model_size': 335.0477600097656, 'inference_time': 0}
2024-10-13 12:23:51,484 Pruning 256 in layer 1
2024-10-13 12:23:51,485 Gathering metrics
2024-10-13 12:24:10,407 {'acc1': 0.5900371287128713, 'acc5': 0.7521658415841584, 'loss': 228.60072679817677, 'macs': 4347618536, 'params': 87830760, 'model_size': 335.0477600097656, 'inference_time': 0}
2024-10-13 12:24:10,420 Pruning 256 in layer 2
2024-10-13 12:24:10,420 Gathering metrics
2024-10-13 12:24:29,531 {'acc1': 0.7914603960396039, 'acc5': 0.937190594059406, 'loss': 94.58826508373022, 'macs': 4347618536, 'params': 87830760, 'model_size': 335.0477600097656, 'inference_time': 0}
2024-10-13 12:24:29,543 Pruning 256 in layer 3
2024-10-13 12:24:29,544 Gathering metrics
2024-10-13 12:24:48,578 {'acc1': 0.7843440594059405, 'acc5': 0.9347153465346535, 'loss': 97.69807860255241, 'macs': 4347618536, 'params': 87830760, 'model_size': 335.0477600097656, 'inference_time': 0}
2024-10-13 12:24:48,591 Pruning 256 in layer 4
2024-10-13 12:24:48,592 Gathering metrics
2024-10-13 12:25:07,495 {'acc1': 0.7982673267326733, 'acc5': 0.9390470297029703, 'loss': 91.92571540176868, 'macs': 4347618536, 'params': 87830760, 'model_size': 335.0477600097656, 'inference_time': 0}
2024-10-13 12:25:07,511 Pruning 512 in layer 4
2024-10-13 12:25:07,512 Gathering metrics
2024-10-13 12:25:26,510 {'acc1': 0.7936262376237624, 'acc5': 0.9359529702970297, 'loss': 94.47143764793873, 'macs': 4327944936, 'params': 87437288, 'model_size': 333.5467834472656, 'inference_time': 0}
2024-10-13 12:25:26,523 Pruning 768 in layer 4
2024-10-13 12:25:26,524 Gathering metrics
2024-10-13 12:25:45,467 {'acc1': 0.7880569306930693, 'acc5': 0.9359529702970297, 'loss': 97.0782479941845, 'macs': 4308271336, 'params': 87043816, 'model_size': 332.0458068847656, 'inference_time': 0}
2024-10-13 12:25:45,480 Pruning 256 in layer 5
2024-10-13 12:25:45,481 Gathering metrics
2024-10-13 12:26:04,519 {'acc1': 0.7877475247524752, 'acc5': 0.9356435643564357, 'loss': 96.74887850880623, 'macs': 4308271336, 'params': 87043816, 'model_size': 332.0458068847656, 'inference_time': 0}
2024-10-13 12:26:04,532 Pruning 512 in layer 5
2024-10-13 12:26:04,533 Gathering metrics
2024-10-13 12:26:23,370 {'acc1': 0.7800123762376238, 'acc5': 0.932240099009901, 'loss': 99.63986678421497, 'macs': 4288597736, 'params': 86650344, 'model_size': 330.5448303222656, 'inference_time': 0}
2024-10-13 12:26:23,383 Pruning 256 in layer 6
2024-10-13 12:26:23,384 Gathering metrics
2024-10-13 12:26:42,305 {'acc1': 0.786200495049505, 'acc5': 0.9328589108910891, 'loss': 98.60460130870342, 'macs': 4288597736, 'params': 86650344, 'model_size': 330.5448303222656, 'inference_time': 0}
2024-10-13 12:26:42,318 Pruning 512 in layer 6
2024-10-13 12:26:42,319 Gathering metrics
2024-10-13 12:27:01,149 {'acc1': 0.7846534653465347, 'acc5': 0.931930693069307, 'loss': 100.40600790083408, 'macs': 4268924136, 'params': 86256872, 'model_size': 329.0438537597656, 'inference_time': 0}
2024-10-13 12:27:01,163 Pruning 768 in layer 6
2024-10-13 12:27:01,163 Gathering metrics
2024-10-13 12:27:20,259 {'acc1': 0.7793935643564357, 'acc5': 0.9306930693069307, 'loss': 100.9428249001503, 'macs': 4249250536, 'params': 85863400, 'model_size': 327.5428771972656, 'inference_time': 0}
2024-10-13 12:27:20,272 Pruning 256 in layer 7
2024-10-13 12:27:20,272 Gathering metrics
2024-10-13 12:27:39,398 {'acc1': 0.780940594059406, 'acc5': 0.9285272277227723, 'loss': 103.07930706441402, 'macs': 4249250536, 'params': 85863400, 'model_size': 327.5428771972656, 'inference_time': 0}
2024-10-13 12:27:39,412 Pruning 512 in layer 7
2024-10-13 12:27:39,413 Gathering metrics
2024-10-13 12:27:58,668 {'acc1': 0.7722772277227723, 'acc5': 0.9223391089108911, 'loss': 105.62491841614246, 'macs': 4229576936, 'params': 85469928, 'model_size': 326.0419006347656, 'inference_time': 0}
2024-10-13 12:27:58,681 Pruning 256 in layer 8
2024-10-13 12:27:58,682 Gathering metrics
2024-10-13 12:28:17,359 {'acc1': 0.7701113861386139, 'acc5': 0.9251237623762376, 'loss': 106.70447960495949, 'macs': 4229576936, 'params': 85469928, 'model_size': 326.0419006347656, 'inference_time': 0}
2024-10-13 12:28:17,372 Pruning 256 in layer 9
2024-10-13 12:28:17,373 Gathering metrics
2024-10-13 12:28:36,410 {'acc1': 0.7747524752475248, 'acc5': 0.9285272277227723, 'loss': 103.33193017542362, 'macs': 4229576936, 'params': 85469928, 'model_size': 326.0419006347656, 'inference_time': 0}
2024-10-13 12:28:36,424 Pruning 512 in layer 9
2024-10-13 12:28:36,425 Gathering metrics
2024-10-13 12:28:55,552 {'acc1': 0.7713490099009901, 'acc5': 0.926980198019802, 'loss': 104.18959625065327, 'macs': 4209903336, 'params': 85076456, 'model_size': 324.5409240722656, 'inference_time': 0}
2024-10-13 12:28:55,567 Pruning 256 in layer 10
2024-10-13 12:28:55,568 Gathering metrics
2024-10-13 12:29:14,669 {'acc1': 0.7670173267326733, 'acc5': 0.9186262376237624, 'loss': 123.04634207487106, 'macs': 4209903336, 'params': 85076456, 'model_size': 324.5409240722656, 'inference_time': 0}
2024-10-13 12:29:14,682 Pruning 256 in layer 11
2024-10-13 12:29:14,682 Gathering metrics
2024-10-13 12:29:34,043 {'acc1': 0.7694925742574258, 'acc5': 0.9192450495049505, 'loss': 113.02260961383581, 'macs': 4209903336, 'params': 85076456, 'model_size': 324.5409240722656, 'inference_time': 0}
2024-10-13 12:29:34,058 Pruning 512 in layer 11
2024-10-13 12:29:34,059 Gathering metrics
2024-10-13 12:29:52,883 {'acc1': 0.7660891089108911, 'acc5': 0.9207920792079208, 'loss': 111.8474470153451, 'macs': 4190229736, 'params': 84682984, 'model_size': 323.0399475097656, 'inference_time': 0}
2024-10-13 12:29:52,894 Experiment finished
