2024-10-13 22:17:36,104 Starting experiment outputs/adaptive/vit_h_14/proj500
2024-10-13 22:17:36,104 Loading the original model
2024-10-13 22:17:38,721 Gathering metrics of the original model
2024-10-13 22:19:58,967 {'acc1': 0.9634615384615385, 'acc5': 0.9951923076923077, 'loss': 10.94629063270986, 'macs': 863467906280, 'params': 633470440, 'model_size': 2416.4979553222656, 'inference_time': 0}
2024-10-13 22:19:59,003 Pruning 512 in layer 0
2024-10-13 22:20:11,270 Gathering metrics
2024-10-13 22:22:30,662 {'acc1': 0.9625, 'acc5': 0.9942307692307693, 'loss': 11.098293542861938, 'macs': 861671518440, 'params': 632159208, 'model_size': 2411.4960021972656, 'inference_time': 0}
2024-10-13 22:22:30,699 Pruning 1024 in layer 0
2024-10-13 22:22:40,253 Gathering metrics
2024-10-13 22:24:59,448 {'acc1': 0.9605769230769231, 'acc5': 0.9951923076923077, 'loss': 11.169556508772075, 'macs': 859875130600, 'params': 630847976, 'model_size': 2406.4940490722656, 'inference_time': 0}
2024-10-13 22:24:59,481 Pruning 1536 in layer 0
2024-10-13 22:25:06,898 Gathering metrics
2024-10-13 22:27:25,816 {'acc1': 0.9605769230769231, 'acc5': 0.9951923076923077, 'loss': 11.022479377686977, 'macs': 858078742760, 'params': 629536744, 'model_size': 2401.4920959472656, 'inference_time': 0}
2024-10-13 22:27:25,849 Pruning 2048 in layer 0
2024-10-13 22:27:31,528 Gathering metrics
2024-10-13 22:29:50,399 {'acc1': 0.9634615384615385, 'acc5': 0.9951923076923077, 'loss': 10.729053997434676, 'macs': 856282354920, 'params': 628225512, 'model_size': 2396.4901428222656, 'inference_time': 0}
2024-10-13 22:29:50,431 Pruning 2560 in layer 0
2024-10-13 22:29:54,774 Gathering metrics
2024-10-13 22:32:14,537 {'acc1': 0.9644230769230769, 'acc5': 0.9942307692307693, 'loss': 10.920388537459075, 'macs': 854485967080, 'params': 626914280, 'model_size': 2391.4881896972656, 'inference_time': 0}
2024-10-13 22:32:14,570 Pruning 3072 in layer 0
2024-10-13 22:32:17,935 Gathering metrics
2024-10-13 22:34:36,470 {'acc1': 0.9634615384615385, 'acc5': 0.9961538461538462, 'loss': 11.036605176515877, 'macs': 852689579240, 'params': 625603048, 'model_size': 2386.4862365722656, 'inference_time': 0}
2024-10-13 22:34:36,503 Pruning 3584 in layer 0
2024-10-13 22:34:38,924 Gathering metrics
2024-10-13 22:36:57,197 {'acc1': 0.9625, 'acc5': 0.9961538461538462, 'loss': 12.127883730456233, 'macs': 850893191400, 'params': 624291816, 'model_size': 2381.4842834472656, 'inference_time': 0}
2024-10-13 22:36:57,230 Pruning 4096 in layer 0
2024-10-13 22:36:59,056 Gathering metrics
2024-10-13 22:39:17,153 {'acc1': 0.9605769230769231, 'acc5': 0.9971153846153846, 'loss': 12.432243606075644, 'macs': 849096803560, 'params': 622980584, 'model_size': 2376.4823303222656, 'inference_time': 0}
2024-10-13 22:39:17,186 Pruning 4608 in layer 0
2024-10-13 22:39:18,530 Gathering metrics
2024-10-13 22:41:36,257 {'acc1': 0.948076923076923, 'acc5': 0.9942307692307693, 'loss': 15.301854783669114, 'macs': 847300415720, 'params': 621669352, 'model_size': 2371.4803771972656, 'inference_time': 0}
2024-10-13 22:41:36,374 Pruning 512 in layer 1
2024-10-13 22:41:48,220 Gathering metrics
2024-10-13 22:44:05,871 {'acc1': 0.948076923076923, 'acc5': 0.9961538461538462, 'loss': 13.762444952502847, 'macs': 847300415720, 'params': 621669352, 'model_size': 2371.4803771972656, 'inference_time': 0}
2024-10-13 22:44:05,904 Pruning 512 in layer 2
2024-10-13 22:44:17,814 Gathering metrics
2024-10-13 22:46:35,912 {'acc1': 0.9538461538461539, 'acc5': 0.9961538461538462, 'loss': 12.21291441982612, 'macs': 847300415720, 'params': 621669352, 'model_size': 2371.4803771972656, 'inference_time': 0}
2024-10-13 22:46:35,946 Pruning 512 in layer 3
2024-10-13 22:46:47,832 Gathering metrics
2024-10-13 22:49:05,512 {'acc1': 0.9605769230769231, 'acc5': 0.9971153846153846, 'loss': 12.458880849648267, 'macs': 847300415720, 'params': 621669352, 'model_size': 2371.4803771972656, 'inference_time': 0}
2024-10-13 22:49:05,545 Pruning 1024 in layer 3
2024-10-13 22:49:15,073 Gathering metrics
2024-10-13 22:51:32,513 {'acc1': 0.9509615384615384, 'acc5': 0.9961538461538462, 'loss': 12.9850407470949, 'macs': 845504027880, 'params': 620358120, 'model_size': 2366.4784240722656, 'inference_time': 0}
2024-10-13 22:51:32,546 Pruning 512 in layer 4
2024-10-13 22:51:44,409 Gathering metrics
2024-10-13 22:54:01,807 {'acc1': 0.9548076923076924, 'acc5': 0.9971153846153846, 'loss': 12.437953765504062, 'macs': 845504027880, 'params': 620358120, 'model_size': 2366.4784240722656, 'inference_time': 0}
2024-10-13 22:54:01,839 Pruning 512 in layer 5
2024-10-13 22:54:13,753 Gathering metrics
2024-10-13 22:56:31,217 {'acc1': 0.9596153846153846, 'acc5': 0.9961538461538462, 'loss': 12.367541628424078, 'macs': 845504027880, 'params': 620358120, 'model_size': 2366.4784240722656, 'inference_time': 0}
2024-10-13 22:56:31,250 Pruning 1024 in layer 5
2024-10-13 22:56:40,788 Gathering metrics
2024-10-13 22:58:57,985 {'acc1': 0.9586538461538462, 'acc5': 0.9951923076923077, 'loss': 12.37412705924362, 'macs': 843707640040, 'params': 619046888, 'model_size': 2361.4764709472656, 'inference_time': 0}
2024-10-13 22:58:58,019 Pruning 1536 in layer 5
2024-10-13 22:59:05,413 Gathering metrics
2024-10-13 23:01:22,360 {'acc1': 0.9557692307692308, 'acc5': 0.9951923076923077, 'loss': 12.603079100139439, 'macs': 841911252200, 'params': 617735656, 'model_size': 2356.4745178222656, 'inference_time': 0}
2024-10-13 23:01:22,479 Pruning 512 in layer 6
2024-10-13 23:01:34,306 Gathering metrics
2024-10-13 23:03:51,432 {'acc1': 0.9576923076923077, 'acc5': 0.9942307692307693, 'loss': 12.362092146184295, 'macs': 841911252200, 'params': 617735656, 'model_size': 2356.4745178222656, 'inference_time': 0}
2024-10-13 23:03:51,465 Pruning 1024 in layer 6
2024-10-13 23:04:00,998 Gathering metrics
2024-10-13 23:06:18,048 {'acc1': 0.9557692307692308, 'acc5': 0.9942307692307693, 'loss': 12.672091743908823, 'macs': 840114864360, 'params': 616424424, 'model_size': 2351.4725646972656, 'inference_time': 0}
2024-10-13 23:06:18,082 Pruning 1536 in layer 6
2024-10-13 23:06:25,546 Gathering metrics
2024-10-13 23:08:42,206 {'acc1': 0.9548076923076924, 'acc5': 0.9942307692307693, 'loss': 12.831820025574416, 'macs': 838318476520, 'params': 615113192, 'model_size': 2346.4706115722656, 'inference_time': 0}
2024-10-13 23:08:42,240 Pruning 512 in layer 7
2024-10-13 23:08:54,110 Gathering metrics
2024-10-13 23:11:10,737 {'acc1': 0.9538461538461539, 'acc5': 0.9942307692307693, 'loss': 12.773464859928936, 'macs': 838318476520, 'params': 615113192, 'model_size': 2346.4706115722656, 'inference_time': 0}
2024-10-13 23:11:10,771 Pruning 1024 in layer 7
2024-10-13 23:11:20,278 Gathering metrics
2024-10-13 23:13:36,621 {'acc1': 0.95, 'acc5': 0.9942307692307693, 'loss': 12.86312634171918, 'macs': 836522088680, 'params': 613801960, 'model_size': 2341.4686584472656, 'inference_time': 0}
2024-10-13 23:13:36,655 Pruning 512 in layer 8
2024-10-13 23:13:48,511 Gathering metrics
2024-10-13 23:16:04,841 {'acc1': 0.9509615384615384, 'acc5': 0.9951923076923077, 'loss': 12.98664568318054, 'macs': 836522088680, 'params': 613801960, 'model_size': 2341.4686584472656, 'inference_time': 0}
2024-10-13 23:16:04,875 Pruning 1024 in layer 8
2024-10-13 23:16:14,379 Gathering metrics
2024-10-13 23:18:30,507 {'acc1': 0.95, 'acc5': 0.9961538461538462, 'loss': 13.02139866212383, 'macs': 834725700840, 'params': 612490728, 'model_size': 2336.4667053222656, 'inference_time': 0}
2024-10-13 23:18:30,544 Pruning 512 in layer 9
2024-10-13 23:18:42,831 Gathering metrics
2024-10-13 23:20:59,076 {'acc1': 0.9471153846153846, 'acc5': 0.9961538461538462, 'loss': 12.995764173101634, 'macs': 834725700840, 'params': 612490728, 'model_size': 2336.4667053222656, 'inference_time': 0}
2024-10-13 23:20:59,194 Pruning 512 in layer 10
2024-10-13 23:21:11,048 Gathering metrics
2024-10-13 23:23:27,179 {'acc1': 0.95, 'acc5': 0.9951923076923077, 'loss': 12.928187854588032, 'macs': 834725700840, 'params': 612490728, 'model_size': 2336.4667053222656, 'inference_time': 0}
2024-10-13 23:23:27,212 Pruning 1024 in layer 10
2024-10-13 23:23:36,762 Gathering metrics
2024-10-13 23:25:52,681 {'acc1': 0.9490384615384615, 'acc5': 0.9951923076923077, 'loss': 13.107540623750538, 'macs': 832929313000, 'params': 611179496, 'model_size': 2331.4647521972656, 'inference_time': 0}
2024-10-13 23:25:52,714 Pruning 1536 in layer 10
2024-10-13 23:26:00,126 Gathering metrics
2024-10-13 23:28:15,881 {'acc1': 0.9490384615384615, 'acc5': 0.9951923076923077, 'loss': 13.344278754200786, 'macs': 831132925160, 'params': 609868264, 'model_size': 2326.4627990722656, 'inference_time': 0}
2024-10-13 23:28:15,914 Pruning 2048 in layer 10
2024-10-13 23:28:21,582 Gathering metrics
2024-10-13 23:30:37,220 {'acc1': 0.948076923076923, 'acc5': 0.9951923076923077, 'loss': 13.24595876969397, 'macs': 829336537320, 'params': 608557032, 'model_size': 2321.4608459472656, 'inference_time': 0}
2024-10-13 23:30:37,253 Pruning 2560 in layer 10
2024-10-13 23:30:41,614 Gathering metrics
2024-10-13 23:32:56,943 {'acc1': 0.9509615384615384, 'acc5': 0.9951923076923077, 'loss': 13.360427629202604, 'macs': 827540149480, 'params': 607245800, 'model_size': 2316.4588928222656, 'inference_time': 0}
2024-10-13 23:32:56,977 Pruning 3072 in layer 10
2024-10-13 23:33:00,329 Gathering metrics
2024-10-13 23:35:15,489 {'acc1': 0.9461538461538461, 'acc5': 0.9942307692307693, 'loss': 13.417827478144318, 'macs': 825743761640, 'params': 605934568, 'model_size': 2311.4569396972656, 'inference_time': 0}
2024-10-13 23:35:15,527 Pruning 512 in layer 11
2024-10-13 23:35:27,416 Gathering metrics
2024-10-13 23:37:42,574 {'acc1': 0.9451923076923077, 'acc5': 0.9932692307692308, 'loss': 14.13321497105062, 'macs': 825743761640, 'params': 605934568, 'model_size': 2311.4569396972656, 'inference_time': 0}
2024-10-13 23:37:42,607 Pruning 512 in layer 12
2024-10-13 23:37:54,491 Gathering metrics
2024-10-13 23:40:09,472 {'acc1': 0.9461538461538461, 'acc5': 0.9942307692307693, 'loss': 13.682103076018393, 'macs': 825743761640, 'params': 605934568, 'model_size': 2311.4569396972656, 'inference_time': 0}
2024-10-13 23:40:09,505 Pruning 512 in layer 13
2024-10-13 23:40:21,396 Gathering metrics
2024-10-13 23:42:36,457 {'acc1': 0.9451923076923077, 'acc5': 0.9942307692307693, 'loss': 13.53384089935571, 'macs': 825743761640, 'params': 605934568, 'model_size': 2311.4569396972656, 'inference_time': 0}
2024-10-13 23:42:36,575 Pruning 512 in layer 14
2024-10-13 23:42:48,414 Gathering metrics
2024-10-13 23:45:03,408 {'acc1': 0.9528846153846153, 'acc5': 0.9942307692307693, 'loss': 13.279983788728714, 'macs': 825743761640, 'params': 605934568, 'model_size': 2311.4569396972656, 'inference_time': 0}
2024-10-13 23:45:03,441 Pruning 1024 in layer 14
2024-10-13 23:45:12,959 Gathering metrics
2024-10-13 23:47:27,909 {'acc1': 0.9490384615384615, 'acc5': 0.9942307692307693, 'loss': 13.376918933354318, 'macs': 823947373800, 'params': 604623336, 'model_size': 2306.4549865722656, 'inference_time': 0}
2024-10-13 23:47:27,943 Pruning 1536 in layer 14
2024-10-13 23:47:35,349 Gathering metrics
2024-10-13 23:49:50,063 {'acc1': 0.9451923076923077, 'acc5': 0.9951923076923077, 'loss': 13.698453076183796, 'macs': 822150985960, 'params': 603312104, 'model_size': 2301.4530334472656, 'inference_time': 0}
2024-10-13 23:49:50,097 Pruning 512 in layer 15
2024-10-13 23:50:02,012 Gathering metrics
2024-10-13 23:52:16,610 {'acc1': 0.9461538461538461, 'acc5': 0.9942307692307693, 'loss': 13.712803354021162, 'macs': 822150985960, 'params': 603312104, 'model_size': 2301.4530334472656, 'inference_time': 0}
2024-10-13 23:52:16,644 Pruning 1024 in layer 15
2024-10-13 23:52:26,178 Gathering metrics
2024-10-13 23:54:40,507 {'acc1': 0.9394230769230769, 'acc5': 0.9923076923076923, 'loss': 14.02106621908024, 'macs': 820354598120, 'params': 602000872, 'model_size': 2296.4510803222656, 'inference_time': 0}
2024-10-13 23:54:40,541 Pruning 512 in layer 16
2024-10-13 23:54:52,407 Gathering metrics
2024-10-13 23:57:06,690 {'acc1': 0.9423076923076923, 'acc5': 0.9923076923076923, 'loss': 13.871776550542563, 'macs': 820354598120, 'params': 602000872, 'model_size': 2296.4510803222656, 'inference_time': 0}
2024-10-13 23:57:06,724 Pruning 512 in layer 17
2024-10-13 23:57:18,610 Gathering metrics
2024-10-13 23:59:33,204 {'acc1': 0.9423076923076923, 'acc5': 0.9951923076923077, 'loss': 13.603591833729297, 'macs': 820354598120, 'params': 602000872, 'model_size': 2296.4510803222656, 'inference_time': 0}
2024-10-13 23:59:33,237 Pruning 512 in layer 18
2024-10-13 23:59:45,156 Gathering metrics
2024-10-14 00:01:59,652 {'acc1': 0.9432692307692307, 'acc5': 0.9942307692307693, 'loss': 13.75850519305095, 'macs': 820354598120, 'params': 602000872, 'model_size': 2296.4510803222656, 'inference_time': 0}
2024-10-14 00:01:59,685 Pruning 1024 in layer 18
2024-10-14 00:02:09,230 Gathering metrics
2024-10-14 00:04:23,458 {'acc1': 0.9423076923076923, 'acc5': 0.9942307692307693, 'loss': 13.792655465658754, 'macs': 818558210280, 'params': 600689640, 'model_size': 2291.4491271972656, 'inference_time': 0}
2024-10-14 00:04:23,575 Pruning 512 in layer 19
2024-10-14 00:04:35,368 Gathering metrics
2024-10-14 00:06:49,635 {'acc1': 0.9442307692307692, 'acc5': 0.9932692307692308, 'loss': 13.840288394596428, 'macs': 818558210280, 'params': 600689640, 'model_size': 2291.4491271972656, 'inference_time': 0}
2024-10-14 00:06:49,669 Pruning 1024 in layer 19
2024-10-14 00:06:59,185 Gathering metrics
2024-10-14 00:09:13,233 {'acc1': 0.9403846153846154, 'acc5': 0.9923076923076923, 'loss': 13.959423813503236, 'macs': 816761822440, 'params': 599378408, 'model_size': 2286.4471740722656, 'inference_time': 0}
2024-10-14 00:09:13,267 Pruning 1536 in layer 19
2024-10-14 00:09:20,648 Gathering metrics
2024-10-14 00:11:34,574 {'acc1': 0.9394230769230769, 'acc5': 0.9932692307692308, 'loss': 14.09041346469894, 'macs': 814965434600, 'params': 598067176, 'model_size': 2281.4452209472656, 'inference_time': 0}
2024-10-14 00:11:34,608 Pruning 512 in layer 20
2024-10-14 00:11:46,495 Gathering metrics
2024-10-14 00:14:00,497 {'acc1': 0.9413461538461538, 'acc5': 0.9923076923076923, 'loss': 13.989221040625125, 'macs': 814965434600, 'params': 598067176, 'model_size': 2281.4452209472656, 'inference_time': 0}
2024-10-14 00:14:00,530 Pruning 1024 in layer 20
2024-10-14 00:14:10,073 Gathering metrics
2024-10-14 00:16:23,645 {'acc1': 0.9403846153846154, 'acc5': 0.9913461538461539, 'loss': 14.242709407117218, 'macs': 813169046760, 'params': 596755944, 'model_size': 2276.4432678222656, 'inference_time': 0}
2024-10-14 00:16:23,679 Pruning 1536 in layer 20
2024-10-14 00:16:31,072 Gathering metrics
2024-10-14 00:18:44,580 {'acc1': 0.9403846153846154, 'acc5': 0.9913461538461539, 'loss': 14.378465667832643, 'macs': 811372658920, 'params': 595444712, 'model_size': 2271.4413146972656, 'inference_time': 0}
2024-10-14 00:18:44,614 Pruning 2048 in layer 20
2024-10-14 00:18:50,288 Gathering metrics
2024-10-14 00:21:03,469 {'acc1': 0.9375, 'acc5': 0.9903846153846154, 'loss': 14.603208269923925, 'macs': 809576271080, 'params': 594133480, 'model_size': 2266.4393615722656, 'inference_time': 0}
2024-10-14 00:21:03,503 Pruning 2560 in layer 20
2024-10-14 00:21:07,854 Gathering metrics
2024-10-14 00:23:20,856 {'acc1': 0.9403846153846154, 'acc5': 0.9923076923076923, 'loss': 14.71323595289141, 'macs': 807779883240, 'params': 592822248, 'model_size': 2261.4374084472656, 'inference_time': 0}
2024-10-14 00:23:20,890 Pruning 3072 in layer 20
2024-10-14 00:23:24,245 Gathering metrics
2024-10-14 00:25:37,093 {'acc1': 0.9394230769230769, 'acc5': 0.9913461538461539, 'loss': 14.697137703187764, 'macs': 805983495400, 'params': 591511016, 'model_size': 2256.4354553222656, 'inference_time': 0}
2024-10-14 00:25:37,213 Pruning 3584 in layer 20
2024-10-14 00:25:39,549 Gathering metrics
2024-10-14 00:27:52,287 {'acc1': 0.9413461538461538, 'acc5': 0.9923076923076923, 'loss': 14.509211116936058, 'macs': 804187107560, 'params': 590199784, 'model_size': 2251.4335021972656, 'inference_time': 0}
2024-10-14 00:27:52,321 Pruning 4096 in layer 20
2024-10-14 00:27:54,114 Gathering metrics
2024-10-14 00:30:06,458 {'acc1': 0.9403846153846154, 'acc5': 0.9932692307692308, 'loss': 14.655779912602156, 'macs': 802390719720, 'params': 588888552, 'model_size': 2246.4315490722656, 'inference_time': 0}
2024-10-14 00:30:06,492 Pruning 4608 in layer 20
2024-10-14 00:30:07,797 Gathering metrics
2024-10-14 00:32:19,929 {'acc1': 0.9423076923076923, 'acc5': 0.9923076923076923, 'loss': 14.497902165632695, 'macs': 800594331880, 'params': 587577320, 'model_size': 2241.4295959472656, 'inference_time': 0}
2024-10-14 00:32:19,963 Pruning 512 in layer 21
2024-10-14 00:32:31,863 Gathering metrics
2024-10-14 00:34:44,051 {'acc1': 0.9384615384615385, 'acc5': 0.9913461538461539, 'loss': 14.845889319200069, 'macs': 800594331880, 'params': 587577320, 'model_size': 2241.4295959472656, 'inference_time': 0}
2024-10-14 00:34:44,085 Pruning 1024 in layer 21
2024-10-14 00:34:53,626 Gathering metrics
2024-10-14 00:37:05,484 {'acc1': 0.9394230769230769, 'acc5': 0.9913461538461539, 'loss': 14.856655295938253, 'macs': 798797944040, 'params': 586266088, 'model_size': 2236.4276428222656, 'inference_time': 0}
2024-10-14 00:37:05,518 Pruning 1536 in layer 21
2024-10-14 00:37:12,906 Gathering metrics
2024-10-14 00:39:24,531 {'acc1': 0.9375, 'acc5': 0.9913461538461539, 'loss': 14.956740191671997, 'macs': 797001556200, 'params': 584954856, 'model_size': 2231.4256896972656, 'inference_time': 0}
2024-10-14 00:39:24,565 Pruning 2048 in layer 21
2024-10-14 00:39:30,241 Gathering metrics
2024-10-14 00:41:41,707 {'acc1': 0.9403846153846154, 'acc5': 0.9923076923076923, 'loss': 14.72211641119793, 'macs': 795205168360, 'params': 583643624, 'model_size': 2226.4237365722656, 'inference_time': 0}
2024-10-14 00:41:41,741 Pruning 2560 in layer 21
2024-10-14 00:41:46,092 Gathering metrics
2024-10-14 00:43:57,559 {'acc1': 0.9403846153846154, 'acc5': 0.9903846153846154, 'loss': 14.837145694065839, 'macs': 793408780520, 'params': 582332392, 'model_size': 2221.4217834472656, 'inference_time': 0}
2024-10-14 00:43:57,593 Pruning 3072 in layer 21
2024-10-14 00:44:00,922 Gathering metrics
2024-10-14 00:46:12,008 {'acc1': 0.9423076923076923, 'acc5': 0.9913461538461539, 'loss': 14.77814362756908, 'macs': 791612392680, 'params': 581021160, 'model_size': 2216.4198303222656, 'inference_time': 0}
2024-10-14 00:46:12,042 Pruning 3584 in layer 21
2024-10-14 00:46:14,451 Gathering metrics
2024-10-14 00:48:25,351 {'acc1': 0.9403846153846154, 'acc5': 0.9903846153846154, 'loss': 14.686095653101802, 'macs': 789816004840, 'params': 579709928, 'model_size': 2211.4178771972656, 'inference_time': 0}
2024-10-14 00:48:25,477 Pruning 4096 in layer 21
2024-10-14 00:48:27,485 Gathering metrics
2024-10-14 00:50:38,085 {'acc1': 0.9394230769230769, 'acc5': 0.9913461538461539, 'loss': 14.722816749475896, 'macs': 788019617000, 'params': 578398696, 'model_size': 2206.4159240722656, 'inference_time': 0}
2024-10-14 00:50:38,119 Pruning 4608 in layer 21
2024-10-14 00:50:39,435 Gathering metrics
2024-10-14 00:52:49,807 {'acc1': 0.9365384615384615, 'acc5': 0.9903846153846154, 'loss': 15.00806960882619, 'macs': 786223229160, 'params': 577087464, 'model_size': 2201.4139709472656, 'inference_time': 0}
2024-10-14 00:52:49,841 Pruning 512 in layer 22
2024-10-14 00:53:01,715 Gathering metrics
2024-10-14 00:55:11,938 {'acc1': 0.9413461538461538, 'acc5': 0.9913461538461539, 'loss': 14.727829148527235, 'macs': 786223229160, 'params': 577087464, 'model_size': 2201.4139709472656, 'inference_time': 0}
2024-10-14 00:55:11,975 Pruning 1024 in layer 22
2024-10-14 00:55:21,871 Gathering metrics
2024-10-14 00:57:32,127 {'acc1': 0.9394230769230769, 'acc5': 0.9923076923076923, 'loss': 14.819631296675652, 'macs': 784426841320, 'params': 575776232, 'model_size': 2196.4120178222656, 'inference_time': 0}
2024-10-14 00:57:32,161 Pruning 1536 in layer 22
2024-10-14 00:57:39,610 Gathering metrics
2024-10-14 00:59:49,635 {'acc1': 0.9365384615384615, 'acc5': 0.9923076923076923, 'loss': 14.817645038478076, 'macs': 782630453480, 'params': 574465000, 'model_size': 2191.4100646972656, 'inference_time': 0}
2024-10-14 00:59:49,669 Pruning 2048 in layer 22
2024-10-14 00:59:55,346 Gathering metrics
2024-10-14 01:02:05,330 {'acc1': 0.9384615384615385, 'acc5': 0.9923076923076923, 'loss': 14.730180923361331, 'macs': 780834065640, 'params': 573153768, 'model_size': 2186.4081115722656, 'inference_time': 0}
2024-10-14 01:02:05,364 Pruning 2560 in layer 22
2024-10-14 01:02:09,711 Gathering metrics
2024-10-14 01:04:19,355 {'acc1': 0.9384615384615385, 'acc5': 0.9913461538461539, 'loss': 14.724842808675021, 'macs': 779037677800, 'params': 571842536, 'model_size': 2181.4061584472656, 'inference_time': 0}
2024-10-14 01:04:19,389 Pruning 3072 in layer 22
2024-10-14 01:04:22,724 Gathering metrics
2024-10-14 01:06:32,224 {'acc1': 0.9384615384615385, 'acc5': 0.9923076923076923, 'loss': 15.019987218081951, 'macs': 777241289960, 'params': 570531304, 'model_size': 2176.4042053222656, 'inference_time': 0}
2024-10-14 01:06:32,257 Pruning 3584 in layer 22
2024-10-14 01:06:34,660 Gathering metrics
2024-10-14 01:08:43,850 {'acc1': 0.9423076923076923, 'acc5': 0.9923076923076923, 'loss': 15.069381564855576, 'macs': 775444902120, 'params': 569220072, 'model_size': 2171.4022521972656, 'inference_time': 0}
2024-10-14 01:08:43,884 Pruning 4096 in layer 22
2024-10-14 01:08:45,659 Gathering metrics
2024-10-14 01:10:54,673 {'acc1': 0.9384615384615385, 'acc5': 0.9923076923076923, 'loss': 15.034189576748759, 'macs': 773648514280, 'params': 567908840, 'model_size': 2166.4002990722656, 'inference_time': 0}
2024-10-14 01:10:54,707 Pruning 4608 in layer 22
2024-10-14 01:10:56,023 Gathering metrics
2024-10-14 01:13:04,953 {'acc1': 0.9365384615384615, 'acc5': 0.9913461538461539, 'loss': 15.245803934056312, 'macs': 771852126440, 'params': 566597608, 'model_size': 2161.3983459472656, 'inference_time': 0}
2024-10-14 01:13:05,076 Pruning 512 in layer 23
2024-10-14 01:13:17,301 Gathering metrics
2024-10-14 01:15:26,162 {'acc1': 0.9394230769230769, 'acc5': 0.9923076923076923, 'loss': 15.115364793222398, 'macs': 771852126440, 'params': 566597608, 'model_size': 2161.3983459472656, 'inference_time': 0}
2024-10-14 01:15:26,200 Pruning 1024 in layer 23
2024-10-14 01:15:36,098 Gathering metrics
2024-10-14 01:17:44,588 {'acc1': 0.9384615384615385, 'acc5': 0.9923076923076923, 'loss': 15.120272054802626, 'macs': 770055738600, 'params': 565286376, 'model_size': 2156.3963928222656, 'inference_time': 0}
2024-10-14 01:17:44,622 Pruning 1536 in layer 23
2024-10-14 01:17:52,013 Gathering metrics
2024-10-14 01:20:00,414 {'acc1': 0.9355769230769231, 'acc5': 0.9913461538461539, 'loss': 15.42824138654396, 'macs': 768259350760, 'params': 563975144, 'model_size': 2151.3944396972656, 'inference_time': 0}
2024-10-14 01:20:00,448 Pruning 2048 in layer 23
2024-10-14 01:20:06,132 Gathering metrics
2024-10-14 01:22:14,126 {'acc1': 0.9403846153846154, 'acc5': 0.9903846153846154, 'loss': 15.810675504151732, 'macs': 766462962920, 'params': 562663912, 'model_size': 2146.3924865722656, 'inference_time': 0}
2024-10-14 01:22:14,160 Pruning 2560 in layer 23
2024-10-14 01:22:18,492 Gathering metrics
2024-10-14 01:24:26,193 {'acc1': 0.9365384615384615, 'acc5': 0.9903846153846154, 'loss': 16.144068158231676, 'macs': 764666575080, 'params': 561352680, 'model_size': 2141.3905334472656, 'inference_time': 0}
2024-10-14 01:24:26,227 Pruning 3072 in layer 23
2024-10-14 01:24:29,572 Gathering metrics
2024-10-14 01:26:37,363 {'acc1': 0.9317307692307693, 'acc5': 0.9923076923076923, 'loss': 16.543990298639983, 'macs': 762870187240, 'params': 560041448, 'model_size': 2136.3885803222656, 'inference_time': 0}
2024-10-14 01:26:37,397 Pruning 512 in layer 24
2024-10-14 01:26:49,274 Gathering metrics
2024-10-14 01:28:56,883 {'acc1': 0.9375, 'acc5': 0.9903846153846154, 'loss': 16.418895945418626, 'macs': 762870187240, 'params': 560041448, 'model_size': 2136.3885803222656, 'inference_time': 0}
2024-10-14 01:28:56,918 Pruning 1024 in layer 24
2024-10-14 01:29:06,454 Gathering metrics
2024-10-14 01:31:13,934 {'acc1': 0.9326923076923077, 'acc5': 0.9903846153846154, 'loss': 17.038171188905835, 'macs': 761073799400, 'params': 558730216, 'model_size': 2131.3866271972656, 'inference_time': 0}
2024-10-14 01:31:14,053 Pruning 512 in layer 25
2024-10-14 01:31:25,869 Gathering metrics
2024-10-14 01:33:33,244 {'acc1': 0.9365384615384615, 'acc5': 0.9913461538461539, 'loss': 16.548607906792313, 'macs': 761073799400, 'params': 558730216, 'model_size': 2131.3866271972656, 'inference_time': 0}
2024-10-14 01:33:33,277 Pruning 1024 in layer 25
2024-10-14 01:33:42,791 Gathering metrics
2024-10-14 01:35:50,023 {'acc1': 0.9317307692307693, 'acc5': 0.9913461538461539, 'loss': 16.599795054178685, 'macs': 759277411560, 'params': 557418984, 'model_size': 2126.3846740722656, 'inference_time': 0}
2024-10-14 01:35:50,057 Pruning 512 in layer 26
2024-10-14 01:36:01,938 Gathering metrics
2024-10-14 01:38:09,091 {'acc1': 0.9317307692307693, 'acc5': 0.9913461538461539, 'loss': 16.609088792465627, 'macs': 759277411560, 'params': 557418984, 'model_size': 2126.3846740722656, 'inference_time': 0}
2024-10-14 01:38:09,125 Pruning 512 in layer 27
2024-10-14 01:38:20,989 Gathering metrics
2024-10-14 01:40:28,057 {'acc1': 0.9336538461538462, 'acc5': 0.9923076923076923, 'loss': 16.463980284519494, 'macs': 759277411560, 'params': 557418984, 'model_size': 2126.3846740722656, 'inference_time': 0}
2024-10-14 01:40:28,090 Pruning 1024 in layer 27
2024-10-14 01:40:37,613 Gathering metrics
2024-10-14 01:42:44,626 {'acc1': 0.9326923076923077, 'acc5': 0.9932692307692308, 'loss': 16.601185861974955, 'macs': 757481023720, 'params': 556107752, 'model_size': 2121.3827209472656, 'inference_time': 0}
2024-10-14 01:42:44,660 Pruning 512 in layer 28
2024-10-14 01:42:56,530 Gathering metrics
2024-10-14 01:45:03,554 {'acc1': 0.9346153846153846, 'acc5': 0.9923076923076923, 'loss': 16.20609332062304, 'macs': 757481023720, 'params': 556107752, 'model_size': 2121.3827209472656, 'inference_time': 0}
2024-10-14 01:45:03,588 Pruning 1024 in layer 28
2024-10-14 01:45:13,115 Gathering metrics
2024-10-14 01:47:20,058 {'acc1': 0.9346153846153846, 'acc5': 0.9932692307692308, 'loss': 16.15603491431102, 'macs': 755684635880, 'params': 554796520, 'model_size': 2116.3807678222656, 'inference_time': 0}
2024-10-14 01:47:20,093 Pruning 1536 in layer 28
2024-10-14 01:47:27,490 Gathering metrics
2024-10-14 01:49:34,188 {'acc1': 0.9346153846153846, 'acc5': 0.9913461538461539, 'loss': 15.77820244198665, 'macs': 753888248040, 'params': 553485288, 'model_size': 2111.3788146972656, 'inference_time': 0}
2024-10-14 01:49:34,222 Pruning 2048 in layer 28
2024-10-14 01:49:39,873 Gathering metrics
2024-10-14 01:51:46,251 {'acc1': 0.9365384615384615, 'acc5': 0.9923076923076923, 'loss': 15.759159822016954, 'macs': 752091860200, 'params': 552174056, 'model_size': 2106.3768615722656, 'inference_time': 0}
2024-10-14 01:51:46,372 Pruning 2560 in layer 28
2024-10-14 01:51:50,657 Gathering metrics
2024-10-14 01:53:56,870 {'acc1': 0.9317307692307693, 'acc5': 0.9923076923076923, 'loss': 16.531835268251598, 'macs': 750295472360, 'params': 550862824, 'model_size': 2101.3749084472656, 'inference_time': 0}
2024-10-14 01:53:56,904 Pruning 3072 in layer 28
2024-10-14 01:54:00,236 Gathering metrics
2024-10-14 01:56:06,274 {'acc1': 0.9317307692307693, 'acc5': 0.9923076923076923, 'loss': 17.09774794569239, 'macs': 748499084520, 'params': 549551592, 'model_size': 2096.3729553222656, 'inference_time': 0}
2024-10-14 01:56:06,307 Pruning 3584 in layer 28
2024-10-14 01:56:08,701 Gathering metrics
2024-10-14 01:58:14,293 {'acc1': 0.9211538461538461, 'acc5': 0.9903846153846154, 'loss': 18.784406433813274, 'macs': 746702696680, 'params': 548240360, 'model_size': 2091.3710021972656, 'inference_time': 0}
2024-10-14 01:58:14,327 Pruning 512 in layer 29
2024-10-14 01:58:26,201 Gathering metrics
2024-10-14 02:00:32,255 {'acc1': 0.9307692307692308, 'acc5': 0.9923076923076923, 'loss': 17.604224904440343, 'macs': 746702696680, 'params': 548240360, 'model_size': 2091.3710021972656, 'inference_time': 0}
2024-10-14 02:00:32,289 Pruning 1024 in layer 29
2024-10-14 02:00:41,801 Gathering metrics
2024-10-14 02:02:47,391 {'acc1': 0.926923076923077, 'acc5': 0.9903846153846154, 'loss': 18.72610241174698, 'macs': 744906308840, 'params': 546929128, 'model_size': 2086.3690490722656, 'inference_time': 0}
2024-10-14 02:02:47,425 Pruning 512 in layer 30
2024-10-14 02:02:59,284 Gathering metrics
2024-10-14 02:05:04,739 {'acc1': 0.9240384615384616, 'acc5': 0.989423076923077, 'loss': 20.357752894982696, 'macs': 744906308840, 'params': 546929128, 'model_size': 2086.3690490722656, 'inference_time': 0}
2024-10-14 02:05:04,776 Pruning 512 in layer 31
2024-10-14 02:05:16,673 Gathering metrics
2024-10-14 02:07:22,224 {'acc1': 0.9307692307692308, 'acc5': 0.9913461538461539, 'loss': 17.92610284499824, 'macs': 744906308840, 'params': 546929128, 'model_size': 2086.3690490722656, 'inference_time': 0}
2024-10-14 02:07:22,258 Pruning 1024 in layer 31
2024-10-14 02:07:31,792 Gathering metrics
2024-10-14 02:09:37,042 {'acc1': 0.9326923076923077, 'acc5': 0.9903846153846154, 'loss': 18.339240645058453, 'macs': 743109921000, 'params': 545617896, 'model_size': 2081.3670959472656, 'inference_time': 0}
2024-10-14 02:09:37,076 Pruning 1536 in layer 31
2024-10-14 02:09:44,474 Gathering metrics
2024-10-14 02:11:49,452 {'acc1': 0.9317307692307693, 'acc5': 0.9884615384615385, 'loss': 18.225580213591456, 'macs': 741313533160, 'params': 544306664, 'model_size': 2076.3651428222656, 'inference_time': 0}
2024-10-14 02:11:49,575 Pruning 2048 in layer 31
2024-10-14 02:11:55,192 Gathering metrics
2024-10-14 02:14:00,169 {'acc1': 0.9288461538461539, 'acc5': 0.9913461538461539, 'loss': 18.50892932433635, 'macs': 739517145320, 'params': 542995432, 'model_size': 2071.3631896972656, 'inference_time': 0}
2024-10-14 02:14:00,203 Pruning 2560 in layer 31
2024-10-14 02:14:04,548 Gathering metrics
2024-10-14 02:16:10,504 {'acc1': 0.926923076923077, 'acc5': 0.989423076923077, 'loss': 18.89829391799867, 'macs': 737720757480, 'params': 541684200, 'model_size': 2066.3612365722656, 'inference_time': 0}
2024-10-14 02:16:10,520 Experiment finished
