2024-10-12 15:54:18,709 Starting experiment outputs/adaptive/vit_l_32/l2
2024-10-12 15:54:18,709 Loading the original model
2024-10-12 15:54:19,851 Gathering metrics of the original model
2024-10-12 15:54:54,803 {'acc1': 0.8016707920792079, 'acc5': 0.9452351485148515, 'loss': 89.4243591800332, 'macs': 15265769448, 'params': 306535400, 'model_size': 1169.3397521972656, 'inference_time': 0}
2024-10-12 15:54:54,833 Pruning 256 in layer 23
2024-10-12 15:54:54,853 Gathering metrics
2024-10-12 15:55:29,893 {'acc1': 0.8010519801980198, 'acc5': 0.9461633663366337, 'loss': 93.26594050228596, 'macs': 15239542248, 'params': 306010856, 'model_size': 1167.3387756347656, 'inference_time': 0}
2024-10-12 15:55:29,937 Pruning 512 in layer 23
2024-10-12 15:55:29,939 Gathering metrics
2024-10-12 15:56:05,619 {'acc1': 0.8013613861386139, 'acc5': 0.9474009900990099, 'loss': 91.08673215657473, 'macs': 15213315048, 'params': 305486312, 'model_size': 1165.3377990722656, 'inference_time': 0}
2024-10-12 15:56:05,650 Pruning 768 in layer 23
2024-10-12 15:56:05,651 Gathering metrics
2024-10-12 15:56:40,891 {'acc1': 0.8013613861386139, 'acc5': 0.9477103960396039, 'loss': 89.6427770331502, 'macs': 15187087848, 'params': 304961768, 'model_size': 1163.3368225097656, 'inference_time': 0}
2024-10-12 15:56:40,922 Pruning 1024 in layer 23
2024-10-12 15:56:40,923 Gathering metrics
2024-10-12 15:57:16,047 {'acc1': 0.8029084158415841, 'acc5': 0.9470915841584159, 'loss': 88.20566523820162, 'macs': 15160860648, 'params': 304437224, 'model_size': 1161.3358459472656, 'inference_time': 0}
2024-10-12 15:57:16,078 Pruning 1280 in layer 23
2024-10-12 15:57:16,079 Gathering metrics
2024-10-12 15:57:51,436 {'acc1': 0.8032178217821783, 'acc5': 0.9477103960396039, 'loss': 87.75829401612282, 'macs': 15134633448, 'params': 303912680, 'model_size': 1159.3348693847656, 'inference_time': 0}
2024-10-12 15:57:51,466 Pruning 1536 in layer 23
2024-10-12 15:57:51,468 Gathering metrics
2024-10-12 15:58:26,404 {'acc1': 0.801980198019802, 'acc5': 0.9470915841584159, 'loss': 87.04281211644411, 'macs': 15108406248, 'params': 303388136, 'model_size': 1157.3338928222656, 'inference_time': 0}
2024-10-12 15:58:26,431 Pruning 1792 in layer 23
2024-10-12 15:58:26,433 Gathering metrics
2024-10-12 15:59:01,162 {'acc1': 0.8025990099009901, 'acc5': 0.9467821782178217, 'loss': 86.5991133376956, 'macs': 15082179048, 'params': 302863592, 'model_size': 1155.3329162597656, 'inference_time': 0}
2024-10-12 15:59:01,192 Pruning 2048 in layer 23
2024-10-12 15:59:01,193 Gathering metrics
2024-10-12 15:59:35,703 {'acc1': 0.8029084158415841, 'acc5': 0.9474009900990099, 'loss': 86.2609396353364, 'macs': 15055951848, 'params': 302339048, 'model_size': 1153.3319396972656, 'inference_time': 0}
2024-10-12 15:59:35,731 Pruning 2304 in layer 23
2024-10-12 15:59:35,732 Gathering metrics
2024-10-12 16:00:10,162 {'acc1': 0.8025990099009901, 'acc5': 0.9477103960396039, 'loss': 86.07003859430552, 'macs': 15029724648, 'params': 301814504, 'model_size': 1151.3309631347656, 'inference_time': 0}
2024-10-12 16:00:10,192 Pruning 2560 in layer 23
2024-10-12 16:00:10,193 Gathering metrics
2024-10-12 16:00:44,559 {'acc1': 0.8032178217821783, 'acc5': 0.9470915841584159, 'loss': 85.80448203906417, 'macs': 15003497448, 'params': 301289960, 'model_size': 1149.3299865722656, 'inference_time': 0}
2024-10-12 16:00:44,589 Pruning 2816 in layer 23
2024-10-12 16:00:44,590 Gathering metrics
2024-10-12 16:01:18,938 {'acc1': 0.8032178217821783, 'acc5': 0.9486386138613861, 'loss': 85.82187539711595, 'macs': 14977270248, 'params': 300765416, 'model_size': 1147.3290100097656, 'inference_time': 0}
2024-10-12 16:01:18,968 Pruning 3072 in layer 23
2024-10-12 16:01:18,969 Gathering metrics
2024-10-12 16:01:53,433 {'acc1': 0.8029084158415841, 'acc5': 0.9486386138613861, 'loss': 85.6319799311459, 'macs': 14951043048, 'params': 300240872, 'model_size': 1145.3280334472656, 'inference_time': 0}
2024-10-12 16:01:53,461 Pruning 3328 in layer 23
2024-10-12 16:01:53,462 Gathering metrics
2024-10-12 16:02:27,652 {'acc1': 0.8029084158415841, 'acc5': 0.9483292079207921, 'loss': 85.62444756552577, 'macs': 14924815848, 'params': 299716328, 'model_size': 1143.3270568847656, 'inference_time': 0}
2024-10-12 16:02:27,777 Pruning 3584 in layer 23
2024-10-12 16:02:27,778 Gathering metrics
2024-10-12 16:03:02,013 {'acc1': 0.8032178217821783, 'acc5': 0.9486386138613861, 'loss': 85.62580963596702, 'macs': 14898588648, 'params': 299191784, 'model_size': 1141.3260803222656, 'inference_time': 0}
2024-10-12 16:03:02,040 Pruning 3840 in layer 23
2024-10-12 16:03:02,041 Gathering metrics
2024-10-12 16:03:36,329 {'acc1': 0.8022896039603961, 'acc5': 0.9477103960396039, 'loss': 85.61618250608444, 'macs': 14872361448, 'params': 298667240, 'model_size': 1139.3251037597656, 'inference_time': 0}
2024-10-12 16:03:36,356 Pruning 256 in layer 22
2024-10-12 16:03:36,358 Gathering metrics
2024-10-12 16:04:10,654 {'acc1': 0.8041460396039604, 'acc5': 0.9467821782178217, 'loss': 85.25320641696453, 'macs': 14872361448, 'params': 298667240, 'model_size': 1139.3251037597656, 'inference_time': 0}
2024-10-12 16:04:10,683 Pruning 512 in layer 22
2024-10-12 16:04:10,684 Gathering metrics
2024-10-12 16:04:45,013 {'acc1': 0.8038366336633663, 'acc5': 0.9474009900990099, 'loss': 85.01886620372534, 'macs': 14846134248, 'params': 298142696, 'model_size': 1137.3241271972656, 'inference_time': 0}
2024-10-12 16:04:45,042 Pruning 768 in layer 22
2024-10-12 16:04:45,044 Gathering metrics
2024-10-12 16:05:19,382 {'acc1': 0.8035272277227723, 'acc5': 0.948019801980198, 'loss': 85.36804082617164, 'macs': 14819907048, 'params': 297618152, 'model_size': 1135.3231506347656, 'inference_time': 0}
2024-10-12 16:05:19,413 Pruning 1024 in layer 22
2024-10-12 16:05:19,414 Gathering metrics
2024-10-12 16:05:53,840 {'acc1': 0.8044554455445545, 'acc5': 0.9477103960396039, 'loss': 85.26569203473628, 'macs': 14793679848, 'params': 297093608, 'model_size': 1133.3221740722656, 'inference_time': 0}
2024-10-12 16:05:53,874 Pruning 1280 in layer 22
2024-10-12 16:05:53,876 Gathering metrics
2024-10-12 16:06:28,226 {'acc1': 0.8047648514851485, 'acc5': 0.948019801980198, 'loss': 85.38010809198022, 'macs': 14767452648, 'params': 296569064, 'model_size': 1131.3211975097656, 'inference_time': 0}
2024-10-12 16:06:28,255 Pruning 1536 in layer 22
2024-10-12 16:06:28,256 Gathering metrics
2024-10-12 16:07:02,604 {'acc1': 0.8041460396039604, 'acc5': 0.9483292079207921, 'loss': 85.5244433041662, 'macs': 14741225448, 'params': 296044520, 'model_size': 1129.3202209472656, 'inference_time': 0}
2024-10-12 16:07:02,634 Pruning 1792 in layer 22
2024-10-12 16:07:02,635 Gathering metrics
2024-10-12 16:07:36,909 {'acc1': 0.8029084158415841, 'acc5': 0.9464727722772277, 'loss': 85.58635993488133, 'macs': 14714998248, 'params': 295519976, 'model_size': 1127.3192443847656, 'inference_time': 0}
2024-10-12 16:07:36,938 Pruning 2048 in layer 22
2024-10-12 16:07:36,940 Gathering metrics
2024-10-12 16:08:11,220 {'acc1': 0.8025990099009901, 'acc5': 0.9470915841584159, 'loss': 85.85449271090329, 'macs': 14688771048, 'params': 294995432, 'model_size': 1125.3182678222656, 'inference_time': 0}
2024-10-12 16:08:11,252 Pruning 2304 in layer 22
2024-10-12 16:08:11,254 Gathering metrics
2024-10-12 16:08:45,317 {'acc1': 0.801980198019802, 'acc5': 0.9461633663366337, 'loss': 85.73642649129033, 'macs': 14662543848, 'params': 294470888, 'model_size': 1123.3172912597656, 'inference_time': 0}
2024-10-12 16:08:45,346 Pruning 2560 in layer 22
2024-10-12 16:08:45,347 Gathering metrics
2024-10-12 16:09:20,195 {'acc1': 0.801980198019802, 'acc5': 0.9464727722772277, 'loss': 86.02597506530583, 'macs': 14636316648, 'params': 293946344, 'model_size': 1121.3163146972656, 'inference_time': 0}
2024-10-12 16:09:20,224 Pruning 2816 in layer 22
2024-10-12 16:09:20,225 Gathering metrics
2024-10-12 16:09:54,320 {'acc1': 0.8022896039603961, 'acc5': 0.9467821782178217, 'loss': 86.11266439594328, 'macs': 14610089448, 'params': 293421800, 'model_size': 1119.3153381347656, 'inference_time': 0}
2024-10-12 16:09:54,350 Pruning 3072 in layer 22
2024-10-12 16:09:54,352 Gathering metrics
2024-10-12 16:10:28,440 {'acc1': 0.8001237623762376, 'acc5': 0.9461633663366337, 'loss': 86.25950974039733, 'macs': 14583862248, 'params': 292897256, 'model_size': 1117.3143615722656, 'inference_time': 0}
2024-10-12 16:10:28,572 Pruning 3328 in layer 22
2024-10-12 16:10:28,574 Gathering metrics
2024-10-12 16:11:02,802 {'acc1': 0.8025990099009901, 'acc5': 0.9449257425742574, 'loss': 86.96089913928881, 'macs': 14557635048, 'params': 292372712, 'model_size': 1115.3133850097656, 'inference_time': 0}
2024-10-12 16:11:02,832 Pruning 3584 in layer 22
2024-10-12 16:11:02,834 Gathering metrics
2024-10-12 16:11:36,829 {'acc1': 0.8035272277227723, 'acc5': 0.9452351485148515, 'loss': 87.6252255262807, 'macs': 14531407848, 'params': 291848168, 'model_size': 1113.3124084472656, 'inference_time': 0}
2024-10-12 16:11:36,859 Pruning 3840 in layer 22
2024-10-12 16:11:36,861 Gathering metrics
2024-10-12 16:12:11,149 {'acc1': 0.8025990099009901, 'acc5': 0.9455445544554455, 'loss': 89.40175958443433, 'macs': 14505180648, 'params': 291323624, 'model_size': 1111.3114318847656, 'inference_time': 0}
2024-10-12 16:12:11,177 Pruning 256 in layer 21
2024-10-12 16:12:11,178 Gathering metrics
2024-10-12 16:12:45,516 {'acc1': 0.8035272277227723, 'acc5': 0.9458539603960396, 'loss': 87.73447649553418, 'macs': 14505180648, 'params': 291323624, 'model_size': 1111.3114318847656, 'inference_time': 0}
2024-10-12 16:12:45,547 Pruning 512 in layer 21
2024-10-12 16:12:45,549 Gathering metrics
2024-10-12 16:13:19,453 {'acc1': 0.8013613861386139, 'acc5': 0.9449257425742574, 'loss': 88.52373417653143, 'macs': 14478953448, 'params': 290799080, 'model_size': 1109.3104553222656, 'inference_time': 0}
2024-10-12 16:13:19,483 Pruning 768 in layer 21
2024-10-12 16:13:19,485 Gathering metrics
2024-10-12 16:13:53,812 {'acc1': 0.801980198019802, 'acc5': 0.9449257425742574, 'loss': 88.8065851284191, 'macs': 14452726248, 'params': 290274536, 'model_size': 1107.3094787597656, 'inference_time': 0}
2024-10-12 16:13:53,842 Pruning 1024 in layer 21
2024-10-12 16:13:53,844 Gathering metrics
2024-10-12 16:14:28,063 {'acc1': 0.8001237623762376, 'acc5': 0.9470915841584159, 'loss': 88.74058664124459, 'macs': 14426499048, 'params': 289749992, 'model_size': 1105.3085021972656, 'inference_time': 0}
2024-10-12 16:14:28,094 Pruning 1280 in layer 21
2024-10-12 16:14:28,095 Gathering metrics
2024-10-12 16:15:02,122 {'acc1': 0.7982673267326733, 'acc5': 0.9458539603960396, 'loss': 89.69780852366239, 'macs': 14400271848, 'params': 289225448, 'model_size': 1103.3075256347656, 'inference_time': 0}
2024-10-12 16:15:02,152 Pruning 256 in layer 20
2024-10-12 16:15:02,154 Gathering metrics
2024-10-12 16:15:36,143 {'acc1': 0.8016707920792079, 'acc5': 0.9464727722772277, 'loss': 88.78921478707343, 'macs': 14400271848, 'params': 289225448, 'model_size': 1103.3075256347656, 'inference_time': 0}
2024-10-12 16:15:36,173 Pruning 512 in layer 20
2024-10-12 16:15:36,175 Gathering metrics
2024-10-12 16:16:10,184 {'acc1': 0.801980198019802, 'acc5': 0.9477103960396039, 'loss': 88.94849978294224, 'macs': 14374044648, 'params': 288700904, 'model_size': 1101.3065490722656, 'inference_time': 0}
2024-10-12 16:16:10,213 Pruning 768 in layer 20
2024-10-12 16:16:10,215 Gathering metrics
2024-10-12 16:16:44,342 {'acc1': 0.8016707920792079, 'acc5': 0.9464727722772277, 'loss': 89.08445441629738, 'macs': 14347817448, 'params': 288176360, 'model_size': 1099.3055725097656, 'inference_time': 0}
2024-10-12 16:16:44,373 Pruning 1024 in layer 20
2024-10-12 16:16:44,375 Gathering metrics
2024-10-12 16:17:18,417 {'acc1': 0.8029084158415841, 'acc5': 0.9452351485148515, 'loss': 89.15710008330643, 'macs': 14321590248, 'params': 287651816, 'model_size': 1097.3045959472656, 'inference_time': 0}
2024-10-12 16:17:18,447 Pruning 1280 in layer 20
2024-10-12 16:17:18,449 Gathering metrics
2024-10-12 16:17:52,554 {'acc1': 0.8025990099009901, 'acc5': 0.9458539603960396, 'loss': 89.76783313881606, 'macs': 14295363048, 'params': 287127272, 'model_size': 1095.3036193847656, 'inference_time': 0}
2024-10-12 16:17:52,681 Pruning 1536 in layer 20
2024-10-12 16:17:52,683 Gathering metrics
2024-10-12 16:18:26,806 {'acc1': 0.8022896039603961, 'acc5': 0.9455445544554455, 'loss': 90.09794507175684, 'macs': 14269135848, 'params': 286602728, 'model_size': 1093.3026428222656, 'inference_time': 0}
2024-10-12 16:18:26,836 Pruning 1792 in layer 20
2024-10-12 16:18:26,838 Gathering metrics
2024-10-12 16:19:00,808 {'acc1': 0.8013613861386139, 'acc5': 0.9446163366336634, 'loss': 90.18952312879264, 'macs': 14242908648, 'params': 286078184, 'model_size': 1091.3016662597656, 'inference_time': 0}
2024-10-12 16:19:00,838 Pruning 2048 in layer 20
2024-10-12 16:19:00,839 Gathering metrics
2024-10-12 16:19:34,899 {'acc1': 0.8016707920792079, 'acc5': 0.9452351485148515, 'loss': 90.41552694048733, 'macs': 14216681448, 'params': 285553640, 'model_size': 1089.3006896972656, 'inference_time': 0}
2024-10-12 16:19:34,926 Pruning 2304 in layer 20
2024-10-12 16:19:34,927 Gathering metrics
2024-10-12 16:20:08,893 {'acc1': 0.8010519801980198, 'acc5': 0.9461633663366337, 'loss': 90.5144815267995, 'macs': 14190454248, 'params': 285029096, 'model_size': 1087.2997131347656, 'inference_time': 0}
2024-10-12 16:20:08,925 Pruning 2560 in layer 20
2024-10-12 16:20:08,926 Gathering metrics
2024-10-12 16:20:42,773 {'acc1': 0.8013613861386139, 'acc5': 0.9452351485148515, 'loss': 90.68415690679103, 'macs': 14164227048, 'params': 284504552, 'model_size': 1085.2987365722656, 'inference_time': 0}
2024-10-12 16:20:42,802 Pruning 2816 in layer 20
2024-10-12 16:20:42,804 Gathering metrics
2024-10-12 16:21:16,525 {'acc1': 0.8007425742574258, 'acc5': 0.9443069306930693, 'loss': 90.56437519192696, 'macs': 14137999848, 'params': 283980008, 'model_size': 1083.2977600097656, 'inference_time': 0}
2024-10-12 16:21:16,554 Pruning 3072 in layer 20
2024-10-12 16:21:16,555 Gathering metrics
2024-10-12 16:21:50,360 {'acc1': 0.7995049504950495, 'acc5': 0.9439975247524752, 'loss': 90.4135296586901, 'macs': 14111772648, 'params': 283455464, 'model_size': 1081.2967834472656, 'inference_time': 0}
2024-10-12 16:21:50,388 Pruning 3328 in layer 20
2024-10-12 16:21:50,389 Gathering metrics
2024-10-12 16:22:23,914 {'acc1': 0.7995049504950495, 'acc5': 0.9439975247524752, 'loss': 90.32126036286354, 'macs': 14085545448, 'params': 282930920, 'model_size': 1079.2958068847656, 'inference_time': 0}
2024-10-12 16:22:23,942 Pruning 3584 in layer 20
2024-10-12 16:22:23,943 Gathering metrics
2024-10-12 16:22:57,398 {'acc1': 0.7998143564356436, 'acc5': 0.9443069306930693, 'loss': 89.88212142232805, 'macs': 14059318248, 'params': 282406376, 'model_size': 1077.2948303222656, 'inference_time': 0}
2024-10-12 16:22:57,427 Pruning 3840 in layer 20
2024-10-12 16:22:57,428 Gathering metrics
2024-10-12 16:23:31,030 {'acc1': 0.7976485148514851, 'acc5': 0.9436881188118812, 'loss': 89.58217139076442, 'macs': 14033091048, 'params': 281881832, 'model_size': 1075.2938537597656, 'inference_time': 0}
2024-10-12 16:23:31,059 Pruning 256 in layer 19
2024-10-12 16:23:31,060 Gathering metrics
2024-10-12 16:24:04,907 {'acc1': 0.7985767326732673, 'acc5': 0.9446163366336634, 'loss': 90.3499758746475, 'macs': 14033091048, 'params': 281881832, 'model_size': 1075.2938537597656, 'inference_time': 0}
2024-10-12 16:24:04,937 Pruning 512 in layer 19
2024-10-12 16:24:04,939 Gathering metrics
2024-10-12 16:24:38,692 {'acc1': 0.7995049504950495, 'acc5': 0.943069306930693, 'loss': 90.67772082425654, 'macs': 14006863848, 'params': 281357288, 'model_size': 1073.2928771972656, 'inference_time': 0}
2024-10-12 16:24:38,727 Pruning 768 in layer 19
2024-10-12 16:24:38,729 Gathering metrics
2024-10-12 16:25:12,211 {'acc1': 0.7967202970297029, 'acc5': 0.9433787128712872, 'loss': 90.68910226039588, 'macs': 13980636648, 'params': 280832744, 'model_size': 1071.2919006347656, 'inference_time': 0}
2024-10-12 16:25:12,238 Pruning 1024 in layer 19
2024-10-12 16:25:12,240 Gathering metrics
2024-10-12 16:25:45,626 {'acc1': 0.7951732673267327, 'acc5': 0.9433787128712872, 'loss': 90.96181606128812, 'macs': 13954409448, 'params': 280308200, 'model_size': 1069.2909240722656, 'inference_time': 0}
2024-10-12 16:25:45,751 Pruning 256 in layer 18
2024-10-12 16:25:45,752 Gathering metrics
2024-10-12 16:26:19,225 {'acc1': 0.7976485148514851, 'acc5': 0.9433787128712872, 'loss': 90.63370287977159, 'macs': 13954409448, 'params': 280308200, 'model_size': 1069.2909240722656, 'inference_time': 0}
2024-10-12 16:26:19,253 Pruning 512 in layer 18
2024-10-12 16:26:19,254 Gathering metrics
2024-10-12 16:26:52,680 {'acc1': 0.7967202970297029, 'acc5': 0.9443069306930693, 'loss': 90.625791891478, 'macs': 13928182248, 'params': 279783656, 'model_size': 1067.2899475097656, 'inference_time': 0}
2024-10-12 16:26:52,711 Pruning 768 in layer 18
2024-10-12 16:26:52,712 Gathering metrics
2024-10-12 16:27:26,218 {'acc1': 0.7979579207920792, 'acc5': 0.9436881188118812, 'loss': 90.57455407921225, 'macs': 13901955048, 'params': 279259112, 'model_size': 1065.2889709472656, 'inference_time': 0}
2024-10-12 16:27:26,245 Pruning 1024 in layer 18
2024-10-12 16:27:26,247 Gathering metrics
2024-10-12 16:27:59,680 {'acc1': 0.7973391089108911, 'acc5': 0.9436881188118812, 'loss': 90.79802736639977, 'macs': 13875727848, 'params': 278734568, 'model_size': 1063.2879943847656, 'inference_time': 0}
2024-10-12 16:27:59,707 Pruning 1280 in layer 18
2024-10-12 16:27:59,708 Gathering metrics
2024-10-12 16:28:33,019 {'acc1': 0.7964108910891089, 'acc5': 0.942450495049505, 'loss': 90.95712318085134, 'macs': 13849500648, 'params': 278210024, 'model_size': 1061.2870178222656, 'inference_time': 0}
2024-10-12 16:28:33,049 Pruning 1536 in layer 18
2024-10-12 16:28:33,051 Gathering metrics
2024-10-12 16:29:06,679 {'acc1': 0.7982673267326733, 'acc5': 0.9433787128712872, 'loss': 91.1070498265326, 'macs': 13823273448, 'params': 277685480, 'model_size': 1059.2860412597656, 'inference_time': 0}
2024-10-12 16:29:06,708 Pruning 1792 in layer 18
2024-10-12 16:29:06,709 Gathering metrics
2024-10-12 16:29:39,850 {'acc1': 0.7982673267326733, 'acc5': 0.9421410891089109, 'loss': 91.31335775367916, 'macs': 13797046248, 'params': 277160936, 'model_size': 1057.2850646972656, 'inference_time': 0}
2024-10-12 16:29:39,879 Pruning 2048 in layer 18
2024-10-12 16:29:39,881 Gathering metrics
2024-10-12 16:30:13,524 {'acc1': 0.7957920792079208, 'acc5': 0.9409034653465347, 'loss': 91.94813635386527, 'macs': 13770819048, 'params': 276636392, 'model_size': 1055.2840881347656, 'inference_time': 0}
2024-10-12 16:30:13,559 Pruning 2304 in layer 18
2024-10-12 16:30:13,561 Gathering metrics
2024-10-12 16:30:48,421 {'acc1': 0.7964108910891089, 'acc5': 0.9412128712871287, 'loss': 92.23271976783872, 'macs': 13744591848, 'params': 276111848, 'model_size': 1053.2831115722656, 'inference_time': 0}
2024-10-12 16:30:48,452 Pruning 2560 in layer 18
2024-10-12 16:30:48,454 Gathering metrics
2024-10-12 16:31:23,076 {'acc1': 0.7961014851485149, 'acc5': 0.9409034653465347, 'loss': 92.48623847216368, 'macs': 13718364648, 'params': 275587304, 'model_size': 1051.2821350097656, 'inference_time': 0}
2024-10-12 16:31:23,108 Pruning 2816 in layer 18
2024-10-12 16:31:23,110 Gathering metrics
2024-10-12 16:31:57,941 {'acc1': 0.7961014851485149, 'acc5': 0.9409034653465347, 'loss': 92.73054267838597, 'macs': 13692137448, 'params': 275062760, 'model_size': 1049.2811584472656, 'inference_time': 0}
2024-10-12 16:31:57,972 Pruning 3072 in layer 18
2024-10-12 16:31:57,974 Gathering metrics
2024-10-12 16:32:33,234 {'acc1': 0.7957920792079208, 'acc5': 0.9415222772277227, 'loss': 92.98067704029381, 'macs': 13665910248, 'params': 274538216, 'model_size': 1047.2801818847656, 'inference_time': 0}
2024-10-12 16:32:33,265 Pruning 3328 in layer 18
2024-10-12 16:32:33,267 Gathering metrics
2024-10-12 16:33:08,390 {'acc1': 0.7957920792079208, 'acc5': 0.9415222772277227, 'loss': 93.17553126439452, 'macs': 13639683048, 'params': 274013672, 'model_size': 1045.2792053222656, 'inference_time': 0}
2024-10-12 16:33:08,421 Pruning 3584 in layer 18
2024-10-12 16:33:08,423 Gathering metrics
2024-10-12 16:33:42,994 {'acc1': 0.7970297029702971, 'acc5': 0.9415222772277227, 'loss': 93.60744608193636, 'macs': 13613455848, 'params': 273489128, 'model_size': 1043.2782287597656, 'inference_time': 0}
2024-10-12 16:33:43,189 Pruning 3840 in layer 18
2024-10-12 16:33:43,191 Gathering metrics
2024-10-12 16:34:18,162 {'acc1': 0.7976485148514851, 'acc5': 0.9405940594059405, 'loss': 94.5272813970223, 'macs': 13587228648, 'params': 272964584, 'model_size': 1041.2772521972656, 'inference_time': 0}
2024-10-12 16:34:18,200 Pruning 256 in layer 17
2024-10-12 16:34:18,202 Gathering metrics
2024-10-12 16:34:53,393 {'acc1': 0.7979579207920792, 'acc5': 0.9409034653465347, 'loss': 93.58262912929058, 'macs': 13587228648, 'params': 272964584, 'model_size': 1041.2772521972656, 'inference_time': 0}
2024-10-12 16:34:53,424 Pruning 512 in layer 17
2024-10-12 16:34:53,426 Gathering metrics
2024-10-12 16:35:27,938 {'acc1': 0.7939356435643564, 'acc5': 0.9412128712871287, 'loss': 93.5329168010503, 'macs': 13561001448, 'params': 272440040, 'model_size': 1039.2762756347656, 'inference_time': 0}
2024-10-12 16:35:27,970 Pruning 768 in layer 17
2024-10-12 16:35:27,972 Gathering metrics
2024-10-12 16:36:02,413 {'acc1': 0.7926980198019802, 'acc5': 0.9418316831683168, 'loss': 93.68241211399436, 'macs': 13534774248, 'params': 271915496, 'model_size': 1037.2752990722656, 'inference_time': 0}
2024-10-12 16:36:02,443 Pruning 256 in layer 16
2024-10-12 16:36:02,445 Gathering metrics
2024-10-12 16:36:37,392 {'acc1': 0.7933168316831684, 'acc5': 0.9402846534653465, 'loss': 94.11694462504238, 'macs': 13534774248, 'params': 271915496, 'model_size': 1037.2752990722656, 'inference_time': 0}
2024-10-12 16:36:37,422 Pruning 512 in layer 16
2024-10-12 16:36:37,424 Gathering metrics
2024-10-12 16:37:12,083 {'acc1': 0.7930074257425742, 'acc5': 0.9390470297029703, 'loss': 94.40329737588763, 'macs': 13508547048, 'params': 271390952, 'model_size': 1035.2743225097656, 'inference_time': 0}
2024-10-12 16:37:12,116 Pruning 768 in layer 16
2024-10-12 16:37:12,118 Gathering metrics
2024-10-12 16:37:47,155 {'acc1': 0.7896039603960396, 'acc5': 0.9387376237623762, 'loss': 94.76061240490526, 'macs': 13482319848, 'params': 270866408, 'model_size': 1033.2733459472656, 'inference_time': 0}
2024-10-12 16:37:47,186 Pruning 256 in layer 15
2024-10-12 16:37:47,188 Gathering metrics
2024-10-12 16:38:21,732 {'acc1': 0.7920792079207921, 'acc5': 0.9381188118811881, 'loss': 95.06267266534269, 'macs': 13482319848, 'params': 270866408, 'model_size': 1033.2733459472656, 'inference_time': 0}
2024-10-12 16:38:21,763 Pruning 512 in layer 15
2024-10-12 16:38:21,765 Gathering metrics
2024-10-12 16:38:56,545 {'acc1': 0.791769801980198, 'acc5': 0.937190594059406, 'loss': 95.46988484542817, 'macs': 13456092648, 'params': 270341864, 'model_size': 1031.2723693847656, 'inference_time': 0}
2024-10-12 16:38:56,578 Pruning 768 in layer 15
2024-10-12 16:38:56,579 Gathering metrics
2024-10-12 16:39:31,182 {'acc1': 0.7914603960396039, 'acc5': 0.9362623762376238, 'loss': 96.21058374922723, 'macs': 13429865448, 'params': 269817320, 'model_size': 1029.2713928222656, 'inference_time': 0}
2024-10-12 16:39:31,214 Pruning 1024 in layer 15
2024-10-12 16:39:31,216 Gathering metrics
2024-10-12 16:40:06,026 {'acc1': 0.7899133663366337, 'acc5': 0.9359529702970297, 'loss': 96.92758861929178, 'macs': 13403638248, 'params': 269292776, 'model_size': 1027.2704162597656, 'inference_time': 0}
2024-10-12 16:40:06,059 Pruning 1280 in layer 15
2024-10-12 16:40:06,061 Gathering metrics
2024-10-12 16:40:40,943 {'acc1': 0.7874381188118812, 'acc5': 0.9347153465346535, 'loss': 97.61313736531883, 'macs': 13377411048, 'params': 268768232, 'model_size': 1025.2694396972656, 'inference_time': 0}
2024-10-12 16:40:41,141 Pruning 256 in layer 14
2024-10-12 16:40:41,143 Gathering metrics
2024-10-12 16:41:15,867 {'acc1': 0.7905321782178217, 'acc5': 0.9344059405940595, 'loss': 97.57658176962286, 'macs': 13377411048, 'params': 268768232, 'model_size': 1025.2694396972656, 'inference_time': 0}
2024-10-12 16:41:15,896 Pruning 512 in layer 14
2024-10-12 16:41:15,898 Gathering metrics
2024-10-12 16:41:49,945 {'acc1': 0.7908415841584159, 'acc5': 0.9347153465346535, 'loss': 97.7900056457147, 'macs': 13351183848, 'params': 268243688, 'model_size': 1023.2684631347656, 'inference_time': 0}
2024-10-12 16:41:49,977 Pruning 768 in layer 14
2024-10-12 16:41:49,978 Gathering metrics
2024-10-12 16:42:24,601 {'acc1': 0.7892945544554455, 'acc5': 0.9334777227722773, 'loss': 98.1693595983088, 'macs': 13324956648, 'params': 267719144, 'model_size': 1021.2674865722656, 'inference_time': 0}
2024-10-12 16:42:24,632 Pruning 1024 in layer 14
2024-10-12 16:42:24,634 Gathering metrics
2024-10-12 16:42:58,842 {'acc1': 0.7908415841584159, 'acc5': 0.9337871287128713, 'loss': 98.6658937484026, 'macs': 13298729448, 'params': 267194600, 'model_size': 1019.2665100097656, 'inference_time': 0}
2024-10-12 16:42:58,872 Pruning 1280 in layer 14
2024-10-12 16:42:58,874 Gathering metrics
2024-10-12 16:43:32,699 {'acc1': 0.7892945544554455, 'acc5': 0.9337871287128713, 'loss': 99.43690580874681, 'macs': 13272502248, 'params': 266670056, 'model_size': 1017.2655334472656, 'inference_time': 0}
2024-10-12 16:43:32,732 Pruning 1536 in layer 14
2024-10-12 16:43:32,733 Gathering metrics
2024-10-12 16:44:05,836 {'acc1': 0.7896039603960396, 'acc5': 0.9347153465346535, 'loss': 99.89212462306023, 'macs': 13246275048, 'params': 266145512, 'model_size': 1015.2645568847656, 'inference_time': 0}
2024-10-12 16:44:05,865 Pruning 1792 in layer 14
2024-10-12 16:44:05,867 Gathering metrics
2024-10-12 16:44:38,536 {'acc1': 0.7883663366336634, 'acc5': 0.9337871287128713, 'loss': 99.98406676482409, 'macs': 13220047848, 'params': 265620968, 'model_size': 1013.2635803222656, 'inference_time': 0}
2024-10-12 16:44:38,568 Pruning 2048 in layer 14
2024-10-12 16:44:38,570 Gathering metrics
2024-10-12 16:45:11,552 {'acc1': 0.7892945544554455, 'acc5': 0.9340965346534653, 'loss': 100.4653247250244, 'macs': 13193820648, 'params': 265096424, 'model_size': 1011.2626037597656, 'inference_time': 0}
2024-10-12 16:45:11,580 Pruning 2304 in layer 14
2024-10-12 16:45:11,581 Gathering metrics
2024-10-12 16:45:44,190 {'acc1': 0.7896039603960396, 'acc5': 0.9344059405940595, 'loss': 100.8805567547679, 'macs': 13167593448, 'params': 264571880, 'model_size': 1009.2616271972656, 'inference_time': 0}
2024-10-12 16:45:44,219 Pruning 2560 in layer 14
2024-10-12 16:45:44,220 Gathering metrics
2024-10-12 16:46:17,122 {'acc1': 0.7896039603960396, 'acc5': 0.9353341584158416, 'loss': 101.01377477869391, 'macs': 13141366248, 'params': 264047336, 'model_size': 1007.2606506347656, 'inference_time': 0}
2024-10-12 16:46:17,152 Pruning 2816 in layer 14
2024-10-12 16:46:17,153 Gathering metrics
2024-10-12 16:46:49,906 {'acc1': 0.7892945544554455, 'acc5': 0.9350247524752475, 'loss': 101.11517388001084, 'macs': 13115139048, 'params': 263522792, 'model_size': 1005.2596740722656, 'inference_time': 0}
2024-10-12 16:46:49,936 Pruning 3072 in layer 14
2024-10-12 16:46:49,937 Gathering metrics
2024-10-12 16:47:22,570 {'acc1': 0.7896039603960396, 'acc5': 0.9344059405940595, 'loss': 101.28492815420032, 'macs': 13088911848, 'params': 262998248, 'model_size': 1003.2586975097656, 'inference_time': 0}
2024-10-12 16:47:22,600 Pruning 3328 in layer 14
2024-10-12 16:47:22,602 Gathering metrics
2024-10-12 16:47:55,380 {'acc1': 0.7892945544554455, 'acc5': 0.9340965346534653, 'loss': 101.32062168978155, 'macs': 13062684648, 'params': 262473704, 'model_size': 1001.2577209472656, 'inference_time': 0}
2024-10-12 16:47:55,411 Pruning 3584 in layer 14
2024-10-12 16:47:55,412 Gathering metrics
2024-10-12 16:48:27,922 {'acc1': 0.7889851485148515, 'acc5': 0.9340965346534653, 'loss': 101.16285484470427, 'macs': 13036457448, 'params': 261949160, 'model_size': 999.2567443847656, 'inference_time': 0}
2024-10-12 16:48:28,079 Pruning 3840 in layer 14
2024-10-12 16:48:28,081 Gathering metrics
2024-10-12 16:49:00,801 {'acc1': 0.7886757425742574, 'acc5': 0.9340965346534653, 'loss': 101.24720655940473, 'macs': 13010230248, 'params': 261424616, 'model_size': 997.2557678222656, 'inference_time': 0}
2024-10-12 16:49:00,832 Pruning 256 in layer 13
2024-10-12 16:49:00,833 Gathering metrics
2024-10-12 16:49:33,751 {'acc1': 0.7892945544554455, 'acc5': 0.9334777227722773, 'loss': 101.62198252603412, 'macs': 13010230248, 'params': 261424616, 'model_size': 997.2557678222656, 'inference_time': 0}
2024-10-12 16:49:33,780 Pruning 512 in layer 13
2024-10-12 16:49:33,781 Gathering metrics
2024-10-12 16:50:06,278 {'acc1': 0.7877475247524752, 'acc5': 0.9334777227722773, 'loss': 101.81928297318518, 'macs': 12984003048, 'params': 260900072, 'model_size': 995.2547912597656, 'inference_time': 0}
2024-10-12 16:50:06,309 Pruning 768 in layer 13
2024-10-12 16:50:06,310 Gathering metrics
2024-10-12 16:50:39,215 {'acc1': 0.786200495049505, 'acc5': 0.9316212871287128, 'loss': 102.91182420775294, 'macs': 12957775848, 'params': 260375528, 'model_size': 993.2538146972656, 'inference_time': 0}
2024-10-12 16:50:39,244 Pruning 1024 in layer 13
2024-10-12 16:50:39,246 Gathering metrics
2024-10-12 16:51:11,927 {'acc1': 0.786509900990099, 'acc5': 0.932240099009901, 'loss': 103.54705940745771, 'macs': 12931548648, 'params': 259850984, 'model_size': 991.2528381347656, 'inference_time': 0}
2024-10-12 16:51:11,959 Pruning 1280 in layer 13
2024-10-12 16:51:11,961 Gathering metrics
2024-10-12 16:51:44,493 {'acc1': 0.7840346534653465, 'acc5': 0.9300742574257426, 'loss': 105.25235924124718, 'macs': 12905321448, 'params': 259326440, 'model_size': 989.2518615722656, 'inference_time': 0}
2024-10-12 16:51:44,523 Pruning 256 in layer 12
2024-10-12 16:51:44,524 Gathering metrics
2024-10-12 16:52:17,132 {'acc1': 0.786819306930693, 'acc5': 0.9316212871287128, 'loss': 103.68810391612351, 'macs': 12905321448, 'params': 259326440, 'model_size': 989.2518615722656, 'inference_time': 0}
2024-10-12 16:52:17,164 Pruning 512 in layer 12
2024-10-12 16:52:17,165 Gathering metrics
2024-10-12 16:52:50,092 {'acc1': 0.7849628712871287, 'acc5': 0.9300742574257426, 'loss': 104.09480865299702, 'macs': 12879094248, 'params': 258801896, 'model_size': 987.2508850097656, 'inference_time': 0}
2024-10-12 16:52:50,122 Pruning 768 in layer 12
2024-10-12 16:52:50,123 Gathering metrics
2024-10-12 16:53:22,606 {'acc1': 0.7821782178217822, 'acc5': 0.9285272277227723, 'loss': 104.85226954706013, 'macs': 12852867048, 'params': 258277352, 'model_size': 985.2499084472656, 'inference_time': 0}
2024-10-12 16:53:22,637 Pruning 256 in layer 11
2024-10-12 16:53:22,638 Gathering metrics
2024-10-12 16:53:55,588 {'acc1': 0.7818688118811881, 'acc5': 0.9297648514851485, 'loss': 104.8875508569181, 'macs': 12852867048, 'params': 258277352, 'model_size': 985.2499084472656, 'inference_time': 0}
2024-10-12 16:53:55,620 Pruning 512 in layer 11
2024-10-12 16:53:55,621 Gathering metrics
2024-10-12 16:54:28,382 {'acc1': 0.7818688118811881, 'acc5': 0.9300742574257426, 'loss': 105.34554412402213, 'macs': 12826639848, 'params': 257752808, 'model_size': 983.2489318847656, 'inference_time': 0}
2024-10-12 16:54:28,413 Pruning 768 in layer 11
2024-10-12 16:54:28,414 Gathering metrics
2024-10-12 16:55:00,976 {'acc1': 0.780940594059406, 'acc5': 0.9294554455445545, 'loss': 105.70215828157961, 'macs': 12800412648, 'params': 257228264, 'model_size': 981.2479553222656, 'inference_time': 0}
2024-10-12 16:55:01,106 Pruning 256 in layer 10
2024-10-12 16:55:01,107 Gathering metrics
2024-10-12 16:55:33,861 {'acc1': 0.7837252475247525, 'acc5': 0.9291460396039604, 'loss': 106.68354130350053, 'macs': 12800412648, 'params': 257228264, 'model_size': 981.2479553222656, 'inference_time': 0}
2024-10-12 16:55:33,891 Pruning 512 in layer 10
2024-10-12 16:55:33,893 Gathering metrics
2024-10-12 16:56:06,408 {'acc1': 0.781559405940594, 'acc5': 0.9294554455445545, 'loss': 107.60526350140572, 'macs': 12774185448, 'params': 256703720, 'model_size': 979.2469787597656, 'inference_time': 0}
2024-10-12 16:56:06,440 Pruning 768 in layer 10
2024-10-12 16:56:06,441 Gathering metrics
2024-10-12 16:56:38,757 {'acc1': 0.7781559405940595, 'acc5': 0.9266707920792079, 'loss': 108.884839925915, 'macs': 12747958248, 'params': 256179176, 'model_size': 977.2460021972656, 'inference_time': 0}
2024-10-12 16:56:38,787 Pruning 256 in layer 9
2024-10-12 16:56:38,789 Gathering metrics
2024-10-12 16:57:11,247 {'acc1': 0.78125, 'acc5': 0.9285272277227723, 'loss': 105.75980355590582, 'macs': 12747958248, 'params': 256179176, 'model_size': 977.2460021972656, 'inference_time': 0}
2024-10-12 16:57:11,277 Pruning 512 in layer 9
2024-10-12 16:57:11,279 Gathering metrics
2024-10-12 16:57:43,614 {'acc1': 0.7803217821782178, 'acc5': 0.9285272277227723, 'loss': 105.95588278025389, 'macs': 12721731048, 'params': 255654632, 'model_size': 975.2450256347656, 'inference_time': 0}
2024-10-12 16:57:43,645 Pruning 768 in layer 9
2024-10-12 16:57:43,647 Gathering metrics
2024-10-12 16:58:16,125 {'acc1': 0.7781559405940595, 'acc5': 0.9291460396039604, 'loss': 105.90107522532344, 'macs': 12695503848, 'params': 255130088, 'model_size': 973.2440490722656, 'inference_time': 0}
2024-10-12 16:58:16,156 Pruning 1024 in layer 9
2024-10-12 16:58:16,157 Gathering metrics
2024-10-12 16:58:48,511 {'acc1': 0.7778465346534653, 'acc5': 0.9285272277227723, 'loss': 106.28259105607867, 'macs': 12669276648, 'params': 254605544, 'model_size': 971.2430725097656, 'inference_time': 0}
2024-10-12 16:58:48,543 Pruning 256 in layer 8
2024-10-12 16:58:48,544 Gathering metrics
2024-10-12 16:59:21,154 {'acc1': 0.776299504950495, 'acc5': 0.9282178217821783, 'loss': 106.91941612772644, 'macs': 12669276648, 'params': 254605544, 'model_size': 971.2430725097656, 'inference_time': 0}
2024-10-12 16:59:21,185 Pruning 512 in layer 8
2024-10-12 16:59:21,187 Gathering metrics
2024-10-12 16:59:53,702 {'acc1': 0.7735148514851485, 'acc5': 0.9263613861386139, 'loss': 107.64753744751215, 'macs': 12643049448, 'params': 254081000, 'model_size': 969.2420959472656, 'inference_time': 0}
2024-10-12 16:59:53,733 Pruning 256 in layer 7
2024-10-12 16:59:53,734 Gathering metrics
2024-10-12 17:00:26,116 {'acc1': 0.7744430693069307, 'acc5': 0.9263613861386139, 'loss': 107.24128253385425, 'macs': 12643049448, 'params': 254081000, 'model_size': 969.2420959472656, 'inference_time': 0}
2024-10-12 17:00:26,146 Pruning 512 in layer 7
2024-10-12 17:00:26,148 Gathering metrics
2024-10-12 17:00:58,442 {'acc1': 0.7732054455445545, 'acc5': 0.926980198019802, 'loss': 107.55370626226068, 'macs': 12616822248, 'params': 253556456, 'model_size': 967.2411193847656, 'inference_time': 0}
2024-10-12 17:00:58,474 Pruning 768 in layer 7
2024-10-12 17:00:58,476 Gathering metrics
2024-10-12 17:01:30,961 {'acc1': 0.7719678217821783, 'acc5': 0.9245049504950495, 'loss': 108.10414920002222, 'macs': 12590595048, 'params': 253031912, 'model_size': 965.2401428222656, 'inference_time': 0}
2024-10-12 17:01:31,097 Pruning 256 in layer 6
2024-10-12 17:01:31,099 Gathering metrics
2024-10-12 17:02:03,533 {'acc1': 0.7713490099009901, 'acc5': 0.9257425742574258, 'loss': 107.91415357589722, 'macs': 12590595048, 'params': 253031912, 'model_size': 965.2401428222656, 'inference_time': 0}
2024-10-12 17:02:03,564 Pruning 512 in layer 6
2024-10-12 17:02:03,565 Gathering metrics
2024-10-12 17:02:36,242 {'acc1': 0.7685643564356436, 'acc5': 0.9248143564356436, 'loss': 109.10801583528519, 'macs': 12564367848, 'params': 252507368, 'model_size': 963.2391662597656, 'inference_time': 0}
2024-10-12 17:02:36,272 Pruning 256 in layer 5
2024-10-12 17:02:36,273 Gathering metrics
2024-10-12 17:03:08,800 {'acc1': 0.7710396039603961, 'acc5': 0.9235767326732673, 'loss': 108.06876980699599, 'macs': 12564367848, 'params': 252507368, 'model_size': 963.2391662597656, 'inference_time': 0}
2024-10-12 17:03:08,831 Pruning 512 in layer 5
2024-10-12 17:03:08,832 Gathering metrics
2024-10-12 17:03:41,502 {'acc1': 0.7701113861386139, 'acc5': 0.9238861386138614, 'loss': 108.63018335029483, 'macs': 12538140648, 'params': 251982824, 'model_size': 961.2381896972656, 'inference_time': 0}
2024-10-12 17:03:41,533 Pruning 768 in layer 5
2024-10-12 17:03:41,535 Gathering metrics
2024-10-12 17:04:14,057 {'acc1': 0.7688737623762376, 'acc5': 0.9241955445544554, 'loss': 109.50342600047588, 'macs': 12511913448, 'params': 251458280, 'model_size': 959.2372131347656, 'inference_time': 0}
2024-10-12 17:04:14,089 Pruning 1024 in layer 5
2024-10-12 17:04:14,090 Gathering metrics
2024-10-12 17:04:46,630 {'acc1': 0.7691831683168316, 'acc5': 0.9232673267326733, 'loss': 110.38159439712763, 'macs': 12485686248, 'params': 250933736, 'model_size': 957.2362365722656, 'inference_time': 0}
2024-10-12 17:04:46,661 Pruning 1280 in layer 5
2024-10-12 17:04:46,663 Gathering metrics
2024-10-12 17:05:19,195 {'acc1': 0.7660891089108911, 'acc5': 0.9229579207920792, 'loss': 110.45203013345599, 'macs': 12459459048, 'params': 250409192, 'model_size': 955.2352600097656, 'inference_time': 0}
2024-10-12 17:05:19,224 Pruning 256 in layer 4
2024-10-12 17:05:19,226 Gathering metrics
2024-10-12 17:05:51,484 {'acc1': 0.7633044554455446, 'acc5': 0.9211014851485149, 'loss': 111.69622717797756, 'macs': 12459459048, 'params': 250409192, 'model_size': 955.2352600097656, 'inference_time': 0}
2024-10-12 17:05:51,514 Pruning 256 in layer 3
2024-10-12 17:05:51,515 Gathering metrics
2024-10-12 17:06:23,727 {'acc1': 0.7654702970297029, 'acc5': 0.9251237623762376, 'loss': 110.04135612770915, 'macs': 12459459048, 'params': 250409192, 'model_size': 955.2352600097656, 'inference_time': 0}
2024-10-12 17:06:23,756 Pruning 256 in layer 2
2024-10-12 17:06:23,758 Gathering metrics
2024-10-12 17:06:56,137 {'acc1': 0.7679455445544554, 'acc5': 0.9260519801980198, 'loss': 108.8551866337657, 'macs': 12459459048, 'params': 250409192, 'model_size': 955.2352600097656, 'inference_time': 0}
2024-10-12 17:06:56,166 Pruning 512 in layer 2
2024-10-12 17:06:56,168 Gathering metrics
2024-10-12 17:07:28,641 {'acc1': 0.7611386138613861, 'acc5': 0.9214108910891089, 'loss': 110.2214301303029, 'macs': 12433231848, 'params': 249884648, 'model_size': 953.2342834472656, 'inference_time': 0}
2024-10-12 17:07:28,672 Pruning 256 in layer 1
2024-10-12 17:07:28,673 Gathering metrics
2024-10-12 17:08:01,040 {'acc1': 0.7623762376237624, 'acc5': 0.9198638613861386, 'loss': 111.32066173106432, 'macs': 12433231848, 'params': 249884648, 'model_size': 953.2342834472656, 'inference_time': 0}
2024-10-12 17:08:01,169 Pruning 256 in layer 0
2024-10-12 17:08:01,171 Gathering metrics
2024-10-12 17:08:33,466 {'acc1': 0.6401608910891089, 'acc5': 0.806930693069307, 'loss': 195.50875502824783, 'macs': 12433231848, 'params': 249884648, 'model_size': 953.2342834472656, 'inference_time': 0}
2024-10-12 17:08:33,482 Experiment finished
