2024-10-13 04:36:54,882 Starting experiment outputs/adaptive/vit_h_14/proj550
2024-10-13 04:36:54,882 Loading the original model
2024-10-13 04:36:57,626 Gathering metrics of the original model
2024-10-13 04:39:17,624 {'acc1': 0.9634615384615385, 'acc5': 0.9951923076923077, 'loss': 10.94629063270986, 'macs': 863467906280, 'params': 633470440, 'model_size': 2416.4979553222656, 'inference_time': 0}
2024-10-13 04:39:17,657 Pruning 512 in layer 31
2024-10-13 04:39:29,483 Gathering metrics
2024-10-13 04:41:48,763 {'acc1': 0.9634615384615385, 'acc5': 0.9961538461538462, 'loss': 11.207551211118698, 'macs': 861671518440, 'params': 632159208, 'model_size': 2411.4960021972656, 'inference_time': 0}
2024-10-13 04:41:48,800 Pruning 1024 in layer 31
2024-10-13 04:41:58,324 Gathering metrics
2024-10-13 04:44:17,719 {'acc1': 0.9634615384615385, 'acc5': 0.9961538461538462, 'loss': 11.362892525270581, 'macs': 859875130600, 'params': 630847976, 'model_size': 2406.4940490722656, 'inference_time': 0}
2024-10-13 04:44:17,752 Pruning 1536 in layer 31
2024-10-13 04:44:25,153 Gathering metrics
2024-10-13 04:46:44,171 {'acc1': 0.9625, 'acc5': 0.9951923076923077, 'loss': 11.395752062089741, 'macs': 858078742760, 'params': 629536744, 'model_size': 2401.4920959472656, 'inference_time': 0}
2024-10-13 04:46:44,203 Pruning 2048 in layer 31
2024-10-13 04:46:49,898 Gathering metrics
2024-10-13 04:49:08,852 {'acc1': 0.9625, 'acc5': 0.9951923076923077, 'loss': 11.691599820740521, 'macs': 856282354920, 'params': 628225512, 'model_size': 2396.4901428222656, 'inference_time': 0}
2024-10-13 04:49:08,884 Pruning 2560 in layer 31
2024-10-13 04:49:13,234 Gathering metrics
2024-10-13 04:51:31,955 {'acc1': 0.9625, 'acc5': 0.9942307692307693, 'loss': 11.919356140308082, 'macs': 854485967080, 'params': 626914280, 'model_size': 2391.4881896972656, 'inference_time': 0}
2024-10-13 04:51:31,988 Pruning 3072 in layer 31
2024-10-13 04:51:35,332 Gathering metrics
2024-10-13 04:53:53,727 {'acc1': 0.9644230769230769, 'acc5': 0.9942307692307693, 'loss': 12.111826362088323, 'macs': 852689579240, 'params': 625603048, 'model_size': 2386.4862365722656, 'inference_time': 0}
2024-10-13 04:53:53,760 Pruning 3584 in layer 31
2024-10-13 04:53:56,178 Gathering metrics
2024-10-13 04:56:14,311 {'acc1': 0.9615384615384616, 'acc5': 0.9942307692307693, 'loss': 13.233099300414324, 'macs': 850893191400, 'params': 624291816, 'model_size': 2381.4842834472656, 'inference_time': 0}
2024-10-13 04:56:14,344 Pruning 4096 in layer 31
2024-10-13 04:56:16,145 Gathering metrics
2024-10-13 04:58:34,124 {'acc1': 0.9596153846153846, 'acc5': 0.9951923076923077, 'loss': 14.374576471745968, 'macs': 849096803560, 'params': 622980584, 'model_size': 2376.4823303222656, 'inference_time': 0}
2024-10-13 04:58:34,241 Pruning 512 in layer 30
2024-10-13 04:58:46,060 Gathering metrics
2024-10-13 05:01:04,056 {'acc1': 0.9586538461538462, 'acc5': 0.9942307692307693, 'loss': 14.95560884103179, 'macs': 849096803560, 'params': 622980584, 'model_size': 2376.4823303222656, 'inference_time': 0}
2024-10-13 05:01:04,089 Pruning 1024 in layer 30
2024-10-13 05:01:13,607 Gathering metrics
2024-10-13 05:03:31,304 {'acc1': 0.9596153846153846, 'acc5': 0.9942307692307693, 'loss': 14.791120652109385, 'macs': 847300415720, 'params': 621669352, 'model_size': 2371.4803771972656, 'inference_time': 0}
2024-10-13 05:03:31,337 Pruning 1536 in layer 30
2024-10-13 05:03:38,709 Gathering metrics
2024-10-13 05:05:56,212 {'acc1': 0.9576923076923077, 'acc5': 0.9932692307692308, 'loss': 15.446176994591951, 'macs': 845504027880, 'params': 620358120, 'model_size': 2366.4784240722656, 'inference_time': 0}
2024-10-13 05:05:56,245 Pruning 512 in layer 29
2024-10-13 05:06:08,117 Gathering metrics
2024-10-13 05:08:25,555 {'acc1': 0.9576923076923077, 'acc5': 0.9932692307692308, 'loss': 16.014254570007324, 'macs': 845504027880, 'params': 620358120, 'model_size': 2366.4784240722656, 'inference_time': 0}
2024-10-13 05:08:25,588 Pruning 1024 in layer 29
2024-10-13 05:08:35,073 Gathering metrics
2024-10-13 05:10:52,306 {'acc1': 0.9557692307692308, 'acc5': 0.9942307692307693, 'loss': 18.827553410083055, 'macs': 843707640040, 'params': 619046888, 'model_size': 2361.4764709472656, 'inference_time': 0}
2024-10-13 05:10:52,339 Pruning 512 in layer 28
2024-10-13 05:11:04,187 Gathering metrics
2024-10-13 05:13:21,444 {'acc1': 0.9586538461538462, 'acc5': 0.9932692307692308, 'loss': 15.80318446829915, 'macs': 843707640040, 'params': 619046888, 'model_size': 2361.4764709472656, 'inference_time': 0}
2024-10-13 05:13:21,477 Pruning 1024 in layer 28
2024-10-13 05:13:30,988 Gathering metrics
2024-10-13 05:15:48,151 {'acc1': 0.9596153846153846, 'acc5': 0.9932692307692308, 'loss': 15.085028631612659, 'macs': 841911252200, 'params': 617735656, 'model_size': 2356.4745178222656, 'inference_time': 0}
2024-10-13 05:15:48,185 Pruning 1536 in layer 28
2024-10-13 05:15:55,485 Gathering metrics
2024-10-13 05:18:12,331 {'acc1': 0.9557692307692308, 'acc5': 0.9932692307692308, 'loss': 15.611886482685804, 'macs': 840114864360, 'params': 616424424, 'model_size': 2351.4725646972656, 'inference_time': 0}
2024-10-13 05:18:12,368 Pruning 2048 in layer 28
2024-10-13 05:18:18,217 Gathering metrics
2024-10-13 05:20:34,740 {'acc1': 0.9567307692307693, 'acc5': 0.9932692307692308, 'loss': 15.885083945468068, 'macs': 838318476520, 'params': 615113192, 'model_size': 2346.4706115722656, 'inference_time': 0}
2024-10-13 05:20:34,774 Pruning 2560 in layer 28
2024-10-13 05:20:39,132 Gathering metrics
2024-10-13 05:22:55,639 {'acc1': 0.95, 'acc5': 0.9942307692307693, 'loss': 17.136982288211584, 'macs': 836522088680, 'params': 613801960, 'model_size': 2341.4686584472656, 'inference_time': 0}
2024-10-13 05:22:55,756 Pruning 512 in layer 27
2024-10-13 05:23:07,557 Gathering metrics
2024-10-13 05:25:24,000 {'acc1': 0.9567307692307693, 'acc5': 0.9951923076923077, 'loss': 16.85899894312024, 'macs': 836522088680, 'params': 613801960, 'model_size': 2341.4686584472656, 'inference_time': 0}
2024-10-13 05:25:24,033 Pruning 1024 in layer 27
2024-10-13 05:25:33,540 Gathering metrics
2024-10-13 05:27:49,824 {'acc1': 0.9567307692307693, 'acc5': 0.9951923076923077, 'loss': 18.43743559345603, 'macs': 834725700840, 'params': 612490728, 'model_size': 2336.4667053222656, 'inference_time': 0}
2024-10-13 05:27:49,858 Pruning 1536 in layer 27
2024-10-13 05:27:57,244 Gathering metrics
2024-10-13 05:30:13,202 {'acc1': 0.9528846153846153, 'acc5': 0.9951923076923077, 'loss': 19.986111633479595, 'macs': 832929313000, 'params': 611179496, 'model_size': 2331.4647521972656, 'inference_time': 0}
2024-10-13 05:30:13,236 Pruning 512 in layer 26
2024-10-13 05:30:25,115 Gathering metrics
2024-10-13 05:32:41,118 {'acc1': 0.9596153846153846, 'acc5': 0.9951923076923077, 'loss': 18.841863930225372, 'macs': 832929313000, 'params': 611179496, 'model_size': 2331.4647521972656, 'inference_time': 0}
2024-10-13 05:32:41,152 Pruning 1024 in layer 26
2024-10-13 05:32:50,671 Gathering metrics
2024-10-13 05:35:06,403 {'acc1': 0.9557692307692308, 'acc5': 0.9951923076923077, 'loss': 20.29751594364643, 'macs': 831132925160, 'params': 609868264, 'model_size': 2326.4627990722656, 'inference_time': 0}
2024-10-13 05:35:06,437 Pruning 1536 in layer 26
2024-10-13 05:35:13,838 Gathering metrics
2024-10-13 05:37:29,450 {'acc1': 0.9528846153846153, 'acc5': 0.9932692307692308, 'loss': 21.80739228054881, 'macs': 829336537320, 'params': 608557032, 'model_size': 2321.4608459472656, 'inference_time': 0}
2024-10-13 05:37:29,483 Pruning 512 in layer 25
2024-10-13 05:37:41,368 Gathering metrics
2024-10-13 05:39:56,950 {'acc1': 0.9586538461538462, 'acc5': 0.9932692307692308, 'loss': 22.823195405304432, 'macs': 829336537320, 'params': 608557032, 'model_size': 2321.4608459472656, 'inference_time': 0}
2024-10-13 05:39:56,983 Pruning 1024 in layer 25
2024-10-13 05:40:06,476 Gathering metrics
2024-10-13 05:42:21,919 {'acc1': 0.9567307692307693, 'acc5': 0.9942307692307693, 'loss': 25.169152043759823, 'macs': 827540149480, 'params': 607245800, 'model_size': 2316.4588928222656, 'inference_time': 0}
2024-10-13 05:42:21,952 Pruning 1536 in layer 25
2024-10-13 05:42:29,321 Gathering metrics
2024-10-13 05:44:44,496 {'acc1': 0.9557692307692308, 'acc5': 0.9961538461538462, 'loss': 25.63311829045415, 'macs': 825743761640, 'params': 605934568, 'model_size': 2311.4569396972656, 'inference_time': 0}
2024-10-13 05:44:44,614 Pruning 2048 in layer 25
2024-10-13 05:44:50,228 Gathering metrics
2024-10-13 05:47:04,979 {'acc1': 0.9442307692307692, 'acc5': 0.9951923076923077, 'loss': 36.58268551528454, 'macs': 823947373800, 'params': 604623336, 'model_size': 2306.4549865722656, 'inference_time': 0}
2024-10-13 05:47:05,012 Pruning 512 in layer 24
2024-10-13 05:47:16,861 Gathering metrics
2024-10-13 05:49:31,650 {'acc1': 0.9576923076923077, 'acc5': 0.9942307692307693, 'loss': 26.578480064868927, 'macs': 823947373800, 'params': 604623336, 'model_size': 2306.4549865722656, 'inference_time': 0}
2024-10-13 05:49:31,683 Pruning 1024 in layer 24
2024-10-13 05:49:41,180 Gathering metrics
2024-10-13 05:51:55,728 {'acc1': 0.9557692307692308, 'acc5': 0.9961538461538462, 'loss': 28.515053249895573, 'macs': 822150985960, 'params': 603312104, 'model_size': 2301.4530334472656, 'inference_time': 0}
2024-10-13 05:51:55,762 Pruning 1536 in layer 24
2024-10-13 05:52:03,127 Gathering metrics
2024-10-13 05:54:17,494 {'acc1': 0.9528846153846153, 'acc5': 0.9932692307692308, 'loss': 29.135627813637257, 'macs': 820354598120, 'params': 602000872, 'model_size': 2296.4510803222656, 'inference_time': 0}
2024-10-13 05:54:17,528 Pruning 2048 in layer 24
2024-10-13 05:54:23,199 Gathering metrics
2024-10-13 05:56:37,415 {'acc1': 0.95, 'acc5': 0.9923076923076923, 'loss': 30.239260889589787, 'macs': 818558210280, 'params': 600689640, 'model_size': 2291.4491271972656, 'inference_time': 0}
2024-10-13 05:56:37,448 Pruning 512 in layer 23
2024-10-13 05:56:49,328 Gathering metrics
2024-10-13 05:59:03,524 {'acc1': 0.9471153846153846, 'acc5': 0.9932692307692308, 'loss': 31.231214120984077, 'macs': 818558210280, 'params': 600689640, 'model_size': 2291.4491271972656, 'inference_time': 0}
2024-10-13 05:59:03,557 Pruning 512 in layer 22
2024-10-13 05:59:15,434 Gathering metrics
2024-10-13 06:01:29,689 {'acc1': 0.948076923076923, 'acc5': 0.9923076923076923, 'loss': 30.587589643895626, 'macs': 818558210280, 'params': 600689640, 'model_size': 2291.4491271972656, 'inference_time': 0}
2024-10-13 06:01:29,722 Pruning 512 in layer 21
2024-10-13 06:01:41,591 Gathering metrics
2024-10-13 06:03:55,721 {'acc1': 0.9519230769230769, 'acc5': 0.9932692307692308, 'loss': 29.52359952032566, 'macs': 818558210280, 'params': 600689640, 'model_size': 2291.4491271972656, 'inference_time': 0}
2024-10-13 06:03:55,754 Pruning 1024 in layer 21
2024-10-13 06:04:05,264 Gathering metrics
2024-10-13 06:06:19,180 {'acc1': 0.9538461538461539, 'acc5': 0.9932692307692308, 'loss': 29.407090686261654, 'macs': 816761822440, 'params': 599378408, 'model_size': 2286.4471740722656, 'inference_time': 0}
2024-10-13 06:06:19,299 Pruning 1536 in layer 21
2024-10-13 06:06:26,613 Gathering metrics
2024-10-13 06:08:40,404 {'acc1': 0.95, 'acc5': 0.9923076923076923, 'loss': 29.88052961975336, 'macs': 814965434600, 'params': 598067176, 'model_size': 2281.4452209472656, 'inference_time': 0}
2024-10-13 06:08:40,437 Pruning 2048 in layer 21
2024-10-13 06:08:46,074 Gathering metrics
2024-10-13 06:10:59,720 {'acc1': 0.9509615384615384, 'acc5': 0.9923076923076923, 'loss': 29.400210067629814, 'macs': 813169046760, 'params': 596755944, 'model_size': 2276.4432678222656, 'inference_time': 0}
2024-10-13 06:10:59,753 Pruning 2560 in layer 21
2024-10-13 06:11:04,096 Gathering metrics
2024-10-13 06:13:17,492 {'acc1': 0.95, 'acc5': 0.9923076923076923, 'loss': 29.784439846873283, 'macs': 811372658920, 'params': 595444712, 'model_size': 2271.4413146972656, 'inference_time': 0}
2024-10-13 06:13:17,526 Pruning 3072 in layer 21
2024-10-13 06:13:20,858 Gathering metrics
2024-10-13 06:15:34,113 {'acc1': 0.9442307692307692, 'acc5': 0.9923076923076923, 'loss': 30.41233242303133, 'macs': 809576271080, 'params': 594133480, 'model_size': 2266.4393615722656, 'inference_time': 0}
2024-10-13 06:15:34,146 Pruning 512 in layer 20
2024-10-13 06:15:45,999 Gathering metrics
2024-10-13 06:17:59,086 {'acc1': 0.9490384615384615, 'acc5': 0.9923076923076923, 'loss': 28.516485758125782, 'macs': 809576271080, 'params': 594133480, 'model_size': 2266.4393615722656, 'inference_time': 0}
2024-10-13 06:17:59,120 Pruning 1024 in layer 20
2024-10-13 06:18:08,642 Gathering metrics
2024-10-13 06:20:21,579 {'acc1': 0.95, 'acc5': 0.9932692307692308, 'loss': 27.699548058211803, 'macs': 807779883240, 'params': 592822248, 'model_size': 2261.4374084472656, 'inference_time': 0}
2024-10-13 06:20:21,613 Pruning 1536 in layer 20
2024-10-13 06:20:29,010 Gathering metrics
2024-10-13 06:22:41,838 {'acc1': 0.95, 'acc5': 0.9932692307692308, 'loss': 26.6006928011775, 'macs': 805983495400, 'params': 591511016, 'model_size': 2256.4354553222656, 'inference_time': 0}
2024-10-13 06:22:41,872 Pruning 2048 in layer 20
2024-10-13 06:22:47,530 Gathering metrics
2024-10-13 06:25:00,097 {'acc1': 0.9490384615384615, 'acc5': 0.9951923076923077, 'loss': 26.344117552042007, 'macs': 804187107560, 'params': 590199784, 'model_size': 2251.4335021972656, 'inference_time': 0}
2024-10-13 06:25:00,131 Pruning 2560 in layer 20
2024-10-13 06:25:04,459 Gathering metrics
2024-10-13 06:27:16,835 {'acc1': 0.948076923076923, 'acc5': 0.9942307692307693, 'loss': 24.958185240626335, 'macs': 802390719720, 'params': 588888552, 'model_size': 2246.4315490722656, 'inference_time': 0}
2024-10-13 06:27:16,869 Pruning 3072 in layer 20
2024-10-13 06:27:20,183 Gathering metrics
2024-10-13 06:29:32,340 {'acc1': 0.9509615384615384, 'acc5': 0.9932692307692308, 'loss': 23.21538918837905, 'macs': 800594331880, 'params': 587577320, 'model_size': 2241.4295959472656, 'inference_time': 0}
2024-10-13 06:29:32,461 Pruning 3584 in layer 20
2024-10-13 06:29:34,818 Gathering metrics
2024-10-13 06:31:46,690 {'acc1': 0.948076923076923, 'acc5': 0.9942307692307693, 'loss': 22.732156101614237, 'macs': 798797944040, 'params': 586266088, 'model_size': 2236.4276428222656, 'inference_time': 0}
2024-10-13 06:31:46,724 Pruning 4096 in layer 20
2024-10-13 06:31:48,498 Gathering metrics
2024-10-13 06:34:00,278 {'acc1': 0.9461538461538461, 'acc5': 0.9942307692307693, 'loss': 22.449221413582563, 'macs': 797001556200, 'params': 584954856, 'model_size': 2231.4256896972656, 'inference_time': 0}
2024-10-13 06:34:00,312 Pruning 512 in layer 19
2024-10-13 06:34:12,194 Gathering metrics
2024-10-13 06:36:23,864 {'acc1': 0.9490384615384615, 'acc5': 0.9942307692307693, 'loss': 22.79582978785038, 'macs': 797001556200, 'params': 584954856, 'model_size': 2231.4256896972656, 'inference_time': 0}
2024-10-13 06:36:23,898 Pruning 1024 in layer 19
2024-10-13 06:36:33,421 Gathering metrics
2024-10-13 06:38:44,793 {'acc1': 0.948076923076923, 'acc5': 0.9932692307692308, 'loss': 21.69940860942006, 'macs': 795205168360, 'params': 583643624, 'model_size': 2226.4237365722656, 'inference_time': 0}
2024-10-13 06:38:44,827 Pruning 1536 in layer 19
2024-10-13 06:38:52,206 Gathering metrics
2024-10-13 06:41:03,360 {'acc1': 0.9471153846153846, 'acc5': 0.9942307692307693, 'loss': 21.912646804004908, 'macs': 793408780520, 'params': 582332392, 'model_size': 2221.4217834472656, 'inference_time': 0}
2024-10-13 06:41:03,394 Pruning 2048 in layer 19
2024-10-13 06:41:09,050 Gathering metrics
2024-10-13 06:43:20,052 {'acc1': 0.95, 'acc5': 0.9942307692307693, 'loss': 21.856894962489605, 'macs': 791612392680, 'params': 581021160, 'model_size': 2216.4198303222656, 'inference_time': 0}
2024-10-13 06:43:20,085 Pruning 2560 in layer 19
2024-10-13 06:43:24,400 Gathering metrics
2024-10-13 06:45:35,197 {'acc1': 0.948076923076923, 'acc5': 0.9942307692307693, 'loss': 21.64883580431342, 'macs': 789816004840, 'params': 579709928, 'model_size': 2211.4178771972656, 'inference_time': 0}
2024-10-13 06:45:35,230 Pruning 3072 in layer 19
2024-10-13 06:45:38,542 Gathering metrics
2024-10-13 06:47:49,161 {'acc1': 0.95, 'acc5': 0.9942307692307693, 'loss': 21.418469108641148, 'macs': 788019617000, 'params': 578398696, 'model_size': 2206.4159240722656, 'inference_time': 0}
2024-10-13 06:47:49,195 Pruning 3584 in layer 19
2024-10-13 06:47:51,598 Gathering metrics
2024-10-13 06:50:01,976 {'acc1': 0.9471153846153846, 'acc5': 0.9942307692307693, 'loss': 21.890140045434237, 'macs': 786223229160, 'params': 577087464, 'model_size': 2201.4139709472656, 'inference_time': 0}
2024-10-13 06:50:02,010 Pruning 4096 in layer 19
2024-10-13 06:50:03,777 Gathering metrics
2024-10-13 06:52:13,980 {'acc1': 0.9461538461538461, 'acc5': 0.9913461538461539, 'loss': 21.73009815067053, 'macs': 784426841320, 'params': 575776232, 'model_size': 2196.4120178222656, 'inference_time': 0}
2024-10-13 06:52:14,101 Pruning 4608 in layer 19
2024-10-13 06:52:15,369 Gathering metrics
2024-10-13 06:54:25,261 {'acc1': 0.9471153846153846, 'acc5': 0.9903846153846154, 'loss': 22.76528463512659, 'macs': 782630453480, 'params': 574465000, 'model_size': 2191.4100646972656, 'inference_time': 0}
2024-10-13 06:54:25,294 Pruning 512 in layer 18
2024-10-13 06:54:37,150 Gathering metrics
2024-10-13 06:56:47,261 {'acc1': 0.9451923076923077, 'acc5': 0.9923076923076923, 'loss': 21.448202658444643, 'macs': 782630453480, 'params': 574465000, 'model_size': 2191.4100646972656, 'inference_time': 0}
2024-10-13 06:56:47,295 Pruning 1024 in layer 18
2024-10-13 06:56:56,799 Gathering metrics
2024-10-13 06:59:06,539 {'acc1': 0.9451923076923077, 'acc5': 0.9923076923076923, 'loss': 21.48979891091585, 'macs': 780834065640, 'params': 573153768, 'model_size': 2186.4081115722656, 'inference_time': 0}
2024-10-13 06:59:06,572 Pruning 1536 in layer 18
2024-10-13 06:59:13,940 Gathering metrics
2024-10-13 07:01:23,442 {'acc1': 0.9451923076923077, 'acc5': 0.9923076923076923, 'loss': 21.492795715108514, 'macs': 779037677800, 'params': 571842536, 'model_size': 2181.4061584472656, 'inference_time': 0}
2024-10-13 07:01:23,476 Pruning 2048 in layer 18
2024-10-13 07:01:29,145 Gathering metrics
2024-10-13 07:03:38,647 {'acc1': 0.948076923076923, 'acc5': 0.9932692307692308, 'loss': 21.65796283259988, 'macs': 777241289960, 'params': 570531304, 'model_size': 2176.4042053222656, 'inference_time': 0}
2024-10-13 07:03:38,680 Pruning 2560 in layer 18
2024-10-13 07:03:43,004 Gathering metrics
2024-10-13 07:05:52,076 {'acc1': 0.9461538461538461, 'acc5': 0.9923076923076923, 'loss': 23.459528863430023, 'macs': 775444902120, 'params': 569220072, 'model_size': 2171.4022521972656, 'inference_time': 0}
2024-10-13 07:05:52,110 Pruning 3072 in layer 18
2024-10-13 07:05:55,407 Gathering metrics
2024-10-13 07:08:04,232 {'acc1': 0.9490384615384615, 'acc5': 0.9932692307692308, 'loss': 23.381895683705807, 'macs': 773648514280, 'params': 567908840, 'model_size': 2166.4002990722656, 'inference_time': 0}
2024-10-13 07:08:04,266 Pruning 3584 in layer 18
2024-10-13 07:08:06,653 Gathering metrics
2024-10-13 07:10:15,476 {'acc1': 0.9461538461538461, 'acc5': 0.9923076923076923, 'loss': 25.776038460433483, 'macs': 771852126440, 'params': 566597608, 'model_size': 2161.3983459472656, 'inference_time': 0}
2024-10-13 07:10:15,510 Pruning 4096 in layer 18
2024-10-13 07:10:17,270 Gathering metrics
2024-10-13 07:12:25,796 {'acc1': 0.9432692307692307, 'acc5': 0.9932692307692308, 'loss': 25.667939215898514, 'macs': 770055738600, 'params': 565286376, 'model_size': 2156.3963928222656, 'inference_time': 0}
2024-10-13 07:12:25,830 Pruning 4608 in layer 18
2024-10-13 07:12:27,121 Gathering metrics
2024-10-13 07:14:35,466 {'acc1': 0.9317307692307693, 'acc5': 0.9913461538461539, 'loss': 27.143668342381716, 'macs': 768259350760, 'params': 563975144, 'model_size': 2151.3944396972656, 'inference_time': 0}
2024-10-13 07:14:35,585 Pruning 512 in layer 17
2024-10-13 07:14:47,428 Gathering metrics
2024-10-13 07:16:55,743 {'acc1': 0.9451923076923077, 'acc5': 0.9951923076923077, 'loss': 23.775074124336243, 'macs': 768259350760, 'params': 563975144, 'model_size': 2151.3944396972656, 'inference_time': 0}
2024-10-13 07:16:55,777 Pruning 1024 in layer 17
2024-10-13 07:17:05,303 Gathering metrics
2024-10-13 07:19:13,304 {'acc1': 0.9461538461538461, 'acc5': 0.9932692307692308, 'loss': 23.021476298570633, 'macs': 766462962920, 'params': 562663912, 'model_size': 2146.3924865722656, 'inference_time': 0}
2024-10-13 07:19:13,338 Pruning 1536 in layer 17
2024-10-13 07:19:20,720 Gathering metrics
2024-10-13 07:21:28,534 {'acc1': 0.948076923076923, 'acc5': 0.9932692307692308, 'loss': 22.79493236169219, 'macs': 764666575080, 'params': 561352680, 'model_size': 2141.3905334472656, 'inference_time': 0}
2024-10-13 07:21:28,568 Pruning 2048 in layer 17
2024-10-13 07:21:34,219 Gathering metrics
2024-10-13 07:23:41,912 {'acc1': 0.948076923076923, 'acc5': 0.9932692307692308, 'loss': 24.0951393134892, 'macs': 762870187240, 'params': 560041448, 'model_size': 2136.3885803222656, 'inference_time': 0}
2024-10-13 07:23:41,947 Pruning 2560 in layer 17
2024-10-13 07:23:46,293 Gathering metrics
2024-10-13 07:25:53,740 {'acc1': 0.9471153846153846, 'acc5': 0.9923076923076923, 'loss': 24.539776612073183, 'macs': 761073799400, 'params': 558730216, 'model_size': 2131.3866271972656, 'inference_time': 0}
2024-10-13 07:25:53,773 Pruning 3072 in layer 17
2024-10-13 07:25:57,090 Gathering metrics
2024-10-13 07:28:04,242 {'acc1': 0.9490384615384615, 'acc5': 0.9923076923076923, 'loss': 24.82504130899906, 'macs': 759277411560, 'params': 557418984, 'model_size': 2126.3846740722656, 'inference_time': 0}
2024-10-13 07:28:04,276 Pruning 3584 in layer 17
2024-10-13 07:28:06,667 Gathering metrics
2024-10-13 07:30:13,571 {'acc1': 0.9461538461538461, 'acc5': 0.9923076923076923, 'loss': 24.484272986650467, 'macs': 757481023720, 'params': 556107752, 'model_size': 2121.3827209472656, 'inference_time': 0}
2024-10-13 07:30:13,604 Pruning 4096 in layer 17
2024-10-13 07:30:15,358 Gathering metrics
2024-10-13 07:32:22,215 {'acc1': 0.9451923076923077, 'acc5': 0.9913461538461539, 'loss': 25.267310332506895, 'macs': 755684635880, 'params': 554796520, 'model_size': 2116.3807678222656, 'inference_time': 0}
2024-10-13 07:32:22,252 Pruning 4608 in layer 17
2024-10-13 07:32:23,789 Gathering metrics
2024-10-13 07:34:30,440 {'acc1': 0.9413461538461538, 'acc5': 0.9913461538461539, 'loss': 29.183711778372526, 'macs': 753888248040, 'params': 553485288, 'model_size': 2111.3788146972656, 'inference_time': 0}
2024-10-13 07:34:30,474 Pruning 512 in layer 16
2024-10-13 07:34:42,314 Gathering metrics
2024-10-13 07:36:48,769 {'acc1': 0.9451923076923077, 'acc5': 0.9913461538461539, 'loss': 24.736938413232565, 'macs': 753888248040, 'params': 553485288, 'model_size': 2111.3788146972656, 'inference_time': 0}
2024-10-13 07:36:48,890 Pruning 1024 in layer 16
2024-10-13 07:36:58,313 Gathering metrics
2024-10-13 07:39:04,787 {'acc1': 0.9403846153846154, 'acc5': 0.9903846153846154, 'loss': 25.513074539601803, 'macs': 752091860200, 'params': 552174056, 'model_size': 2106.3768615722656, 'inference_time': 0}
2024-10-13 07:39:04,821 Pruning 512 in layer 15
2024-10-13 07:39:16,675 Gathering metrics
2024-10-13 07:41:23,116 {'acc1': 0.9394230769230769, 'acc5': 0.9913461538461539, 'loss': 24.51514216698706, 'macs': 752091860200, 'params': 552174056, 'model_size': 2106.3768615722656, 'inference_time': 0}
2024-10-13 07:41:23,150 Pruning 512 in layer 14
2024-10-13 07:41:34,993 Gathering metrics
2024-10-13 07:43:41,369 {'acc1': 0.9442307692307692, 'acc5': 0.9913461538461539, 'loss': 26.316361278295517, 'macs': 752091860200, 'params': 552174056, 'model_size': 2106.3768615722656, 'inference_time': 0}
2024-10-13 07:43:41,403 Pruning 1024 in layer 14
2024-10-13 07:43:50,910 Gathering metrics
2024-10-13 07:45:57,021 {'acc1': 0.9461538461538461, 'acc5': 0.9913461538461539, 'loss': 26.37824321165681, 'macs': 750295472360, 'params': 550862824, 'model_size': 2101.3749084472656, 'inference_time': 0}
2024-10-13 07:45:57,055 Pruning 1536 in layer 14
2024-10-13 07:46:04,420 Gathering metrics
2024-10-13 07:48:10,317 {'acc1': 0.9461538461538461, 'acc5': 0.9923076923076923, 'loss': 25.994332939386368, 'macs': 748499084520, 'params': 549551592, 'model_size': 2096.3729553222656, 'inference_time': 0}
2024-10-13 07:48:10,351 Pruning 2048 in layer 14
2024-10-13 07:48:16,000 Gathering metrics
2024-10-13 07:50:21,543 {'acc1': 0.9442307692307692, 'acc5': 0.989423076923077, 'loss': 26.6099264472723, 'macs': 746702696680, 'params': 548240360, 'model_size': 2091.3710021972656, 'inference_time': 0}
2024-10-13 07:50:21,577 Pruning 2560 in layer 14
2024-10-13 07:50:25,902 Gathering metrics
2024-10-13 07:52:31,473 {'acc1': 0.9384615384615385, 'acc5': 0.9884615384615385, 'loss': 27.29848724231124, 'macs': 744906308840, 'params': 546929128, 'model_size': 2086.3690490722656, 'inference_time': 0}
2024-10-13 07:52:31,507 Pruning 512 in layer 13
2024-10-13 07:52:43,387 Gathering metrics
2024-10-13 07:54:48,719 {'acc1': 0.9346153846153846, 'acc5': 0.9903846153846154, 'loss': 27.92761465907097, 'macs': 744906308840, 'params': 546929128, 'model_size': 2086.3690490722656, 'inference_time': 0}
2024-10-13 07:54:48,753 Pruning 512 in layer 12
2024-10-13 07:55:00,597 Gathering metrics
2024-10-13 07:57:06,110 {'acc1': 0.9317307692307693, 'acc5': 0.9884615384615385, 'loss': 28.40064350515604, 'macs': 744906308840, 'params': 546929128, 'model_size': 2086.3690490722656, 'inference_time': 0}
2024-10-13 07:57:06,229 Pruning 512 in layer 11
2024-10-13 07:57:18,047 Gathering metrics
2024-10-13 07:59:23,542 {'acc1': 0.9365384615384615, 'acc5': 0.989423076923077, 'loss': 27.858873166143894, 'macs': 744906308840, 'params': 546929128, 'model_size': 2086.3690490722656, 'inference_time': 0}
2024-10-13 07:59:23,575 Pruning 512 in layer 10
2024-10-13 07:59:35,451 Gathering metrics
2024-10-13 08:01:40,868 {'acc1': 0.9432692307692307, 'acc5': 0.989423076923077, 'loss': 27.043877866119146, 'macs': 744906308840, 'params': 546929128, 'model_size': 2086.3690490722656, 'inference_time': 0}
2024-10-13 08:01:40,902 Pruning 1024 in layer 10
2024-10-13 08:01:50,401 Gathering metrics
2024-10-13 08:03:55,567 {'acc1': 0.9413461538461538, 'acc5': 0.989423076923077, 'loss': 27.529547780752182, 'macs': 743109921000, 'params': 545617896, 'model_size': 2081.3670959472656, 'inference_time': 0}
2024-10-13 08:03:55,601 Pruning 1536 in layer 10
2024-10-13 08:04:02,967 Gathering metrics
2024-10-13 08:06:07,964 {'acc1': 0.9278846153846154, 'acc5': 0.9903846153846154, 'loss': 28.037748854607344, 'macs': 741313533160, 'params': 544306664, 'model_size': 2076.3651428222656, 'inference_time': 0}
2024-10-13 08:06:07,998 Pruning 512 in layer 9
2024-10-13 08:06:19,856 Gathering metrics
2024-10-13 08:08:24,986 {'acc1': 0.9307692307692308, 'acc5': 0.9903846153846154, 'loss': 27.240996696054935, 'macs': 741313533160, 'params': 544306664, 'model_size': 2076.3651428222656, 'inference_time': 0}
2024-10-13 08:08:25,020 Pruning 512 in layer 8
2024-10-13 08:08:36,924 Gathering metrics
2024-10-13 08:10:42,119 {'acc1': 0.9403846153846154, 'acc5': 0.9884615384615385, 'loss': 27.95466997101903, 'macs': 741313533160, 'params': 544306664, 'model_size': 2076.3651428222656, 'inference_time': 0}
2024-10-13 08:10:42,153 Pruning 1024 in layer 8
2024-10-13 08:10:51,673 Gathering metrics
2024-10-13 08:12:56,502 {'acc1': 0.9355769230769231, 'acc5': 0.9884615384615385, 'loss': 28.182521261274815, 'macs': 739517145320, 'params': 542995432, 'model_size': 2071.3631896972656, 'inference_time': 0}
2024-10-13 08:12:56,536 Pruning 512 in layer 7
2024-10-13 08:13:08,425 Gathering metrics
2024-10-13 08:15:13,321 {'acc1': 0.9365384615384615, 'acc5': 0.989423076923077, 'loss': 27.237706243991852, 'macs': 739517145320, 'params': 542995432, 'model_size': 2071.3631896972656, 'inference_time': 0}
2024-10-13 08:15:13,440 Pruning 512 in layer 6
2024-10-13 08:15:25,260 Gathering metrics
2024-10-13 08:17:30,059 {'acc1': 0.9365384615384615, 'acc5': 0.989423076923077, 'loss': 28.96609214320779, 'macs': 739517145320, 'params': 542995432, 'model_size': 2071.3631896972656, 'inference_time': 0}
2024-10-13 08:17:30,093 Pruning 512 in layer 5
2024-10-13 08:17:41,976 Gathering metrics
2024-10-13 08:19:46,857 {'acc1': 0.9346153846153846, 'acc5': 0.989423076923077, 'loss': 28.090116575360298, 'macs': 739517145320, 'params': 542995432, 'model_size': 2071.3631896972656, 'inference_time': 0}
2024-10-13 08:19:46,891 Pruning 512 in layer 4
2024-10-13 08:19:58,753 Gathering metrics
2024-10-13 08:22:03,499 {'acc1': 0.9403846153846154, 'acc5': 0.989423076923077, 'loss': 28.81239366158843, 'macs': 739517145320, 'params': 542995432, 'model_size': 2071.3631896972656, 'inference_time': 0}
2024-10-13 08:22:03,533 Pruning 1024 in layer 4
2024-10-13 08:22:13,021 Gathering metrics
2024-10-13 08:24:17,789 {'acc1': 0.9355769230769231, 'acc5': 0.9884615384615385, 'loss': 29.27951267361641, 'macs': 737720757480, 'params': 541684200, 'model_size': 2066.3612365722656, 'inference_time': 0}
2024-10-13 08:24:17,823 Pruning 512 in layer 3
2024-10-13 08:24:29,693 Gathering metrics
2024-10-13 08:26:34,477 {'acc1': 0.9326923076923077, 'acc5': 0.9903846153846154, 'loss': 28.55578764528036, 'macs': 737720757480, 'params': 541684200, 'model_size': 2066.3612365722656, 'inference_time': 0}
2024-10-13 08:26:34,510 Pruning 512 in layer 2
2024-10-13 08:26:46,366 Gathering metrics
2024-10-13 08:28:51,000 {'acc1': 0.9375, 'acc5': 0.9903846153846154, 'loss': 30.411300271749496, 'macs': 737720757480, 'params': 541684200, 'model_size': 2066.3612365722656, 'inference_time': 0}
2024-10-13 08:28:51,034 Pruning 1024 in layer 2
2024-10-13 08:29:00,533 Gathering metrics
2024-10-13 08:31:04,866 {'acc1': 0.9346153846153846, 'acc5': 0.9903846153846154, 'loss': 32.89247214794159, 'macs': 735924369640, 'params': 540372968, 'model_size': 2061.3592834472656, 'inference_time': 0}
2024-10-13 08:31:04,899 Pruning 512 in layer 1
2024-10-13 08:31:16,769 Gathering metrics
2024-10-13 08:33:21,172 {'acc1': 0.9355769230769231, 'acc5': 0.9923076923076923, 'loss': 30.04238587245345, 'macs': 735924369640, 'params': 540372968, 'model_size': 2061.3592834472656, 'inference_time': 0}
2024-10-13 08:33:21,206 Pruning 1024 in layer 1
2024-10-13 08:33:30,715 Gathering metrics
2024-10-13 08:35:35,046 {'acc1': 0.9326923076923077, 'acc5': 0.9923076923076923, 'loss': 31.210137527436018, 'macs': 734127981800, 'params': 539061736, 'model_size': 2056.3573303222656, 'inference_time': 0}
2024-10-13 08:35:35,165 Pruning 512 in layer 0
2024-10-13 08:35:46,976 Gathering metrics
2024-10-13 08:37:51,124 {'acc1': 0.9365384615384615, 'acc5': 0.9903846153846154, 'loss': 29.84693344309926, 'macs': 734127981800, 'params': 539061736, 'model_size': 2056.3573303222656, 'inference_time': 0}
2024-10-13 08:37:51,158 Pruning 1024 in layer 0
2024-10-13 08:38:00,653 Gathering metrics
2024-10-13 08:40:04,708 {'acc1': 0.9365384615384615, 'acc5': 0.9903846153846154, 'loss': 30.015047803521156, 'macs': 732331593960, 'params': 537750504, 'model_size': 2051.3553771972656, 'inference_time': 0}
2024-10-13 08:40:04,742 Pruning 1536 in layer 0
2024-10-13 08:40:12,113 Gathering metrics
2024-10-13 08:42:16,032 {'acc1': 0.9317307692307693, 'acc5': 0.9903846153846154, 'loss': 30.098283033818007, 'macs': 730535206120, 'params': 536439272, 'model_size': 2046.3534240722656, 'inference_time': 0}
2024-10-13 08:42:16,050 Experiment finished
