2024-10-12 02:32:08,783 Starting experiment outputs/adaptive/vit_b_32/proj550
2024-10-12 02:32:08,783 Loading the original model
2024-10-12 02:32:09,214 Gathering metrics of the original model
2024-10-12 02:32:33,467 {'acc1': 0.8004331683168316, 'acc5': 0.943069306930693, 'loss': 90.91573594510555, 'macs': 4367292136, 'params': 88224232, 'model_size': 336.5487365722656, 'inference_time': 0}
2024-10-12 02:32:33,481 Pruning 128 in layer 11
2024-10-12 02:32:39,252 Gathering metrics
2024-10-12 02:33:02,838 {'acc1': 0.7933168316831684, 'acc5': 0.943069306930693, 'loss': 98.860556922853, 'macs': 4357455336, 'params': 88027496, 'model_size': 335.7982482910156, 'inference_time': 0}
2024-10-12 02:33:02,950 Pruning 128 in layer 10
2024-10-12 02:33:08,608 Gathering metrics
2024-10-12 02:33:32,295 {'acc1': 0.7979579207920792, 'acc5': 0.9418316831683168, 'loss': 93.0972702652216, 'macs': 4357455336, 'params': 88027496, 'model_size': 335.7982482910156, 'inference_time': 0}
2024-10-12 02:33:32,309 Pruning 256 in layer 10
2024-10-12 02:33:37,590 Gathering metrics
2024-10-12 02:34:01,276 {'acc1': 0.7976485148514851, 'acc5': 0.9418316831683168, 'loss': 96.65464229881763, 'macs': 4347618536, 'params': 87830760, 'model_size': 335.0477600097656, 'inference_time': 0}
2024-10-12 02:34:01,290 Pruning 384 in layer 10
2024-10-12 02:34:06,026 Gathering metrics
2024-10-12 02:34:30,411 {'acc1': 0.7951732673267327, 'acc5': 0.9393564356435643, 'loss': 100.06625792384148, 'macs': 4337781736, 'params': 87634024, 'model_size': 334.2972717285156, 'inference_time': 0}
2024-10-12 02:34:30,427 Pruning 512 in layer 10
2024-10-12 02:34:34,627 Gathering metrics
2024-10-12 02:34:58,177 {'acc1': 0.7930074257425742, 'acc5': 0.937190594059406, 'loss': 102.09503643214703, 'macs': 4327944936, 'params': 87437288, 'model_size': 333.5467834472656, 'inference_time': 0}
2024-10-12 02:34:58,193 Pruning 128 in layer 9
2024-10-12 02:35:03,877 Gathering metrics
2024-10-12 02:35:27,622 {'acc1': 0.7920792079207921, 'acc5': 0.9399752475247525, 'loss': 100.64306481182575, 'macs': 4327944936, 'params': 87437288, 'model_size': 333.5467834472656, 'inference_time': 0}
2024-10-12 02:35:27,636 Pruning 256 in layer 9
2024-10-12 02:35:32,911 Gathering metrics
2024-10-12 02:35:56,831 {'acc1': 0.7896039603960396, 'acc5': 0.9421410891089109, 'loss': 100.90257562696934, 'macs': 4318108136, 'params': 87240552, 'model_size': 332.7962951660156, 'inference_time': 0}
2024-10-12 02:35:56,845 Pruning 384 in layer 9
2024-10-12 02:36:01,598 Gathering metrics
2024-10-12 02:36:25,466 {'acc1': 0.7896039603960396, 'acc5': 0.9399752475247525, 'loss': 101.43790194392204, 'macs': 4308271336, 'params': 87043816, 'model_size': 332.0458068847656, 'inference_time': 0}
2024-10-12 02:36:25,482 Pruning 512 in layer 9
2024-10-12 02:36:29,674 Gathering metrics
2024-10-12 02:36:53,870 {'acc1': 0.7824876237623762, 'acc5': 0.9390470297029703, 'loss': 102.88301128149033, 'macs': 4298434536, 'params': 86847080, 'model_size': 331.2953186035156, 'inference_time': 0}
2024-10-12 02:36:53,884 Pruning 128 in layer 8
2024-10-12 02:36:59,593 Gathering metrics
2024-10-12 02:37:23,202 {'acc1': 0.7858910891089109, 'acc5': 0.9387376237623762, 'loss': 103.64038625359535, 'macs': 4298434536, 'params': 86847080, 'model_size': 331.2953186035156, 'inference_time': 0}
2024-10-12 02:37:23,218 Pruning 256 in layer 8
2024-10-12 02:37:28,476 Gathering metrics
2024-10-12 02:37:51,808 {'acc1': 0.7818688118811881, 'acc5': 0.9381188118811881, 'loss': 104.20352429151535, 'macs': 4288597736, 'params': 86650344, 'model_size': 330.5448303222656, 'inference_time': 0}
2024-10-12 02:37:51,822 Pruning 128 in layer 7
2024-10-12 02:37:57,501 Gathering metrics
2024-10-12 02:38:21,284 {'acc1': 0.7840346534653465, 'acc5': 0.9387376237623762, 'loss': 104.08785589039326, 'macs': 4288597736, 'params': 86650344, 'model_size': 330.5448303222656, 'inference_time': 0}
2024-10-12 02:38:21,299 Pruning 256 in layer 7
2024-10-12 02:38:26,593 Gathering metrics
2024-10-12 02:38:49,793 {'acc1': 0.7827970297029703, 'acc5': 0.9375, 'loss': 104.40384329855442, 'macs': 4278760936, 'params': 86453608, 'model_size': 329.7943420410156, 'inference_time': 0}
2024-10-12 02:38:49,809 Pruning 384 in layer 7
2024-10-12 02:38:54,551 Gathering metrics
2024-10-12 02:39:18,660 {'acc1': 0.7843440594059405, 'acc5': 0.9384282178217822, 'loss': 104.63205493986607, 'macs': 4268924136, 'params': 86256872, 'model_size': 329.0438537597656, 'inference_time': 0}
2024-10-12 02:39:18,675 Pruning 512 in layer 7
2024-10-12 02:39:22,866 Gathering metrics
2024-10-12 02:39:46,467 {'acc1': 0.7818688118811881, 'acc5': 0.9365717821782178, 'loss': 105.53868186473846, 'macs': 4259087336, 'params': 86060136, 'model_size': 328.2933654785156, 'inference_time': 0}
2024-10-12 02:39:46,482 Pruning 640 in layer 7
2024-10-12 02:39:50,322 Gathering metrics
2024-10-12 02:40:13,922 {'acc1': 0.7818688118811881, 'acc5': 0.9359529702970297, 'loss': 106.23572239279747, 'macs': 4249250536, 'params': 85863400, 'model_size': 327.5428771972656, 'inference_time': 0}
2024-10-12 02:40:13,936 Pruning 768 in layer 7
2024-10-12 02:40:17,418 Gathering metrics
2024-10-12 02:40:41,064 {'acc1': 0.7790841584158416, 'acc5': 0.9340965346534653, 'loss': 108.24377158284187, 'macs': 4239413736, 'params': 85666664, 'model_size': 326.7923889160156, 'inference_time': 0}
2024-10-12 02:40:41,080 Pruning 896 in layer 7
2024-10-12 02:40:44,212 Gathering metrics
2024-10-12 02:41:08,079 {'acc1': 0.7769183168316832, 'acc5': 0.9313118811881188, 'loss': 109.17058727145195, 'macs': 4229576936, 'params': 85469928, 'model_size': 326.0419006347656, 'inference_time': 0}
2024-10-12 02:41:08,094 Pruning 128 in layer 6
2024-10-12 02:41:13,769 Gathering metrics
2024-10-12 02:41:37,745 {'acc1': 0.7784653465346535, 'acc5': 0.9337871287128713, 'loss': 108.49471320211887, 'macs': 4229576936, 'params': 85469928, 'model_size': 326.0419006347656, 'inference_time': 0}
2024-10-12 02:41:37,760 Pruning 256 in layer 6
2024-10-12 02:41:43,036 Gathering metrics
2024-10-12 02:42:07,068 {'acc1': 0.7741336633663366, 'acc5': 0.9300742574257426, 'loss': 108.97303958237171, 'macs': 4219740136, 'params': 85273192, 'model_size': 325.2914123535156, 'inference_time': 0}
2024-10-12 02:42:07,083 Pruning 384 in layer 6
2024-10-12 02:42:11,855 Gathering metrics
2024-10-12 02:42:35,988 {'acc1': 0.7716584158415841, 'acc5': 0.9279084158415841, 'loss': 109.1177866756916, 'macs': 4209903336, 'params': 85076456, 'model_size': 324.5409240722656, 'inference_time': 0}
2024-10-12 02:42:36,003 Pruning 128 in layer 5
2024-10-12 02:42:41,663 Gathering metrics
2024-10-12 02:43:05,348 {'acc1': 0.7676361386138614, 'acc5': 0.9288366336633663, 'loss': 110.67621184885502, 'macs': 4209903336, 'params': 85076456, 'model_size': 324.5409240722656, 'inference_time': 0}
2024-10-12 02:43:05,362 Pruning 256 in layer 5
2024-10-12 02:43:10,594 Gathering metrics
2024-10-12 02:43:33,926 {'acc1': 0.7676361386138614, 'acc5': 0.9229579207920792, 'loss': 111.07141625881195, 'macs': 4200066536, 'params': 84879720, 'model_size': 323.7904357910156, 'inference_time': 0}
2024-10-12 02:43:33,941 Pruning 384 in layer 5
2024-10-12 02:43:38,702 Gathering metrics
2024-10-12 02:44:02,114 {'acc1': 0.7639232673267327, 'acc5': 0.9251237623762376, 'loss': 111.31767275929451, 'macs': 4190229736, 'params': 84682984, 'model_size': 323.0399475097656, 'inference_time': 0}
2024-10-12 02:44:02,129 Pruning 128 in layer 4
2024-10-12 02:44:07,807 Gathering metrics
2024-10-12 02:44:31,701 {'acc1': 0.7629950495049505, 'acc5': 0.9235767326732673, 'loss': 111.48215948045254, 'macs': 4190229736, 'params': 84682984, 'model_size': 323.0399475097656, 'inference_time': 0}
2024-10-12 02:44:31,717 Pruning 256 in layer 4
2024-10-12 02:44:37,005 Gathering metrics
2024-10-12 02:45:01,020 {'acc1': 0.7657797029702971, 'acc5': 0.9226485148514851, 'loss': 111.89745301008224, 'macs': 4180392936, 'params': 84486248, 'model_size': 322.2894592285156, 'inference_time': 0}
2024-10-12 02:45:01,035 Pruning 384 in layer 4
2024-10-12 02:45:05,798 Gathering metrics
2024-10-12 02:45:30,149 {'acc1': 0.7614480198019802, 'acc5': 0.9238861386138614, 'loss': 111.52561096847057, 'macs': 4170556136, 'params': 84289512, 'model_size': 321.5389709472656, 'inference_time': 0}
2024-10-12 02:45:30,164 Pruning 512 in layer 4
2024-10-12 02:45:34,362 Gathering metrics
2024-10-12 02:45:57,588 {'acc1': 0.7592821782178217, 'acc5': 0.9220297029702971, 'loss': 112.56641833484173, 'macs': 4160719336, 'params': 84092776, 'model_size': 320.7884826660156, 'inference_time': 0}
2024-10-12 02:45:57,602 Pruning 128 in layer 3
2024-10-12 02:46:03,281 Gathering metrics
2024-10-12 02:46:26,625 {'acc1': 0.7633044554455446, 'acc5': 0.9235767326732673, 'loss': 111.9863725155592, 'macs': 4160719336, 'params': 84092776, 'model_size': 320.7884826660156, 'inference_time': 0}
2024-10-12 02:46:26,639 Pruning 256 in layer 3
2024-10-12 02:46:31,905 Gathering metrics
2024-10-12 02:46:55,316 {'acc1': 0.7620668316831684, 'acc5': 0.9232673267326733, 'loss': 112.58192193508148, 'macs': 4150882536, 'params': 83896040, 'model_size': 320.0379943847656, 'inference_time': 0}
2024-10-12 02:46:55,331 Pruning 384 in layer 3
2024-10-12 02:47:00,082 Gathering metrics
2024-10-12 02:47:23,331 {'acc1': 0.7602103960396039, 'acc5': 0.9207920792079208, 'loss': 113.80672726035118, 'macs': 4141045736, 'params': 83699304, 'model_size': 319.2875061035156, 'inference_time': 0}
2024-10-12 02:47:23,346 Pruning 512 in layer 3
2024-10-12 02:47:27,564 Gathering metrics
2024-10-12 02:47:51,441 {'acc1': 0.7540222772277227, 'acc5': 0.9149133663366337, 'loss': 116.43443404138088, 'macs': 4131208936, 'params': 83502568, 'model_size': 318.5370178222656, 'inference_time': 0}
2024-10-12 02:47:51,456 Pruning 128 in layer 2
2024-10-12 02:47:57,160 Gathering metrics
2024-10-12 02:48:20,719 {'acc1': 0.7602103960396039, 'acc5': 0.9180074257425742, 'loss': 114.38616225123405, 'macs': 4131208936, 'params': 83502568, 'model_size': 318.5370178222656, 'inference_time': 0}
2024-10-12 02:48:20,833 Pruning 256 in layer 2
2024-10-12 02:48:26,114 Gathering metrics
2024-10-12 02:48:49,818 {'acc1': 0.7586633663366337, 'acc5': 0.916769801980198, 'loss': 116.24625387787819, 'macs': 4121372136, 'params': 83305832, 'model_size': 317.7865295410156, 'inference_time': 0}
2024-10-12 02:48:49,837 Pruning 384 in layer 2
2024-10-12 02:48:54,565 Gathering metrics
2024-10-12 02:49:18,461 {'acc1': 0.7527846534653465, 'acc5': 0.9142945544554455, 'loss': 119.83235113322735, 'macs': 4111535336, 'params': 83109096, 'model_size': 317.0360412597656, 'inference_time': 0}
2024-10-12 02:49:18,475 Pruning 128 in layer 1
2024-10-12 02:49:24,151 Gathering metrics
2024-10-12 02:49:47,545 {'acc1': 0.7301980198019802, 'acc5': 0.8929455445544554, 'loss': 135.68780210614204, 'macs': 4111535336, 'params': 83109096, 'model_size': 317.0360412597656, 'inference_time': 0}
2024-10-12 02:49:47,558 Pruning 128 in layer 0
2024-10-12 02:49:53,234 Gathering metrics
2024-10-12 02:50:17,153 {'acc1': 0.7546410891089109, 'acc5': 0.9149133663366337, 'loss': 119.18383607268333, 'macs': 4111535336, 'params': 83109096, 'model_size': 317.0360412597656, 'inference_time': 0}
2024-10-12 02:50:17,167 Pruning 256 in layer 0
2024-10-12 02:50:22,419 Gathering metrics
2024-10-12 02:50:45,824 {'acc1': 0.7543316831683168, 'acc5': 0.9130569306930693, 'loss': 120.17644838988781, 'macs': 4101698536, 'params': 82912360, 'model_size': 316.2855529785156, 'inference_time': 0}
2024-10-12 02:50:45,840 Pruning 384 in layer 0
2024-10-12 02:50:50,566 Gathering metrics
2024-10-12 02:51:13,865 {'acc1': 0.6695544554455446, 'acc5': 0.8620049504950495, 'loss': 166.8423429131508, 'macs': 4091861736, 'params': 82715624, 'model_size': 315.5350646972656, 'inference_time': 0}
2024-10-12 02:51:13,881 Experiment finished
