2024-10-12 00:22:41,798 Starting experiment outputs/adaptive/vit_b_16/proj000
2024-10-12 00:22:41,799 Loading the original model
2024-10-12 00:22:42,220 Gathering metrics of the original model
2024-10-12 00:23:22,691 {'acc1': 0.8415841584158416, 'acc5': 0.968440594059406, 'loss': 71.7905719652772, 'macs': 16864992232, 'params': 86567656, 'model_size': 330.2294006347656, 'inference_time': 0}
2024-10-12 00:23:22,705 Pruning 128 in layer 11
2024-10-12 00:23:28,443 Gathering metrics
2024-10-12 00:24:05,390 {'acc1': 0.838799504950495, 'acc5': 0.9681311881188119, 'loss': 70.99286143481731, 'macs': 16826235240, 'params': 86370920, 'model_size': 329.4789123535156, 'inference_time': 0}
2024-10-12 00:24:05,499 Pruning 256 in layer 11
2024-10-12 00:24:10,690 Gathering metrics
2024-10-12 00:24:49,838 {'acc1': 0.8403465346534653, 'acc5': 0.968440594059406, 'loss': 70.03283542394638, 'macs': 16787478248, 'params': 86174184, 'model_size': 328.7284240722656, 'inference_time': 0}
2024-10-12 00:24:49,852 Pruning 384 in layer 11
2024-10-12 00:24:54,561 Gathering metrics
2024-10-12 00:25:33,495 {'acc1': 0.8394183168316832, 'acc5': 0.968440594059406, 'loss': 69.18972730636597, 'macs': 16748721256, 'params': 85977448, 'model_size': 327.9779357910156, 'inference_time': 0}
2024-10-12 00:25:33,509 Pruning 512 in layer 11
2024-10-12 00:25:37,694 Gathering metrics
2024-10-12 00:26:14,517 {'acc1': 0.838180693069307, 'acc5': 0.9681311881188119, 'loss': 68.51427582651377, 'macs': 16709964264, 'params': 85780712, 'model_size': 327.2274475097656, 'inference_time': 0}
2024-10-12 00:26:14,533 Pruning 640 in layer 11
2024-10-12 00:26:18,371 Gathering metrics
2024-10-12 00:26:54,935 {'acc1': 0.838490099009901, 'acc5': 0.96875, 'loss': 68.0445711761713, 'macs': 16671207272, 'params': 85583976, 'model_size': 326.4769592285156, 'inference_time': 0}
2024-10-12 00:26:54,948 Pruning 768 in layer 11
2024-10-12 00:26:58,424 Gathering metrics
2024-10-12 00:27:35,267 {'acc1': 0.8372524752475248, 'acc5': 0.969059405940594, 'loss': 67.71793818101287, 'macs': 16632450280, 'params': 85387240, 'model_size': 325.7264709472656, 'inference_time': 0}
2024-10-12 00:27:35,281 Pruning 896 in layer 11
2024-10-12 00:27:38,196 Gathering metrics
2024-10-12 00:28:14,820 {'acc1': 0.838799504950495, 'acc5': 0.969059405940594, 'loss': 67.54728021845222, 'macs': 16593693288, 'params': 85190504, 'model_size': 324.9759826660156, 'inference_time': 0}
2024-10-12 00:28:14,834 Pruning 1024 in layer 11
2024-10-12 00:28:17,410 Gathering metrics
2024-10-12 00:28:56,594 {'acc1': 0.8391089108910891, 'acc5': 0.96875, 'loss': 67.0959302522242, 'macs': 16554936296, 'params': 84993768, 'model_size': 324.2254943847656, 'inference_time': 0}
2024-10-12 00:28:56,608 Pruning 1152 in layer 11
2024-10-12 00:28:58,863 Gathering metrics
2024-10-12 00:29:35,351 {'acc1': 0.8394183168316832, 'acc5': 0.968440594059406, 'loss': 66.54335394874215, 'macs': 16516179304, 'params': 84797032, 'model_size': 323.4750061035156, 'inference_time': 0}
2024-10-12 00:29:35,366 Pruning 1280 in layer 11
2024-10-12 00:29:37,391 Gathering metrics
2024-10-12 00:30:13,951 {'acc1': 0.8400371287128713, 'acc5': 0.968440594059406, 'loss': 66.1921244263649, 'macs': 16477422312, 'params': 84600296, 'model_size': 322.7245178222656, 'inference_time': 0}
2024-10-12 00:30:13,966 Pruning 1408 in layer 11
2024-10-12 00:30:15,743 Gathering metrics
2024-10-12 00:30:52,172 {'acc1': 0.8394183168316832, 'acc5': 0.96875, 'loss': 65.9139108415693, 'macs': 16438665320, 'params': 84403560, 'model_size': 321.9740295410156, 'inference_time': 0}
2024-10-12 00:30:52,186 Pruning 1536 in layer 11
2024-10-12 00:30:53,748 Gathering metrics
2024-10-12 00:31:30,278 {'acc1': 0.8403465346534653, 'acc5': 0.968440594059406, 'loss': 65.5118977651, 'macs': 16399908328, 'params': 84206824, 'model_size': 321.2235412597656, 'inference_time': 0}
2024-10-12 00:31:30,292 Pruning 1664 in layer 11
2024-10-12 00:31:31,627 Gathering metrics
2024-10-12 00:32:07,856 {'acc1': 0.8403465346534653, 'acc5': 0.9693688118811881, 'loss': 65.21080451272428, 'macs': 16361151336, 'params': 84010088, 'model_size': 320.4730529785156, 'inference_time': 0}
2024-10-12 00:32:07,870 Pruning 1792 in layer 11
2024-10-12 00:32:09,047 Gathering metrics
2024-10-12 00:32:45,543 {'acc1': 0.8409653465346535, 'acc5': 0.968440594059406, 'loss': 65.16393064521253, 'macs': 16322394344, 'params': 83813352, 'model_size': 319.7225646972656, 'inference_time': 0}
2024-10-12 00:32:45,558 Pruning 1920 in layer 11
2024-10-12 00:32:46,560 Gathering metrics
2024-10-12 00:33:22,938 {'acc1': 0.8409653465346535, 'acc5': 0.968440594059406, 'loss': 65.05960760638118, 'macs': 16283637352, 'params': 83616616, 'model_size': 318.9720764160156, 'inference_time': 0}
2024-10-12 00:33:22,954 Pruning 2048 in layer 11
2024-10-12 00:33:23,830 Gathering metrics
2024-10-12 00:34:00,117 {'acc1': 0.8406559405940595, 'acc5': 0.968440594059406, 'loss': 65.15062878653407, 'macs': 16244880360, 'params': 83419880, 'model_size': 318.2215881347656, 'inference_time': 0}
2024-10-12 00:34:00,131 Pruning 2176 in layer 11
2024-10-12 00:34:00,873 Gathering metrics
2024-10-12 00:34:37,176 {'acc1': 0.8409653465346535, 'acc5': 0.96875, 'loss': 65.05598643328995, 'macs': 16206123368, 'params': 83223144, 'model_size': 317.4710998535156, 'inference_time': 0}
2024-10-12 00:34:37,190 Pruning 2304 in layer 11
2024-10-12 00:34:37,830 Gathering metrics
2024-10-12 00:35:14,279 {'acc1': 0.8406559405940595, 'acc5': 0.9681311881188119, 'loss': 64.99024605564773, 'macs': 16167366376, 'params': 83026408, 'model_size': 316.7206115722656, 'inference_time': 0}
2024-10-12 00:35:14,294 Pruning 2432 in layer 11
2024-10-12 00:35:14,848 Gathering metrics
2024-10-12 00:35:51,130 {'acc1': 0.8409653465346535, 'acc5': 0.9678217821782178, 'loss': 65.0327665777877, 'macs': 16128609384, 'params': 82829672, 'model_size': 315.9701232910156, 'inference_time': 0}
2024-10-12 00:35:51,145 Pruning 2560 in layer 11
2024-10-12 00:35:51,612 Gathering metrics
2024-10-12 00:36:27,930 {'acc1': 0.8412747524752475, 'acc5': 0.969059405940594, 'loss': 64.93149286042899, 'macs': 16089852392, 'params': 82632936, 'model_size': 315.2196350097656, 'inference_time': 0}
2024-10-12 00:36:27,945 Pruning 2688 in layer 11
2024-10-12 00:36:28,348 Gathering metrics
2024-10-12 00:37:04,635 {'acc1': 0.8409653465346535, 'acc5': 0.968440594059406, 'loss': 64.8390334174037, 'macs': 16051095400, 'params': 82436200, 'model_size': 314.4691467285156, 'inference_time': 0}
2024-10-12 00:37:04,650 Pruning 2816 in layer 11
2024-10-12 00:37:04,970 Gathering metrics
2024-10-12 00:37:41,068 {'acc1': 0.8412747524752475, 'acc5': 0.969059405940594, 'loss': 64.65595141798258, 'macs': 16012338408, 'params': 82239464, 'model_size': 313.7186584472656, 'inference_time': 0}
2024-10-12 00:37:41,083 Pruning 2944 in layer 11
2024-10-12 00:37:41,349 Gathering metrics
2024-10-12 00:38:18,058 {'acc1': 0.8412747524752475, 'acc5': 0.9681311881188119, 'loss': 64.64257894456387, 'macs': 15973581416, 'params': 82042728, 'model_size': 312.9681701660156, 'inference_time': 0}
2024-10-12 00:38:18,075 Pruning 128 in layer 10
2024-10-12 00:38:24,075 Gathering metrics
2024-10-12 00:39:00,453 {'acc1': 0.8394183168316832, 'acc5': 0.968440594059406, 'loss': 65.52320015616715, 'macs': 15973581416, 'params': 82042728, 'model_size': 312.9681701660156, 'inference_time': 0}
2024-10-12 00:39:00,467 Pruning 256 in layer 10
2024-10-12 00:39:05,723 Gathering metrics
2024-10-12 00:39:41,638 {'acc1': 0.8372524752475248, 'acc5': 0.968440594059406, 'loss': 66.5821285918355, 'macs': 15934824424, 'params': 81845992, 'model_size': 312.2176818847656, 'inference_time': 0}
2024-10-12 00:39:41,653 Pruning 384 in layer 10
2024-10-12 00:39:46,412 Gathering metrics
2024-10-12 00:40:22,353 {'acc1': 0.8360148514851485, 'acc5': 0.9665841584158416, 'loss': 66.92315703257918, 'macs': 15896067432, 'params': 81649256, 'model_size': 311.4671936035156, 'inference_time': 0}
2024-10-12 00:40:22,367 Pruning 512 in layer 10
2024-10-12 00:40:26,559 Gathering metrics
2024-10-12 00:41:02,520 {'acc1': 0.8363242574257426, 'acc5': 0.9668935643564357, 'loss': 67.1470685172826, 'macs': 15857310440, 'params': 81452520, 'model_size': 310.7167053222656, 'inference_time': 0}
2024-10-12 00:41:02,535 Pruning 640 in layer 10
2024-10-12 00:41:06,333 Gathering metrics
2024-10-12 00:41:42,226 {'acc1': 0.8350866336633663, 'acc5': 0.9668935643564357, 'loss': 68.08133232034743, 'macs': 15818553448, 'params': 81255784, 'model_size': 309.9662170410156, 'inference_time': 0}
2024-10-12 00:41:42,241 Pruning 768 in layer 10
2024-10-12 00:41:45,715 Gathering metrics
2024-10-12 00:42:21,557 {'acc1': 0.8372524752475248, 'acc5': 0.9665841584158416, 'loss': 67.89686543866992, 'macs': 15779796456, 'params': 81059048, 'model_size': 309.2157287597656, 'inference_time': 0}
2024-10-12 00:42:21,571 Pruning 896 in layer 10
2024-10-12 00:42:24,508 Gathering metrics
2024-10-12 00:43:00,401 {'acc1': 0.8378712871287128, 'acc5': 0.9662747524752475, 'loss': 67.75222736038268, 'macs': 15741039464, 'params': 80862312, 'model_size': 308.4652404785156, 'inference_time': 0}
2024-10-12 00:43:00,416 Pruning 1024 in layer 10
2024-10-12 00:43:02,996 Gathering metrics
2024-10-12 00:43:38,973 {'acc1': 0.838490099009901, 'acc5': 0.9656559405940595, 'loss': 67.77626951783895, 'macs': 15702282472, 'params': 80665576, 'model_size': 307.7147521972656, 'inference_time': 0}
2024-10-12 00:43:38,989 Pruning 1152 in layer 10
2024-10-12 00:43:41,253 Gathering metrics
2024-10-12 00:44:17,138 {'acc1': 0.8363242574257426, 'acc5': 0.9656559405940595, 'loss': 68.02893540635705, 'macs': 15663525480, 'params': 80468840, 'model_size': 306.9642639160156, 'inference_time': 0}
2024-10-12 00:44:17,152 Pruning 1280 in layer 10
2024-10-12 00:44:19,184 Gathering metrics
2024-10-12 00:44:55,083 {'acc1': 0.8353960396039604, 'acc5': 0.9665841584158416, 'loss': 68.64354526437819, 'macs': 15624768488, 'params': 80272104, 'model_size': 306.2137756347656, 'inference_time': 0}
2024-10-12 00:44:55,096 Pruning 1408 in layer 10
2024-10-12 00:44:56,846 Gathering metrics
2024-10-12 00:45:32,540 {'acc1': 0.8353960396039604, 'acc5': 0.9656559405940595, 'loss': 69.6251799557358, 'macs': 15586011496, 'params': 80075368, 'model_size': 305.4632873535156, 'inference_time': 0}
2024-10-12 00:45:32,555 Pruning 1536 in layer 10
2024-10-12 00:45:34,090 Gathering metrics
2024-10-12 00:46:10,170 {'acc1': 0.8369430693069307, 'acc5': 0.9656559405940595, 'loss': 69.90425178781152, 'macs': 15547254504, 'params': 79878632, 'model_size': 304.7127990722656, 'inference_time': 0}
2024-10-12 00:46:10,184 Pruning 1664 in layer 10
2024-10-12 00:46:11,499 Gathering metrics
2024-10-12 00:46:47,331 {'acc1': 0.8372524752475248, 'acc5': 0.9659653465346535, 'loss': 69.89625757746398, 'macs': 15508497512, 'params': 79681896, 'model_size': 303.9623107910156, 'inference_time': 0}
2024-10-12 00:46:47,346 Pruning 1792 in layer 10
2024-10-12 00:46:48,526 Gathering metrics
2024-10-12 00:47:24,666 {'acc1': 0.8326113861386139, 'acc5': 0.9659653465346535, 'loss': 71.50700408406556, 'macs': 15469740520, 'params': 79485160, 'model_size': 303.2118225097656, 'inference_time': 0}
2024-10-12 00:47:24,682 Pruning 128 in layer 9
2024-10-12 00:47:30,666 Gathering metrics
2024-10-12 00:48:06,594 {'acc1': 0.8344678217821783, 'acc5': 0.9628712871287128, 'loss': 70.49126436188817, 'macs': 15469740520, 'params': 79485160, 'model_size': 303.2118225097656, 'inference_time': 0}
2024-10-12 00:48:06,708 Pruning 256 in layer 9
2024-10-12 00:48:11,976 Gathering metrics
2024-10-12 00:48:48,000 {'acc1': 0.8347772277227723, 'acc5': 0.963180693069307, 'loss': 70.84997744113207, 'macs': 15430983528, 'params': 79288424, 'model_size': 302.4613342285156, 'inference_time': 0}
2024-10-12 00:48:48,015 Pruning 384 in layer 9
2024-10-12 00:48:52,791 Gathering metrics
2024-10-12 00:49:28,163 {'acc1': 0.8347772277227723, 'acc5': 0.9628712871287128, 'loss': 70.78884229063988, 'macs': 15392226536, 'params': 79091688, 'model_size': 301.7108459472656, 'inference_time': 0}
2024-10-12 00:49:28,177 Pruning 512 in layer 9
2024-10-12 00:49:32,354 Gathering metrics
2024-10-12 00:50:07,659 {'acc1': 0.8304455445544554, 'acc5': 0.9613242574257426, 'loss': 71.59699857607484, 'macs': 15353469544, 'params': 78894952, 'model_size': 300.9603576660156, 'inference_time': 0}
2024-10-12 00:50:07,674 Pruning 640 in layer 9
2024-10-12 00:50:11,494 Gathering metrics
2024-10-12 00:50:47,230 {'acc1': 0.8276608910891089, 'acc5': 0.9610148514851485, 'loss': 72.73749466054142, 'macs': 15314712552, 'params': 78698216, 'model_size': 300.2098693847656, 'inference_time': 0}
2024-10-12 00:50:47,243 Pruning 128 in layer 8
2024-10-12 00:50:52,915 Gathering metrics
2024-10-12 00:51:28,572 {'acc1': 0.8307549504950495, 'acc5': 0.9603960396039604, 'loss': 71.76867118105292, 'macs': 15314712552, 'params': 78698216, 'model_size': 300.2098693847656, 'inference_time': 0}
2024-10-12 00:51:28,587 Pruning 256 in layer 8
2024-10-12 00:51:33,853 Gathering metrics
2024-10-12 00:52:09,427 {'acc1': 0.8285891089108911, 'acc5': 0.9594678217821783, 'loss': 72.38514365255833, 'macs': 15275955560, 'params': 78501480, 'model_size': 299.4593811035156, 'inference_time': 0}
2024-10-12 00:52:09,442 Pruning 384 in layer 8
2024-10-12 00:52:14,204 Gathering metrics
2024-10-12 00:52:49,848 {'acc1': 0.8270420792079208, 'acc5': 0.9600866336633663, 'loss': 73.17946783825755, 'macs': 15237198568, 'params': 78304744, 'model_size': 298.7088928222656, 'inference_time': 0}
2024-10-12 00:52:49,862 Pruning 512 in layer 8
2024-10-12 00:52:54,026 Gathering metrics
2024-10-12 00:53:29,554 {'acc1': 0.8251856435643564, 'acc5': 0.9594678217821783, 'loss': 73.4297879897058, 'macs': 15198441576, 'params': 78108008, 'model_size': 297.9584045410156, 'inference_time': 0}
2024-10-12 00:53:29,570 Pruning 640 in layer 8
2024-10-12 00:53:33,375 Gathering metrics
2024-10-12 00:54:08,516 {'acc1': 0.8261138613861386, 'acc5': 0.9597772277227723, 'loss': 73.71798490732908, 'macs': 15159684584, 'params': 77911272, 'model_size': 297.2079162597656, 'inference_time': 0}
2024-10-12 00:54:08,531 Pruning 768 in layer 8
2024-10-12 00:54:12,001 Gathering metrics
2024-10-12 00:54:47,092 {'acc1': 0.8267326732673267, 'acc5': 0.9591584158415841, 'loss': 73.74759241566062, 'macs': 15120927592, 'params': 77714536, 'model_size': 296.4574279785156, 'inference_time': 0}
2024-10-12 00:54:47,106 Pruning 896 in layer 8
2024-10-12 00:54:50,040 Gathering metrics
2024-10-12 00:55:25,482 {'acc1': 0.8239480198019802, 'acc5': 0.9594678217821783, 'loss': 74.51447769254446, 'macs': 15082170600, 'params': 77517800, 'model_size': 295.7069396972656, 'inference_time': 0}
2024-10-12 00:55:25,497 Pruning 1024 in layer 8
2024-10-12 00:55:28,102 Gathering metrics
2024-10-12 00:56:03,595 {'acc1': 0.8261138613861386, 'acc5': 0.9600866336633663, 'loss': 74.6425599604845, 'macs': 15043413608, 'params': 77321064, 'model_size': 294.9564514160156, 'inference_time': 0}
2024-10-12 00:56:03,611 Pruning 1152 in layer 8
2024-10-12 00:56:05,881 Gathering metrics
2024-10-12 00:56:42,202 {'acc1': 0.8245668316831684, 'acc5': 0.9591584158415841, 'loss': 74.7867796709761, 'macs': 15004656616, 'params': 77124328, 'model_size': 294.2059631347656, 'inference_time': 0}
2024-10-12 00:56:42,215 Pruning 1280 in layer 8
2024-10-12 00:56:44,246 Gathering metrics
2024-10-12 00:57:21,201 {'acc1': 0.8236386138613861, 'acc5': 0.9579207920792079, 'loss': 75.41968228947371, 'macs': 14965899624, 'params': 76927592, 'model_size': 293.4554748535156, 'inference_time': 0}
2024-10-12 00:57:21,216 Pruning 1408 in layer 8
2024-10-12 00:57:22,979 Gathering metrics
2024-10-12 00:57:57,977 {'acc1': 0.8208539603960396, 'acc5': 0.9588490099009901, 'loss': 76.04567439481616, 'macs': 14927142632, 'params': 76730856, 'model_size': 292.7049865722656, 'inference_time': 0}
2024-10-12 00:57:57,992 Pruning 128 in layer 7
2024-10-12 00:58:03,647 Gathering metrics
2024-10-12 00:58:38,617 {'acc1': 0.8224009900990099, 'acc5': 0.9579207920792079, 'loss': 75.45622211135924, 'macs': 14927142632, 'params': 76730856, 'model_size': 292.7049865722656, 'inference_time': 0}
2024-10-12 00:58:38,632 Pruning 256 in layer 7
2024-10-12 00:58:43,864 Gathering metrics
2024-10-12 00:59:21,002 {'acc1': 0.823019801980198, 'acc5': 0.9579207920792079, 'loss': 75.69880498852581, 'macs': 14888385640, 'params': 76534120, 'model_size': 291.9544982910156, 'inference_time': 0}
2024-10-12 00:59:21,018 Pruning 384 in layer 7
2024-10-12 00:59:25,755 Gathering metrics
2024-10-12 01:00:00,727 {'acc1': 0.8236386138613861, 'acc5': 0.9576113861386139, 'loss': 76.4197742966935, 'macs': 14849628648, 'params': 76337384, 'model_size': 291.2040100097656, 'inference_time': 0}
2024-10-12 01:00:00,741 Pruning 512 in layer 7
2024-10-12 01:00:04,920 Gathering metrics
2024-10-12 01:00:39,923 {'acc1': 0.8220915841584159, 'acc5': 0.9569925742574258, 'loss': 76.88067526184022, 'macs': 14810871656, 'params': 76140648, 'model_size': 290.4535217285156, 'inference_time': 0}
2024-10-12 01:00:39,938 Pruning 640 in layer 7
2024-10-12 01:00:43,751 Gathering metrics
2024-10-12 01:01:18,603 {'acc1': 0.8220915841584159, 'acc5': 0.9569925742574258, 'loss': 77.5586890829727, 'macs': 14772114664, 'params': 75943912, 'model_size': 289.7030334472656, 'inference_time': 0}
2024-10-12 01:01:18,617 Pruning 768 in layer 7
2024-10-12 01:01:22,100 Gathering metrics
2024-10-12 01:01:57,119 {'acc1': 0.8205445544554455, 'acc5': 0.9557549504950495, 'loss': 77.99607876129448, 'macs': 14733357672, 'params': 75747176, 'model_size': 288.9525451660156, 'inference_time': 0}
2024-10-12 01:01:57,133 Pruning 896 in layer 7
2024-10-12 01:02:00,070 Gathering metrics
2024-10-12 01:02:34,987 {'acc1': 0.8159034653465347, 'acc5': 0.9566831683168316, 'loss': 78.65834118425846, 'macs': 14694600680, 'params': 75550440, 'model_size': 288.2020568847656, 'inference_time': 0}
2024-10-12 01:02:35,002 Pruning 128 in layer 6
2024-10-12 01:02:40,643 Gathering metrics
2024-10-12 01:03:15,661 {'acc1': 0.8196163366336634, 'acc5': 0.9551361386138614, 'loss': 78.32157102786005, 'macs': 14694600680, 'params': 75550440, 'model_size': 288.2020568847656, 'inference_time': 0}
2024-10-12 01:03:15,678 Pruning 256 in layer 6
2024-10-12 01:03:20,912 Gathering metrics
2024-10-12 01:03:55,702 {'acc1': 0.8146658415841584, 'acc5': 0.9551361386138614, 'loss': 78.67447184678167, 'macs': 14655843688, 'params': 75353704, 'model_size': 287.4515686035156, 'inference_time': 0}
2024-10-12 01:03:55,717 Pruning 384 in layer 6
2024-10-12 01:04:00,466 Gathering metrics
2024-10-12 01:04:35,338 {'acc1': 0.8152846534653465, 'acc5': 0.9551361386138614, 'loss': 79.46242476906627, 'macs': 14617086696, 'params': 75156968, 'model_size': 286.7010803222656, 'inference_time': 0}
2024-10-12 01:04:35,353 Pruning 512 in layer 6
2024-10-12 01:04:39,548 Gathering metrics
2024-10-12 01:05:14,731 {'acc1': 0.8134282178217822, 'acc5': 0.9538985148514851, 'loss': 80.06113421730697, 'macs': 14578329704, 'params': 74960232, 'model_size': 285.9505920410156, 'inference_time': 0}
2024-10-12 01:05:14,747 Pruning 640 in layer 6
2024-10-12 01:05:18,769 Gathering metrics
2024-10-12 01:05:53,648 {'acc1': 0.8149752475247525, 'acc5': 0.9535891089108911, 'loss': 80.97883671708405, 'macs': 14539572712, 'params': 74763496, 'model_size': 285.2001037597656, 'inference_time': 0}
2024-10-12 01:05:53,664 Pruning 768 in layer 6
2024-10-12 01:05:57,162 Gathering metrics
2024-10-12 01:06:32,095 {'acc1': 0.812190594059406, 'acc5': 0.9529702970297029, 'loss': 81.50074016209692, 'macs': 14500815720, 'params': 74566760, 'model_size': 284.4496154785156, 'inference_time': 0}
2024-10-12 01:06:32,111 Pruning 128 in layer 5
2024-10-12 01:06:37,812 Gathering metrics
2024-10-12 01:07:12,822 {'acc1': 0.8109529702970297, 'acc5': 0.9538985148514851, 'loss': 81.43544605001807, 'macs': 14500815720, 'params': 74566760, 'model_size': 284.4496154785156, 'inference_time': 0}
2024-10-12 01:07:12,837 Pruning 256 in layer 5
2024-10-12 01:07:18,120 Gathering metrics
2024-10-12 01:07:52,805 {'acc1': 0.8100247524752475, 'acc5': 0.9538985148514851, 'loss': 82.24710488412529, 'macs': 14462058728, 'params': 74370024, 'model_size': 283.6991271972656, 'inference_time': 0}
2024-10-12 01:07:52,820 Pruning 384 in layer 5
2024-10-12 01:07:57,571 Gathering metrics
2024-10-12 01:08:32,118 {'acc1': 0.8060024752475248, 'acc5': 0.9508044554455446, 'loss': 83.46893426030874, 'macs': 14423301736, 'params': 74173288, 'model_size': 282.9486389160156, 'inference_time': 0}
2024-10-12 01:08:32,132 Pruning 128 in layer 4
2024-10-12 01:08:37,784 Gathering metrics
2024-10-12 01:09:12,588 {'acc1': 0.8090965346534653, 'acc5': 0.9532797029702971, 'loss': 83.11165264528245, 'macs': 14423301736, 'params': 74173288, 'model_size': 282.9486389160156, 'inference_time': 0}
2024-10-12 01:09:12,603 Pruning 256 in layer 4
2024-10-12 01:09:17,841 Gathering metrics
2024-10-12 01:09:52,638 {'acc1': 0.807240099009901, 'acc5': 0.9504950495049505, 'loss': 83.89818027149886, 'macs': 14384544744, 'params': 73976552, 'model_size': 282.1981506347656, 'inference_time': 0}
2024-10-12 01:09:52,653 Pruning 384 in layer 4
2024-10-12 01:09:57,382 Gathering metrics
2024-10-12 01:10:32,100 {'acc1': 0.8078589108910891, 'acc5': 0.9489480198019802, 'loss': 84.2467662235722, 'macs': 14345787752, 'params': 73779816, 'model_size': 281.4476623535156, 'inference_time': 0}
2024-10-12 01:10:32,116 Pruning 512 in layer 4
2024-10-12 01:10:36,583 Gathering metrics
2024-10-12 01:11:11,263 {'acc1': 0.8053836633663366, 'acc5': 0.9474009900990099, 'loss': 84.79118120949715, 'macs': 14307030760, 'params': 73583080, 'model_size': 280.6971740722656, 'inference_time': 0}
2024-10-12 01:11:11,278 Pruning 640 in layer 4
2024-10-12 01:11:15,115 Gathering metrics
2024-10-12 01:11:49,620 {'acc1': 0.8025990099009901, 'acc5': 0.9464727722772277, 'loss': 85.6387550868094, 'macs': 14268273768, 'params': 73386344, 'model_size': 279.9466857910156, 'inference_time': 0}
2024-10-12 01:11:49,636 Pruning 128 in layer 3
2024-10-12 01:11:55,311 Gathering metrics
2024-10-12 01:12:29,733 {'acc1': 0.8032178217821783, 'acc5': 0.948019801980198, 'loss': 86.06057523470372, 'macs': 14268273768, 'params': 73386344, 'model_size': 279.9466857910156, 'inference_time': 0}
2024-10-12 01:12:29,845 Pruning 256 in layer 3
2024-10-12 01:12:35,104 Gathering metrics
2024-10-12 01:13:09,474 {'acc1': 0.8004331683168316, 'acc5': 0.9452351485148515, 'loss': 87.69906176999211, 'macs': 14229516776, 'params': 73189608, 'model_size': 279.1961975097656, 'inference_time': 0}
2024-10-12 01:13:09,488 Pruning 384 in layer 3
2024-10-12 01:13:14,250 Gathering metrics
2024-10-12 01:13:48,961 {'acc1': 0.7988861386138614, 'acc5': 0.9461633663366337, 'loss': 88.74089824594557, 'macs': 14190759784, 'params': 72992872, 'model_size': 278.4457092285156, 'inference_time': 0}
2024-10-12 01:13:48,977 Pruning 512 in layer 3
2024-10-12 01:13:53,155 Gathering metrics
2024-10-12 01:14:29,599 {'acc1': 0.7964108910891089, 'acc5': 0.9455445544554455, 'loss': 90.12089747190475, 'macs': 14152002792, 'params': 72796136, 'model_size': 277.6952209472656, 'inference_time': 0}
2024-10-12 01:14:29,614 Pruning 128 in layer 2
2024-10-12 01:14:35,297 Gathering metrics
2024-10-12 01:15:09,654 {'acc1': 0.7982673267326733, 'acc5': 0.9467821782178217, 'loss': 88.26464324817061, 'macs': 14152002792, 'params': 72796136, 'model_size': 277.6952209472656, 'inference_time': 0}
2024-10-12 01:15:09,668 Pruning 256 in layer 2
2024-10-12 01:15:14,939 Gathering metrics
2024-10-12 01:15:49,511 {'acc1': 0.7982673267326733, 'acc5': 0.9489480198019802, 'loss': 88.5215258821845, 'macs': 14113245800, 'params': 72599400, 'model_size': 276.9447326660156, 'inference_time': 0}
2024-10-12 01:15:49,525 Pruning 384 in layer 2
2024-10-12 01:15:54,258 Gathering metrics
2024-10-12 01:16:28,571 {'acc1': 0.7920792079207921, 'acc5': 0.9464727722772277, 'loss': 90.12043122202158, 'macs': 14074488808, 'params': 72402664, 'model_size': 276.1942443847656, 'inference_time': 0}
2024-10-12 01:16:28,586 Pruning 512 in layer 2
2024-10-12 01:16:32,809 Gathering metrics
2024-10-12 01:17:07,490 {'acc1': 0.7896039603960396, 'acc5': 0.9449257425742574, 'loss': 92.30366515368223, 'macs': 14035731816, 'params': 72205928, 'model_size': 275.4437561035156, 'inference_time': 0}
2024-10-12 01:17:07,507 Pruning 128 in layer 1
2024-10-12 01:17:13,147 Gathering metrics
2024-10-12 01:17:47,651 {'acc1': 0.7914603960396039, 'acc5': 0.9470915841584159, 'loss': 90.53633995354176, 'macs': 14035731816, 'params': 72205928, 'model_size': 275.4437561035156, 'inference_time': 0}
2024-10-12 01:17:47,666 Pruning 256 in layer 1
2024-10-12 01:17:52,996 Gathering metrics
2024-10-12 01:18:27,488 {'acc1': 0.7899133663366337, 'acc5': 0.9449257425742574, 'loss': 92.16418482735753, 'macs': 13996974824, 'params': 72009192, 'model_size': 274.6932678222656, 'inference_time': 0}
2024-10-12 01:18:27,503 Pruning 384 in layer 1
2024-10-12 01:18:32,318 Gathering metrics
2024-10-12 01:19:06,816 {'acc1': 0.7831064356435643, 'acc5': 0.9412128712871287, 'loss': 95.4347088187933, 'macs': 13958217832, 'params': 71812456, 'model_size': 273.9427795410156, 'inference_time': 0}
2024-10-12 01:19:06,832 Pruning 128 in layer 0
2024-10-12 01:19:12,524 Gathering metrics
2024-10-12 01:19:47,052 {'acc1': 0.7874381188118812, 'acc5': 0.9433787128712872, 'loss': 93.03912404924631, 'macs': 13958217832, 'params': 71812456, 'model_size': 273.9427795410156, 'inference_time': 0}
2024-10-12 01:19:47,066 Pruning 256 in layer 0
2024-10-12 01:19:52,371 Gathering metrics
2024-10-12 01:20:26,664 {'acc1': 0.7691831683168316, 'acc5': 0.9328589108910891, 'loss': 108.60753277689219, 'macs': 13919460840, 'params': 71615720, 'model_size': 273.1922912597656, 'inference_time': 0}
2024-10-12 01:20:26,681 Experiment finished
