2024-10-12 21:31:03,727 Starting experiment outputs/adaptive/vit_h_14/l2
2024-10-12 21:31:03,727 Loading the original model
2024-10-12 21:31:06,390 Gathering metrics of the original model
2024-10-12 21:33:27,168 {'acc1': 0.9634615384615385, 'acc5': 0.9951923076923077, 'loss': 10.94629063270986, 'macs': 863467906280, 'params': 633470440, 'model_size': 2416.4979553222656, 'inference_time': 0}
2024-10-12 21:33:27,201 Pruning 512 in layer 31
2024-10-12 21:33:27,231 Gathering metrics
2024-10-12 21:35:47,702 {'acc1': 0.9625, 'acc5': 0.9961538461538462, 'loss': 11.377080452628434, 'macs': 861671518440, 'params': 632159208, 'model_size': 2411.4960021972656, 'inference_time': 0}
2024-10-12 21:35:47,739 Pruning 1024 in layer 31
2024-10-12 21:35:47,741 Gathering metrics
2024-10-12 21:38:08,237 {'acc1': 0.9634615384615385, 'acc5': 0.9961538461538462, 'loss': 11.423736572265625, 'macs': 859875130600, 'params': 630847976, 'model_size': 2406.4940490722656, 'inference_time': 0}
2024-10-12 21:38:08,270 Pruning 1536 in layer 31
2024-10-12 21:38:08,271 Gathering metrics
2024-10-12 21:40:28,420 {'acc1': 0.9634615384615385, 'acc5': 0.9961538461538462, 'loss': 11.641538958065212, 'macs': 858078742760, 'params': 629536744, 'model_size': 2401.4920959472656, 'inference_time': 0}
2024-10-12 21:40:28,453 Pruning 2048 in layer 31
2024-10-12 21:40:28,454 Gathering metrics
2024-10-12 21:42:48,566 {'acc1': 0.9644230769230769, 'acc5': 0.9951923076923077, 'loss': 11.693297028541565, 'macs': 856282354920, 'params': 628225512, 'model_size': 2396.4901428222656, 'inference_time': 0}
2024-10-12 21:42:48,599 Pruning 2560 in layer 31
2024-10-12 21:42:48,600 Gathering metrics
2024-10-12 21:45:08,402 {'acc1': 0.9625, 'acc5': 0.9951923076923077, 'loss': 11.84813317283988, 'macs': 854485967080, 'params': 626914280, 'model_size': 2391.4881896972656, 'inference_time': 0}
2024-10-12 21:45:08,435 Pruning 3072 in layer 31
2024-10-12 21:45:08,437 Gathering metrics
2024-10-12 21:47:28,097 {'acc1': 0.9605769230769231, 'acc5': 0.9942307692307693, 'loss': 13.03232235647738, 'macs': 852689579240, 'params': 625603048, 'model_size': 2386.4862365722656, 'inference_time': 0}
2024-10-12 21:47:28,130 Pruning 3584 in layer 31
2024-10-12 21:47:28,132 Gathering metrics
2024-10-12 21:49:47,563 {'acc1': 0.9605769230769231, 'acc5': 0.9932692307692308, 'loss': 13.39564181305468, 'macs': 850893191400, 'params': 624291816, 'model_size': 2381.4842834472656, 'inference_time': 0}
2024-10-12 21:49:47,596 Pruning 4096 in layer 31
2024-10-12 21:49:47,598 Gathering metrics
2024-10-12 21:52:06,753 {'acc1': 0.9615384615384616, 'acc5': 0.9951923076923077, 'loss': 13.812235780060291, 'macs': 849096803560, 'params': 622980584, 'model_size': 2376.4823303222656, 'inference_time': 0}
2024-10-12 21:52:06,786 Pruning 4608 in layer 31
2024-10-12 21:52:06,788 Gathering metrics
2024-10-12 21:54:25,714 {'acc1': 0.9653846153846154, 'acc5': 0.9942307692307693, 'loss': 13.550539823248982, 'macs': 847300415720, 'params': 621669352, 'model_size': 2371.4803771972656, 'inference_time': 0}
2024-10-12 21:54:25,835 Pruning 512 in layer 30
2024-10-12 21:54:25,837 Gathering metrics
2024-10-12 21:56:44,793 {'acc1': 0.9615384615384616, 'acc5': 0.9961538461538462, 'loss': 16.064803052693605, 'macs': 847300415720, 'params': 621669352, 'model_size': 2371.4803771972656, 'inference_time': 0}
2024-10-12 21:56:44,826 Pruning 1024 in layer 30
2024-10-12 21:56:44,827 Gathering metrics
2024-10-12 21:59:03,551 {'acc1': 0.9605769230769231, 'acc5': 0.9961538461538462, 'loss': 16.127873124554753, 'macs': 845504027880, 'params': 620358120, 'model_size': 2366.4784240722656, 'inference_time': 0}
2024-10-12 21:59:03,585 Pruning 1536 in layer 30
2024-10-12 21:59:03,586 Gathering metrics
2024-10-12 22:01:22,185 {'acc1': 0.9596153846153846, 'acc5': 0.9961538461538462, 'loss': 16.46498867496848, 'macs': 843707640040, 'params': 619046888, 'model_size': 2361.4764709472656, 'inference_time': 0}
2024-10-12 22:01:22,219 Pruning 2048 in layer 30
2024-10-12 22:01:22,221 Gathering metrics
2024-10-12 22:03:40,458 {'acc1': 0.9576923076923077, 'acc5': 0.9951923076923077, 'loss': 17.64551341533661, 'macs': 841911252200, 'params': 617735656, 'model_size': 2356.4745178222656, 'inference_time': 0}
2024-10-12 22:03:40,491 Pruning 512 in layer 29
2024-10-12 22:03:40,493 Gathering metrics
2024-10-12 22:05:58,636 {'acc1': 0.9586538461538462, 'acc5': 0.9961538461538462, 'loss': 23.96673232316971, 'macs': 841911252200, 'params': 617735656, 'model_size': 2356.4745178222656, 'inference_time': 0}
2024-10-12 22:05:58,669 Pruning 1024 in layer 29
2024-10-12 22:05:58,671 Gathering metrics
2024-10-12 22:08:16,660 {'acc1': 0.9557692307692308, 'acc5': 0.9942307692307693, 'loss': 23.288068540394306, 'macs': 840114864360, 'params': 616424424, 'model_size': 2351.4725646972656, 'inference_time': 0}
2024-10-12 22:08:16,693 Pruning 512 in layer 28
2024-10-12 22:08:16,695 Gathering metrics
2024-10-12 22:10:34,676 {'acc1': 0.9471153846153846, 'acc5': 0.9942307692307693, 'loss': 34.10639149695635, 'macs': 840114864360, 'params': 616424424, 'model_size': 2351.4725646972656, 'inference_time': 0}
2024-10-12 22:10:34,710 Pruning 512 in layer 27
2024-10-12 22:10:34,712 Gathering metrics
2024-10-12 22:12:52,709 {'acc1': 0.9567307692307693, 'acc5': 0.9951923076923077, 'loss': 23.35505812615156, 'macs': 840114864360, 'params': 616424424, 'model_size': 2351.4725646972656, 'inference_time': 0}
2024-10-12 22:12:52,832 Pruning 1024 in layer 27
2024-10-12 22:12:52,834 Gathering metrics
2024-10-12 22:15:10,571 {'acc1': 0.9528846153846153, 'acc5': 0.9951923076923077, 'loss': 25.216671988368034, 'macs': 838318476520, 'params': 615113192, 'model_size': 2346.4706115722656, 'inference_time': 0}
2024-10-12 22:15:10,605 Pruning 512 in layer 26
2024-10-12 22:15:10,607 Gathering metrics
2024-10-12 22:17:28,352 {'acc1': 0.9538461538461539, 'acc5': 0.9961538461538462, 'loss': 26.24519531428814, 'macs': 838318476520, 'params': 615113192, 'model_size': 2346.4706115722656, 'inference_time': 0}
2024-10-12 22:17:28,386 Pruning 1024 in layer 26
2024-10-12 22:17:28,387 Gathering metrics
2024-10-12 22:19:45,999 {'acc1': 0.95, 'acc5': 0.9961538461538462, 'loss': 27.855739898979664, 'macs': 836522088680, 'params': 613801960, 'model_size': 2341.4686584472656, 'inference_time': 0}
2024-10-12 22:19:46,033 Pruning 512 in layer 25
2024-10-12 22:19:46,035 Gathering metrics
2024-10-12 22:22:03,686 {'acc1': 0.9528846153846153, 'acc5': 0.9961538461538462, 'loss': 31.00661014020443, 'macs': 836522088680, 'params': 613801960, 'model_size': 2341.4686584472656, 'inference_time': 0}
2024-10-12 22:22:03,719 Pruning 1024 in layer 25
2024-10-12 22:22:03,721 Gathering metrics
2024-10-12 22:24:21,113 {'acc1': 0.95, 'acc5': 0.9951923076923077, 'loss': 31.478698208928108, 'macs': 834725700840, 'params': 612490728, 'model_size': 2336.4667053222656, 'inference_time': 0}
2024-10-12 22:24:21,147 Pruning 512 in layer 24
2024-10-12 22:24:21,149 Gathering metrics
2024-10-12 22:26:38,522 {'acc1': 0.9519230769230769, 'acc5': 0.9942307692307693, 'loss': 35.31226994097233, 'macs': 834725700840, 'params': 612490728, 'model_size': 2336.4667053222656, 'inference_time': 0}
2024-10-12 22:26:38,556 Pruning 1024 in layer 24
2024-10-12 22:26:38,557 Gathering metrics
2024-10-12 22:28:55,740 {'acc1': 0.948076923076923, 'acc5': 0.9923076923076923, 'loss': 36.67856450378895, 'macs': 832929313000, 'params': 611179496, 'model_size': 2331.4647521972656, 'inference_time': 0}
2024-10-12 22:28:55,774 Pruning 512 in layer 23
2024-10-12 22:28:55,776 Gathering metrics
2024-10-12 22:31:13,014 {'acc1': 0.9461538461538461, 'acc5': 0.9951923076923077, 'loss': 35.4600735604763, 'macs': 832929313000, 'params': 611179496, 'model_size': 2331.4647521972656, 'inference_time': 0}
2024-10-12 22:31:13,048 Pruning 512 in layer 22
2024-10-12 22:31:13,049 Gathering metrics
2024-10-12 22:33:30,062 {'acc1': 0.9490384615384615, 'acc5': 0.9951923076923077, 'loss': 37.85504041612148, 'macs': 832929313000, 'params': 611179496, 'model_size': 2331.4647521972656, 'inference_time': 0}
2024-10-12 22:33:30,184 Pruning 1024 in layer 22
2024-10-12 22:33:30,186 Gathering metrics
2024-10-12 22:35:47,027 {'acc1': 0.9461538461538461, 'acc5': 0.9951923076923077, 'loss': 38.56500628590584, 'macs': 831132925160, 'params': 609868264, 'model_size': 2326.4627990722656, 'inference_time': 0}
2024-10-12 22:35:47,060 Pruning 512 in layer 21
2024-10-12 22:35:47,062 Gathering metrics
2024-10-12 22:38:03,980 {'acc1': 0.9432692307692307, 'acc5': 0.9961538461538462, 'loss': 39.33508978784084, 'macs': 831132925160, 'params': 609868264, 'model_size': 2326.4627990722656, 'inference_time': 0}
2024-10-12 22:38:04,013 Pruning 512 in layer 20
2024-10-12 22:38:04,015 Gathering metrics
2024-10-12 22:40:20,847 {'acc1': 0.9471153846153846, 'acc5': 0.9961538461538462, 'loss': 35.743635937571526, 'macs': 831132925160, 'params': 609868264, 'model_size': 2326.4627990722656, 'inference_time': 0}
2024-10-12 22:40:20,881 Pruning 1024 in layer 20
2024-10-12 22:40:20,883 Gathering metrics
2024-10-12 22:42:37,569 {'acc1': 0.95, 'acc5': 0.9961538461538462, 'loss': 35.36323860287666, 'macs': 829336537320, 'params': 608557032, 'model_size': 2321.4608459472656, 'inference_time': 0}
2024-10-12 22:42:37,603 Pruning 1536 in layer 20
2024-10-12 22:42:37,605 Gathering metrics
2024-10-12 22:44:54,116 {'acc1': 0.948076923076923, 'acc5': 0.9961538461538462, 'loss': 34.91672194004059, 'macs': 827540149480, 'params': 607245800, 'model_size': 2316.4588928222656, 'inference_time': 0}
2024-10-12 22:44:54,150 Pruning 2048 in layer 20
2024-10-12 22:44:54,152 Gathering metrics
2024-10-12 22:47:10,377 {'acc1': 0.948076923076923, 'acc5': 0.9971153846153846, 'loss': 34.68611879646778, 'macs': 825743761640, 'params': 605934568, 'model_size': 2311.4569396972656, 'inference_time': 0}
2024-10-12 22:47:10,411 Pruning 2560 in layer 20
2024-10-12 22:47:10,413 Gathering metrics
2024-10-12 22:49:26,479 {'acc1': 0.9490384615384615, 'acc5': 0.9971153846153846, 'loss': 34.359982669353485, 'macs': 823947373800, 'params': 604623336, 'model_size': 2306.4549865722656, 'inference_time': 0}
2024-10-12 22:49:26,514 Pruning 3072 in layer 20
2024-10-12 22:49:26,515 Gathering metrics
2024-10-12 22:51:42,177 {'acc1': 0.9509615384615384, 'acc5': 0.9961538461538462, 'loss': 34.71977633237839, 'macs': 822150985960, 'params': 603312104, 'model_size': 2301.4530334472656, 'inference_time': 0}
2024-10-12 22:51:42,211 Pruning 3584 in layer 20
2024-10-12 22:51:42,213 Gathering metrics
2024-10-12 22:53:57,836 {'acc1': 0.9528846153846153, 'acc5': 0.9961538461538462, 'loss': 34.85791429877281, 'macs': 820354598120, 'params': 602000872, 'model_size': 2296.4510803222656, 'inference_time': 0}
2024-10-12 22:53:57,959 Pruning 4096 in layer 20
2024-10-12 22:53:57,961 Gathering metrics
2024-10-12 22:56:14,058 {'acc1': 0.948076923076923, 'acc5': 0.9961538461538462, 'loss': 32.63900128006935, 'macs': 818558210280, 'params': 600689640, 'model_size': 2291.4491271972656, 'inference_time': 0}
2024-10-12 22:56:14,093 Pruning 4608 in layer 20
2024-10-12 22:56:14,094 Gathering metrics
2024-10-12 22:58:30,156 {'acc1': 0.9490384615384615, 'acc5': 0.9971153846153846, 'loss': 33.634995251894, 'macs': 816761822440, 'params': 599378408, 'model_size': 2286.4471740722656, 'inference_time': 0}
2024-10-12 22:58:30,190 Pruning 512 in layer 19
2024-10-12 22:58:30,191 Gathering metrics
2024-10-12 23:00:46,384 {'acc1': 0.9528846153846153, 'acc5': 0.9951923076923077, 'loss': 28.588172107934952, 'macs': 816761822440, 'params': 599378408, 'model_size': 2286.4471740722656, 'inference_time': 0}
2024-10-12 23:00:46,418 Pruning 1024 in layer 19
2024-10-12 23:00:46,419 Gathering metrics
2024-10-12 23:03:02,179 {'acc1': 0.9528846153846153, 'acc5': 0.9942307692307693, 'loss': 28.308181926608086, 'macs': 814965434600, 'params': 598067176, 'model_size': 2281.4452209472656, 'inference_time': 0}
2024-10-12 23:03:02,213 Pruning 1536 in layer 19
2024-10-12 23:03:02,215 Gathering metrics
2024-10-12 23:05:17,763 {'acc1': 0.9548076923076924, 'acc5': 0.9942307692307693, 'loss': 27.879541039466858, 'macs': 813169046760, 'params': 596755944, 'model_size': 2276.4432678222656, 'inference_time': 0}
2024-10-12 23:05:17,796 Pruning 2048 in layer 19
2024-10-12 23:05:17,798 Gathering metrics
2024-10-12 23:07:33,081 {'acc1': 0.9548076923076924, 'acc5': 0.9942307692307693, 'loss': 27.363068602979183, 'macs': 811372658920, 'params': 595444712, 'model_size': 2271.4413146972656, 'inference_time': 0}
2024-10-12 23:07:33,115 Pruning 2560 in layer 19
2024-10-12 23:07:33,117 Gathering metrics
2024-10-12 23:09:48,251 {'acc1': 0.9538461538461539, 'acc5': 0.9942307692307693, 'loss': 26.947281651198864, 'macs': 809576271080, 'params': 594133480, 'model_size': 2266.4393615722656, 'inference_time': 0}
2024-10-12 23:09:48,284 Pruning 3072 in layer 19
2024-10-12 23:09:48,286 Gathering metrics
2024-10-12 23:12:03,226 {'acc1': 0.9528846153846153, 'acc5': 0.9951923076923077, 'loss': 27.255985759198666, 'macs': 807779883240, 'params': 592822248, 'model_size': 2261.4374084472656, 'inference_time': 0}
2024-10-12 23:12:03,260 Pruning 3584 in layer 19
2024-10-12 23:12:03,262 Gathering metrics
2024-10-12 23:14:17,896 {'acc1': 0.9557692307692308, 'acc5': 0.9951923076923077, 'loss': 27.134466640651226, 'macs': 805983495400, 'params': 591511016, 'model_size': 2256.4354553222656, 'inference_time': 0}
2024-10-12 23:14:17,930 Pruning 4096 in layer 19
2024-10-12 23:14:17,932 Gathering metrics
2024-10-12 23:16:32,308 {'acc1': 0.9528846153846153, 'acc5': 0.9942307692307693, 'loss': 27.352648995816708, 'macs': 804187107560, 'params': 590199784, 'model_size': 2251.4335021972656, 'inference_time': 0}
2024-10-12 23:16:32,342 Pruning 4608 in layer 19
2024-10-12 23:16:32,344 Gathering metrics
2024-10-12 23:18:46,582 {'acc1': 0.9509615384615384, 'acc5': 0.9951923076923077, 'loss': 27.476823322474957, 'macs': 802390719720, 'params': 588888552, 'model_size': 2246.4315490722656, 'inference_time': 0}
2024-10-12 23:18:46,701 Pruning 512 in layer 18
2024-10-12 23:18:46,703 Gathering metrics
2024-10-12 23:21:00,892 {'acc1': 0.9509615384615384, 'acc5': 0.9923076923076923, 'loss': 25.99154619127512, 'macs': 802390719720, 'params': 588888552, 'model_size': 2246.4315490722656, 'inference_time': 0}
2024-10-12 23:21:00,925 Pruning 1024 in layer 18
2024-10-12 23:21:00,927 Gathering metrics
2024-10-12 23:23:14,986 {'acc1': 0.9490384615384615, 'acc5': 0.9932692307692308, 'loss': 25.94529838860035, 'macs': 800594331880, 'params': 587577320, 'model_size': 2241.4295959472656, 'inference_time': 0}
2024-10-12 23:23:15,020 Pruning 512 in layer 17
2024-10-12 23:23:15,022 Gathering metrics
2024-10-12 23:25:29,143 {'acc1': 0.9490384615384615, 'acc5': 0.9932692307692308, 'loss': 25.742198422551155, 'macs': 800594331880, 'params': 587577320, 'model_size': 2241.4295959472656, 'inference_time': 0}
2024-10-12 23:25:29,177 Pruning 1024 in layer 17
2024-10-12 23:25:29,179 Gathering metrics
2024-10-12 23:27:42,986 {'acc1': 0.9442307692307692, 'acc5': 0.9951923076923077, 'loss': 25.757026836276054, 'macs': 798797944040, 'params': 586266088, 'model_size': 2236.4276428222656, 'inference_time': 0}
2024-10-12 23:27:43,020 Pruning 512 in layer 16
2024-10-12 23:27:43,022 Gathering metrics
2024-10-12 23:29:57,031 {'acc1': 0.9451923076923077, 'acc5': 0.9923076923076923, 'loss': 25.449406027793884, 'macs': 798797944040, 'params': 586266088, 'model_size': 2236.4276428222656, 'inference_time': 0}
2024-10-12 23:29:57,064 Pruning 512 in layer 15
2024-10-12 23:29:57,066 Gathering metrics
2024-10-12 23:32:10,978 {'acc1': 0.9461538461538461, 'acc5': 0.9932692307692308, 'loss': 25.95404504239559, 'macs': 798797944040, 'params': 586266088, 'model_size': 2236.4276428222656, 'inference_time': 0}
2024-10-12 23:32:11,012 Pruning 1024 in layer 15
2024-10-12 23:32:11,013 Gathering metrics
2024-10-12 23:34:25,542 {'acc1': 0.9471153846153846, 'acc5': 0.9932692307692308, 'loss': 26.758453756570816, 'macs': 797001556200, 'params': 584954856, 'model_size': 2231.4256896972656, 'inference_time': 0}
2024-10-12 23:34:25,576 Pruning 1536 in layer 15
2024-10-12 23:34:25,578 Gathering metrics
2024-10-12 23:36:39,651 {'acc1': 0.9471153846153846, 'acc5': 0.9942307692307693, 'loss': 26.682665161788464, 'macs': 795205168360, 'params': 583643624, 'model_size': 2226.4237365722656, 'inference_time': 0}
2024-10-12 23:36:39,772 Pruning 2048 in layer 15
2024-10-12 23:36:39,774 Gathering metrics
2024-10-12 23:38:53,432 {'acc1': 0.948076923076923, 'acc5': 0.9942307692307693, 'loss': 26.381526708602905, 'macs': 793408780520, 'params': 582332392, 'model_size': 2221.4217834472656, 'inference_time': 0}
2024-10-12 23:38:53,466 Pruning 2560 in layer 15
2024-10-12 23:38:53,468 Gathering metrics
2024-10-12 23:41:07,253 {'acc1': 0.9471153846153846, 'acc5': 0.9942307692307693, 'loss': 26.30773700028658, 'macs': 791612392680, 'params': 581021160, 'model_size': 2216.4198303222656, 'inference_time': 0}
2024-10-12 23:41:07,287 Pruning 3072 in layer 15
2024-10-12 23:41:07,289 Gathering metrics
2024-10-12 23:43:20,837 {'acc1': 0.9442307692307692, 'acc5': 0.9942307692307693, 'loss': 26.500388637185097, 'macs': 789816004840, 'params': 579709928, 'model_size': 2211.4178771972656, 'inference_time': 0}
2024-10-12 23:43:20,871 Pruning 512 in layer 14
2024-10-12 23:43:20,873 Gathering metrics
2024-10-12 23:45:35,436 {'acc1': 0.9471153846153846, 'acc5': 0.9951923076923077, 'loss': 26.00848526507616, 'macs': 789816004840, 'params': 579709928, 'model_size': 2211.4178771972656, 'inference_time': 0}
2024-10-12 23:45:35,470 Pruning 1024 in layer 14
2024-10-12 23:45:35,472 Gathering metrics
2024-10-12 23:47:48,872 {'acc1': 0.9471153846153846, 'acc5': 0.9942307692307693, 'loss': 25.792637135833502, 'macs': 788019617000, 'params': 578398696, 'model_size': 2206.4159240722656, 'inference_time': 0}
2024-10-12 23:47:48,906 Pruning 1536 in layer 14
2024-10-12 23:47:48,908 Gathering metrics
2024-10-12 23:50:01,889 {'acc1': 0.9403846153846154, 'acc5': 0.9942307692307693, 'loss': 25.742719508707523, 'macs': 786223229160, 'params': 577087464, 'model_size': 2201.4139709472656, 'inference_time': 0}
2024-10-12 23:50:01,923 Pruning 512 in layer 13
2024-10-12 23:50:01,925 Gathering metrics
2024-10-12 23:52:15,129 {'acc1': 0.9423076923076923, 'acc5': 0.9961538461538462, 'loss': 26.743165537714958, 'macs': 786223229160, 'params': 577087464, 'model_size': 2201.4139709472656, 'inference_time': 0}
2024-10-12 23:52:15,163 Pruning 512 in layer 12
2024-10-12 23:52:15,165 Gathering metrics
2024-10-12 23:54:28,385 {'acc1': 0.9471153846153846, 'acc5': 0.9932692307692308, 'loss': 25.67387479543686, 'macs': 786223229160, 'params': 577087464, 'model_size': 2201.4139709472656, 'inference_time': 0}
2024-10-12 23:54:28,419 Pruning 1024 in layer 12
2024-10-12 23:54:28,421 Gathering metrics
2024-10-12 23:56:41,130 {'acc1': 0.9451923076923077, 'acc5': 0.9932692307692308, 'loss': 25.662061907351017, 'macs': 784426841320, 'params': 575776232, 'model_size': 2196.4120178222656, 'inference_time': 0}
2024-10-12 23:56:41,250 Pruning 1536 in layer 12
2024-10-12 23:56:41,252 Gathering metrics
2024-10-12 23:58:53,616 {'acc1': 0.9461538461538461, 'acc5': 0.9942307692307693, 'loss': 25.646495684981346, 'macs': 782630453480, 'params': 574465000, 'model_size': 2191.4100646972656, 'inference_time': 0}
2024-10-12 23:58:53,650 Pruning 2048 in layer 12
2024-10-12 23:58:53,652 Gathering metrics
2024-10-13 00:01:06,055 {'acc1': 0.9384615384615385, 'acc5': 0.9923076923076923, 'loss': 26.415099997073412, 'macs': 780834065640, 'params': 573153768, 'model_size': 2186.4081115722656, 'inference_time': 0}
2024-10-13 00:01:06,089 Pruning 512 in layer 11
2024-10-13 00:01:06,090 Gathering metrics
2024-10-13 00:03:18,374 {'acc1': 0.9384615384615385, 'acc5': 0.989423076923077, 'loss': 26.36102679744363, 'macs': 780834065640, 'params': 573153768, 'model_size': 2186.4081115722656, 'inference_time': 0}
2024-10-13 00:03:18,408 Pruning 512 in layer 10
2024-10-13 00:03:18,409 Gathering metrics
2024-10-13 00:05:30,780 {'acc1': 0.9384615384615385, 'acc5': 0.9932692307692308, 'loss': 27.21131443232298, 'macs': 780834065640, 'params': 573153768, 'model_size': 2186.4081115722656, 'inference_time': 0}
2024-10-13 00:05:30,814 Pruning 512 in layer 9
2024-10-13 00:05:30,816 Gathering metrics
2024-10-13 00:07:43,112 {'acc1': 0.9413461538461538, 'acc5': 0.9923076923076923, 'loss': 26.422686532139778, 'macs': 780834065640, 'params': 573153768, 'model_size': 2186.4081115722656, 'inference_time': 0}
2024-10-13 00:07:43,146 Pruning 512 in layer 8
2024-10-13 00:07:43,147 Gathering metrics
2024-10-13 00:09:55,640 {'acc1': 0.9432692307692307, 'acc5': 0.9923076923076923, 'loss': 25.726018399000168, 'macs': 780834065640, 'params': 573153768, 'model_size': 2186.4081115722656, 'inference_time': 0}
2024-10-13 00:09:55,673 Pruning 1024 in layer 8
2024-10-13 00:09:55,675 Gathering metrics
2024-10-13 00:12:07,788 {'acc1': 0.9442307692307692, 'acc5': 0.9913461538461539, 'loss': 26.52455710619688, 'macs': 779037677800, 'params': 571842536, 'model_size': 2181.4061584472656, 'inference_time': 0}
2024-10-13 00:12:07,822 Pruning 1536 in layer 8
2024-10-13 00:12:07,824 Gathering metrics
2024-10-13 00:14:19,684 {'acc1': 0.9375, 'acc5': 0.9913461538461539, 'loss': 27.339721739292145, 'macs': 777241289960, 'params': 570531304, 'model_size': 2176.4042053222656, 'inference_time': 0}
2024-10-13 00:14:19,804 Pruning 512 in layer 7
2024-10-13 00:14:19,806 Gathering metrics
2024-10-13 00:16:31,800 {'acc1': 0.9346153846153846, 'acc5': 0.9913461538461539, 'loss': 26.81473594158888, 'macs': 777241289960, 'params': 570531304, 'model_size': 2176.4042053222656, 'inference_time': 0}
2024-10-13 00:16:31,834 Pruning 512 in layer 6
2024-10-13 00:16:31,836 Gathering metrics
2024-10-13 00:18:43,827 {'acc1': 0.9432692307692307, 'acc5': 0.9932692307692308, 'loss': 26.773018289357424, 'macs': 777241289960, 'params': 570531304, 'model_size': 2176.4042053222656, 'inference_time': 0}
2024-10-13 00:18:43,860 Pruning 1024 in layer 6
2024-10-13 00:18:43,862 Gathering metrics
2024-10-13 00:20:55,541 {'acc1': 0.9384615384615385, 'acc5': 0.9923076923076923, 'loss': 27.882204942405224, 'macs': 775444902120, 'params': 569220072, 'model_size': 2171.4022521972656, 'inference_time': 0}
2024-10-13 00:20:55,575 Pruning 512 in layer 5
2024-10-13 00:20:55,576 Gathering metrics
2024-10-13 00:23:07,274 {'acc1': 0.9403846153846154, 'acc5': 0.9923076923076923, 'loss': 27.36368364840746, 'macs': 775444902120, 'params': 569220072, 'model_size': 2171.4022521972656, 'inference_time': 0}
2024-10-13 00:23:07,308 Pruning 1024 in layer 5
2024-10-13 00:23:07,309 Gathering metrics
2024-10-13 00:25:18,555 {'acc1': 0.9403846153846154, 'acc5': 0.9923076923076923, 'loss': 28.15562729164958, 'macs': 773648514280, 'params': 567908840, 'model_size': 2166.4002990722656, 'inference_time': 0}
2024-10-13 00:25:18,589 Pruning 1536 in layer 5
2024-10-13 00:25:18,590 Gathering metrics
2024-10-13 00:27:29,900 {'acc1': 0.9346153846153846, 'acc5': 0.9913461538461539, 'loss': 29.178568173199892, 'macs': 771852126440, 'params': 566597608, 'model_size': 2161.3983459472656, 'inference_time': 0}
2024-10-13 00:27:29,935 Pruning 512 in layer 4
2024-10-13 00:27:29,937 Gathering metrics
2024-10-13 00:29:41,109 {'acc1': 0.9346153846153846, 'acc5': 0.9932692307692308, 'loss': 29.07322496175766, 'macs': 771852126440, 'params': 566597608, 'model_size': 2161.3983459472656, 'inference_time': 0}
2024-10-13 00:29:41,143 Pruning 512 in layer 3
2024-10-13 00:29:41,144 Gathering metrics
2024-10-13 00:31:52,369 {'acc1': 0.9413461538461538, 'acc5': 0.9913461538461539, 'loss': 28.833377461880445, 'macs': 771852126440, 'params': 566597608, 'model_size': 2161.3983459472656, 'inference_time': 0}
2024-10-13 00:31:52,403 Pruning 1024 in layer 3
2024-10-13 00:31:52,404 Gathering metrics
2024-10-13 00:34:03,478 {'acc1': 0.9403846153846154, 'acc5': 0.9923076923076923, 'loss': 29.117379292845726, 'macs': 770055738600, 'params': 565286376, 'model_size': 2156.3963928222656, 'inference_time': 0}
2024-10-13 00:34:03,606 Pruning 1536 in layer 3
2024-10-13 00:34:03,608 Gathering metrics
2024-10-13 00:36:14,395 {'acc1': 0.9403846153846154, 'acc5': 0.9923076923076923, 'loss': 28.865205738693476, 'macs': 768259350760, 'params': 563975144, 'model_size': 2151.3944396972656, 'inference_time': 0}
2024-10-13 00:36:14,429 Pruning 2048 in layer 3
2024-10-13 00:36:14,431 Gathering metrics
2024-10-13 00:38:24,960 {'acc1': 0.9375, 'acc5': 0.9923076923076923, 'loss': 28.726171176880598, 'macs': 766462962920, 'params': 562663912, 'model_size': 2146.3924865722656, 'inference_time': 0}
2024-10-13 00:38:24,994 Pruning 2560 in layer 3
2024-10-13 00:38:24,996 Gathering metrics
2024-10-13 00:40:35,332 {'acc1': 0.9355769230769231, 'acc5': 0.9932692307692308, 'loss': 28.092615976929665, 'macs': 764666575080, 'params': 561352680, 'model_size': 2141.3905334472656, 'inference_time': 0}
2024-10-13 00:40:35,366 Pruning 512 in layer 2
2024-10-13 00:40:35,368 Gathering metrics
2024-10-13 00:42:45,664 {'acc1': 0.9326923076923077, 'acc5': 0.9932692307692308, 'loss': 29.57028254121542, 'macs': 764666575080, 'params': 561352680, 'model_size': 2141.3905334472656, 'inference_time': 0}
2024-10-13 00:42:45,697 Pruning 512 in layer 1
2024-10-13 00:42:45,699 Gathering metrics
2024-10-13 00:44:56,101 {'acc1': 0.9365384615384615, 'acc5': 0.9932692307692308, 'loss': 29.551004622131586, 'macs': 764666575080, 'params': 561352680, 'model_size': 2141.3905334472656, 'inference_time': 0}
2024-10-13 00:44:56,135 Pruning 1024 in layer 1
2024-10-13 00:44:56,136 Gathering metrics
2024-10-13 00:47:06,316 {'acc1': 0.9326923076923077, 'acc5': 0.9913461538461539, 'loss': 28.514994256198406, 'macs': 762870187240, 'params': 560041448, 'model_size': 2136.3885803222656, 'inference_time': 0}
2024-10-13 00:47:06,351 Pruning 512 in layer 0
2024-10-13 00:47:06,352 Gathering metrics
2024-10-13 00:49:16,653 {'acc1': 0.9375, 'acc5': 0.9932692307692308, 'loss': 29.544007420539856, 'macs': 762870187240, 'params': 560041448, 'model_size': 2136.3885803222656, 'inference_time': 0}
2024-10-13 00:49:16,688 Pruning 1024 in layer 0
2024-10-13 00:49:16,689 Gathering metrics
2024-10-13 00:51:26,590 {'acc1': 0.9307692307692308, 'acc5': 0.9942307692307693, 'loss': 29.709588047116995, 'macs': 761073799400, 'params': 558730216, 'model_size': 2131.3866271972656, 'inference_time': 0}
2024-10-13 00:51:26,607 Experiment finished
