2024-10-10 14:51:50,900 Starting experiment outputs/uniform/vit_b_16/l2
2024-10-10 14:51:50,900 Pruning 0...
2024-10-10 14:51:52,473 Gathering metrics...
2024-10-10 14:52:53,764 {'acc1': 0.8569651741293532, 'acc5': 0.9704601990049752, 'loss': 132.9500335380435, 'macs': 16864992232, 'params': 86567656, 'model_size': 330.2294006347656, 'inference_time': 0}
2024-10-10 14:52:53,764 Pruning 50...
2024-10-10 14:52:54,039 Gathering metrics...
2024-10-10 14:53:47,352 {'acc1': 0.8532338308457711, 'acc5': 0.9689054726368159, 'loss': 134.53780753910542, 'macs': 16683318832, 'params': 85645456, 'model_size': 326.71148681640625, 'inference_time': 0}
2024-10-10 14:53:47,352 Pruning 107...
2024-10-10 14:53:47,673 Gathering metrics...
2024-10-10 14:54:39,811 {'acc1': 0.8487251243781094, 'acc5': 0.9657960199004975, 'loss': 137.590727083385, 'macs': 16476211156, 'params': 84594148, 'model_size': 322.70106506347656, 'inference_time': 0}
2024-10-10 14:54:39,811 Pruning 167...
2024-10-10 14:54:40,030 Gathering metrics...
2024-10-10 14:55:34,518 {'acc1': 0.8423507462686567, 'acc5': 0.9651741293532339, 'loss': 140.71673595905304, 'macs': 16258203076, 'params': 83487508, 'model_size': 318.4795684814453, 'inference_time': 0}
2024-10-10 14:55:34,518 Pruning 230...
2024-10-10 14:55:34,735 Gathering metrics...
2024-10-10 14:56:26,629 {'acc1': 0.8356654228855721, 'acc5': 0.9603544776119403, 'loss': 145.11079427972436, 'macs': 16029294592, 'params': 82325536, 'model_size': 314.0469970703125, 'inference_time': 0}
2024-10-10 14:56:26,630 Pruning 294...
2024-10-10 14:56:26,936 Gathering metrics...
2024-10-10 14:57:26,159 {'acc1': 0.8303793532338308, 'acc5': 0.9567786069651741, 'loss': 148.18064650148153, 'macs': 15796752640, 'params': 81145120, 'model_size': 309.5440673828125, 'inference_time': 0}
2024-10-10 14:57:26,160 Pruning 359...
2024-10-10 14:57:26,512 Gathering metrics...
2024-10-10 14:58:17,839 {'acc1': 0.8152985074626866, 'acc5': 0.947139303482587, 'loss': 161.41510463505983, 'macs': 15560577220, 'params': 79946260, 'model_size': 304.9707794189453, 'inference_time': 0}
2024-10-10 14:58:17,839 Pruning 425...
2024-10-10 14:58:18,071 Gathering metrics...
2024-10-10 14:59:06,550 {'acc1': 0.7944651741293532, 'acc5': 0.9364116915422885, 'loss': 178.13447305560112, 'macs': 15320768332, 'params': 78728956, 'model_size': 300.32713317871094, 'inference_time': 0}
2024-10-10 14:59:06,550 Pruning 492...
2024-10-10 14:59:06,786 Gathering metrics...
2024-10-10 14:59:54,742 {'acc1': 0.7784514925373134, 'acc5': 0.9275497512437811, 'loss': 192.7765599116683, 'macs': 15077325976, 'params': 77493208, 'model_size': 295.6131286621094, 'inference_time': 0}
2024-10-10 14:59:54,742 Pruning 561...
2024-10-10 14:59:54,979 Gathering metrics...
2024-10-10 15:00:44,923 {'acc1': 0.7451803482587065, 'acc5': 0.9084266169154229, 'loss': 225.93335155397654, 'macs': 14826616684, 'params': 76220572, 'model_size': 290.75840759277344, 'inference_time': 0}
2024-10-10 15:00:44,923 Pruning 629...
2024-10-10 15:00:45,267 Gathering metrics...
2024-10-10 15:01:43,674 {'acc1': 0.7209266169154229, 'acc5': 0.8911691542288557, 'loss': 255.07666090130806, 'macs': 14579540860, 'params': 74966380, 'model_size': 285.9740447998047, 'inference_time': 0}
2024-10-10 15:01:43,675 Pruning 699...
2024-10-10 15:01:44,040 Gathering metrics...
2024-10-10 15:02:41,419 {'acc1': 0.6470771144278606, 'acc5': 0.8303793532338308, 'loss': 345.95218627154827, 'macs': 14325198100, 'params': 73675300, 'model_size': 281.04896545410156, 'inference_time': 0}
2024-10-10 15:02:41,420 Pruning 769...
2024-10-10 15:02:41,775 Gathering metrics...
2024-10-10 15:03:31,276 {'acc1': 0.5637437810945274, 'acc5': 0.75, 'loss': 461.962465852499, 'macs': 14070855340, 'params': 72384220, 'model_size': 276.12388610839844, 'inference_time': 0}
2024-10-10 15:03:31,276 Pruning 840...
2024-10-10 15:03:31,598 Gathering metrics...
2024-10-10 15:04:22,200 {'acc1': 0.45911069651741293, 'acc5': 0.6414800995024875, 'loss': 609.9175999760628, 'macs': 13812879112, 'params': 71074696, 'model_size': 271.1284484863281, 'inference_time': 0}
2024-10-10 15:04:22,200 Pruning 911...
2024-10-10 15:04:22,440 Gathering metrics...
2024-10-10 15:05:14,445 {'acc1': 0.3714241293532338, 'acc5': 0.5384017412935324, 'loss': 741.5449091494083, 'macs': 13554902884, 'params': 69765172, 'model_size': 266.1330108642578, 'inference_time': 0}
2024-10-10 15:05:14,445 Pruning 983...
2024-10-10 15:05:14,679 Gathering metrics...
2024-10-10 15:06:05,716 {'acc1': 0.31141169154228854, 'acc5': 0.4650186567164179, 'loss': 837.640348136425, 'macs': 13293293188, 'params': 68437204, 'model_size': 261.0672149658203, 'inference_time': 0}
2024-10-10 15:06:05,716 Pruning 1056...
2024-10-10 15:06:05,950 Gathering metrics...
2024-10-10 15:06:57,741 {'acc1': 0.23833955223880596, 'acc5': 0.3732898009950249, 'loss': 960.2733106017113, 'macs': 13028050024, 'params': 67090792, 'model_size': 255.93106079101562, 'inference_time': 0}
2024-10-10 15:06:57,741 Pruning 1128...
2024-10-10 15:06:57,971 Gathering metrics...
2024-10-10 15:07:48,022 {'acc1': 0.18190298507462688, 'acc5': 0.30223880597014924, 'loss': 1065.3368408679962, 'macs': 12766440328, 'params': 65762824, 'model_size': 250.86526489257812, 'inference_time': 0}
2024-10-10 15:07:48,022 Pruning 1202...
2024-10-10 15:07:48,252 Gathering metrics...
2024-10-10 15:08:38,224 {'acc1': 0.11023009950248756, 'acc5': 0.19076492537313433, 'loss': 1204.4451303482056, 'macs': 12497563696, 'params': 64397968, 'model_size': 245.65875244140625, 'inference_time': 0}
2024-10-10 15:08:38,225 Pruning 1275...
2024-10-10 15:08:38,457 Gathering metrics...
2024-10-10 15:09:28,322 {'acc1': 0.060478855721393034, 'acc5': 0.11240671641791045, 'loss': 1305.9453933238983, 'macs': 12232320532, 'params': 63051556, 'model_size': 240.52259826660156, 'inference_time': 0}
2024-10-10 15:09:28,322 Pruning 1349...
2024-10-10 15:09:28,557 Gathering metrics...
2024-10-10 15:10:18,114 {'acc1': 0.012126865671641791, 'acc5': 0.034203980099502485, 'loss': 1402.3985443115234, 'macs': 11963443900, 'params': 61686700, 'model_size': 235.3160858154297, 'inference_time': 0}
2024-10-10 15:10:18,114 Pruning 1424...
2024-10-10 15:10:18,377 Gathering metrics...
2024-10-10 15:11:09,187 {'acc1': 0.0017101990049751244, 'acc5': 0.011038557213930348, 'loss': 1458.480396747589, 'macs': 11690933800, 'params': 60303400, 'model_size': 230.03921508789062, 'inference_time': 0}
2024-10-10 15:11:09,187 Pruning 1498...
2024-10-10 15:11:09,426 Gathering metrics...
2024-10-10 15:11:58,984 {'acc1': 0.0009328358208955224, 'acc5': 0.0046641791044776115, 'loss': 1471.7533292770386, 'macs': 11422057168, 'params': 58938544, 'model_size': 224.83270263671875, 'inference_time': 0}
2024-10-10 15:11:58,984 Pruning 1574...
2024-10-10 15:11:59,223 Gathering metrics...
2024-10-10 15:12:48,171 {'acc1': 0.0001554726368159204, 'acc5': 0.0001554726368159204, 'loss': 1533.1572532653809, 'macs': 11145913600, 'params': 57536800, 'model_size': 219.4854736328125, 'inference_time': 0}
2024-10-10 15:12:48,184 Experiment finished
