2024-10-13 18:57:50,617 Starting experiment outputs/adaptive/vit_l_32/proj5n50
2024-10-13 18:57:50,617 Loading the original model
2024-10-13 18:57:51,841 Gathering metrics of the original model
2024-10-13 18:58:15,977 {'acc1': 0.801980198019802, 'acc5': 0.9452351485148515, 'loss': 89.42361554503441, 'macs': 15265769448, 'params': 306535400, 'model_size': 1169.3397521972656, 'inference_time': 0}
2024-10-13 18:58:16,002 Pruning 256 in layer 0
2024-10-13 18:58:21,511 Gathering metrics
2024-10-13 18:58:47,139 {'acc1': 0.7942450495049505, 'acc5': 0.9396658415841584, 'loss': 94.59242296218872, 'macs': 15239542248, 'params': 306010856, 'model_size': 1167.3387756347656, 'inference_time': 0}
2024-10-13 18:58:47,166 Pruning 256 in layer 1
2024-10-13 18:58:52,977 Gathering metrics
2024-10-13 18:59:18,047 {'acc1': 0.8001237623762376, 'acc5': 0.948019801980198, 'loss': 90.01766131818295, 'macs': 15239542248, 'params': 306010856, 'model_size': 1167.3387756347656, 'inference_time': 0}
2024-10-13 18:59:18,078 Pruning 512 in layer 1
2024-10-13 18:59:22,805 Gathering metrics
2024-10-13 18:59:46,238 {'acc1': 0.7964108910891089, 'acc5': 0.9439975247524752, 'loss': 91.35485350340605, 'macs': 15213315048, 'params': 305486312, 'model_size': 1165.3377990722656, 'inference_time': 0}
2024-10-13 18:59:46,263 Pruning 256 in layer 2
2024-10-13 18:59:51,707 Gathering metrics
2024-10-13 19:00:15,115 {'acc1': 0.0, 'acc5': 0.0, 'loss': 706.9713611602783, 'macs': 15213315048, 'params': 305486312, 'model_size': 1165.3377990722656, 'inference_time': 0}
2024-10-13 19:00:15,140 Pruning 256 in layer 3
2024-10-13 19:00:20,611 Gathering metrics
2024-10-13 19:00:44,349 {'acc1': 0.0, 'acc5': 0.01547029702970297, 'loss': 723.9506435394287, 'macs': 15213315048, 'params': 305486312, 'model_size': 1165.3377990722656, 'inference_time': 0}
2024-10-13 19:00:44,374 Pruning 256 in layer 4
2024-10-13 19:00:49,850 Gathering metrics
2024-10-13 19:01:13,569 {'acc1': 0.7951732673267327, 'acc5': 0.9421410891089109, 'loss': 93.15986233949661, 'macs': 15213315048, 'params': 305486312, 'model_size': 1165.3377990722656, 'inference_time': 0}
2024-10-13 19:01:13,593 Pruning 256 in layer 5
2024-10-13 19:01:19,070 Gathering metrics
2024-10-13 19:01:42,606 {'acc1': 0.0, 'acc5': 0.0, 'loss': 735.034848690033, 'macs': 15213315048, 'params': 305486312, 'model_size': 1165.3377990722656, 'inference_time': 0}
2024-10-13 19:01:42,631 Pruning 256 in layer 6
2024-10-13 19:01:48,096 Gathering metrics
2024-10-13 19:02:12,212 {'acc1': 0.0, 'acc5': 0.0, 'loss': 713.0311737060547, 'macs': 15213315048, 'params': 305486312, 'model_size': 1165.3377990722656, 'inference_time': 0}
2024-10-13 19:02:12,237 Pruning 256 in layer 7
2024-10-13 19:02:17,692 Gathering metrics
2024-10-13 19:02:46,691 {'acc1': 0.0, 'acc5': 0.0, 'loss': 719.1877813339233, 'macs': 15213315048, 'params': 305486312, 'model_size': 1165.3377990722656, 'inference_time': 0}
2024-10-13 19:02:46,724 Pruning 256 in layer 8
2024-10-13 19:02:52,570 Gathering metrics
2024-10-13 19:03:17,690 {'acc1': 0.7930074257425742, 'acc5': 0.9409034653465347, 'loss': 93.84537621587515, 'macs': 15213315048, 'params': 305486312, 'model_size': 1165.3377990722656, 'inference_time': 0}
2024-10-13 19:03:17,716 Pruning 256 in layer 9
2024-10-13 19:03:23,157 Gathering metrics
2024-10-13 19:03:46,778 {'acc1': 0.0, 'acc5': 0.0, 'loss': 704.7444291114807, 'macs': 15213315048, 'params': 305486312, 'model_size': 1165.3377990722656, 'inference_time': 0}
2024-10-13 19:03:46,889 Pruning 256 in layer 10
2024-10-13 19:03:52,707 Gathering metrics
2024-10-13 19:04:16,277 {'acc1': 0.0, 'acc5': 0.0, 'loss': 695.7624249458313, 'macs': 15213315048, 'params': 305486312, 'model_size': 1165.3377990722656, 'inference_time': 0}
2024-10-13 19:04:16,301 Pruning 256 in layer 11
2024-10-13 19:04:21,763 Gathering metrics
2024-10-13 19:04:45,351 {'acc1': 0.0, 'acc5': 0.0, 'loss': 704.7444291114807, 'macs': 15213315048, 'params': 305486312, 'model_size': 1165.3377990722656, 'inference_time': 0}
2024-10-13 19:04:45,376 Pruning 256 in layer 12
2024-10-13 19:04:50,836 Gathering metrics
2024-10-13 19:05:14,475 {'acc1': 0.0, 'acc5': 0.0, 'loss': 704.7444291114807, 'macs': 15213315048, 'params': 305486312, 'model_size': 1165.3377990722656, 'inference_time': 0}
2024-10-13 19:05:14,499 Pruning 256 in layer 13
2024-10-13 19:05:19,945 Gathering metrics
2024-10-13 19:05:43,389 {'acc1': 0.01547029702970297, 'acc5': 0.07735148514851485, 'loss': nan, 'macs': 15213315048, 'params': 305486312, 'model_size': 1165.3377990722656, 'inference_time': 0}
2024-10-13 19:05:43,414 Pruning 256 in layer 14
2024-10-13 19:05:48,864 Gathering metrics
2024-10-13 19:06:12,108 {'acc1': 0.01547029702970297, 'acc5': 0.07735148514851485, 'loss': nan, 'macs': 15213315048, 'params': 305486312, 'model_size': 1165.3377990722656, 'inference_time': 0}
2024-10-13 19:06:12,132 Pruning 256 in layer 15
2024-10-13 19:06:17,572 Gathering metrics
2024-10-13 19:06:41,172 {'acc1': 0.0, 'acc5': 0.0, 'loss': 704.7444291114807, 'macs': 15213315048, 'params': 305486312, 'model_size': 1165.3377990722656, 'inference_time': 0}
2024-10-13 19:06:41,197 Pruning 256 in layer 16
2024-10-13 19:06:46,673 Gathering metrics
2024-10-13 19:07:10,432 {'acc1': 0.01547029702970297, 'acc5': 0.07735148514851485, 'loss': nan, 'macs': 15213315048, 'params': 305486312, 'model_size': 1165.3377990722656, 'inference_time': 0}
2024-10-13 19:07:10,457 Pruning 256 in layer 17
2024-10-13 19:07:15,935 Gathering metrics
2024-10-13 19:07:39,359 {'acc1': 0.0, 'acc5': 0.0, 'loss': 704.7444291114807, 'macs': 15213315048, 'params': 305486312, 'model_size': 1165.3377990722656, 'inference_time': 0}
2024-10-13 19:07:39,384 Pruning 256 in layer 18
2024-10-13 19:07:44,834 Gathering metrics
2024-10-13 19:08:08,164 {'acc1': 0.0, 'acc5': 0.0, 'loss': 704.7444291114807, 'macs': 15213315048, 'params': 305486312, 'model_size': 1165.3377990722656, 'inference_time': 0}
2024-10-13 19:08:08,188 Pruning 256 in layer 19
2024-10-13 19:08:13,642 Gathering metrics
2024-10-13 19:08:37,000 {'acc1': 0.0, 'acc5': 0.0, 'loss': 717.1204009056091, 'macs': 15213315048, 'params': 305486312, 'model_size': 1165.3377990722656, 'inference_time': 0}
2024-10-13 19:08:37,025 Pruning 256 in layer 20
2024-10-13 19:08:42,486 Gathering metrics
2024-10-13 19:09:06,068 {'acc1': 0.7998143564356436, 'acc5': 0.9449257425742574, 'loss': 91.4500362277031, 'macs': 15213315048, 'params': 305486312, 'model_size': 1165.3377990722656, 'inference_time': 0}
2024-10-13 19:09:06,178 Pruning 512 in layer 20
2024-10-13 19:09:10,922 Gathering metrics
2024-10-13 19:09:34,326 {'acc1': 0.7988861386138614, 'acc5': 0.9452351485148515, 'loss': 90.95112305134535, 'macs': 15187087848, 'params': 304961768, 'model_size': 1163.3368225097656, 'inference_time': 0}
2024-10-13 19:09:34,351 Pruning 768 in layer 20
2024-10-13 19:09:38,518 Gathering metrics
2024-10-13 19:10:04,040 {'acc1': 0.7991955445544554, 'acc5': 0.9455445544554455, 'loss': 91.24111039936543, 'macs': 15160860648, 'params': 304437224, 'model_size': 1161.3358459472656, 'inference_time': 0}
2024-10-13 19:10:04,065 Pruning 1024 in layer 20
2024-10-13 19:10:07,670 Gathering metrics
2024-10-13 19:10:31,175 {'acc1': 0.7967202970297029, 'acc5': 0.9443069306930693, 'loss': 91.81035892665386, 'macs': 15134633448, 'params': 303912680, 'model_size': 1159.3348693847656, 'inference_time': 0}
2024-10-13 19:10:31,200 Pruning 1280 in layer 20
2024-10-13 19:10:34,333 Gathering metrics
2024-10-13 19:10:57,922 {'acc1': 0.7951732673267327, 'acc5': 0.9452351485148515, 'loss': 91.87116422504187, 'macs': 15108406248, 'params': 303388136, 'model_size': 1157.3338928222656, 'inference_time': 0}
2024-10-13 19:10:57,948 Pruning 256 in layer 21
2024-10-13 19:11:03,390 Gathering metrics
2024-10-13 19:11:26,914 {'acc1': 0.7973391089108911, 'acc5': 0.943069306930693, 'loss': 91.70745591074228, 'macs': 15108406248, 'params': 303388136, 'model_size': 1157.3338928222656, 'inference_time': 0}
2024-10-13 19:11:26,938 Pruning 512 in layer 21
2024-10-13 19:11:31,687 Gathering metrics
2024-10-13 19:11:55,275 {'acc1': 0.7948638613861386, 'acc5': 0.942450495049505, 'loss': 92.00515848398209, 'macs': 15082179048, 'params': 302863592, 'model_size': 1155.3329162597656, 'inference_time': 0}
2024-10-13 19:11:55,301 Pruning 768 in layer 21
2024-10-13 19:11:59,449 Gathering metrics
2024-10-13 19:12:22,718 {'acc1': 0.7936262376237624, 'acc5': 0.9418316831683168, 'loss': 92.61259911209345, 'macs': 15055951848, 'params': 302339048, 'model_size': 1153.3319396972656, 'inference_time': 0}
2024-10-13 19:12:22,744 Pruning 1024 in layer 21
2024-10-13 19:12:26,359 Gathering metrics
2024-10-13 19:12:50,088 {'acc1': 0.7957920792079208, 'acc5': 0.9409034653465347, 'loss': 92.55888063460588, 'macs': 15029724648, 'params': 301814504, 'model_size': 1151.3309631347656, 'inference_time': 0}
2024-10-13 19:12:50,119 Pruning 1280 in layer 21
2024-10-13 19:12:53,242 Gathering metrics
2024-10-13 19:13:16,547 {'acc1': 0.7970297029702971, 'acc5': 0.9436881188118812, 'loss': 91.81641022115946, 'macs': 15003497448, 'params': 301289960, 'model_size': 1149.3299865722656, 'inference_time': 0}
2024-10-13 19:13:16,572 Pruning 1536 in layer 21
2024-10-13 19:13:19,316 Gathering metrics
2024-10-13 19:13:42,744 {'acc1': 0.7957920792079208, 'acc5': 0.9405940594059405, 'loss': 92.21246945858002, 'macs': 14977270248, 'params': 300765416, 'model_size': 1147.3290100097656, 'inference_time': 0}
2024-10-13 19:13:42,770 Pruning 1792 in layer 21
2024-10-13 19:13:45,088 Gathering metrics
2024-10-13 19:14:08,470 {'acc1': 0.7933168316831684, 'acc5': 0.9393564356435643, 'loss': 92.39461486041546, 'macs': 14951043048, 'params': 300240872, 'model_size': 1145.3280334472656, 'inference_time': 0}
2024-10-13 19:14:08,496 Pruning 2048 in layer 21
2024-10-13 19:14:10,470 Gathering metrics
2024-10-13 19:14:33,643 {'acc1': 0.7942450495049505, 'acc5': 0.9399752475247525, 'loss': 92.14449090510607, 'macs': 14924815848, 'params': 299716328, 'model_size': 1143.3270568847656, 'inference_time': 0}
2024-10-13 19:14:33,668 Pruning 2304 in layer 21
2024-10-13 19:14:35,360 Gathering metrics
2024-10-13 19:14:58,760 {'acc1': 0.7911509900990099, 'acc5': 0.9396658415841584, 'loss': 91.84617189317942, 'macs': 14898588648, 'params': 299191784, 'model_size': 1141.3260803222656, 'inference_time': 0}
2024-10-13 19:14:58,869 Pruning 256 in layer 22
2024-10-13 19:15:04,313 Gathering metrics
2024-10-13 19:15:27,569 {'acc1': 0.7926980198019802, 'acc5': 0.9384282178217822, 'loss': 91.78077330067754, 'macs': 14898588648, 'params': 299191784, 'model_size': 1141.3260803222656, 'inference_time': 0}
2024-10-13 19:15:27,594 Pruning 512 in layer 22
2024-10-13 19:15:32,359 Gathering metrics
2024-10-13 19:15:55,649 {'acc1': 0.7899133663366337, 'acc5': 0.9384282178217822, 'loss': 95.06160684674978, 'macs': 14872361448, 'params': 298667240, 'model_size': 1139.3251037597656, 'inference_time': 0}
2024-10-13 19:15:55,674 Pruning 256 in layer 23
2024-10-13 19:16:01,146 Gathering metrics
2024-10-13 19:16:24,341 {'acc1': 0.7914603960396039, 'acc5': 0.937809405940594, 'loss': 99.95478082448244, 'macs': 14872361448, 'params': 298667240, 'model_size': 1139.3251037597656, 'inference_time': 0}
2024-10-13 19:16:24,367 Pruning 512 in layer 23
2024-10-13 19:16:29,124 Gathering metrics
2024-10-13 19:16:52,568 {'acc1': 0.7896039603960396, 'acc5': 0.9375, 'loss': 94.33495159074664, 'macs': 14846134248, 'params': 298142696, 'model_size': 1137.3241271972656, 'inference_time': 0}
2024-10-13 19:16:52,593 Pruning 768 in layer 23
2024-10-13 19:16:56,748 Gathering metrics
2024-10-13 19:17:20,328 {'acc1': 0.7908415841584159, 'acc5': 0.9384282178217822, 'loss': 90.4080264903605, 'macs': 14819907048, 'params': 297618152, 'model_size': 1135.3231506347656, 'inference_time': 0}
2024-10-13 19:17:20,354 Pruning 1024 in layer 23
2024-10-13 19:17:23,964 Gathering metrics
2024-10-13 19:17:47,349 {'acc1': 0.7889851485148515, 'acc5': 0.9375, 'loss': 89.98072213120759, 'macs': 14793679848, 'params': 297093608, 'model_size': 1133.3221740722656, 'inference_time': 0}
2024-10-13 19:17:47,362 Experiment finished
