2024-10-10 15:20:23,942 Starting experiment outputs/uniform/vit_b_16/proj550
2024-10-10 15:20:23,942 Pruning 0...
2024-10-10 15:21:22,264 Gathering metrics...
2024-10-10 15:22:41,638 {'acc1': 0.8571206467661692, 'acc5': 0.9704601990049752, 'loss': 132.9508498981595, 'macs': 16864992232, 'params': 86567656, 'model_size': 330.2294006347656, 'inference_time': 0}
2024-10-10 15:22:41,638 Pruning 50...
2024-10-10 15:23:43,837 Gathering metrics...
2024-10-10 15:25:02,930 {'acc1': 0.853389303482587, 'acc5': 0.9693718905472637, 'loss': 134.28123102337122, 'macs': 16683318832, 'params': 85645456, 'model_size': 326.71148681640625, 'inference_time': 0}
2024-10-10 15:25:02,931 Pruning 107...
2024-10-10 15:26:10,123 Gathering metrics...
2024-10-10 15:27:29,435 {'acc1': 0.8498134328358209, 'acc5': 0.9662624378109452, 'loss': 137.14519008994102, 'macs': 16476211156, 'params': 84594148, 'model_size': 322.70106506347656, 'inference_time': 0}
2024-10-10 15:27:29,435 Pruning 167...
2024-10-10 15:28:41,709 Gathering metrics...
2024-10-10 15:30:00,736 {'acc1': 0.8453047263681592, 'acc5': 0.9636194029850746, 'loss': 142.43172331899405, 'macs': 16258203076, 'params': 83487508, 'model_size': 318.4795684814453, 'inference_time': 0}
2024-10-10 15:30:00,736 Pruning 230...
2024-10-10 15:31:17,815 Gathering metrics...
2024-10-10 15:32:36,247 {'acc1': 0.8337997512437811, 'acc5': 0.9572450248756219, 'loss': 150.53980894386768, 'macs': 16029294592, 'params': 82325536, 'model_size': 314.0469970703125, 'inference_time': 0}
2024-10-10 15:32:36,247 Pruning 294...
2024-10-10 15:33:58,167 Gathering metrics...
2024-10-10 15:35:16,256 {'acc1': 0.8129664179104478, 'acc5': 0.9441853233830846, 'loss': 174.9591140151024, 'macs': 15796752640, 'params': 81145120, 'model_size': 309.5440673828125, 'inference_time': 0}
2024-10-10 15:35:16,256 Pruning 359...
2024-10-10 15:36:43,315 Gathering metrics...
2024-10-10 15:38:00,523 {'acc1': 0.7893345771144279, 'acc5': 0.9289490049751243, 'loss': 198.86897749826312, 'macs': 15560577220, 'params': 79946260, 'model_size': 304.9707794189453, 'inference_time': 0}
2024-10-10 15:38:00,523 Pruning 425...
2024-10-10 15:39:32,561 Gathering metrics...
2024-10-10 15:40:48,700 {'acc1': 0.7669465174129353, 'acc5': 0.9182213930348259, 'loss': 213.62864515185356, 'macs': 15320768332, 'params': 78728956, 'model_size': 300.32713317871094, 'inference_time': 0}
2024-10-10 15:40:48,700 Pruning 492...
2024-10-10 15:42:26,081 Gathering metrics...
2024-10-10 15:43:42,549 {'acc1': 0.5097947761194029, 'acc5': 0.7162624378109452, 'loss': 519.2260544598103, 'macs': 15077325976, 'params': 77493208, 'model_size': 295.6131286621094, 'inference_time': 0}
2024-10-10 15:43:42,549 Pruning 561...
2024-10-10 15:45:25,460 Gathering metrics...
2024-10-10 15:46:41,438 {'acc1': 0.07618159203980099, 'acc5': 0.18019278606965175, 'loss': 1173.6589467525482, 'macs': 14826616684, 'params': 76220572, 'model_size': 290.75840759277344, 'inference_time': 0}
2024-10-10 15:46:41,438 Pruning 629...
2024-10-10 15:48:30,897 Gathering metrics...
2024-10-10 15:49:47,052 {'acc1': 0.00404228855721393, 'acc5': 0.011504975124378109, 'loss': 1368.7183809280396, 'macs': 14579540860, 'params': 74966380, 'model_size': 285.9740447998047, 'inference_time': 0}
2024-10-10 15:49:47,052 Pruning 699...
2024-10-10 15:51:41,761 Gathering metrics...
2024-10-10 15:52:57,462 {'acc1': 0.0, 'acc5': 0.0003109452736318408, 'loss': 1418.2395114898682, 'macs': 14325198100, 'params': 73675300, 'model_size': 281.04896545410156, 'inference_time': 0}
2024-10-10 15:52:57,462 Pruning 769...
2024-10-10 15:54:57,667 Gathering metrics...
2024-10-10 15:56:13,137 {'acc1': 0.0, 'acc5': 0.0018656716417910447, 'loss': 1401.829210281372, 'macs': 14070855340, 'params': 72384220, 'model_size': 276.12388610839844, 'inference_time': 0}
2024-10-10 15:56:13,137 Pruning 840...
2024-10-10 15:58:17,901 Gathering metrics...
2024-10-10 15:59:32,056 {'acc1': 0.0, 'acc5': 0.0003109452736318408, 'loss': 1414.477014541626, 'macs': 13812879112, 'params': 71074696, 'model_size': 271.1284484863281, 'inference_time': 0}
2024-10-10 15:59:32,056 Pruning 911...
2024-10-10 16:01:40,363 Gathering metrics...
2024-10-10 16:02:54,321 {'acc1': 0.0, 'acc5': 0.0, 'loss': 1426.7257585525513, 'macs': 13554902884, 'params': 69765172, 'model_size': 266.1330108642578, 'inference_time': 0}
2024-10-10 16:02:54,321 Pruning 983...
2024-10-10 16:05:07,256 Gathering metrics...
2024-10-10 16:06:20,591 {'acc1': 0.0, 'acc5': 0.0, 'loss': 1449.298420906067, 'macs': 13293293188, 'params': 68437204, 'model_size': 261.0672149658203, 'inference_time': 0}
2024-10-10 16:06:20,591 Pruning 1056...
2024-10-10 16:08:36,457 Gathering metrics...
2024-10-10 16:09:49,803 {'acc1': 0.0, 'acc5': 0.0, 'loss': 1458.6337022781372, 'macs': 13028050024, 'params': 67090792, 'model_size': 255.93106079101562, 'inference_time': 0}
2024-10-10 16:09:49,803 Pruning 1128...
2024-10-10 16:12:09,989 Gathering metrics...
2024-10-10 16:13:21,729 {'acc1': 0.0, 'acc5': 0.0, 'loss': 1465.7126054763794, 'macs': 12766440328, 'params': 65762824, 'model_size': 250.86526489257812, 'inference_time': 0}
2024-10-10 16:13:21,730 Pruning 1202...
2024-10-10 16:15:45,254 Gathering metrics...
2024-10-10 16:16:57,170 {'acc1': 0.0, 'acc5': 0.0, 'loss': 1466.536214351654, 'macs': 12497563696, 'params': 64397968, 'model_size': 245.65875244140625, 'inference_time': 0}
2024-10-10 16:16:57,170 Pruning 1275...
2024-10-10 16:19:25,353 Gathering metrics...
2024-10-10 16:20:37,313 {'acc1': 0.0, 'acc5': 0.0, 'loss': 1474.3804955482483, 'macs': 12232320532, 'params': 63051556, 'model_size': 240.52259826660156, 'inference_time': 0}
2024-10-10 16:20:37,313 Pruning 1349...
2024-10-10 16:23:09,613 Gathering metrics...
2024-10-10 16:24:20,480 {'acc1': 0.0, 'acc5': 0.0, 'loss': 1486.3660759925842, 'macs': 11963443900, 'params': 61686700, 'model_size': 235.3160858154297, 'inference_time': 0}
2024-10-10 16:24:20,480 Pruning 1424...
2024-10-10 16:26:56,626 Gathering metrics...
2024-10-10 16:28:07,304 {'acc1': 0.0, 'acc5': 0.0, 'loss': 1482.0098786354065, 'macs': 11690933800, 'params': 60303400, 'model_size': 230.03921508789062, 'inference_time': 0}
2024-10-10 16:28:07,304 Pruning 1498...
2024-10-10 16:30:46,376 Gathering metrics...
2024-10-10 16:31:56,546 {'acc1': 0.0, 'acc5': 0.0, 'loss': 1488.9408173561096, 'macs': 11422057168, 'params': 58938544, 'model_size': 224.83270263671875, 'inference_time': 0}
2024-10-10 16:31:56,546 Pruning 1574...
2024-10-10 16:34:39,251 Gathering metrics...
2024-10-10 16:35:49,369 {'acc1': 0.0, 'acc5': 0.0, 'loss': 1482.4638977050781, 'macs': 11145913600, 'params': 57536800, 'model_size': 219.4854736328125, 'inference_time': 0}
2024-10-10 16:35:49,380 Experiment finished
