2024-10-12 01:20:41,888 Starting experiment outputs/adaptive/vit_b_16/proj5n50
2024-10-12 01:20:41,888 Loading the original model
2024-10-12 01:20:42,321 Gathering metrics of the original model
2024-10-12 01:21:22,445 {'acc1': 0.8415841584158416, 'acc5': 0.968440594059406, 'loss': 71.7905719652772, 'macs': 16864992232, 'params': 86567656, 'model_size': 330.2294006347656, 'inference_time': 0}
2024-10-12 01:21:22,458 Pruning 128 in layer 11
2024-10-12 01:21:28,182 Gathering metrics
2024-10-12 01:22:05,848 {'acc1': 0.8397277227722773, 'acc5': 0.968440594059406, 'loss': 70.29926612228155, 'macs': 16826235240, 'params': 86370920, 'model_size': 329.4789123535156, 'inference_time': 0}
2024-10-12 01:22:05,956 Pruning 256 in layer 11
2024-10-12 01:22:11,164 Gathering metrics
2024-10-12 01:22:48,295 {'acc1': 0.838799504950495, 'acc5': 0.9681311881188119, 'loss': 69.0860897526145, 'macs': 16787478248, 'params': 86174184, 'model_size': 328.7284240722656, 'inference_time': 0}
2024-10-12 01:22:48,309 Pruning 384 in layer 11
2024-10-12 01:22:53,041 Gathering metrics
2024-10-12 01:23:29,962 {'acc1': 0.8394183168316832, 'acc5': 0.968440594059406, 'loss': 68.88347232341766, 'macs': 16748721256, 'params': 85977448, 'model_size': 327.9779357910156, 'inference_time': 0}
2024-10-12 01:23:29,976 Pruning 512 in layer 11
2024-10-12 01:23:34,168 Gathering metrics
2024-10-12 01:24:11,176 {'acc1': 0.8400371287128713, 'acc5': 0.9681311881188119, 'loss': 68.38246082514524, 'macs': 16709964264, 'params': 85780712, 'model_size': 327.2274475097656, 'inference_time': 0}
2024-10-12 01:24:11,191 Pruning 640 in layer 11
2024-10-12 01:24:15,015 Gathering metrics
2024-10-12 01:24:51,988 {'acc1': 0.838799504950495, 'acc5': 0.9672029702970297, 'loss': 68.50833138823509, 'macs': 16671207272, 'params': 85583976, 'model_size': 326.4769592285156, 'inference_time': 0}
2024-10-12 01:24:52,002 Pruning 768 in layer 11
2024-10-12 01:24:55,512 Gathering metrics
2024-10-12 01:25:32,039 {'acc1': 0.8394183168316832, 'acc5': 0.9675123762376238, 'loss': 67.93825061619282, 'macs': 16632450280, 'params': 85387240, 'model_size': 325.7264709472656, 'inference_time': 0}
2024-10-12 01:25:32,053 Pruning 896 in layer 11
2024-10-12 01:25:34,985 Gathering metrics
2024-10-12 01:26:11,722 {'acc1': 0.8406559405940595, 'acc5': 0.9662747524752475, 'loss': 68.22721887379885, 'macs': 16593693288, 'params': 85190504, 'model_size': 324.9759826660156, 'inference_time': 0}
2024-10-12 01:26:11,736 Pruning 1024 in layer 11
2024-10-12 01:26:14,316 Gathering metrics
2024-10-12 01:26:50,810 {'acc1': 0.8403465346534653, 'acc5': 0.9668935643564357, 'loss': 68.18030815012753, 'macs': 16554936296, 'params': 84993768, 'model_size': 324.2254943847656, 'inference_time': 0}
2024-10-12 01:26:50,823 Pruning 1152 in layer 11
2024-10-12 01:26:53,068 Gathering metrics
2024-10-12 01:27:29,508 {'acc1': 0.8403465346534653, 'acc5': 0.9662747524752475, 'loss': 67.3791225887835, 'macs': 16516179304, 'params': 84797032, 'model_size': 323.4750061035156, 'inference_time': 0}
2024-10-12 01:27:29,521 Pruning 1280 in layer 11
2024-10-12 01:27:31,545 Gathering metrics
2024-10-12 01:28:07,944 {'acc1': 0.8394183168316832, 'acc5': 0.9672029702970297, 'loss': 67.01895656809211, 'macs': 16477422312, 'params': 84600296, 'model_size': 322.7245178222656, 'inference_time': 0}
2024-10-12 01:28:07,958 Pruning 1408 in layer 11
2024-10-12 01:28:09,725 Gathering metrics
2024-10-12 01:28:46,135 {'acc1': 0.8397277227722773, 'acc5': 0.9665841584158416, 'loss': 66.73862464353442, 'macs': 16438665320, 'params': 84403560, 'model_size': 321.9740295410156, 'inference_time': 0}
2024-10-12 01:28:46,149 Pruning 1536 in layer 11
2024-10-12 01:28:47,687 Gathering metrics
2024-10-12 01:29:24,307 {'acc1': 0.8403465346534653, 'acc5': 0.9678217821782178, 'loss': 66.49695995636284, 'macs': 16399908328, 'params': 84206824, 'model_size': 321.2235412597656, 'inference_time': 0}
2024-10-12 01:29:24,322 Pruning 1664 in layer 11
2024-10-12 01:29:25,661 Gathering metrics
2024-10-12 01:30:02,004 {'acc1': 0.838799504950495, 'acc5': 0.9668935643564357, 'loss': 66.63539486378431, 'macs': 16361151336, 'params': 84010088, 'model_size': 320.4730529785156, 'inference_time': 0}
2024-10-12 01:30:02,019 Pruning 1792 in layer 11
2024-10-12 01:30:03,203 Gathering metrics
2024-10-12 01:30:39,950 {'acc1': 0.8378712871287128, 'acc5': 0.9668935643564357, 'loss': 66.43046514689922, 'macs': 16322394344, 'params': 83813352, 'model_size': 319.7225646972656, 'inference_time': 0}
2024-10-12 01:30:39,963 Pruning 1920 in layer 11
2024-10-12 01:30:40,969 Gathering metrics
2024-10-12 01:31:17,387 {'acc1': 0.838490099009901, 'acc5': 0.9668935643564357, 'loss': 66.18207117542624, 'macs': 16283637352, 'params': 83616616, 'model_size': 318.9720764160156, 'inference_time': 0}
2024-10-12 01:31:17,401 Pruning 2048 in layer 11
2024-10-12 01:31:18,264 Gathering metrics
2024-10-12 01:31:54,680 {'acc1': 0.8391089108910891, 'acc5': 0.9672029702970297, 'loss': 66.06835447624326, 'macs': 16244880360, 'params': 83419880, 'model_size': 318.2215881347656, 'inference_time': 0}
2024-10-12 01:31:54,692 Pruning 2176 in layer 11
2024-10-12 01:31:55,432 Gathering metrics
2024-10-12 01:32:31,647 {'acc1': 0.8394183168316832, 'acc5': 0.9665841584158416, 'loss': 65.84439366869628, 'macs': 16206123368, 'params': 83223144, 'model_size': 317.4710998535156, 'inference_time': 0}
2024-10-12 01:32:31,664 Pruning 2304 in layer 11
2024-10-12 01:32:32,453 Gathering metrics
2024-10-12 01:33:09,286 {'acc1': 0.8400371287128713, 'acc5': 0.9668935643564357, 'loss': 65.73205872438848, 'macs': 16167366376, 'params': 83026408, 'model_size': 316.7206115722656, 'inference_time': 0}
2024-10-12 01:33:09,302 Pruning 2432 in layer 11
2024-10-12 01:33:09,979 Gathering metrics
2024-10-12 01:33:46,241 {'acc1': 0.8418935643564357, 'acc5': 0.968440594059406, 'loss': 65.48472191765904, 'macs': 16128609384, 'params': 82829672, 'model_size': 315.9701232910156, 'inference_time': 0}
2024-10-12 01:33:46,256 Pruning 2560 in layer 11
2024-10-12 01:33:46,725 Gathering metrics
2024-10-12 01:34:23,119 {'acc1': 0.8403465346534653, 'acc5': 0.968440594059406, 'loss': 65.44655700027943, 'macs': 16089852392, 'params': 82632936, 'model_size': 315.2196350097656, 'inference_time': 0}
2024-10-12 01:34:23,133 Pruning 2688 in layer 11
2024-10-12 01:34:23,521 Gathering metrics
2024-10-12 01:34:59,808 {'acc1': 0.8406559405940595, 'acc5': 0.968440594059406, 'loss': 65.02614312246442, 'macs': 16051095400, 'params': 82436200, 'model_size': 314.4691467285156, 'inference_time': 0}
2024-10-12 01:34:59,824 Pruning 2816 in layer 11
2024-10-12 01:35:00,156 Gathering metrics
2024-10-12 01:35:36,393 {'acc1': 0.8403465346534653, 'acc5': 0.968440594059406, 'loss': 64.81095330417156, 'macs': 16012338408, 'params': 82239464, 'model_size': 313.7186584472656, 'inference_time': 0}
2024-10-12 01:35:36,406 Pruning 2944 in layer 11
2024-10-12 01:35:36,666 Gathering metrics
2024-10-12 01:36:12,643 {'acc1': 0.8406559405940595, 'acc5': 0.9681311881188119, 'loss': 64.5750183481723, 'macs': 15973581416, 'params': 82042728, 'model_size': 312.9681701660156, 'inference_time': 0}
2024-10-12 01:36:12,658 Pruning 128 in layer 10
2024-10-12 01:36:18,303 Gathering metrics
2024-10-12 01:36:54,389 {'acc1': 0.8366336633663366, 'acc5': 0.9672029702970297, 'loss': 66.22571193054318, 'macs': 15973581416, 'params': 82042728, 'model_size': 312.9681701660156, 'inference_time': 0}
2024-10-12 01:36:54,404 Pruning 256 in layer 10
2024-10-12 01:36:59,644 Gathering metrics
2024-10-12 01:37:35,549 {'acc1': 0.8357054455445545, 'acc5': 0.9659653465346535, 'loss': 67.21898947656155, 'macs': 15934824424, 'params': 81845992, 'model_size': 312.2176818847656, 'inference_time': 0}
2024-10-12 01:37:35,562 Pruning 384 in layer 10
2024-10-12 01:37:40,282 Gathering metrics
2024-10-12 01:38:16,326 {'acc1': 0.8357054455445545, 'acc5': 0.9656559405940595, 'loss': 67.12666558101773, 'macs': 15896067432, 'params': 81649256, 'model_size': 311.4671936035156, 'inference_time': 0}
2024-10-12 01:38:16,340 Pruning 512 in layer 10
2024-10-12 01:38:20,507 Gathering metrics
2024-10-12 01:38:56,192 {'acc1': 0.8307549504950495, 'acc5': 0.9659653465346535, 'loss': 68.05249416083097, 'macs': 15857310440, 'params': 81452520, 'model_size': 310.7167053222656, 'inference_time': 0}
2024-10-12 01:38:56,206 Pruning 128 in layer 9
2024-10-12 01:39:01,838 Gathering metrics
2024-10-12 01:39:37,994 {'acc1': 0.8326113861386139, 'acc5': 0.9672029702970297, 'loss': 66.91413105465472, 'macs': 15857310440, 'params': 81452520, 'model_size': 310.7167053222656, 'inference_time': 0}
2024-10-12 01:39:38,009 Pruning 256 in layer 9
2024-10-12 01:39:43,261 Gathering metrics
2024-10-12 01:40:19,330 {'acc1': 0.8323019801980198, 'acc5': 0.9659653465346535, 'loss': 67.03433583583683, 'macs': 15818553448, 'params': 81255784, 'model_size': 309.9662170410156, 'inference_time': 0}
2024-10-12 01:40:19,345 Pruning 384 in layer 9
2024-10-12 01:40:24,106 Gathering metrics
2024-10-12 01:41:00,033 {'acc1': 0.8347772277227723, 'acc5': 0.9662747524752475, 'loss': 66.85177820920944, 'macs': 15779796456, 'params': 81059048, 'model_size': 309.2157287597656, 'inference_time': 0}
2024-10-12 01:41:00,048 Pruning 512 in layer 9
2024-10-12 01:41:04,247 Gathering metrics
2024-10-12 01:41:39,999 {'acc1': 0.8329207920792079, 'acc5': 0.9650371287128713, 'loss': 67.85411463025957, 'macs': 15741039464, 'params': 80862312, 'model_size': 308.4652404785156, 'inference_time': 0}
2024-10-12 01:41:40,013 Pruning 640 in layer 9
2024-10-12 01:41:43,815 Gathering metrics
2024-10-12 01:42:19,681 {'acc1': 0.8316831683168316, 'acc5': 0.9668935643564357, 'loss': 68.07729299366474, 'macs': 15702282472, 'params': 80665576, 'model_size': 307.7147521972656, 'inference_time': 0}
2024-10-12 01:42:19,695 Pruning 768 in layer 9
2024-10-12 01:42:23,143 Gathering metrics
2024-10-12 01:42:58,940 {'acc1': 0.8323019801980198, 'acc5': 0.9672029702970297, 'loss': 68.3585932739079, 'macs': 15663525480, 'params': 80468840, 'model_size': 306.9642639160156, 'inference_time': 0}
2024-10-12 01:42:58,954 Pruning 896 in layer 9
2024-10-12 01:43:01,860 Gathering metrics
2024-10-12 01:43:37,277 {'acc1': 0.8292079207920792, 'acc5': 0.9668935643564357, 'loss': 68.53887267783284, 'macs': 15624768488, 'params': 80272104, 'model_size': 306.2137756347656, 'inference_time': 0}
2024-10-12 01:43:37,291 Pruning 1024 in layer 9
2024-10-12 01:43:39,877 Gathering metrics
2024-10-12 01:44:15,402 {'acc1': 0.8254950495049505, 'acc5': 0.9665841584158416, 'loss': 69.41408758796751, 'macs': 15586011496, 'params': 80075368, 'model_size': 305.4632873535156, 'inference_time': 0}
2024-10-12 01:44:15,417 Pruning 128 in layer 8
2024-10-12 01:44:21,068 Gathering metrics
2024-10-12 01:44:56,804 {'acc1': 0.8254950495049505, 'acc5': 0.9653465346534653, 'loss': 68.85244111530483, 'macs': 15586011496, 'params': 80075368, 'model_size': 305.4632873535156, 'inference_time': 0}
2024-10-12 01:44:56,820 Pruning 256 in layer 8
2024-10-12 01:45:02,074 Gathering metrics
2024-10-12 01:45:37,601 {'acc1': 0.8242574257425742, 'acc5': 0.9641089108910891, 'loss': 69.22873404994607, 'macs': 15547254504, 'params': 79878632, 'model_size': 304.7127990722656, 'inference_time': 0}
2024-10-12 01:45:37,711 Pruning 384 in layer 8
2024-10-12 01:45:42,420 Gathering metrics
2024-10-12 01:46:17,801 {'acc1': 0.8220915841584159, 'acc5': 0.963490099009901, 'loss': 69.72678617574275, 'macs': 15508497512, 'params': 79681896, 'model_size': 303.9623107910156, 'inference_time': 0}
2024-10-12 01:46:17,815 Pruning 512 in layer 8
2024-10-12 01:46:21,979 Gathering metrics
2024-10-12 01:46:57,415 {'acc1': 0.823019801980198, 'acc5': 0.9622524752475248, 'loss': 70.4607743928209, 'macs': 15469740520, 'params': 79485160, 'model_size': 303.2118225097656, 'inference_time': 0}
2024-10-12 01:46:57,429 Pruning 640 in layer 8
2024-10-12 01:47:01,214 Gathering metrics
2024-10-12 01:47:36,736 {'acc1': 0.8239480198019802, 'acc5': 0.9619430693069307, 'loss': 70.89197692275047, 'macs': 15430983528, 'params': 79288424, 'model_size': 302.4613342285156, 'inference_time': 0}
2024-10-12 01:47:36,749 Pruning 768 in layer 8
2024-10-12 01:47:40,206 Gathering metrics
2024-10-12 01:48:15,702 {'acc1': 0.8264232673267327, 'acc5': 0.9603960396039604, 'loss': 71.29592747148126, 'macs': 15392226536, 'params': 79091688, 'model_size': 301.7108459472656, 'inference_time': 0}
2024-10-12 01:48:15,716 Pruning 896 in layer 8
2024-10-12 01:48:18,624 Gathering metrics
2024-10-12 01:48:53,996 {'acc1': 0.8254950495049505, 'acc5': 0.9616336633663366, 'loss': 71.51750096213073, 'macs': 15353469544, 'params': 78894952, 'model_size': 300.9603576660156, 'inference_time': 0}
2024-10-12 01:48:54,011 Pruning 1024 in layer 8
2024-10-12 01:48:56,578 Gathering metrics
2024-10-12 01:49:32,250 {'acc1': 0.8236386138613861, 'acc5': 0.9607054455445545, 'loss': 72.78719352651387, 'macs': 15314712552, 'params': 78698216, 'model_size': 300.2098693847656, 'inference_time': 0}
2024-10-12 01:49:32,266 Pruning 1152 in layer 8
2024-10-12 01:49:34,522 Gathering metrics
2024-10-12 01:50:09,948 {'acc1': 0.8254950495049505, 'acc5': 0.9610148514851485, 'loss': 73.69490362890065, 'macs': 15275955560, 'params': 78501480, 'model_size': 299.4593811035156, 'inference_time': 0}
2024-10-12 01:50:09,963 Pruning 1280 in layer 8
2024-10-12 01:50:11,992 Gathering metrics
2024-10-12 01:50:47,261 {'acc1': 0.8211633663366337, 'acc5': 0.9603960396039604, 'loss': 74.18262557685375, 'macs': 15237198568, 'params': 78304744, 'model_size': 298.7088928222656, 'inference_time': 0}
2024-10-12 01:50:47,277 Pruning 128 in layer 7
2024-10-12 01:50:52,930 Gathering metrics
2024-10-12 01:51:28,366 {'acc1': 0.8224009900990099, 'acc5': 0.9613242574257426, 'loss': 74.31159395724535, 'macs': 15237198568, 'params': 78304744, 'model_size': 298.7088928222656, 'inference_time': 0}
2024-10-12 01:51:28,382 Pruning 256 in layer 7
2024-10-12 01:51:33,660 Gathering metrics
2024-10-12 01:52:08,943 {'acc1': 0.8189975247524752, 'acc5': 0.9591584158415841, 'loss': 75.61868153326213, 'macs': 15198441576, 'params': 78108008, 'model_size': 297.9584045410156, 'inference_time': 0}
2024-10-12 01:52:08,957 Pruning 384 in layer 7
2024-10-12 01:52:13,712 Gathering metrics
2024-10-12 01:52:48,905 {'acc1': 0.8152846534653465, 'acc5': 0.9576113861386139, 'loss': 77.31859829090536, 'macs': 15159684584, 'params': 77911272, 'model_size': 297.2079162597656, 'inference_time': 0}
2024-10-12 01:52:48,919 Pruning 128 in layer 6
2024-10-12 01:52:54,572 Gathering metrics
2024-10-12 01:53:29,808 {'acc1': 0.8189975247524752, 'acc5': 0.9603960396039604, 'loss': 76.0863719843328, 'macs': 15159684584, 'params': 77911272, 'model_size': 297.2079162597656, 'inference_time': 0}
2024-10-12 01:53:29,823 Pruning 256 in layer 6
2024-10-12 01:53:35,086 Gathering metrics
2024-10-12 01:54:10,443 {'acc1': 0.8202351485148515, 'acc5': 0.9600866336633663, 'loss': 76.515551276505, 'macs': 15120927592, 'params': 77714536, 'model_size': 296.4574279785156, 'inference_time': 0}
2024-10-12 01:54:10,460 Pruning 384 in layer 6
2024-10-12 01:54:15,193 Gathering metrics
2024-10-12 01:54:50,210 {'acc1': 0.8183787128712872, 'acc5': 0.9591584158415841, 'loss': 76.81756561249495, 'macs': 15082170600, 'params': 77517800, 'model_size': 295.7069396972656, 'inference_time': 0}
2024-10-12 01:54:50,224 Pruning 512 in layer 6
2024-10-12 01:54:54,404 Gathering metrics
2024-10-12 01:55:29,468 {'acc1': 0.8159034653465347, 'acc5': 0.9579207920792079, 'loss': 78.55580342561007, 'macs': 15043413608, 'params': 77321064, 'model_size': 294.9564514160156, 'inference_time': 0}
2024-10-12 01:55:29,482 Pruning 640 in layer 6
2024-10-12 01:55:33,273 Gathering metrics
2024-10-12 01:56:08,502 {'acc1': 0.8159034653465347, 'acc5': 0.9566831683168316, 'loss': 78.59327743202448, 'macs': 15004656616, 'params': 77124328, 'model_size': 294.2059631347656, 'inference_time': 0}
2024-10-12 01:56:08,517 Pruning 768 in layer 6
2024-10-12 01:56:11,963 Gathering metrics
2024-10-12 01:56:46,889 {'acc1': 0.8143564356435643, 'acc5': 0.9542079207920792, 'loss': 79.70174340158701, 'macs': 14965899624, 'params': 76927592, 'model_size': 293.4554748535156, 'inference_time': 0}
2024-10-12 01:56:46,903 Pruning 896 in layer 6
2024-10-12 01:56:49,810 Gathering metrics
2024-10-12 01:57:24,981 {'acc1': 0.8125, 'acc5': 0.9529702970297029, 'loss': 80.42407822888345, 'macs': 14927142632, 'params': 76730856, 'model_size': 292.7049865722656, 'inference_time': 0}
2024-10-12 01:57:24,995 Pruning 1024 in layer 6
2024-10-12 01:57:27,548 Gathering metrics
2024-10-12 01:58:02,600 {'acc1': 0.8100247524752475, 'acc5': 0.9514232673267327, 'loss': 81.56682536378503, 'macs': 14888385640, 'params': 76534120, 'model_size': 291.9544982910156, 'inference_time': 0}
2024-10-12 01:58:02,614 Pruning 128 in layer 5
2024-10-12 01:58:08,225 Gathering metrics
2024-10-12 01:58:43,206 {'acc1': 0.812809405940594, 'acc5': 0.9514232673267327, 'loss': 81.13478104025126, 'macs': 14888385640, 'params': 76534120, 'model_size': 291.9544982910156, 'inference_time': 0}
2024-10-12 01:58:43,220 Pruning 256 in layer 5
2024-10-12 01:58:48,500 Gathering metrics
2024-10-12 01:59:23,746 {'acc1': 0.8087871287128713, 'acc5': 0.9511138613861386, 'loss': 82.36656104959548, 'macs': 14849628648, 'params': 76337384, 'model_size': 291.2040100097656, 'inference_time': 0}
2024-10-12 01:59:23,762 Pruning 384 in layer 5
2024-10-12 01:59:28,465 Gathering metrics
2024-10-12 02:00:03,419 {'acc1': 0.8056930693069307, 'acc5': 0.9470915841584159, 'loss': 84.35218934156, 'macs': 14810871656, 'params': 76140648, 'model_size': 290.4535217285156, 'inference_time': 0}
2024-10-12 02:00:03,433 Pruning 512 in layer 5
2024-10-12 02:00:07,618 Gathering metrics
2024-10-12 02:00:42,806 {'acc1': 0.8047648514851485, 'acc5': 0.9477103960396039, 'loss': 85.13022021017969, 'macs': 14772114664, 'params': 75943912, 'model_size': 289.7030334472656, 'inference_time': 0}
2024-10-12 02:00:42,820 Pruning 128 in layer 4
2024-10-12 02:00:48,491 Gathering metrics
2024-10-12 02:01:23,968 {'acc1': 0.8016707920792079, 'acc5': 0.9474009900990099, 'loss': 85.51348466053605, 'macs': 14772114664, 'params': 75943912, 'model_size': 289.7030334472656, 'inference_time': 0}
2024-10-12 02:01:23,983 Pruning 256 in layer 4
2024-10-12 02:01:29,236 Gathering metrics
2024-10-12 02:02:05,028 {'acc1': 0.8013613861386139, 'acc5': 0.9458539603960396, 'loss': 87.24211538955569, 'macs': 14733357672, 'params': 75747176, 'model_size': 288.9525451660156, 'inference_time': 0}
2024-10-12 02:02:05,043 Pruning 384 in layer 4
2024-10-12 02:02:09,776 Gathering metrics
2024-10-12 02:02:45,171 {'acc1': 0.7976485148514851, 'acc5': 0.9436881188118812, 'loss': 89.42300969362259, 'macs': 14694600680, 'params': 75550440, 'model_size': 288.2020568847656, 'inference_time': 0}
2024-10-12 02:02:45,186 Pruning 128 in layer 3
2024-10-12 02:02:50,825 Gathering metrics
2024-10-12 02:03:25,686 {'acc1': 0.8007425742574258, 'acc5': 0.9439975247524752, 'loss': 88.99616589583457, 'macs': 14694600680, 'params': 75550440, 'model_size': 288.2020568847656, 'inference_time': 0}
2024-10-12 02:03:25,701 Pruning 256 in layer 3
2024-10-12 02:03:30,961 Gathering metrics
2024-10-12 02:04:06,220 {'acc1': 0.7933168316831684, 'acc5': 0.9421410891089109, 'loss': 91.8363550901413, 'macs': 14655843688, 'params': 75353704, 'model_size': 287.4515686035156, 'inference_time': 0}
2024-10-12 02:04:06,236 Pruning 128 in layer 2
2024-10-12 02:04:11,878 Gathering metrics
2024-10-12 02:04:46,862 {'acc1': 0.7957920792079208, 'acc5': 0.9452351485148515, 'loss': 89.29077462479472, 'macs': 14655843688, 'params': 75353704, 'model_size': 287.4515686035156, 'inference_time': 0}
2024-10-12 02:04:46,876 Pruning 256 in layer 2
2024-10-12 02:04:52,110 Gathering metrics
2024-10-12 02:05:27,268 {'acc1': 0.7920792079207921, 'acc5': 0.9436881188118812, 'loss': 91.0288791526109, 'macs': 14617086696, 'params': 75156968, 'model_size': 286.7010803222656, 'inference_time': 0}
2024-10-12 02:05:27,284 Pruning 128 in layer 1
2024-10-12 02:05:32,939 Gathering metrics
2024-10-12 02:06:08,164 {'acc1': 0.7914603960396039, 'acc5': 0.9436881188118812, 'loss': 91.31465374864638, 'macs': 14617086696, 'params': 75156968, 'model_size': 286.7010803222656, 'inference_time': 0}
2024-10-12 02:06:08,179 Pruning 256 in layer 1
2024-10-12 02:06:13,482 Gathering metrics
2024-10-12 02:06:48,652 {'acc1': 0.7837252475247525, 'acc5': 0.9399752475247525, 'loss': 94.81582107022405, 'macs': 14578329704, 'params': 74960232, 'model_size': 285.9505920410156, 'inference_time': 0}
2024-10-12 02:06:48,668 Pruning 128 in layer 0
2024-10-12 02:06:54,337 Gathering metrics
2024-10-12 02:07:30,470 {'acc1': 0.7883663366336634, 'acc5': 0.9446163366336634, 'loss': 91.98932892642915, 'macs': 14578329704, 'params': 74960232, 'model_size': 285.9505920410156, 'inference_time': 0}
2024-10-12 02:07:30,586 Pruning 256 in layer 0
2024-10-12 02:07:35,831 Gathering metrics
2024-10-12 02:08:12,493 {'acc1': 0.7883663366336634, 'acc5': 0.9433787128712872, 'loss': 92.78207744844258, 'macs': 14539572712, 'params': 74763496, 'model_size': 285.2001037597656, 'inference_time': 0}
2024-10-12 02:08:12,511 Pruning 384 in layer 0
2024-10-12 02:08:17,535 Gathering metrics
2024-10-12 02:08:52,922 {'acc1': 0.7896039603960396, 'acc5': 0.9443069306930693, 'loss': 93.15037689357996, 'macs': 14500815720, 'params': 74566760, 'model_size': 284.4496154785156, 'inference_time': 0}
2024-10-12 02:08:52,937 Pruning 512 in layer 0
2024-10-12 02:08:57,073 Gathering metrics
2024-10-12 02:09:31,793 {'acc1': 0.786509900990099, 'acc5': 0.9405940594059405, 'loss': 94.4386063106358, 'macs': 14462058728, 'params': 74370024, 'model_size': 283.6991271972656, 'inference_time': 0}
2024-10-12 02:09:31,807 Pruning 640 in layer 0
2024-10-12 02:09:35,631 Gathering metrics
2024-10-12 02:10:10,674 {'acc1': 0.7645420792079208, 'acc5': 0.9263613861386139, 'loss': 111.14878246188164, 'macs': 14423301736, 'params': 74173288, 'model_size': 282.9486389160156, 'inference_time': 0}
2024-10-12 02:10:10,690 Experiment finished
