2024-10-13 11:47:45,919 Starting experiment outputs/adaptive/vit_b_16/l1
2024-10-13 11:47:45,920 Loading the original model
2024-10-13 11:47:46,346 Gathering metrics of the original model
2024-10-13 11:48:26,475 {'acc1': 0.8415841584158416, 'acc5': 0.968440594059406, 'loss': 71.7905719652772, 'macs': 16864992232, 'params': 86567656, 'model_size': 330.2294006347656, 'inference_time': 0}
2024-10-13 11:48:26,490 Pruning 256 in layer 0
2024-10-13 11:48:26,525 Gathering metrics
2024-10-13 11:49:04,189 {'acc1': 0.13830445544554457, 'acc5': 0.2691831683168317, 'loss': 663.1684584617615, 'macs': 16787478248, 'params': 86174184, 'model_size': 328.7284240722656, 'inference_time': 0}
2024-10-13 11:49:04,297 Pruning 256 in layer 1
2024-10-13 11:49:04,298 Gathering metrics
2024-10-13 11:49:41,633 {'acc1': 0.8360148514851485, 'acc5': 0.9656559405940595, 'loss': 73.5094667673111, 'macs': 16787478248, 'params': 86174184, 'model_size': 328.7284240722656, 'inference_time': 0}
2024-10-13 11:49:41,647 Pruning 512 in layer 1
2024-10-13 11:49:41,648 Gathering metrics
2024-10-13 11:50:18,691 {'acc1': 0.8261138613861386, 'acc5': 0.9625618811881188, 'loss': 76.59361214190722, 'macs': 16709964264, 'params': 85780712, 'model_size': 327.2274475097656, 'inference_time': 0}
2024-10-13 11:50:18,706 Pruning 256 in layer 2
2024-10-13 11:50:18,707 Gathering metrics
2024-10-13 11:50:56,276 {'acc1': 0.8279702970297029, 'acc5': 0.963180693069307, 'loss': 75.1081396266818, 'macs': 16709964264, 'params': 85780712, 'model_size': 327.2274475097656, 'inference_time': 0}
2024-10-13 11:50:56,291 Pruning 256 in layer 3
2024-10-13 11:50:56,292 Gathering metrics
2024-10-13 11:51:33,572 {'acc1': 0.8304455445544554, 'acc5': 0.9647277227722773, 'loss': 75.09542894363403, 'macs': 16709964264, 'params': 85780712, 'model_size': 327.2274475097656, 'inference_time': 0}
2024-10-13 11:51:33,589 Pruning 512 in layer 3
2024-10-13 11:51:33,590 Gathering metrics
2024-10-13 11:52:10,772 {'acc1': 0.8282797029702971, 'acc5': 0.9613242574257426, 'loss': 75.52536895871162, 'macs': 16632450280, 'params': 85387240, 'model_size': 325.7264709472656, 'inference_time': 0}
2024-10-13 11:52:10,788 Pruning 256 in layer 4
2024-10-13 11:52:10,789 Gathering metrics
2024-10-13 11:52:48,010 {'acc1': 0.8261138613861386, 'acc5': 0.9622524752475248, 'loss': 76.1495425850153, 'macs': 16632450280, 'params': 85387240, 'model_size': 325.7264709472656, 'inference_time': 0}
2024-10-13 11:52:48,025 Pruning 512 in layer 4
2024-10-13 11:52:48,026 Gathering metrics
2024-10-13 11:53:25,193 {'acc1': 0.8264232673267327, 'acc5': 0.9600866336633663, 'loss': 76.89295871555805, 'macs': 16554936296, 'params': 84993768, 'model_size': 324.2254943847656, 'inference_time': 0}
2024-10-13 11:53:25,208 Pruning 768 in layer 4
2024-10-13 11:53:25,209 Gathering metrics
2024-10-13 11:54:02,302 {'acc1': 0.8236386138613861, 'acc5': 0.9603960396039604, 'loss': 77.70935340225697, 'macs': 16477422312, 'params': 84600296, 'model_size': 322.7245178222656, 'inference_time': 0}
2024-10-13 11:54:02,317 Pruning 1024 in layer 4
2024-10-13 11:54:02,318 Gathering metrics
2024-10-13 11:54:39,396 {'acc1': 0.8211633663366337, 'acc5': 0.9588490099009901, 'loss': 79.16952255368233, 'macs': 16399908328, 'params': 84206824, 'model_size': 321.2235412597656, 'inference_time': 0}
2024-10-13 11:54:39,411 Pruning 256 in layer 5
2024-10-13 11:54:39,412 Gathering metrics
2024-10-13 11:55:16,365 {'acc1': 0.8211633663366337, 'acc5': 0.9551361386138614, 'loss': 79.26909670978785, 'macs': 16399908328, 'params': 84206824, 'model_size': 321.2235412597656, 'inference_time': 0}
2024-10-13 11:55:16,378 Pruning 512 in layer 5
2024-10-13 11:55:16,379 Gathering metrics
2024-10-13 11:55:53,052 {'acc1': 0.8186881188118812, 'acc5': 0.9551361386138614, 'loss': 80.85032503306866, 'macs': 16322394344, 'params': 83813352, 'model_size': 319.7225646972656, 'inference_time': 0}
2024-10-13 11:55:53,067 Pruning 768 in layer 5
2024-10-13 11:55:53,068 Gathering metrics
2024-10-13 11:56:30,010 {'acc1': 0.8134282178217822, 'acc5': 0.9548267326732673, 'loss': 81.85499621927738, 'macs': 16244880360, 'params': 83419880, 'model_size': 318.2215881347656, 'inference_time': 0}
2024-10-13 11:56:30,025 Pruning 256 in layer 6
2024-10-13 11:56:30,026 Gathering metrics
2024-10-13 11:57:06,598 {'acc1': 0.8131188118811881, 'acc5': 0.9538985148514851, 'loss': 83.10970688611269, 'macs': 16244880360, 'params': 83419880, 'model_size': 318.2215881347656, 'inference_time': 0}
2024-10-13 11:57:06,614 Pruning 512 in layer 6
2024-10-13 11:57:06,615 Gathering metrics
2024-10-13 11:57:43,429 {'acc1': 0.8094059405940595, 'acc5': 0.9526608910891089, 'loss': 84.78532889485359, 'macs': 16167366376, 'params': 83026408, 'model_size': 316.7206115722656, 'inference_time': 0}
2024-10-13 11:57:43,444 Pruning 256 in layer 7
2024-10-13 11:57:43,444 Gathering metrics
2024-10-13 11:58:20,002 {'acc1': 0.8112623762376238, 'acc5': 0.9529702970297029, 'loss': 84.08376885950565, 'macs': 16167366376, 'params': 83026408, 'model_size': 316.7206115722656, 'inference_time': 0}
2024-10-13 11:58:20,017 Pruning 512 in layer 7
2024-10-13 11:58:20,018 Gathering metrics
2024-10-13 11:58:56,545 {'acc1': 0.8094059405940595, 'acc5': 0.9526608910891089, 'loss': 84.81032826006413, 'macs': 16089852392, 'params': 82632936, 'model_size': 315.2196350097656, 'inference_time': 0}
2024-10-13 11:58:56,559 Pruning 768 in layer 7
2024-10-13 11:58:56,560 Gathering metrics
2024-10-13 11:59:33,218 {'acc1': 0.8103341584158416, 'acc5': 0.9501856435643564, 'loss': 85.41438880562782, 'macs': 16012338408, 'params': 82239464, 'model_size': 313.7186584472656, 'inference_time': 0}
2024-10-13 11:59:33,233 Pruning 1024 in layer 7
2024-10-13 11:59:33,234 Gathering metrics
2024-10-13 12:00:10,052 {'acc1': 0.8050742574257426, 'acc5': 0.9486386138613861, 'loss': 87.48618099093437, 'macs': 15934824424, 'params': 81845992, 'model_size': 312.2176818847656, 'inference_time': 0}
2024-10-13 12:00:10,068 Pruning 256 in layer 8
2024-10-13 12:00:10,069 Gathering metrics
2024-10-13 12:00:46,592 {'acc1': 0.8066212871287128, 'acc5': 0.9483292079207921, 'loss': 86.93201117217541, 'macs': 15934824424, 'params': 81845992, 'model_size': 312.2176818847656, 'inference_time': 0}
2024-10-13 12:00:46,608 Pruning 512 in layer 8
2024-10-13 12:00:46,609 Gathering metrics
2024-10-13 12:01:22,870 {'acc1': 0.806930693069307, 'acc5': 0.9455445544554455, 'loss': 87.91231542825699, 'macs': 15857310440, 'params': 81452520, 'model_size': 310.7167053222656, 'inference_time': 0}
2024-10-13 12:01:22,885 Pruning 768 in layer 8
2024-10-13 12:01:22,886 Gathering metrics
2024-10-13 12:01:59,094 {'acc1': 0.8035272277227723, 'acc5': 0.9433787128712872, 'loss': 89.31937662512064, 'macs': 15779796456, 'params': 81059048, 'model_size': 309.2157287597656, 'inference_time': 0}
2024-10-13 12:01:59,109 Pruning 1024 in layer 8
2024-10-13 12:01:59,110 Gathering metrics
2024-10-13 12:02:35,427 {'acc1': 0.8025990099009901, 'acc5': 0.9464727722772277, 'loss': 90.08616156876087, 'macs': 15702282472, 'params': 80665576, 'model_size': 307.7147521972656, 'inference_time': 0}
2024-10-13 12:02:35,443 Pruning 256 in layer 9
2024-10-13 12:02:35,444 Gathering metrics
2024-10-13 12:03:11,650 {'acc1': 0.8001237623762376, 'acc5': 0.9433787128712872, 'loss': 90.4392182379961, 'macs': 15702282472, 'params': 80665576, 'model_size': 307.7147521972656, 'inference_time': 0}
2024-10-13 12:03:11,665 Pruning 512 in layer 9
2024-10-13 12:03:11,666 Gathering metrics
2024-10-13 12:03:47,748 {'acc1': 0.7995049504950495, 'acc5': 0.9402846534653465, 'loss': 91.8697479069233, 'macs': 15624768488, 'params': 80272104, 'model_size': 306.2137756347656, 'inference_time': 0}
2024-10-13 12:03:47,763 Pruning 768 in layer 9
2024-10-13 12:03:47,764 Gathering metrics
2024-10-13 12:04:23,832 {'acc1': 0.7936262376237624, 'acc5': 0.9405940594059405, 'loss': 92.31855668127537, 'macs': 15547254504, 'params': 79878632, 'model_size': 304.7127990722656, 'inference_time': 0}
2024-10-13 12:04:23,847 Pruning 256 in layer 10
2024-10-13 12:04:23,848 Gathering metrics
2024-10-13 12:05:00,422 {'acc1': 0.7951732673267327, 'acc5': 0.9399752475247525, 'loss': 93.73744504153728, 'macs': 15547254504, 'params': 79878632, 'model_size': 304.7127990722656, 'inference_time': 0}
2024-10-13 12:05:00,436 Pruning 512 in layer 10
2024-10-13 12:05:00,437 Gathering metrics
2024-10-13 12:05:36,665 {'acc1': 0.7936262376237624, 'acc5': 0.9387376237623762, 'loss': 94.66005270183086, 'macs': 15469740520, 'params': 79485160, 'model_size': 303.2118225097656, 'inference_time': 0}
2024-10-13 12:05:36,680 Pruning 768 in layer 10
2024-10-13 12:05:36,681 Gathering metrics
2024-10-13 12:06:12,575 {'acc1': 0.7920792079207921, 'acc5': 0.937809405940594, 'loss': 98.03818368911743, 'macs': 15392226536, 'params': 79091688, 'model_size': 301.7108459472656, 'inference_time': 0}
2024-10-13 12:06:12,591 Pruning 256 in layer 11
2024-10-13 12:06:12,592 Gathering metrics
2024-10-13 12:06:48,846 {'acc1': 0.7939356435643564, 'acc5': 0.9418316831683168, 'loss': 92.00489462912083, 'macs': 15392226536, 'params': 79091688, 'model_size': 301.7108459472656, 'inference_time': 0}
2024-10-13 12:06:48,862 Pruning 512 in layer 11
2024-10-13 12:06:48,863 Gathering metrics
2024-10-13 12:07:25,123 {'acc1': 0.7936262376237624, 'acc5': 0.9418316831683168, 'loss': 89.74370083585382, 'macs': 15314712552, 'params': 78698216, 'model_size': 300.2098693847656, 'inference_time': 0}
2024-10-13 12:07:25,235 Pruning 768 in layer 11
2024-10-13 12:07:25,236 Gathering metrics
2024-10-13 12:08:01,274 {'acc1': 0.7936262376237624, 'acc5': 0.942450495049505, 'loss': 88.58244345709682, 'macs': 15237198568, 'params': 78304744, 'model_size': 298.7088928222656, 'inference_time': 0}
2024-10-13 12:08:01,289 Pruning 1024 in layer 11
2024-10-13 12:08:01,289 Gathering metrics
2024-10-13 12:08:37,273 {'acc1': 0.7936262376237624, 'acc5': 0.9433787128712872, 'loss': 88.05169248580933, 'macs': 15159684584, 'params': 77911272, 'model_size': 297.2079162597656, 'inference_time': 0}
2024-10-13 12:08:37,289 Pruning 1280 in layer 11
2024-10-13 12:08:37,289 Gathering metrics
2024-10-13 12:09:13,118 {'acc1': 0.7923886138613861, 'acc5': 0.9433787128712872, 'loss': 87.15288387611508, 'macs': 15082170600, 'params': 77517800, 'model_size': 295.7069396972656, 'inference_time': 0}
2024-10-13 12:09:13,135 Pruning 1536 in layer 11
2024-10-13 12:09:13,136 Gathering metrics
2024-10-13 12:09:49,163 {'acc1': 0.7936262376237624, 'acc5': 0.9439975247524752, 'loss': 86.86115347966552, 'macs': 15004656616, 'params': 77124328, 'model_size': 294.2059631347656, 'inference_time': 0}
2024-10-13 12:09:49,177 Pruning 1792 in layer 11
2024-10-13 12:09:49,178 Gathering metrics
2024-10-13 12:10:24,848 {'acc1': 0.7926980198019802, 'acc5': 0.9439975247524752, 'loss': 86.7617159280926, 'macs': 14927142632, 'params': 76730856, 'model_size': 292.7049865722656, 'inference_time': 0}
2024-10-13 12:10:24,862 Pruning 2048 in layer 11
2024-10-13 12:10:24,863 Gathering metrics
2024-10-13 12:11:00,323 {'acc1': 0.7936262376237624, 'acc5': 0.9439975247524752, 'loss': 86.5042276121676, 'macs': 14849628648, 'params': 76337384, 'model_size': 291.2040100097656, 'inference_time': 0}
2024-10-13 12:11:00,339 Pruning 2304 in layer 11
2024-10-13 12:11:00,340 Gathering metrics
2024-10-13 12:11:36,192 {'acc1': 0.7939356435643564, 'acc5': 0.9439975247524752, 'loss': 86.62759540230036, 'macs': 14772114664, 'params': 75943912, 'model_size': 289.7030334472656, 'inference_time': 0}
2024-10-13 12:11:36,210 Pruning 2560 in layer 11
2024-10-13 12:11:36,211 Gathering metrics
2024-10-13 12:12:12,383 {'acc1': 0.7945544554455446, 'acc5': 0.9439975247524752, 'loss': 86.68587413989007, 'macs': 14694600680, 'params': 75550440, 'model_size': 288.2020568847656, 'inference_time': 0}
2024-10-13 12:12:12,400 Pruning 2816 in layer 11
2024-10-13 12:12:12,401 Gathering metrics
2024-10-13 12:12:48,031 {'acc1': 0.7926980198019802, 'acc5': 0.9446163366336634, 'loss': 86.6965777091682, 'macs': 14617086696, 'params': 75156968, 'model_size': 286.7010803222656, 'inference_time': 0}
2024-10-13 12:12:48,046 Experiment finished
