2024-10-13 12:37:24,649 Starting experiment outputs/adaptive/vit_b_32/proj550
2024-10-13 12:37:24,649 Loading the original model
2024-10-13 12:37:25,071 Gathering metrics of the original model
2024-10-13 12:37:49,520 {'acc1': 0.8004331683168316, 'acc5': 0.943069306930693, 'loss': 90.91573594510555, 'macs': 4367292136, 'params': 88224232, 'model_size': 336.5487365722656, 'inference_time': 0}
2024-10-13 12:37:49,534 Pruning 256 in layer 0
2024-10-13 12:37:56,164 Gathering metrics
2024-10-13 12:38:19,701 {'acc1': 0.8010519801980198, 'acc5': 0.9402846534653465, 'loss': 93.0021221935749, 'macs': 4347618536, 'params': 87830760, 'model_size': 335.0477600097656, 'inference_time': 0}
2024-10-13 12:38:19,808 Pruning 512 in layer 0
2024-10-13 12:38:25,332 Gathering metrics
2024-10-13 12:38:48,511 {'acc1': 0.7995049504950495, 'acc5': 0.9396658415841584, 'loss': 94.21358525753021, 'macs': 4327944936, 'params': 87437288, 'model_size': 333.5467834472656, 'inference_time': 0}
2024-10-13 12:38:48,526 Pruning 768 in layer 0
2024-10-13 12:38:53,079 Gathering metrics
2024-10-13 12:39:16,981 {'acc1': 0.6915222772277227, 'acc5': 0.8818069306930693, 'loss': 159.77187210321426, 'macs': 4308271336, 'params': 87043816, 'model_size': 332.0458068847656, 'inference_time': 0}
2024-10-13 12:39:16,995 Pruning 256 in layer 1
2024-10-13 12:39:23,543 Gathering metrics
2024-10-13 12:39:47,228 {'acc1': 0.7465965346534653, 'acc5': 0.9099628712871287, 'loss': 117.90907298028469, 'macs': 4308271336, 'params': 87043816, 'model_size': 332.0458068847656, 'inference_time': 0}
2024-10-13 12:39:47,241 Pruning 256 in layer 2
2024-10-13 12:39:53,789 Gathering metrics
2024-10-13 12:40:17,269 {'acc1': 0.7886757425742574, 'acc5': 0.9359529702970297, 'loss': 96.87872005999088, 'macs': 4308271336, 'params': 87043816, 'model_size': 332.0458068847656, 'inference_time': 0}
2024-10-13 12:40:17,285 Pruning 256 in layer 3
2024-10-13 12:40:24,175 Gathering metrics
2024-10-13 12:40:48,072 {'acc1': 0.7985767326732673, 'acc5': 0.9402846534653465, 'loss': 94.97384749352932, 'macs': 4308271336, 'params': 87043816, 'model_size': 332.0458068847656, 'inference_time': 0}
2024-10-13 12:40:48,085 Pruning 512 in layer 3
2024-10-13 12:40:53,605 Gathering metrics
2024-10-13 12:41:16,856 {'acc1': 0.7939356435643564, 'acc5': 0.9365717821782178, 'loss': 96.87035368382931, 'macs': 4288597736, 'params': 86650344, 'model_size': 330.5448303222656, 'inference_time': 0}
2024-10-13 12:41:16,872 Pruning 768 in layer 3
2024-10-13 12:41:21,427 Gathering metrics
2024-10-13 12:41:44,756 {'acc1': 0.7843440594059405, 'acc5': 0.9328589108910891, 'loss': 100.68248310685158, 'macs': 4268924136, 'params': 86256872, 'model_size': 329.0438537597656, 'inference_time': 0}
2024-10-13 12:41:44,770 Pruning 256 in layer 4
2024-10-13 12:41:51,281 Gathering metrics
2024-10-13 12:42:15,076 {'acc1': 0.7911509900990099, 'acc5': 0.937190594059406, 'loss': 96.92606791853905, 'macs': 4268924136, 'params': 86256872, 'model_size': 329.0438537597656, 'inference_time': 0}
2024-10-13 12:42:15,091 Pruning 512 in layer 4
2024-10-13 12:42:20,617 Gathering metrics
2024-10-13 12:42:44,189 {'acc1': 0.7914603960396039, 'acc5': 0.9353341584158416, 'loss': 97.26112242043018, 'macs': 4249250536, 'params': 85863400, 'model_size': 327.5428771972656, 'inference_time': 0}
2024-10-13 12:42:44,203 Pruning 768 in layer 4
2024-10-13 12:42:48,740 Gathering metrics
2024-10-13 12:43:12,473 {'acc1': 0.7852722772277227, 'acc5': 0.9340965346534653, 'loss': 98.28127044439316, 'macs': 4229576936, 'params': 85469928, 'model_size': 326.0419006347656, 'inference_time': 0}
2024-10-13 12:43:12,487 Pruning 256 in layer 5
2024-10-13 12:43:19,032 Gathering metrics
2024-10-13 12:43:42,613 {'acc1': 0.7877475247524752, 'acc5': 0.9331683168316832, 'loss': 97.6182606369257, 'macs': 4229576936, 'params': 85469928, 'model_size': 326.0419006347656, 'inference_time': 0}
2024-10-13 12:43:42,627 Pruning 512 in layer 5
2024-10-13 12:43:48,161 Gathering metrics
2024-10-13 12:44:11,610 {'acc1': 0.7837252475247525, 'acc5': 0.932549504950495, 'loss': 99.3410315811634, 'macs': 4209903336, 'params': 85076456, 'model_size': 324.5409240722656, 'inference_time': 0}
2024-10-13 12:44:11,624 Pruning 256 in layer 6
2024-10-13 12:44:18,157 Gathering metrics
2024-10-13 12:44:41,729 {'acc1': 0.786509900990099, 'acc5': 0.9340965346534653, 'loss': 98.14075157046318, 'macs': 4209903336, 'params': 85076456, 'model_size': 324.5409240722656, 'inference_time': 0}
2024-10-13 12:44:41,742 Pruning 512 in layer 6
2024-10-13 12:44:47,231 Gathering metrics
2024-10-13 12:45:10,772 {'acc1': 0.7834158415841584, 'acc5': 0.932549504950495, 'loss': 99.47637808322906, 'macs': 4190229736, 'params': 84682984, 'model_size': 323.0399475097656, 'inference_time': 0}
2024-10-13 12:45:10,787 Pruning 768 in layer 6
2024-10-13 12:45:15,349 Gathering metrics
2024-10-13 12:45:38,516 {'acc1': 0.781559405940594, 'acc5': 0.932549504950495, 'loss': 100.52193604409695, 'macs': 4170556136, 'params': 84289512, 'model_size': 321.5389709472656, 'inference_time': 0}
2024-10-13 12:45:38,530 Pruning 1024 in layer 6
2024-10-13 12:45:41,940 Gathering metrics
2024-10-13 12:46:05,493 {'acc1': 0.7747524752475248, 'acc5': 0.9263613861386139, 'loss': 103.88253210484982, 'macs': 4150882536, 'params': 83896040, 'model_size': 320.0379943847656, 'inference_time': 0}
2024-10-13 12:46:05,507 Pruning 256 in layer 7
2024-10-13 12:46:12,051 Gathering metrics
2024-10-13 12:46:35,203 {'acc1': 0.775990099009901, 'acc5': 0.9300742574257426, 'loss': 102.19464892148972, 'macs': 4150882536, 'params': 83896040, 'model_size': 320.0379943847656, 'inference_time': 0}
2024-10-13 12:46:35,217 Pruning 512 in layer 7
2024-10-13 12:46:40,738 Gathering metrics
2024-10-13 12:47:04,553 {'acc1': 0.7735148514851485, 'acc5': 0.9254331683168316, 'loss': 104.07750828564167, 'macs': 4131208936, 'params': 83502568, 'model_size': 318.5370178222656, 'inference_time': 0}
2024-10-13 12:47:04,566 Pruning 256 in layer 8
2024-10-13 12:47:11,120 Gathering metrics
2024-10-13 12:47:34,380 {'acc1': 0.7713490099009901, 'acc5': 0.926980198019802, 'loss': 103.53357510268688, 'macs': 4131208936, 'params': 83502568, 'model_size': 318.5370178222656, 'inference_time': 0}
2024-10-13 12:47:34,395 Pruning 512 in layer 8
2024-10-13 12:47:39,944 Gathering metrics
2024-10-13 12:48:03,411 {'acc1': 0.7725866336633663, 'acc5': 0.9254331683168316, 'loss': 104.96878112852573, 'macs': 4111535336, 'params': 83109096, 'model_size': 317.0360412597656, 'inference_time': 0}
2024-10-13 12:48:03,427 Pruning 768 in layer 8
2024-10-13 12:48:07,972 Gathering metrics
2024-10-13 12:48:31,458 {'acc1': 0.7719678217821783, 'acc5': 0.9251237623762376, 'loss': 106.14155526459217, 'macs': 4091861736, 'params': 82715624, 'model_size': 315.5350646972656, 'inference_time': 0}
2024-10-13 12:48:31,473 Pruning 1024 in layer 8
2024-10-13 12:48:34,919 Gathering metrics
2024-10-13 12:48:58,157 {'acc1': 0.7735148514851485, 'acc5': 0.9226485148514851, 'loss': 107.54511426389217, 'macs': 4072188136, 'params': 82322152, 'model_size': 314.0340881347656, 'inference_time': 0}
2024-10-13 12:48:58,171 Pruning 1280 in layer 8
2024-10-13 12:49:00,879 Gathering metrics
2024-10-13 12:49:24,590 {'acc1': 0.7645420792079208, 'acc5': 0.916769801980198, 'loss': 112.10045950114727, 'macs': 4052514536, 'params': 81928680, 'model_size': 312.5331115722656, 'inference_time': 0}
2024-10-13 12:49:24,605 Pruning 256 in layer 9
2024-10-13 12:49:31,146 Gathering metrics
2024-10-13 12:49:54,471 {'acc1': 0.7651608910891089, 'acc5': 0.9195544554455446, 'loss': 108.91921205818653, 'macs': 4052514536, 'params': 81928680, 'model_size': 312.5331115722656, 'inference_time': 0}
2024-10-13 12:49:54,484 Pruning 256 in layer 10
2024-10-13 12:50:01,015 Gathering metrics
2024-10-13 12:50:24,216 {'acc1': 0.7642326732673267, 'acc5': 0.9155321782178217, 'loss': 114.0889176428318, 'macs': 4052514536, 'params': 81928680, 'model_size': 312.5331115722656, 'inference_time': 0}
2024-10-13 12:50:24,231 Pruning 256 in layer 11
2024-10-13 12:50:30,789 Gathering metrics
2024-10-13 12:50:54,515 {'acc1': 0.755259900990099, 'acc5': 0.9133663366336634, 'loss': 123.2296161800623, 'macs': 4052514536, 'params': 81928680, 'model_size': 312.5331115722656, 'inference_time': 0}
2024-10-13 12:50:54,528 Experiment finished
