2024-10-12 01:12:41,853 Starting experiment outputs/adaptive/vit_b_16/proj550
2024-10-12 01:12:41,854 Loading the original model
2024-10-12 01:12:42,280 Gathering metrics of the original model
2024-10-12 01:13:20,214 {'acc1': 0.8415841584158416, 'acc5': 0.968440594059406, 'loss': 71.7905719652772, 'macs': 16864992232, 'params': 86567656, 'model_size': 330.2294006347656, 'inference_time': 0}
2024-10-12 01:13:20,228 Pruning 128 in layer 11
2024-10-12 01:13:25,927 Gathering metrics
2024-10-12 01:14:04,677 {'acc1': 0.8394183168316832, 'acc5': 0.9678217821782178, 'loss': 71.55063968896866, 'macs': 16826235240, 'params': 86370920, 'model_size': 329.4789123535156, 'inference_time': 0}
2024-10-12 01:14:04,797 Pruning 256 in layer 11
2024-10-12 01:14:09,983 Gathering metrics
2024-10-12 01:14:48,190 {'acc1': 0.838799504950495, 'acc5': 0.9672029702970297, 'loss': 71.60660219937563, 'macs': 16787478248, 'params': 86174184, 'model_size': 328.7284240722656, 'inference_time': 0}
2024-10-12 01:14:48,204 Pruning 384 in layer 11
2024-10-12 01:14:52,933 Gathering metrics
2024-10-12 01:15:30,109 {'acc1': 0.8391089108910891, 'acc5': 0.9668935643564357, 'loss': 71.34733182936907, 'macs': 16748721256, 'params': 85977448, 'model_size': 327.9779357910156, 'inference_time': 0}
2024-10-12 01:15:30,123 Pruning 512 in layer 11
2024-10-12 01:15:34,315 Gathering metrics
2024-10-12 01:16:11,497 {'acc1': 0.8403465346534653, 'acc5': 0.9668935643564357, 'loss': 72.49943125993013, 'macs': 16709964264, 'params': 85780712, 'model_size': 327.2274475097656, 'inference_time': 0}
2024-10-12 01:16:11,512 Pruning 640 in layer 11
2024-10-12 01:16:15,315 Gathering metrics
2024-10-12 01:16:52,475 {'acc1': 0.838490099009901, 'acc5': 0.9656559405940595, 'loss': 74.32370863482356, 'macs': 16671207272, 'params': 85583976, 'model_size': 326.4769592285156, 'inference_time': 0}
2024-10-12 01:16:52,490 Pruning 768 in layer 11
2024-10-12 01:16:55,954 Gathering metrics
2024-10-12 01:17:32,929 {'acc1': 0.8366336633663366, 'acc5': 0.9659653465346535, 'loss': 75.15812900662422, 'macs': 16632450280, 'params': 85387240, 'model_size': 325.7264709472656, 'inference_time': 0}
2024-10-12 01:17:32,943 Pruning 896 in layer 11
2024-10-12 01:17:35,872 Gathering metrics
2024-10-12 01:18:12,975 {'acc1': 0.8375618811881188, 'acc5': 0.9662747524752475, 'loss': 78.05754298344254, 'macs': 16593693288, 'params': 85190504, 'model_size': 324.9759826660156, 'inference_time': 0}
2024-10-12 01:18:12,988 Pruning 1024 in layer 11
2024-10-12 01:18:15,527 Gathering metrics
2024-10-12 01:18:52,695 {'acc1': 0.8378712871287128, 'acc5': 0.9647277227722773, 'loss': 80.03110749833286, 'macs': 16554936296, 'params': 84993768, 'model_size': 324.2254943847656, 'inference_time': 0}
2024-10-12 01:18:52,708 Pruning 1152 in layer 11
2024-10-12 01:18:54,935 Gathering metrics
2024-10-12 01:19:31,748 {'acc1': 0.8369430693069307, 'acc5': 0.9644183168316832, 'loss': 81.3618381023407, 'macs': 16516179304, 'params': 84797032, 'model_size': 323.4750061035156, 'inference_time': 0}
2024-10-12 01:19:31,764 Pruning 1280 in layer 11
2024-10-12 01:19:33,813 Gathering metrics
2024-10-12 01:20:10,886 {'acc1': 0.838490099009901, 'acc5': 0.9647277227722773, 'loss': 82.77285012416542, 'macs': 16477422312, 'params': 84600296, 'model_size': 322.7245178222656, 'inference_time': 0}
2024-10-12 01:20:10,900 Pruning 1408 in layer 11
2024-10-12 01:20:12,634 Gathering metrics
2024-10-12 01:20:49,709 {'acc1': 0.8353960396039604, 'acc5': 0.9644183168316832, 'loss': 87.43131176568568, 'macs': 16438665320, 'params': 84403560, 'model_size': 321.9740295410156, 'inference_time': 0}
2024-10-12 01:20:49,722 Pruning 1536 in layer 11
2024-10-12 01:20:51,193 Gathering metrics
2024-10-12 01:21:29,766 {'acc1': 0.8276608910891089, 'acc5': 0.9625618811881188, 'loss': 95.33984140492976, 'macs': 16399908328, 'params': 84206824, 'model_size': 321.2235412597656, 'inference_time': 0}
2024-10-12 01:21:29,780 Pruning 128 in layer 10
2024-10-12 01:21:35,419 Gathering metrics
2024-10-12 01:22:12,133 {'acc1': 0.833230198019802, 'acc5': 0.9647277227722773, 'loss': 85.02986653521657, 'macs': 16399908328, 'params': 84206824, 'model_size': 321.2235412597656, 'inference_time': 0}
2024-10-12 01:22:12,147 Pruning 256 in layer 10
2024-10-12 01:22:17,404 Gathering metrics
2024-10-12 01:22:54,178 {'acc1': 0.8310643564356436, 'acc5': 0.9622524752475248, 'loss': 84.51813697814941, 'macs': 16361151336, 'params': 84010088, 'model_size': 320.4730529785156, 'inference_time': 0}
2024-10-12 01:22:54,193 Pruning 384 in layer 10
2024-10-12 01:22:58,889 Gathering metrics
2024-10-12 01:23:35,844 {'acc1': 0.8307549504950495, 'acc5': 0.9619430693069307, 'loss': 84.2646910585463, 'macs': 16322394344, 'params': 83813352, 'model_size': 319.7225646972656, 'inference_time': 0}
2024-10-12 01:23:35,859 Pruning 512 in layer 10
2024-10-12 01:23:40,036 Gathering metrics
2024-10-12 01:24:16,889 {'acc1': 0.8224009900990099, 'acc5': 0.963180693069307, 'loss': 84.60727353394032, 'macs': 16283637352, 'params': 83616616, 'model_size': 318.9720764160156, 'inference_time': 0}
2024-10-12 01:24:16,903 Pruning 128 in layer 9
2024-10-12 01:24:22,546 Gathering metrics
2024-10-12 01:24:59,102 {'acc1': 0.8273514851485149, 'acc5': 0.9613242574257426, 'loss': 87.03127759322524, 'macs': 16283637352, 'params': 83616616, 'model_size': 318.9720764160156, 'inference_time': 0}
2024-10-12 01:24:59,118 Pruning 256 in layer 9
2024-10-12 01:25:04,305 Gathering metrics
2024-10-12 01:25:40,919 {'acc1': 0.8251856435643564, 'acc5': 0.9600866336633663, 'loss': 88.31262816116214, 'macs': 16244880360, 'params': 83419880, 'model_size': 318.2215881347656, 'inference_time': 0}
2024-10-12 01:25:40,932 Pruning 384 in layer 9
2024-10-12 01:25:45,640 Gathering metrics
2024-10-12 01:26:22,575 {'acc1': 0.8239480198019802, 'acc5': 0.9597772277227723, 'loss': 89.267464235425, 'macs': 16206123368, 'params': 83223144, 'model_size': 317.4710998535156, 'inference_time': 0}
2024-10-12 01:26:22,590 Pruning 512 in layer 9
2024-10-12 01:26:26,741 Gathering metrics
2024-10-12 01:27:03,326 {'acc1': 0.8220915841584159, 'acc5': 0.9613242574257426, 'loss': 91.06690353155136, 'macs': 16167366376, 'params': 83026408, 'model_size': 316.7206115722656, 'inference_time': 0}
2024-10-12 01:27:03,341 Pruning 128 in layer 8
2024-10-12 01:27:08,957 Gathering metrics
2024-10-12 01:27:45,732 {'acc1': 0.8224009900990099, 'acc5': 0.9613242574257426, 'loss': 90.37806259095669, 'macs': 16167366376, 'params': 83026408, 'model_size': 316.7206115722656, 'inference_time': 0}
2024-10-12 01:27:45,747 Pruning 256 in layer 8
2024-10-12 01:27:50,972 Gathering metrics
2024-10-12 01:28:27,587 {'acc1': 0.8208539603960396, 'acc5': 0.9600866336633663, 'loss': 92.66232538968325, 'macs': 16128609384, 'params': 82829672, 'model_size': 315.9701232910156, 'inference_time': 0}
2024-10-12 01:28:27,602 Pruning 384 in layer 8
2024-10-12 01:28:32,335 Gathering metrics
2024-10-12 01:29:08,962 {'acc1': 0.8165222772277227, 'acc5': 0.9603960396039604, 'loss': 93.73778774216771, 'macs': 16089852392, 'params': 82632936, 'model_size': 315.2196350097656, 'inference_time': 0}
2024-10-12 01:29:08,978 Pruning 128 in layer 7
2024-10-12 01:29:14,632 Gathering metrics
2024-10-12 01:29:51,373 {'acc1': 0.817759900990099, 'acc5': 0.9594678217821783, 'loss': 93.46760444715619, 'macs': 16089852392, 'params': 82632936, 'model_size': 315.2196350097656, 'inference_time': 0}
2024-10-12 01:29:51,387 Pruning 256 in layer 7
2024-10-12 01:29:56,584 Gathering metrics
2024-10-12 01:30:33,265 {'acc1': 0.8152846534653465, 'acc5': 0.9585396039603961, 'loss': 94.55808836221695, 'macs': 16051095400, 'params': 82436200, 'model_size': 314.4691467285156, 'inference_time': 0}
2024-10-12 01:30:33,280 Pruning 384 in layer 7
2024-10-12 01:30:37,988 Gathering metrics
2024-10-12 01:31:14,413 {'acc1': 0.8118811881188119, 'acc5': 0.9585396039603961, 'loss': 95.14081228896976, 'macs': 16012338408, 'params': 82239464, 'model_size': 313.7186584472656, 'inference_time': 0}
2024-10-12 01:31:14,426 Pruning 128 in layer 6
2024-10-12 01:31:20,068 Gathering metrics
2024-10-12 01:31:56,430 {'acc1': 0.8168316831683168, 'acc5': 0.9588490099009901, 'loss': 94.89264329150319, 'macs': 16012338408, 'params': 82239464, 'model_size': 313.7186584472656, 'inference_time': 0}
2024-10-12 01:31:56,446 Pruning 256 in layer 6
2024-10-12 01:32:01,669 Gathering metrics
2024-10-12 01:32:38,162 {'acc1': 0.8149752475247525, 'acc5': 0.9576113861386139, 'loss': 95.27801727503538, 'macs': 15973581416, 'params': 82042728, 'model_size': 312.9681701660156, 'inference_time': 0}
2024-10-12 01:32:38,176 Pruning 384 in layer 6
2024-10-12 01:32:42,900 Gathering metrics
2024-10-12 01:33:19,447 {'acc1': 0.8137376237623762, 'acc5': 0.958230198019802, 'loss': 95.78194023668766, 'macs': 15934824424, 'params': 81845992, 'model_size': 312.2176818847656, 'inference_time': 0}
2024-10-12 01:33:19,461 Pruning 512 in layer 6
2024-10-12 01:33:23,633 Gathering metrics
2024-10-12 01:34:00,270 {'acc1': 0.806930693069307, 'acc5': 0.9560643564356436, 'loss': 96.49592208862305, 'macs': 15896067432, 'params': 81649256, 'model_size': 311.4671936035156, 'inference_time': 0}
2024-10-12 01:34:00,285 Pruning 128 in layer 5
2024-10-12 01:34:05,933 Gathering metrics
2024-10-12 01:34:42,490 {'acc1': 0.8131188118811881, 'acc5': 0.9585396039603961, 'loss': 95.7872768715024, 'macs': 15896067432, 'params': 81649256, 'model_size': 311.4671936035156, 'inference_time': 0}
2024-10-12 01:34:42,504 Pruning 256 in layer 5
2024-10-12 01:34:47,740 Gathering metrics
2024-10-12 01:35:24,237 {'acc1': 0.8149752475247525, 'acc5': 0.9576113861386139, 'loss': 96.10450266674161, 'macs': 15857310440, 'params': 81452520, 'model_size': 310.7167053222656, 'inference_time': 0}
2024-10-12 01:35:24,251 Pruning 384 in layer 5
2024-10-12 01:35:28,961 Gathering metrics
2024-10-12 01:36:05,545 {'acc1': 0.8143564356435643, 'acc5': 0.958230198019802, 'loss': 96.59968953952193, 'macs': 15818553448, 'params': 81255784, 'model_size': 309.9662170410156, 'inference_time': 0}
2024-10-12 01:36:05,560 Pruning 512 in layer 5
2024-10-12 01:36:09,739 Gathering metrics
2024-10-12 01:36:46,287 {'acc1': 0.8152846534653465, 'acc5': 0.958230198019802, 'loss': 96.7054205276072, 'macs': 15779796456, 'params': 81059048, 'model_size': 309.2157287597656, 'inference_time': 0}
2024-10-12 01:36:46,302 Pruning 640 in layer 5
2024-10-12 01:36:50,100 Gathering metrics
2024-10-12 01:37:26,576 {'acc1': 0.8137376237623762, 'acc5': 0.9569925742574258, 'loss': 97.24168909341097, 'macs': 15741039464, 'params': 80862312, 'model_size': 308.4652404785156, 'inference_time': 0}
2024-10-12 01:37:26,696 Pruning 768 in layer 5
2024-10-12 01:37:30,188 Gathering metrics
2024-10-12 01:38:06,602 {'acc1': 0.8131188118811881, 'acc5': 0.9566831683168316, 'loss': 98.11022436618805, 'macs': 15702282472, 'params': 80665576, 'model_size': 307.7147521972656, 'inference_time': 0}
2024-10-12 01:38:06,617 Pruning 896 in layer 5
2024-10-12 01:38:09,550 Gathering metrics
2024-10-12 01:38:45,811 {'acc1': 0.8081683168316832, 'acc5': 0.9563737623762376, 'loss': 98.75288968533278, 'macs': 15663525480, 'params': 80468840, 'model_size': 306.9642639160156, 'inference_time': 0}
2024-10-12 01:38:45,826 Pruning 1024 in layer 5
2024-10-12 01:38:48,404 Gathering metrics
2024-10-12 01:39:24,618 {'acc1': 0.8066212871287128, 'acc5': 0.9560643564356436, 'loss': 98.60956458002329, 'macs': 15624768488, 'params': 80272104, 'model_size': 306.2137756347656, 'inference_time': 0}
2024-10-12 01:39:24,633 Pruning 128 in layer 4
2024-10-12 01:39:30,285 Gathering metrics
2024-10-12 01:40:06,765 {'acc1': 0.807549504950495, 'acc5': 0.9554455445544554, 'loss': 99.16860817745328, 'macs': 15624768488, 'params': 80272104, 'model_size': 306.2137756347656, 'inference_time': 0}
2024-10-12 01:40:06,780 Pruning 256 in layer 4
2024-10-12 01:40:12,073 Gathering metrics
2024-10-12 01:40:48,465 {'acc1': 0.8084777227722773, 'acc5': 0.9532797029702971, 'loss': 99.94818098843098, 'macs': 15586011496, 'params': 80075368, 'model_size': 305.4632873535156, 'inference_time': 0}
2024-10-12 01:40:48,480 Pruning 384 in layer 4
2024-10-12 01:40:53,199 Gathering metrics
2024-10-12 01:41:29,241 {'acc1': 0.806930693069307, 'acc5': 0.9523514851485149, 'loss': 100.47645924985409, 'macs': 15547254504, 'params': 79878632, 'model_size': 304.7127990722656, 'inference_time': 0}
2024-10-12 01:41:29,255 Pruning 512 in layer 4
2024-10-12 01:41:33,426 Gathering metrics
2024-10-12 01:42:09,646 {'acc1': 0.8053836633663366, 'acc5': 0.9504950495049505, 'loss': 100.76924354583025, 'macs': 15508497512, 'params': 79681896, 'model_size': 303.9623107910156, 'inference_time': 0}
2024-10-12 01:42:09,661 Pruning 640 in layer 4
2024-10-12 01:42:13,455 Gathering metrics
2024-10-12 01:42:49,706 {'acc1': 0.8029084158415841, 'acc5': 0.9517326732673267, 'loss': 101.5756344795227, 'macs': 15469740520, 'params': 79485160, 'model_size': 303.2118225097656, 'inference_time': 0}
2024-10-12 01:42:49,723 Pruning 768 in layer 4
2024-10-12 01:42:53,186 Gathering metrics
2024-10-12 01:43:28,967 {'acc1': 0.8010519801980198, 'acc5': 0.9492574257425742, 'loss': 102.4452974870801, 'macs': 15430983528, 'params': 79288424, 'model_size': 302.4613342285156, 'inference_time': 0}
2024-10-12 01:43:28,982 Pruning 128 in layer 3
2024-10-12 01:43:34,628 Gathering metrics
2024-10-12 01:44:10,815 {'acc1': 0.8013613861386139, 'acc5': 0.9508044554455446, 'loss': 102.01618386805058, 'macs': 15430983528, 'params': 79288424, 'model_size': 302.4613342285156, 'inference_time': 0}
2024-10-12 01:44:10,831 Pruning 256 in layer 3
2024-10-12 01:44:16,097 Gathering metrics
2024-10-12 01:44:52,157 {'acc1': 0.7982673267326733, 'acc5': 0.9486386138613861, 'loss': 103.25943826138973, 'macs': 15392226536, 'params': 79091688, 'model_size': 301.7108459472656, 'inference_time': 0}
2024-10-12 01:44:52,172 Pruning 384 in layer 3
2024-10-12 01:44:56,930 Gathering metrics
2024-10-12 01:45:33,028 {'acc1': 0.7961014851485149, 'acc5': 0.9467821782178217, 'loss': 104.4815052524209, 'macs': 15353469544, 'params': 78894952, 'model_size': 300.9603576660156, 'inference_time': 0}
2024-10-12 01:45:33,044 Pruning 512 in layer 3
2024-10-12 01:45:37,207 Gathering metrics
2024-10-12 01:46:12,998 {'acc1': 0.7899133663366337, 'acc5': 0.9458539603960396, 'loss': 106.38396910578012, 'macs': 15314712552, 'params': 78698216, 'model_size': 300.2098693847656, 'inference_time': 0}
2024-10-12 01:46:13,013 Pruning 128 in layer 2
2024-10-12 01:46:18,648 Gathering metrics
2024-10-12 01:46:54,676 {'acc1': 0.7939356435643564, 'acc5': 0.9470915841584159, 'loss': 105.65096440166235, 'macs': 15314712552, 'params': 78698216, 'model_size': 300.2098693847656, 'inference_time': 0}
2024-10-12 01:46:54,690 Pruning 256 in layer 2
2024-10-12 01:46:59,900 Gathering metrics
2024-10-12 01:47:35,934 {'acc1': 0.7892945544554455, 'acc5': 0.9436881188118812, 'loss': 107.63182346522808, 'macs': 15275955560, 'params': 78501480, 'model_size': 299.4593811035156, 'inference_time': 0}
2024-10-12 01:47:35,949 Pruning 384 in layer 2
2024-10-12 01:47:40,672 Gathering metrics
2024-10-12 01:48:16,741 {'acc1': 0.7806311881188119, 'acc5': 0.9405940594059405, 'loss': 110.75751090049744, 'macs': 15237198568, 'params': 78304744, 'model_size': 298.7088928222656, 'inference_time': 0}
2024-10-12 01:48:16,755 Pruning 128 in layer 1
2024-10-12 01:48:22,390 Gathering metrics
2024-10-12 01:48:58,286 {'acc1': 0.7843440594059405, 'acc5': 0.9396658415841584, 'loss': 108.92076291888952, 'macs': 15237198568, 'params': 78304744, 'model_size': 298.7088928222656, 'inference_time': 0}
2024-10-12 01:48:58,301 Pruning 256 in layer 1
2024-10-12 01:49:03,511 Gathering metrics
2024-10-12 01:49:39,032 {'acc1': 0.7784653465346535, 'acc5': 0.9375, 'loss': 110.17028176784515, 'macs': 15198441576, 'params': 78108008, 'model_size': 297.9584045410156, 'inference_time': 0}
2024-10-12 01:49:39,047 Pruning 128 in layer 0
2024-10-12 01:49:44,679 Gathering metrics
2024-10-12 01:50:20,609 {'acc1': 0.7837252475247525, 'acc5': 0.9393564356435643, 'loss': 109.21136671304703, 'macs': 15198441576, 'params': 78108008, 'model_size': 297.9584045410156, 'inference_time': 0}
2024-10-12 01:50:20,624 Pruning 256 in layer 0
2024-10-12 01:50:25,838 Gathering metrics
2024-10-12 01:51:01,352 {'acc1': 0.7831064356435643, 'acc5': 0.9399752475247525, 'loss': 109.9414607360959, 'macs': 15159684584, 'params': 77911272, 'model_size': 297.2079162597656, 'inference_time': 0}
2024-10-12 01:51:01,367 Pruning 384 in layer 0
2024-10-12 01:51:06,108 Gathering metrics
2024-10-12 01:51:41,824 {'acc1': 0.7818688118811881, 'acc5': 0.9396658415841584, 'loss': 111.11178801953793, 'macs': 15120927592, 'params': 77714536, 'model_size': 296.4574279785156, 'inference_time': 0}
2024-10-12 01:51:41,838 Pruning 512 in layer 0
2024-10-12 01:51:45,982 Gathering metrics
2024-10-12 01:52:21,635 {'acc1': 0.780940594059406, 'acc5': 0.937190594059406, 'loss': 112.67178874462843, 'macs': 15082170600, 'params': 77517800, 'model_size': 295.7069396972656, 'inference_time': 0}
2024-10-12 01:52:21,651 Pruning 640 in layer 0
2024-10-12 01:52:25,419 Gathering metrics
2024-10-12 01:53:01,040 {'acc1': 0.7574257425742574, 'acc5': 0.9229579207920792, 'loss': 125.46270898729563, 'macs': 15043413608, 'params': 77321064, 'model_size': 294.9564514160156, 'inference_time': 0}
2024-10-12 01:53:01,055 Experiment finished
