2024-10-13 12:47:09,976 Starting experiment outputs/adaptive/vit_l_16/l2
2024-10-13 12:47:09,976 Loading the original model
2024-10-13 12:47:11,189 Gathering metrics of the original model
2024-10-13 12:47:53,340 {'acc1': 0.8428217821782178, 'acc5': 0.968440594059406, 'loss': 72.06224512308836, 'macs': 59690947560, 'params': 304326632, 'model_size': 1160.9139709472656, 'inference_time': 0}
2024-10-13 12:47:53,364 Pruning 256 in layer 0
2024-10-13 12:47:53,382 Gathering metrics
2024-10-13 12:48:35,571 {'acc1': 0.8270420792079208, 'acc5': 0.9622524752475248, 'loss': 80.00805144011974, 'macs': 59587612392, 'params': 303802088, 'model_size': 1158.9129943847656, 'inference_time': 0}
2024-10-13 12:48:35,596 Pruning 256 in layer 1
2024-10-13 12:48:35,597 Gathering metrics
2024-10-13 12:49:17,987 {'acc1': 0.8425123762376238, 'acc5': 0.968440594059406, 'loss': 72.13660440593958, 'macs': 59587612392, 'params': 303802088, 'model_size': 1158.9129943847656, 'inference_time': 0}
2024-10-13 12:49:18,019 Pruning 512 in layer 1
2024-10-13 12:49:18,021 Gathering metrics
2024-10-13 12:50:00,453 {'acc1': 0.8403465346534653, 'acc5': 0.9678217821782178, 'loss': 72.56115389615297, 'macs': 59484277224, 'params': 303277544, 'model_size': 1156.9120178222656, 'inference_time': 0}
2024-10-13 12:50:00,478 Pruning 768 in layer 1
2024-10-13 12:50:00,479 Gathering metrics
2024-10-13 12:50:42,828 {'acc1': 0.8378712871287128, 'acc5': 0.9665841584158416, 'loss': 73.09880015999079, 'macs': 59380942056, 'params': 302753000, 'model_size': 1154.9110412597656, 'inference_time': 0}
2024-10-13 12:50:42,852 Pruning 256 in layer 2
2024-10-13 12:50:42,854 Gathering metrics
2024-10-13 12:51:25,163 {'acc1': 0.8425123762376238, 'acc5': 0.9681311881188119, 'loss': 72.3368968218565, 'macs': 59380942056, 'params': 302753000, 'model_size': 1154.9110412597656, 'inference_time': 0}
2024-10-13 12:51:25,188 Pruning 512 in layer 2
2024-10-13 12:51:25,189 Gathering metrics
2024-10-13 12:52:07,553 {'acc1': 0.8403465346534653, 'acc5': 0.9681311881188119, 'loss': 72.48942168802023, 'macs': 59277606888, 'params': 302228456, 'model_size': 1152.9100646972656, 'inference_time': 0}
2024-10-13 12:52:07,578 Pruning 768 in layer 2
2024-10-13 12:52:07,579 Gathering metrics
2024-10-13 12:52:49,685 {'acc1': 0.838799504950495, 'acc5': 0.9675123762376238, 'loss': 72.77888315171003, 'macs': 59174271720, 'params': 301703912, 'model_size': 1150.9090881347656, 'inference_time': 0}
2024-10-13 12:52:49,710 Pruning 1024 in layer 2
2024-10-13 12:52:49,712 Gathering metrics
2024-10-13 12:53:32,013 {'acc1': 0.8369430693069307, 'acc5': 0.968440594059406, 'loss': 73.14526627957821, 'macs': 59070936552, 'params': 301179368, 'model_size': 1148.9081115722656, 'inference_time': 0}
2024-10-13 12:53:32,038 Pruning 1280 in layer 2
2024-10-13 12:53:32,039 Gathering metrics
2024-10-13 12:54:14,358 {'acc1': 0.8378712871287128, 'acc5': 0.9672029702970297, 'loss': 73.62843156605959, 'macs': 58967601384, 'params': 300654824, 'model_size': 1146.9071350097656, 'inference_time': 0}
2024-10-13 12:54:14,383 Pruning 1536 in layer 2
2024-10-13 12:54:14,385 Gathering metrics
2024-10-13 12:54:56,404 {'acc1': 0.8360148514851485, 'acc5': 0.9656559405940595, 'loss': 74.07002501934767, 'macs': 58864266216, 'params': 300130280, 'model_size': 1144.9061584472656, 'inference_time': 0}
2024-10-13 12:54:56,429 Pruning 256 in layer 3
2024-10-13 12:54:56,430 Gathering metrics
2024-10-13 12:55:38,675 {'acc1': 0.8375618811881188, 'acc5': 0.9672029702970297, 'loss': 73.560786485672, 'macs': 58864266216, 'params': 300130280, 'model_size': 1144.9061584472656, 'inference_time': 0}
2024-10-13 12:55:38,785 Pruning 512 in layer 3
2024-10-13 12:55:38,786 Gathering metrics
2024-10-13 12:56:21,123 {'acc1': 0.8366336633663366, 'acc5': 0.9668935643564357, 'loss': 73.72011614590883, 'macs': 58760931048, 'params': 299605736, 'model_size': 1142.9051818847656, 'inference_time': 0}
2024-10-13 12:56:21,149 Pruning 768 in layer 3
2024-10-13 12:56:21,150 Gathering metrics
2024-10-13 12:57:03,086 {'acc1': 0.8350866336633663, 'acc5': 0.9659653465346535, 'loss': 73.9271724820137, 'macs': 58657595880, 'params': 299081192, 'model_size': 1140.9042053222656, 'inference_time': 0}
2024-10-13 12:57:03,112 Pruning 1024 in layer 3
2024-10-13 12:57:03,113 Gathering metrics
2024-10-13 12:57:45,478 {'acc1': 0.8347772277227723, 'acc5': 0.9659653465346535, 'loss': 74.20528247952461, 'macs': 58554260712, 'params': 298556648, 'model_size': 1138.9032287597656, 'inference_time': 0}
2024-10-13 12:57:45,505 Pruning 1280 in layer 3
2024-10-13 12:57:45,507 Gathering metrics
2024-10-13 12:58:27,908 {'acc1': 0.8319925742574258, 'acc5': 0.9644183168316832, 'loss': 74.50670146942139, 'macs': 58450925544, 'params': 298032104, 'model_size': 1136.9022521972656, 'inference_time': 0}
2024-10-13 12:58:27,934 Pruning 256 in layer 4
2024-10-13 12:58:27,935 Gathering metrics
2024-10-13 12:59:10,143 {'acc1': 0.8323019801980198, 'acc5': 0.9644183168316832, 'loss': 74.24070677906275, 'macs': 58450925544, 'params': 298032104, 'model_size': 1136.9022521972656, 'inference_time': 0}
2024-10-13 12:59:10,168 Pruning 512 in layer 4
2024-10-13 12:59:10,169 Gathering metrics
2024-10-13 12:59:52,237 {'acc1': 0.8319925742574258, 'acc5': 0.963799504950495, 'loss': 74.40470048040152, 'macs': 58347590376, 'params': 297507560, 'model_size': 1134.9012756347656, 'inference_time': 0}
2024-10-13 12:59:52,262 Pruning 768 in layer 4
2024-10-13 12:59:52,264 Gathering metrics
2024-10-13 13:00:34,335 {'acc1': 0.8307549504950495, 'acc5': 0.963180693069307, 'loss': 74.57018910348415, 'macs': 58244255208, 'params': 296983016, 'model_size': 1132.9002990722656, 'inference_time': 0}
2024-10-13 13:00:34,360 Pruning 256 in layer 5
2024-10-13 13:00:34,361 Gathering metrics
2024-10-13 13:01:16,794 {'acc1': 0.8307549504950495, 'acc5': 0.963490099009901, 'loss': 74.67103887349367, 'macs': 58244255208, 'params': 296983016, 'model_size': 1132.9002990722656, 'inference_time': 0}
2024-10-13 13:01:16,822 Pruning 512 in layer 5
2024-10-13 13:01:16,824 Gathering metrics
2024-10-13 13:01:58,778 {'acc1': 0.8313737623762376, 'acc5': 0.963490099009901, 'loss': 74.94883524626493, 'macs': 58140920040, 'params': 296458472, 'model_size': 1130.8993225097656, 'inference_time': 0}
2024-10-13 13:01:58,804 Pruning 768 in layer 5
2024-10-13 13:01:58,805 Gathering metrics
2024-10-13 13:02:40,526 {'acc1': 0.8313737623762376, 'acc5': 0.9641089108910891, 'loss': 75.20964837819338, 'macs': 58037584872, 'params': 295933928, 'model_size': 1128.8983459472656, 'inference_time': 0}
2024-10-13 13:02:40,552 Pruning 1024 in layer 5
2024-10-13 13:02:40,553 Gathering metrics
2024-10-13 13:03:22,195 {'acc1': 0.8307549504950495, 'acc5': 0.9644183168316832, 'loss': 75.45397345721722, 'macs': 57934249704, 'params': 295409384, 'model_size': 1126.8973693847656, 'inference_time': 0}
2024-10-13 13:03:22,220 Pruning 1280 in layer 5
2024-10-13 13:03:22,221 Gathering metrics
2024-10-13 13:04:03,854 {'acc1': 0.8307549504950495, 'acc5': 0.963490099009901, 'loss': 75.72815750539303, 'macs': 57830914536, 'params': 294884840, 'model_size': 1124.8963928222656, 'inference_time': 0}
2024-10-13 13:04:03,880 Pruning 1536 in layer 5
2024-10-13 13:04:03,881 Gathering metrics
2024-10-13 13:04:45,636 {'acc1': 0.8307549504950495, 'acc5': 0.9647277227722773, 'loss': 75.91922062635422, 'macs': 57727579368, 'params': 294360296, 'model_size': 1122.8954162597656, 'inference_time': 0}
2024-10-13 13:04:45,745 Pruning 1792 in layer 5
2024-10-13 13:04:45,747 Gathering metrics
2024-10-13 13:05:27,407 {'acc1': 0.8313737623762376, 'acc5': 0.9650371287128713, 'loss': 76.1736941114068, 'macs': 57624244200, 'params': 293835752, 'model_size': 1120.8944396972656, 'inference_time': 0}
2024-10-13 13:05:27,432 Pruning 2048 in layer 5
2024-10-13 13:05:27,434 Gathering metrics
2024-10-13 13:06:09,136 {'acc1': 0.8323019801980198, 'acc5': 0.963180693069307, 'loss': 76.3566182628274, 'macs': 57520909032, 'params': 293311208, 'model_size': 1118.8934631347656, 'inference_time': 0}
2024-10-13 13:06:09,162 Pruning 2304 in layer 5
2024-10-13 13:06:09,164 Gathering metrics
2024-10-13 13:06:50,913 {'acc1': 0.8307549504950495, 'acc5': 0.9622524752475248, 'loss': 76.58347483724356, 'macs': 57417573864, 'params': 292786664, 'model_size': 1116.8924865722656, 'inference_time': 0}
2024-10-13 13:06:50,938 Pruning 2560 in layer 5
2024-10-13 13:06:50,939 Gathering metrics
2024-10-13 13:07:32,551 {'acc1': 0.8310643564356436, 'acc5': 0.9619430693069307, 'loss': 76.72860837727785, 'macs': 57314238696, 'params': 292262120, 'model_size': 1114.8915100097656, 'inference_time': 0}
2024-10-13 13:07:32,577 Pruning 2816 in layer 5
2024-10-13 13:07:32,578 Gathering metrics
2024-10-13 13:08:13,993 {'acc1': 0.8307549504950495, 'acc5': 0.9613242574257426, 'loss': 76.87955594807863, 'macs': 57210903528, 'params': 291737576, 'model_size': 1112.8905334472656, 'inference_time': 0}
2024-10-13 13:08:14,019 Pruning 3072 in layer 5
2024-10-13 13:08:14,021 Gathering metrics
2024-10-13 13:08:55,665 {'acc1': 0.8298267326732673, 'acc5': 0.9616336633663366, 'loss': 77.01224655658007, 'macs': 57107568360, 'params': 291213032, 'model_size': 1110.8895568847656, 'inference_time': 0}
2024-10-13 13:08:55,691 Pruning 3328 in layer 5
2024-10-13 13:08:55,692 Gathering metrics
2024-10-13 13:09:37,287 {'acc1': 0.8298267326732673, 'acc5': 0.9607054455445545, 'loss': 77.13004921376705, 'macs': 57004233192, 'params': 290688488, 'model_size': 1108.8885803222656, 'inference_time': 0}
2024-10-13 13:09:37,312 Pruning 3584 in layer 5
2024-10-13 13:09:37,313 Gathering metrics
2024-10-13 13:10:18,904 {'acc1': 0.8282797029702971, 'acc5': 0.9610148514851485, 'loss': 77.45736744999886, 'macs': 56900898024, 'params': 290163944, 'model_size': 1106.8876037597656, 'inference_time': 0}
2024-10-13 13:10:18,930 Pruning 256 in layer 6
2024-10-13 13:10:18,931 Gathering metrics
2024-10-13 13:11:00,208 {'acc1': 0.8279702970297029, 'acc5': 0.9613242574257426, 'loss': 77.42049003392458, 'macs': 56900898024, 'params': 290163944, 'model_size': 1106.8876037597656, 'inference_time': 0}
2024-10-13 13:11:00,232 Pruning 512 in layer 6
2024-10-13 13:11:00,234 Gathering metrics
2024-10-13 13:11:41,518 {'acc1': 0.8285891089108911, 'acc5': 0.9603960396039604, 'loss': 77.7037842348218, 'macs': 56797562856, 'params': 289639400, 'model_size': 1104.8866271972656, 'inference_time': 0}
2024-10-13 13:11:41,544 Pruning 768 in layer 6
2024-10-13 13:11:41,545 Gathering metrics
2024-10-13 13:12:23,047 {'acc1': 0.8285891089108911, 'acc5': 0.9603960396039604, 'loss': 77.98751297593117, 'macs': 56694227688, 'params': 289114856, 'model_size': 1102.8856506347656, 'inference_time': 0}
2024-10-13 13:12:23,073 Pruning 1024 in layer 6
2024-10-13 13:12:23,075 Gathering metrics
2024-10-13 13:13:04,196 {'acc1': 0.8279702970297029, 'acc5': 0.9594678217821783, 'loss': 78.3062960729003, 'macs': 56590892520, 'params': 288590312, 'model_size': 1100.8846740722656, 'inference_time': 0}
2024-10-13 13:13:04,222 Pruning 1280 in layer 6
2024-10-13 13:13:04,224 Gathering metrics
2024-10-13 13:13:45,472 {'acc1': 0.8267326732673267, 'acc5': 0.9591584158415841, 'loss': 78.6093822941184, 'macs': 56487557352, 'params': 288065768, 'model_size': 1098.8836975097656, 'inference_time': 0}
2024-10-13 13:13:45,497 Pruning 1536 in layer 6
2024-10-13 13:13:45,498 Gathering metrics
2024-10-13 13:14:26,889 {'acc1': 0.8251856435643564, 'acc5': 0.9600866336633663, 'loss': 78.89742792397738, 'macs': 56384222184, 'params': 287541224, 'model_size': 1096.8827209472656, 'inference_time': 0}
2024-10-13 13:14:26,997 Pruning 256 in layer 7
2024-10-13 13:14:26,998 Gathering metrics
2024-10-13 13:15:08,081 {'acc1': 0.8261138613861386, 'acc5': 0.9591584158415841, 'loss': 78.75947781652212, 'macs': 56384222184, 'params': 287541224, 'model_size': 1096.8827209472656, 'inference_time': 0}
2024-10-13 13:15:08,106 Pruning 512 in layer 7
2024-10-13 13:15:08,107 Gathering metrics
2024-10-13 13:15:49,732 {'acc1': 0.8248762376237624, 'acc5': 0.9597772277227723, 'loss': 78.92981921136379, 'macs': 56280887016, 'params': 287016680, 'model_size': 1094.8817443847656, 'inference_time': 0}
2024-10-13 13:15:49,758 Pruning 768 in layer 7
2024-10-13 13:15:49,759 Gathering metrics
2024-10-13 13:16:30,669 {'acc1': 0.8248762376237624, 'acc5': 0.9591584158415841, 'loss': 79.03288145363331, 'macs': 56177551848, 'params': 286492136, 'model_size': 1092.8807678222656, 'inference_time': 0}
2024-10-13 13:16:30,695 Pruning 1024 in layer 7
2024-10-13 13:16:30,696 Gathering metrics
2024-10-13 13:17:11,626 {'acc1': 0.8254950495049505, 'acc5': 0.9585396039603961, 'loss': 79.30059579759836, 'macs': 56074216680, 'params': 285967592, 'model_size': 1090.8797912597656, 'inference_time': 0}
2024-10-13 13:17:11,652 Pruning 1280 in layer 7
2024-10-13 13:17:11,653 Gathering metrics
2024-10-13 13:17:52,619 {'acc1': 0.8258044554455446, 'acc5': 0.9585396039603961, 'loss': 79.57357078790665, 'macs': 55970881512, 'params': 285443048, 'model_size': 1088.8788146972656, 'inference_time': 0}
2024-10-13 13:17:52,644 Pruning 1536 in layer 7
2024-10-13 13:17:52,645 Gathering metrics
2024-10-13 13:18:33,551 {'acc1': 0.8264232673267327, 'acc5': 0.9585396039603961, 'loss': 79.75454214215279, 'macs': 55867546344, 'params': 284918504, 'model_size': 1086.8778381347656, 'inference_time': 0}
2024-10-13 13:18:33,577 Pruning 1792 in layer 7
2024-10-13 13:18:33,578 Gathering metrics
2024-10-13 13:19:14,872 {'acc1': 0.8233292079207921, 'acc5': 0.9579207920792079, 'loss': 80.06566398590803, 'macs': 55764211176, 'params': 284393960, 'model_size': 1084.8768615722656, 'inference_time': 0}
2024-10-13 13:19:14,898 Pruning 2048 in layer 7
2024-10-13 13:19:14,899 Gathering metrics
2024-10-13 13:19:55,763 {'acc1': 0.8214727722772277, 'acc5': 0.9588490099009901, 'loss': 80.3267615288496, 'macs': 55660876008, 'params': 283869416, 'model_size': 1082.8758850097656, 'inference_time': 0}
2024-10-13 13:19:55,789 Pruning 256 in layer 8
2024-10-13 13:19:55,790 Gathering metrics
2024-10-13 13:20:36,482 {'acc1': 0.8220915841584159, 'acc5': 0.9579207920792079, 'loss': 80.41208104789257, 'macs': 55660876008, 'params': 283869416, 'model_size': 1082.8758850097656, 'inference_time': 0}
2024-10-13 13:20:36,508 Pruning 512 in layer 8
2024-10-13 13:20:36,509 Gathering metrics
2024-10-13 13:21:17,304 {'acc1': 0.8220915841584159, 'acc5': 0.9579207920792079, 'loss': 80.6768998503685, 'macs': 55557540840, 'params': 283344872, 'model_size': 1080.8749084472656, 'inference_time': 0}
2024-10-13 13:21:17,330 Pruning 768 in layer 8
2024-10-13 13:21:17,331 Gathering metrics
2024-10-13 13:21:58,114 {'acc1': 0.8217821782178217, 'acc5': 0.9579207920792079, 'loss': 80.9563560783863, 'macs': 55454205672, 'params': 282820328, 'model_size': 1078.8739318847656, 'inference_time': 0}
2024-10-13 13:21:58,139 Pruning 1024 in layer 8
2024-10-13 13:21:58,140 Gathering metrics
2024-10-13 13:22:38,932 {'acc1': 0.8217821782178217, 'acc5': 0.9576113861386139, 'loss': 81.14658825844526, 'macs': 55350870504, 'params': 282295784, 'model_size': 1076.8729553222656, 'inference_time': 0}
2024-10-13 13:22:38,958 Pruning 1280 in layer 8
2024-10-13 13:22:38,960 Gathering metrics
2024-10-13 13:23:19,607 {'acc1': 0.8202351485148515, 'acc5': 0.958230198019802, 'loss': 81.44404698908329, 'macs': 55247535336, 'params': 281771240, 'model_size': 1074.8719787597656, 'inference_time': 0}
2024-10-13 13:23:19,718 Pruning 1536 in layer 8
2024-10-13 13:23:19,719 Gathering metrics
2024-10-13 13:24:00,578 {'acc1': 0.8196163366336634, 'acc5': 0.9585396039603961, 'loss': 81.86925903707743, 'macs': 55144200168, 'params': 281246696, 'model_size': 1072.8710021972656, 'inference_time': 0}
2024-10-13 13:24:00,603 Pruning 256 in layer 9
2024-10-13 13:24:00,605 Gathering metrics
2024-10-13 13:24:41,154 {'acc1': 0.8199257425742574, 'acc5': 0.958230198019802, 'loss': 81.36010194569826, 'macs': 55144200168, 'params': 281246696, 'model_size': 1072.8710021972656, 'inference_time': 0}
2024-10-13 13:24:41,179 Pruning 512 in layer 9
2024-10-13 13:24:41,181 Gathering metrics
2024-10-13 13:25:22,024 {'acc1': 0.8205445544554455, 'acc5': 0.9588490099009901, 'loss': 81.37298481911421, 'macs': 55040865000, 'params': 280722152, 'model_size': 1070.8700256347656, 'inference_time': 0}
2024-10-13 13:25:22,050 Pruning 768 in layer 9
2024-10-13 13:25:22,051 Gathering metrics
2024-10-13 13:26:02,836 {'acc1': 0.8202351485148515, 'acc5': 0.9576113861386139, 'loss': 81.49164287000895, 'macs': 54937529832, 'params': 280197608, 'model_size': 1068.8690490722656, 'inference_time': 0}
2024-10-13 13:26:02,864 Pruning 1024 in layer 9
2024-10-13 13:26:02,866 Gathering metrics
2024-10-13 13:26:43,473 {'acc1': 0.8202351485148515, 'acc5': 0.9585396039603961, 'loss': 81.45539974421263, 'macs': 54834194664, 'params': 279673064, 'model_size': 1066.8680725097656, 'inference_time': 0}
2024-10-13 13:26:43,498 Pruning 1280 in layer 9
2024-10-13 13:26:43,500 Gathering metrics
2024-10-13 13:27:24,084 {'acc1': 0.8196163366336634, 'acc5': 0.9579207920792079, 'loss': 81.41514050960541, 'macs': 54730859496, 'params': 279148520, 'model_size': 1064.8670959472656, 'inference_time': 0}
2024-10-13 13:27:24,109 Pruning 1536 in layer 9
2024-10-13 13:27:24,111 Gathering metrics
2024-10-13 13:28:04,751 {'acc1': 0.8189975247524752, 'acc5': 0.958230198019802, 'loss': 81.41372858732939, 'macs': 54627524328, 'params': 278623976, 'model_size': 1062.8661193847656, 'inference_time': 0}
2024-10-13 13:28:04,777 Pruning 1792 in layer 9
2024-10-13 13:28:04,778 Gathering metrics
2024-10-13 13:28:45,143 {'acc1': 0.8193069306930693, 'acc5': 0.9579207920792079, 'loss': 81.45624627172947, 'macs': 54524189160, 'params': 278099432, 'model_size': 1060.8651428222656, 'inference_time': 0}
2024-10-13 13:28:45,168 Pruning 2048 in layer 9
2024-10-13 13:28:45,169 Gathering metrics
2024-10-13 13:29:25,735 {'acc1': 0.8186881188118812, 'acc5': 0.9576113861386139, 'loss': 81.53050485998392, 'macs': 54420853992, 'params': 277574888, 'model_size': 1058.8641662597656, 'inference_time': 0}
2024-10-13 13:29:25,761 Pruning 2304 in layer 9
2024-10-13 13:29:25,762 Gathering metrics
2024-10-13 13:30:06,231 {'acc1': 0.8189975247524752, 'acc5': 0.9573019801980198, 'loss': 81.52006443589926, 'macs': 54317518824, 'params': 277050344, 'model_size': 1056.8631896972656, 'inference_time': 0}
2024-10-13 13:30:06,260 Pruning 2560 in layer 9
2024-10-13 13:30:06,262 Gathering metrics
2024-10-13 13:30:47,100 {'acc1': 0.818069306930693, 'acc5': 0.9585396039603961, 'loss': 81.6165294200182, 'macs': 54214183656, 'params': 276525800, 'model_size': 1054.8622131347656, 'inference_time': 0}
2024-10-13 13:30:47,129 Pruning 2816 in layer 9
2024-10-13 13:30:47,131 Gathering metrics
2024-10-13 13:31:27,333 {'acc1': 0.8152846534653465, 'acc5': 0.9591584158415841, 'loss': 81.88831162452698, 'macs': 54110848488, 'params': 276001256, 'model_size': 1052.8612365722656, 'inference_time': 0}
2024-10-13 13:31:27,364 Pruning 256 in layer 10
2024-10-13 13:31:27,365 Gathering metrics
2024-10-13 13:32:07,637 {'acc1': 0.8189975247524752, 'acc5': 0.9585396039603961, 'loss': 81.61743077635765, 'macs': 54110848488, 'params': 276001256, 'model_size': 1052.8612365722656, 'inference_time': 0}
2024-10-13 13:32:07,749 Pruning 512 in layer 10
2024-10-13 13:32:07,751 Gathering metrics
2024-10-13 13:32:50,047 {'acc1': 0.8186881188118812, 'acc5': 0.958230198019802, 'loss': 81.73157784342766, 'macs': 54007513320, 'params': 275476712, 'model_size': 1050.8602600097656, 'inference_time': 0}
2024-10-13 13:32:50,073 Pruning 768 in layer 10
2024-10-13 13:32:50,074 Gathering metrics
2024-10-13 13:33:32,546 {'acc1': 0.8193069306930693, 'acc5': 0.9588490099009901, 'loss': 81.69457691907883, 'macs': 53904178152, 'params': 274952168, 'model_size': 1048.8592834472656, 'inference_time': 0}
2024-10-13 13:33:32,571 Pruning 1024 in layer 10
2024-10-13 13:33:32,573 Gathering metrics
2024-10-13 13:34:14,274 {'acc1': 0.8189975247524752, 'acc5': 0.9591584158415841, 'loss': 81.76781269162893, 'macs': 53800842984, 'params': 274427624, 'model_size': 1046.8583068847656, 'inference_time': 0}
2024-10-13 13:34:14,300 Pruning 1280 in layer 10
2024-10-13 13:34:14,302 Gathering metrics
2024-10-13 13:34:54,635 {'acc1': 0.8189975247524752, 'acc5': 0.9591584158415841, 'loss': 81.69968066364527, 'macs': 53697507816, 'params': 273903080, 'model_size': 1044.8573303222656, 'inference_time': 0}
2024-10-13 13:34:54,661 Pruning 1536 in layer 10
2024-10-13 13:34:54,662 Gathering metrics
2024-10-13 13:35:34,726 {'acc1': 0.8186881188118812, 'acc5': 0.9579207920792079, 'loss': 81.86078400164843, 'macs': 53594172648, 'params': 273378536, 'model_size': 1042.8563537597656, 'inference_time': 0}
2024-10-13 13:35:34,753 Pruning 1792 in layer 10
2024-10-13 13:35:34,754 Gathering metrics
2024-10-13 13:36:14,737 {'acc1': 0.818069306930693, 'acc5': 0.9576113861386139, 'loss': 81.88673561811447, 'macs': 53490837480, 'params': 272853992, 'model_size': 1040.8553771972656, 'inference_time': 0}
2024-10-13 13:36:14,762 Pruning 2048 in layer 10
2024-10-13 13:36:14,764 Gathering metrics
2024-10-13 13:36:59,289 {'acc1': 0.8199257425742574, 'acc5': 0.9579207920792079, 'loss': 81.77018149197102, 'macs': 53387502312, 'params': 272329448, 'model_size': 1038.8544006347656, 'inference_time': 0}
2024-10-13 13:36:59,328 Pruning 2304 in layer 10
2024-10-13 13:36:59,331 Gathering metrics
2024-10-13 13:37:42,045 {'acc1': 0.8193069306930693, 'acc5': 0.9585396039603961, 'loss': 81.73051834106445, 'macs': 53284167144, 'params': 271804904, 'model_size': 1036.8534240722656, 'inference_time': 0}
2024-10-13 13:37:42,073 Pruning 2560 in layer 10
2024-10-13 13:37:42,075 Gathering metrics
2024-10-13 13:38:22,164 {'acc1': 0.8193069306930693, 'acc5': 0.958230198019802, 'loss': 81.85782213509083, 'macs': 53180831976, 'params': 271280360, 'model_size': 1034.8524475097656, 'inference_time': 0}
2024-10-13 13:38:22,190 Pruning 2816 in layer 10
2024-10-13 13:38:22,192 Gathering metrics
2024-10-13 13:39:02,123 {'acc1': 0.8183787128712872, 'acc5': 0.9573019801980198, 'loss': 81.9656672924757, 'macs': 53077496808, 'params': 270755816, 'model_size': 1032.8514709472656, 'inference_time': 0}
2024-10-13 13:39:02,148 Pruning 3072 in layer 10
2024-10-13 13:39:02,150 Gathering metrics
2024-10-13 13:39:42,358 {'acc1': 0.8183787128712872, 'acc5': 0.9573019801980198, 'loss': 81.85444318503141, 'macs': 52974161640, 'params': 270231272, 'model_size': 1030.8504943847656, 'inference_time': 0}
2024-10-13 13:39:42,384 Pruning 3328 in layer 10
2024-10-13 13:39:42,386 Gathering metrics
2024-10-13 13:40:22,924 {'acc1': 0.8183787128712872, 'acc5': 0.9573019801980198, 'loss': 81.9389597773552, 'macs': 52870826472, 'params': 269706728, 'model_size': 1028.8495178222656, 'inference_time': 0}
2024-10-13 13:40:22,950 Pruning 3584 in layer 10
2024-10-13 13:40:22,951 Gathering metrics
2024-10-13 13:41:03,929 {'acc1': 0.8183787128712872, 'acc5': 0.9569925742574258, 'loss': 82.13812161237001, 'macs': 52767491304, 'params': 269182184, 'model_size': 1026.8485412597656, 'inference_time': 0}
2024-10-13 13:41:03,956 Pruning 3840 in layer 10
2024-10-13 13:41:03,957 Gathering metrics
2024-10-13 13:41:43,632 {'acc1': 0.8155940594059405, 'acc5': 0.9573019801980198, 'loss': 82.4985273629427, 'macs': 52664156136, 'params': 268657640, 'model_size': 1024.8475646972656, 'inference_time': 0}
2024-10-13 13:41:43,742 Pruning 256 in layer 11
2024-10-13 13:41:43,743 Gathering metrics
2024-10-13 13:42:23,906 {'acc1': 0.818069306930693, 'acc5': 0.9566831683168316, 'loss': 82.36166752129793, 'macs': 52664156136, 'params': 268657640, 'model_size': 1024.8475646972656, 'inference_time': 0}
2024-10-13 13:42:23,932 Pruning 512 in layer 11
2024-10-13 13:42:23,933 Gathering metrics
2024-10-13 13:43:03,655 {'acc1': 0.8199257425742574, 'acc5': 0.9569925742574258, 'loss': 82.48406184464693, 'macs': 52560820968, 'params': 268133096, 'model_size': 1022.8465881347656, 'inference_time': 0}
2024-10-13 13:43:03,685 Pruning 768 in layer 11
2024-10-13 13:43:03,686 Gathering metrics
2024-10-13 13:43:43,553 {'acc1': 0.8199257425742574, 'acc5': 0.9563737623762376, 'loss': 82.54661272466183, 'macs': 52457485800, 'params': 267608552, 'model_size': 1020.8456115722656, 'inference_time': 0}
2024-10-13 13:43:43,578 Pruning 1024 in layer 11
2024-10-13 13:43:43,579 Gathering metrics
2024-10-13 13:44:22,930 {'acc1': 0.8189975247524752, 'acc5': 0.9560643564356436, 'loss': 82.72756015509367, 'macs': 52354150632, 'params': 267084008, 'model_size': 1018.8446350097656, 'inference_time': 0}
2024-10-13 13:44:22,956 Pruning 1280 in layer 11
2024-10-13 13:44:22,958 Gathering metrics
2024-10-13 13:45:02,381 {'acc1': 0.8186881188118812, 'acc5': 0.9557549504950495, 'loss': 82.90846367925406, 'macs': 52250815464, 'params': 266559464, 'model_size': 1016.8436584472656, 'inference_time': 0}
2024-10-13 13:45:02,407 Pruning 1536 in layer 11
2024-10-13 13:45:02,408 Gathering metrics
2024-10-13 13:45:42,207 {'acc1': 0.8183787128712872, 'acc5': 0.9548267326732673, 'loss': 83.19239780306816, 'macs': 52147480296, 'params': 266034920, 'model_size': 1014.8426818847656, 'inference_time': 0}
2024-10-13 13:45:42,236 Pruning 1792 in layer 11
2024-10-13 13:45:42,237 Gathering metrics
2024-10-13 13:46:22,142 {'acc1': 0.817450495049505, 'acc5': 0.9554455445544554, 'loss': 83.41932113468647, 'macs': 52044145128, 'params': 265510376, 'model_size': 1012.8417053222656, 'inference_time': 0}
2024-10-13 13:46:22,167 Pruning 2048 in layer 11
2024-10-13 13:46:22,169 Gathering metrics
2024-10-13 13:47:03,553 {'acc1': 0.817450495049505, 'acc5': 0.9548267326732673, 'loss': 83.64861581474543, 'macs': 51940809960, 'params': 264985832, 'model_size': 1010.8407287597656, 'inference_time': 0}
2024-10-13 13:47:03,579 Pruning 2304 in layer 11
2024-10-13 13:47:03,581 Gathering metrics
2024-10-13 13:47:43,159 {'acc1': 0.817450495049505, 'acc5': 0.9542079207920792, 'loss': 83.79675836861134, 'macs': 51837474792, 'params': 264461288, 'model_size': 1008.8397521972656, 'inference_time': 0}
2024-10-13 13:47:43,185 Pruning 2560 in layer 11
2024-10-13 13:47:43,186 Gathering metrics
2024-10-13 13:48:22,689 {'acc1': 0.8152846534653465, 'acc5': 0.9535891089108911, 'loss': 84.02815706282854, 'macs': 51734139624, 'params': 263936744, 'model_size': 1006.8387756347656, 'inference_time': 0}
2024-10-13 13:48:22,715 Pruning 2816 in layer 11
2024-10-13 13:48:22,716 Gathering metrics
2024-10-13 13:49:01,868 {'acc1': 0.8152846534653465, 'acc5': 0.9538985148514851, 'loss': 84.3466960862279, 'macs': 51630804456, 'params': 263412200, 'model_size': 1004.8377990722656, 'inference_time': 0}
2024-10-13 13:49:01,894 Pruning 3072 in layer 11
2024-10-13 13:49:01,895 Gathering metrics
2024-10-13 13:49:40,917 {'acc1': 0.8146658415841584, 'acc5': 0.9514232673267327, 'loss': 84.65749486535788, 'macs': 51527469288, 'params': 262887656, 'model_size': 1002.8368225097656, 'inference_time': 0}
2024-10-13 13:49:40,943 Pruning 256 in layer 12
2024-10-13 13:49:40,944 Gathering metrics
2024-10-13 13:50:20,220 {'acc1': 0.8155940594059405, 'acc5': 0.9535891089108911, 'loss': 84.53931184858084, 'macs': 51527469288, 'params': 262887656, 'model_size': 1002.8368225097656, 'inference_time': 0}
2024-10-13 13:50:20,245 Pruning 512 in layer 12
2024-10-13 13:50:20,247 Gathering metrics
2024-10-13 13:50:59,652 {'acc1': 0.8165222772277227, 'acc5': 0.9532797029702971, 'loss': 84.47179347276688, 'macs': 51424134120, 'params': 262363112, 'model_size': 1000.8358459472656, 'inference_time': 0}
2024-10-13 13:50:59,766 Pruning 768 in layer 12
2024-10-13 13:50:59,767 Gathering metrics
2024-10-13 13:51:38,853 {'acc1': 0.8155940594059405, 'acc5': 0.9532797029702971, 'loss': 84.58383262902498, 'macs': 51320798952, 'params': 261838568, 'model_size': 998.8348693847656, 'inference_time': 0}
2024-10-13 13:51:38,879 Pruning 1024 in layer 12
2024-10-13 13:51:38,880 Gathering metrics
2024-10-13 13:52:18,374 {'acc1': 0.8165222772277227, 'acc5': 0.9529702970297029, 'loss': 84.74228349328041, 'macs': 51217463784, 'params': 261314024, 'model_size': 996.8338928222656, 'inference_time': 0}
2024-10-13 13:52:18,401 Pruning 1280 in layer 12
2024-10-13 13:52:18,402 Gathering metrics
2024-10-13 13:52:57,776 {'acc1': 0.8165222772277227, 'acc5': 0.9535891089108911, 'loss': 84.80345785617828, 'macs': 51114128616, 'params': 260789480, 'model_size': 994.8329162597656, 'inference_time': 0}
2024-10-13 13:52:57,801 Pruning 1536 in layer 12
2024-10-13 13:52:57,803 Gathering metrics
2024-10-13 13:53:36,906 {'acc1': 0.8140470297029703, 'acc5': 0.9542079207920792, 'loss': 84.94122551381588, 'macs': 51010793448, 'params': 260264936, 'model_size': 992.8319396972656, 'inference_time': 0}
2024-10-13 13:53:36,932 Pruning 1792 in layer 12
2024-10-13 13:53:36,934 Gathering metrics
2024-10-13 13:54:15,970 {'acc1': 0.8137376237623762, 'acc5': 0.9532797029702971, 'loss': 84.89796472340822, 'macs': 50907458280, 'params': 259740392, 'model_size': 990.8309631347656, 'inference_time': 0}
2024-10-13 13:54:15,996 Pruning 2048 in layer 12
2024-10-13 13:54:15,998 Gathering metrics
2024-10-13 13:54:55,094 {'acc1': 0.8159034653465347, 'acc5': 0.9538985148514851, 'loss': 85.026950545609, 'macs': 50804123112, 'params': 259215848, 'model_size': 988.8299865722656, 'inference_time': 0}
2024-10-13 13:54:55,121 Pruning 2304 in layer 12
2024-10-13 13:54:55,122 Gathering metrics
2024-10-13 13:55:34,144 {'acc1': 0.8159034653465347, 'acc5': 0.9542079207920792, 'loss': 85.01005472242832, 'macs': 50700787944, 'params': 258691304, 'model_size': 986.8290100097656, 'inference_time': 0}
2024-10-13 13:55:34,169 Pruning 2560 in layer 12
2024-10-13 13:55:34,171 Gathering metrics
2024-10-13 13:56:13,239 {'acc1': 0.8149752475247525, 'acc5': 0.9529702970297029, 'loss': 85.1294834241271, 'macs': 50597452776, 'params': 258166760, 'model_size': 984.8280334472656, 'inference_time': 0}
2024-10-13 13:56:13,265 Pruning 2816 in layer 12
2024-10-13 13:56:13,266 Gathering metrics
2024-10-13 13:56:51,874 {'acc1': 0.8149752475247525, 'acc5': 0.9535891089108911, 'loss': 85.2748389095068, 'macs': 50494117608, 'params': 257642216, 'model_size': 982.8270568847656, 'inference_time': 0}
2024-10-13 13:56:51,901 Pruning 3072 in layer 12
2024-10-13 13:56:51,902 Gathering metrics
2024-10-13 13:57:30,920 {'acc1': 0.8155940594059405, 'acc5': 0.9545173267326733, 'loss': 85.29980842024088, 'macs': 50390782440, 'params': 257117672, 'model_size': 980.8260803222656, 'inference_time': 0}
2024-10-13 13:57:30,946 Pruning 3328 in layer 12
2024-10-13 13:57:30,947 Gathering metrics
2024-10-13 13:58:09,907 {'acc1': 0.8152846534653465, 'acc5': 0.9548267326732673, 'loss': 85.57922956347466, 'macs': 50287447272, 'params': 256593128, 'model_size': 978.8251037597656, 'inference_time': 0}
2024-10-13 13:58:09,932 Pruning 3584 in layer 12
2024-10-13 13:58:09,934 Gathering metrics
2024-10-13 13:58:48,983 {'acc1': 0.8155940594059405, 'acc5': 0.9542079207920792, 'loss': 85.47389006614685, 'macs': 50184112104, 'params': 256068584, 'model_size': 976.8241271972656, 'inference_time': 0}
2024-10-13 13:58:49,010 Pruning 3840 in layer 12
2024-10-13 13:58:49,011 Gathering metrics
2024-10-13 13:59:27,762 {'acc1': 0.812809405940594, 'acc5': 0.9542079207920792, 'loss': 85.82611034065485, 'macs': 50080776936, 'params': 255544040, 'model_size': 974.8231506347656, 'inference_time': 0}
2024-10-13 13:59:27,788 Pruning 256 in layer 13
2024-10-13 13:59:27,790 Gathering metrics
2024-10-13 14:00:06,821 {'acc1': 0.8143564356435643, 'acc5': 0.9542079207920792, 'loss': 85.52415101975203, 'macs': 50080776936, 'params': 255544040, 'model_size': 974.8231506347656, 'inference_time': 0}
2024-10-13 14:00:06,935 Pruning 512 in layer 13
2024-10-13 14:00:06,937 Gathering metrics
2024-10-13 14:00:45,537 {'acc1': 0.8146658415841584, 'acc5': 0.9551361386138614, 'loss': 85.53184115886688, 'macs': 49977441768, 'params': 255019496, 'model_size': 972.8221740722656, 'inference_time': 0}
2024-10-13 14:00:45,563 Pruning 768 in layer 13
2024-10-13 14:00:45,564 Gathering metrics
2024-10-13 14:01:24,429 {'acc1': 0.8146658415841584, 'acc5': 0.9538985148514851, 'loss': 85.77651511132717, 'macs': 49874106600, 'params': 254494952, 'model_size': 970.8211975097656, 'inference_time': 0}
2024-10-13 14:01:24,456 Pruning 1024 in layer 13
2024-10-13 14:01:24,457 Gathering metrics
2024-10-13 14:02:03,208 {'acc1': 0.8140470297029703, 'acc5': 0.9538985148514851, 'loss': 85.49476347118616, 'macs': 49770771432, 'params': 253970408, 'model_size': 968.8202209472656, 'inference_time': 0}
2024-10-13 14:02:03,234 Pruning 1280 in layer 13
2024-10-13 14:02:03,235 Gathering metrics
2024-10-13 14:02:41,887 {'acc1': 0.8134282178217822, 'acc5': 0.9532797029702971, 'loss': 85.51778048276901, 'macs': 49667436264, 'params': 253445864, 'model_size': 966.8192443847656, 'inference_time': 0}
2024-10-13 14:02:41,915 Pruning 1536 in layer 13
2024-10-13 14:02:41,917 Gathering metrics
2024-10-13 14:03:20,564 {'acc1': 0.812190594059406, 'acc5': 0.9535891089108911, 'loss': 85.65348990261555, 'macs': 49564101096, 'params': 252921320, 'model_size': 964.8182678222656, 'inference_time': 0}
2024-10-13 14:03:20,591 Pruning 1792 in layer 13
2024-10-13 14:03:20,592 Gathering metrics
2024-10-13 14:03:58,947 {'acc1': 0.812190594059406, 'acc5': 0.9538985148514851, 'loss': 85.69652372598648, 'macs': 49460765928, 'params': 252396776, 'model_size': 962.8172912597656, 'inference_time': 0}
2024-10-13 14:03:58,974 Pruning 2048 in layer 13
2024-10-13 14:03:58,975 Gathering metrics
2024-10-13 14:04:37,285 {'acc1': 0.812190594059406, 'acc5': 0.9538985148514851, 'loss': 85.66018972545862, 'macs': 49357430760, 'params': 251872232, 'model_size': 960.8163146972656, 'inference_time': 0}
2024-10-13 14:04:37,311 Pruning 2304 in layer 13
2024-10-13 14:04:37,312 Gathering metrics
2024-10-13 14:05:15,640 {'acc1': 0.812809405940594, 'acc5': 0.9532797029702971, 'loss': 85.64892031252384, 'macs': 49254095592, 'params': 251347688, 'model_size': 958.8153381347656, 'inference_time': 0}
2024-10-13 14:05:15,666 Pruning 2560 in layer 13
2024-10-13 14:05:15,667 Gathering metrics
2024-10-13 14:05:54,144 {'acc1': 0.8137376237623762, 'acc5': 0.9523514851485149, 'loss': 85.57258431613445, 'macs': 49150760424, 'params': 250823144, 'model_size': 956.8143615722656, 'inference_time': 0}
2024-10-13 14:05:54,173 Pruning 2816 in layer 13
2024-10-13 14:05:54,175 Gathering metrics
2024-10-13 14:06:32,471 {'acc1': 0.8140470297029703, 'acc5': 0.9535891089108911, 'loss': 85.61295644938946, 'macs': 49047425256, 'params': 250298600, 'model_size': 954.8133850097656, 'inference_time': 0}
2024-10-13 14:06:32,497 Pruning 3072 in layer 13
2024-10-13 14:06:32,499 Gathering metrics
2024-10-13 14:07:10,786 {'acc1': 0.812809405940594, 'acc5': 0.9526608910891089, 'loss': 85.63591390103102, 'macs': 48944090088, 'params': 249774056, 'model_size': 952.8124084472656, 'inference_time': 0}
2024-10-13 14:07:10,812 Pruning 3328 in layer 13
2024-10-13 14:07:10,813 Gathering metrics
2024-10-13 14:07:48,913 {'acc1': 0.8106435643564357, 'acc5': 0.9523514851485149, 'loss': 85.97215271741152, 'macs': 48840754920, 'params': 249249512, 'model_size': 950.8114318847656, 'inference_time': 0}
2024-10-13 14:07:48,939 Pruning 256 in layer 14
2024-10-13 14:07:48,940 Gathering metrics
2024-10-13 14:08:27,031 {'acc1': 0.8118811881188119, 'acc5': 0.9532797029702971, 'loss': 85.58447907865047, 'macs': 48840754920, 'params': 249249512, 'model_size': 950.8114318847656, 'inference_time': 0}
2024-10-13 14:08:27,057 Pruning 512 in layer 14
2024-10-13 14:08:27,058 Gathering metrics
2024-10-13 14:09:05,182 {'acc1': 0.812190594059406, 'acc5': 0.9535891089108911, 'loss': 85.55130967497826, 'macs': 48737419752, 'params': 248724968, 'model_size': 948.8104553222656, 'inference_time': 0}
2024-10-13 14:09:05,293 Pruning 768 in layer 14
2024-10-13 14:09:05,294 Gathering metrics
2024-10-13 14:09:43,444 {'acc1': 0.8118811881188119, 'acc5': 0.9529702970297029, 'loss': 85.58764161169529, 'macs': 48634084584, 'params': 248200424, 'model_size': 946.8094787597656, 'inference_time': 0}
2024-10-13 14:09:43,470 Pruning 1024 in layer 14
2024-10-13 14:09:43,472 Gathering metrics
2024-10-13 14:10:21,719 {'acc1': 0.8103341584158416, 'acc5': 0.9529702970297029, 'loss': 85.75247418135405, 'macs': 48530749416, 'params': 247675880, 'model_size': 944.8085021972656, 'inference_time': 0}
2024-10-13 14:10:21,746 Pruning 1280 in layer 14
2024-10-13 14:10:21,747 Gathering metrics
2024-10-13 14:10:59,915 {'acc1': 0.8103341584158416, 'acc5': 0.9529702970297029, 'loss': 85.82541207969189, 'macs': 48427414248, 'params': 247151336, 'model_size': 942.8075256347656, 'inference_time': 0}
2024-10-13 14:10:59,942 Pruning 1536 in layer 14
2024-10-13 14:10:59,943 Gathering metrics
2024-10-13 14:11:37,924 {'acc1': 0.8094059405940595, 'acc5': 0.9526608910891089, 'loss': 85.7107874751091, 'macs': 48324079080, 'params': 246626792, 'model_size': 940.8065490722656, 'inference_time': 0}
2024-10-13 14:11:37,950 Pruning 1792 in layer 14
2024-10-13 14:11:37,951 Gathering metrics
2024-10-13 14:12:23,218 {'acc1': 0.8100247524752475, 'acc5': 0.9532797029702971, 'loss': 85.55807146430016, 'macs': 48220743912, 'params': 246102248, 'model_size': 938.8055725097656, 'inference_time': 0}
2024-10-13 14:12:23,245 Pruning 2048 in layer 14
2024-10-13 14:12:23,246 Gathering metrics
2024-10-13 14:13:03,335 {'acc1': 0.8109529702970297, 'acc5': 0.9526608910891089, 'loss': 85.63705999404192, 'macs': 48117408744, 'params': 245577704, 'model_size': 936.8045959472656, 'inference_time': 0}
2024-10-13 14:13:03,362 Pruning 2304 in layer 14
2024-10-13 14:13:03,363 Gathering metrics
2024-10-13 14:13:43,611 {'acc1': 0.8109529702970297, 'acc5': 0.9526608910891089, 'loss': 85.7768047079444, 'macs': 48014073576, 'params': 245053160, 'model_size': 934.8036193847656, 'inference_time': 0}
2024-10-13 14:13:43,639 Pruning 2560 in layer 14
2024-10-13 14:13:43,640 Gathering metrics
2024-10-13 14:14:24,206 {'acc1': 0.8103341584158416, 'acc5': 0.9526608910891089, 'loss': 86.00864582508802, 'macs': 47910738408, 'params': 244528616, 'model_size': 932.8026428222656, 'inference_time': 0}
2024-10-13 14:14:24,233 Pruning 2816 in layer 14
2024-10-13 14:14:24,234 Gathering metrics
2024-10-13 14:15:04,434 {'acc1': 0.8097153465346535, 'acc5': 0.9523514851485149, 'loss': 86.19895525276661, 'macs': 47807403240, 'params': 244004072, 'model_size': 930.8016662597656, 'inference_time': 0}
2024-10-13 14:15:04,466 Pruning 3072 in layer 14
2024-10-13 14:15:04,467 Gathering metrics
2024-10-13 14:15:44,837 {'acc1': 0.8090965346534653, 'acc5': 0.9523514851485149, 'loss': 86.52705110609531, 'macs': 47704068072, 'params': 243479528, 'model_size': 928.8006896972656, 'inference_time': 0}
2024-10-13 14:15:44,864 Pruning 256 in layer 15
2024-10-13 14:15:44,865 Gathering metrics
2024-10-13 14:16:24,727 {'acc1': 0.8087871287128713, 'acc5': 0.9529702970297029, 'loss': 86.1614278703928, 'macs': 47704068072, 'params': 243479528, 'model_size': 928.8006896972656, 'inference_time': 0}
2024-10-13 14:16:24,754 Pruning 512 in layer 15
2024-10-13 14:16:24,755 Gathering metrics
2024-10-13 14:17:04,555 {'acc1': 0.8100247524752475, 'acc5': 0.9523514851485149, 'loss': 85.99833577126265, 'macs': 47600732904, 'params': 242954984, 'model_size': 926.7997131347656, 'inference_time': 0}
2024-10-13 14:17:04,582 Pruning 768 in layer 15
2024-10-13 14:17:04,583 Gathering metrics
2024-10-13 14:17:44,446 {'acc1': 0.8090965346534653, 'acc5': 0.9523514851485149, 'loss': 86.10539604723454, 'macs': 47497397736, 'params': 242430440, 'model_size': 924.7987365722656, 'inference_time': 0}
2024-10-13 14:17:44,472 Pruning 1024 in layer 15
2024-10-13 14:17:44,474 Gathering metrics
2024-10-13 14:18:24,293 {'acc1': 0.8084777227722773, 'acc5': 0.9523514851485149, 'loss': 85.81842946261168, 'macs': 47394062568, 'params': 241905896, 'model_size': 922.7977600097656, 'inference_time': 0}
2024-10-13 14:18:24,404 Pruning 1280 in layer 15
2024-10-13 14:18:24,406 Gathering metrics
2024-10-13 14:19:04,496 {'acc1': 0.8097153465346535, 'acc5': 0.9517326732673267, 'loss': 85.63103511929512, 'macs': 47290727400, 'params': 241381352, 'model_size': 920.7967834472656, 'inference_time': 0}
2024-10-13 14:19:04,522 Pruning 1536 in layer 15
2024-10-13 14:19:04,524 Gathering metrics
2024-10-13 14:19:43,781 {'acc1': 0.8090965346534653, 'acc5': 0.9514232673267327, 'loss': 85.54131545871496, 'macs': 47187392232, 'params': 240856808, 'model_size': 918.7958068847656, 'inference_time': 0}
2024-10-13 14:19:43,808 Pruning 1792 in layer 15
2024-10-13 14:19:43,809 Gathering metrics
2024-10-13 14:20:23,684 {'acc1': 0.8053836633663366, 'acc5': 0.9501856435643564, 'loss': 85.56093700230122, 'macs': 47084057064, 'params': 240332264, 'model_size': 916.7948303222656, 'inference_time': 0}
2024-10-13 14:20:23,711 Pruning 256 in layer 16
2024-10-13 14:20:23,712 Gathering metrics
2024-10-13 14:21:02,728 {'acc1': 0.8094059405940595, 'acc5': 0.9514232673267327, 'loss': 85.69697646051645, 'macs': 47084057064, 'params': 240332264, 'model_size': 916.7948303222656, 'inference_time': 0}
2024-10-13 14:21:02,755 Pruning 512 in layer 16
2024-10-13 14:21:02,756 Gathering metrics
2024-10-13 14:21:42,927 {'acc1': 0.8106435643564357, 'acc5': 0.9508044554455446, 'loss': 85.5827323794365, 'macs': 46980721896, 'params': 239807720, 'model_size': 914.7938537597656, 'inference_time': 0}
2024-10-13 14:21:42,954 Pruning 768 in layer 16
2024-10-13 14:21:42,955 Gathering metrics
2024-10-13 14:22:22,817 {'acc1': 0.8115717821782178, 'acc5': 0.9504950495049505, 'loss': 85.45053581148386, 'macs': 46877386728, 'params': 239283176, 'model_size': 912.7928771972656, 'inference_time': 0}
2024-10-13 14:22:22,843 Pruning 1024 in layer 16
2024-10-13 14:22:22,844 Gathering metrics
2024-10-13 14:23:02,717 {'acc1': 0.8118811881188119, 'acc5': 0.9511138613861386, 'loss': 85.51165311038494, 'macs': 46774051560, 'params': 238758632, 'model_size': 910.7919006347656, 'inference_time': 0}
2024-10-13 14:23:02,743 Pruning 1280 in layer 16
2024-10-13 14:23:02,745 Gathering metrics
2024-10-13 14:23:44,507 {'acc1': 0.8106435643564357, 'acc5': 0.9501856435643564, 'loss': 85.49790316820145, 'macs': 46670716392, 'params': 238234088, 'model_size': 908.7909240722656, 'inference_time': 0}
2024-10-13 14:23:44,533 Pruning 1536 in layer 16
2024-10-13 14:23:44,535 Gathering metrics
2024-10-13 14:24:24,542 {'acc1': 0.8097153465346535, 'acc5': 0.9511138613861386, 'loss': 85.38326571881771, 'macs': 46567381224, 'params': 237709544, 'model_size': 906.7899475097656, 'inference_time': 0}
2024-10-13 14:24:24,572 Pruning 1792 in layer 16
2024-10-13 14:24:24,573 Gathering metrics
2024-10-13 14:25:04,419 {'acc1': 0.806930693069307, 'acc5': 0.9511138613861386, 'loss': 85.52418975532055, 'macs': 46464046056, 'params': 237185000, 'model_size': 904.7889709472656, 'inference_time': 0}
2024-10-13 14:25:04,445 Pruning 2048 in layer 16
2024-10-13 14:25:04,446 Gathering metrics
2024-10-13 14:25:43,928 {'acc1': 0.807549504950495, 'acc5': 0.9498762376237624, 'loss': 85.8972135707736, 'macs': 46360710888, 'params': 236660456, 'model_size': 902.7879943847656, 'inference_time': 0}
2024-10-13 14:25:43,954 Pruning 2304 in layer 16
2024-10-13 14:25:43,956 Gathering metrics
2024-10-13 14:26:23,281 {'acc1': 0.806930693069307, 'acc5': 0.9501856435643564, 'loss': 85.85199255496264, 'macs': 46257375720, 'params': 236135912, 'model_size': 900.7870178222656, 'inference_time': 0}
2024-10-13 14:26:23,308 Pruning 2560 in layer 16
2024-10-13 14:26:23,309 Gathering metrics
2024-10-13 14:27:02,803 {'acc1': 0.807240099009901, 'acc5': 0.9501856435643564, 'loss': 85.89172392338514, 'macs': 46154040552, 'params': 235611368, 'model_size': 898.7860412597656, 'inference_time': 0}
2024-10-13 14:27:02,921 Pruning 2816 in layer 16
2024-10-13 14:27:02,923 Gathering metrics
2024-10-13 14:27:42,531 {'acc1': 0.806930693069307, 'acc5': 0.9492574257425742, 'loss': 85.86556039750576, 'macs': 46050705384, 'params': 235086824, 'model_size': 896.7850646972656, 'inference_time': 0}
2024-10-13 14:27:42,558 Pruning 3072 in layer 16
2024-10-13 14:27:42,560 Gathering metrics
2024-10-13 14:28:20,869 {'acc1': 0.8066212871287128, 'acc5': 0.9489480198019802, 'loss': 85.48731630295515, 'macs': 45947370216, 'params': 234562280, 'model_size': 894.7840881347656, 'inference_time': 0}
2024-10-13 14:28:20,895 Pruning 3328 in layer 16
2024-10-13 14:28:20,897 Gathering metrics
2024-10-13 14:29:00,371 {'acc1': 0.806930693069307, 'acc5': 0.9492574257425742, 'loss': 85.16554018110037, 'macs': 45844035048, 'params': 234037736, 'model_size': 892.7831115722656, 'inference_time': 0}
2024-10-13 14:29:00,397 Pruning 3584 in layer 16
2024-10-13 14:29:00,399 Gathering metrics
2024-10-13 14:29:39,687 {'acc1': 0.806930693069307, 'acc5': 0.9489480198019802, 'loss': 84.95061968266964, 'macs': 45740699880, 'params': 233513192, 'model_size': 890.7821350097656, 'inference_time': 0}
2024-10-13 14:29:39,714 Pruning 3840 in layer 16
2024-10-13 14:29:39,716 Gathering metrics
2024-10-13 14:30:16,803 {'acc1': 0.8063118811881188, 'acc5': 0.9486386138613861, 'loss': 84.74483717978, 'macs': 45637364712, 'params': 232988648, 'model_size': 888.7811584472656, 'inference_time': 0}
2024-10-13 14:30:16,829 Pruning 256 in layer 17
2024-10-13 14:30:16,830 Gathering metrics
2024-10-13 14:30:53,800 {'acc1': 0.806930693069307, 'acc5': 0.9489480198019802, 'loss': 84.95969934016466, 'macs': 45637364712, 'params': 232988648, 'model_size': 888.7811584472656, 'inference_time': 0}
2024-10-13 14:30:53,827 Pruning 512 in layer 17
2024-10-13 14:30:53,828 Gathering metrics
2024-10-13 14:31:33,302 {'acc1': 0.8066212871287128, 'acc5': 0.9492574257425742, 'loss': 84.98757873475552, 'macs': 45534029544, 'params': 232464104, 'model_size': 886.7801818847656, 'inference_time': 0}
2024-10-13 14:31:33,341 Pruning 768 in layer 17
2024-10-13 14:31:33,343 Gathering metrics
2024-10-13 14:32:15,606 {'acc1': 0.806930693069307, 'acc5': 0.9495668316831684, 'loss': 85.09832853078842, 'macs': 45430694376, 'params': 231939560, 'model_size': 884.7792053222656, 'inference_time': 0}
2024-10-13 14:32:15,635 Pruning 1024 in layer 17
2024-10-13 14:32:15,636 Gathering metrics
2024-10-13 14:32:55,776 {'acc1': 0.8066212871287128, 'acc5': 0.9495668316831684, 'loss': 85.14797134697437, 'macs': 45327359208, 'params': 231415016, 'model_size': 882.7782287597656, 'inference_time': 0}
2024-10-13 14:32:55,818 Pruning 1280 in layer 17
2024-10-13 14:32:55,821 Gathering metrics
2024-10-13 14:33:38,146 {'acc1': 0.807240099009901, 'acc5': 0.9495668316831684, 'loss': 85.23656318336725, 'macs': 45224024040, 'params': 230890472, 'model_size': 880.7772521972656, 'inference_time': 0}
2024-10-13 14:33:38,175 Pruning 1536 in layer 17
2024-10-13 14:33:38,177 Gathering metrics
2024-10-13 14:34:15,235 {'acc1': 0.8063118811881188, 'acc5': 0.9492574257425742, 'loss': 85.11828301846981, 'macs': 45120688872, 'params': 230365928, 'model_size': 878.7762756347656, 'inference_time': 0}
2024-10-13 14:34:15,262 Pruning 1792 in layer 17
2024-10-13 14:34:15,264 Gathering metrics
2024-10-13 14:34:53,886 {'acc1': 0.8047648514851485, 'acc5': 0.9498762376237624, 'loss': 85.28003673255444, 'macs': 45017353704, 'params': 229841384, 'model_size': 876.7752990722656, 'inference_time': 0}
2024-10-13 14:34:53,912 Pruning 2048 in layer 17
2024-10-13 14:34:53,913 Gathering metrics
2024-10-13 14:35:32,269 {'acc1': 0.807549504950495, 'acc5': 0.9504950495049505, 'loss': 85.17434813082218, 'macs': 44914018536, 'params': 229316840, 'model_size': 874.7743225097656, 'inference_time': 0}
2024-10-13 14:35:32,296 Pruning 2304 in layer 17
2024-10-13 14:35:32,298 Gathering metrics
2024-10-13 14:36:11,428 {'acc1': 0.8066212871287128, 'acc5': 0.9501856435643564, 'loss': 85.00623068958521, 'macs': 44810683368, 'params': 228792296, 'model_size': 872.7733459472656, 'inference_time': 0}
2024-10-13 14:36:11,545 Pruning 2560 in layer 17
2024-10-13 14:36:11,547 Gathering metrics
2024-10-13 14:36:50,625 {'acc1': 0.807549504950495, 'acc5': 0.9501856435643564, 'loss': 84.72970252484083, 'macs': 44707348200, 'params': 228267752, 'model_size': 870.7723693847656, 'inference_time': 0}
2024-10-13 14:36:50,652 Pruning 2816 in layer 17
2024-10-13 14:36:50,653 Gathering metrics
2024-10-13 14:37:29,368 {'acc1': 0.807549504950495, 'acc5': 0.9495668316831684, 'loss': 84.62252995371819, 'macs': 44604013032, 'params': 227743208, 'model_size': 868.7713928222656, 'inference_time': 0}
2024-10-13 14:37:29,395 Pruning 3072 in layer 17
2024-10-13 14:37:29,397 Gathering metrics
2024-10-13 14:38:08,390 {'acc1': 0.807240099009901, 'acc5': 0.9498762376237624, 'loss': 84.73177972435951, 'macs': 44500677864, 'params': 227218664, 'model_size': 866.7704162597656, 'inference_time': 0}
2024-10-13 14:38:08,416 Pruning 3328 in layer 17
2024-10-13 14:38:08,418 Gathering metrics
2024-10-13 14:38:47,289 {'acc1': 0.807549504950495, 'acc5': 0.9498762376237624, 'loss': 84.5878973454237, 'macs': 44397342696, 'params': 226694120, 'model_size': 864.7694396972656, 'inference_time': 0}
2024-10-13 14:38:47,316 Pruning 3584 in layer 17
2024-10-13 14:38:47,318 Gathering metrics
2024-10-13 14:39:24,500 {'acc1': 0.806930693069307, 'acc5': 0.9504950495049505, 'loss': 84.62946670502424, 'macs': 44294007528, 'params': 226169576, 'model_size': 862.7684631347656, 'inference_time': 0}
2024-10-13 14:39:24,527 Pruning 3840 in layer 17
2024-10-13 14:39:24,529 Gathering metrics
2024-10-13 14:40:01,151 {'acc1': 0.8056930693069307, 'acc5': 0.9492574257425742, 'loss': 84.59487896412611, 'macs': 44190672360, 'params': 225645032, 'model_size': 860.7674865722656, 'inference_time': 0}
2024-10-13 14:40:01,184 Pruning 256 in layer 18
2024-10-13 14:40:01,185 Gathering metrics
2024-10-13 14:40:37,900 {'acc1': 0.807549504950495, 'acc5': 0.9504950495049505, 'loss': 85.63612992316484, 'macs': 44190672360, 'params': 225645032, 'model_size': 860.7674865722656, 'inference_time': 0}
2024-10-13 14:40:37,927 Pruning 512 in layer 18
2024-10-13 14:40:37,929 Gathering metrics
2024-10-13 14:41:19,390 {'acc1': 0.806930693069307, 'acc5': 0.9501856435643564, 'loss': 86.58529604971409, 'macs': 44087337192, 'params': 225120488, 'model_size': 858.7665100097656, 'inference_time': 0}
2024-10-13 14:41:19,435 Pruning 768 in layer 18
2024-10-13 14:41:19,437 Gathering metrics
2024-10-13 14:42:02,096 {'acc1': 0.807240099009901, 'acc5': 0.9501856435643564, 'loss': 86.9002823382616, 'macs': 43984002024, 'params': 224595944, 'model_size': 856.7655334472656, 'inference_time': 0}
2024-10-13 14:42:02,139 Pruning 1024 in layer 18
2024-10-13 14:42:02,142 Gathering metrics
2024-10-13 14:42:41,024 {'acc1': 0.8066212871287128, 'acc5': 0.9492574257425742, 'loss': 86.30364800989628, 'macs': 43880666856, 'params': 224071400, 'model_size': 854.7645568847656, 'inference_time': 0}
2024-10-13 14:42:41,053 Pruning 1280 in layer 18
2024-10-13 14:42:41,055 Gathering metrics
2024-10-13 14:43:17,424 {'acc1': 0.8063118811881188, 'acc5': 0.9492574257425742, 'loss': 85.94922982156277, 'macs': 43777331688, 'params': 223546856, 'model_size': 852.7635803222656, 'inference_time': 0}
2024-10-13 14:43:17,451 Pruning 1536 in layer 18
2024-10-13 14:43:17,452 Gathering metrics
2024-10-13 14:43:59,139 {'acc1': 0.8053836633663366, 'acc5': 0.9489480198019802, 'loss': 85.9767172113061, 'macs': 43673996520, 'params': 223022312, 'model_size': 850.7626037597656, 'inference_time': 0}
2024-10-13 14:43:59,183 Pruning 1792 in layer 18
2024-10-13 14:43:59,185 Gathering metrics
2024-10-13 14:44:40,676 {'acc1': 0.8050742574257426, 'acc5': 0.9489480198019802, 'loss': 85.99316570162773, 'macs': 43570661352, 'params': 222497768, 'model_size': 848.7616271972656, 'inference_time': 0}
2024-10-13 14:44:40,704 Pruning 2048 in layer 18
2024-10-13 14:44:40,706 Gathering metrics
2024-10-13 14:45:16,975 {'acc1': 0.8060024752475248, 'acc5': 0.9489480198019802, 'loss': 86.04481139779091, 'macs': 43467326184, 'params': 221973224, 'model_size': 846.7606506347656, 'inference_time': 0}
2024-10-13 14:45:17,090 Pruning 2304 in layer 18
2024-10-13 14:45:17,092 Gathering metrics
2024-10-13 14:45:53,155 {'acc1': 0.8053836633663366, 'acc5': 0.9489480198019802, 'loss': 85.50396464020014, 'macs': 43363991016, 'params': 221448680, 'model_size': 844.7596740722656, 'inference_time': 0}
2024-10-13 14:45:53,181 Pruning 2560 in layer 18
2024-10-13 14:45:53,183 Gathering metrics
2024-10-13 14:46:29,513 {'acc1': 0.8053836633663366, 'acc5': 0.9489480198019802, 'loss': 85.04690030217171, 'macs': 43260655848, 'params': 220924136, 'model_size': 842.7586975097656, 'inference_time': 0}
2024-10-13 14:46:29,541 Pruning 2816 in layer 18
2024-10-13 14:46:29,542 Gathering metrics
2024-10-13 14:47:05,775 {'acc1': 0.806930693069307, 'acc5': 0.9489480198019802, 'loss': 84.42240092158318, 'macs': 43157320680, 'params': 220399592, 'model_size': 840.7577209472656, 'inference_time': 0}
2024-10-13 14:47:05,802 Pruning 3072 in layer 18
2024-10-13 14:47:05,803 Gathering metrics
2024-10-13 14:47:41,885 {'acc1': 0.8060024752475248, 'acc5': 0.9489480198019802, 'loss': 83.54012187570333, 'macs': 43053985512, 'params': 219875048, 'model_size': 838.7567443847656, 'inference_time': 0}
2024-10-13 14:47:41,912 Pruning 3328 in layer 18
2024-10-13 14:47:41,913 Gathering metrics
2024-10-13 14:48:26,986 {'acc1': 0.807240099009901, 'acc5': 0.9495668316831684, 'loss': 82.60662828013301, 'macs': 42950650344, 'params': 219350504, 'model_size': 836.7557678222656, 'inference_time': 0}
2024-10-13 14:48:27,027 Pruning 3584 in layer 18
2024-10-13 14:48:27,029 Gathering metrics
2024-10-13 14:49:10,436 {'acc1': 0.807549504950495, 'acc5': 0.9492574257425742, 'loss': 81.82862471044064, 'macs': 42847315176, 'params': 218825960, 'model_size': 834.7547912597656, 'inference_time': 0}
2024-10-13 14:49:10,478 Pruning 3840 in layer 18
2024-10-13 14:49:10,480 Gathering metrics
2024-10-13 14:49:52,606 {'acc1': 0.807549504950495, 'acc5': 0.9492574257425742, 'loss': 81.50508341472596, 'macs': 42743980008, 'params': 218301416, 'model_size': 832.7538146972656, 'inference_time': 0}
2024-10-13 14:49:52,645 Pruning 256 in layer 19
2024-10-13 14:49:52,647 Gathering metrics
2024-10-13 14:50:34,871 {'acc1': 0.807549504950495, 'acc5': 0.9492574257425742, 'loss': 81.82872648909688, 'macs': 42743980008, 'params': 218301416, 'model_size': 832.7538146972656, 'inference_time': 0}
2024-10-13 14:50:34,911 Pruning 512 in layer 19
2024-10-13 14:50:34,913 Gathering metrics
2024-10-13 14:51:14,523 {'acc1': 0.807549504950495, 'acc5': 0.9492574257425742, 'loss': 81.82927488163114, 'macs': 42640644840, 'params': 217776872, 'model_size': 830.7528381347656, 'inference_time': 0}
2024-10-13 14:51:14,551 Pruning 768 in layer 19
2024-10-13 14:51:14,552 Gathering metrics
2024-10-13 14:51:52,588 {'acc1': 0.807549504950495, 'acc5': 0.9492574257425742, 'loss': 81.83041297644377, 'macs': 42537309672, 'params': 217252328, 'model_size': 828.7518615722656, 'inference_time': 0}
2024-10-13 14:51:52,615 Pruning 1024 in layer 19
2024-10-13 14:51:52,617 Gathering metrics
2024-10-13 14:52:28,585 {'acc1': 0.807549504950495, 'acc5': 0.9492574257425742, 'loss': 81.83212438598275, 'macs': 42433974504, 'params': 216727784, 'model_size': 826.7508850097656, 'inference_time': 0}
2024-10-13 14:52:28,612 Pruning 1280 in layer 19
2024-10-13 14:52:28,613 Gathering metrics
2024-10-13 14:53:04,391 {'acc1': 0.807549504950495, 'acc5': 0.9492574257425742, 'loss': 81.83451449126005, 'macs': 42330639336, 'params': 216203240, 'model_size': 824.7499084472656, 'inference_time': 0}
2024-10-13 14:53:04,418 Pruning 1536 in layer 19
2024-10-13 14:53:04,420 Gathering metrics
2024-10-13 14:53:39,965 {'acc1': 0.807549504950495, 'acc5': 0.9492574257425742, 'loss': 81.83826011419296, 'macs': 42227304168, 'params': 215678696, 'model_size': 822.7489318847656, 'inference_time': 0}
2024-10-13 14:53:39,991 Pruning 1792 in layer 19
2024-10-13 14:53:39,992 Gathering metrics
2024-10-13 14:54:17,699 {'acc1': 0.807549504950495, 'acc5': 0.9492574257425742, 'loss': 81.84960901364684, 'macs': 42123969000, 'params': 215154152, 'model_size': 820.7479553222656, 'inference_time': 0}
2024-10-13 14:54:17,813 Pruning 2048 in layer 19
2024-10-13 14:54:17,814 Gathering metrics
2024-10-13 14:54:55,273 {'acc1': 0.8084777227722773, 'acc5': 0.9492574257425742, 'loss': 82.04822115600109, 'macs': 42020633832, 'params': 214629608, 'model_size': 818.7469787597656, 'inference_time': 0}
2024-10-13 14:54:55,299 Pruning 2304 in layer 19
2024-10-13 14:54:55,301 Gathering metrics
2024-10-13 14:55:30,820 {'acc1': 0.8078589108910891, 'acc5': 0.9489480198019802, 'loss': 82.03928716480732, 'macs': 41917298664, 'params': 214105064, 'model_size': 816.7460021972656, 'inference_time': 0}
2024-10-13 14:55:30,848 Pruning 2560 in layer 19
2024-10-13 14:55:30,849 Gathering metrics
2024-10-13 14:56:06,735 {'acc1': 0.807549504950495, 'acc5': 0.9489480198019802, 'loss': 82.16384129971266, 'macs': 41813963496, 'params': 213580520, 'model_size': 814.7450256347656, 'inference_time': 0}
2024-10-13 14:56:06,761 Pruning 2816 in layer 19
2024-10-13 14:56:06,762 Gathering metrics
2024-10-13 14:56:42,127 {'acc1': 0.807549504950495, 'acc5': 0.9489480198019802, 'loss': 82.23974777758121, 'macs': 41710628328, 'params': 213055976, 'model_size': 812.7440490722656, 'inference_time': 0}
2024-10-13 14:56:42,154 Pruning 3072 in layer 19
2024-10-13 14:56:42,155 Gathering metrics
2024-10-13 14:57:17,696 {'acc1': 0.8084777227722773, 'acc5': 0.9492574257425742, 'loss': 82.24911453947425, 'macs': 41607293160, 'params': 212531432, 'model_size': 810.7430725097656, 'inference_time': 0}
2024-10-13 14:57:17,722 Pruning 3328 in layer 19
2024-10-13 14:57:17,724 Gathering metrics
2024-10-13 14:57:53,770 {'acc1': 0.8084777227722773, 'acc5': 0.9495668316831684, 'loss': 81.84025231003761, 'macs': 41503957992, 'params': 212006888, 'model_size': 808.7420959472656, 'inference_time': 0}
2024-10-13 14:57:53,800 Pruning 3584 in layer 19
2024-10-13 14:57:53,802 Gathering metrics
2024-10-13 14:58:31,482 {'acc1': 0.8087871287128713, 'acc5': 0.9495668316831684, 'loss': 81.69529159739614, 'macs': 41400622824, 'params': 211482344, 'model_size': 806.7411193847656, 'inference_time': 0}
2024-10-13 14:58:31,508 Pruning 3840 in layer 19
2024-10-13 14:58:31,509 Gathering metrics
2024-10-13 14:59:09,044 {'acc1': 0.8084777227722773, 'acc5': 0.9492574257425742, 'loss': 81.72953399084508, 'macs': 41297287656, 'params': 210957800, 'model_size': 804.7401428222656, 'inference_time': 0}
2024-10-13 14:59:09,074 Pruning 256 in layer 20
2024-10-13 14:59:09,075 Gathering metrics
2024-10-13 14:59:47,033 {'acc1': 0.8087871287128713, 'acc5': 0.9495668316831684, 'loss': 81.69529262557626, 'macs': 41297287656, 'params': 210957800, 'model_size': 804.7401428222656, 'inference_time': 0}
2024-10-13 14:59:47,060 Pruning 512 in layer 20
2024-10-13 14:59:47,061 Gathering metrics
2024-10-13 15:00:26,507 {'acc1': 0.8087871287128713, 'acc5': 0.9495668316831684, 'loss': 81.69529452361166, 'macs': 41193952488, 'params': 210433256, 'model_size': 802.7391662597656, 'inference_time': 0}
2024-10-13 15:00:26,540 Pruning 768 in layer 20
2024-10-13 15:00:26,542 Gathering metrics
2024-10-13 15:01:03,129 {'acc1': 0.8087871287128713, 'acc5': 0.9495668316831684, 'loss': 81.69530378654599, 'macs': 41090617320, 'params': 209908712, 'model_size': 800.7381896972656, 'inference_time': 0}
2024-10-13 15:01:03,156 Pruning 1024 in layer 20
2024-10-13 15:01:03,158 Gathering metrics
2024-10-13 15:01:39,505 {'acc1': 0.8087871287128713, 'acc5': 0.9495668316831684, 'loss': 81.69531895034015, 'macs': 40987282152, 'params': 209384168, 'model_size': 798.7372131347656, 'inference_time': 0}
2024-10-13 15:01:39,533 Pruning 1280 in layer 20
2024-10-13 15:01:39,535 Gathering metrics
2024-10-13 15:02:17,622 {'acc1': 0.8087871287128713, 'acc5': 0.9495668316831684, 'loss': 81.69534105435014, 'macs': 40883946984, 'params': 208859624, 'model_size': 796.7362365722656, 'inference_time': 0}
2024-10-13 15:02:17,648 Pruning 1536 in layer 20
2024-10-13 15:02:17,650 Gathering metrics
2024-10-13 15:02:54,466 {'acc1': 0.8087871287128713, 'acc5': 0.9495668316831684, 'loss': 81.69536818191409, 'macs': 40780611816, 'params': 208335080, 'model_size': 794.7352600097656, 'inference_time': 0}
2024-10-13 15:02:54,584 Pruning 1792 in layer 20
2024-10-13 15:02:54,586 Gathering metrics
2024-10-13 15:03:31,688 {'acc1': 0.8087871287128713, 'acc5': 0.9495668316831684, 'loss': 81.69540470093489, 'macs': 40677276648, 'params': 207810536, 'model_size': 792.7342834472656, 'inference_time': 0}
2024-10-13 15:03:31,729 Pruning 2048 in layer 20
2024-10-13 15:03:31,731 Gathering metrics
2024-10-13 15:04:12,480 {'acc1': 0.8087871287128713, 'acc5': 0.9495668316831684, 'loss': 81.6954475492239, 'macs': 40573941480, 'params': 207285992, 'model_size': 790.7333068847656, 'inference_time': 0}
2024-10-13 15:04:12,520 Pruning 2304 in layer 20
2024-10-13 15:04:12,522 Gathering metrics
2024-10-13 15:04:49,948 {'acc1': 0.8087871287128713, 'acc5': 0.9495668316831684, 'loss': 81.69550430215895, 'macs': 40470606312, 'params': 206761448, 'model_size': 788.7323303222656, 'inference_time': 0}
2024-10-13 15:04:49,977 Pruning 2560 in layer 20
2024-10-13 15:04:49,978 Gathering metrics
2024-10-13 15:05:27,624 {'acc1': 0.8087871287128713, 'acc5': 0.9495668316831684, 'loss': 81.69558585435152, 'macs': 40367271144, 'params': 206236904, 'model_size': 786.7313537597656, 'inference_time': 0}
2024-10-13 15:05:27,651 Pruning 2816 in layer 20
2024-10-13 15:05:27,653 Gathering metrics
2024-10-13 15:06:06,219 {'acc1': 0.8087871287128713, 'acc5': 0.9495668316831684, 'loss': 81.69573806971312, 'macs': 40263935976, 'params': 205712360, 'model_size': 784.7303771972656, 'inference_time': 0}
2024-10-13 15:06:06,248 Pruning 3072 in layer 20
2024-10-13 15:06:06,250 Gathering metrics
2024-10-13 15:06:43,759 {'acc1': 0.8087871287128713, 'acc5': 0.9495668316831684, 'loss': 81.69631924293935, 'macs': 40160600808, 'params': 205187816, 'model_size': 782.7294006347656, 'inference_time': 0}
2024-10-13 15:06:43,788 Pruning 3328 in layer 20
2024-10-13 15:06:43,789 Gathering metrics
2024-10-13 15:07:19,355 {'acc1': 0.8087871287128713, 'acc5': 0.9495668316831684, 'loss': 81.70378823578358, 'macs': 40057265640, 'params': 204663272, 'model_size': 780.7284240722656, 'inference_time': 0}
2024-10-13 15:07:19,382 Pruning 3584 in layer 20
2024-10-13 15:07:19,383 Gathering metrics
2024-10-13 15:07:55,379 {'acc1': 0.8084777227722773, 'acc5': 0.9495668316831684, 'loss': 81.78536337055266, 'macs': 39953930472, 'params': 204138728, 'model_size': 778.7274475097656, 'inference_time': 0}
2024-10-13 15:07:55,406 Pruning 3840 in layer 20
2024-10-13 15:07:55,407 Gathering metrics
2024-10-13 15:08:31,717 {'acc1': 0.8087871287128713, 'acc5': 0.9495668316831684, 'loss': 82.10134446807206, 'macs': 39850595304, 'params': 203614184, 'model_size': 776.7264709472656, 'inference_time': 0}
2024-10-13 15:08:31,745 Pruning 256 in layer 21
2024-10-13 15:08:31,747 Gathering metrics
2024-10-13 15:09:07,449 {'acc1': 0.8084777227722773, 'acc5': 0.9495668316831684, 'loss': 81.78878387436271, 'macs': 39850595304, 'params': 203614184, 'model_size': 776.7264709472656, 'inference_time': 0}
2024-10-13 15:09:07,475 Pruning 512 in layer 21
2024-10-13 15:09:07,476 Gathering metrics
2024-10-13 15:09:47,323 {'acc1': 0.8084777227722773, 'acc5': 0.9495668316831684, 'loss': 81.80588511005044, 'macs': 39747260136, 'params': 203089640, 'model_size': 774.7254943847656, 'inference_time': 0}
2024-10-13 15:09:47,351 Pruning 768 in layer 21
2024-10-13 15:09:47,352 Gathering metrics
2024-10-13 15:10:22,644 {'acc1': 0.8084777227722773, 'acc5': 0.9495668316831684, 'loss': 81.83784098550677, 'macs': 39643924968, 'params': 202565096, 'model_size': 772.7245178222656, 'inference_time': 0}
2024-10-13 15:10:22,671 Pruning 1024 in layer 21
2024-10-13 15:10:22,672 Gathering metrics
2024-10-13 15:11:01,221 {'acc1': 0.8084777227722773, 'acc5': 0.9495668316831684, 'loss': 81.88449354842305, 'macs': 39540589800, 'params': 202040552, 'model_size': 770.7235412597656, 'inference_time': 0}
2024-10-13 15:11:01,261 Pruning 1280 in layer 21
2024-10-13 15:11:01,263 Gathering metrics
2024-10-13 15:11:36,890 {'acc1': 0.8087871287128713, 'acc5': 0.9495668316831684, 'loss': 81.94863786920905, 'macs': 39437254632, 'params': 201516008, 'model_size': 768.7225646972656, 'inference_time': 0}
2024-10-13 15:11:37,007 Pruning 1536 in layer 21
2024-10-13 15:11:37,008 Gathering metrics
2024-10-13 15:12:11,717 {'acc1': 0.8087871287128713, 'acc5': 0.9495668316831684, 'loss': 82.03480158746243, 'macs': 39333919464, 'params': 200991464, 'model_size': 766.7215881347656, 'inference_time': 0}
2024-10-13 15:12:11,744 Pruning 1792 in layer 21
2024-10-13 15:12:11,745 Gathering metrics
2024-10-13 15:12:46,274 {'acc1': 0.8087871287128713, 'acc5': 0.9495668316831684, 'loss': 82.14969232678413, 'macs': 39230584296, 'params': 200466920, 'model_size': 764.7206115722656, 'inference_time': 0}
2024-10-13 15:12:46,302 Pruning 2048 in layer 21
2024-10-13 15:12:46,303 Gathering metrics
2024-10-13 15:13:20,935 {'acc1': 0.8087871287128713, 'acc5': 0.9495668316831684, 'loss': 82.3029013350606, 'macs': 39127249128, 'params': 199942376, 'model_size': 762.7196350097656, 'inference_time': 0}
2024-10-13 15:13:20,962 Pruning 2304 in layer 21
2024-10-13 15:13:20,964 Gathering metrics
2024-10-13 15:13:55,353 {'acc1': 0.8087871287128713, 'acc5': 0.9495668316831684, 'loss': 82.50519685447216, 'macs': 39023913960, 'params': 199417832, 'model_size': 760.7186584472656, 'inference_time': 0}
2024-10-13 15:13:55,380 Pruning 2560 in layer 21
2024-10-13 15:13:55,382 Gathering metrics
2024-10-13 15:14:30,386 {'acc1': 0.8087871287128713, 'acc5': 0.9495668316831684, 'loss': 82.77226549386978, 'macs': 38920578792, 'params': 198893288, 'model_size': 758.7176818847656, 'inference_time': 0}
2024-10-13 15:14:30,418 Pruning 2816 in layer 21
2024-10-13 15:14:30,419 Gathering metrics
2024-10-13 15:15:04,805 {'acc1': 0.8090965346534653, 'acc5': 0.9495668316831684, 'loss': 83.12287698686123, 'macs': 38817243624, 'params': 198368744, 'model_size': 756.7167053222656, 'inference_time': 0}
2024-10-13 15:15:04,832 Pruning 3072 in layer 21
2024-10-13 15:15:04,833 Gathering metrics
2024-10-13 15:15:39,087 {'acc1': 0.8090965346534653, 'acc5': 0.9495668316831684, 'loss': 83.58061063289642, 'macs': 38713908456, 'params': 197844200, 'model_size': 754.7157287597656, 'inference_time': 0}
2024-10-13 15:15:39,115 Pruning 3328 in layer 21
2024-10-13 15:15:39,116 Gathering metrics
2024-10-13 15:16:13,712 {'acc1': 0.8094059405940595, 'acc5': 0.9495668316831684, 'loss': 84.17230244725943, 'macs': 38610573288, 'params': 197319656, 'model_size': 752.7147521972656, 'inference_time': 0}
2024-10-13 15:16:13,739 Pruning 3584 in layer 21
2024-10-13 15:16:13,740 Gathering metrics
2024-10-13 15:16:48,097 {'acc1': 0.8094059405940595, 'acc5': 0.9495668316831684, 'loss': 85.42106281220913, 'macs': 38507238120, 'params': 196795112, 'model_size': 750.7137756347656, 'inference_time': 0}
2024-10-13 15:16:48,124 Pruning 3840 in layer 21
2024-10-13 15:16:48,126 Gathering metrics
2024-10-13 15:17:22,846 {'acc1': 0.8094059405940595, 'acc5': 0.9498762376237624, 'loss': 88.25446817278862, 'macs': 38403902952, 'params': 196270568, 'model_size': 748.7127990722656, 'inference_time': 0}
2024-10-13 15:17:22,873 Pruning 256 in layer 22
2024-10-13 15:17:22,874 Gathering metrics
2024-10-13 15:17:59,199 {'acc1': 0.8094059405940595, 'acc5': 0.9495668316831684, 'loss': 85.42104629427195, 'macs': 38403902952, 'params': 196270568, 'model_size': 748.7127990722656, 'inference_time': 0}
2024-10-13 15:17:59,225 Pruning 512 in layer 22
2024-10-13 15:17:59,227 Gathering metrics
2024-10-13 15:18:34,832 {'acc1': 0.8094059405940595, 'acc5': 0.9495668316831684, 'loss': 85.42098519206047, 'macs': 38300567784, 'params': 195746024, 'model_size': 746.7118225097656, 'inference_time': 0}
2024-10-13 15:18:34,860 Pruning 768 in layer 22
2024-10-13 15:18:34,861 Gathering metrics
2024-10-13 15:19:09,492 {'acc1': 0.8094059405940595, 'acc5': 0.9495668316831684, 'loss': 85.42074122279882, 'macs': 38197232616, 'params': 195221480, 'model_size': 744.7108459472656, 'inference_time': 0}
2024-10-13 15:19:09,607 Pruning 1024 in layer 22
2024-10-13 15:19:09,608 Gathering metrics
2024-10-13 15:19:47,968 {'acc1': 0.8094059405940595, 'acc5': 0.9495668316831684, 'loss': 85.4203727170825, 'macs': 38093897448, 'params': 194696936, 'model_size': 742.7098693847656, 'inference_time': 0}
2024-10-13 15:19:48,010 Pruning 1280 in layer 22
2024-10-13 15:19:48,012 Gathering metrics
2024-10-13 15:20:27,588 {'acc1': 0.8094059405940595, 'acc5': 0.9495668316831684, 'loss': 85.41984853893518, 'macs': 37990562280, 'params': 194172392, 'model_size': 740.7088928222656, 'inference_time': 0}
2024-10-13 15:20:27,632 Pruning 1536 in layer 22
2024-10-13 15:20:27,636 Gathering metrics
2024-10-13 15:21:05,818 {'acc1': 0.8094059405940595, 'acc5': 0.9495668316831684, 'loss': 85.41919872909784, 'macs': 37887227112, 'params': 193647848, 'model_size': 738.7079162597656, 'inference_time': 0}
2024-10-13 15:21:05,847 Pruning 1792 in layer 22
2024-10-13 15:21:05,849 Gathering metrics
2024-10-13 15:21:39,758 {'acc1': 0.8094059405940595, 'acc5': 0.9495668316831684, 'loss': 85.41839890927076, 'macs': 37783891944, 'params': 193123304, 'model_size': 736.7069396972656, 'inference_time': 0}
2024-10-13 15:21:39,786 Pruning 2048 in layer 22
2024-10-13 15:21:39,787 Gathering metrics
2024-10-13 15:22:13,858 {'acc1': 0.8094059405940595, 'acc5': 0.9495668316831684, 'loss': 85.41746839135885, 'macs': 37680556776, 'params': 192598760, 'model_size': 734.7059631347656, 'inference_time': 0}
2024-10-13 15:22:13,885 Pruning 2304 in layer 22
2024-10-13 15:22:13,887 Gathering metrics
2024-10-13 15:22:47,525 {'acc1': 0.8094059405940595, 'acc5': 0.9495668316831684, 'loss': 85.4164258018136, 'macs': 37577221608, 'params': 192074216, 'model_size': 732.7049865722656, 'inference_time': 0}
2024-10-13 15:22:47,551 Pruning 2560 in layer 22
2024-10-13 15:22:47,553 Gathering metrics
2024-10-13 15:23:21,314 {'acc1': 0.8094059405940595, 'acc5': 0.9495668316831684, 'loss': 85.41526357829571, 'macs': 37473886440, 'params': 191549672, 'model_size': 730.7040100097656, 'inference_time': 0}
2024-10-13 15:23:21,342 Pruning 2816 in layer 22
2024-10-13 15:23:21,343 Gathering metrics
2024-10-13 15:23:55,092 {'acc1': 0.8094059405940595, 'acc5': 0.9495668316831684, 'loss': 85.4139696136117, 'macs': 37370551272, 'params': 191025128, 'model_size': 728.7030334472656, 'inference_time': 0}
2024-10-13 15:23:55,120 Pruning 3072 in layer 22
2024-10-13 15:23:55,121 Gathering metrics
2024-10-13 15:24:28,860 {'acc1': 0.8094059405940595, 'acc5': 0.9495668316831684, 'loss': 85.41249112784863, 'macs': 37267216104, 'params': 190500584, 'model_size': 726.7020568847656, 'inference_time': 0}
2024-10-13 15:24:28,888 Pruning 3328 in layer 22
2024-10-13 15:24:28,889 Gathering metrics
2024-10-13 15:25:02,470 {'acc1': 0.8094059405940595, 'acc5': 0.9495668316831684, 'loss': 85.41067317128181, 'macs': 37163880936, 'params': 189976040, 'model_size': 724.7010803222656, 'inference_time': 0}
2024-10-13 15:25:02,497 Pruning 3584 in layer 22
2024-10-13 15:25:02,498 Gathering metrics
2024-10-13 15:25:36,147 {'acc1': 0.8094059405940595, 'acc5': 0.9495668316831684, 'loss': 85.40704265981913, 'macs': 37060545768, 'params': 189451496, 'model_size': 722.7001037597656, 'inference_time': 0}
2024-10-13 15:25:36,174 Pruning 3840 in layer 22
2024-10-13 15:25:36,175 Gathering metrics
2024-10-13 15:26:11,213 {'acc1': 0.8094059405940595, 'acc5': 0.9495668316831684, 'loss': 85.18952766060829, 'macs': 36957210600, 'params': 188926952, 'model_size': 720.6991271972656, 'inference_time': 0}
2024-10-13 15:26:11,240 Pruning 256 in layer 23
2024-10-13 15:26:11,241 Gathering metrics
2024-10-13 15:26:50,034 {'acc1': 0.8094059405940595, 'acc5': 0.9495668316831684, 'loss': 85.40704254060984, 'macs': 36957210600, 'params': 188926952, 'model_size': 720.6991271972656, 'inference_time': 0}
2024-10-13 15:26:50,062 Pruning 512 in layer 23
2024-10-13 15:26:50,064 Gathering metrics
2024-10-13 15:27:23,838 {'acc1': 0.8094059405940595, 'acc5': 0.9495668316831684, 'loss': 85.40704265981913, 'macs': 36853875432, 'params': 188402408, 'model_size': 718.6981506347656, 'inference_time': 0}
2024-10-13 15:27:23,955 Pruning 768 in layer 23
2024-10-13 15:27:23,956 Gathering metrics
2024-10-13 15:27:57,369 {'acc1': 0.8094059405940595, 'acc5': 0.9495668316831684, 'loss': 85.40704280883074, 'macs': 36750540264, 'params': 187877864, 'model_size': 716.6971740722656, 'inference_time': 0}
2024-10-13 15:27:57,397 Pruning 1024 in layer 23
2024-10-13 15:27:57,398 Gathering metrics
2024-10-13 15:28:30,903 {'acc1': 0.8094059405940595, 'acc5': 0.9495668316831684, 'loss': 85.40704279392958, 'macs': 36647205096, 'params': 187353320, 'model_size': 714.6961975097656, 'inference_time': 0}
2024-10-13 15:28:30,931 Pruning 1280 in layer 23
2024-10-13 15:28:30,932 Gathering metrics
2024-10-13 15:29:04,529 {'acc1': 0.8094059405940595, 'acc5': 0.9495668316831684, 'loss': 85.40704286843538, 'macs': 36543869928, 'params': 186828776, 'model_size': 712.6952209472656, 'inference_time': 0}
2024-10-13 15:29:04,555 Pruning 1536 in layer 23
2024-10-13 15:29:04,556 Gathering metrics
2024-10-13 15:29:37,904 {'acc1': 0.8094059405940595, 'acc5': 0.9495668316831684, 'loss': 85.40704260021448, 'macs': 36440534760, 'params': 186304232, 'model_size': 710.6942443847656, 'inference_time': 0}
2024-10-13 15:29:37,932 Pruning 1792 in layer 23
2024-10-13 15:29:37,933 Gathering metrics
2024-10-13 15:30:11,312 {'acc1': 0.8094059405940595, 'acc5': 0.9495668316831684, 'loss': 85.40704314410686, 'macs': 36337199592, 'params': 185779688, 'model_size': 708.6932678222656, 'inference_time': 0}
2024-10-13 15:30:11,340 Pruning 2048 in layer 23
2024-10-13 15:30:11,341 Gathering metrics
2024-10-13 15:30:44,514 {'acc1': 0.8094059405940595, 'acc5': 0.9495668316831684, 'loss': 85.40704262256622, 'macs': 36233864424, 'params': 185255144, 'model_size': 706.6922912597656, 'inference_time': 0}
2024-10-13 15:30:44,542 Pruning 2304 in layer 23
2024-10-13 15:30:44,543 Gathering metrics
2024-10-13 15:31:17,735 {'acc1': 0.8094059405940595, 'acc5': 0.9495668316831684, 'loss': 85.40704208612442, 'macs': 36130529256, 'params': 184730600, 'model_size': 704.6913146972656, 'inference_time': 0}
2024-10-13 15:31:17,762 Pruning 2560 in layer 23
2024-10-13 15:31:17,763 Gathering metrics
2024-10-13 15:31:51,116 {'acc1': 0.8094059405940595, 'acc5': 0.9495668316831684, 'loss': 85.40704216063023, 'macs': 36027194088, 'params': 184206056, 'model_size': 702.6903381347656, 'inference_time': 0}
2024-10-13 15:31:51,144 Pruning 2816 in layer 23
2024-10-13 15:31:51,146 Gathering metrics
2024-10-13 15:32:24,316 {'acc1': 0.8094059405940595, 'acc5': 0.9495668316831684, 'loss': 85.4070412889123, 'macs': 35923858920, 'params': 183681512, 'model_size': 700.6893615722656, 'inference_time': 0}
2024-10-13 15:32:24,344 Pruning 3072 in layer 23
2024-10-13 15:32:24,345 Gathering metrics
2024-10-13 15:32:57,743 {'acc1': 0.8094059405940595, 'acc5': 0.9495668316831684, 'loss': 85.407041169703, 'macs': 35820523752, 'params': 183156968, 'model_size': 698.6883850097656, 'inference_time': 0}
2024-10-13 15:32:57,771 Pruning 3328 in layer 23
2024-10-13 15:32:57,772 Gathering metrics
2024-10-13 15:33:30,715 {'acc1': 0.8094059405940595, 'acc5': 0.9495668316831684, 'loss': 85.40704127401114, 'macs': 35717188584, 'params': 182632424, 'model_size': 696.6874084472656, 'inference_time': 0}
2024-10-13 15:33:30,741 Pruning 3584 in layer 23
2024-10-13 15:33:30,743 Gathering metrics
2024-10-13 15:34:03,858 {'acc1': 0.8094059405940595, 'acc5': 0.9495668316831684, 'loss': 85.4070398658514, 'macs': 35613853416, 'params': 182107880, 'model_size': 694.6864318847656, 'inference_time': 0}
2024-10-13 15:34:03,885 Pruning 3840 in layer 23
2024-10-13 15:34:03,887 Gathering metrics
2024-10-13 15:34:37,176 {'acc1': 0.8094059405940595, 'acc5': 0.9495668316831684, 'loss': 85.40704126656055, 'macs': 35510518248, 'params': 181583336, 'model_size': 692.6854553222656, 'inference_time': 0}
2024-10-13 15:34:37,193 Experiment finished
