2024-10-12 00:24:11,810 Starting experiment outputs/adaptive/vit_b_16/proj500
2024-10-12 00:24:11,810 Loading the original model
2024-10-12 00:24:12,169 Gathering metrics of the original model
2024-10-12 00:24:52,552 {'acc1': 0.8415841584158416, 'acc5': 0.968440594059406, 'loss': 71.7905719652772, 'macs': 16864992232, 'params': 86567656, 'model_size': 330.2294006347656, 'inference_time': 0}
2024-10-12 00:24:52,566 Pruning 128 in layer 11
2024-10-12 00:24:58,266 Gathering metrics
2024-10-12 00:25:37,743 {'acc1': 0.8403465346534653, 'acc5': 0.968440594059406, 'loss': 70.81224723905325, 'macs': 16826235240, 'params': 86370920, 'model_size': 329.4789123535156, 'inference_time': 0}
2024-10-12 00:25:37,851 Pruning 256 in layer 11
2024-10-12 00:25:43,040 Gathering metrics
2024-10-12 00:26:20,334 {'acc1': 0.838490099009901, 'acc5': 0.9678217821782178, 'loss': 70.09869550913572, 'macs': 16787478248, 'params': 86174184, 'model_size': 328.7284240722656, 'inference_time': 0}
2024-10-12 00:26:20,348 Pruning 384 in layer 11
2024-10-12 00:26:25,088 Gathering metrics
2024-10-12 00:27:02,049 {'acc1': 0.8394183168316832, 'acc5': 0.9678217821782178, 'loss': 69.89324107766151, 'macs': 16748721256, 'params': 85977448, 'model_size': 327.9779357910156, 'inference_time': 0}
2024-10-12 00:27:02,064 Pruning 512 in layer 11
2024-10-12 00:27:06,223 Gathering metrics
2024-10-12 00:27:43,195 {'acc1': 0.8400371287128713, 'acc5': 0.9668935643564357, 'loss': 69.96923005580902, 'macs': 16709964264, 'params': 85780712, 'model_size': 327.2274475097656, 'inference_time': 0}
2024-10-12 00:27:43,210 Pruning 640 in layer 11
2024-10-12 00:27:47,042 Gathering metrics
2024-10-12 00:28:24,928 {'acc1': 0.8394183168316832, 'acc5': 0.9656559405940595, 'loss': 70.5264478623867, 'macs': 16671207272, 'params': 85583976, 'model_size': 326.4769592285156, 'inference_time': 0}
2024-10-12 00:28:24,942 Pruning 768 in layer 11
2024-10-12 00:28:28,406 Gathering metrics
2024-10-12 00:29:07,627 {'acc1': 0.838799504950495, 'acc5': 0.9665841584158416, 'loss': 70.27595408633351, 'macs': 16632450280, 'params': 85387240, 'model_size': 325.7264709472656, 'inference_time': 0}
2024-10-12 00:29:07,642 Pruning 896 in layer 11
2024-10-12 00:29:10,581 Gathering metrics
2024-10-12 00:29:47,892 {'acc1': 0.8394183168316832, 'acc5': 0.9659653465346535, 'loss': 71.01507091149688, 'macs': 16593693288, 'params': 85190504, 'model_size': 324.9759826660156, 'inference_time': 0}
2024-10-12 00:29:47,906 Pruning 1024 in layer 11
2024-10-12 00:29:50,509 Gathering metrics
2024-10-12 00:30:27,740 {'acc1': 0.8394183168316832, 'acc5': 0.9659653465346535, 'loss': 71.31022628210485, 'macs': 16554936296, 'params': 84993768, 'model_size': 324.2254943847656, 'inference_time': 0}
2024-10-12 00:30:27,754 Pruning 1152 in layer 11
2024-10-12 00:30:30,013 Gathering metrics
2024-10-12 00:31:07,170 {'acc1': 0.8391089108910891, 'acc5': 0.9659653465346535, 'loss': 70.82605424523354, 'macs': 16516179304, 'params': 84797032, 'model_size': 323.4750061035156, 'inference_time': 0}
2024-10-12 00:31:07,185 Pruning 1280 in layer 11
2024-10-12 00:31:09,238 Gathering metrics
2024-10-12 00:31:46,335 {'acc1': 0.8397277227722773, 'acc5': 0.9659653465346535, 'loss': 70.92892415449023, 'macs': 16477422312, 'params': 84600296, 'model_size': 322.7245178222656, 'inference_time': 0}
2024-10-12 00:31:46,349 Pruning 1408 in layer 11
2024-10-12 00:31:48,111 Gathering metrics
2024-10-12 00:32:25,163 {'acc1': 0.8400371287128713, 'acc5': 0.9653465346534653, 'loss': 71.19987011887133, 'macs': 16438665320, 'params': 84403560, 'model_size': 321.9740295410156, 'inference_time': 0}
2024-10-12 00:32:25,179 Pruning 1536 in layer 11
2024-10-12 00:32:26,732 Gathering metrics
2024-10-12 00:33:03,503 {'acc1': 0.8403465346534653, 'acc5': 0.9659653465346535, 'loss': 71.48537599481642, 'macs': 16399908328, 'params': 84206824, 'model_size': 321.2235412597656, 'inference_time': 0}
2024-10-12 00:33:03,518 Pruning 1664 in layer 11
2024-10-12 00:33:04,855 Gathering metrics
2024-10-12 00:33:42,141 {'acc1': 0.838799504950495, 'acc5': 0.9656559405940595, 'loss': 72.71951602958143, 'macs': 16361151336, 'params': 84010088, 'model_size': 320.4730529785156, 'inference_time': 0}
2024-10-12 00:33:42,155 Pruning 1792 in layer 11
2024-10-12 00:33:43,347 Gathering metrics
2024-10-12 00:34:20,367 {'acc1': 0.838490099009901, 'acc5': 0.9650371287128713, 'loss': 72.56997758336365, 'macs': 16322394344, 'params': 83813352, 'model_size': 319.7225646972656, 'inference_time': 0}
2024-10-12 00:34:20,382 Pruning 1920 in layer 11
2024-10-12 00:34:21,392 Gathering metrics
2024-10-12 00:34:58,187 {'acc1': 0.8375618811881188, 'acc5': 0.9656559405940595, 'loss': 72.50724144466221, 'macs': 16283637352, 'params': 83616616, 'model_size': 318.9720764160156, 'inference_time': 0}
2024-10-12 00:34:58,201 Pruning 2048 in layer 11
2024-10-12 00:34:59,052 Gathering metrics
2024-10-12 00:35:35,857 {'acc1': 0.8378712871287128, 'acc5': 0.9656559405940595, 'loss': 72.40399282611907, 'macs': 16244880360, 'params': 83419880, 'model_size': 318.2215881347656, 'inference_time': 0}
2024-10-12 00:35:35,871 Pruning 2176 in layer 11
2024-10-12 00:35:36,612 Gathering metrics
2024-10-12 00:36:13,505 {'acc1': 0.8378712871287128, 'acc5': 0.9659653465346535, 'loss': 72.54982986114919, 'macs': 16206123368, 'params': 83223144, 'model_size': 317.4710998535156, 'inference_time': 0}
2024-10-12 00:36:13,520 Pruning 2304 in layer 11
2024-10-12 00:36:14,143 Gathering metrics
2024-10-12 00:36:50,991 {'acc1': 0.838799504950495, 'acc5': 0.9650371287128713, 'loss': 73.39155583456159, 'macs': 16167366376, 'params': 83026408, 'model_size': 316.7206115722656, 'inference_time': 0}
2024-10-12 00:36:51,006 Pruning 2432 in layer 11
2024-10-12 00:36:51,545 Gathering metrics
2024-10-12 00:37:28,551 {'acc1': 0.8369430693069307, 'acc5': 0.9662747524752475, 'loss': 76.68107840791345, 'macs': 16128609384, 'params': 82829672, 'model_size': 315.9701232910156, 'inference_time': 0}
2024-10-12 00:37:28,566 Pruning 2560 in layer 11
2024-10-12 00:37:29,038 Gathering metrics
2024-10-12 00:38:05,797 {'acc1': 0.8366336633663366, 'acc5': 0.9662747524752475, 'loss': 75.21113157644868, 'macs': 16089852392, 'params': 82632936, 'model_size': 315.2196350097656, 'inference_time': 0}
2024-10-12 00:38:05,811 Pruning 2688 in layer 11
2024-10-12 00:38:06,192 Gathering metrics
2024-10-12 00:38:42,827 {'acc1': 0.8357054455445545, 'acc5': 0.9665841584158416, 'loss': 74.59090683795512, 'macs': 16051095400, 'params': 82436200, 'model_size': 314.4691467285156, 'inference_time': 0}
2024-10-12 00:38:42,843 Pruning 2816 in layer 11
2024-10-12 00:38:43,173 Gathering metrics
2024-10-12 00:39:20,033 {'acc1': 0.8344678217821783, 'acc5': 0.9665841584158416, 'loss': 75.34478771686554, 'macs': 16012338408, 'params': 82239464, 'model_size': 313.7186584472656, 'inference_time': 0}
2024-10-12 00:39:20,047 Pruning 2944 in layer 11
2024-10-12 00:39:20,307 Gathering metrics
2024-10-12 00:39:56,974 {'acc1': 0.8353960396039604, 'acc5': 0.9675123762376238, 'loss': 69.75154358893633, 'macs': 15973581416, 'params': 82042728, 'model_size': 312.9681701660156, 'inference_time': 0}
2024-10-12 00:39:56,988 Pruning 128 in layer 10
2024-10-12 00:40:02,636 Gathering metrics
2024-10-12 00:40:39,212 {'acc1': 0.8319925742574258, 'acc5': 0.9668935643564357, 'loss': 75.57371198572218, 'macs': 15973581416, 'params': 82042728, 'model_size': 312.9681701660156, 'inference_time': 0}
2024-10-12 00:40:39,227 Pruning 256 in layer 10
2024-10-12 00:40:44,496 Gathering metrics
2024-10-12 00:41:21,152 {'acc1': 0.8313737623762376, 'acc5': 0.9653465346534653, 'loss': 76.54323766753078, 'macs': 15934824424, 'params': 81845992, 'model_size': 312.2176818847656, 'inference_time': 0}
2024-10-12 00:41:21,167 Pruning 384 in layer 10
2024-10-12 00:41:25,896 Gathering metrics
2024-10-12 00:42:02,338 {'acc1': 0.8316831683168316, 'acc5': 0.9647277227722773, 'loss': 76.69549861364067, 'macs': 15896067432, 'params': 81649256, 'model_size': 311.4671936035156, 'inference_time': 0}
2024-10-12 00:42:02,353 Pruning 512 in layer 10
2024-10-12 00:42:06,529 Gathering metrics
2024-10-12 00:42:42,848 {'acc1': 0.8261138613861386, 'acc5': 0.9644183168316832, 'loss': 77.50269137322903, 'macs': 15857310440, 'params': 81452520, 'model_size': 310.7167053222656, 'inference_time': 0}
2024-10-12 00:42:42,863 Pruning 128 in layer 9
2024-10-12 00:42:48,509 Gathering metrics
2024-10-12 00:43:24,593 {'acc1': 0.8282797029702971, 'acc5': 0.9644183168316832, 'loss': 77.54315351881087, 'macs': 15857310440, 'params': 81452520, 'model_size': 310.7167053222656, 'inference_time': 0}
2024-10-12 00:43:24,607 Pruning 256 in layer 9
2024-10-12 00:43:29,789 Gathering metrics
2024-10-12 00:44:05,875 {'acc1': 0.8261138613861386, 'acc5': 0.9625618811881188, 'loss': 78.36001368425786, 'macs': 15818553448, 'params': 81255784, 'model_size': 309.9662170410156, 'inference_time': 0}
2024-10-12 00:44:05,889 Pruning 384 in layer 9
2024-10-12 00:44:10,594 Gathering metrics
2024-10-12 00:44:46,873 {'acc1': 0.8273514851485149, 'acc5': 0.963180693069307, 'loss': 78.73195789381862, 'macs': 15779796456, 'params': 81059048, 'model_size': 309.2157287597656, 'inference_time': 0}
2024-10-12 00:44:46,888 Pruning 512 in layer 9
2024-10-12 00:44:51,038 Gathering metrics
2024-10-12 00:45:27,232 {'acc1': 0.8251856435643564, 'acc5': 0.9625618811881188, 'loss': 80.58953927643597, 'macs': 15741039464, 'params': 80862312, 'model_size': 308.4652404785156, 'inference_time': 0}
2024-10-12 00:45:27,247 Pruning 640 in layer 9
2024-10-12 00:45:31,055 Gathering metrics
2024-10-12 00:46:07,245 {'acc1': 0.8236386138613861, 'acc5': 0.9653465346534653, 'loss': 81.39077820442617, 'macs': 15702282472, 'params': 80665576, 'model_size': 307.7147521972656, 'inference_time': 0}
2024-10-12 00:46:07,260 Pruning 128 in layer 8
2024-10-12 00:46:12,899 Gathering metrics
2024-10-12 00:46:49,149 {'acc1': 0.8208539603960396, 'acc5': 0.9622524752475248, 'loss': 81.29722129087895, 'macs': 15702282472, 'params': 80665576, 'model_size': 307.7147521972656, 'inference_time': 0}
2024-10-12 00:46:49,163 Pruning 256 in layer 8
2024-10-12 00:46:54,363 Gathering metrics
2024-10-12 00:47:30,563 {'acc1': 0.8193069306930693, 'acc5': 0.9616336633663366, 'loss': 83.31738130189478, 'macs': 15663525480, 'params': 80468840, 'model_size': 306.9642639160156, 'inference_time': 0}
2024-10-12 00:47:30,578 Pruning 384 in layer 8
2024-10-12 00:47:35,287 Gathering metrics
2024-10-12 00:48:11,393 {'acc1': 0.8162128712871287, 'acc5': 0.9603960396039604, 'loss': 84.12022071424872, 'macs': 15624768488, 'params': 80272104, 'model_size': 306.2137756347656, 'inference_time': 0}
2024-10-12 00:48:11,407 Pruning 128 in layer 7
2024-10-12 00:48:17,021 Gathering metrics
2024-10-12 00:48:53,269 {'acc1': 0.817450495049505, 'acc5': 0.9625618811881188, 'loss': 83.78915343713015, 'macs': 15624768488, 'params': 80272104, 'model_size': 306.2137756347656, 'inference_time': 0}
2024-10-12 00:48:53,283 Pruning 256 in layer 7
2024-10-12 00:48:58,500 Gathering metrics
2024-10-12 00:49:34,507 {'acc1': 0.817450495049505, 'acc5': 0.9607054455445545, 'loss': 84.70027104392648, 'macs': 15586011496, 'params': 80075368, 'model_size': 305.4632873535156, 'inference_time': 0}
2024-10-12 00:49:34,620 Pruning 384 in layer 7
2024-10-12 00:49:39,314 Gathering metrics
2024-10-12 00:50:15,210 {'acc1': 0.817759900990099, 'acc5': 0.9600866336633663, 'loss': 85.75812018942088, 'macs': 15547254504, 'params': 79878632, 'model_size': 304.7127990722656, 'inference_time': 0}
2024-10-12 00:50:15,224 Pruning 512 in layer 7
2024-10-12 00:50:19,373 Gathering metrics
2024-10-12 00:50:55,680 {'acc1': 0.8168316831683168, 'acc5': 0.9591584158415841, 'loss': 86.55376645643264, 'macs': 15508497512, 'params': 79681896, 'model_size': 303.9623107910156, 'inference_time': 0}
2024-10-12 00:50:55,696 Pruning 640 in layer 7
2024-10-12 00:50:59,500 Gathering metrics
2024-10-12 00:51:35,236 {'acc1': 0.8149752475247525, 'acc5': 0.9594678217821783, 'loss': 87.24265276826918, 'macs': 15469740520, 'params': 79485160, 'model_size': 303.2118225097656, 'inference_time': 0}
2024-10-12 00:51:35,250 Pruning 768 in layer 7
2024-10-12 00:51:38,695 Gathering metrics
2024-10-12 00:52:14,667 {'acc1': 0.812809405940594, 'acc5': 0.9573019801980198, 'loss': 87.83755410183221, 'macs': 15430983528, 'params': 79288424, 'model_size': 302.4613342285156, 'inference_time': 0}
2024-10-12 00:52:14,681 Pruning 896 in layer 7
2024-10-12 00:52:17,584 Gathering metrics
2024-10-12 00:52:53,270 {'acc1': 0.8134282178217822, 'acc5': 0.9560643564356436, 'loss': 88.76699589286, 'macs': 15392226536, 'params': 79091688, 'model_size': 301.7108459472656, 'inference_time': 0}
2024-10-12 00:52:53,285 Pruning 1024 in layer 7
2024-10-12 00:52:55,834 Gathering metrics
2024-10-12 00:53:31,977 {'acc1': 0.8115717821782178, 'acc5': 0.9566831683168316, 'loss': 89.92878568172455, 'macs': 15353469544, 'params': 78894952, 'model_size': 300.9603576660156, 'inference_time': 0}
2024-10-12 00:53:31,993 Pruning 128 in layer 6
2024-10-12 00:53:37,632 Gathering metrics
2024-10-12 00:54:13,648 {'acc1': 0.8152846534653465, 'acc5': 0.9566831683168316, 'loss': 89.3715828564018, 'macs': 15353469544, 'params': 78894952, 'model_size': 300.9603576660156, 'inference_time': 0}
2024-10-12 00:54:13,663 Pruning 256 in layer 6
2024-10-12 00:54:18,900 Gathering metrics
2024-10-12 00:54:54,961 {'acc1': 0.8137376237623762, 'acc5': 0.9560643564356436, 'loss': 89.73800677061081, 'macs': 15314712552, 'params': 78698216, 'model_size': 300.2098693847656, 'inference_time': 0}
2024-10-12 00:54:54,974 Pruning 384 in layer 6
2024-10-12 00:54:59,706 Gathering metrics
2024-10-12 00:55:35,697 {'acc1': 0.8125, 'acc5': 0.9557549504950495, 'loss': 90.16859562881291, 'macs': 15275955560, 'params': 78501480, 'model_size': 299.4593811035156, 'inference_time': 0}
2024-10-12 00:55:35,711 Pruning 512 in layer 6
2024-10-12 00:55:39,837 Gathering metrics
2024-10-12 00:56:15,790 {'acc1': 0.8087871287128713, 'acc5': 0.9548267326732673, 'loss': 91.84906215406954, 'macs': 15237198568, 'params': 78304744, 'model_size': 298.7088928222656, 'inference_time': 0}
2024-10-12 00:56:15,805 Pruning 640 in layer 6
2024-10-12 00:56:19,584 Gathering metrics
2024-10-12 00:56:57,326 {'acc1': 0.8066212871287128, 'acc5': 0.9551361386138614, 'loss': 91.87467070203274, 'macs': 15198441576, 'params': 78108008, 'model_size': 297.9584045410156, 'inference_time': 0}
2024-10-12 00:56:57,340 Pruning 768 in layer 6
2024-10-12 00:57:00,780 Gathering metrics
2024-10-12 00:57:37,403 {'acc1': 0.807240099009901, 'acc5': 0.9529702970297029, 'loss': 92.49695517215878, 'macs': 15159684584, 'params': 77911272, 'model_size': 297.2079162597656, 'inference_time': 0}
2024-10-12 00:57:37,419 Pruning 896 in layer 6
2024-10-12 00:57:40,318 Gathering metrics
2024-10-12 00:58:15,956 {'acc1': 0.8029084158415841, 'acc5': 0.9535891089108911, 'loss': 93.66640202142298, 'macs': 15120927592, 'params': 77714536, 'model_size': 296.4574279785156, 'inference_time': 0}
2024-10-12 00:58:15,970 Pruning 128 in layer 5
2024-10-12 00:58:21,613 Gathering metrics
2024-10-12 00:58:58,765 {'acc1': 0.8078589108910891, 'acc5': 0.9526608910891089, 'loss': 92.57665798999369, 'macs': 15120927592, 'params': 77714536, 'model_size': 296.4574279785156, 'inference_time': 0}
2024-10-12 00:58:58,780 Pruning 256 in layer 5
2024-10-12 00:59:04,009 Gathering metrics
2024-10-12 00:59:40,946 {'acc1': 0.8044554455445545, 'acc5': 0.9504950495049505, 'loss': 93.44940092973411, 'macs': 15082170600, 'params': 77517800, 'model_size': 295.7069396972656, 'inference_time': 0}
2024-10-12 00:59:40,963 Pruning 384 in layer 5
2024-10-12 00:59:45,676 Gathering metrics
2024-10-12 01:00:21,454 {'acc1': 0.8053836633663366, 'acc5': 0.9489480198019802, 'loss': 94.66262844298035, 'macs': 15043413608, 'params': 77321064, 'model_size': 294.9564514160156, 'inference_time': 0}
2024-10-12 01:00:21,469 Pruning 512 in layer 5
2024-10-12 01:00:25,654 Gathering metrics
2024-10-12 01:01:01,200 {'acc1': 0.8047648514851485, 'acc5': 0.9492574257425742, 'loss': 94.8390282113105, 'macs': 15004656616, 'params': 77124328, 'model_size': 294.2059631347656, 'inference_time': 0}
2024-10-12 01:01:01,214 Pruning 640 in layer 5
2024-10-12 01:01:04,988 Gathering metrics
2024-10-12 01:01:40,393 {'acc1': 0.8010519801980198, 'acc5': 0.9470915841584159, 'loss': 96.07977848500013, 'macs': 14965899624, 'params': 76927592, 'model_size': 293.4554748535156, 'inference_time': 0}
2024-10-12 01:01:40,409 Pruning 768 in layer 5
2024-10-12 01:01:43,910 Gathering metrics
2024-10-12 01:02:19,291 {'acc1': 0.8010519801980198, 'acc5': 0.9461633663366337, 'loss': 96.8732539974153, 'macs': 14927142632, 'params': 76730856, 'model_size': 292.7049865722656, 'inference_time': 0}
2024-10-12 01:02:19,305 Pruning 896 in layer 5
2024-10-12 01:02:22,187 Gathering metrics
2024-10-12 01:02:57,602 {'acc1': 0.7970297029702971, 'acc5': 0.9455445544554455, 'loss': 97.67563145421445, 'macs': 14888385640, 'params': 76534120, 'model_size': 291.9544982910156, 'inference_time': 0}
2024-10-12 01:02:57,618 Pruning 128 in layer 4
2024-10-12 01:03:03,216 Gathering metrics
2024-10-12 01:03:38,715 {'acc1': 0.7991955445544554, 'acc5': 0.9443069306930693, 'loss': 98.10303554777056, 'macs': 14888385640, 'params': 76534120, 'model_size': 291.9544982910156, 'inference_time': 0}
2024-10-12 01:03:38,730 Pruning 256 in layer 4
2024-10-12 01:03:43,957 Gathering metrics
2024-10-12 01:04:19,139 {'acc1': 0.7954826732673267, 'acc5': 0.9421410891089109, 'loss': 99.68474465236068, 'macs': 14849628648, 'params': 76337384, 'model_size': 291.2040100097656, 'inference_time': 0}
2024-10-12 01:04:19,154 Pruning 384 in layer 4
2024-10-12 01:04:23,881 Gathering metrics
2024-10-12 01:04:59,572 {'acc1': 0.7908415841584159, 'acc5': 0.9405940594059405, 'loss': 101.31914821173996, 'macs': 14810871656, 'params': 76140648, 'model_size': 290.4535217285156, 'inference_time': 0}
2024-10-12 01:04:59,587 Pruning 128 in layer 3
2024-10-12 01:05:05,280 Gathering metrics
2024-10-12 01:05:40,963 {'acc1': 0.7942450495049505, 'acc5': 0.942450495049505, 'loss': 100.97321741189808, 'macs': 14810871656, 'params': 76140648, 'model_size': 290.4535217285156, 'inference_time': 0}
2024-10-12 01:05:40,977 Pruning 256 in layer 3
2024-10-12 01:05:46,258 Gathering metrics
2024-10-12 01:06:21,375 {'acc1': 0.791769801980198, 'acc5': 0.9405940594059405, 'loss': 103.50900290068239, 'macs': 14772114664, 'params': 75943912, 'model_size': 289.7030334472656, 'inference_time': 0}
2024-10-12 01:06:21,391 Pruning 384 in layer 3
2024-10-12 01:06:26,068 Gathering metrics
2024-10-12 01:07:01,124 {'acc1': 0.7855816831683168, 'acc5': 0.9362623762376238, 'loss': 106.21494774334133, 'macs': 14733357672, 'params': 75747176, 'model_size': 288.9525451660156, 'inference_time': 0}
2024-10-12 01:07:01,138 Pruning 128 in layer 2
2024-10-12 01:07:06,744 Gathering metrics
2024-10-12 01:07:41,771 {'acc1': 0.7896039603960396, 'acc5': 0.9387376237623762, 'loss': 104.69149144832045, 'macs': 14733357672, 'params': 75747176, 'model_size': 288.9525451660156, 'inference_time': 0}
2024-10-12 01:07:41,786 Pruning 256 in layer 2
2024-10-12 01:07:47,014 Gathering metrics
2024-10-12 01:08:21,980 {'acc1': 0.7849628712871287, 'acc5': 0.937190594059406, 'loss': 106.81631321273744, 'macs': 14694600680, 'params': 75550440, 'model_size': 288.2020568847656, 'inference_time': 0}
2024-10-12 01:08:21,995 Pruning 384 in layer 2
2024-10-12 01:08:26,677 Gathering metrics
2024-10-12 01:09:01,507 {'acc1': 0.7781559405940595, 'acc5': 0.9331683168316832, 'loss': 110.64738013967872, 'macs': 14655843688, 'params': 75353704, 'model_size': 287.4515686035156, 'inference_time': 0}
2024-10-12 01:09:01,521 Pruning 128 in layer 1
2024-10-12 01:09:07,126 Gathering metrics
2024-10-12 01:09:42,131 {'acc1': 0.776299504950495, 'acc5': 0.932549504950495, 'loss': 109.6332202386111, 'macs': 14655843688, 'params': 75353704, 'model_size': 287.4515686035156, 'inference_time': 0}
2024-10-12 01:09:42,146 Pruning 128 in layer 0
2024-10-12 01:09:47,747 Gathering metrics
2024-10-12 01:10:22,730 {'acc1': 0.7824876237623762, 'acc5': 0.9350247524752475, 'loss': 107.62184259667993, 'macs': 14655843688, 'params': 75353704, 'model_size': 287.4515686035156, 'inference_time': 0}
2024-10-12 01:10:22,744 Pruning 256 in layer 0
2024-10-12 01:10:27,953 Gathering metrics
2024-10-12 01:11:03,097 {'acc1': 0.781559405940594, 'acc5': 0.9316212871287128, 'loss': 108.77851600199938, 'macs': 14617086696, 'params': 75156968, 'model_size': 286.7010803222656, 'inference_time': 0}
2024-10-12 01:11:03,112 Pruning 384 in layer 0
2024-10-12 01:11:07,779 Gathering metrics
2024-10-12 01:11:42,802 {'acc1': 0.7793935643564357, 'acc5': 0.932549504950495, 'loss': 109.79249025322497, 'macs': 14578329704, 'params': 74960232, 'model_size': 285.9505920410156, 'inference_time': 0}
2024-10-12 01:11:42,816 Pruning 512 in layer 0
2024-10-12 01:11:46,955 Gathering metrics
2024-10-12 01:12:21,943 {'acc1': 0.7775371287128713, 'acc5': 0.931930693069307, 'loss': 111.9418070409447, 'macs': 14539572712, 'params': 74763496, 'model_size': 285.2001037597656, 'inference_time': 0}
2024-10-12 01:12:22,021 Experiment finished
