2024-10-13 18:14:20,751 Starting experiment outputs/adaptive/vit_l_32/proj000
2024-10-13 18:14:20,751 Loading the original model
2024-10-13 18:14:21,978 Gathering metrics of the original model
2024-10-13 18:14:45,943 {'acc1': 0.801980198019802, 'acc5': 0.9452351485148515, 'loss': 89.42361554503441, 'macs': 15265769448, 'params': 306535400, 'model_size': 1169.3397521972656, 'inference_time': 0}
2024-10-13 18:14:45,968 Pruning 256 in layer 0
2024-10-13 18:14:51,504 Gathering metrics
2024-10-13 18:15:14,968 {'acc1': 0.7979579207920792, 'acc5': 0.9412128712871287, 'loss': 93.90344247967005, 'macs': 15239542248, 'params': 306010856, 'model_size': 1167.3387756347656, 'inference_time': 0}
2024-10-13 18:15:14,992 Pruning 256 in layer 1
2024-10-13 18:15:20,466 Gathering metrics
2024-10-13 18:15:44,083 {'acc1': 0.8013613861386139, 'acc5': 0.9464727722772277, 'loss': 89.72801346331835, 'macs': 15239542248, 'params': 306010856, 'model_size': 1167.3387756347656, 'inference_time': 0}
2024-10-13 18:15:44,114 Pruning 512 in layer 1
2024-10-13 18:15:48,845 Gathering metrics
2024-10-13 18:16:12,398 {'acc1': 0.7988861386138614, 'acc5': 0.9452351485148515, 'loss': 90.32132574170828, 'macs': 15213315048, 'params': 305486312, 'model_size': 1165.3377990722656, 'inference_time': 0}
2024-10-13 18:16:12,423 Pruning 768 in layer 1
2024-10-13 18:16:16,571 Gathering metrics
2024-10-13 18:16:40,335 {'acc1': 0.7942450495049505, 'acc5': 0.9421410891089109, 'loss': 92.23338408023119, 'macs': 15187087848, 'params': 304961768, 'model_size': 1163.3368225097656, 'inference_time': 0}
2024-10-13 18:16:40,359 Pruning 256 in layer 2
2024-10-13 18:16:45,764 Gathering metrics
2024-10-13 18:17:09,598 {'acc1': 0.7948638613861386, 'acc5': 0.9443069306930693, 'loss': 90.39590887725353, 'macs': 15187087848, 'params': 304961768, 'model_size': 1163.3368225097656, 'inference_time': 0}
2024-10-13 18:17:09,624 Pruning 256 in layer 3
2024-10-13 18:17:15,097 Gathering metrics
2024-10-13 18:17:38,740 {'acc1': 0.7973391089108911, 'acc5': 0.9436881188118812, 'loss': 91.27935038506985, 'macs': 15187087848, 'params': 304961768, 'model_size': 1163.3368225097656, 'inference_time': 0}
2024-10-13 18:17:38,765 Pruning 512 in layer 3
2024-10-13 18:17:43,487 Gathering metrics
2024-10-13 18:18:07,065 {'acc1': 0.7926980198019802, 'acc5': 0.942450495049505, 'loss': 92.06372971087694, 'macs': 15160860648, 'params': 304437224, 'model_size': 1161.3358459472656, 'inference_time': 0}
2024-10-13 18:18:07,090 Pruning 256 in layer 4
2024-10-13 18:18:12,514 Gathering metrics
2024-10-13 18:18:35,984 {'acc1': 0.7976485148514851, 'acc5': 0.942759900990099, 'loss': 91.82999370247126, 'macs': 15160860648, 'params': 304437224, 'model_size': 1161.3358459472656, 'inference_time': 0}
2024-10-13 18:18:36,009 Pruning 512 in layer 4
2024-10-13 18:18:40,748 Gathering metrics
2024-10-13 18:19:04,299 {'acc1': 0.7951732673267327, 'acc5': 0.9415222772277227, 'loss': 92.19070480763912, 'macs': 15134633448, 'params': 303912680, 'model_size': 1159.3348693847656, 'inference_time': 0}
2024-10-13 18:19:04,325 Pruning 768 in layer 4
2024-10-13 18:19:08,479 Gathering metrics
2024-10-13 18:19:34,164 {'acc1': 0.7957920792079208, 'acc5': 0.9409034653465347, 'loss': 92.75113913416862, 'macs': 15108406248, 'params': 303388136, 'model_size': 1157.3338928222656, 'inference_time': 0}
2024-10-13 18:19:34,203 Pruning 1024 in layer 4
2024-10-13 18:19:38,157 Gathering metrics
2024-10-13 18:20:07,011 {'acc1': 0.7954826732673267, 'acc5': 0.9402846534653465, 'loss': 93.28231761604548, 'macs': 15082179048, 'params': 302863592, 'model_size': 1155.3329162597656, 'inference_time': 0}
2024-10-13 18:20:07,435 Pruning 1280 in layer 4
2024-10-13 18:20:10,898 Gathering metrics
2024-10-13 18:20:36,119 {'acc1': 0.791769801980198, 'acc5': 0.9393564356435643, 'loss': 94.05628880858421, 'macs': 15055951848, 'params': 302339048, 'model_size': 1153.3319396972656, 'inference_time': 0}
2024-10-13 18:20:36,147 Pruning 256 in layer 5
2024-10-13 18:20:41,638 Gathering metrics
2024-10-13 18:21:05,179 {'acc1': 0.7930074257425742, 'acc5': 0.9402846534653465, 'loss': 93.2141972631216, 'macs': 15055951848, 'params': 302339048, 'model_size': 1153.3319396972656, 'inference_time': 0}
2024-10-13 18:21:05,204 Pruning 512 in layer 5
2024-10-13 18:21:09,950 Gathering metrics
2024-10-13 18:21:33,801 {'acc1': 0.7933168316831684, 'acc5': 0.9393564356435643, 'loss': 93.54145134985447, 'macs': 15029724648, 'params': 301814504, 'model_size': 1151.3309631347656, 'inference_time': 0}
2024-10-13 18:21:33,826 Pruning 768 in layer 5
2024-10-13 18:21:37,997 Gathering metrics
2024-10-13 18:22:01,920 {'acc1': 0.7911509900990099, 'acc5': 0.9390470297029703, 'loss': 93.84998156875372, 'macs': 15003497448, 'params': 301289960, 'model_size': 1149.3299865722656, 'inference_time': 0}
2024-10-13 18:22:01,946 Pruning 256 in layer 6
2024-10-13 18:22:07,436 Gathering metrics
2024-10-13 18:22:31,401 {'acc1': 0.791769801980198, 'acc5': 0.937190594059406, 'loss': 94.54316059499979, 'macs': 15003497448, 'params': 301289960, 'model_size': 1149.3299865722656, 'inference_time': 0}
2024-10-13 18:22:31,427 Pruning 512 in layer 6
2024-10-13 18:22:36,181 Gathering metrics
2024-10-13 18:22:59,756 {'acc1': 0.786200495049505, 'acc5': 0.9362623762376238, 'loss': 95.75919652730227, 'macs': 14977270248, 'params': 300765416, 'model_size': 1147.3290100097656, 'inference_time': 0}
2024-10-13 18:22:59,782 Pruning 256 in layer 7
2024-10-13 18:23:05,273 Gathering metrics
2024-10-13 18:23:28,946 {'acc1': 0.7902227722772277, 'acc5': 0.937190594059406, 'loss': 95.23131632059813, 'macs': 14977270248, 'params': 300765416, 'model_size': 1147.3290100097656, 'inference_time': 0}
2024-10-13 18:23:28,971 Pruning 512 in layer 7
2024-10-13 18:23:33,707 Gathering metrics
2024-10-13 18:23:57,537 {'acc1': 0.7892945544554455, 'acc5': 0.9375, 'loss': 95.68645875900984, 'macs': 14951043048, 'params': 300240872, 'model_size': 1145.3280334472656, 'inference_time': 0}
2024-10-13 18:23:57,561 Pruning 768 in layer 7
2024-10-13 18:24:01,714 Gathering metrics
2024-10-13 18:24:25,143 {'acc1': 0.7892945544554455, 'acc5': 0.9368811881188119, 'loss': 96.17957650870085, 'macs': 14924815848, 'params': 299716328, 'model_size': 1143.3270568847656, 'inference_time': 0}
2024-10-13 18:24:25,169 Pruning 1024 in layer 7
2024-10-13 18:24:28,797 Gathering metrics
2024-10-13 18:24:52,540 {'acc1': 0.7899133663366337, 'acc5': 0.9362623762376238, 'loss': 96.49334078282118, 'macs': 14898588648, 'params': 299191784, 'model_size': 1141.3260803222656, 'inference_time': 0}
2024-10-13 18:24:52,565 Pruning 1280 in layer 7
2024-10-13 18:24:55,717 Gathering metrics
2024-10-13 18:25:19,178 {'acc1': 0.7902227722772277, 'acc5': 0.9359529702970297, 'loss': 96.93083788454533, 'macs': 14872361448, 'params': 298667240, 'model_size': 1139.3251037597656, 'inference_time': 0}
2024-10-13 18:25:19,205 Pruning 1536 in layer 7
2024-10-13 18:25:21,964 Gathering metrics
2024-10-13 18:25:45,752 {'acc1': 0.7896039603960396, 'acc5': 0.9350247524752475, 'loss': 97.45269670337439, 'macs': 14846134248, 'params': 298142696, 'model_size': 1137.3241271972656, 'inference_time': 0}
2024-10-13 18:25:45,777 Pruning 1792 in layer 7
2024-10-13 18:25:48,124 Gathering metrics
2024-10-13 18:26:11,531 {'acc1': 0.7852722772277227, 'acc5': 0.9347153465346535, 'loss': 97.82698872685432, 'macs': 14819907048, 'params': 297618152, 'model_size': 1135.3231506347656, 'inference_time': 0}
2024-10-13 18:26:11,715 Pruning 256 in layer 8
2024-10-13 18:26:17,207 Gathering metrics
2024-10-13 18:26:40,555 {'acc1': 0.7852722772277227, 'acc5': 0.9337871287128713, 'loss': 98.20498648285866, 'macs': 14819907048, 'params': 297618152, 'model_size': 1135.3231506347656, 'inference_time': 0}
2024-10-13 18:26:40,580 Pruning 256 in layer 9
2024-10-13 18:26:46,044 Gathering metrics
2024-10-13 18:27:09,409 {'acc1': 0.786200495049505, 'acc5': 0.9362623762376238, 'loss': 97.43972184509039, 'macs': 14819907048, 'params': 297618152, 'model_size': 1135.3231506347656, 'inference_time': 0}
2024-10-13 18:27:09,435 Pruning 512 in layer 9
2024-10-13 18:27:14,183 Gathering metrics
2024-10-13 18:27:37,553 {'acc1': 0.786509900990099, 'acc5': 0.937190594059406, 'loss': 97.5580825805664, 'macs': 14793679848, 'params': 297093608, 'model_size': 1133.3221740722656, 'inference_time': 0}
2024-10-13 18:27:37,578 Pruning 768 in layer 9
2024-10-13 18:27:41,729 Gathering metrics
2024-10-13 18:28:05,021 {'acc1': 0.7858910891089109, 'acc5': 0.9365717821782178, 'loss': 97.76132192462683, 'macs': 14767452648, 'params': 296569064, 'model_size': 1131.3211975097656, 'inference_time': 0}
2024-10-13 18:28:05,047 Pruning 256 in layer 10
2024-10-13 18:28:10,516 Gathering metrics
2024-10-13 18:28:33,975 {'acc1': 0.786509900990099, 'acc5': 0.9350247524752475, 'loss': 97.74260472506285, 'macs': 14767452648, 'params': 296569064, 'model_size': 1131.3211975097656, 'inference_time': 0}
2024-10-13 18:28:34,000 Pruning 512 in layer 10
2024-10-13 18:28:38,741 Gathering metrics
2024-10-13 18:29:02,003 {'acc1': 0.7824876237623762, 'acc5': 0.9340965346534653, 'loss': 98.08334125578403, 'macs': 14741225448, 'params': 296044520, 'model_size': 1129.3202209472656, 'inference_time': 0}
2024-10-13 18:29:02,028 Pruning 256 in layer 11
2024-10-13 18:29:07,513 Gathering metrics
2024-10-13 18:29:31,102 {'acc1': 0.7852722772277227, 'acc5': 0.9350247524752475, 'loss': 97.89114848524332, 'macs': 14741225448, 'params': 296044520, 'model_size': 1129.3202209472656, 'inference_time': 0}
2024-10-13 18:29:31,127 Pruning 512 in layer 11
2024-10-13 18:29:35,869 Gathering metrics
2024-10-13 18:29:59,212 {'acc1': 0.7877475247524752, 'acc5': 0.9328589108910891, 'loss': 97.96310514211655, 'macs': 14714998248, 'params': 295519976, 'model_size': 1127.3192443847656, 'inference_time': 0}
2024-10-13 18:29:59,238 Pruning 768 in layer 11
2024-10-13 18:30:03,412 Gathering metrics
2024-10-13 18:30:27,096 {'acc1': 0.786200495049505, 'acc5': 0.9316212871287128, 'loss': 98.1193669885397, 'macs': 14688771048, 'params': 294995432, 'model_size': 1125.3182678222656, 'inference_time': 0}
2024-10-13 18:30:27,122 Pruning 1024 in layer 11
2024-10-13 18:30:30,760 Gathering metrics
2024-10-13 18:30:54,377 {'acc1': 0.7849628712871287, 'acc5': 0.9303836633663366, 'loss': 98.44875422865152, 'macs': 14662543848, 'params': 294470888, 'model_size': 1123.3172912597656, 'inference_time': 0}
2024-10-13 18:30:54,403 Pruning 1280 in layer 11
2024-10-13 18:30:57,550 Gathering metrics
2024-10-13 18:31:21,060 {'acc1': 0.7834158415841584, 'acc5': 0.9300742574257426, 'loss': 98.72521357983351, 'macs': 14636316648, 'params': 293946344, 'model_size': 1121.3163146972656, 'inference_time': 0}
2024-10-13 18:31:21,085 Pruning 1536 in layer 11
2024-10-13 18:31:23,860 Gathering metrics
2024-10-13 18:31:47,671 {'acc1': 0.7831064356435643, 'acc5': 0.9300742574257426, 'loss': 99.18649034947157, 'macs': 14610089448, 'params': 293421800, 'model_size': 1119.3153381347656, 'inference_time': 0}
2024-10-13 18:31:47,782 Pruning 1792 in layer 11
2024-10-13 18:31:50,128 Gathering metrics
2024-10-13 18:32:16,420 {'acc1': 0.7803217821782178, 'acc5': 0.9294554455445545, 'loss': 99.47818896919489, 'macs': 14583862248, 'params': 292897256, 'model_size': 1117.3143615722656, 'inference_time': 0}
2024-10-13 18:32:16,457 Pruning 256 in layer 12
2024-10-13 18:32:22,329 Gathering metrics
2024-10-13 18:32:47,435 {'acc1': 0.7818688118811881, 'acc5': 0.9306930693069307, 'loss': 99.66720822453499, 'macs': 14583862248, 'params': 292897256, 'model_size': 1117.3143615722656, 'inference_time': 0}
2024-10-13 18:32:47,462 Pruning 512 in layer 12
2024-10-13 18:32:52,209 Gathering metrics
2024-10-13 18:33:15,335 {'acc1': 0.7800123762376238, 'acc5': 0.9300742574257426, 'loss': 100.30279163271189, 'macs': 14557635048, 'params': 292372712, 'model_size': 1115.3133850097656, 'inference_time': 0}
2024-10-13 18:33:15,360 Pruning 768 in layer 12
2024-10-13 18:33:19,539 Gathering metrics
2024-10-13 18:33:43,003 {'acc1': 0.781559405940594, 'acc5': 0.9282178217821783, 'loss': 100.81652228534222, 'macs': 14531407848, 'params': 291848168, 'model_size': 1113.3124084472656, 'inference_time': 0}
2024-10-13 18:33:43,029 Pruning 1024 in layer 12
2024-10-13 18:33:46,660 Gathering metrics
2024-10-13 18:34:09,875 {'acc1': 0.7806311881188119, 'acc5': 0.9288366336633663, 'loss': 101.26497980952263, 'macs': 14505180648, 'params': 291323624, 'model_size': 1111.3114318847656, 'inference_time': 0}
2024-10-13 18:34:09,901 Pruning 1280 in layer 12
2024-10-13 18:34:13,058 Gathering metrics
2024-10-13 18:34:36,618 {'acc1': 0.7806311881188119, 'acc5': 0.9272896039603961, 'loss': 101.95718830823898, 'macs': 14478953448, 'params': 290799080, 'model_size': 1109.3104553222656, 'inference_time': 0}
2024-10-13 18:34:36,643 Pruning 1536 in layer 12
2024-10-13 18:34:39,387 Gathering metrics
2024-10-13 18:35:02,504 {'acc1': 0.7787747524752475, 'acc5': 0.9275990099009901, 'loss': 102.76512344181538, 'macs': 14452726248, 'params': 290274536, 'model_size': 1107.3094787597656, 'inference_time': 0}
2024-10-13 18:35:02,529 Pruning 256 in layer 13
2024-10-13 18:35:08,002 Gathering metrics
2024-10-13 18:35:31,475 {'acc1': 0.7806311881188119, 'acc5': 0.9263613861386139, 'loss': 102.74574965238571, 'macs': 14452726248, 'params': 290274536, 'model_size': 1107.3094787597656, 'inference_time': 0}
2024-10-13 18:35:31,501 Pruning 512 in layer 13
2024-10-13 18:35:36,262 Gathering metrics
2024-10-13 18:35:59,501 {'acc1': 0.7778465346534653, 'acc5': 0.9248143564356436, 'loss': 103.74163150042295, 'macs': 14426499048, 'params': 289749992, 'model_size': 1105.3085021972656, 'inference_time': 0}
2024-10-13 18:35:59,527 Pruning 768 in layer 13
2024-10-13 18:36:03,694 Gathering metrics
2024-10-13 18:36:27,049 {'acc1': 0.7747524752475248, 'acc5': 0.9248143564356436, 'loss': 104.69432339072227, 'macs': 14400271848, 'params': 289225448, 'model_size': 1103.3075256347656, 'inference_time': 0}
2024-10-13 18:36:27,075 Pruning 256 in layer 14
2024-10-13 18:36:32,558 Gathering metrics
2024-10-13 18:36:56,145 {'acc1': 0.7778465346534653, 'acc5': 0.9238861386138614, 'loss': 104.12196336686611, 'macs': 14400271848, 'params': 289225448, 'model_size': 1103.3075256347656, 'inference_time': 0}
2024-10-13 18:36:56,171 Pruning 512 in layer 14
2024-10-13 18:37:00,924 Gathering metrics
2024-10-13 18:37:24,081 {'acc1': 0.7769183168316832, 'acc5': 0.9254331683168316, 'loss': 104.4776696562767, 'macs': 14374044648, 'params': 288700904, 'model_size': 1101.3065490722656, 'inference_time': 0}
2024-10-13 18:37:24,195 Pruning 768 in layer 14
2024-10-13 18:37:28,356 Gathering metrics
2024-10-13 18:37:51,482 {'acc1': 0.775680693069307, 'acc5': 0.9251237623762376, 'loss': 104.81098956614733, 'macs': 14347817448, 'params': 288176360, 'model_size': 1099.3055725097656, 'inference_time': 0}
2024-10-13 18:37:51,507 Pruning 1024 in layer 14
2024-10-13 18:37:55,137 Gathering metrics
2024-10-13 18:38:18,238 {'acc1': 0.7735148514851485, 'acc5': 0.9235767326732673, 'loss': 105.37559521198273, 'macs': 14321590248, 'params': 287651816, 'model_size': 1097.3045959472656, 'inference_time': 0}
2024-10-13 18:38:18,264 Pruning 256 in layer 15
2024-10-13 18:38:23,738 Gathering metrics
2024-10-13 18:38:46,858 {'acc1': 0.7744430693069307, 'acc5': 0.9238861386138614, 'loss': 105.51459021866322, 'macs': 14321590248, 'params': 287651816, 'model_size': 1097.3045959472656, 'inference_time': 0}
2024-10-13 18:38:46,884 Pruning 512 in layer 15
2024-10-13 18:38:51,627 Gathering metrics
2024-10-13 18:39:14,813 {'acc1': 0.7710396039603961, 'acc5': 0.9235767326732673, 'loss': 106.18860524892807, 'macs': 14295363048, 'params': 287127272, 'model_size': 1095.3036193847656, 'inference_time': 0}
2024-10-13 18:39:14,838 Pruning 256 in layer 16
2024-10-13 18:39:20,311 Gathering metrics
2024-10-13 18:39:43,293 {'acc1': 0.7732054455445545, 'acc5': 0.9226485148514851, 'loss': 106.32565653324127, 'macs': 14295363048, 'params': 287127272, 'model_size': 1095.3036193847656, 'inference_time': 0}
2024-10-13 18:39:43,319 Pruning 512 in layer 16
2024-10-13 18:39:48,061 Gathering metrics
2024-10-13 18:40:11,464 {'acc1': 0.7713490099009901, 'acc5': 0.9223391089108911, 'loss': 106.71759694814682, 'macs': 14269135848, 'params': 286602728, 'model_size': 1093.3026428222656, 'inference_time': 0}
2024-10-13 18:40:11,489 Pruning 768 in layer 16
2024-10-13 18:40:15,653 Gathering metrics
2024-10-13 18:40:39,112 {'acc1': 0.770730198019802, 'acc5': 0.9217202970297029, 'loss': 107.04829625785351, 'macs': 14242908648, 'params': 286078184, 'model_size': 1091.3016662597656, 'inference_time': 0}
2024-10-13 18:40:39,138 Pruning 256 in layer 17
2024-10-13 18:40:44,639 Gathering metrics
2024-10-13 18:41:07,735 {'acc1': 0.770730198019802, 'acc5': 0.9211014851485149, 'loss': 106.7727389484644, 'macs': 14242908648, 'params': 286078184, 'model_size': 1091.3016662597656, 'inference_time': 0}
2024-10-13 18:41:07,760 Pruning 512 in layer 17
2024-10-13 18:41:12,520 Gathering metrics
2024-10-13 18:41:35,802 {'acc1': 0.7685643564356436, 'acc5': 0.9214108910891089, 'loss': 107.17213025689125, 'macs': 14216681448, 'params': 285553640, 'model_size': 1089.3006896972656, 'inference_time': 0}
2024-10-13 18:41:35,828 Pruning 768 in layer 17
2024-10-13 18:41:39,978 Gathering metrics
2024-10-13 18:42:03,156 {'acc1': 0.7701113861386139, 'acc5': 0.9232673267326733, 'loss': 107.33857780694962, 'macs': 14190454248, 'params': 285029096, 'model_size': 1087.2997131347656, 'inference_time': 0}
2024-10-13 18:42:03,182 Pruning 1024 in layer 17
2024-10-13 18:42:06,811 Gathering metrics
2024-10-13 18:42:29,936 {'acc1': 0.7701113861386139, 'acc5': 0.9226485148514851, 'loss': 107.21655805408955, 'macs': 14164227048, 'params': 284504552, 'model_size': 1085.2987365722656, 'inference_time': 0}
2024-10-13 18:42:29,963 Pruning 1280 in layer 17
2024-10-13 18:42:33,124 Gathering metrics
2024-10-13 18:42:56,447 {'acc1': 0.7694925742574258, 'acc5': 0.9220297029702971, 'loss': 107.3777694106102, 'macs': 14137999848, 'params': 283980008, 'model_size': 1083.2977600097656, 'inference_time': 0}
2024-10-13 18:42:56,472 Pruning 1536 in layer 17
2024-10-13 18:42:59,217 Gathering metrics
2024-10-13 18:43:22,146 {'acc1': 0.7688737623762376, 'acc5': 0.9189356435643564, 'loss': 108.40963172912598, 'macs': 14111772648, 'params': 283455464, 'model_size': 1081.2967834472656, 'inference_time': 0}
2024-10-13 18:43:22,257 Pruning 1792 in layer 17
2024-10-13 18:43:24,582 Gathering metrics
2024-10-13 18:43:47,493 {'acc1': 0.7670173267326733, 'acc5': 0.9180074257425742, 'loss': 108.71982185542583, 'macs': 14085545448, 'params': 282930920, 'model_size': 1079.2958068847656, 'inference_time': 0}
2024-10-13 18:43:47,519 Pruning 256 in layer 18
2024-10-13 18:43:53,011 Gathering metrics
2024-10-13 18:44:16,073 {'acc1': 0.7682549504950495, 'acc5': 0.9189356435643564, 'loss': 108.52523608505726, 'macs': 14085545448, 'params': 282930920, 'model_size': 1079.2958068847656, 'inference_time': 0}
2024-10-13 18:44:16,099 Pruning 512 in layer 18
2024-10-13 18:44:20,834 Gathering metrics
2024-10-13 18:44:43,891 {'acc1': 0.7676361386138614, 'acc5': 0.9198638613861386, 'loss': 108.75833205878735, 'macs': 14059318248, 'params': 282406376, 'model_size': 1077.2948303222656, 'inference_time': 0}
2024-10-13 18:44:43,917 Pruning 768 in layer 18
2024-10-13 18:44:48,071 Gathering metrics
2024-10-13 18:45:11,069 {'acc1': 0.7694925742574258, 'acc5': 0.9189356435643564, 'loss': 108.98225046694279, 'macs': 14033091048, 'params': 281881832, 'model_size': 1075.2938537597656, 'inference_time': 0}
2024-10-13 18:45:11,095 Pruning 1024 in layer 18
2024-10-13 18:45:14,724 Gathering metrics
2024-10-13 18:45:37,641 {'acc1': 0.7688737623762376, 'acc5': 0.9186262376237624, 'loss': 109.29033286869526, 'macs': 14006863848, 'params': 281357288, 'model_size': 1073.2928771972656, 'inference_time': 0}
2024-10-13 18:45:37,666 Pruning 1280 in layer 18
2024-10-13 18:45:40,821 Gathering metrics
2024-10-13 18:46:04,008 {'acc1': 0.7688737623762376, 'acc5': 0.9183168316831684, 'loss': 109.45805133879185, 'macs': 13980636648, 'params': 280832744, 'model_size': 1071.2919006347656, 'inference_time': 0}
2024-10-13 18:46:04,034 Pruning 1536 in layer 18
2024-10-13 18:46:06,789 Gathering metrics
2024-10-13 18:46:30,028 {'acc1': 0.7670173267326733, 'acc5': 0.9176980198019802, 'loss': 109.55513213574886, 'macs': 13954409448, 'params': 280308200, 'model_size': 1069.2909240722656, 'inference_time': 0}
2024-10-13 18:46:30,054 Pruning 1792 in layer 18
2024-10-13 18:46:32,388 Gathering metrics
2024-10-13 18:46:55,310 {'acc1': 0.7660891089108911, 'acc5': 0.9161509900990099, 'loss': 109.96680416166782, 'macs': 13928182248, 'params': 279783656, 'model_size': 1067.2899475097656, 'inference_time': 0}
2024-10-13 18:46:55,337 Pruning 2048 in layer 18
2024-10-13 18:46:57,325 Gathering metrics
2024-10-13 18:47:20,422 {'acc1': 0.7660891089108911, 'acc5': 0.9164603960396039, 'loss': 110.06618043780327, 'macs': 13901955048, 'params': 279259112, 'model_size': 1065.2889709472656, 'inference_time': 0}
2024-10-13 18:47:20,447 Pruning 2304 in layer 18
2024-10-13 18:47:22,162 Gathering metrics
2024-10-13 18:47:45,174 {'acc1': 0.7636138613861386, 'acc5': 0.916769801980198, 'loss': 110.46649147570133, 'macs': 13875727848, 'params': 278734568, 'model_size': 1063.2879943847656, 'inference_time': 0}
2024-10-13 18:47:45,200 Pruning 256 in layer 19
2024-10-13 18:47:50,667 Gathering metrics
2024-10-13 18:48:13,705 {'acc1': 0.7654702970297029, 'acc5': 0.9170792079207921, 'loss': 110.32456773519516, 'macs': 13875727848, 'params': 278734568, 'model_size': 1063.2879943847656, 'inference_time': 0}
2024-10-13 18:48:13,730 Pruning 512 in layer 19
2024-10-13 18:48:18,474 Gathering metrics
2024-10-13 18:48:41,395 {'acc1': 0.7639232673267327, 'acc5': 0.9173886138613861, 'loss': 110.699507817626, 'macs': 13849500648, 'params': 278210024, 'model_size': 1061.2870178222656, 'inference_time': 0}
2024-10-13 18:48:41,421 Pruning 768 in layer 19
2024-10-13 18:48:45,589 Gathering metrics
2024-10-13 18:49:08,459 {'acc1': 0.7642326732673267, 'acc5': 0.9164603960396039, 'loss': 110.79886990785599, 'macs': 13823273448, 'params': 277685480, 'model_size': 1059.2860412597656, 'inference_time': 0}
2024-10-13 18:49:08,571 Pruning 1024 in layer 19
2024-10-13 18:49:12,204 Gathering metrics
2024-10-13 18:49:35,277 {'acc1': 0.7617574257425742, 'acc5': 0.9170792079207921, 'loss': 111.43918868899345, 'macs': 13797046248, 'params': 277160936, 'model_size': 1057.2850646972656, 'inference_time': 0}
2024-10-13 18:49:35,302 Pruning 256 in layer 20
2024-10-13 18:49:40,768 Gathering metrics
2024-10-13 18:50:03,741 {'acc1': 0.7633044554455446, 'acc5': 0.916769801980198, 'loss': 111.28589880466461, 'macs': 13797046248, 'params': 277160936, 'model_size': 1057.2850646972656, 'inference_time': 0}
2024-10-13 18:50:03,767 Pruning 512 in layer 20
2024-10-13 18:50:08,520 Gathering metrics
2024-10-13 18:50:31,191 {'acc1': 0.7623762376237624, 'acc5': 0.9170792079207921, 'loss': 112.45740459859371, 'macs': 13770819048, 'params': 276636392, 'model_size': 1055.2840881347656, 'inference_time': 0}
2024-10-13 18:50:31,217 Pruning 768 in layer 20
2024-10-13 18:50:35,386 Gathering metrics
2024-10-13 18:50:58,164 {'acc1': 0.7629950495049505, 'acc5': 0.9161509900990099, 'loss': 113.04325152933598, 'macs': 13744591848, 'params': 276111848, 'model_size': 1053.2831115722656, 'inference_time': 0}
2024-10-13 18:50:58,190 Pruning 1024 in layer 20
2024-10-13 18:51:01,830 Gathering metrics
2024-10-13 18:51:24,496 {'acc1': 0.7592821782178217, 'acc5': 0.9158415841584159, 'loss': 113.60624182224274, 'macs': 13718364648, 'params': 275587304, 'model_size': 1051.2821350097656, 'inference_time': 0}
2024-10-13 18:51:24,522 Pruning 256 in layer 21
2024-10-13 18:51:29,998 Gathering metrics
2024-10-13 18:51:52,817 {'acc1': 0.7617574257425742, 'acc5': 0.9164603960396039, 'loss': 113.32273744046688, 'macs': 13718364648, 'params': 275587304, 'model_size': 1051.2821350097656, 'inference_time': 0}
2024-10-13 18:51:52,844 Pruning 512 in layer 21
2024-10-13 18:51:57,578 Gathering metrics
2024-10-13 18:52:20,635 {'acc1': 0.7586633663366337, 'acc5': 0.916769801980198, 'loss': 114.13528411090374, 'macs': 13692137448, 'params': 275062760, 'model_size': 1049.2811584472656, 'inference_time': 0}
2024-10-13 18:52:20,661 Pruning 256 in layer 22
2024-10-13 18:52:26,163 Gathering metrics
2024-10-13 18:52:48,979 {'acc1': 0.7595915841584159, 'acc5': 0.9164603960396039, 'loss': 114.5566224604845, 'macs': 13692137448, 'params': 275062760, 'model_size': 1049.2811584472656, 'inference_time': 0}
2024-10-13 18:52:49,005 Pruning 512 in layer 22
2024-10-13 18:52:53,752 Gathering metrics
2024-10-13 18:53:16,849 {'acc1': 0.7620668316831684, 'acc5': 0.9176980198019802, 'loss': 114.74085861444473, 'macs': 13665910248, 'params': 274538216, 'model_size': 1047.2801818847656, 'inference_time': 0}
2024-10-13 18:53:16,875 Pruning 768 in layer 22
2024-10-13 18:53:21,056 Gathering metrics
2024-10-13 18:53:44,134 {'acc1': 0.7623762376237624, 'acc5': 0.9170792079207921, 'loss': 114.8625128865242, 'macs': 13639683048, 'params': 274013672, 'model_size': 1045.2792053222656, 'inference_time': 0}
2024-10-13 18:53:44,160 Pruning 1024 in layer 22
2024-10-13 18:53:47,781 Gathering metrics
2024-10-13 18:54:10,913 {'acc1': 0.7611386138613861, 'acc5': 0.9146039603960396, 'loss': 115.71920935809612, 'macs': 13613455848, 'params': 273489128, 'model_size': 1043.2782287597656, 'inference_time': 0}
2024-10-13 18:54:10,939 Pruning 1280 in layer 22
2024-10-13 18:54:14,098 Gathering metrics
2024-10-13 18:54:37,214 {'acc1': 0.7592821782178217, 'acc5': 0.9152227722772277, 'loss': 116.86347202956676, 'macs': 13587228648, 'params': 272964584, 'model_size': 1041.2772521972656, 'inference_time': 0}
2024-10-13 18:54:37,241 Pruning 1536 in layer 22
2024-10-13 18:54:39,983 Gathering metrics
2024-10-13 18:55:03,043 {'acc1': 0.7586633663366337, 'acc5': 0.9155321782178217, 'loss': 117.35775196552277, 'macs': 13561001448, 'params': 272440040, 'model_size': 1039.2762756347656, 'inference_time': 0}
2024-10-13 18:55:03,156 Pruning 1792 in layer 22
2024-10-13 18:55:05,500 Gathering metrics
2024-10-13 18:55:28,173 {'acc1': 0.7583539603960396, 'acc5': 0.9142945544554455, 'loss': 118.65227141976357, 'macs': 13534774248, 'params': 271915496, 'model_size': 1037.2752990722656, 'inference_time': 0}
2024-10-13 18:55:28,199 Pruning 256 in layer 23
2024-10-13 18:55:33,687 Gathering metrics
2024-10-13 18:55:56,425 {'acc1': 0.7568069306930693, 'acc5': 0.9127475247524752, 'loss': 119.70449928939342, 'macs': 13534774248, 'params': 271915496, 'model_size': 1037.2752990722656, 'inference_time': 0}
2024-10-13 18:55:56,450 Pruning 512 in layer 23
2024-10-13 18:56:01,202 Gathering metrics
2024-10-13 18:56:24,059 {'acc1': 0.7599009900990099, 'acc5': 0.9136757425742574, 'loss': 118.03773517906666, 'macs': 13508547048, 'params': 271390952, 'model_size': 1035.2743225097656, 'inference_time': 0}
2024-10-13 18:56:24,085 Pruning 768 in layer 23
2024-10-13 18:56:28,245 Gathering metrics
2024-10-13 18:56:50,870 {'acc1': 0.760519801980198, 'acc5': 0.9136757425742574, 'loss': 115.64893585443497, 'macs': 13482319848, 'params': 270866408, 'model_size': 1033.2733459472656, 'inference_time': 0}
2024-10-13 18:56:50,896 Pruning 1024 in layer 23
2024-10-13 18:56:54,531 Gathering metrics
2024-10-13 18:57:17,438 {'acc1': 0.7629950495049505, 'acc5': 0.9136757425742574, 'loss': 113.79484602808952, 'macs': 13456092648, 'params': 270341864, 'model_size': 1031.2723693847656, 'inference_time': 0}
2024-10-13 18:57:17,465 Pruning 1280 in layer 23
2024-10-13 18:57:20,614 Gathering metrics
2024-10-13 18:57:43,227 {'acc1': 0.7633044554455446, 'acc5': 0.9152227722772277, 'loss': 111.60185374319553, 'macs': 13429865448, 'params': 269817320, 'model_size': 1029.2713928222656, 'inference_time': 0}
2024-10-13 18:57:43,252 Pruning 1536 in layer 23
2024-10-13 18:57:46,003 Gathering metrics
2024-10-13 18:58:08,944 {'acc1': 0.7629950495049505, 'acc5': 0.9155321782178217, 'loss': 110.71666318178177, 'macs': 13403638248, 'params': 269292776, 'model_size': 1027.2704162597656, 'inference_time': 0}
2024-10-13 18:58:08,970 Pruning 1792 in layer 23
2024-10-13 18:58:11,291 Gathering metrics
2024-10-13 18:58:38,525 {'acc1': 0.7654702970297029, 'acc5': 0.9173886138613861, 'loss': 110.291758954525, 'macs': 13377411048, 'params': 268768232, 'model_size': 1025.2694396972656, 'inference_time': 0}
2024-10-13 18:58:38,564 Pruning 2048 in layer 23
2024-10-13 18:58:40,815 Gathering metrics
2024-10-13 18:59:10,561 {'acc1': 0.7645420792079208, 'acc5': 0.9170792079207921, 'loss': 109.69257234036922, 'macs': 13351183848, 'params': 268243688, 'model_size': 1023.2684631347656, 'inference_time': 0}
2024-10-13 18:59:10,602 Pruning 2304 in layer 23
2024-10-13 18:59:12,537 Gathering metrics
2024-10-13 18:59:39,718 {'acc1': 0.7642326732673267, 'acc5': 0.9164603960396039, 'loss': 109.41168869286776, 'macs': 13324956648, 'params': 267719144, 'model_size': 1021.2674865722656, 'inference_time': 0}
2024-10-13 18:59:39,758 Pruning 2560 in layer 23
2024-10-13 18:59:41,436 Gathering metrics
2024-10-13 19:00:04,415 {'acc1': 0.7648514851485149, 'acc5': 0.9164603960396039, 'loss': 108.66447003185749, 'macs': 13298729448, 'params': 267194600, 'model_size': 1019.2665100097656, 'inference_time': 0}
2024-10-13 19:00:04,443 Pruning 2816 in layer 23
2024-10-13 19:00:05,666 Gathering metrics
2024-10-13 19:00:28,340 {'acc1': 0.7648514851485149, 'acc5': 0.9173886138613861, 'loss': 108.78714454174042, 'macs': 13272502248, 'params': 266670056, 'model_size': 1017.2655334472656, 'inference_time': 0}
2024-10-13 19:00:28,367 Pruning 3072 in layer 23
2024-10-13 19:00:29,405 Gathering metrics
2024-10-13 19:00:51,870 {'acc1': 0.7648514851485149, 'acc5': 0.9161509900990099, 'loss': 108.26804915070534, 'macs': 13246275048, 'params': 266145512, 'model_size': 1015.2645568847656, 'inference_time': 0}
2024-10-13 19:00:51,983 Pruning 3328 in layer 23
2024-10-13 19:00:52,848 Gathering metrics
2024-10-13 19:01:15,609 {'acc1': 0.7629950495049505, 'acc5': 0.9164603960396039, 'loss': 108.54320468008518, 'macs': 13220047848, 'params': 265620968, 'model_size': 1013.2635803222656, 'inference_time': 0}
2024-10-13 19:01:15,635 Pruning 3584 in layer 23
2024-10-13 19:01:16,361 Gathering metrics
2024-10-13 19:01:39,148 {'acc1': 0.7633044554455446, 'acc5': 0.9170792079207921, 'loss': 107.67613270878792, 'macs': 13193820648, 'params': 265096424, 'model_size': 1011.2626037597656, 'inference_time': 0}
2024-10-13 19:01:39,174 Pruning 3840 in layer 23
2024-10-13 19:01:39,771 Gathering metrics
2024-10-13 19:02:02,569 {'acc1': 0.7629950495049505, 'acc5': 0.9176980198019802, 'loss': 107.65070541203022, 'macs': 13167593448, 'params': 264571880, 'model_size': 1009.2616271972656, 'inference_time': 0}
2024-10-13 19:02:02,585 Experiment finished
