2024-10-13 04:43:18,220 Starting experiment outputs/adaptive/vit_h_14/proj5n50
2024-10-13 04:43:18,220 Loading the original model
2024-10-13 04:43:20,334 Gathering metrics of the original model
2024-10-13 04:45:42,868 {'acc1': 0.9634615384615385, 'acc5': 0.9951923076923077, 'loss': 10.94629063270986, 'macs': 863467906280, 'params': 633470440, 'model_size': 2416.4979553222656, 'inference_time': 0}
2024-10-13 04:45:42,901 Pruning 512 in layer 31
2024-10-13 04:45:54,771 Gathering metrics
2024-10-13 04:48:16,543 {'acc1': 0.9634615384615385, 'acc5': 0.9961538461538462, 'loss': 11.19752857927233, 'macs': 861671518440, 'params': 632159208, 'model_size': 2411.4960021972656, 'inference_time': 0}
2024-10-13 04:48:16,579 Pruning 1024 in layer 31
2024-10-13 04:48:26,124 Gathering metrics
2024-10-13 04:50:48,029 {'acc1': 0.9634615384615385, 'acc5': 0.9961538461538462, 'loss': 11.338817434385419, 'macs': 859875130600, 'params': 630847976, 'model_size': 2406.4940490722656, 'inference_time': 0}
2024-10-13 04:50:48,061 Pruning 1536 in layer 31
2024-10-13 04:50:55,472 Gathering metrics
2024-10-13 04:53:16,921 {'acc1': 0.9615384615384616, 'acc5': 0.9961538461538462, 'loss': 11.4285499593243, 'macs': 858078742760, 'params': 629536744, 'model_size': 2401.4920959472656, 'inference_time': 0}
2024-10-13 04:53:16,953 Pruning 2048 in layer 31
2024-10-13 04:53:22,627 Gathering metrics
2024-10-13 04:55:43,907 {'acc1': 0.9625, 'acc5': 0.9961538461538462, 'loss': 11.697994627058506, 'macs': 856282354920, 'params': 628225512, 'model_size': 2396.4901428222656, 'inference_time': 0}
2024-10-13 04:55:43,940 Pruning 2560 in layer 31
2024-10-13 04:55:48,305 Gathering metrics
2024-10-13 04:58:09,472 {'acc1': 0.9644230769230769, 'acc5': 0.9942307692307693, 'loss': 11.82625706680119, 'macs': 854485967080, 'params': 626914280, 'model_size': 2391.4881896972656, 'inference_time': 0}
2024-10-13 04:58:09,505 Pruning 3072 in layer 31
2024-10-13 04:58:12,847 Gathering metrics
2024-10-13 05:00:33,938 {'acc1': 0.9644230769230769, 'acc5': 0.9942307692307693, 'loss': 11.916035367175937, 'macs': 852689579240, 'params': 625603048, 'model_size': 2386.4862365722656, 'inference_time': 0}
2024-10-13 05:00:33,971 Pruning 3584 in layer 31
2024-10-13 05:00:36,401 Gathering metrics
2024-10-13 05:02:57,117 {'acc1': 0.9615384615384616, 'acc5': 0.9942307692307693, 'loss': 12.73070709221065, 'macs': 850893191400, 'params': 624291816, 'model_size': 2381.4842834472656, 'inference_time': 0}
2024-10-13 05:02:57,150 Pruning 4096 in layer 31
2024-10-13 05:02:58,939 Gathering metrics
2024-10-13 05:05:19,526 {'acc1': 0.9615384615384616, 'acc5': 0.9951923076923077, 'loss': 13.345839936286211, 'macs': 849096803560, 'params': 622980584, 'model_size': 2376.4823303222656, 'inference_time': 0}
2024-10-13 05:05:19,559 Pruning 4608 in layer 31
2024-10-13 05:05:20,918 Gathering metrics
2024-10-13 05:07:41,024 {'acc1': 0.9625, 'acc5': 0.9951923076923077, 'loss': 13.68102983571589, 'macs': 847300415720, 'params': 621669352, 'model_size': 2371.4803771972656, 'inference_time': 0}
2024-10-13 05:07:41,142 Pruning 512 in layer 30
2024-10-13 05:07:52,975 Gathering metrics
2024-10-13 05:10:13,259 {'acc1': 0.9576923076923077, 'acc5': 0.9951923076923077, 'loss': 15.80544351413846, 'macs': 847300415720, 'params': 621669352, 'model_size': 2371.4803771972656, 'inference_time': 0}
2024-10-13 05:10:13,292 Pruning 512 in layer 29
2024-10-13 05:10:25,183 Gathering metrics
2024-10-13 05:12:45,451 {'acc1': 0.9586538461538462, 'acc5': 0.9942307692307693, 'loss': 13.559646448120475, 'macs': 847300415720, 'params': 621669352, 'model_size': 2371.4803771972656, 'inference_time': 0}
2024-10-13 05:12:45,483 Pruning 1024 in layer 29
2024-10-13 05:12:55,020 Gathering metrics
2024-10-13 05:15:14,969 {'acc1': 0.9596153846153846, 'acc5': 0.9932692307692308, 'loss': 15.19124086946249, 'macs': 845504027880, 'params': 620358120, 'model_size': 2366.4784240722656, 'inference_time': 0}
2024-10-13 05:15:15,002 Pruning 1536 in layer 29
2024-10-13 05:15:22,383 Gathering metrics
2024-10-13 05:17:42,247 {'acc1': 0.9586538461538462, 'acc5': 0.9942307692307693, 'loss': 15.795629369094968, 'macs': 843707640040, 'params': 619046888, 'model_size': 2361.4764709472656, 'inference_time': 0}
2024-10-13 05:17:42,280 Pruning 2048 in layer 29
2024-10-13 05:17:47,964 Gathering metrics
2024-10-13 05:20:07,528 {'acc1': 0.9615384615384616, 'acc5': 0.9942307692307693, 'loss': 17.40370079688728, 'macs': 841911252200, 'params': 617735656, 'model_size': 2356.4745178222656, 'inference_time': 0}
2024-10-13 05:20:07,561 Pruning 2560 in layer 29
2024-10-13 05:20:11,907 Gathering metrics
2024-10-13 05:22:31,112 {'acc1': 0.9605769230769231, 'acc5': 0.9942307692307693, 'loss': 19.71641642600298, 'macs': 840114864360, 'params': 616424424, 'model_size': 2351.4725646972656, 'inference_time': 0}
2024-10-13 05:22:31,146 Pruning 3072 in layer 29
2024-10-13 05:22:34,470 Gathering metrics
2024-10-13 05:24:53,637 {'acc1': 0.9615384615384616, 'acc5': 0.9932692307692308, 'loss': 25.221455477178097, 'macs': 838318476520, 'params': 615113192, 'model_size': 2346.4706115722656, 'inference_time': 0}
2024-10-13 05:24:53,670 Pruning 3584 in layer 29
2024-10-13 05:24:56,083 Gathering metrics
2024-10-13 05:27:15,049 {'acc1': 0.9615384615384616, 'acc5': 0.9932692307692308, 'loss': 29.57464398443699, 'macs': 836522088680, 'params': 613801960, 'model_size': 2341.4686584472656, 'inference_time': 0}
2024-10-13 05:27:15,083 Pruning 4096 in layer 29
2024-10-13 05:27:16,881 Gathering metrics
2024-10-13 05:29:35,649 {'acc1': 0.9596153846153846, 'acc5': 0.9932692307692308, 'loss': 31.989200204610825, 'macs': 834725700840, 'params': 612490728, 'model_size': 2336.4667053222656, 'inference_time': 0}
2024-10-13 05:29:35,682 Pruning 4608 in layer 29
2024-10-13 05:29:36,993 Gathering metrics
2024-10-13 05:31:55,653 {'acc1': 0.9634615384615385, 'acc5': 0.9942307692307693, 'loss': 43.66026100516319, 'macs': 832929313000, 'params': 611179496, 'model_size': 2331.4647521972656, 'inference_time': 0}
2024-10-13 05:31:55,772 Pruning 512 in layer 28
2024-10-13 05:32:07,597 Gathering metrics
2024-10-13 05:34:26,131 {'acc1': 0.9605769230769231, 'acc5': 0.9932692307692308, 'loss': 34.02302425354719, 'macs': 832929313000, 'params': 611179496, 'model_size': 2331.4647521972656, 'inference_time': 0}
2024-10-13 05:34:26,164 Pruning 1024 in layer 28
2024-10-13 05:34:35,701 Gathering metrics
2024-10-13 05:36:54,090 {'acc1': 0.9605769230769231, 'acc5': 0.9923076923076923, 'loss': 32.26687631011009, 'macs': 831132925160, 'params': 609868264, 'model_size': 2326.4627990722656, 'inference_time': 0}
2024-10-13 05:36:54,124 Pruning 1536 in layer 28
2024-10-13 05:37:01,534 Gathering metrics
2024-10-13 05:39:19,780 {'acc1': 0.9596153846153846, 'acc5': 0.9923076923076923, 'loss': 43.212376922369, 'macs': 829336537320, 'params': 608557032, 'model_size': 2321.4608459472656, 'inference_time': 0}
2024-10-13 05:39:19,814 Pruning 2048 in layer 28
2024-10-13 05:39:25,478 Gathering metrics
2024-10-13 05:41:43,599 {'acc1': 0.9576923076923077, 'acc5': 0.9923076923076923, 'loss': 41.77302931249142, 'macs': 827540149480, 'params': 607245800, 'model_size': 2316.4588928222656, 'inference_time': 0}
2024-10-13 05:41:43,633 Pruning 2560 in layer 28
2024-10-13 05:41:47,994 Gathering metrics
2024-10-13 05:44:05,805 {'acc1': 0.9509615384615384, 'acc5': 0.9932692307692308, 'loss': 47.349861174821854, 'macs': 825743761640, 'params': 605934568, 'model_size': 2311.4569396972656, 'inference_time': 0}
2024-10-13 05:44:05,838 Pruning 512 in layer 27
2024-10-13 05:44:17,766 Gathering metrics
2024-10-13 05:46:35,688 {'acc1': 0.95, 'acc5': 0.9903846153846154, 'loss': 51.43115250766277, 'macs': 825743761640, 'params': 605934568, 'model_size': 2311.4569396972656, 'inference_time': 0}
2024-10-13 05:46:35,722 Pruning 512 in layer 26
2024-10-13 05:46:47,643 Gathering metrics
2024-10-13 05:49:05,417 {'acc1': 0.9548076923076924, 'acc5': 0.9913461538461539, 'loss': 48.084709256887436, 'macs': 825743761640, 'params': 605934568, 'model_size': 2311.4569396972656, 'inference_time': 0}
2024-10-13 05:49:05,451 Pruning 1024 in layer 26
2024-10-13 05:49:15,016 Gathering metrics
2024-10-13 05:51:32,544 {'acc1': 0.95, 'acc5': 0.9913461538461539, 'loss': 51.07190603017807, 'macs': 823947373800, 'params': 604623336, 'model_size': 2306.4549865722656, 'inference_time': 0}
2024-10-13 05:51:32,663 Pruning 512 in layer 25
2024-10-13 05:51:44,475 Gathering metrics
2024-10-13 05:54:01,893 {'acc1': 0.9528846153846153, 'acc5': 0.9923076923076923, 'loss': 50.58893519639969, 'macs': 823947373800, 'params': 604623336, 'model_size': 2306.4549865722656, 'inference_time': 0}
2024-10-13 05:54:01,927 Pruning 1024 in layer 25
2024-10-13 05:54:11,490 Gathering metrics
2024-10-13 05:56:28,779 {'acc1': 0.9509615384615384, 'acc5': 0.9923076923076923, 'loss': 53.83201578259468, 'macs': 822150985960, 'params': 603312104, 'model_size': 2301.4530334472656, 'inference_time': 0}
2024-10-13 05:56:28,813 Pruning 512 in layer 24
2024-10-13 05:56:40,714 Gathering metrics
2024-10-13 05:58:57,943 {'acc1': 0.9557692307692308, 'acc5': 0.9913461538461539, 'loss': 52.14683997631073, 'macs': 822150985960, 'params': 603312104, 'model_size': 2301.4530334472656, 'inference_time': 0}
2024-10-13 05:58:57,976 Pruning 1024 in layer 24
2024-10-13 05:59:07,520 Gathering metrics
2024-10-13 06:01:24,685 {'acc1': 0.9519230769230769, 'acc5': 0.9903846153846154, 'loss': 55.92457368969917, 'macs': 820354598120, 'params': 602000872, 'model_size': 2296.4510803222656, 'inference_time': 0}
2024-10-13 06:01:24,719 Pruning 1536 in layer 24
2024-10-13 06:01:32,126 Gathering metrics
2024-10-13 06:03:48,981 {'acc1': 0.948076923076923, 'acc5': 0.9903846153846154, 'loss': 53.78853136301041, 'macs': 818558210280, 'params': 600689640, 'model_size': 2291.4491271972656, 'inference_time': 0}
2024-10-13 06:03:49,014 Pruning 512 in layer 23
2024-10-13 06:04:00,939 Gathering metrics
2024-10-13 06:06:17,744 {'acc1': 0.9490384615384615, 'acc5': 0.9913461538461539, 'loss': 56.54837253689766, 'macs': 818558210280, 'params': 600689640, 'model_size': 2291.4491271972656, 'inference_time': 0}
2024-10-13 06:06:17,777 Pruning 1024 in layer 23
2024-10-13 06:06:27,305 Gathering metrics
2024-10-13 06:08:43,958 {'acc1': 0.9490384615384615, 'acc5': 0.9903846153846154, 'loss': 58.05302909016609, 'macs': 816761822440, 'params': 599378408, 'model_size': 2286.4471740722656, 'inference_time': 0}
2024-10-13 06:08:43,992 Pruning 1536 in layer 23
2024-10-13 06:08:51,385 Gathering metrics
2024-10-13 06:11:07,720 {'acc1': 0.9490384615384615, 'acc5': 0.9903846153846154, 'loss': 56.781195253133774, 'macs': 814965434600, 'params': 598067176, 'model_size': 2281.4452209472656, 'inference_time': 0}
2024-10-13 06:11:07,754 Pruning 2048 in layer 23
2024-10-13 06:11:13,420 Gathering metrics
2024-10-13 06:13:29,724 {'acc1': 0.9471153846153846, 'acc5': 0.9913461538461539, 'loss': 58.331737250089645, 'macs': 813169046760, 'params': 596755944, 'model_size': 2276.4432678222656, 'inference_time': 0}
2024-10-13 06:13:29,843 Pruning 512 in layer 22
2024-10-13 06:13:41,722 Gathering metrics
2024-10-13 06:15:57,881 {'acc1': 0.9471153846153846, 'acc5': 0.9903846153846154, 'loss': 56.09527337551117, 'macs': 813169046760, 'params': 596755944, 'model_size': 2276.4432678222656, 'inference_time': 0}
2024-10-13 06:15:57,915 Pruning 1024 in layer 22
2024-10-13 06:16:07,469 Gathering metrics
2024-10-13 06:18:23,585 {'acc1': 0.9490384615384615, 'acc5': 0.989423076923077, 'loss': 55.675077736377716, 'macs': 811372658920, 'params': 595444712, 'model_size': 2271.4413146972656, 'inference_time': 0}
2024-10-13 06:18:23,619 Pruning 1536 in layer 22
2024-10-13 06:18:31,007 Gathering metrics
2024-10-13 06:20:46,724 {'acc1': 0.9471153846153846, 'acc5': 0.9913461538461539, 'loss': 55.668842911720276, 'macs': 809576271080, 'params': 594133480, 'model_size': 2266.4393615722656, 'inference_time': 0}
2024-10-13 06:20:46,758 Pruning 2048 in layer 22
2024-10-13 06:20:52,432 Gathering metrics
2024-10-13 06:23:08,055 {'acc1': 0.9471153846153846, 'acc5': 0.9903846153846154, 'loss': 55.398648262023926, 'macs': 807779883240, 'params': 592822248, 'model_size': 2261.4374084472656, 'inference_time': 0}
2024-10-13 06:23:08,089 Pruning 2560 in layer 22
2024-10-13 06:23:12,451 Gathering metrics
2024-10-13 06:25:27,780 {'acc1': 0.9461538461538461, 'acc5': 0.989423076923077, 'loss': 56.18937623500824, 'macs': 805983495400, 'params': 591511016, 'model_size': 2256.4354553222656, 'inference_time': 0}
2024-10-13 06:25:27,814 Pruning 3072 in layer 22
2024-10-13 06:25:31,132 Gathering metrics
2024-10-13 06:27:46,225 {'acc1': 0.9423076923076923, 'acc5': 0.989423076923077, 'loss': 56.36008569598198, 'macs': 804187107560, 'params': 590199784, 'model_size': 2251.4335021972656, 'inference_time': 0}
2024-10-13 06:27:46,259 Pruning 512 in layer 21
2024-10-13 06:27:58,170 Gathering metrics
2024-10-13 06:30:13,210 {'acc1': 0.9442307692307692, 'acc5': 0.9903846153846154, 'loss': 55.54129323363304, 'macs': 804187107560, 'params': 590199784, 'model_size': 2251.4335021972656, 'inference_time': 0}
2024-10-13 06:30:13,243 Pruning 1024 in layer 21
2024-10-13 06:30:22,787 Gathering metrics
2024-10-13 06:32:37,738 {'acc1': 0.9442307692307692, 'acc5': 0.9913461538461539, 'loss': 54.239512264728546, 'macs': 802390719720, 'params': 588888552, 'model_size': 2246.4315490722656, 'inference_time': 0}
2024-10-13 06:32:37,772 Pruning 1536 in layer 21
2024-10-13 06:32:45,171 Gathering metrics
2024-10-13 06:34:59,874 {'acc1': 0.9451923076923077, 'acc5': 0.9903846153846154, 'loss': 54.355700343847275, 'macs': 800594331880, 'params': 587577320, 'model_size': 2241.4295959472656, 'inference_time': 0}
2024-10-13 06:34:59,908 Pruning 2048 in layer 21
2024-10-13 06:35:05,566 Gathering metrics
2024-10-13 06:37:19,843 {'acc1': 0.9423076923076923, 'acc5': 0.9903846153846154, 'loss': 53.725876331329346, 'macs': 798797944040, 'params': 586266088, 'model_size': 2236.4276428222656, 'inference_time': 0}
2024-10-13 06:37:19,962 Pruning 512 in layer 20
2024-10-13 06:37:31,766 Gathering metrics
2024-10-13 06:39:46,190 {'acc1': 0.9461538461538461, 'acc5': 0.9913461538461539, 'loss': 53.30923584103584, 'macs': 798797944040, 'params': 586266088, 'model_size': 2236.4276428222656, 'inference_time': 0}
2024-10-13 06:39:46,224 Pruning 1024 in layer 20
2024-10-13 06:39:55,746 Gathering metrics
2024-10-13 06:42:10,011 {'acc1': 0.9471153846153846, 'acc5': 0.9913461538461539, 'loss': 51.87860772013664, 'macs': 797001556200, 'params': 584954856, 'model_size': 2231.4256896972656, 'inference_time': 0}
2024-10-13 06:42:10,045 Pruning 1536 in layer 20
2024-10-13 06:42:17,446 Gathering metrics
2024-10-13 06:44:31,490 {'acc1': 0.9461538461538461, 'acc5': 0.9903846153846154, 'loss': 50.377110838890076, 'macs': 795205168360, 'params': 583643624, 'model_size': 2226.4237365722656, 'inference_time': 0}
2024-10-13 06:44:31,524 Pruning 2048 in layer 20
2024-10-13 06:44:37,183 Gathering metrics
2024-10-13 06:46:50,874 {'acc1': 0.9471153846153846, 'acc5': 0.9903846153846154, 'loss': 50.89760085940361, 'macs': 793408780520, 'params': 582332392, 'model_size': 2221.4217834472656, 'inference_time': 0}
2024-10-13 06:46:50,908 Pruning 2560 in layer 20
2024-10-13 06:46:55,253 Gathering metrics
2024-10-13 06:49:08,925 {'acc1': 0.9461538461538461, 'acc5': 0.989423076923077, 'loss': 49.600792706012726, 'macs': 791612392680, 'params': 581021160, 'model_size': 2216.4198303222656, 'inference_time': 0}
2024-10-13 06:49:08,959 Pruning 3072 in layer 20
2024-10-13 06:49:12,278 Gathering metrics
2024-10-13 06:51:25,645 {'acc1': 0.948076923076923, 'acc5': 0.989423076923077, 'loss': 46.38755401968956, 'macs': 789816004840, 'params': 579709928, 'model_size': 2211.4178771972656, 'inference_time': 0}
2024-10-13 06:51:25,679 Pruning 3584 in layer 20
2024-10-13 06:51:28,089 Gathering metrics
2024-10-13 06:53:41,257 {'acc1': 0.948076923076923, 'acc5': 0.989423076923077, 'loss': 45.97747075557709, 'macs': 788019617000, 'params': 578398696, 'model_size': 2206.4159240722656, 'inference_time': 0}
2024-10-13 06:53:41,291 Pruning 4096 in layer 20
2024-10-13 06:53:43,075 Gathering metrics
2024-10-13 06:55:56,087 {'acc1': 0.9490384615384615, 'acc5': 0.989423076923077, 'loss': 44.90327435731888, 'macs': 786223229160, 'params': 577087464, 'model_size': 2201.4139709472656, 'inference_time': 0}
2024-10-13 06:55:56,122 Pruning 4608 in layer 20
2024-10-13 06:55:57,421 Gathering metrics
2024-10-13 06:58:10,283 {'acc1': 0.948076923076923, 'acc5': 0.989423076923077, 'loss': 44.40467131137848, 'macs': 784426841320, 'params': 575776232, 'model_size': 2196.4120178222656, 'inference_time': 0}
2024-10-13 06:58:10,318 Pruning 512 in layer 19
2024-10-13 06:58:22,239 Gathering metrics
2024-10-13 07:00:35,392 {'acc1': 0.948076923076923, 'acc5': 0.989423076923077, 'loss': 43.46273386478424, 'macs': 784426841320, 'params': 575776232, 'model_size': 2196.4120178222656, 'inference_time': 0}
2024-10-13 07:00:35,514 Pruning 1024 in layer 19
2024-10-13 07:00:45,011 Gathering metrics
2024-10-13 07:02:57,523 {'acc1': 0.9490384615384615, 'acc5': 0.9903846153846154, 'loss': 41.38157568871975, 'macs': 782630453480, 'params': 574465000, 'model_size': 2191.4100646972656, 'inference_time': 0}
2024-10-13 07:02:57,557 Pruning 1536 in layer 19
2024-10-13 07:03:04,947 Gathering metrics
2024-10-13 07:05:17,151 {'acc1': 0.9461538461538461, 'acc5': 0.9903846153846154, 'loss': 42.26921886205673, 'macs': 780834065640, 'params': 573153768, 'model_size': 2186.4081115722656, 'inference_time': 0}
2024-10-13 07:05:17,185 Pruning 2048 in layer 19
2024-10-13 07:05:22,859 Gathering metrics
2024-10-13 07:07:34,980 {'acc1': 0.9471153846153846, 'acc5': 0.9903846153846154, 'loss': 41.333800211548805, 'macs': 779037677800, 'params': 571842536, 'model_size': 2181.4061584472656, 'inference_time': 0}
2024-10-13 07:07:35,015 Pruning 2560 in layer 19
2024-10-13 07:07:39,358 Gathering metrics
2024-10-13 07:09:51,162 {'acc1': 0.9471153846153846, 'acc5': 0.989423076923077, 'loss': 40.38510325551033, 'macs': 777241289960, 'params': 570531304, 'model_size': 2176.4042053222656, 'inference_time': 0}
2024-10-13 07:09:51,196 Pruning 3072 in layer 19
2024-10-13 07:09:54,532 Gathering metrics
2024-10-13 07:12:06,177 {'acc1': 0.9490384615384615, 'acc5': 0.989423076923077, 'loss': 39.51505386829376, 'macs': 775444902120, 'params': 569220072, 'model_size': 2171.4022521972656, 'inference_time': 0}
2024-10-13 07:12:06,212 Pruning 3584 in layer 19
2024-10-13 07:12:08,619 Gathering metrics
2024-10-13 07:14:20,013 {'acc1': 0.9490384615384615, 'acc5': 0.9884615384615385, 'loss': 40.000505685806274, 'macs': 773648514280, 'params': 567908840, 'model_size': 2166.4002990722656, 'inference_time': 0}
2024-10-13 07:14:20,047 Pruning 4096 in layer 19
2024-10-13 07:14:21,813 Gathering metrics
2024-10-13 07:16:33,193 {'acc1': 0.948076923076923, 'acc5': 0.989423076923077, 'loss': 39.31044764816761, 'macs': 771852126440, 'params': 566597608, 'model_size': 2161.3983459472656, 'inference_time': 0}
2024-10-13 07:16:33,235 Pruning 4608 in layer 19
2024-10-13 07:16:34,514 Gathering metrics
2024-10-13 07:18:45,556 {'acc1': 0.9471153846153846, 'acc5': 0.989423076923077, 'loss': 39.50697121024132, 'macs': 770055738600, 'params': 565286376, 'model_size': 2156.3963928222656, 'inference_time': 0}
2024-10-13 07:18:45,590 Pruning 512 in layer 18
2024-10-13 07:18:57,492 Gathering metrics
2024-10-13 07:21:08,405 {'acc1': 0.9471153846153846, 'acc5': 0.989423076923077, 'loss': 37.224433690309525, 'macs': 770055738600, 'params': 565286376, 'model_size': 2156.3963928222656, 'inference_time': 0}
2024-10-13 07:21:08,438 Pruning 1024 in layer 18
2024-10-13 07:21:17,962 Gathering metrics
2024-10-13 07:23:28,703 {'acc1': 0.9471153846153846, 'acc5': 0.9884615384615385, 'loss': 37.71807485818863, 'macs': 768259350760, 'params': 563975144, 'model_size': 2151.3944396972656, 'inference_time': 0}
2024-10-13 07:23:28,825 Pruning 1536 in layer 18
2024-10-13 07:23:36,162 Gathering metrics
2024-10-13 07:25:46,584 {'acc1': 0.948076923076923, 'acc5': 0.9884615384615385, 'loss': 36.98169259727001, 'macs': 766462962920, 'params': 562663912, 'model_size': 2146.3924865722656, 'inference_time': 0}
2024-10-13 07:25:46,618 Pruning 2048 in layer 18
2024-10-13 07:25:52,264 Gathering metrics
2024-10-13 07:28:02,711 {'acc1': 0.95, 'acc5': 0.9875, 'loss': 36.83298198878765, 'macs': 764666575080, 'params': 561352680, 'model_size': 2141.3905334472656, 'inference_time': 0}
2024-10-13 07:28:02,745 Pruning 2560 in layer 18
2024-10-13 07:28:07,094 Gathering metrics
2024-10-13 07:30:17,158 {'acc1': 0.9490384615384615, 'acc5': 0.989423076923077, 'loss': 35.46628080308437, 'macs': 762870187240, 'params': 560041448, 'model_size': 2136.3885803222656, 'inference_time': 0}
2024-10-13 07:30:17,192 Pruning 3072 in layer 18
2024-10-13 07:30:20,501 Gathering metrics
2024-10-13 07:32:30,413 {'acc1': 0.948076923076923, 'acc5': 0.9903846153846154, 'loss': 34.919291973114014, 'macs': 761073799400, 'params': 558730216, 'model_size': 2131.3866271972656, 'inference_time': 0}
2024-10-13 07:32:30,447 Pruning 3584 in layer 18
2024-10-13 07:32:32,830 Gathering metrics
2024-10-13 07:34:42,697 {'acc1': 0.948076923076923, 'acc5': 0.9903846153846154, 'loss': 35.52920711040497, 'macs': 759277411560, 'params': 557418984, 'model_size': 2126.3846740722656, 'inference_time': 0}
2024-10-13 07:34:42,732 Pruning 4096 in layer 18
2024-10-13 07:34:44,488 Gathering metrics
2024-10-13 07:36:53,893 {'acc1': 0.95, 'acc5': 0.989423076923077, 'loss': 35.958008736371994, 'macs': 757481023720, 'params': 556107752, 'model_size': 2121.3827209472656, 'inference_time': 0}
2024-10-13 07:36:53,928 Pruning 4608 in layer 18
2024-10-13 07:36:55,245 Gathering metrics
2024-10-13 07:39:04,743 {'acc1': 0.9490384615384615, 'acc5': 0.9903846153846154, 'loss': 36.13947731256485, 'macs': 755684635880, 'params': 554796520, 'model_size': 2116.3807678222656, 'inference_time': 0}
2024-10-13 07:39:04,777 Pruning 512 in layer 17
2024-10-13 07:39:16,694 Gathering metrics
2024-10-13 07:41:25,842 {'acc1': 0.948076923076923, 'acc5': 0.989423076923077, 'loss': 33.276288226246834, 'macs': 755684635880, 'params': 554796520, 'model_size': 2116.3807678222656, 'inference_time': 0}
2024-10-13 07:41:25,876 Pruning 1024 in layer 17
2024-10-13 07:41:35,384 Gathering metrics
2024-10-13 07:43:44,403 {'acc1': 0.9471153846153846, 'acc5': 0.9913461538461539, 'loss': 32.75156910717487, 'macs': 753888248040, 'params': 553485288, 'model_size': 2111.3788146972656, 'inference_time': 0}
2024-10-13 07:43:44,437 Pruning 1536 in layer 17
2024-10-13 07:43:51,831 Gathering metrics
2024-10-13 07:46:00,720 {'acc1': 0.9461538461538461, 'acc5': 0.9913461538461539, 'loss': 32.3085847645998, 'macs': 752091860200, 'params': 552174056, 'model_size': 2106.3768615722656, 'inference_time': 0}
2024-10-13 07:46:00,840 Pruning 512 in layer 16
2024-10-13 07:46:12,696 Gathering metrics
2024-10-13 07:48:21,691 {'acc1': 0.9423076923076923, 'acc5': 0.9913461538461539, 'loss': 29.102831110358238, 'macs': 752091860200, 'params': 552174056, 'model_size': 2106.3768615722656, 'inference_time': 0}
2024-10-13 07:48:21,726 Pruning 512 in layer 15
2024-10-13 07:48:33,610 Gathering metrics
2024-10-13 07:50:42,465 {'acc1': 0.9442307692307692, 'acc5': 0.9903846153846154, 'loss': 30.98340141773224, 'macs': 752091860200, 'params': 552174056, 'model_size': 2106.3768615722656, 'inference_time': 0}
2024-10-13 07:50:42,500 Pruning 1024 in layer 15
2024-10-13 07:50:52,036 Gathering metrics
2024-10-13 07:53:00,721 {'acc1': 0.9451923076923077, 'acc5': 0.9923076923076923, 'loss': 29.64129689335823, 'macs': 750295472360, 'params': 550862824, 'model_size': 2101.3749084472656, 'inference_time': 0}
2024-10-13 07:53:00,755 Pruning 1536 in layer 15
2024-10-13 07:53:08,146 Gathering metrics
2024-10-13 07:55:16,541 {'acc1': 0.9384615384615385, 'acc5': 0.9923076923076923, 'loss': 29.21232856810093, 'macs': 748499084520, 'params': 549551592, 'model_size': 2096.3729553222656, 'inference_time': 0}
2024-10-13 07:55:16,575 Pruning 512 in layer 14
2024-10-13 07:55:28,506 Gathering metrics
2024-10-13 07:57:36,922 {'acc1': 0.9394230769230769, 'acc5': 0.9923076923076923, 'loss': 30.243445180356503, 'macs': 748499084520, 'params': 549551592, 'model_size': 2096.3729553222656, 'inference_time': 0}
2024-10-13 07:57:36,956 Pruning 512 in layer 13
2024-10-13 07:57:48,853 Gathering metrics
2024-10-13 07:59:57,118 {'acc1': 0.9394230769230769, 'acc5': 0.9932692307692308, 'loss': 31.0633727312088, 'macs': 748499084520, 'params': 549551592, 'model_size': 2096.3729553222656, 'inference_time': 0}
2024-10-13 07:59:57,152 Pruning 512 in layer 12
2024-10-13 08:00:09,067 Gathering metrics
2024-10-13 08:02:17,570 {'acc1': 0.9432692307692307, 'acc5': 0.9923076923076923, 'loss': 29.05698473006487, 'macs': 748499084520, 'params': 549551592, 'model_size': 2096.3729553222656, 'inference_time': 0}
2024-10-13 08:02:17,604 Pruning 1024 in layer 12
2024-10-13 08:02:27,144 Gathering metrics
2024-10-13 08:04:35,255 {'acc1': 0.9384615384615385, 'acc5': 0.9923076923076923, 'loss': 28.418690845370293, 'macs': 746702696680, 'params': 548240360, 'model_size': 2091.3710021972656, 'inference_time': 0}
2024-10-13 08:04:35,376 Pruning 512 in layer 11
2024-10-13 08:04:47,236 Gathering metrics
2024-10-13 08:06:55,321 {'acc1': 0.9365384615384615, 'acc5': 0.9923076923076923, 'loss': 30.410726733505726, 'macs': 746702696680, 'params': 548240360, 'model_size': 2091.3710021972656, 'inference_time': 0}
2024-10-13 08:06:55,355 Pruning 512 in layer 10
2024-10-13 08:07:07,240 Gathering metrics
2024-10-13 08:09:15,445 {'acc1': 0.9394230769230769, 'acc5': 0.9913461538461539, 'loss': 29.769602820277214, 'macs': 746702696680, 'params': 548240360, 'model_size': 2091.3710021972656, 'inference_time': 0}
2024-10-13 08:09:15,479 Pruning 512 in layer 9
2024-10-13 08:09:27,399 Gathering metrics
2024-10-13 08:11:35,611 {'acc1': 0.9403846153846154, 'acc5': 0.9923076923076923, 'loss': 29.54183828085661, 'macs': 746702696680, 'params': 548240360, 'model_size': 2091.3710021972656, 'inference_time': 0}
2024-10-13 08:11:35,645 Pruning 1024 in layer 9
2024-10-13 08:11:45,173 Gathering metrics
2024-10-13 08:13:53,085 {'acc1': 0.9394230769230769, 'acc5': 0.9923076923076923, 'loss': 30.183619998395443, 'macs': 744906308840, 'params': 546929128, 'model_size': 2086.3690490722656, 'inference_time': 0}
2024-10-13 08:13:53,119 Pruning 512 in layer 8
2024-10-13 08:14:05,016 Gathering metrics
2024-10-13 08:16:12,937 {'acc1': 0.9413461538461538, 'acc5': 0.9913461538461539, 'loss': 29.52318974584341, 'macs': 744906308840, 'params': 546929128, 'model_size': 2086.3690490722656, 'inference_time': 0}
2024-10-13 08:16:12,971 Pruning 1024 in layer 8
2024-10-13 08:16:22,492 Gathering metrics
2024-10-13 08:18:30,371 {'acc1': 0.9413461538461538, 'acc5': 0.9932692307692308, 'loss': 29.111010193824768, 'macs': 743109921000, 'params': 545617896, 'model_size': 2081.3670959472656, 'inference_time': 0}
2024-10-13 08:18:30,405 Pruning 1536 in layer 8
2024-10-13 08:18:37,784 Gathering metrics
2024-10-13 08:20:45,338 {'acc1': 0.9355769230769231, 'acc5': 0.9923076923076923, 'loss': 29.395104572176933, 'macs': 741313533160, 'params': 544306664, 'model_size': 2076.3651428222656, 'inference_time': 0}
2024-10-13 08:20:45,372 Pruning 512 in layer 7
2024-10-13 08:20:57,278 Gathering metrics
2024-10-13 08:23:04,796 {'acc1': 0.9413461538461538, 'acc5': 0.9913461538461539, 'loss': 29.769830234348774, 'macs': 741313533160, 'params': 544306664, 'model_size': 2076.3651428222656, 'inference_time': 0}
2024-10-13 08:23:04,830 Pruning 1024 in layer 7
2024-10-13 08:23:14,373 Gathering metrics
2024-10-13 08:25:21,660 {'acc1': 0.9384615384615385, 'acc5': 0.9923076923076923, 'loss': 29.727480798959732, 'macs': 739517145320, 'params': 542995432, 'model_size': 2071.3631896972656, 'inference_time': 0}
2024-10-13 08:25:21,783 Pruning 1536 in layer 7
2024-10-13 08:25:29,125 Gathering metrics
2024-10-13 08:27:36,292 {'acc1': 0.9355769230769231, 'acc5': 0.9913461538461539, 'loss': 30.261832043528557, 'macs': 737720757480, 'params': 541684200, 'model_size': 2066.3612365722656, 'inference_time': 0}
2024-10-13 08:27:36,326 Pruning 512 in layer 6
2024-10-13 08:27:48,182 Gathering metrics
2024-10-13 08:29:55,131 {'acc1': 0.9375, 'acc5': 0.9913461538461539, 'loss': 30.638703376054764, 'macs': 737720757480, 'params': 541684200, 'model_size': 2066.3612365722656, 'inference_time': 0}
2024-10-13 08:29:55,165 Pruning 1024 in layer 6
2024-10-13 08:30:04,704 Gathering metrics
2024-10-13 08:32:11,480 {'acc1': 0.9298076923076923, 'acc5': 0.9884615384615385, 'loss': 31.391565948724747, 'macs': 735924369640, 'params': 540372968, 'model_size': 2061.3592834472656, 'inference_time': 0}
2024-10-13 08:32:11,514 Pruning 512 in layer 5
2024-10-13 08:32:23,424 Gathering metrics
2024-10-13 08:34:30,209 {'acc1': 0.9326923076923077, 'acc5': 0.989423076923077, 'loss': 31.734183199703693, 'macs': 735924369640, 'params': 540372968, 'model_size': 2061.3592834472656, 'inference_time': 0}
2024-10-13 08:34:30,242 Pruning 512 in layer 4
2024-10-13 08:34:42,120 Gathering metrics
2024-10-13 08:36:48,807 {'acc1': 0.9346153846153846, 'acc5': 0.989423076923077, 'loss': 30.749518364667892, 'macs': 735924369640, 'params': 540372968, 'model_size': 2061.3592834472656, 'inference_time': 0}
2024-10-13 08:36:48,841 Pruning 1024 in layer 4
2024-10-13 08:36:58,363 Gathering metrics
2024-10-13 08:39:04,916 {'acc1': 0.9336538461538462, 'acc5': 0.9884615384615385, 'loss': 30.08837702125311, 'macs': 734127981800, 'params': 539061736, 'model_size': 2056.3573303222656, 'inference_time': 0}
2024-10-13 08:39:04,951 Pruning 512 in layer 3
2024-10-13 08:39:16,874 Gathering metrics
2024-10-13 08:41:23,447 {'acc1': 0.9355769230769231, 'acc5': 0.989423076923077, 'loss': 30.41557216644287, 'macs': 734127981800, 'params': 539061736, 'model_size': 2056.3573303222656, 'inference_time': 0}
2024-10-13 08:41:23,482 Pruning 1024 in layer 3
2024-10-13 08:41:33,019 Gathering metrics
2024-10-13 08:43:39,492 {'acc1': 0.9365384615384615, 'acc5': 0.9875, 'loss': 29.89259610325098, 'macs': 732331593960, 'params': 537750504, 'model_size': 2051.3553771972656, 'inference_time': 0}
2024-10-13 08:43:39,526 Pruning 1536 in layer 3
2024-10-13 08:43:46,932 Gathering metrics
2024-10-13 08:45:53,207 {'acc1': 0.8721153846153846, 'acc5': 0.9663461538461539, 'loss': 61.57150223851204, 'macs': 730535206120, 'params': 536439272, 'model_size': 2046.3534240722656, 'inference_time': 0}
2024-10-13 08:45:53,326 Pruning 512 in layer 2
2024-10-13 08:46:05,169 Gathering metrics
2024-10-13 08:48:11,342 {'acc1': 0.9278846153846154, 'acc5': 0.9884615384615385, 'loss': 29.95393391698599, 'macs': 730535206120, 'params': 536439272, 'model_size': 2046.3534240722656, 'inference_time': 0}
2024-10-13 08:48:11,376 Pruning 512 in layer 1
2024-10-13 08:48:23,277 Gathering metrics
2024-10-13 08:50:29,495 {'acc1': 0.9346153846153846, 'acc5': 0.9875, 'loss': 30.018970668315887, 'macs': 730535206120, 'params': 536439272, 'model_size': 2046.3534240722656, 'inference_time': 0}
2024-10-13 08:50:29,529 Pruning 1024 in layer 1
2024-10-13 08:50:39,075 Gathering metrics
2024-10-13 08:52:45,204 {'acc1': 0.9230769230769231, 'acc5': 0.9855769230769231, 'loss': 31.30689413100481, 'macs': 728738818280, 'params': 535128040, 'model_size': 2041.3514709472656, 'inference_time': 0}
2024-10-13 08:52:45,239 Pruning 512 in layer 0
2024-10-13 08:52:57,152 Gathering metrics
2024-10-13 08:55:03,132 {'acc1': 0.9317307692307693, 'acc5': 0.9884615384615385, 'loss': 30.19676074385643, 'macs': 728738818280, 'params': 535128040, 'model_size': 2041.3514709472656, 'inference_time': 0}
2024-10-13 08:55:03,166 Pruning 1024 in layer 0
2024-10-13 08:55:12,682 Gathering metrics
2024-10-13 08:57:18,274 {'acc1': 0.9298076923076923, 'acc5': 0.9875, 'loss': 30.410558730363846, 'macs': 726942430440, 'params': 533816808, 'model_size': 2036.3495178222656, 'inference_time': 0}
2024-10-13 08:57:18,291 Experiment finished
