2024-10-13 12:29:58,300 Starting experiment outputs/adaptive/vit_b_32/l2
2024-10-13 12:29:58,300 Loading the original model
2024-10-13 12:29:58,809 Gathering metrics of the original model
2024-10-13 12:30:17,997 {'acc1': 0.8004331683168316, 'acc5': 0.943069306930693, 'loss': 90.91504348814487, 'macs': 4367292136, 'params': 88224232, 'model_size': 336.5487365722656, 'inference_time': 0}
2024-10-13 12:30:18,010 Pruning 256 in layer 0
2024-10-13 12:30:18,026 Gathering metrics
2024-10-13 12:30:37,137 {'acc1': 0.687190594059406, 'acc5': 0.8842821782178217, 'loss': 156.05383950471878, 'macs': 4347618536, 'params': 87830760, 'model_size': 335.0477600097656, 'inference_time': 0}
2024-10-13 12:30:37,230 Pruning 256 in layer 1
2024-10-13 12:30:37,231 Gathering metrics
2024-10-13 12:30:56,370 {'acc1': 0.5748762376237624, 'acc5': 0.7357673267326733, 'loss': 241.14304760098457, 'macs': 4347618536, 'params': 87830760, 'model_size': 335.0477600097656, 'inference_time': 0}
2024-10-13 12:30:56,384 Pruning 256 in layer 2
2024-10-13 12:30:56,385 Gathering metrics
2024-10-13 12:31:15,615 {'acc1': 0.7951732673267327, 'acc5': 0.9402846534653465, 'loss': 92.61051811277866, 'macs': 4347618536, 'params': 87830760, 'model_size': 335.0477600097656, 'inference_time': 0}
2024-10-13 12:31:15,631 Pruning 512 in layer 2
2024-10-13 12:31:15,632 Gathering metrics
2024-10-13 12:31:34,700 {'acc1': 0.7896039603960396, 'acc5': 0.9328589108910891, 'loss': 96.08329270780087, 'macs': 4327944936, 'params': 87437288, 'model_size': 333.5467834472656, 'inference_time': 0}
2024-10-13 12:31:34,713 Pruning 256 in layer 3
2024-10-13 12:31:34,714 Gathering metrics
2024-10-13 12:31:53,730 {'acc1': 0.7793935643564357, 'acc5': 0.9316212871287128, 'loss': 97.42714440822601, 'macs': 4327944936, 'params': 87437288, 'model_size': 333.5467834472656, 'inference_time': 0}
2024-10-13 12:31:53,743 Pruning 256 in layer 4
2024-10-13 12:31:53,743 Gathering metrics
2024-10-13 12:32:12,651 {'acc1': 0.7954826732673267, 'acc5': 0.9375, 'loss': 93.2532182186842, 'macs': 4327944936, 'params': 87437288, 'model_size': 333.5467834472656, 'inference_time': 0}
2024-10-13 12:32:12,664 Pruning 512 in layer 4
2024-10-13 12:32:12,665 Gathering metrics
2024-10-13 12:32:31,814 {'acc1': 0.7902227722772277, 'acc5': 0.9359529702970297, 'loss': 95.50033430755138, 'macs': 4308271336, 'params': 87043816, 'model_size': 332.0458068847656, 'inference_time': 0}
2024-10-13 12:32:31,827 Pruning 768 in layer 4
2024-10-13 12:32:31,827 Gathering metrics
2024-10-13 12:32:50,876 {'acc1': 0.7803217821782178, 'acc5': 0.9288366336633663, 'loss': 99.92247281968594, 'macs': 4288597736, 'params': 86650344, 'model_size': 330.5448303222656, 'inference_time': 0}
2024-10-13 12:32:50,889 Pruning 256 in layer 5
2024-10-13 12:32:50,890 Gathering metrics
2024-10-13 12:33:09,935 {'acc1': 0.7858910891089109, 'acc5': 0.9313118811881188, 'loss': 97.87868431210518, 'macs': 4288597736, 'params': 86650344, 'model_size': 330.5448303222656, 'inference_time': 0}
2024-10-13 12:33:09,948 Pruning 512 in layer 5
2024-10-13 12:33:09,949 Gathering metrics
2024-10-13 12:33:28,834 {'acc1': 0.7831064356435643, 'acc5': 0.9275990099009901, 'loss': 99.8228837698698, 'macs': 4268924136, 'params': 86256872, 'model_size': 329.0438537597656, 'inference_time': 0}
2024-10-13 12:33:28,848 Pruning 256 in layer 6
2024-10-13 12:33:28,848 Gathering metrics
2024-10-13 12:33:47,874 {'acc1': 0.7837252475247525, 'acc5': 0.9279084158415841, 'loss': 99.46754923462868, 'macs': 4268924136, 'params': 86256872, 'model_size': 329.0438537597656, 'inference_time': 0}
2024-10-13 12:33:47,891 Pruning 512 in layer 6
2024-10-13 12:33:47,892 Gathering metrics
2024-10-13 12:34:06,736 {'acc1': 0.7827970297029703, 'acc5': 0.9263613861386139, 'loss': 100.39546775817871, 'macs': 4249250536, 'params': 85863400, 'model_size': 327.5428771972656, 'inference_time': 0}
2024-10-13 12:34:06,749 Pruning 768 in layer 6
2024-10-13 12:34:06,750 Gathering metrics
2024-10-13 12:34:25,884 {'acc1': 0.7766089108910891, 'acc5': 0.9238861386138614, 'loss': 101.70422765612602, 'macs': 4229576936, 'params': 85469928, 'model_size': 326.0419006347656, 'inference_time': 0}
2024-10-13 12:34:25,897 Pruning 256 in layer 7
2024-10-13 12:34:25,898 Gathering metrics
2024-10-13 12:34:44,869 {'acc1': 0.7747524752475248, 'acc5': 0.9235767326732673, 'loss': 103.02834078669548, 'macs': 4229576936, 'params': 85469928, 'model_size': 326.0419006347656, 'inference_time': 0}
2024-10-13 12:34:44,882 Pruning 256 in layer 8
2024-10-13 12:34:44,883 Gathering metrics
2024-10-13 12:35:03,899 {'acc1': 0.7766089108910891, 'acc5': 0.9257425742574258, 'loss': 102.13274869322777, 'macs': 4229576936, 'params': 85469928, 'model_size': 326.0419006347656, 'inference_time': 0}
2024-10-13 12:35:03,912 Pruning 512 in layer 8
2024-10-13 12:35:03,913 Gathering metrics
2024-10-13 12:35:22,744 {'acc1': 0.7750618811881188, 'acc5': 0.9229579207920792, 'loss': 104.54664015769958, 'macs': 4209903336, 'params': 85076456, 'model_size': 324.5409240722656, 'inference_time': 0}
2024-10-13 12:35:22,757 Pruning 256 in layer 9
2024-10-13 12:35:22,758 Gathering metrics
2024-10-13 12:35:42,081 {'acc1': 0.7769183168316832, 'acc5': 0.9248143564356436, 'loss': 102.88467349112034, 'macs': 4209903336, 'params': 85076456, 'model_size': 324.5409240722656, 'inference_time': 0}
2024-10-13 12:35:42,094 Pruning 512 in layer 9
2024-10-13 12:35:42,095 Gathering metrics
2024-10-13 12:36:01,173 {'acc1': 0.7722772277227723, 'acc5': 0.9260519801980198, 'loss': 103.69765149056911, 'macs': 4190229736, 'params': 84682984, 'model_size': 323.0399475097656, 'inference_time': 0}
2024-10-13 12:36:01,187 Pruning 768 in layer 9
2024-10-13 12:36:01,188 Gathering metrics
2024-10-13 12:36:20,027 {'acc1': 0.7639232673267327, 'acc5': 0.9257425742574258, 'loss': 105.04572759568691, 'macs': 4170556136, 'params': 84289512, 'model_size': 321.5389709472656, 'inference_time': 0}
2024-10-13 12:36:20,040 Pruning 256 in layer 10
2024-10-13 12:36:20,041 Gathering metrics
2024-10-13 12:36:39,329 {'acc1': 0.7633044554455446, 'acc5': 0.9192450495049505, 'loss': 123.51928693056107, 'macs': 4170556136, 'params': 84289512, 'model_size': 321.5389709472656, 'inference_time': 0}
2024-10-13 12:36:39,342 Pruning 256 in layer 11
2024-10-13 12:36:39,343 Gathering metrics
2024-10-13 12:36:58,171 {'acc1': 0.7629950495049505, 'acc5': 0.9204826732673267, 'loss': 118.54191263765097, 'macs': 4170556136, 'params': 84289512, 'model_size': 321.5389709472656, 'inference_time': 0}
2024-10-13 12:36:58,182 Experiment finished
